[0.047s] Invoking command in '/home/wang/rmf_ws/build/rmf_lift_msgs': CMAKE_PREFIX_PATH=/opt/ros/humble /home/wang/.local/bin/cmake /home/wang/rmf_ws/src/rmf/rmf_internal_msgs/rmf_lift_msgs -DCMAKE_EXE_LINKER_FLAGS=-fuse-ld=lld -DCMAKE_MODULE_LINKER_FLAGS=-fuse-ld=lld -DCMAKE_SHARED_LINKER_FLAGS=-fuse-ld=lld -DCMAKE_BUILD_TYPE=Release -DCMAKE_INSTALL_PREFIX=/home/wang/rmf_ws/install/rmf_lift_msgs
[0.766s] -- The C compiler identification is Clang 14.0.0
[1.031s] -- The CXX compiler identification is Clang 14.0.0
[1.062s] -- Detecting C compiler ABI info
[1.191s] -- Detecting C compiler ABI info - done
[1.203s] -- Check for working C compiler: /usr/bin/clang - skipped
[1.204s] -- Detecting C compile features
[1.204s] -- Detecting C compile features - done
[1.208s] -- Detecting CXX compiler ABI info
[1.360s] -- Detecting CXX compiler ABI info - done
[1.372s] -- Check for working CXX compiler: /usr/bin/clang++ - skipped
[1.372s] -- Detecting CXX compile features
[1.373s] -- Detecting CXX compile features - done
[1.376s] -- Found ament_cmake: 1.3.5 (/opt/ros/humble/share/ament_cmake/cmake)
[1.933s] -- Found Python3: /usr/bin/python3.10 (found version "3.10.6") found components: Interpreter 
[2.061s] -- Found builtin_interfaces: 1.2.1 (/opt/ros/humble/share/builtin_interfaces/cmake)
[2.110s] -- Found rosidl_generator_c: 3.1.4 (/opt/ros/humble/share/rosidl_generator_c/cmake)
[2.117s] -- Found rosidl_adapter: 3.1.4 (/opt/ros/humble/share/rosidl_adapter/cmake)
[2.131s] -- Found rosidl_generator_cpp: 3.1.4 (/opt/ros/humble/share/rosidl_generator_cpp/cmake)
[2.155s] -- Using all available rosidl_typesupport_c: rosidl_typesupport_fastrtps_c;rosidl_typesupport_introspection_c
[2.187s] -- Using all available rosidl_typesupport_cpp: rosidl_typesupport_fastrtps_cpp;rosidl_typesupport_introspection_cpp
[2.211s] -- Found rosidl_default_generators: 1.2.0 (/opt/ros/humble/share/rosidl_default_generators/cmake)
[2.507s] -- Found ament_cmake_cppcheck: 0.12.6 (/opt/ros/humble/share/ament_cmake_cppcheck/cmake)
[2.510s] -- Found ament_cmake_cpplint: 0.12.6 (/opt/ros/humble/share/ament_cmake_cpplint/cmake)
[2.513s] -- Found ament_cmake_uncrustify: 0.12.6 (/opt/ros/humble/share/ament_cmake_uncrustify/cmake)
[2.516s] -- Found ament_cmake_ros: 0.10.0 (/opt/ros/humble/share/ament_cmake_ros/cmake)
[2.716s] -- Using all available rosidl_typesupport_c: rosidl_typesupport_fastrtps_c;rosidl_typesupport_introspection_c
[2.793s] -- Using all available rosidl_typesupport_cpp: rosidl_typesupport_fastrtps_cpp;rosidl_typesupport_introspection_cpp
[2.818s] -- Found PythonInterp: /usr/bin/python3 (found suitable version "3.10.6", minimum required is "3.6") 
[2.820s] -- Found python_cmake_module: 0.10.0 (/opt/ros/humble/share/python_cmake_module/cmake)
[2.856s] -- Found PythonLibs: /usr/lib/x86_64-linux-gnu/libpython3.10.so (found suitable version "3.10.6", minimum required is "3.5") 
[2.856s] -- Using PYTHON_EXECUTABLE: /usr/bin/python3
[2.856s] -- Using PYTHON_INCLUDE_DIRS: /usr/include/python3.10
[2.856s] -- Using PYTHON_LIBRARIES: /usr/lib/x86_64-linux-gnu/libpython3.10.so
[2.884s] -- Found PythonExtra: .so  
[2.955s] -- Found ament_cmake_flake8: 0.12.6 (/opt/ros/humble/share/ament_cmake_flake8/cmake)
[2.956s] -- Found ament_cmake_pep257: 0.12.6 (/opt/ros/humble/share/ament_cmake_pep257/cmake)
[2.960s] -- Configuring done (2.9s)
[3.014s] -- Generating done (0.0s)
[3.019s] -- Build files have been written to: /home/wang/rmf_ws/build/rmf_lift_msgs
[3.077s] Invoked command in '/home/wang/rmf_ws/build/rmf_lift_msgs' returned '0': CMAKE_PREFIX_PATH=/opt/ros/humble /home/wang/.local/bin/cmake /home/wang/rmf_ws/src/rmf/rmf_internal_msgs/rmf_lift_msgs -DCMAKE_EXE_LINKER_FLAGS=-fuse-ld=lld -DCMAKE_MODULE_LINKER_FLAGS=-fuse-ld=lld -DCMAKE_SHARED_LINKER_FLAGS=-fuse-ld=lld -DCMAKE_BUILD_TYPE=Release -DCMAKE_INSTALL_PREFIX=/home/wang/rmf_ws/install/rmf_lift_msgs
[3.078s] Invoking command in '/home/wang/rmf_ws/build/rmf_lift_msgs': CMAKE_PREFIX_PATH=/opt/ros/humble /home/wang/.local/bin/cmake --build /home/wang/rmf_ws/build/rmf_lift_msgs -- -j16 -l16
[3.219s] [  2%] [34m[1mGenerating C code for ROS interfaces[0m
[3.301s] [  5%] [34m[1mGenerating C++ code for ROS interfaces[0m
[3.367s] [  5%] Built target ament_cmake_python_copy_rmf_lift_msgs
[4.069s] running egg_info
[4.070s] creating rmf_lift_msgs.egg-info
[4.073s] writing rmf_lift_msgs.egg-info/PKG-INFO
[4.074s] writing dependency_links to rmf_lift_msgs.egg-info/dependency_links.txt
[4.074s] writing top-level names to rmf_lift_msgs.egg-info/top_level.txt
[4.074s] writing manifest file 'rmf_lift_msgs.egg-info/SOURCES.txt'
[4.079s] reading manifest file 'rmf_lift_msgs.egg-info/SOURCES.txt'
[4.100s] writing manifest file 'rmf_lift_msgs.egg-info/SOURCES.txt'
[4.246s] [  5%] Built target ament_cmake_python_build_rmf_lift_msgs_egg
[4.585s] [  5%] Built target rmf_lift_msgs__cpp
[4.618s] [  7%] [34m[1mGenerating C++ type support for eProsima Fast-RTPS[0m
[4.638s] [ 10%] [34m[1mGenerating C++ type support dispatch for ROS interfaces[0m
[4.674s] [ 12%] [34m[1mGenerating C++ introspection for ROS interfaces[0m
[4.965s] [ 15%] [32mBuilding C object CMakeFiles/rmf_lift_msgs__rosidl_generator_c.dir/rosidl_generator_c/rmf_lift_msgs/msg/detail/lift_state__functions.c.o[0m
[4.978s] [ 17%] [32mBuilding C object CMakeFiles/rmf_lift_msgs__rosidl_generator_c.dir/rosidl_generator_c/rmf_lift_msgs/msg/detail/lift_request__functions.c.o[0m
[5.546s] [ 20%] [32m[1mLinking C shared library librmf_lift_msgs__rosidl_generator_c.so[0m
[5.816s] [ 20%] Built target rmf_lift_msgs__rosidl_generator_c
[5.882s] [ 23%] [34m[1mGenerating C type support for eProsima Fast-RTPS[0m
[5.902s] [ 25%] [34m[1mGenerating C type support dispatch for ROS interfaces[0m
[5.908s] [ 28%] [34m[1mGenerating C introspection for ROS interfaces[0m
[6.341s] [ 30%] [32mBuilding CXX object CMakeFiles/rmf_lift_msgs__rosidl_typesupport_fastrtps_cpp.dir/rosidl_typesupport_fastrtps_cpp/rmf_lift_msgs/msg/detail/dds_fastrtps/lift_state__type_support.cpp.o[0m
[6.379s] [ 33%] [32mBuilding CXX object CMakeFiles/rmf_lift_msgs__rosidl_typesupport_fastrtps_cpp.dir/rosidl_typesupport_fastrtps_cpp/rmf_lift_msgs/msg/detail/dds_fastrtps/lift_request__type_support.cpp.o[0m
[7.051s] [ 35%] [32mBuilding CXX object CMakeFiles/rmf_lift_msgs__rosidl_typesupport_cpp.dir/rosidl_typesupport_cpp/rmf_lift_msgs/msg/lift_state__type_support.cpp.o[0m
[7.105s] [ 38%] [32mBuilding CXX object CMakeFiles/rmf_lift_msgs__rosidl_typesupport_cpp.dir/rosidl_typesupport_cpp/rmf_lift_msgs/msg/lift_request__type_support.cpp.o[0m
[7.322s] [ 41%] [32mBuilding CXX object CMakeFiles/rmf_lift_msgs__rosidl_typesupport_introspection_cpp.dir/rosidl_typesupport_introspection_cpp/rmf_lift_msgs/msg/detail/lift_state__type_support.cpp.o[0m
[7.343s] [ 43%] [32mBuilding CXX object CMakeFiles/rmf_lift_msgs__rosidl_typesupport_introspection_cpp.dir/rosidl_typesupport_introspection_cpp/rmf_lift_msgs/msg/detail/lift_request__type_support.cpp.o[0m
[8.173s] [ 46%] [32mBuilding C object CMakeFiles/rmf_lift_msgs__rosidl_typesupport_introspection_c.dir/rosidl_typesupport_introspection_c/rmf_lift_msgs/msg/detail/lift_request__type_support.c.o[0m
[8.193s] [ 48%] [32mBuilding C object CMakeFiles/rmf_lift_msgs__rosidl_typesupport_introspection_c.dir/rosidl_typesupport_introspection_c/rmf_lift_msgs/msg/detail/lift_state__type_support.c.o[0m
[8.213s] [ 51%] [32mBuilding CXX object CMakeFiles/rmf_lift_msgs__rosidl_typesupport_c.dir/rosidl_typesupport_c/rmf_lift_msgs/msg/lift_request__type_support.cpp.o[0m
[8.213s] [ 53%] [32mBuilding CXX object CMakeFiles/rmf_lift_msgs__rosidl_typesupport_c.dir/rosidl_typesupport_c/rmf_lift_msgs/msg/lift_state__type_support.cpp.o[0m
[8.523s] [ 56%] [32mBuilding CXX object CMakeFiles/rmf_lift_msgs__rosidl_typesupport_fastrtps_c.dir/rosidl_typesupport_fastrtps_c/rmf_lift_msgs/msg/detail/lift_state__type_support_c.cpp.o[0m
[8.523s] [ 58%] [32m[1mLinking CXX shared library librmf_lift_msgs__rosidl_typesupport_c.so[0m
[8.543s] [ 61%] [32mBuilding CXX object CMakeFiles/rmf_lift_msgs__rosidl_typesupport_fastrtps_c.dir/rosidl_typesupport_fastrtps_c/rmf_lift_msgs/msg/detail/lift_request__type_support_c.cpp.o[0m
[8.554s] [ 64%] [32m[1mLinking C shared library librmf_lift_msgs__rosidl_typesupport_introspection_c.so[0m
[8.935s] [ 64%] Built target rmf_lift_msgs__rosidl_typesupport_introspection_c
[8.975s] [ 64%] Built target rmf_lift_msgs__rosidl_typesupport_c
[9.630s] [ 66%] [32m[1mLinking CXX shared library librmf_lift_msgs__rosidl_typesupport_cpp.so[0m
[10.108s] [ 66%] Built target rmf_lift_msgs__rosidl_typesupport_cpp
[11.041s] [ 69%] [32m[1mLinking CXX shared library librmf_lift_msgs__rosidl_typesupport_introspection_cpp.so[0m
[11.511s] [ 69%] Built target rmf_lift_msgs__rosidl_typesupport_introspection_cpp
[11.524s] [ 71%] [32m[1mLinking CXX shared library librmf_lift_msgs__rosidl_typesupport_fastrtps_cpp.so[0m
[11.846s] [ 71%] Built target rmf_lift_msgs__rosidl_typesupport_fastrtps_cpp
[13.165s] [ 74%] [32m[1mLinking CXX shared library librmf_lift_msgs__rosidl_typesupport_fastrtps_c.so[0m
[13.404s] [ 74%] Built target rmf_lift_msgs__rosidl_typesupport_fastrtps_c
[13.558s] [ 74%] Built target rmf_lift_msgs
[13.691s] [ 76%] [34m[1mGenerating Python code for ROS interfaces[0m
[17.609s] [ 76%] Built target rmf_lift_msgs__py
[17.670s] [ 79%] [32mBuilding C object CMakeFiles/rmf_lift_msgs__rosidl_generator_py.dir/rosidl_generator_py/rmf_lift_msgs/msg/_lift_state_s.c.o[0m
[18.281s] [ 82%] [32mBuilding C object CMakeFiles/rmf_lift_msgs__rosidl_generator_py.dir/rosidl_generator_py/rmf_lift_msgs/msg/_lift_request_s.c.o[0m
[18.810s] [ 84%] [32m[1mLinking C shared library rosidl_generator_py/rmf_lift_msgs/librmf_lift_msgs__rosidl_generator_py.so[0m
[18.953s] [ 84%] Built target rmf_lift_msgs__rosidl_generator_py
[19.017s] [ 87%] [32mBuilding C object CMakeFiles/rmf_lift_msgs__rosidl_typesupport_fastrtps_c__pyext.dir/rosidl_generator_py/rmf_lift_msgs/_rmf_lift_msgs_s.ep.rosidl_typesupport_fastrtps_c.c.o[0m
[19.426s] [ 89%] [32m[1mLinking C shared library rosidl_generator_py/rmf_lift_msgs/rmf_lift_msgs_s__rosidl_typesupport_fastrtps_c.cpython-310-x86_64-linux-gnu.so[0m
[19.623s] [ 89%] Built target rmf_lift_msgs__rosidl_typesupport_fastrtps_c__pyext
[19.746s] [ 92%] [32mBuilding C object CMakeFiles/rmf_lift_msgs__rosidl_typesupport_c__pyext.dir/rosidl_generator_py/rmf_lift_msgs/_rmf_lift_msgs_s.ep.rosidl_typesupport_c.c.o[0m
[20.022s] [ 94%] [32m[1mLinking C shared library rosidl_generator_py/rmf_lift_msgs/rmf_lift_msgs_s__rosidl_typesupport_c.cpython-310-x86_64-linux-gnu.so[0m
[20.173s] [ 94%] Built target rmf_lift_msgs__rosidl_typesupport_c__pyext
[20.274s] [ 97%] [32mBuilding C object CMakeFiles/rmf_lift_msgs__rosidl_typesupport_introspection_c__pyext.dir/rosidl_generator_py/rmf_lift_msgs/_rmf_lift_msgs_s.ep.rosidl_typesupport_introspection_c.c.o[0m
[20.661s] [100%] [32m[1mLinking C shared library rosidl_generator_py/rmf_lift_msgs/rmf_lift_msgs_s__rosidl_typesupport_introspection_c.cpython-310-x86_64-linux-gnu.so[0m
[20.766s] [100%] Built target rmf_lift_msgs__rosidl_typesupport_introspection_c__pyext
[20.818s] Invoked command in '/home/wang/rmf_ws/build/rmf_lift_msgs' returned '0': CMAKE_PREFIX_PATH=/opt/ros/humble /home/wang/.local/bin/cmake --build /home/wang/rmf_ws/build/rmf_lift_msgs -- -j16 -l16
[21.214s] Invoking command in '/home/wang/rmf_ws/build/rmf_lift_msgs': CMAKE_PREFIX_PATH=/opt/ros/humble /home/wang/.local/bin/cmake --install /home/wang/rmf_ws/build/rmf_lift_msgs
[23.691s] -- Install configuration: "Release"
[23.696s] -- Installing: /home/wang/rmf_ws/install/rmf_lift_msgs/share/ament_index/resource_index/rosidl_interfaces/rmf_lift_msgs
[23.697s] -- Installing: /home/wang/rmf_ws/install/rmf_lift_msgs/include/rmf_lift_msgs/rmf_lift_msgs
[23.697s] -- Installing: /home/wang/rmf_ws/install/rmf_lift_msgs/include/rmf_lift_msgs/rmf_lift_msgs/msg
[23.697s] -- Installing: /home/wang/rmf_ws/install/rmf_lift_msgs/include/rmf_lift_msgs/rmf_lift_msgs/msg/detail
[23.697s] -- Installing: /home/wang/rmf_ws/install/rmf_lift_msgs/include/rmf_lift_msgs/rmf_lift_msgs/msg/detail/lift_request__functions.c
[23.698s] -- Installing: /home/wang/rmf_ws/install/rmf_lift_msgs/include/rmf_lift_msgs/rmf_lift_msgs/msg/detail/lift_state__functions.c
[23.698s] -- Installing: /home/wang/rmf_ws/install/rmf_lift_msgs/include/rmf_lift_msgs/rmf_lift_msgs/msg/detail/lift_state__type_support.h
[23.698s] -- Installing: /home/wang/rmf_ws/install/rmf_lift_msgs/include/rmf_lift_msgs/rmf_lift_msgs/msg/detail/lift_state__functions.h
[23.698s] -- Installing: /home/wang/rmf_ws/install/rmf_lift_msgs/include/rmf_lift_msgs/rmf_lift_msgs/msg/detail/lift_request__type_support.h
[23.698s] -- Installing: /home/wang/rmf_ws/install/rmf_lift_msgs/include/rmf_lift_msgs/rmf_lift_msgs/msg/detail/lift_request__struct.h
[23.699s] -- Installing: /home/wang/rmf_ws/install/rmf_lift_msgs/include/rmf_lift_msgs/rmf_lift_msgs/msg/detail/lift_state__struct.h
[23.699s] -- Installing: /home/wang/rmf_ws/install/rmf_lift_msgs/include/rmf_lift_msgs/rmf_lift_msgs/msg/detail/lift_request__functions.h
[23.699s] -- Installing: /home/wang/rmf_ws/install/rmf_lift_msgs/include/rmf_lift_msgs/rmf_lift_msgs/msg/rosidl_generator_c__visibility_control.h
[23.699s] -- Installing: /home/wang/rmf_ws/install/rmf_lift_msgs/include/rmf_lift_msgs/rmf_lift_msgs/msg/lift_state.h
[23.700s] -- Installing: /home/wang/rmf_ws/install/rmf_lift_msgs/include/rmf_lift_msgs/rmf_lift_msgs/msg/lift_request.h
[23.700s] -- Installing: /home/wang/rmf_ws/install/rmf_lift_msgs/share/rmf_lift_msgs/environment/library_path.sh
[23.700s] -- Installing: /home/wang/rmf_ws/install/rmf_lift_msgs/share/rmf_lift_msgs/environment/library_path.dsv
[23.701s] -- Installing: /home/wang/rmf_ws/install/rmf_lift_msgs/lib/librmf_lift_msgs__rosidl_generator_c.so
[23.701s] -- Set runtime path of "/home/wang/rmf_ws/install/rmf_lift_msgs/lib/librmf_lift_msgs__rosidl_generator_c.so" to ""
[23.701s] -- Up-to-date: /home/wang/rmf_ws/install/rmf_lift_msgs/include/rmf_lift_msgs/rmf_lift_msgs
[23.701s] -- Up-to-date: /home/wang/rmf_ws/install/rmf_lift_msgs/include/rmf_lift_msgs/rmf_lift_msgs/msg
[23.701s] -- Up-to-date: /home/wang/rmf_ws/install/rmf_lift_msgs/include/rmf_lift_msgs/rmf_lift_msgs/msg/detail
[23.702s] -- Installing: /home/wang/rmf_ws/install/rmf_lift_msgs/include/rmf_lift_msgs/rmf_lift_msgs/msg/detail/lift_state__rosidl_typesupport_fastrtps_c.h
[23.702s] -- Installing: /home/wang/rmf_ws/install/rmf_lift_msgs/include/rmf_lift_msgs/rmf_lift_msgs/msg/detail/lift_request__rosidl_typesupport_fastrtps_c.h
[23.702s] -- Installing: /home/wang/rmf_ws/install/rmf_lift_msgs/include/rmf_lift_msgs/rmf_lift_msgs/msg/rosidl_typesupport_fastrtps_c__visibility_control.h
[23.702s] -- Installing: /home/wang/rmf_ws/install/rmf_lift_msgs/lib/librmf_lift_msgs__rosidl_typesupport_fastrtps_c.so
[23.702s] -- Set runtime path of "/home/wang/rmf_ws/install/rmf_lift_msgs/lib/librmf_lift_msgs__rosidl_typesupport_fastrtps_c.so" to ""
[23.702s] -- Up-to-date: /home/wang/rmf_ws/install/rmf_lift_msgs/include/rmf_lift_msgs/rmf_lift_msgs
[23.703s] -- Up-to-date: /home/wang/rmf_ws/install/rmf_lift_msgs/include/rmf_lift_msgs/rmf_lift_msgs/msg
[23.703s] -- Up-to-date: /home/wang/rmf_ws/install/rmf_lift_msgs/include/rmf_lift_msgs/rmf_lift_msgs/msg/detail
[23.703s] -- Installing: /home/wang/rmf_ws/install/rmf_lift_msgs/include/rmf_lift_msgs/rmf_lift_msgs/msg/detail/lift_state__struct.hpp
[23.703s] -- Installing: /home/wang/rmf_ws/install/rmf_lift_msgs/include/rmf_lift_msgs/rmf_lift_msgs/msg/detail/lift_request__builder.hpp
[23.703s] -- Installing: /home/wang/rmf_ws/install/rmf_lift_msgs/include/rmf_lift_msgs/rmf_lift_msgs/msg/detail/lift_request__traits.hpp
[23.704s] -- Installing: /home/wang/rmf_ws/install/rmf_lift_msgs/include/rmf_lift_msgs/rmf_lift_msgs/msg/detail/lift_state__builder.hpp
[23.704s] -- Installing: /home/wang/rmf_ws/install/rmf_lift_msgs/include/rmf_lift_msgs/rmf_lift_msgs/msg/detail/lift_state__traits.hpp
[23.704s] -- Installing: /home/wang/rmf_ws/install/rmf_lift_msgs/include/rmf_lift_msgs/rmf_lift_msgs/msg/detail/lift_request__struct.hpp
[23.704s] -- Installing: /home/wang/rmf_ws/install/rmf_lift_msgs/include/rmf_lift_msgs/rmf_lift_msgs/msg/lift_state.hpp
[23.704s] -- Installing: /home/wang/rmf_ws/install/rmf_lift_msgs/include/rmf_lift_msgs/rmf_lift_msgs/msg/lift_request.hpp
[23.704s] -- Up-to-date: /home/wang/rmf_ws/install/rmf_lift_msgs/include/rmf_lift_msgs/rmf_lift_msgs
[23.705s] -- Up-to-date: /home/wang/rmf_ws/install/rmf_lift_msgs/include/rmf_lift_msgs/rmf_lift_msgs/msg
[23.708s] -- Up-to-date: /home/wang/rmf_ws/install/rmf_lift_msgs/include/rmf_lift_msgs/rmf_lift_msgs/msg/detail
[23.709s] -- Installing: /home/wang/rmf_ws/install/rmf_lift_msgs/include/rmf_lift_msgs/rmf_lift_msgs/msg/detail/lift_state__rosidl_typesupport_fastrtps_cpp.hpp
[23.709s] -- Installing: /home/wang/rmf_ws/install/rmf_lift_msgs/include/rmf_lift_msgs/rmf_lift_msgs/msg/detail/dds_fastrtps
[23.710s] -- Installing: /home/wang/rmf_ws/install/rmf_lift_msgs/include/rmf_lift_msgs/rmf_lift_msgs/msg/detail/lift_request__rosidl_typesupport_fastrtps_cpp.hpp
[23.710s] -- Installing: /home/wang/rmf_ws/install/rmf_lift_msgs/include/rmf_lift_msgs/rmf_lift_msgs/msg/rosidl_typesupport_fastrtps_cpp__visibility_control.h
[23.710s] -- Installing: /home/wang/rmf_ws/install/rmf_lift_msgs/lib/librmf_lift_msgs__rosidl_typesupport_fastrtps_cpp.so
[23.711s] -- Set runtime path of "/home/wang/rmf_ws/install/rmf_lift_msgs/lib/librmf_lift_msgs__rosidl_typesupport_fastrtps_cpp.so" to ""
[23.711s] -- Up-to-date: /home/wang/rmf_ws/install/rmf_lift_msgs/include/rmf_lift_msgs/rmf_lift_msgs
[23.712s] -- Up-to-date: /home/wang/rmf_ws/install/rmf_lift_msgs/include/rmf_lift_msgs/rmf_lift_msgs/msg
[23.713s] -- Up-to-date: /home/wang/rmf_ws/install/rmf_lift_msgs/include/rmf_lift_msgs/rmf_lift_msgs/msg/detail
[23.715s] -- Installing: /home/wang/rmf_ws/install/rmf_lift_msgs/include/rmf_lift_msgs/rmf_lift_msgs/msg/detail/lift_request__type_support.c
[23.716s] -- Installing: /home/wang/rmf_ws/install/rmf_lift_msgs/include/rmf_lift_msgs/rmf_lift_msgs/msg/detail/lift_state__type_support.c
[23.716s] -- Installing: /home/wang/rmf_ws/install/rmf_lift_msgs/include/rmf_lift_msgs/rmf_lift_msgs/msg/detail/lift_state__rosidl_typesupport_introspection_c.h
[23.716s] -- Installing: /home/wang/rmf_ws/install/rmf_lift_msgs/include/rmf_lift_msgs/rmf_lift_msgs/msg/detail/lift_request__rosidl_typesupport_introspection_c.h
[23.716s] -- Installing: /home/wang/rmf_ws/install/rmf_lift_msgs/include/rmf_lift_msgs/rmf_lift_msgs/msg/rosidl_typesupport_introspection_c__visibility_control.h
[23.716s] -- Installing: /home/wang/rmf_ws/install/rmf_lift_msgs/lib/librmf_lift_msgs__rosidl_typesupport_introspection_c.so
[23.716s] -- Set runtime path of "/home/wang/rmf_ws/install/rmf_lift_msgs/lib/librmf_lift_msgs__rosidl_typesupport_introspection_c.so" to ""
[23.716s] -- Installing: /home/wang/rmf_ws/install/rmf_lift_msgs/lib/librmf_lift_msgs__rosidl_typesupport_c.so
[23.716s] -- Set runtime path of "/home/wang/rmf_ws/install/rmf_lift_msgs/lib/librmf_lift_msgs__rosidl_typesupport_c.so" to ""
[23.716s] -- Up-to-date: /home/wang/rmf_ws/install/rmf_lift_msgs/include/rmf_lift_msgs/rmf_lift_msgs
[23.717s] -- Up-to-date: /home/wang/rmf_ws/install/rmf_lift_msgs/include/rmf_lift_msgs/rmf_lift_msgs/msg
[23.717s] -- Up-to-date: /home/wang/rmf_ws/install/rmf_lift_msgs/include/rmf_lift_msgs/rmf_lift_msgs/msg/detail
[23.717s] -- Installing: /home/wang/rmf_ws/install/rmf_lift_msgs/include/rmf_lift_msgs/rmf_lift_msgs/msg/detail/lift_request__rosidl_typesupport_introspection_cpp.hpp
[23.717s] -- Installing: /home/wang/rmf_ws/install/rmf_lift_msgs/include/rmf_lift_msgs/rmf_lift_msgs/msg/detail/lift_state__type_support.cpp
[23.717s] -- Installing: /home/wang/rmf_ws/install/rmf_lift_msgs/include/rmf_lift_msgs/rmf_lift_msgs/msg/detail/lift_state__rosidl_typesupport_introspection_cpp.hpp
[23.717s] -- Installing: /home/wang/rmf_ws/install/rmf_lift_msgs/include/rmf_lift_msgs/rmf_lift_msgs/msg/detail/lift_request__type_support.cpp
[23.717s] -- Installing: /home/wang/rmf_ws/install/rmf_lift_msgs/lib/librmf_lift_msgs__rosidl_typesupport_introspection_cpp.so
[23.717s] -- Set runtime path of "/home/wang/rmf_ws/install/rmf_lift_msgs/lib/librmf_lift_msgs__rosidl_typesupport_introspection_cpp.so" to ""
[23.717s] -- Installing: /home/wang/rmf_ws/install/rmf_lift_msgs/lib/librmf_lift_msgs__rosidl_typesupport_cpp.so
[23.717s] -- Set runtime path of "/home/wang/rmf_ws/install/rmf_lift_msgs/lib/librmf_lift_msgs__rosidl_typesupport_cpp.so" to ""
[23.718s] -- Installing: /home/wang/rmf_ws/install/rmf_lift_msgs/share/rmf_lift_msgs/environment/pythonpath.sh
[23.718s] -- Installing: /home/wang/rmf_ws/install/rmf_lift_msgs/share/rmf_lift_msgs/environment/pythonpath.dsv
[23.718s] -- Installing: /home/wang/rmf_ws/install/rmf_lift_msgs/local/lib/python3.10/dist-packages/rmf_lift_msgs-3.0.3-py3.10.egg-info
[23.718s] -- Installing: /home/wang/rmf_ws/install/rmf_lift_msgs/local/lib/python3.10/dist-packages/rmf_lift_msgs-3.0.3-py3.10.egg-info/PKG-INFO
[23.718s] -- Installing: /home/wang/rmf_ws/install/rmf_lift_msgs/local/lib/python3.10/dist-packages/rmf_lift_msgs-3.0.3-py3.10.egg-info/dependency_links.txt
[23.718s] -- Installing: /home/wang/rmf_ws/install/rmf_lift_msgs/local/lib/python3.10/dist-packages/rmf_lift_msgs-3.0.3-py3.10.egg-info/SOURCES.txt
[23.718s] -- Installing: /home/wang/rmf_ws/install/rmf_lift_msgs/local/lib/python3.10/dist-packages/rmf_lift_msgs-3.0.3-py3.10.egg-info/top_level.txt
[23.718s] -- Installing: /home/wang/rmf_ws/install/rmf_lift_msgs/local/lib/python3.10/dist-packages/rmf_lift_msgs
[23.718s] -- Installing: /home/wang/rmf_ws/install/rmf_lift_msgs/local/lib/python3.10/dist-packages/rmf_lift_msgs/_rmf_lift_msgs_s.ep.rosidl_typesupport_introspection_c.c
[23.718s] -- Installing: /home/wang/rmf_ws/install/rmf_lift_msgs/local/lib/python3.10/dist-packages/rmf_lift_msgs/rmf_lift_msgs_s__rosidl_typesupport_introspection_c.cpython-310-x86_64-linux-gnu.so
[23.719s] -- Installing: /home/wang/rmf_ws/install/rmf_lift_msgs/local/lib/python3.10/dist-packages/rmf_lift_msgs/__init__.py
[23.719s] -- Installing: /home/wang/rmf_ws/install/rmf_lift_msgs/local/lib/python3.10/dist-packages/rmf_lift_msgs/librmf_lift_msgs__rosidl_generator_py.so
[23.719s] -- Installing: /home/wang/rmf_ws/install/rmf_lift_msgs/local/lib/python3.10/dist-packages/rmf_lift_msgs/_rmf_lift_msgs_s.ep.rosidl_typesupport_fastrtps_c.c
[23.719s] -- Installing: /home/wang/rmf_ws/install/rmf_lift_msgs/local/lib/python3.10/dist-packages/rmf_lift_msgs/rmf_lift_msgs_s__rosidl_typesupport_c.cpython-310-x86_64-linux-gnu.so
[23.719s] -- Installing: /home/wang/rmf_ws/install/rmf_lift_msgs/local/lib/python3.10/dist-packages/rmf_lift_msgs/rmf_lift_msgs_s__rosidl_typesupport_fastrtps_c.cpython-310-x86_64-linux-gnu.so
[23.719s] -- Installing: /home/wang/rmf_ws/install/rmf_lift_msgs/local/lib/python3.10/dist-packages/rmf_lift_msgs/_rmf_lift_msgs_s.ep.rosidl_typesupport_c.c
[23.719s] -- Installing: /home/wang/rmf_ws/install/rmf_lift_msgs/local/lib/python3.10/dist-packages/rmf_lift_msgs/msg
[23.719s] -- Installing: /home/wang/rmf_ws/install/rmf_lift_msgs/local/lib/python3.10/dist-packages/rmf_lift_msgs/msg/__init__.py
[23.719s] -- Installing: /home/wang/rmf_ws/install/rmf_lift_msgs/local/lib/python3.10/dist-packages/rmf_lift_msgs/msg/_lift_state.py
[23.720s] -- Installing: /home/wang/rmf_ws/install/rmf_lift_msgs/local/lib/python3.10/dist-packages/rmf_lift_msgs/msg/_lift_request_s.c
[23.720s] -- Installing: /home/wang/rmf_ws/install/rmf_lift_msgs/local/lib/python3.10/dist-packages/rmf_lift_msgs/msg/_lift_request.py
[23.720s] -- Installing: /home/wang/rmf_ws/install/rmf_lift_msgs/local/lib/python3.10/dist-packages/rmf_lift_msgs/msg/_lift_state_s.c
[23.720s] Listing '/home/wang/rmf_ws/install/rmf_lift_msgs/local/lib/python3.10/dist-packages/rmf_lift_msgs'...
[23.720s] Compiling '/home/wang/rmf_ws/install/rmf_lift_msgs/local/lib/python3.10/dist-packages/rmf_lift_msgs/__init__.py'...
[23.720s] Listing '/home/wang/rmf_ws/install/rmf_lift_msgs/local/lib/python3.10/dist-packages/rmf_lift_msgs/msg'...
[23.720s] Compiling '/home/wang/rmf_ws/install/rmf_lift_msgs/local/lib/python3.10/dist-packages/rmf_lift_msgs/msg/__init__.py'...
[23.720s] Compiling '/home/wang/rmf_ws/install/rmf_lift_msgs/local/lib/python3.10/dist-packages/rmf_lift_msgs/msg/_lift_request.py'...
[23.720s] Compiling '/home/wang/rmf_ws/install/rmf_lift_msgs/local/lib/python3.10/dist-packages/rmf_lift_msgs/msg/_lift_state.py'...
[23.721s] -- Installing: /home/wang/rmf_ws/install/rmf_lift_msgs/local/lib/python3.10/dist-packages/rmf_lift_msgs/rmf_lift_msgs_s__rosidl_typesupport_fastrtps_c.cpython-310-x86_64-linux-gnu.so
[23.721s] -- Set runtime path of "/home/wang/rmf_ws/install/rmf_lift_msgs/local/lib/python3.10/dist-packages/rmf_lift_msgs/rmf_lift_msgs_s__rosidl_typesupport_fastrtps_c.cpython-310-x86_64-linux-gnu.so" to ""
[23.721s] -- Installing: /home/wang/rmf_ws/install/rmf_lift_msgs/local/lib/python3.10/dist-packages/rmf_lift_msgs/rmf_lift_msgs_s__rosidl_typesupport_introspection_c.cpython-310-x86_64-linux-gnu.so
[23.721s] -- Set runtime path of "/home/wang/rmf_ws/install/rmf_lift_msgs/local/lib/python3.10/dist-packages/rmf_lift_msgs/rmf_lift_msgs_s__rosidl_typesupport_introspection_c.cpython-310-x86_64-linux-gnu.so" to ""
[23.721s] -- Installing: /home/wang/rmf_ws/install/rmf_lift_msgs/local/lib/python3.10/dist-packages/rmf_lift_msgs/rmf_lift_msgs_s__rosidl_typesupport_c.cpython-310-x86_64-linux-gnu.so
[23.721s] -- Set runtime path of "/home/wang/rmf_ws/install/rmf_lift_msgs/local/lib/python3.10/dist-packages/rmf_lift_msgs/rmf_lift_msgs_s__rosidl_typesupport_c.cpython-310-x86_64-linux-gnu.so" to ""
[23.721s] -- Installing: /home/wang/rmf_ws/install/rmf_lift_msgs/lib/librmf_lift_msgs__rosidl_generator_py.so
[23.721s] -- Set runtime path of "/home/wang/rmf_ws/install/rmf_lift_msgs/lib/librmf_lift_msgs__rosidl_generator_py.so" to ""
[23.721s] -- Installing: /home/wang/rmf_ws/install/rmf_lift_msgs/share/rmf_lift_msgs/msg/LiftState.idl
[23.722s] -- Installing: /home/wang/rmf_ws/install/rmf_lift_msgs/share/rmf_lift_msgs/msg/LiftRequest.idl
[23.722s] -- Installing: /home/wang/rmf_ws/install/rmf_lift_msgs/share/rmf_lift_msgs/msg/LiftState.msg
[23.722s] -- Installing: /home/wang/rmf_ws/install/rmf_lift_msgs/share/rmf_lift_msgs/msg/LiftRequest.msg
[23.722s] -- Installing: /home/wang/rmf_ws/install/rmf_lift_msgs/share/ament_index/resource_index/package_run_dependencies/rmf_lift_msgs
[23.722s] -- Installing: /home/wang/rmf_ws/install/rmf_lift_msgs/share/ament_index/resource_index/parent_prefix_path/rmf_lift_msgs
[23.722s] -- Installing: /home/wang/rmf_ws/install/rmf_lift_msgs/share/rmf_lift_msgs/environment/ament_prefix_path.sh
[23.722s] -- Installing: /home/wang/rmf_ws/install/rmf_lift_msgs/share/rmf_lift_msgs/environment/ament_prefix_path.dsv
[23.722s] -- Installing: /home/wang/rmf_ws/install/rmf_lift_msgs/share/rmf_lift_msgs/environment/path.sh
[23.722s] -- Installing: /home/wang/rmf_ws/install/rmf_lift_msgs/share/rmf_lift_msgs/environment/path.dsv
[23.722s] -- Installing: /home/wang/rmf_ws/install/rmf_lift_msgs/share/rmf_lift_msgs/local_setup.bash
[23.722s] -- Installing: /home/wang/rmf_ws/install/rmf_lift_msgs/share/rmf_lift_msgs/local_setup.sh
[23.723s] -- Installing: /home/wang/rmf_ws/install/rmf_lift_msgs/share/rmf_lift_msgs/local_setup.zsh
[23.723s] -- Installing: /home/wang/rmf_ws/install/rmf_lift_msgs/share/rmf_lift_msgs/local_setup.dsv
[23.723s] -- Installing: /home/wang/rmf_ws/install/rmf_lift_msgs/share/rmf_lift_msgs/package.dsv
[23.741s] -- Installing: /home/wang/rmf_ws/install/rmf_lift_msgs/share/ament_index/resource_index/packages/rmf_lift_msgs
[23.741s] -- Installing: /home/wang/rmf_ws/install/rmf_lift_msgs/share/rmf_lift_msgs/cmake/export_rmf_lift_msgs__rosidl_generator_cExport.cmake
[23.742s] -- Installing: /home/wang/rmf_ws/install/rmf_lift_msgs/share/rmf_lift_msgs/cmake/export_rmf_lift_msgs__rosidl_generator_cExport-release.cmake
[23.742s] -- Installing: /home/wang/rmf_ws/install/rmf_lift_msgs/share/rmf_lift_msgs/cmake/export_rmf_lift_msgs__rosidl_typesupport_fastrtps_cExport.cmake
[23.742s] -- Installing: /home/wang/rmf_ws/install/rmf_lift_msgs/share/rmf_lift_msgs/cmake/export_rmf_lift_msgs__rosidl_typesupport_fastrtps_cExport-release.cmake
[23.742s] -- Installing: /home/wang/rmf_ws/install/rmf_lift_msgs/share/rmf_lift_msgs/cmake/export_rmf_lift_msgs__rosidl_generator_cppExport.cmake
[23.742s] -- Installing: /home/wang/rmf_ws/install/rmf_lift_msgs/share/rmf_lift_msgs/cmake/export_rmf_lift_msgs__rosidl_typesupport_fastrtps_cppExport.cmake
[23.742s] -- Installing: /home/wang/rmf_ws/install/rmf_lift_msgs/share/rmf_lift_msgs/cmake/export_rmf_lift_msgs__rosidl_typesupport_fastrtps_cppExport-release.cmake
[23.742s] -- Installing: /home/wang/rmf_ws/install/rmf_lift_msgs/share/rmf_lift_msgs/cmake/rmf_lift_msgs__rosidl_typesupport_introspection_cExport.cmake
[23.742s] -- Installing: /home/wang/rmf_ws/install/rmf_lift_msgs/share/rmf_lift_msgs/cmake/rmf_lift_msgs__rosidl_typesupport_introspection_cExport-release.cmake
[23.743s] -- Installing: /home/wang/rmf_ws/install/rmf_lift_msgs/share/rmf_lift_msgs/cmake/rmf_lift_msgs__rosidl_typesupport_cExport.cmake
[23.743s] -- Installing: /home/wang/rmf_ws/install/rmf_lift_msgs/share/rmf_lift_msgs/cmake/rmf_lift_msgs__rosidl_typesupport_cExport-release.cmake
[23.743s] -- Installing: /home/wang/rmf_ws/install/rmf_lift_msgs/share/rmf_lift_msgs/cmake/rmf_lift_msgs__rosidl_typesupport_introspection_cppExport.cmake
[23.743s] -- Installing: /home/wang/rmf_ws/install/rmf_lift_msgs/share/rmf_lift_msgs/cmake/rmf_lift_msgs__rosidl_typesupport_introspection_cppExport-release.cmake
[23.743s] -- Installing: /home/wang/rmf_ws/install/rmf_lift_msgs/share/rmf_lift_msgs/cmake/rmf_lift_msgs__rosidl_typesupport_cppExport.cmake
[23.743s] -- Installing: /home/wang/rmf_ws/install/rmf_lift_msgs/share/rmf_lift_msgs/cmake/rmf_lift_msgs__rosidl_typesupport_cppExport-release.cmake
[23.743s] -- Installing: /home/wang/rmf_ws/install/rmf_lift_msgs/share/rmf_lift_msgs/cmake/export_rmf_lift_msgs__rosidl_generator_pyExport.cmake
[23.743s] -- Installing: /home/wang/rmf_ws/install/rmf_lift_msgs/share/rmf_lift_msgs/cmake/export_rmf_lift_msgs__rosidl_generator_pyExport-release.cmake
[23.743s] -- Installing: /home/wang/rmf_ws/install/rmf_lift_msgs/share/rmf_lift_msgs/cmake/rosidl_cmake-extras.cmake
[23.743s] -- Installing: /home/wang/rmf_ws/install/rmf_lift_msgs/share/rmf_lift_msgs/cmake/ament_cmake_export_dependencies-extras.cmake
[23.743s] -- Installing: /home/wang/rmf_ws/install/rmf_lift_msgs/share/rmf_lift_msgs/cmake/ament_cmake_export_include_directories-extras.cmake
[23.744s] -- Installing: /home/wang/rmf_ws/install/rmf_lift_msgs/share/rmf_lift_msgs/cmake/ament_cmake_export_libraries-extras.cmake
[23.744s] -- Installing: /home/wang/rmf_ws/install/rmf_lift_msgs/share/rmf_lift_msgs/cmake/ament_cmake_export_targets-extras.cmake
[23.744s] -- Installing: /home/wang/rmf_ws/install/rmf_lift_msgs/share/rmf_lift_msgs/cmake/rosidl_cmake_export_typesupport_targets-extras.cmake
[23.744s] -- Installing: /home/wang/rmf_ws/install/rmf_lift_msgs/share/rmf_lift_msgs/cmake/rosidl_cmake_export_typesupport_libraries-extras.cmake
[23.744s] -- Installing: /home/wang/rmf_ws/install/rmf_lift_msgs/share/rmf_lift_msgs/cmake/rmf_lift_msgsConfig.cmake
[23.744s] -- Installing: /home/wang/rmf_ws/install/rmf_lift_msgs/share/rmf_lift_msgs/cmake/rmf_lift_msgsConfig-version.cmake
[23.745s] -- Installing: /home/wang/rmf_ws/install/rmf_lift_msgs/share/rmf_lift_msgs/package.xml
[23.752s] Invoked command in '/home/wang/rmf_ws/build/rmf_lift_msgs' returned '0': CMAKE_PREFIX_PATH=/opt/ros/humble /home/wang/.local/bin/cmake --install /home/wang/rmf_ws/build/rmf_lift_msgs
