-- The C compiler identification is Clang 14.0.0
-- The CXX compiler identification is Clang 14.0.0
-- Detecting C compiler ABI info
-- Detecting C compiler ABI info - done
-- Check for working C compiler: /usr/bin/clang - skipped
-- Detecting C compile features
-- Detecting C compile features - done
-- Detecting CXX compiler ABI info
-- Detecting CXX compiler ABI info - done
-- Check for working CXX compiler: /usr/bin/clang++ - skipped
-- Detecting CXX compile features
-- Detecting CXX compile features - done
-- Found ament_cmake: 1.3.5 (/opt/ros/humble/share/ament_cmake/cmake)
-- Found Python3: /usr/bin/python3.10 (found version "3.10.6") found components: Interpreter 
-- Found rclcpp: 16.0.4 (/opt/ros/humble/share/rclcpp/cmake)
-- Found rosidl_generator_c: 3.1.4 (/opt/ros/humble/share/rosidl_generator_c/cmake)
-- Found rosidl_adapter: 3.1.4 (/opt/ros/humble/share/rosidl_adapter/cmake)
-- Found rosidl_generator_cpp: 3.1.4 (/opt/ros/humble/share/rosidl_generator_cpp/cmake)
-- Using all available rosidl_typesupport_c: rosidl_typesupport_fastrtps_c;rosidl_typesupport_introspection_c
-- Using all available rosidl_typesupport_cpp: rosidl_typesupport_fastrtps_cpp;rosidl_typesupport_introspection_cpp
-- Found rmw_implementation_cmake: 6.1.1 (/opt/ros/humble/share/rmw_implementation_cmake/cmake)
-- Found rmw_fastrtps_cpp: 6.2.2 (/opt/ros/humble/share/rmw_fastrtps_cpp/cmake)
-- Found OpenSSL: /usr/lib/x86_64-linux-gnu/libcrypto.so (found version "3.0.2")  
-- Found FastRTPS: /opt/ros/humble/include  
-- Using RMW implementation 'rmw_fastrtps_cpp' as default
-- Performing Test CMAKE_HAVE_LIBC_PTHREAD
-- Performing Test CMAKE_HAVE_LIBC_PTHREAD - Success
-- Found Threads: TRUE  
-- Found nlohmann_json: /usr/lib/cmake/nlohmann_json/nlohmann_jsonConfig.cmake (found version "3.10.5") 
-- Found nlohmann_json_schema_validator_vendor: 0.2.5 (/home/wang/rmf_ws/install/nlohmann_json_schema_validator_vendor/share/nlohmann_json_schema_validator_vendor/cmake)
-- Found Boost: /usr/lib/x86_64-linux-gnu/cmake/Boost-1.74.0/BoostConfig.cmake (found version "1.74.0") found components: system filesystem 
-- Configuring done (4.7s)
-- Generating done (0.1s)
-- Build files have been written to: /home/wang/rmf_ws/build/rmf_websocket
[ 33%] [32mBuilding CXX object CMakeFiles/rmf_websocket.dir/src/rmf_websocket/BroadcastClient.cpp.o[0m
[ 66%] [32mBuilding CXX object CMakeFiles/rmf_websocket.dir/src/rmf_websocket/BroadcastServer.cpp.o[0m
[100%] [32m[1mLinking CXX shared library librmf_websocket.so[0m
[100%] Built target rmf_websocket
-- Install configuration: "Release"
-- Installing: /home/wang/rmf_ws/install/rmf_websocket/share/rmf_websocket/environment/library_path.sh
-- Installing: /home/wang/rmf_ws/install/rmf_websocket/share/rmf_websocket/environment/library_path.dsv
-- Installing: /home/wang/rmf_ws/install/rmf_websocket/include
-- Installing: /home/wang/rmf_ws/install/rmf_websocket/include/rmf_websocket
-- Installing: /home/wang/rmf_ws/install/rmf_websocket/include/rmf_websocket/BroadcastClient.hpp
-- Installing: /home/wang/rmf_ws/install/rmf_websocket/include/rmf_websocket/BroadcastServer.hpp
-- Installing: /home/wang/rmf_ws/install/rmf_websocket/lib/librmf_websocket.so
-- Set runtime path of "/home/wang/rmf_ws/install/rmf_websocket/lib/librmf_websocket.so" to ""
-- Installing: /home/wang/rmf_ws/install/rmf_websocket/share/ament_index/resource_index/package_run_dependencies/rmf_websocket
-- Installing: /home/wang/rmf_ws/install/rmf_websocket/share/ament_index/resource_index/parent_prefix_path/rmf_websocket
-- Installing: /home/wang/rmf_ws/install/rmf_websocket/share/rmf_websocket/environment/ament_prefix_path.sh
-- Installing: /home/wang/rmf_ws/install/rmf_websocket/share/rmf_websocket/environment/ament_prefix_path.dsv
-- Installing: /home/wang/rmf_ws/install/rmf_websocket/share/rmf_websocket/environment/path.sh
-- Installing: /home/wang/rmf_ws/install/rmf_websocket/share/rmf_websocket/environment/path.dsv
-- Installing: /home/wang/rmf_ws/install/rmf_websocket/share/rmf_websocket/local_setup.bash
-- Installing: /home/wang/rmf_ws/install/rmf_websocket/share/rmf_websocket/local_setup.sh
-- Installing: /home/wang/rmf_ws/install/rmf_websocket/share/rmf_websocket/local_setup.zsh
-- Installing: /home/wang/rmf_ws/install/rmf_websocket/share/rmf_websocket/local_setup.dsv
-- Installing: /home/wang/rmf_ws/install/rmf_websocket/share/rmf_websocket/package.dsv
-- Installing: /home/wang/rmf_ws/install/rmf_websocket/share/ament_index/resource_index/packages/rmf_websocket
-- Installing: /home/wang/rmf_ws/install/rmf_websocket/share/rmf_websocket/cmake/rmf_websocketExport.cmake
-- Installing: /home/wang/rmf_ws/install/rmf_websocket/share/rmf_websocket/cmake/rmf_websocketExport-release.cmake
-- Installing: /home/wang/rmf_ws/install/rmf_websocket/share/rmf_websocket/cmake/ament_cmake_export_targets-extras.cmake
-- Installing: /home/wang/rmf_ws/install/rmf_websocket/share/rmf_websocket/cmake/ament_cmake_export_dependencies-extras.cmake
-- Installing: /home/wang/rmf_ws/install/rmf_websocket/share/rmf_websocket/cmake/rmf_websocketConfig.cmake
-- Installing: /home/wang/rmf_ws/install/rmf_websocket/share/rmf_websocket/cmake/rmf_websocketConfig-version.cmake
-- Installing: /home/wang/rmf_ws/install/rmf_websocket/share/rmf_websocket/package.xml
