[1m/home/wang/rmf_ws/src/rmf/rmf_ros2/rmf_traffic_ros2/src/rmf_traffic_ros2/blockade/Node.cpp:273:38: [0m[0;1;35mwarning: [0m[1mformat string is not a string literal (potentially insecure) [-Wformat-security][0m
        RCLCPP_INFO(n->get_logger(), msg.c_str());
[0;1;32m                                     ^~~~~~~~~~~
[0m[1m/opt/ros/humble/include/rclcpp/rclcpp/logging.hpp:537:7: [0m[0;1;30mnote: [0mexpanded from macro 'RCLCPP_INFO'[0m
      __VA_ARGS__); \
[0;1;32m      ^~~~~~~~~~~
[0m[1m/opt/ros/humble/include/rcutils/rcutils/logging_macros.h:503:5: [0m[0;1;30mnote: [0mexpanded from macro 'RCUTILS_LOG_INFO_NAMED'[0m
    __VA_ARGS__)
[0;1;32m    ^~~~~~~~~~~
[0m[1m/opt/ros/humble/include/rcutils/rcutils/logging_macros.h:72:64: [0m[0;1;30mnote: [0mexpanded from macro 'RCUTILS_LOG_COND_NAMED'[0m
      rcutils_log(&__rcutils_logging_location, severity, name, __VA_ARGS__); \
[0;1;32m                                                               ^~~~~~~~~~~
[0m[1m/home/wang/rmf_ws/src/rmf/rmf_ros2/rmf_traffic_ros2/src/rmf_traffic_ros2/blockade/Node.cpp:273:38: [0m[0;1;30mnote: [0mtreat the string as an argument to avoid this[0m
        RCLCPP_INFO(n->get_logger(), msg.c_str());
[0;1;32m                                     ^
[0m[0;32m                                     "%s", 
[0m[1m/opt/ros/humble/include/rclcpp/rclcpp/logging.hpp:537:7: [0m[0;1;30mnote: [0mexpanded from macro 'RCLCPP_INFO'[0m
      __VA_ARGS__); \
[0;1;32m      ^
[0m[1m/opt/ros/humble/include/rcutils/rcutils/logging_macros.h:503:5: [0m[0;1;30mnote: [0mexpanded from macro 'RCUTILS_LOG_INFO_NAMED'[0m
    __VA_ARGS__)
[0;1;32m    ^
[0m[1m/opt/ros/humble/include/rcutils/rcutils/logging_macros.h:72:64: [0m[0;1;30mnote: [0mexpanded from macro 'RCUTILS_LOG_COND_NAMED'[0m
      rcutils_log(&__rcutils_logging_location, severity, name, __VA_ARGS__); \
[0;1;32m                                                               ^
[0m[1m/home/wang/rmf_ws/src/rmf/rmf_ros2/rmf_traffic_ros2/src/rmf_traffic_ros2/blockade/Node.cpp:282:39: [0m[0;1;35mwarning: [0m[1mformat string is not a string literal (potentially insecure) [-Wformat-security][0m
        RCLCPP_DEBUG(n->get_logger(), msg.c_str());
[0;1;32m                                      ^~~~~~~~~~~
[0m[1m/opt/ros/humble/include/rclcpp/rclcpp/logging.hpp:102:7: [0m[0;1;30mnote: [0mexpanded from macro 'RCLCPP_DEBUG'[0m
      __VA_ARGS__); \
[0;1;32m      ^~~~~~~~~~~
[0m[1m/opt/ros/humble/include/rcutils/rcutils/logging_macros.h:256:5: [0m[0;1;30mnote: [0mexpanded from macro 'RCUTILS_LOG_DEBUG_NAMED'[0m
    __VA_ARGS__)
[0;1;32m    ^~~~~~~~~~~
[0m[1m/opt/ros/humble/include/rcutils/rcutils/logging_macros.h:72:64: [0m[0;1;30mnote: [0mexpanded from macro 'RCUTILS_LOG_COND_NAMED'[0m
      rcutils_log(&__rcutils_logging_location, severity, name, __VA_ARGS__); \
[0;1;32m                                                               ^~~~~~~~~~~
[0m[1m/home/wang/rmf_ws/src/rmf/rmf_ros2/rmf_traffic_ros2/src/rmf_traffic_ros2/blockade/Node.cpp:282:39: [0m[0;1;30mnote: [0mtreat the string as an argument to avoid this[0m
        RCLCPP_DEBUG(n->get_logger(), msg.c_str());
[0;1;32m                                      ^
[0m[0;32m                                      "%s", 
[0m[1m/opt/ros/humble/include/rclcpp/rclcpp/logging.hpp:102:7: [0m[0;1;30mnote: [0mexpanded from macro 'RCLCPP_DEBUG'[0m
      __VA_ARGS__); \
[0;1;32m      ^
[0m[1m/opt/ros/humble/include/rcutils/rcutils/logging_macros.h:256:5: [0m[0;1;30mnote: [0mexpanded from macro 'RCUTILS_LOG_DEBUG_NAMED'[0m
    __VA_ARGS__)
[0;1;32m    ^
[0m[1m/opt/ros/humble/include/rcutils/rcutils/logging_macros.h:72:64: [0m[0;1;30mnote: [0mexpanded from macro 'RCUTILS_LOG_COND_NAMED'[0m
      rcutils_log(&__rcutils_logging_location, severity, name, __VA_ARGS__); \
[0;1;32m                                                               ^
[0mIn file included from /home/wang/rmf_ws/src/rmf/rmf_ros2/rmf_traffic_ros2/src/rmf_traffic_ros2/schedule/Writer.cpp:18:
In file included from /home/wang/rmf_ws/src/rmf/rmf_ros2/rmf_traffic_ros2/include/rmf_traffic_ros2/schedule/Writer.hpp:24:
In file included from /opt/ros/humble/include/rclcpp/rclcpp/node.hpp:40:
In file included from /opt/ros/humble/include/rclcpp/rclcpp/callback_group.hpp:29:
In file included from /opt/ros/humble/include/rclcpp/rclcpp/subscription_base.hpp:32:
[1m/opt/ros/humble/include/rclcpp/rclcpp/any_subscription_callback.hpp:391:7: [0m[0;1;35mwarning: [0m[1m'set_deprecated' is deprecated: use 'void(std::shared_ptr<const MessageT>)' instead [-Wdeprecated-declarations][0m
      set_deprecated(static_cast<typename scbth::callback_type>(callback));
[0;1;32m      ^
[0m[1m/opt/ros/humble/include/rclcpp/rclcpp/subscription_factory.hpp:94:29: [0m[0;1;30mnote: [0min instantiation of function template specialization 'rclcpp::AnySubscriptionCallback<rmf_traffic_msgs::msg::ScheduleIdentity_<std::allocator<void>>>::set<(lambda at /home/wang/rmf_ws/src/rmf/rmf_ros2/rmf_traffic_ros2/src/rmf_traffic_ros2/schedule/Writer.cpp:347:9)>' requested here[0m
  any_subscription_callback.set(std::forward<CallbackT>(callback));
[0;1;32m                            ^
[0m[1m/opt/ros/humble/include/rclcpp/rclcpp/create_subscription.hpp:122:26: [0m[0;1;30mnote: [0min instantiation of function template specialization 'rclcpp::create_subscription_factory<rmf_traffic_msgs::msg::ScheduleIdentity_<std::allocator<void>>, (lambda at /home/wang/rmf_ws/src/rmf/rmf_ros2/rmf_traffic_ros2/src/rmf_traffic_ros2/schedule/Writer.cpp:347:9), std::allocator<void>, rclcpp::Subscription<rmf_traffic_msgs::msg::ScheduleIdentity_<std::allocator<void>>, std::allocator<void>, rmf_traffic_msgs::msg::ScheduleIdentity_<std::allocator<void>>, rmf_traffic_msgs::msg::ScheduleIdentity_<std::allocator<void>>>, rclcpp::message_memory_strategy::MessageMemoryStrategy<rmf_traffic_msgs::msg::ScheduleIdentity_<std::allocator<void>>>, rmf_traffic_msgs::msg::ScheduleIdentity_<std::allocator<void>>>' requested here[0m
  auto factory = rclcpp::create_subscription_factory<MessageT>(
[0;1;32m                         ^
[0m[1m/opt/ros/humble/include/rclcpp/rclcpp/create_subscription.hpp:190:26: [0m[0;1;30mnote: [0min instantiation of function template specialization 'rclcpp::detail::create_subscription<rmf_traffic_msgs::msg::ScheduleIdentity_<std::allocator<void>>, (lambda at /home/wang/rmf_ws/src/rmf/rmf_ros2/rmf_traffic_ros2/src/rmf_traffic_ros2/schedule/Writer.cpp:347:9), std::allocator<void>, rclcpp::Subscription<rmf_traffic_msgs::msg::ScheduleIdentity_<std::allocator<void>>, std::allocator<void>, rmf_traffic_msgs::msg::ScheduleIdentity_<std::allocator<void>>, rmf_traffic_msgs::msg::ScheduleIdentity_<std::allocator<void>>>, rclcpp::message_memory_strategy::MessageMemoryStrategy<rmf_traffic_msgs::msg::ScheduleIdentity_<std::allocator<void>>>, rclcpp::Node, rclcpp::Node, rmf_traffic_msgs::msg::ScheduleIdentity_<std::allocator<void>>>' requested here[0m
  return rclcpp::detail::create_subscription<
[0;1;32m                         ^
[0m[1m/opt/ros/humble/include/rclcpp/rclcpp/node_impl.hpp:99:18: [0m[0;1;30mnote: [0min instantiation of function template specialization 'rclcpp::create_subscription<rmf_traffic_msgs::msg::ScheduleIdentity_<std::allocator<void>>, (lambda at /home/wang/rmf_ws/src/rmf/rmf_ros2/rmf_traffic_ros2/src/rmf_traffic_ros2/schedule/Writer.cpp:347:9), std::allocator<void>, rclcpp::Subscription<rmf_traffic_msgs::msg::ScheduleIdentity_<std::allocator<void>>, std::allocator<void>, rmf_traffic_msgs::msg::ScheduleIdentity_<std::allocator<void>>, rmf_traffic_msgs::msg::ScheduleIdentity_<std::allocator<void>>>, rclcpp::message_memory_strategy::MessageMemoryStrategy<rmf_traffic_msgs::msg::ScheduleIdentity_<std::allocator<void>>>, rclcpp::Node>' requested here[0m
  return rclcpp::create_subscription<MessageT>(
[0;1;32m                 ^
[0m[1m/home/wang/rmf_ws/src/rmf/rmf_ros2/rmf_traffic_ros2/src/rmf_traffic_ros2/schedule/Writer.cpp:344:47: [0m[0;1;30mnote: [0min instantiation of function template specialization 'rclcpp::Node::create_subscription<rmf_traffic_msgs::msg::ScheduleIdentity_<std::allocator<void>>, (lambda at /home/wang/rmf_ws/src/rmf/rmf_ros2/rmf_traffic_ros2/src/rmf_traffic_ros2/schedule/Writer.cpp:347:9), std::allocator<void>, rclcpp::Subscription<rmf_traffic_msgs::msg::ScheduleIdentity_<std::allocator<void>>, std::allocator<void>, rmf_traffic_msgs::msg::ScheduleIdentity_<std::allocator<void>>, rmf_traffic_msgs::msg::ScheduleIdentity_<std::allocator<void>>>, rclcpp::message_memory_strategy::MessageMemoryStrategy<rmf_traffic_msgs::msg::ScheduleIdentity_<std::allocator<void>>>>' requested here[0m
      transport->schedule_startup_sub = node->create_subscription<ScheduleId>(
[0;1;32m                                              ^
[0m[1m/opt/ros/humble/include/rclcpp/rclcpp/any_subscription_callback.hpp:408:3: [0m[0;1;30mnote: [0m'set_deprecated' has been explicitly marked deprecated here[0m
  set_deprecated(std::function<void(std::shared_ptr<SetT>)> callback)
[0;1;32m  ^
[0m[1m/opt/ros/humble/include/rclcpp/rclcpp/any_subscription_callback.hpp:391:7: [0m[0;1;35mwarning: [0m[1m'set_deprecated<rmf_traffic_msgs::msg::ScheduleIdentity_<std::allocator<void>>>' is deprecated: use 'void(std::shared_ptr<const MessageT>)' instead [-Wdeprecated-declarations][0m
      set_deprecated(static_cast<typename scbth::callback_type>(callback));
[0;1;32m      ^
[0m[1m/opt/ros/humble/include/rclcpp/rclcpp/any_subscription_callback.hpp:405:5: [0m[0;1;30mnote: [0m'set_deprecated<rmf_traffic_msgs::msg::ScheduleIdentity_<std::allocator<void>>>' has been explicitly marked deprecated here[0m
  [[deprecated("use 'void(std::shared_ptr<const MessageT>)' instead")]]
[0;1;32m    ^
[0mIn file included from /home/wang/rmf_ws/src/rmf/rmf_ros2/rmf_traffic_ros2/src/rmf_traffic_ros2/schedule/MirrorManager.cpp:21:
In file included from /opt/ros/humble/include/rclcpp/rclcpp/rclcpp.hpp:155:
In file included from /opt/ros/humble/include/rclcpp/rclcpp/executors.hpp:21:
In file included from /opt/ros/humble/include/rclcpp/rclcpp/executors/multi_threaded_executor.hpp:25:
In file included from /opt/ros/humble/include/rclcpp/rclcpp/executor.hpp:37:
In file included from /opt/ros/humble/include/rclcpp/rclcpp/executor_options.hpp:20:
In file included from /opt/ros/humble/include/rclcpp/rclcpp/memory_strategies.hpp:18:
In file included from /opt/ros/humble/include/rclcpp/rclcpp/memory_strategy.hpp:25:
In file included from /opt/ros/humble/include/rclcpp/rclcpp/any_executable.hpp:20:
In file included from /opt/ros/humble/include/rclcpp/rclcpp/callback_group.hpp:29:
In file included from /opt/ros/humble/include/rclcpp/rclcpp/subscription_base.hpp:32:
[1m/opt/ros/humble/include/rclcpp/rclcpp/any_subscription_callback.hpp:391:7: [0m[0;1;35mwarning: [0m[1m'set_deprecated' is deprecated: use 'void(std::shared_ptr<const MessageT>)' instead [-Wdeprecated-declarations][0m
      set_deprecated(static_cast<typename scbth::callback_type>(callback));
[0;1;32m      ^
[0m[1m/opt/ros/humble/include/rclcpp/rclcpp/subscription_factory.hpp:94:29: [0m[0;1;30mnote: [0min instantiation of function template specialization 'rclcpp::AnySubscriptionCallback<rmf_traffic_msgs::msg::ScheduleIdentity_<std::allocator<void>>>::set<(lambda at /home/wang/rmf_ws/src/rmf/rmf_ros2/rmf_traffic_ros2/src/rmf_traffic_ros2/schedule/MirrorManager.cpp:121:7)>' requested here[0m
  any_subscription_callback.set(std::forward<CallbackT>(callback));
[0;1;32m                            ^
[0m[1m/opt/ros/humble/include/rclcpp/rclcpp/create_subscription.hpp:122:26: [0m[0;1;30mnote: [0min instantiation of function template specialization 'rclcpp::create_subscription_factory<rmf_traffic_msgs::msg::ScheduleIdentity_<std::allocator<void>>, (lambda at /home/wang/rmf_ws/src/rmf/rmf_ros2/rmf_traffic_ros2/src/rmf_traffic_ros2/schedule/MirrorManager.cpp:121:7), std::allocator<void>, rclcpp::Subscription<rmf_traffic_msgs::msg::ScheduleIdentity_<std::allocator<void>>, std::allocator<void>, rmf_traffic_msgs::msg::ScheduleIdentity_<std::allocator<void>>, rmf_traffic_msgs::msg::ScheduleIdentity_<std::allocator<void>>>, rclcpp::message_memory_strategy::MessageMemoryStrategy<rmf_traffic_msgs::msg::ScheduleIdentity_<std::allocator<void>>>, rmf_traffic_msgs::msg::ScheduleIdentity_<std::allocator<void>>>' requested here[0m
  auto factory = rclcpp::create_subscription_factory<MessageT>(
[0;1;32m                         ^
[0m[1m/opt/ros/humble/include/rclcpp/rclcpp/create_subscription.hpp:190:26: [0m[0;1;30mnote: [0min instantiation of function template specialization 'rclcpp::detail::create_subscription<rmf_traffic_msgs::msg::ScheduleIdentity_<std::allocator<void>>, (lambda at /home/wang/rmf_ws/src/rmf/rmf_ros2/rmf_traffic_ros2/src/rmf_traffic_ros2/schedule/MirrorManager.cpp:121:7), std::allocator<void>, rclcpp::Subscription<rmf_traffic_msgs::msg::ScheduleIdentity_<std::allocator<void>>, std::allocator<void>, rmf_traffic_msgs::msg::ScheduleIdentity_<std::allocator<void>>, rmf_traffic_msgs::msg::ScheduleIdentity_<std::allocator<void>>>, rclcpp::message_memory_strategy::MessageMemoryStrategy<rmf_traffic_msgs::msg::ScheduleIdentity_<std::allocator<void>>>, rclcpp::Node, rclcpp::Node, rmf_traffic_msgs::msg::ScheduleIdentity_<std::allocator<void>>>' requested here[0m
  return rclcpp::detail::create_subscription<
[0;1;32m                         ^
[0m[1m/opt/ros/humble/include/rclcpp/rclcpp/node_impl.hpp:99:18: [0m[0;1;30mnote: [0min instantiation of function template specialization 'rclcpp::create_subscription<rmf_traffic_msgs::msg::ScheduleIdentity_<std::allocator<void>>, (lambda at /home/wang/rmf_ws/src/rmf/rmf_ros2/rmf_traffic_ros2/src/rmf_traffic_ros2/schedule/MirrorManager.cpp:121:7), std::allocator<void>, rclcpp::Subscription<rmf_traffic_msgs::msg::ScheduleIdentity_<std::allocator<void>>, std::allocator<void>, rmf_traffic_msgs::msg::ScheduleIdentity_<std::allocator<void>>, rmf_traffic_msgs::msg::ScheduleIdentity_<std::allocator<void>>>, rclcpp::message_memory_strategy::MessageMemoryStrategy<rmf_traffic_msgs::msg::ScheduleIdentity_<std::allocator<void>>>, rclcpp::Node>' requested here[0m
  return rclcpp::create_subscription<MessageT>(
[0;1;32m                 ^
[0m[1m/home/wang/rmf_ws/src/rmf/rmf_ros2/rmf_traffic_ros2/src/rmf_traffic_ros2/schedule/MirrorManager.cpp:118:34: [0m[0;1;30mnote: [0min instantiation of function template specialization 'rclcpp::Node::create_subscription<rmf_traffic_msgs::msg::ScheduleIdentity_<std::allocator<void>>, (lambda at /home/wang/rmf_ws/src/rmf/rmf_ros2/rmf_traffic_ros2/src/rmf_traffic_ros2/schedule/MirrorManager.cpp:121:7), std::allocator<void>, rclcpp::Subscription<rmf_traffic_msgs::msg::ScheduleIdentity_<std::allocator<void>>, std::allocator<void>, rmf_traffic_msgs::msg::ScheduleIdentity_<std::allocator<void>>, rmf_traffic_msgs::msg::ScheduleIdentity_<std::allocator<void>>>, rclcpp::message_memory_strategy::MessageMemoryStrategy<rmf_traffic_msgs::msg::ScheduleIdentity_<std::allocator<void>>>>' requested here[0m
    schedule_startup_sub = node->create_subscription<ScheduleIdentity>(
[0;1;32m                                 ^
[0m[1m/opt/ros/humble/include/rclcpp/rclcpp/any_subscription_callback.hpp:408:3: [0m[0;1;30mnote: [0m'set_deprecated' has been explicitly marked deprecated here[0m
  set_deprecated(std::function<void(std::shared_ptr<SetT>)> callback)
[0;1;32m  ^
[0m[1m/opt/ros/humble/include/rclcpp/rclcpp/any_subscription_callback.hpp:391:7: [0m[0;1;35mwarning: [0m[1m'set_deprecated<rmf_traffic_msgs::msg::ScheduleIdentity_<std::allocator<void>>>' is deprecated: use 'void(std::shared_ptr<const MessageT>)' instead [-Wdeprecated-declarations][0m
      set_deprecated(static_cast<typename scbth::callback_type>(callback));
[0;1;32m      ^
[0m[1m/opt/ros/humble/include/rclcpp/rclcpp/any_subscription_callback.hpp:405:5: [0m[0;1;30mnote: [0m'set_deprecated<rmf_traffic_msgs::msg::ScheduleIdentity_<std::allocator<void>>>' has been explicitly marked deprecated here[0m
  [[deprecated("use 'void(std::shared_ptr<const MessageT>)' instead")]]
[0;1;32m    ^
[0mIn file included from /home/wang/rmf_ws/src/rmf/rmf_ros2/rmf_traffic_ros2/src/rmf_traffic_ros2/schedule/MonitorNode.cpp:18:
In file included from /home/wang/rmf_ws/src/rmf/rmf_ros2/rmf_traffic_ros2/src/rmf_traffic_ros2/schedule/internal_MonitorNode.hpp:21:
In file included from /home/wang/rmf_ws/src/rmf/rmf_ros2/rmf_traffic_ros2/src/rmf_traffic_ros2/schedule/internal_Node.hpp:26:
In file included from /opt/ros/humble/include/rclcpp/rclcpp/node.hpp:40:
In file included from /opt/ros/humble/include/rclcpp/rclcpp/callback_group.hpp:29:
In file included from /opt/ros/humble/include/rclcpp/rclcpp/subscription_base.hpp:32:
[1m/opt/ros/humble/include/rclcpp/rclcpp/any_subscription_callback.hpp:391:7: [0m[0;1;35mwarning: [0m[1m'set_deprecated' is deprecated: use 'void(std::shared_ptr<const MessageT>)' instead [-Wdeprecated-declarations][0m
      set_deprecated(static_cast<typename scbth::callback_type>(callback));
[0;1;32m      ^
[0m[1m/opt/ros/humble/include/rclcpp/rclcpp/subscription_factory.hpp:94:29: [0m[0;1;30mnote: [0min instantiation of function template specialization 'rclcpp::AnySubscriptionCallback<rmf_traffic_msgs::msg::Heartbeat_<std::allocator<void>>>::set<(lambda at /home/wang/rmf_ws/src/rmf/rmf_ros2/rmf_traffic_ros2/src/rmf_traffic_ros2/schedule/MonitorNode.cpp:105:5)>' requested here[0m
  any_subscription_callback.set(std::forward<CallbackT>(callback));
[0;1;32m                            ^
[0m[1m/opt/ros/humble/include/rclcpp/rclcpp/create_subscription.hpp:122:26: [0m[0;1;30mnote: [0min instantiation of function template specialization 'rclcpp::create_subscription_factory<rmf_traffic_msgs::msg::Heartbeat_<std::allocator<void>>, (lambda at /home/wang/rmf_ws/src/rmf/rmf_ros2/rmf_traffic_ros2/src/rmf_traffic_ros2/schedule/MonitorNode.cpp:105:5), std::allocator<void>, rclcpp::Subscription<rmf_traffic_msgs::msg::Heartbeat_<std::allocator<void>>, std::allocator<void>, rmf_traffic_msgs::msg::Heartbeat_<std::allocator<void>>, rmf_traffic_msgs::msg::Heartbeat_<std::allocator<void>>>, rclcpp::message_memory_strategy::MessageMemoryStrategy<rmf_traffic_msgs::msg::Heartbeat_<std::allocator<void>>>, rmf_traffic_msgs::msg::Heartbeat_<std::allocator<void>>>' requested here[0m
  auto factory = rclcpp::create_subscription_factory<MessageT>(
[0;1;32m                         ^
[0m[1m/opt/ros/humble/include/rclcpp/rclcpp/create_subscription.hpp:190:26: [0m[0;1;30mnote: [0min instantiation of function template specialization 'rclcpp::detail::create_subscription<rmf_traffic_msgs::msg::Heartbeat_<std::allocator<void>>, (lambda at /home/wang/rmf_ws/src/rmf/rmf_ros2/rmf_traffic_ros2/src/rmf_traffic_ros2/schedule/MonitorNode.cpp:105:5), std::allocator<void>, rclcpp::Subscription<rmf_traffic_msgs::msg::Heartbeat_<std::allocator<void>>, std::allocator<void>, rmf_traffic_msgs::msg::Heartbeat_<std::allocator<void>>, rmf_traffic_msgs::msg::Heartbeat_<std::allocator<void>>>, rclcpp::message_memory_strategy::MessageMemoryStrategy<rmf_traffic_msgs::msg::Heartbeat_<std::allocator<void>>>, rclcpp::Node, rclcpp::Node, rmf_traffic_msgs::msg::Heartbeat_<std::allocator<void>>>' requested here[0m
  return rclcpp::detail::create_subscription<
[0;1;32m                         ^
[0m[1m/opt/ros/humble/include/rclcpp/rclcpp/node_impl.hpp:99:18: [0m[0;1;30mnote: [0min instantiation of function template specialization 'rclcpp::create_subscription<rmf_traffic_msgs::msg::Heartbeat_<std::allocator<void>>, (lambda at /home/wang/rmf_ws/src/rmf/rmf_ros2/rmf_traffic_ros2/src/rmf_traffic_ros2/schedule/MonitorNode.cpp:105:5), std::allocator<void>, rclcpp::Subscription<rmf_traffic_msgs::msg::Heartbeat_<std::allocator<void>>, std::allocator<void>, rmf_traffic_msgs::msg::Heartbeat_<std::allocator<void>>, rmf_traffic_msgs::msg::Heartbeat_<std::allocator<void>>>, rclcpp::message_memory_strategy::MessageMemoryStrategy<rmf_traffic_msgs::msg::Heartbeat_<std::allocator<void>>>, rclcpp::Node>' requested here[0m
  return rclcpp::create_subscription<MessageT>(
[0;1;32m                 ^
[0m[1m/home/wang/rmf_ws/src/rmf/rmf_ros2/rmf_traffic_ros2/src/rmf_traffic_ros2/schedule/MonitorNode.cpp:102:19: [0m[0;1;30mnote: [0min instantiation of function template specialization 'rclcpp::Node::create_subscription<rmf_traffic_msgs::msg::Heartbeat_<std::allocator<void>>, (lambda at /home/wang/rmf_ws/src/rmf/rmf_ros2/rmf_traffic_ros2/src/rmf_traffic_ros2/schedule/MonitorNode.cpp:105:5), std::allocator<void>, rclcpp::Subscription<rmf_traffic_msgs::msg::Heartbeat_<std::allocator<void>>, std::allocator<void>, rmf_traffic_msgs::msg::Heartbeat_<std::allocator<void>>, rmf_traffic_msgs::msg::Heartbeat_<std::allocator<void>>>, rclcpp::message_memory_strategy::MessageMemoryStrategy<rmf_traffic_msgs::msg::Heartbeat_<std::allocator<void>>>>' requested here[0m
  heartbeat_sub = create_subscription<Heartbeat>(
[0;1;32m                  ^
[0m[1m/opt/ros/humble/include/rclcpp/rclcpp/any_subscription_callback.hpp:408:3: [0m[0;1;30mnote: [0m'set_deprecated' has been explicitly marked deprecated here[0m
  set_deprecated(std::function<void(std::shared_ptr<SetT>)> callback)
[0;1;32m  ^
[0m[1m/opt/ros/humble/include/rclcpp/rclcpp/any_subscription_callback.hpp:391:7: [0m[0;1;35mwarning: [0m[1m'set_deprecated<rmf_traffic_msgs::msg::Heartbeat_<std::allocator<void>>>' is deprecated: use 'void(std::shared_ptr<const MessageT>)' instead [-Wdeprecated-declarations][0m
      set_deprecated(static_cast<typename scbth::callback_type>(callback));
[0;1;32m      ^
[0m[1m/opt/ros/humble/include/rclcpp/rclcpp/any_subscription_callback.hpp:405:5: [0m[0;1;30mnote: [0m'set_deprecated<rmf_traffic_msgs::msg::Heartbeat_<std::allocator<void>>>' has been explicitly marked deprecated here[0m
  [[deprecated("use 'void(std::shared_ptr<const MessageT>)' instead")]]
[0;1;32m    ^
[0m[1m/opt/ros/humble/include/rclcpp/rclcpp/any_subscription_callback.hpp:391:7: [0m[0;1;35mwarning: [0m[1m'set_deprecated' is deprecated: use 'void(std::shared_ptr<const MessageT>)' instead [-Wdeprecated-declarations][0m
      set_deprecated(static_cast<typename scbth::callback_type>(callback));
[0;1;32m      ^
[0m[1m/opt/ros/humble/include/rclcpp/rclcpp/subscription_factory.hpp:94:29: [0m[0;1;30mnote: [0min instantiation of function template specialization 'rclcpp::AnySubscriptionCallback<rmf_traffic_msgs::msg::ScheduleQueries_<std::allocator<void>>>::set<(lambda at /home/wang/rmf_ws/src/rmf/rmf_ros2/rmf_traffic_ros2/src/rmf_traffic_ros2/schedule/MirrorManager.cpp:183:7)>' requested here[0m
  any_subscription_callback.set(std::forward<CallbackT>(callback));
[0;1;32m                            ^
[0m[1m/opt/ros/humble/include/rclcpp/rclcpp/create_subscription.hpp:122:26: [0m[0;1;30mnote: [0min instantiation of function template specialization 'rclcpp::create_subscription_factory<rmf_traffic_msgs::msg::ScheduleQueries_<std::allocator<void>>, (lambda at /home/wang/rmf_ws/src/rmf/rmf_ros2/rmf_traffic_ros2/src/rmf_traffic_ros2/schedule/MirrorManager.cpp:183:7), std::allocator<void>, rclcpp::Subscription<rmf_traffic_msgs::msg::ScheduleQueries_<std::allocator<void>>, std::allocator<void>, rmf_traffic_msgs::msg::ScheduleQueries_<std::allocator<void>>, rmf_traffic_msgs::msg::ScheduleQueries_<std::allocator<void>>>, rclcpp::message_memory_strategy::MessageMemoryStrategy<rmf_traffic_msgs::msg::ScheduleQueries_<std::allocator<void>>>, rmf_traffic_msgs::msg::ScheduleQueries_<std::allocator<void>>>' requested here[0m
  auto factory = rclcpp::create_subscription_factory<MessageT>(
[0;1;32m                         ^
[0m[1m/opt/ros/humble/include/rclcpp/rclcpp/create_subscription.hpp:190:26: [0m[0;1;30mnote: [0min instantiation of function template specialization 'rclcpp::detail::create_subscription<rmf_traffic_msgs::msg::ScheduleQueries_<std::allocator<void>>, (lambda at /home/wang/rmf_ws/src/rmf/rmf_ros2/rmf_traffic_ros2/src/rmf_traffic_ros2/schedule/MirrorManager.cpp:183:7), std::allocator<void>, rclcpp::Subscription<rmf_traffic_msgs::msg::ScheduleQueries_<std::allocator<void>>, std::allocator<void>, rmf_traffic_msgs::msg::ScheduleQueries_<std::allocator<void>>, rmf_traffic_msgs::msg::ScheduleQueries_<std::allocator<void>>>, rclcpp::message_memory_strategy::MessageMemoryStrategy<rmf_traffic_msgs::msg::ScheduleQueries_<std::allocator<void>>>, rclcpp::Node, rclcpp::Node, rmf_traffic_msgs::msg::ScheduleQueries_<std::allocator<void>>>' requested here[0m
  return rclcpp::detail::create_subscription<
[0;1;32m                         ^
[0m[1m/opt/ros/humble/include/rclcpp/rclcpp/node_impl.hpp:99:18: [0m[0;1;30mnote: [0min instantiation of function template specialization 'rclcpp::create_subscription<rmf_traffic_msgs::msg::ScheduleQueries_<std::allocator<void>>, (lambda at /home/wang/rmf_ws/src/rmf/rmf_ros2/rmf_traffic_ros2/src/rmf_traffic_ros2/schedule/MirrorManager.cpp:183:7), std::allocator<void>, rclcpp::Subscription<rmf_traffic_msgs::msg::ScheduleQueries_<std::allocator<void>>, std::allocator<void>, rmf_traffic_msgs::msg::ScheduleQueries_<std::allocator<void>>, rmf_traffic_msgs::msg::ScheduleQueries_<std::allocator<void>>>, rclcpp::message_memory_strategy::MessageMemoryStrategy<rmf_traffic_msgs::msg::ScheduleQueries_<std::allocator<void>>>, rclcpp::Node>' requested here[0m
  return rclcpp::create_subscription<MessageT>(
[0;1;32m                 ^
[0m[1m/home/wang/rmf_ws/src/rmf/rmf_ros2/rmf_traffic_ros2/src/rmf_traffic_ros2/schedule/MirrorManager.cpp:180:30: [0m[0;1;30mnote: [0min instantiation of function template specialization 'rclcpp::Node::create_subscription<rmf_traffic_msgs::msg::ScheduleQueries_<std::allocator<void>>, (lambda at /home/wang/rmf_ws/src/rmf/rmf_ros2/rmf_traffic_ros2/src/rmf_traffic_ros2/schedule/MirrorManager.cpp:183:7), std::allocator<void>, rclcpp::Subscription<rmf_traffic_msgs::msg::ScheduleQueries_<std::allocator<void>>, std::allocator<void>, rmf_traffic_msgs::msg::ScheduleQueries_<std::allocator<void>>, rmf_traffic_msgs::msg::ScheduleQueries_<std::allocator<void>>>, rclcpp::message_memory_strategy::MessageMemoryStrategy<rmf_traffic_msgs::msg::ScheduleQueries_<std::allocator<void>>>>' requested here[0m
    queries_info_sub = node->create_subscription<ScheduleQueries>(
[0;1;32m                             ^
[0m[1m/opt/ros/humble/include/rclcpp/rclcpp/any_subscription_callback.hpp:408:3: [0m[0;1;30mnote: [0m'set_deprecated' has been explicitly marked deprecated here[0m
  set_deprecated(std::function<void(std::shared_ptr<SetT>)> callback)
[0;1;32m  ^
[0m[1m/opt/ros/humble/include/rclcpp/rclcpp/any_subscription_callback.hpp:391:7: [0m[0;1;35mwarning: [0m[1m'set_deprecated<rmf_traffic_msgs::msg::ScheduleQueries_<std::allocator<void>>>' is deprecated: use 'void(std::shared_ptr<const MessageT>)' instead [-Wdeprecated-declarations][0m
      set_deprecated(static_cast<typename scbth::callback_type>(callback));
[0;1;32m      ^
[0m[1m/opt/ros/humble/include/rclcpp/rclcpp/any_subscription_callback.hpp:405:5: [0m[0;1;30mnote: [0m'set_deprecated<rmf_traffic_msgs::msg::ScheduleQueries_<std::allocator<void>>>' has been explicitly marked deprecated here[0m
  [[deprecated("use 'void(std::shared_ptr<const MessageT>)' instead")]]
[0;1;32m    ^
[0m[1m/opt/ros/humble/include/rclcpp/rclcpp/any_subscription_callback.hpp:391:7: [0m[0;1;35mwarning: [0m[1m'set_deprecated' is deprecated: use 'void(std::shared_ptr<const MessageT>)' instead [-Wdeprecated-declarations][0m
      set_deprecated(static_cast<typename scbth::callback_type>(callback));
[0;1;32m      ^
[0m[1m/opt/ros/humble/include/rclcpp/rclcpp/subscription_factory.hpp:94:29: [0m[0;1;30mnote: [0min instantiation of function template specialization 'rclcpp::AnySubscriptionCallback<rmf_traffic_msgs::msg::ScheduleQueries_<std::allocator<void>>>::set<(lambda at /home/wang/rmf_ws/src/rmf/rmf_ros2/rmf_traffic_ros2/src/rmf_traffic_ros2/schedule/MonitorNode.cpp:126:5)>' requested here[0m
  any_subscription_callback.set(std::forward<CallbackT>(callback));
[0;1;32m                            ^
[0m[1m/opt/ros/humble/include/rclcpp/rclcpp/create_subscription.hpp:122:26: [0m[0;1;30mnote: [0min instantiation of function template specialization 'rclcpp::create_subscription_factory<rmf_traffic_msgs::msg::ScheduleQueries_<std::allocator<void>>, (lambda at /home/wang/rmf_ws/src/rmf/rmf_ros2/rmf_traffic_ros2/src/rmf_traffic_ros2/schedule/MonitorNode.cpp:126:5), std::allocator<void>, rclcpp::Subscription<rmf_traffic_msgs::msg::ScheduleQueries_<std::allocator<void>>, std::allocator<void>, rmf_traffic_msgs::msg::ScheduleQueries_<std::allocator<void>>, rmf_traffic_msgs::msg::ScheduleQueries_<std::allocator<void>>>, rclcpp::message_memory_strategy::MessageMemoryStrategy<rmf_traffic_msgs::msg::ScheduleQueries_<std::allocator<void>>>, rmf_traffic_msgs::msg::ScheduleQueries_<std::allocator<void>>>' requested here[0m
  auto factory = rclcpp::create_subscription_factory<MessageT>(
[0;1;32m                         ^
[0m[1m/opt/ros/humble/include/rclcpp/rclcpp/create_subscription.hpp:190:26: [0m[0;1;30mnote: [0min instantiation of function template specialization 'rclcpp::detail::create_subscription<rmf_traffic_msgs::msg::ScheduleQueries_<std::allocator<void>>, (lambda at /home/wang/rmf_ws/src/rmf/rmf_ros2/rmf_traffic_ros2/src/rmf_traffic_ros2/schedule/MonitorNode.cpp:126:5), std::allocator<void>, rclcpp::Subscription<rmf_traffic_msgs::msg::ScheduleQueries_<std::allocator<void>>, std::allocator<void>, rmf_traffic_msgs::msg::ScheduleQueries_<std::allocator<void>>, rmf_traffic_msgs::msg::ScheduleQueries_<std::allocator<void>>>, rclcpp::message_memory_strategy::MessageMemoryStrategy<rmf_traffic_msgs::msg::ScheduleQueries_<std::allocator<void>>>, rclcpp::Node, rclcpp::Node, rmf_traffic_msgs::msg::ScheduleQueries_<std::allocator<void>>>' requested here[0m
  return rclcpp::detail::create_subscription<
[0;1;32m                         ^
[0m[1m/opt/ros/humble/include/rclcpp/rclcpp/node_impl.hpp:99:18: [0m[0;1;30mnote: [0min instantiation of function template specialization 'rclcpp::create_subscription<rmf_traffic_msgs::msg::ScheduleQueries_<std::allocator<void>>, (lambda at /home/wang/rmf_ws/src/rmf/rmf_ros2/rmf_traffic_ros2/src/rmf_traffic_ros2/schedule/MonitorNode.cpp:126:5), std::allocator<void>, rclcpp::Subscription<rmf_traffic_msgs::msg::ScheduleQueries_<std::allocator<void>>, std::allocator<void>, rmf_traffic_msgs::msg::ScheduleQueries_<std::allocator<void>>, rmf_traffic_msgs::msg::ScheduleQueries_<std::allocator<void>>>, rclcpp::message_memory_strategy::MessageMemoryStrategy<rmf_traffic_msgs::msg::ScheduleQueries_<std::allocator<void>>>, rclcpp::Node>' requested here[0m
  return rclcpp::create_subscription<MessageT>(
[0;1;32m                 ^
[0m[1m/home/wang/rmf_ws/src/rmf/rmf_ros2/rmf_traffic_ros2/src/rmf_traffic_ros2/schedule/MonitorNode.cpp:123:22: [0m[0;1;30mnote: [0min instantiation of function template specialization 'rclcpp::Node::create_subscription<rmf_traffic_msgs::msg::ScheduleQueries_<std::allocator<void>>, (lambda at /home/wang/rmf_ws/src/rmf/rmf_ros2/rmf_traffic_ros2/src/rmf_traffic_ros2/schedule/MonitorNode.cpp:126:5), std::allocator<void>, rclcpp::Subscription<rmf_traffic_msgs::msg::ScheduleQueries_<std::allocator<void>>, std::allocator<void>, rmf_traffic_msgs::msg::ScheduleQueries_<std::allocator<void>>, rmf_traffic_msgs::msg::ScheduleQueries_<std::allocator<void>>>, rclcpp::message_memory_strategy::MessageMemoryStrategy<rmf_traffic_msgs::msg::ScheduleQueries_<std::allocator<void>>>>' requested here[0m
  queries_info_sub = create_subscription<ScheduleQueries>(
[0;1;32m                     ^
[0m[1m/opt/ros/humble/include/rclcpp/rclcpp/any_subscription_callback.hpp:408:3: [0m[0;1;30mnote: [0m'set_deprecated' has been explicitly marked deprecated here[0m
  set_deprecated(std::function<void(std::shared_ptr<SetT>)> callback)
[0;1;32m  ^
[0m[1m/opt/ros/humble/include/rclcpp/rclcpp/any_subscription_callback.hpp:391:7: [0m[0;1;35mwarning: [0m[1m'set_deprecated<rmf_traffic_msgs::msg::ScheduleQueries_<std::allocator<void>>>' is deprecated: use 'void(std::shared_ptr<const MessageT>)' instead [-Wdeprecated-declarations][0m
      set_deprecated(static_cast<typename scbth::callback_type>(callback));
[0;1;32m      ^
[0m[1m/opt/ros/humble/include/rclcpp/rclcpp/any_subscription_callback.hpp:405:5: [0m[0;1;30mnote: [0m'set_deprecated<rmf_traffic_msgs::msg::ScheduleQueries_<std::allocator<void>>>' has been explicitly marked deprecated here[0m
  [[deprecated("use 'void(std::shared_ptr<const MessageT>)' instead")]]
[0;1;32m    ^
[0m[1m/opt/ros/humble/include/rclcpp/rclcpp/any_subscription_callback.hpp:391:7: [0m[0;1;35mwarning: [0m[1m'set_deprecated' is deprecated: use 'void(std::shared_ptr<const MessageT>)' instead [-Wdeprecated-declarations][0m
      set_deprecated(static_cast<typename scbth::callback_type>(callback));
[0;1;32m      ^
[0m[1m/opt/ros/humble/include/rclcpp/rclcpp/subscription_factory.hpp:94:29: [0m[0;1;30mnote: [0min instantiation of function template specialization 'rclcpp::AnySubscriptionCallback<rmf_traffic_msgs::msg::Participants_<std::allocator<void>>>::set<(lambda at /home/wang/rmf_ws/src/rmf/rmf_ros2/rmf_traffic_ros2/src/rmf_traffic_ros2/schedule/MirrorManager.cpp:249:7)>' requested here[0m
  any_subscription_callback.set(std::forward<CallbackT>(callback));
[0;1;32m                            ^
[0m[1m/opt/ros/humble/include/rclcpp/rclcpp/create_subscription.hpp:122:26: [0m[0;1;30mnote: [0min instantiation of function template specialization 'rclcpp::create_subscription_factory<rmf_traffic_msgs::msg::Participants_<std::allocator<void>>, (lambda at /home/wang/rmf_ws/src/rmf/rmf_ros2/rmf_traffic_ros2/src/rmf_traffic_ros2/schedule/MirrorManager.cpp:249:7), std::allocator<void>, rclcpp::Subscription<rmf_traffic_msgs::msg::Participants_<std::allocator<void>>, std::allocator<void>, rmf_traffic_msgs::msg::Participants_<std::allocator<void>>, rmf_traffic_msgs::msg::Participants_<std::allocator<void>>>, rclcpp::message_memory_strategy::MessageMemoryStrategy<rmf_traffic_msgs::msg::Participants_<std::allocator<void>>>, rmf_traffic_msgs::msg::Participants_<std::allocator<void>>>' requested here[0m
  auto factory = rclcpp::create_subscription_factory<MessageT>(
[0;1;32m                         ^
[0m[1m/opt/ros/humble/include/rclcpp/rclcpp/create_subscription.hpp:190:26: [0m[0;1;30mnote: [0min instantiation of function template specialization 'rclcpp::detail::create_subscription<rmf_traffic_msgs::msg::Participants_<std::allocator<void>>, (lambda at /home/wang/rmf_ws/src/rmf/rmf_ros2/rmf_traffic_ros2/src/rmf_traffic_ros2/schedule/MirrorManager.cpp:249:7), std::allocator<void>, rclcpp::Subscription<rmf_traffic_msgs::msg::Participants_<std::allocator<void>>, std::allocator<void>, rmf_traffic_msgs::msg::Participants_<std::allocator<void>>, rmf_traffic_msgs::msg::Participants_<std::allocator<void>>>, rclcpp::message_memory_strategy::MessageMemoryStrategy<rmf_traffic_msgs::msg::Participants_<std::allocator<void>>>, rclcpp::Node, rclcpp::Node, rmf_traffic_msgs::msg::Participants_<std::allocator<void>>>' requested here[0m
  return rclcpp::detail::create_subscription<
[0;1;32m                         ^
[0m[1m/opt/ros/humble/include/rclcpp/rclcpp/node_impl.hpp:99:18: [0m[0;1;30mnote: [0min instantiation of function template specialization 'rclcpp::create_subscription<rmf_traffic_msgs::msg::Participants_<std::allocator<void>>, (lambda at /home/wang/rmf_ws/src/rmf/rmf_ros2/rmf_traffic_ros2/src/rmf_traffic_ros2/schedule/MirrorManager.cpp:249:7), std::allocator<void>, rclcpp::Subscription<rmf_traffic_msgs::msg::Participants_<std::allocator<void>>, std::allocator<void>, rmf_traffic_msgs::msg::Participants_<std::allocator<void>>, rmf_traffic_msgs::msg::Participants_<std::allocator<void>>>, rclcpp::message_memory_strategy::MessageMemoryStrategy<rmf_traffic_msgs::msg::Participants_<std::allocator<void>>>, rclcpp::Node>' requested here[0m
  return rclcpp::create_subscription<MessageT>(
[0;1;32m                 ^
[0m[1m/home/wang/rmf_ws/src/rmf/rmf_ros2/rmf_traffic_ros2/src/rmf_traffic_ros2/schedule/MirrorManager.cpp:246:35: [0m[0;1;30mnote: [0min instantiation of function template specialization 'rclcpp::Node::create_subscription<rmf_traffic_msgs::msg::Participants_<std::allocator<void>>, (lambda at /home/wang/rmf_ws/src/rmf/rmf_ros2/rmf_traffic_ros2/src/rmf_traffic_ros2/schedule/MirrorManager.cpp:249:7), std::allocator<void>, rclcpp::Subscription<rmf_traffic_msgs::msg::Participants_<std::allocator<void>>, std::allocator<void>, rmf_traffic_msgs::msg::Participants_<std::allocator<void>>, rmf_traffic_msgs::msg::Participants_<std::allocator<void>>>, rclcpp::message_memory_strategy::MessageMemoryStrategy<rmf_traffic_msgs::msg::Participants_<std::allocator<void>>>>' requested here[0m
    participants_info_sub = node->create_subscription<ParticipantsInfo>(
[0;1;32m                                  ^
[0m[1m/opt/ros/humble/include/rclcpp/rclcpp/any_subscription_callback.hpp:408:3: [0m[0;1;30mnote: [0m'set_deprecated' has been explicitly marked deprecated here[0m
  set_deprecated(std::function<void(std::shared_ptr<SetT>)> callback)
[0;1;32m  ^
[0m[1m/opt/ros/humble/include/rclcpp/rclcpp/any_subscription_callback.hpp:391:7: [0m[0;1;35mwarning: [0m[1m'set_deprecated<rmf_traffic_msgs::msg::Participants_<std::allocator<void>>>' is deprecated: use 'void(std::shared_ptr<const MessageT>)' instead [-Wdeprecated-declarations][0m
      set_deprecated(static_cast<typename scbth::callback_type>(callback));
[0;1;32m      ^
[0m[1m/opt/ros/humble/include/rclcpp/rclcpp/any_subscription_callback.hpp:405:5: [0m[0;1;30mnote: [0m'set_deprecated<rmf_traffic_msgs::msg::Participants_<std::allocator<void>>>' has been explicitly marked deprecated here[0m
  [[deprecated("use 'void(std::shared_ptr<const MessageT>)' instead")]]
[0;1;32m    ^
[0m[1m/opt/ros/humble/include/rclcpp/rclcpp/any_subscription_callback.hpp:391:7: [0m[0;1;35mwarning: [0m[1m'set_deprecated' is deprecated: use 'void(std::shared_ptr<const MessageT>)' instead [-Wdeprecated-declarations][0m
      set_deprecated(static_cast<typename scbth::callback_type>(callback));
[0;1;32m      ^
[0m[1m/opt/ros/humble/include/rclcpp/rclcpp/subscription_factory.hpp:94:29: [0m[0;1;30mnote: [0min instantiation of function template specialization 'rclcpp::AnySubscriptionCallback<rmf_traffic_msgs::msg::MirrorUpdate_<std::allocator<void>>>::set<(lambda at /home/wang/rmf_ws/src/rmf/rmf_ros2/rmf_traffic_ros2/src/rmf_traffic_ros2/schedule/MirrorManager.cpp:259:7)>' requested here[0m
  any_subscription_callback.set(std::forward<CallbackT>(callback));
[0;1;32m                            ^
[0m[1m/opt/ros/humble/include/rclcpp/rclcpp/create_subscription.hpp:122:26: [0m[0;1;30mnote: [0min instantiation of function template specialization 'rclcpp::create_subscription_factory<rmf_traffic_msgs::msg::MirrorUpdate_<std::allocator<void>>, (lambda at /home/wang/rmf_ws/src/rmf/rmf_ros2/rmf_traffic_ros2/src/rmf_traffic_ros2/schedule/MirrorManager.cpp:259:7), std::allocator<void>, rclcpp::Subscription<rmf_traffic_msgs::msg::MirrorUpdate_<std::allocator<void>>, std::allocator<void>, rmf_traffic_msgs::msg::MirrorUpdate_<std::allocator<void>>, rmf_traffic_msgs::msg::MirrorUpdate_<std::allocator<void>>>, rclcpp::message_memory_strategy::MessageMemoryStrategy<rmf_traffic_msgs::msg::MirrorUpdate_<std::allocator<void>>>, rmf_traffic_msgs::msg::MirrorUpdate_<std::allocator<void>>>' requested here[0m
  auto factory = rclcpp::create_subscription_factory<MessageT>(
[0;1;32m                         ^
[0m[1m/opt/ros/humble/include/rclcpp/rclcpp/create_subscription.hpp:190:26: [0m[0;1;30mnote: [0min instantiation of function template specialization 'rclcpp::detail::create_subscription<rmf_traffic_msgs::msg::MirrorUpdate_<std::allocator<void>>, (lambda at /home/wang/rmf_ws/src/rmf/rmf_ros2/rmf_traffic_ros2/src/rmf_traffic_ros2/schedule/MirrorManager.cpp:259:7), std::allocator<void>, rclcpp::Subscription<rmf_traffic_msgs::msg::MirrorUpdate_<std::allocator<void>>, std::allocator<void>, rmf_traffic_msgs::msg::MirrorUpdate_<std::allocator<void>>, rmf_traffic_msgs::msg::MirrorUpdate_<std::allocator<void>>>, rclcpp::message_memory_strategy::MessageMemoryStrategy<rmf_traffic_msgs::msg::MirrorUpdate_<std::allocator<void>>>, rclcpp::Node, rclcpp::Node, rmf_traffic_msgs::msg::MirrorUpdate_<std::allocator<void>>>' requested here[0m
  return rclcpp::detail::create_subscription<
[0;1;32m                         ^
[0m[1m/opt/ros/humble/include/rclcpp/rclcpp/node_impl.hpp:99:18: [0m[0;1;30mnote: [0min instantiation of function template specialization 'rclcpp::create_subscription<rmf_traffic_msgs::msg::MirrorUpdate_<std::allocator<void>>, (lambda at /home/wang/rmf_ws/src/rmf/rmf_ros2/rmf_traffic_ros2/src/rmf_traffic_ros2/schedule/MirrorManager.cpp:259:7), std::allocator<void>, rclcpp::Subscription<rmf_traffic_msgs::msg::MirrorUpdate_<std::allocator<void>>, std::allocator<void>, rmf_traffic_msgs::msg::MirrorUpdate_<std::allocator<void>>, rmf_traffic_msgs::msg::MirrorUpdate_<std::allocator<void>>>, rclcpp::message_memory_strategy::MessageMemoryStrategy<rmf_traffic_msgs::msg::MirrorUpdate_<std::allocator<void>>>, rclcpp::Node>' requested here[0m
  return rclcpp::create_subscription<MessageT>(
[0;1;32m                 ^
[0m[1m/home/wang/rmf_ws/src/rmf/rmf_ros2/rmf_traffic_ros2/src/rmf_traffic_ros2/schedule/MirrorManager.cpp:256:31: [0m[0;1;30mnote: [0min instantiation of function template specialization 'rclcpp::Node::create_subscription<rmf_traffic_msgs::msg::MirrorUpdate_<std::allocator<void>>, (lambda at /home/wang/rmf_ws/src/rmf/rmf_ros2/rmf_traffic_ros2/src/rmf_traffic_ros2/schedule/MirrorManager.cpp:259:7), std::allocator<void>, rclcpp::Subscription<rmf_traffic_msgs::msg::MirrorUpdate_<std::allocator<void>>, std::allocator<void>, rmf_traffic_msgs::msg::MirrorUpdate_<std::allocator<void>>, rmf_traffic_msgs::msg::MirrorUpdate_<std::allocator<void>>>, rclcpp::message_memory_strategy::MessageMemoryStrategy<rmf_traffic_msgs::msg::MirrorUpdate_<std::allocator<void>>>>' requested here[0m
    mirror_update_sub = node->create_subscription<MirrorUpdate>(
[0;1;32m                              ^
[0m[1m/opt/ros/humble/include/rclcpp/rclcpp/any_subscription_callback.hpp:408:3: [0m[0;1;30mnote: [0m'set_deprecated' has been explicitly marked deprecated here[0m
  set_deprecated(std::function<void(std::shared_ptr<SetT>)> callback)
[0;1;32m  ^
[0m[1m/opt/ros/humble/include/rclcpp/rclcpp/any_subscription_callback.hpp:391:7: [0m[0;1;35mwarning: [0m[1m'set_deprecated<rmf_traffic_msgs::msg::MirrorUpdate_<std::allocator<void>>>' is deprecated: use 'void(std::shared_ptr<const MessageT>)' instead [-Wdeprecated-declarations][0m
      set_deprecated(static_cast<typename scbth::callback_type>(callback));
[0;1;32m      ^
[0m[1m/opt/ros/humble/include/rclcpp/rclcpp/any_subscription_callback.hpp:405:5: [0m[0;1;30mnote: [0m'set_deprecated<rmf_traffic_msgs::msg::MirrorUpdate_<std::allocator<void>>>' has been explicitly marked deprecated here[0m
  [[deprecated("use 'void(std::shared_ptr<const MessageT>)' instead")]]
[0;1;32m    ^
[0m4 warnings generated.
2 warnings generated.
2 warnings generated.
8 warnings generated.
[1m/home/wang/rmf_ws/src/rmf/rmf_ros2/rmf_traffic_ros2/test/mock_participants/repetitive_delay_participant.cpp:70:20: [0m[0;1;35mwarning: [0m[1m'delay' is deprecated: Use cumulative_delay instead [-Wdeprecated-declarations][0m
      participant->delay(1s);
[0;1;32m                   ^
[0m[1m/home/wang/rmf_ws/install/rmf_traffic/include/rmf_traffic/schedule/Participant.hpp:80:5: [0m[0;1;30mnote: [0m'delay' has been explicitly marked deprecated here[0m
  [[deprecated("Use cumulative_delay instead")]]
[0;1;32m    ^
[0m1 warning generated.
