-- The C compiler identification is Clang 14.0.0
-- The CXX compiler identification is Clang 14.0.0
-- Detecting C compiler ABI info
-- Detecting C compiler ABI info - done
-- Check for working C compiler: /usr/bin/clang - skipped
-- Detecting C compile features
-- Detecting C compile features - done
-- Detecting CXX compiler ABI info
-- Detecting CXX compiler ABI info - done
-- Check for working CXX compiler: /usr/bin/clang++ - skipped
-- Detecting CXX compile features
-- Detecting CXX compile features - done
-- Found ament_cmake: 1.3.5 (/opt/ros/humble/share/ament_cmake/cmake)
-- Found Python3: /usr/bin/python3.10 (found version "3.10.6") found components: Interpreter 
-- Found eigen3_cmake_module: 0.1.1 (/opt/ros/humble/share/eigen3_cmake_module/cmake)
-- Found Eigen3: TRUE (found version "3.4.0") 
-- Performing Test CMAKE_HAVE_LIBC_PTHREAD
-- Performing Test CMAKE_HAVE_LIBC_PTHREAD - Success
-- Found Threads: TRUE  
-- Found rmf_traffic_msgs: 3.0.3 (/home/wang/rmf_ws/install/rmf_traffic_msgs/share/rmf_traffic_msgs/cmake)
-- Found rosidl_generator_c: 3.1.4 (/opt/ros/humble/share/rosidl_generator_c/cmake)
-- Found rosidl_adapter: 3.1.4 (/opt/ros/humble/share/rosidl_adapter/cmake)
-- Found rosidl_generator_cpp: 3.1.4 (/opt/ros/humble/share/rosidl_generator_cpp/cmake)
-- Using all available rosidl_typesupport_c: rosidl_typesupport_fastrtps_c;rosidl_typesupport_introspection_c
-- Using all available rosidl_typesupport_cpp: rosidl_typesupport_fastrtps_cpp;rosidl_typesupport_introspection_cpp
-- Found rmf_site_map_msgs: 3.0.3 (/home/wang/rmf_ws/install/rmf_site_map_msgs/share/rmf_site_map_msgs/cmake)
-- Found rmf_building_map_msgs: 1.2.1 (/home/wang/rmf_ws/install/rmf_building_map_msgs/share/rmf_building_map_msgs/cmake)
-- Found rmf_fleet_msgs: 3.0.3 (/home/wang/rmf_ws/install/rmf_fleet_msgs/share/rmf_fleet_msgs/cmake)
-- Found rclcpp: 16.0.4 (/opt/ros/humble/share/rclcpp/cmake)
-- Found rmw_implementation_cmake: 6.1.1 (/opt/ros/humble/share/rmw_implementation_cmake/cmake)
-- Found rmw_fastrtps_cpp: 6.2.2 (/opt/ros/humble/share/rmw_fastrtps_cpp/cmake)
-- Found OpenSSL: /usr/lib/x86_64-linux-gnu/libcrypto.so (found version "3.0.2")  
-- Found FastRTPS: /opt/ros/humble/include  
-- Using RMW implementation 'rmw_fastrtps_cpp' as default
-- Found nlohmann_json: /usr/lib/cmake/nlohmann_json/nlohmann_jsonConfig.cmake (found version "3.10.5") 
-- Found ZLIB: /usr/lib/x86_64-linux-gnu/libz.so (found version "1.2.11")  
-- Found LibUUID: /usr/lib/x86_64-linux-gnu/libuuid.so  
-- Found PkgConfig: /usr/bin/pkg-config (found version "0.29.2") 
-- Checking for module 'proj'
--   Found proj, version 8.2.1
-- found rmf_traffic
-- rmf_traffic_LIBRARIES: 
-- rmf_traffic_INCLUDE_DIRS: /usr/include/eigen3
-- Found ament_cmake_uncrustify: 0.12.6 (/opt/ros/humble/share/ament_cmake_uncrustify/cmake)
-- Configuring done (1.6s)
-- Generating done (0.2s)
-- Build files have been written to: /home/wang/rmf_ws/build/rmf_traffic_ros2
[  7%] [32mBuilding CXX object CMakeFiles/rmf_traffic_ros2.dir/src/rmf_traffic_ros2/blockade/Node.cpp.o[0m
[  7%] [32mBuilding CXX object CMakeFiles/rmf_traffic_ros2.dir/src/rmf_traffic_ros2/blockade/Writer.cpp.o[0m
[  7%] [32mBuilding CXX object CMakeFiles/rmf_traffic_ros2.dir/src/rmf_traffic_ros2/convert_Profile.cpp.o[0m
[  9%] [32mBuilding CXX object CMakeFiles/rmf_traffic_ros2.dir/src/rmf_traffic_ros2/convert_Route.cpp.o[0m
[  9%] [32mBuilding CXX object CMakeFiles/rmf_traffic_ros2.dir/src/rmf_traffic_ros2/convert_Graph.cpp.o[0m
[ 10%] [32mBuilding CXX object CMakeFiles/rmf_traffic_ros2.dir/src/rmf_traffic_ros2/convert_Trajectory.cpp.o[0m
[ 14%] [32mBuilding CXX object CMakeFiles/rmf_traffic_ros2.dir/src/rmf_traffic_ros2/convert_Time.cpp.o[0m
[ 14%] [32mBuilding CXX object CMakeFiles/rmf_traffic_ros2.dir/src/rmf_traffic_ros2/geometry/Circle.cpp.o[0m
[ 16%] [32mBuilding CXX object CMakeFiles/rmf_traffic_ros2.dir/src/rmf_traffic_ros2/geometry/Shape.cpp.o[0m
[ 18%] [32mBuilding CXX object CMakeFiles/rmf_traffic_ros2.dir/src/rmf_traffic_ros2/geometry/ConvexShape.cpp.o[0m
[ 20%] [32mBuilding CXX object CMakeFiles/rmf_traffic_ros2.dir/src/rmf_traffic_ros2/schedule/MirrorManager.cpp.o[0m
[ 21%] [32mBuilding CXX object CMakeFiles/rmf_traffic_ros2.dir/src/rmf_traffic_ros2/schedule/MonitorNode.cpp.o[0m
[ 23%] [32mBuilding CXX object CMakeFiles/rmf_traffic_ros2.dir/src/rmf_traffic_ros2/schedule/Negotiation.cpp.o[0m
[ 25%] [32mBuilding CXX object CMakeFiles/rmf_traffic_ros2.dir/src/rmf_traffic_ros2/schedule/NegotiationRoom.cpp.o[0m
[ 27%] [32mBuilding CXX object CMakeFiles/rmf_traffic_ros2.dir/src/rmf_traffic_ros2/schedule/Node.cpp.o[0m
[ 29%] [32mBuilding CXX object CMakeFiles/rmf_traffic_ros2.dir/src/rmf_traffic_ros2/schedule/ParticipantRegistry.cpp.o[0m
[ 30%] [32mBuilding CXX object CMakeFiles/rmf_traffic_ros2.dir/src/rmf_traffic_ros2/schedule/ScheduleIdentity.cpp.o[0m
[ 32%] [32mBuilding CXX object CMakeFiles/rmf_traffic_ros2.dir/src/rmf_traffic_ros2/schedule/Writer.cpp.o[0m
[ 34%] [32mBuilding CXX object CMakeFiles/rmf_traffic_ros2.dir/src/rmf_traffic_ros2/schedule/YamlLogger.cpp.o[0m
[ 36%] [32mBuilding CXX object CMakeFiles/rmf_traffic_ros2.dir/src/rmf_traffic_ros2/schedule/YamlSerialization.cpp.o[0m
[ 38%] [32mBuilding CXX object CMakeFiles/rmf_traffic_ros2.dir/src/rmf_traffic_ros2/schedule/convert_Change.cpp.o[0m
[ 40%] [32mBuilding CXX object CMakeFiles/rmf_traffic_ros2.dir/src/rmf_traffic_ros2/schedule/convert_Inconsistencies.cpp.o[0m
[ 41%] [32mBuilding CXX object CMakeFiles/rmf_traffic_ros2.dir/src/rmf_traffic_ros2/schedule/convert_Itinerary.cpp.o[0m
[ 43%] [32mBuilding CXX object CMakeFiles/rmf_traffic_ros2.dir/src/rmf_traffic_ros2/schedule/convert_ParticipantDescription.cpp.o[0m
[ 45%] [32mBuilding CXX object CMakeFiles/rmf_traffic_ros2.dir/src/rmf_traffic_ros2/schedule/convert_Patch.cpp.o[0m
[ 47%] [32mBuilding CXX object CMakeFiles/rmf_traffic_ros2.dir/src/rmf_traffic_ros2/schedule/convert_Query.cpp.o[0m
[ 49%] [32m[1mLinking CXX shared library librmf_traffic_ros2.so[0m
[ 49%] Built target rmf_traffic_ros2
[ 52%] [32mBuilding CXX object CMakeFiles/test_rmf_traffic_ros2.dir/test/unit/test_ParticipantRegistry.cpp.o[0m
[ 54%] [32mBuilding CXX object CMakeFiles/missing_query_schedule_node.dir/test/mock_schedule_nodes/missing_query_schedule.cpp.o[0m
[ 56%] [32mBuilding CXX object CMakeFiles/test_rmf_traffic_ros2.dir/test/main.cpp.o[0m
[ 56%] [32mBuilding CXX object CMakeFiles/test_rmf_traffic_ros2.dir/test/unit/test_convert_Graph.cpp.o[0m
[ 60%] [32mBuilding CXX object CMakeFiles/mock_repetitive_delay_participant.dir/test/mock_participants/repetitive_delay_participant.cpp.o[0m
[ 60%] [32mBuilding CXX object CMakeFiles/wrong_query_schedule_node.dir/test/mock_schedule_nodes/wrong_query.cpp.o[0m
[ 63%] [32mBuilding CXX object CMakeFiles/changed_participant_schedule_node.dir/test/mock_schedule_nodes/changed_participant_id.cpp.o[0m
[ 63%] [32mBuilding CXX object CMakeFiles/missing_query_monitor_node.dir/test/mock_monitor_nodes/missing_query_monitor.cpp.o[0m
[ 65%] [32mBuilding CXX object CMakeFiles/missing_participant_schedule_node.dir/test/mock_schedule_nodes/missing_participant.cpp.o[0m
[ 70%] [32mBuilding CXX object CMakeFiles/rmf_traffic_schedule.dir/src/rmf_traffic_schedule/main.cpp.o[0m
[ 70%] [32mBuilding CXX object CMakeFiles/participant_node.dir/examples/participant_node.cpp.o[0m
[ 70%] [32mBuilding CXX object CMakeFiles/delayed_query_broadcast_monitor_node.dir/test/mock_monitor_nodes/delayed_query_broadcast_monitor.cpp.o[0m
[ 72%] [32mBuilding CXX object CMakeFiles/rmf_traffic_blockade.dir/src/rmf_traffic_blockade/main.cpp.o[0m
[ 74%] [32mBuilding CXX object CMakeFiles/rmf_traffic_schedule_monitor.dir/src/rmf_traffic_schedule_monitor/main.cpp.o[0m
[ 76%] [32mBuilding CXX object CMakeFiles/update_participant.dir/src/update_participant/main.cpp.o[0m
[ 78%] [32m[1mLinking CXX executable rmf_traffic_blockade[0m
[ 80%] [32m[1mLinking CXX executable rmf_traffic_schedule[0m
[ 80%] Built target rmf_traffic_blockade
[ 80%] Built target rmf_traffic_schedule
[ 81%] [32m[1mLinking CXX executable participant_node[0m
[ 81%] Built target participant_node
[ 83%] [32m[1mLinking CXX executable rmf_traffic_schedule_monitor[0m
[ 83%] Built target rmf_traffic_schedule_monitor
[ 85%] [32m[1mLinking CXX executable mock_repetitive_delay_participant[0m
[ 85%] Built target mock_repetitive_delay_participant
[ 87%] [32m[1mLinking CXX executable update_participant[0m
[ 87%] Built target update_participant
[ 89%] [32m[1mLinking CXX executable changed_participant_schedule_node[0m
[ 89%] Built target changed_participant_schedule_node
[ 90%] [32m[1mLinking CXX executable missing_participant_schedule_node[0m
[ 90%] Built target missing_participant_schedule_node
[ 92%] [32m[1mLinking CXX executable missing_query_schedule_node[0m
[ 92%] Built target missing_query_schedule_node
[ 94%] [32m[1mLinking CXX executable missing_query_monitor_node[0m
[ 96%] [32m[1mLinking CXX executable wrong_query_schedule_node[0m
[ 96%] Built target missing_query_monitor_node
[ 96%] Built target wrong_query_schedule_node
[ 98%] [32m[1mLinking CXX executable delayed_query_broadcast_monitor_node[0m
[ 98%] Built target delayed_query_broadcast_monitor_node
[100%] [32m[1mLinking CXX executable test_rmf_traffic_ros2[0m
[100%] Built target test_rmf_traffic_ros2
-- Install configuration: "Release"
-- Installing: /home/wang/rmf_ws/install/rmf_traffic_ros2/lib/rmf_traffic_ros2/missing_query_schedule_node
-- Set runtime path of "/home/wang/rmf_ws/install/rmf_traffic_ros2/lib/rmf_traffic_ros2/missing_query_schedule_node" to ""
-- Installing: /home/wang/rmf_ws/install/rmf_traffic_ros2/lib/rmf_traffic_ros2/missing_query_monitor_node
-- Set runtime path of "/home/wang/rmf_ws/install/rmf_traffic_ros2/lib/rmf_traffic_ros2/missing_query_monitor_node" to ""
-- Installing: /home/wang/rmf_ws/install/rmf_traffic_ros2/lib/rmf_traffic_ros2/wrong_query_schedule_node
-- Set runtime path of "/home/wang/rmf_ws/install/rmf_traffic_ros2/lib/rmf_traffic_ros2/wrong_query_schedule_node" to ""
-- Installing: /home/wang/rmf_ws/install/rmf_traffic_ros2/lib/rmf_traffic_ros2/delayed_query_broadcast_monitor_node
-- Set runtime path of "/home/wang/rmf_ws/install/rmf_traffic_ros2/lib/rmf_traffic_ros2/delayed_query_broadcast_monitor_node" to ""
-- Installing: /home/wang/rmf_ws/install/rmf_traffic_ros2/lib/rmf_traffic_ros2/missing_participant_schedule_node
-- Set runtime path of "/home/wang/rmf_ws/install/rmf_traffic_ros2/lib/rmf_traffic_ros2/missing_participant_schedule_node" to ""
-- Installing: /home/wang/rmf_ws/install/rmf_traffic_ros2/lib/rmf_traffic_ros2/changed_participant_schedule_node
-- Set runtime path of "/home/wang/rmf_ws/install/rmf_traffic_ros2/lib/rmf_traffic_ros2/changed_participant_schedule_node" to ""
-- Installing: /home/wang/rmf_ws/install/rmf_traffic_ros2/lib/rmf_traffic_ros2/mock_repetitive_delay_participant
-- Set runtime path of "/home/wang/rmf_ws/install/rmf_traffic_ros2/lib/rmf_traffic_ros2/mock_repetitive_delay_participant" to ""
-- Installing: /home/wang/rmf_ws/install/rmf_traffic_ros2/share/rmf_traffic_ros2/environment/library_path.sh
-- Installing: /home/wang/rmf_ws/install/rmf_traffic_ros2/share/rmf_traffic_ros2/environment/library_path.dsv
-- Installing: /home/wang/rmf_ws/install/rmf_traffic_ros2/include
-- Installing: /home/wang/rmf_ws/install/rmf_traffic_ros2/include/rmf_traffic_ros2
-- Installing: /home/wang/rmf_ws/install/rmf_traffic_ros2/include/rmf_traffic_ros2/geometry
-- Installing: /home/wang/rmf_ws/install/rmf_traffic_ros2/include/rmf_traffic_ros2/geometry/ConvexShape.hpp
-- Installing: /home/wang/rmf_ws/install/rmf_traffic_ros2/include/rmf_traffic_ros2/geometry/Shape.hpp
-- Installing: /home/wang/rmf_ws/install/rmf_traffic_ros2/include/rmf_traffic_ros2/geometry/Circle.hpp
-- Installing: /home/wang/rmf_ws/install/rmf_traffic_ros2/include/rmf_traffic_ros2/schedule
-- Installing: /home/wang/rmf_ws/install/rmf_traffic_ros2/include/rmf_traffic_ros2/schedule/Writer.hpp
-- Installing: /home/wang/rmf_ws/install/rmf_traffic_ros2/include/rmf_traffic_ros2/schedule/MonitorNode.hpp
-- Installing: /home/wang/rmf_ws/install/rmf_traffic_ros2/include/rmf_traffic_ros2/schedule/Query.hpp
-- Installing: /home/wang/rmf_ws/install/rmf_traffic_ros2/include/rmf_traffic_ros2/schedule/Node.hpp
-- Installing: /home/wang/rmf_ws/install/rmf_traffic_ros2/include/rmf_traffic_ros2/schedule/ParticipantDescription.hpp
-- Installing: /home/wang/rmf_ws/install/rmf_traffic_ros2/include/rmf_traffic_ros2/schedule/Negotiation.hpp
-- Installing: /home/wang/rmf_ws/install/rmf_traffic_ros2/include/rmf_traffic_ros2/schedule/Patch.hpp
-- Installing: /home/wang/rmf_ws/install/rmf_traffic_ros2/include/rmf_traffic_ros2/schedule/Inconsistencies.hpp
-- Installing: /home/wang/rmf_ws/install/rmf_traffic_ros2/include/rmf_traffic_ros2/schedule/ParticipantRegistry.hpp
-- Installing: /home/wang/rmf_ws/install/rmf_traffic_ros2/include/rmf_traffic_ros2/schedule/MirrorManager.hpp
-- Installing: /home/wang/rmf_ws/install/rmf_traffic_ros2/include/rmf_traffic_ros2/schedule/Itinerary.hpp
-- Installing: /home/wang/rmf_ws/install/rmf_traffic_ros2/include/rmf_traffic_ros2/schedule/ScheduleIdentity.hpp
-- Installing: /home/wang/rmf_ws/install/rmf_traffic_ros2/include/rmf_traffic_ros2/schedule/Change.hpp
-- Installing: /home/wang/rmf_ws/install/rmf_traffic_ros2/include/rmf_traffic_ros2/Trajectory.hpp
-- Installing: /home/wang/rmf_ws/install/rmf_traffic_ros2/include/rmf_traffic_ros2/StandardNames.hpp
-- Installing: /home/wang/rmf_ws/install/rmf_traffic_ros2/include/rmf_traffic_ros2/agv
-- Installing: /home/wang/rmf_ws/install/rmf_traffic_ros2/include/rmf_traffic_ros2/agv/Graph.hpp
-- Installing: /home/wang/rmf_ws/install/rmf_traffic_ros2/include/rmf_traffic_ros2/blockade
-- Installing: /home/wang/rmf_ws/install/rmf_traffic_ros2/include/rmf_traffic_ros2/blockade/Writer.hpp
-- Installing: /home/wang/rmf_ws/install/rmf_traffic_ros2/include/rmf_traffic_ros2/blockade/Node.hpp
-- Installing: /home/wang/rmf_ws/install/rmf_traffic_ros2/include/rmf_traffic_ros2/Time.hpp
-- Installing: /home/wang/rmf_ws/install/rmf_traffic_ros2/include/rmf_traffic_ros2/Route.hpp
-- Installing: /home/wang/rmf_ws/install/rmf_traffic_ros2/include/rmf_traffic_ros2/Profile.hpp
-- Installing: /home/wang/rmf_ws/install/rmf_traffic_ros2/lib/librmf_traffic_ros2.so
-- Set runtime path of "/home/wang/rmf_ws/install/rmf_traffic_ros2/lib/librmf_traffic_ros2.so" to ""
-- Installing: /home/wang/rmf_ws/install/rmf_traffic_ros2/lib/rmf_traffic_ros2/rmf_traffic_schedule
-- Set runtime path of "/home/wang/rmf_ws/install/rmf_traffic_ros2/lib/rmf_traffic_ros2/rmf_traffic_schedule" to ""
-- Installing: /home/wang/rmf_ws/install/rmf_traffic_ros2/lib/rmf_traffic_ros2/rmf_traffic_schedule_monitor
-- Set runtime path of "/home/wang/rmf_ws/install/rmf_traffic_ros2/lib/rmf_traffic_ros2/rmf_traffic_schedule_monitor" to ""
-- Installing: /home/wang/rmf_ws/install/rmf_traffic_ros2/lib/rmf_traffic_ros2/rmf_traffic_blockade
-- Set runtime path of "/home/wang/rmf_ws/install/rmf_traffic_ros2/lib/rmf_traffic_ros2/rmf_traffic_blockade" to ""
-- Installing: /home/wang/rmf_ws/install/rmf_traffic_ros2/lib/rmf_traffic_ros2/update_participant
-- Set runtime path of "/home/wang/rmf_ws/install/rmf_traffic_ros2/lib/rmf_traffic_ros2/update_participant" to ""
-- Installing: /home/wang/rmf_ws/install/rmf_traffic_ros2/share/ament_index/resource_index/package_run_dependencies/rmf_traffic_ros2
-- Installing: /home/wang/rmf_ws/install/rmf_traffic_ros2/share/ament_index/resource_index/parent_prefix_path/rmf_traffic_ros2
-- Installing: /home/wang/rmf_ws/install/rmf_traffic_ros2/share/rmf_traffic_ros2/environment/ament_prefix_path.sh
-- Installing: /home/wang/rmf_ws/install/rmf_traffic_ros2/share/rmf_traffic_ros2/environment/ament_prefix_path.dsv
-- Installing: /home/wang/rmf_ws/install/rmf_traffic_ros2/share/rmf_traffic_ros2/environment/path.sh
-- Installing: /home/wang/rmf_ws/install/rmf_traffic_ros2/share/rmf_traffic_ros2/environment/path.dsv
-- Installing: /home/wang/rmf_ws/install/rmf_traffic_ros2/share/rmf_traffic_ros2/local_setup.bash
-- Installing: /home/wang/rmf_ws/install/rmf_traffic_ros2/share/rmf_traffic_ros2/local_setup.sh
-- Installing: /home/wang/rmf_ws/install/rmf_traffic_ros2/share/rmf_traffic_ros2/local_setup.zsh
-- Installing: /home/wang/rmf_ws/install/rmf_traffic_ros2/share/rmf_traffic_ros2/local_setup.dsv
-- Installing: /home/wang/rmf_ws/install/rmf_traffic_ros2/share/rmf_traffic_ros2/package.dsv
-- Installing: /home/wang/rmf_ws/install/rmf_traffic_ros2/share/ament_index/resource_index/packages/rmf_traffic_ros2
-- Installing: /home/wang/rmf_ws/install/rmf_traffic_ros2/share/rmf_traffic_ros2/cmake/rmf_traffic_ros2Export.cmake
-- Installing: /home/wang/rmf_ws/install/rmf_traffic_ros2/share/rmf_traffic_ros2/cmake/rmf_traffic_ros2Export-release.cmake
-- Installing: /home/wang/rmf_ws/install/rmf_traffic_ros2/share/rmf_traffic_ros2/cmake/proj_dependency.cmake
-- Installing: /home/wang/rmf_ws/install/rmf_traffic_ros2/share/rmf_traffic_ros2/cmake/ament_cmake_export_targets-extras.cmake
-- Installing: /home/wang/rmf_ws/install/rmf_traffic_ros2/share/rmf_traffic_ros2/cmake/ament_cmake_export_dependencies-extras.cmake
-- Installing: /home/wang/rmf_ws/install/rmf_traffic_ros2/share/rmf_traffic_ros2/cmake/rmf_traffic_ros2Config.cmake
-- Installing: /home/wang/rmf_ws/install/rmf_traffic_ros2/share/rmf_traffic_ros2/cmake/rmf_traffic_ros2Config-version.cmake
-- Installing: /home/wang/rmf_ws/install/rmf_traffic_ros2/share/rmf_traffic_ros2/package.xml
