[0.015s] Invoking command in '/home/wang/rmf_ws/build/rmf_traffic_ros2': AMENT_PREFIX_PATH=/home/wang/rmf_ws/install/rmf_traffic_msgs:/home/wang/rmf_ws/install/rmf_site_map_msgs:/home/wang/rmf_ws/install/rmf_fleet_msgs:/home/wang/rmf_ws/install/rmf_building_map_msgs:/home/wang/rmf_ws/install/ament_cmake_catch2:${AMENT_PREFIX_PATH} CMAKE_PREFIX_PATH=/home/wang/rmf_ws/install/rmf_traffic:/home/wang/rmf_ws/install/rmf_utils:/home/wang/rmf_ws/install/rmf_traffic_msgs:/home/wang/rmf_ws/install/rmf_site_map_msgs:/home/wang/rmf_ws/install/rmf_fleet_msgs:/home/wang/rmf_ws/install/rmf_building_map_msgs:/home/wang/rmf_ws/install/ament_cmake_catch2:/opt/ros/humble LD_LIBRARY_PATH=/home/wang/rmf_ws/install/rmf_traffic/lib:/home/wang/rmf_ws/install/rmf_utils/lib:/home/wang/rmf_ws/install/rmf_traffic_msgs/lib:/home/wang/rmf_ws/install/rmf_site_map_msgs/lib:/home/wang/rmf_ws/install/rmf_fleet_msgs/lib:/home/wang/rmf_ws/install/rmf_building_map_msgs/lib:${LD_LIBRARY_PATH} PKG_CONFIG_PATH=/home/wang/rmf_ws/install/rmf_traffic/lib/x86_64-linux-gnu/pkgconfig:/home/wang/rmf_ws/install/rmf_traffic/lib/pkgconfig:/home/wang/rmf_ws/install/rmf_utils/lib/x86_64-linux-gnu/pkgconfig:/home/wang/rmf_ws/install/rmf_utils/lib/pkgconfig PYTHONPATH=/home/wang/rmf_ws/install/rmf_traffic_msgs/local/lib/python3.10/dist-packages:/home/wang/rmf_ws/install/rmf_site_map_msgs/local/lib/python3.10/dist-packages:/home/wang/rmf_ws/install/rmf_fleet_msgs/local/lib/python3.10/dist-packages:/home/wang/rmf_ws/install/rmf_building_map_msgs/local/lib/python3.10/dist-packages:${PYTHONPATH} /home/wang/.local/bin/cmake /home/wang/rmf_ws/src/rmf/rmf_ros2/rmf_traffic_ros2 -DCMAKE_EXE_LINKER_FLAGS=-fuse-ld=lld -DCMAKE_MODULE_LINKER_FLAGS=-fuse-ld=lld -DCMAKE_SHARED_LINKER_FLAGS=-fuse-ld=lld -DCMAKE_BUILD_TYPE=Release -DCMAKE_INSTALL_PREFIX=/home/wang/rmf_ws/install/rmf_traffic_ros2
[0.088s] -- The C compiler identification is Clang 14.0.0
[0.189s] -- The CXX compiler identification is Clang 14.0.0
[0.207s] -- Detecting C compiler ABI info
[0.286s] -- Detecting C compiler ABI info - done
[0.292s] -- Check for working C compiler: /usr/bin/clang - skipped
[0.293s] -- Detecting C compile features
[0.293s] -- Detecting C compile features - done
[0.296s] -- Detecting CXX compiler ABI info
[0.380s] -- Detecting CXX compiler ABI info - done
[0.387s] -- Check for working CXX compiler: /usr/bin/clang++ - skipped
[0.388s] -- Detecting CXX compile features
[0.388s] -- Detecting CXX compile features - done
[0.391s] -- Found ament_cmake: 1.3.5 (/opt/ros/humble/share/ament_cmake/cmake)
[0.678s] -- Found Python3: /usr/bin/python3.10 (found version "3.10.6") found components: Interpreter 
[0.750s] -- Found eigen3_cmake_module: 0.1.1 (/opt/ros/humble/share/eigen3_cmake_module/cmake)
[0.756s] -- Found Eigen3: TRUE (found version "3.4.0") 
[0.758s] -- Performing Test CMAKE_HAVE_LIBC_PTHREAD
[0.839s] -- Performing Test CMAKE_HAVE_LIBC_PTHREAD - Success
[0.840s] -- Found Threads: TRUE  
[0.841s] -- Found rmf_traffic_msgs: 3.0.3 (/home/wang/rmf_ws/install/rmf_traffic_msgs/share/rmf_traffic_msgs/cmake)
[0.880s] -- Found rosidl_generator_c: 3.1.4 (/opt/ros/humble/share/rosidl_generator_c/cmake)
[0.885s] -- Found rosidl_adapter: 3.1.4 (/opt/ros/humble/share/rosidl_adapter/cmake)
[0.894s] -- Found rosidl_generator_cpp: 3.1.4 (/opt/ros/humble/share/rosidl_generator_cpp/cmake)
[0.909s] -- Using all available rosidl_typesupport_c: rosidl_typesupport_fastrtps_c;rosidl_typesupport_introspection_c
[0.929s] -- Using all available rosidl_typesupport_cpp: rosidl_typesupport_fastrtps_cpp;rosidl_typesupport_introspection_cpp
[1.126s] -- Found rmf_site_map_msgs: 3.0.3 (/home/wang/rmf_ws/install/rmf_site_map_msgs/share/rmf_site_map_msgs/cmake)
[1.158s] -- Found rmf_building_map_msgs: 1.2.1 (/home/wang/rmf_ws/install/rmf_building_map_msgs/share/rmf_building_map_msgs/cmake)
[1.191s] -- Found rmf_fleet_msgs: 3.0.3 (/home/wang/rmf_ws/install/rmf_fleet_msgs/share/rmf_fleet_msgs/cmake)
[1.225s] -- Found rclcpp: 16.0.4 (/opt/ros/humble/share/rclcpp/cmake)
[1.283s] -- Found rmw_implementation_cmake: 6.1.1 (/opt/ros/humble/share/rmw_implementation_cmake/cmake)
[1.285s] -- Found rmw_fastrtps_cpp: 6.2.2 (/opt/ros/humble/share/rmw_fastrtps_cpp/cmake)
[1.371s] -- Found OpenSSL: /usr/lib/x86_64-linux-gnu/libcrypto.so (found version "3.0.2")  
[1.396s] -- Found FastRTPS: /opt/ros/humble/include  
[1.437s] -- Using RMW implementation 'rmw_fastrtps_cpp' as default
[1.564s] -- Found nlohmann_json: /usr/lib/cmake/nlohmann_json/nlohmann_jsonConfig.cmake (found version "3.10.5") 
[1.582s] -- Found ZLIB: /usr/lib/x86_64-linux-gnu/libz.so (found version "1.2.11")  
[1.585s] -- Found LibUUID: /usr/lib/x86_64-linux-gnu/libuuid.so  
[1.589s] -- Found PkgConfig: /usr/bin/pkg-config (found version "0.29.2") 
[1.589s] -- Checking for module 'proj'
[1.600s] --   Found proj, version 8.2.1
[1.623s] -- found rmf_traffic
[1.623s] -- rmf_traffic_LIBRARIES: 
[1.623s] -- rmf_traffic_INCLUDE_DIRS: /usr/include/eigen3
[1.625s] -- Found ament_cmake_uncrustify: 0.12.6 (/opt/ros/humble/share/ament_cmake_uncrustify/cmake)
[1.682s] -- Configuring done (1.6s)
[1.975s] -- Generating done (0.2s)
[1.977s] -- Build files have been written to: /home/wang/rmf_ws/build/rmf_traffic_ros2
[1.994s] Invoked command in '/home/wang/rmf_ws/build/rmf_traffic_ros2' returned '0': AMENT_PREFIX_PATH=/home/wang/rmf_ws/install/rmf_traffic_msgs:/home/wang/rmf_ws/install/rmf_site_map_msgs:/home/wang/rmf_ws/install/rmf_fleet_msgs:/home/wang/rmf_ws/install/rmf_building_map_msgs:/home/wang/rmf_ws/install/ament_cmake_catch2:${AMENT_PREFIX_PATH} CMAKE_PREFIX_PATH=/home/wang/rmf_ws/install/rmf_traffic:/home/wang/rmf_ws/install/rmf_utils:/home/wang/rmf_ws/install/rmf_traffic_msgs:/home/wang/rmf_ws/install/rmf_site_map_msgs:/home/wang/rmf_ws/install/rmf_fleet_msgs:/home/wang/rmf_ws/install/rmf_building_map_msgs:/home/wang/rmf_ws/install/ament_cmake_catch2:/opt/ros/humble LD_LIBRARY_PATH=/home/wang/rmf_ws/install/rmf_traffic/lib:/home/wang/rmf_ws/install/rmf_utils/lib:/home/wang/rmf_ws/install/rmf_traffic_msgs/lib:/home/wang/rmf_ws/install/rmf_site_map_msgs/lib:/home/wang/rmf_ws/install/rmf_fleet_msgs/lib:/home/wang/rmf_ws/install/rmf_building_map_msgs/lib:${LD_LIBRARY_PATH} PKG_CONFIG_PATH=/home/wang/rmf_ws/install/rmf_traffic/lib/x86_64-linux-gnu/pkgconfig:/home/wang/rmf_ws/install/rmf_traffic/lib/pkgconfig:/home/wang/rmf_ws/install/rmf_utils/lib/x86_64-linux-gnu/pkgconfig:/home/wang/rmf_ws/install/rmf_utils/lib/pkgconfig PYTHONPATH=/home/wang/rmf_ws/install/rmf_traffic_msgs/local/lib/python3.10/dist-packages:/home/wang/rmf_ws/install/rmf_site_map_msgs/local/lib/python3.10/dist-packages:/home/wang/rmf_ws/install/rmf_fleet_msgs/local/lib/python3.10/dist-packages:/home/wang/rmf_ws/install/rmf_building_map_msgs/local/lib/python3.10/dist-packages:${PYTHONPATH} /home/wang/.local/bin/cmake /home/wang/rmf_ws/src/rmf/rmf_ros2/rmf_traffic_ros2 -DCMAKE_EXE_LINKER_FLAGS=-fuse-ld=lld -DCMAKE_MODULE_LINKER_FLAGS=-fuse-ld=lld -DCMAKE_SHARED_LINKER_FLAGS=-fuse-ld=lld -DCMAKE_BUILD_TYPE=Release -DCMAKE_INSTALL_PREFIX=/home/wang/rmf_ws/install/rmf_traffic_ros2
[1.995s] Invoking command in '/home/wang/rmf_ws/build/rmf_traffic_ros2': AMENT_PREFIX_PATH=/home/wang/rmf_ws/install/rmf_traffic_msgs:/home/wang/rmf_ws/install/rmf_site_map_msgs:/home/wang/rmf_ws/install/rmf_fleet_msgs:/home/wang/rmf_ws/install/rmf_building_map_msgs:/home/wang/rmf_ws/install/ament_cmake_catch2:${AMENT_PREFIX_PATH} CMAKE_PREFIX_PATH=/home/wang/rmf_ws/install/rmf_traffic:/home/wang/rmf_ws/install/rmf_utils:/home/wang/rmf_ws/install/rmf_traffic_msgs:/home/wang/rmf_ws/install/rmf_site_map_msgs:/home/wang/rmf_ws/install/rmf_fleet_msgs:/home/wang/rmf_ws/install/rmf_building_map_msgs:/home/wang/rmf_ws/install/ament_cmake_catch2:/opt/ros/humble LD_LIBRARY_PATH=/home/wang/rmf_ws/install/rmf_traffic/lib:/home/wang/rmf_ws/install/rmf_utils/lib:/home/wang/rmf_ws/install/rmf_traffic_msgs/lib:/home/wang/rmf_ws/install/rmf_site_map_msgs/lib:/home/wang/rmf_ws/install/rmf_fleet_msgs/lib:/home/wang/rmf_ws/install/rmf_building_map_msgs/lib:${LD_LIBRARY_PATH} PKG_CONFIG_PATH=/home/wang/rmf_ws/install/rmf_traffic/lib/x86_64-linux-gnu/pkgconfig:/home/wang/rmf_ws/install/rmf_traffic/lib/pkgconfig:/home/wang/rmf_ws/install/rmf_utils/lib/x86_64-linux-gnu/pkgconfig:/home/wang/rmf_ws/install/rmf_utils/lib/pkgconfig PYTHONPATH=/home/wang/rmf_ws/install/rmf_traffic_msgs/local/lib/python3.10/dist-packages:/home/wang/rmf_ws/install/rmf_site_map_msgs/local/lib/python3.10/dist-packages:/home/wang/rmf_ws/install/rmf_fleet_msgs/local/lib/python3.10/dist-packages:/home/wang/rmf_ws/install/rmf_building_map_msgs/local/lib/python3.10/dist-packages:${PYTHONPATH} /home/wang/.local/bin/cmake --build /home/wang/rmf_ws/build/rmf_traffic_ros2 -- -j16 -l16
[2.048s] [  7%] [32mBuilding CXX object CMakeFiles/rmf_traffic_ros2.dir/src/rmf_traffic_ros2/blockade/Node.cpp.o[0m
[2.049s] [  7%] [32mBuilding CXX object CMakeFiles/rmf_traffic_ros2.dir/src/rmf_traffic_ros2/blockade/Writer.cpp.o[0m
[2.049s] [  7%] [32mBuilding CXX object CMakeFiles/rmf_traffic_ros2.dir/src/rmf_traffic_ros2/convert_Profile.cpp.o[0m
[2.049s] [  9%] [32mBuilding CXX object CMakeFiles/rmf_traffic_ros2.dir/src/rmf_traffic_ros2/convert_Route.cpp.o[0m
[2.050s] [  9%] [32mBuilding CXX object CMakeFiles/rmf_traffic_ros2.dir/src/rmf_traffic_ros2/convert_Graph.cpp.o[0m
[2.050s] [ 10%] [32mBuilding CXX object CMakeFiles/rmf_traffic_ros2.dir/src/rmf_traffic_ros2/convert_Trajectory.cpp.o[0m
[2.050s] [ 14%] [32mBuilding CXX object CMakeFiles/rmf_traffic_ros2.dir/src/rmf_traffic_ros2/convert_Time.cpp.o[0m
[2.050s] [ 14%] [32mBuilding CXX object CMakeFiles/rmf_traffic_ros2.dir/src/rmf_traffic_ros2/geometry/Circle.cpp.o[0m
[2.050s] [ 16%] [32mBuilding CXX object CMakeFiles/rmf_traffic_ros2.dir/src/rmf_traffic_ros2/geometry/Shape.cpp.o[0m
[2.053s] [ 18%] [32mBuilding CXX object CMakeFiles/rmf_traffic_ros2.dir/src/rmf_traffic_ros2/geometry/ConvexShape.cpp.o[0m
[2.054s] [ 20%] [32mBuilding CXX object CMakeFiles/rmf_traffic_ros2.dir/src/rmf_traffic_ros2/schedule/MirrorManager.cpp.o[0m
[2.065s] [ 21%] [32mBuilding CXX object CMakeFiles/rmf_traffic_ros2.dir/src/rmf_traffic_ros2/schedule/MonitorNode.cpp.o[0m
[2.085s] [ 23%] [32mBuilding CXX object CMakeFiles/rmf_traffic_ros2.dir/src/rmf_traffic_ros2/schedule/Negotiation.cpp.o[0m
[2.121s] [ 25%] [32mBuilding CXX object CMakeFiles/rmf_traffic_ros2.dir/src/rmf_traffic_ros2/schedule/NegotiationRoom.cpp.o[0m
[2.149s] [ 27%] [32mBuilding CXX object CMakeFiles/rmf_traffic_ros2.dir/src/rmf_traffic_ros2/schedule/Node.cpp.o[0m
[3.201s] [ 29%] [32mBuilding CXX object CMakeFiles/rmf_traffic_ros2.dir/src/rmf_traffic_ros2/schedule/ParticipantRegistry.cpp.o[0m
[3.422s] [ 30%] [32mBuilding CXX object CMakeFiles/rmf_traffic_ros2.dir/src/rmf_traffic_ros2/schedule/ScheduleIdentity.cpp.o[0m
[3.475s] [ 32%] [32mBuilding CXX object CMakeFiles/rmf_traffic_ros2.dir/src/rmf_traffic_ros2/schedule/Writer.cpp.o[0m
[3.570s] [ 34%] [32mBuilding CXX object CMakeFiles/rmf_traffic_ros2.dir/src/rmf_traffic_ros2/schedule/YamlLogger.cpp.o[0m
[4.745s] [ 36%] [32mBuilding CXX object CMakeFiles/rmf_traffic_ros2.dir/src/rmf_traffic_ros2/schedule/YamlSerialization.cpp.o[0m
[4.885s] [ 38%] [32mBuilding CXX object CMakeFiles/rmf_traffic_ros2.dir/src/rmf_traffic_ros2/schedule/convert_Change.cpp.o[0m
[4.969s] [ 40%] [32mBuilding CXX object CMakeFiles/rmf_traffic_ros2.dir/src/rmf_traffic_ros2/schedule/convert_Inconsistencies.cpp.o[0m
[5.066s] [ 41%] [32mBuilding CXX object CMakeFiles/rmf_traffic_ros2.dir/src/rmf_traffic_ros2/schedule/convert_Itinerary.cpp.o[0m
[5.901s] [ 43%] [32mBuilding CXX object CMakeFiles/rmf_traffic_ros2.dir/src/rmf_traffic_ros2/schedule/convert_ParticipantDescription.cpp.o[0m
[6.997s] [ 45%] [32mBuilding CXX object CMakeFiles/rmf_traffic_ros2.dir/src/rmf_traffic_ros2/schedule/convert_Patch.cpp.o[0m
[7.618s] [ 47%] [32mBuilding CXX object CMakeFiles/rmf_traffic_ros2.dir/src/rmf_traffic_ros2/schedule/convert_Query.cpp.o[0m
[7.676s] [1m/home/wang/rmf_ws/src/rmf/rmf_ros2/rmf_traffic_ros2/src/rmf_traffic_ros2/blockade/Node.cpp:273:38: [0m[0;1;35mwarning: [0m[1mformat string is not a string literal (potentially insecure) [-Wformat-security][0m
[7.677s]         RCLCPP_INFO(n->get_logger(), msg.c_str());
[7.677s] [0;1;32m                                     ^~~~~~~~~~~
[7.677s] [0m[1m/opt/ros/humble/include/rclcpp/rclcpp/logging.hpp:537:7: [0m[0;1;30mnote: [0mexpanded from macro 'RCLCPP_INFO'[0m
[7.677s]       __VA_ARGS__); \
[7.678s] [0;1;32m      ^~~~~~~~~~~
[7.678s] [0m[1m/opt/ros/humble/include/rcutils/rcutils/logging_macros.h:503:5: [0m[0;1;30mnote: [0mexpanded from macro 'RCUTILS_LOG_INFO_NAMED'[0m
[7.678s]     __VA_ARGS__)
[7.678s] [0;1;32m    ^~~~~~~~~~~
[7.678s] [0m[1m/opt/ros/humble/include/rcutils/rcutils/logging_macros.h:72:64: [0m[0;1;30mnote: [0mexpanded from macro 'RCUTILS_LOG_COND_NAMED'[0m
[7.678s]       rcutils_log(&__rcutils_logging_location, severity, name, __VA_ARGS__); \
[7.678s] [0;1;32m                                                               ^~~~~~~~~~~
[7.679s] [0m[1m/home/wang/rmf_ws/src/rmf/rmf_ros2/rmf_traffic_ros2/src/rmf_traffic_ros2/blockade/Node.cpp:273:38: [0m[0;1;30mnote: [0mtreat the string as an argument to avoid this[0m
[7.679s]         RCLCPP_INFO(n->get_logger(), msg.c_str());
[7.679s] [0;1;32m                                     ^
[7.679s] [0m[0;32m                                     "%s", 
[7.679s] [0m[1m/opt/ros/humble/include/rclcpp/rclcpp/logging.hpp:537:7: [0m[0;1;30mnote: [0mexpanded from macro 'RCLCPP_INFO'[0m
[7.679s]       __VA_ARGS__); \
[7.679s] [0;1;32m      ^
[7.679s] [0m[1m/opt/ros/humble/include/rcutils/rcutils/logging_macros.h:503:5: [0m[0;1;30mnote: [0mexpanded from macro 'RCUTILS_LOG_INFO_NAMED'[0m
[7.679s]     __VA_ARGS__)
[7.679s] [0;1;32m    ^
[7.680s] [0m[1m/opt/ros/humble/include/rcutils/rcutils/logging_macros.h:72:64: [0m[0;1;30mnote: [0mexpanded from macro 'RCUTILS_LOG_COND_NAMED'[0m
[7.680s]       rcutils_log(&__rcutils_logging_location, severity, name, __VA_ARGS__); \
[7.680s] [0;1;32m                                                               ^
[7.683s] [0m[1m/home/wang/rmf_ws/src/rmf/rmf_ros2/rmf_traffic_ros2/src/rmf_traffic_ros2/blockade/Node.cpp:282:39: [0m[0;1;35mwarning: [0m[1mformat string is not a string literal (potentially insecure) [-Wformat-security][0m
[7.684s]         RCLCPP_DEBUG(n->get_logger(), msg.c_str());
[7.684s] [0;1;32m                                      ^~~~~~~~~~~
[7.684s] [0m[1m/opt/ros/humble/include/rclcpp/rclcpp/logging.hpp:102:7: [0m[0;1;30mnote: [0mexpanded from macro 'RCLCPP_DEBUG'[0m
[7.684s]       __VA_ARGS__); \
[7.685s] [0;1;32m      ^~~~~~~~~~~
[7.685s] [0m[1m/opt/ros/humble/include/rcutils/rcutils/logging_macros.h:256:5: [0m[0;1;30mnote: [0mexpanded from macro 'RCUTILS_LOG_DEBUG_NAMED'[0m
[7.685s]     __VA_ARGS__)
[7.685s] [0;1;32m    ^~~~~~~~~~~
[7.685s] [0m[1m/opt/ros/humble/include/rcutils/rcutils/logging_macros.h:72:64: [0m[0;1;30mnote: [0mexpanded from macro 'RCUTILS_LOG_COND_NAMED'[0m
[7.685s]       rcutils_log(&__rcutils_logging_location, severity, name, __VA_ARGS__); \
[7.685s] [0;1;32m                                                               ^~~~~~~~~~~
[7.685s] [0m[1m/home/wang/rmf_ws/src/rmf/rmf_ros2/rmf_traffic_ros2/src/rmf_traffic_ros2/blockade/Node.cpp:282:39: [0m[0;1;30mnote: [0mtreat the string as an argument to avoid this[0m
[7.686s]         RCLCPP_DEBUG(n->get_logger(), msg.c_str());
[7.686s] [0;1;32m                                      ^
[7.686s] [0m[0;32m                                      "%s", 
[7.686s] [0m[1m/opt/ros/humble/include/rclcpp/rclcpp/logging.hpp:102:7: [0m[0;1;30mnote: [0mexpanded from macro 'RCLCPP_DEBUG'[0m
[7.686s]       __VA_ARGS__); \
[7.686s] [0;1;32m      ^
[7.686s] [0m[1m/opt/ros/humble/include/rcutils/rcutils/logging_macros.h:256:5: [0m[0;1;30mnote: [0mexpanded from macro 'RCUTILS_LOG_DEBUG_NAMED'[0m
[7.686s]     __VA_ARGS__)
[7.686s] [0;1;32m    ^
[7.686s] [0m[1m/opt/ros/humble/include/rcutils/rcutils/logging_macros.h:72:64: [0m[0;1;30mnote: [0mexpanded from macro 'RCUTILS_LOG_COND_NAMED'[0m
[7.687s]       rcutils_log(&__rcutils_logging_location, severity, name, __VA_ARGS__); \
[7.687s] [0;1;32m                                                               ^
[10.909s] [0mIn file included from /home/wang/rmf_ws/src/rmf/rmf_ros2/rmf_traffic_ros2/src/rmf_traffic_ros2/schedule/Writer.cpp:18:
[10.910s] In file included from /home/wang/rmf_ws/src/rmf/rmf_ros2/rmf_traffic_ros2/include/rmf_traffic_ros2/schedule/Writer.hpp:24:
[10.910s] In file included from /opt/ros/humble/include/rclcpp/rclcpp/node.hpp:40:
[10.910s] In file included from /opt/ros/humble/include/rclcpp/rclcpp/callback_group.hpp:29:
[10.910s] In file included from /opt/ros/humble/include/rclcpp/rclcpp/subscription_base.hpp:32:
[10.910s] [1m/opt/ros/humble/include/rclcpp/rclcpp/any_subscription_callback.hpp:391:7: [0m[0;1;35mwarning: [0m[1m'set_deprecated' is deprecated: use 'void(std::shared_ptr<const MessageT>)' instead [-Wdeprecated-declarations][0m
[10.910s]       set_deprecated(static_cast<typename scbth::callback_type>(callback));
[10.910s] [0;1;32m      ^
[10.910s] [0m[1m/opt/ros/humble/include/rclcpp/rclcpp/subscription_factory.hpp:94:29: [0m[0;1;30mnote: [0min instantiation of function template specialization 'rclcpp::AnySubscriptionCallback<rmf_traffic_msgs::msg::ScheduleIdentity_<std::allocator<void>>>::set<(lambda at /home/wang/rmf_ws/src/rmf/rmf_ros2/rmf_traffic_ros2/src/rmf_traffic_ros2/schedule/Writer.cpp:347:9)>' requested here[0m
[10.910s]   any_subscription_callback.set(std::forward<CallbackT>(callback));
[10.911s] [0;1;32m                            ^
[10.911s] [0m[1m/opt/ros/humble/include/rclcpp/rclcpp/create_subscription.hpp:122:26: [0m[0;1;30mnote: [0min instantiation of function template specialization 'rclcpp::create_subscription_factory<rmf_traffic_msgs::msg::ScheduleIdentity_<std::allocator<void>>, (lambda at /home/wang/rmf_ws/src/rmf/rmf_ros2/rmf_traffic_ros2/src/rmf_traffic_ros2/schedule/Writer.cpp:347:9), std::allocator<void>, rclcpp::Subscription<rmf_traffic_msgs::msg::ScheduleIdentity_<std::allocator<void>>, std::allocator<void>, rmf_traffic_msgs::msg::ScheduleIdentity_<std::allocator<void>>, rmf_traffic_msgs::msg::ScheduleIdentity_<std::allocator<void>>>, rclcpp::message_memory_strategy::MessageMemoryStrategy<rmf_traffic_msgs::msg::ScheduleIdentity_<std::allocator<void>>>, rmf_traffic_msgs::msg::ScheduleIdentity_<std::allocator<void>>>' requested here[0m
[10.911s]   auto factory = rclcpp::create_subscription_factory<MessageT>(
[10.911s] [0;1;32m                         ^
[10.911s] [0m[1m/opt/ros/humble/include/rclcpp/rclcpp/create_subscription.hpp:190:26: [0m[0;1;30mnote: [0min instantiation of function template specialization 'rclcpp::detail::create_subscription<rmf_traffic_msgs::msg::ScheduleIdentity_<std::allocator<void>>, (lambda at /home/wang/rmf_ws/src/rmf/rmf_ros2/rmf_traffic_ros2/src/rmf_traffic_ros2/schedule/Writer.cpp:347:9), std::allocator<void>, rclcpp::Subscription<rmf_traffic_msgs::msg::ScheduleIdentity_<std::allocator<void>>, std::allocator<void>, rmf_traffic_msgs::msg::ScheduleIdentity_<std::allocator<void>>, rmf_traffic_msgs::msg::ScheduleIdentity_<std::allocator<void>>>, rclcpp::message_memory_strategy::MessageMemoryStrategy<rmf_traffic_msgs::msg::ScheduleIdentity_<std::allocator<void>>>, rclcpp::Node, rclcpp::Node, rmf_traffic_msgs::msg::ScheduleIdentity_<std::allocator<void>>>' requested here[0m
[10.911s]   return rclcpp::detail::create_subscription<
[10.911s] [0;1;32m                         ^
[10.911s] [0m[1m/opt/ros/humble/include/rclcpp/rclcpp/node_impl.hpp:99:18: [0m[0;1;30mnote: [0min instantiation of function template specialization 'rclcpp::create_subscription<rmf_traffic_msgs::msg::ScheduleIdentity_<std::allocator<void>>, (lambda at /home/wang/rmf_ws/src/rmf/rmf_ros2/rmf_traffic_ros2/src/rmf_traffic_ros2/schedule/Writer.cpp:347:9), std::allocator<void>, rclcpp::Subscription<rmf_traffic_msgs::msg::ScheduleIdentity_<std::allocator<void>>, std::allocator<void>, rmf_traffic_msgs::msg::ScheduleIdentity_<std::allocator<void>>, rmf_traffic_msgs::msg::ScheduleIdentity_<std::allocator<void>>>, rclcpp::message_memory_strategy::MessageMemoryStrategy<rmf_traffic_msgs::msg::ScheduleIdentity_<std::allocator<void>>>, rclcpp::Node>' requested here[0m
[10.911s]   return rclcpp::create_subscription<MessageT>(
[10.912s] [0;1;32m                 ^
[10.912s] [0m[1m/home/wang/rmf_ws/src/rmf/rmf_ros2/rmf_traffic_ros2/src/rmf_traffic_ros2/schedule/Writer.cpp:344:47: [0m[0;1;30mnote: [0min instantiation of function template specialization 'rclcpp::Node::create_subscription<rmf_traffic_msgs::msg::ScheduleIdentity_<std::allocator<void>>, (lambda at /home/wang/rmf_ws/src/rmf/rmf_ros2/rmf_traffic_ros2/src/rmf_traffic_ros2/schedule/Writer.cpp:347:9), std::allocator<void>, rclcpp::Subscription<rmf_traffic_msgs::msg::ScheduleIdentity_<std::allocator<void>>, std::allocator<void>, rmf_traffic_msgs::msg::ScheduleIdentity_<std::allocator<void>>, rmf_traffic_msgs::msg::ScheduleIdentity_<std::allocator<void>>>, rclcpp::message_memory_strategy::MessageMemoryStrategy<rmf_traffic_msgs::msg::ScheduleIdentity_<std::allocator<void>>>>' requested here[0m
[10.912s]       transport->schedule_startup_sub = node->create_subscription<ScheduleId>(
[10.912s] [0;1;32m                                              ^
[10.912s] [0m[1m/opt/ros/humble/include/rclcpp/rclcpp/any_subscription_callback.hpp:408:3: [0m[0;1;30mnote: [0m'set_deprecated' has been explicitly marked deprecated here[0m
[10.912s]   set_deprecated(std::function<void(std::shared_ptr<SetT>)> callback)
[10.912s] [0;1;32m  ^
[10.912s] [0m[1m/opt/ros/humble/include/rclcpp/rclcpp/any_subscription_callback.hpp:391:7: [0m[0;1;35mwarning: [0m[1m'set_deprecated<rmf_traffic_msgs::msg::ScheduleIdentity_<std::allocator<void>>>' is deprecated: use 'void(std::shared_ptr<const MessageT>)' instead [-Wdeprecated-declarations][0m
[10.912s]       set_deprecated(static_cast<typename scbth::callback_type>(callback));
[10.912s] [0;1;32m      ^
[10.913s] [0m[1m/opt/ros/humble/include/rclcpp/rclcpp/any_subscription_callback.hpp:405:5: [0m[0;1;30mnote: [0m'set_deprecated<rmf_traffic_msgs::msg::ScheduleIdentity_<std::allocator<void>>>' has been explicitly marked deprecated here[0m
[10.913s]   [[deprecated("use 'void(std::shared_ptr<const MessageT>)' instead")]]
[10.913s] [0;1;32m    ^
[11.092s] [0mIn file included from /home/wang/rmf_ws/src/rmf/rmf_ros2/rmf_traffic_ros2/src/rmf_traffic_ros2/schedule/MirrorManager.cpp:21:
[11.092s] In file included from /opt/ros/humble/include/rclcpp/rclcpp/rclcpp.hpp:155:
[11.092s] In file included from /opt/ros/humble/include/rclcpp/rclcpp/executors.hpp:21:
[11.092s] In file included from /opt/ros/humble/include/rclcpp/rclcpp/executors/multi_threaded_executor.hpp:25:
[11.092s] In file included from /opt/ros/humble/include/rclcpp/rclcpp/executor.hpp:37:
[11.092s] In file included from /opt/ros/humble/include/rclcpp/rclcpp/executor_options.hpp:20:
[11.093s] In file included from /opt/ros/humble/include/rclcpp/rclcpp/memory_strategies.hpp:18:
[11.093s] In file included from /opt/ros/humble/include/rclcpp/rclcpp/memory_strategy.hpp:25:
[11.093s] In file included from /opt/ros/humble/include/rclcpp/rclcpp/any_executable.hpp:20:
[11.093s] In file included from /opt/ros/humble/include/rclcpp/rclcpp/callback_group.hpp:29:
[11.093s] In file included from /opt/ros/humble/include/rclcpp/rclcpp/subscription_base.hpp:32:
[11.093s] [1m/opt/ros/humble/include/rclcpp/rclcpp/any_subscription_callback.hpp:391:7: [0m[0;1;35mwarning: [0m[1m'set_deprecated' is deprecated: use 'void(std::shared_ptr<const MessageT>)' instead [-Wdeprecated-declarations][0m
[11.093s]       set_deprecated(static_cast<typename scbth::callback_type>(callback));
[11.093s] [0;1;32m      ^
[11.093s] [0m[1m/opt/ros/humble/include/rclcpp/rclcpp/subscription_factory.hpp:94:29: [0m[0;1;30mnote: [0min instantiation of function template specialization 'rclcpp::AnySubscriptionCallback<rmf_traffic_msgs::msg::ScheduleIdentity_<std::allocator<void>>>::set<(lambda at /home/wang/rmf_ws/src/rmf/rmf_ros2/rmf_traffic_ros2/src/rmf_traffic_ros2/schedule/MirrorManager.cpp:121:7)>' requested here[0m
[11.093s]   any_subscription_callback.set(std::forward<CallbackT>(callback));
[11.094s] [0;1;32m                            ^
[11.094s] [0m[1m/opt/ros/humble/include/rclcpp/rclcpp/create_subscription.hpp:122:26: [0m[0;1;30mnote: [0min instantiation of function template specialization 'rclcpp::create_subscription_factory<rmf_traffic_msgs::msg::ScheduleIdentity_<std::allocator<void>>, (lambda at /home/wang/rmf_ws/src/rmf/rmf_ros2/rmf_traffic_ros2/src/rmf_traffic_ros2/schedule/MirrorManager.cpp:121:7), std::allocator<void>, rclcpp::Subscription<rmf_traffic_msgs::msg::ScheduleIdentity_<std::allocator<void>>, std::allocator<void>, rmf_traffic_msgs::msg::ScheduleIdentity_<std::allocator<void>>, rmf_traffic_msgs::msg::ScheduleIdentity_<std::allocator<void>>>, rclcpp::message_memory_strategy::MessageMemoryStrategy<rmf_traffic_msgs::msg::ScheduleIdentity_<std::allocator<void>>>, rmf_traffic_msgs::msg::ScheduleIdentity_<std::allocator<void>>>' requested here[0m
[11.094s]   auto factory = rclcpp::create_subscription_factory<MessageT>(
[11.094s] [0;1;32m                         ^
[11.094s] [0m[1m/opt/ros/humble/include/rclcpp/rclcpp/create_subscription.hpp:190:26: [0m[0;1;30mnote: [0min instantiation of function template specialization 'rclcpp::detail::create_subscription<rmf_traffic_msgs::msg::ScheduleIdentity_<std::allocator<void>>, (lambda at /home/wang/rmf_ws/src/rmf/rmf_ros2/rmf_traffic_ros2/src/rmf_traffic_ros2/schedule/MirrorManager.cpp:121:7), std::allocator<void>, rclcpp::Subscription<rmf_traffic_msgs::msg::ScheduleIdentity_<std::allocator<void>>, std::allocator<void>, rmf_traffic_msgs::msg::ScheduleIdentity_<std::allocator<void>>, rmf_traffic_msgs::msg::ScheduleIdentity_<std::allocator<void>>>, rclcpp::message_memory_strategy::MessageMemoryStrategy<rmf_traffic_msgs::msg::ScheduleIdentity_<std::allocator<void>>>, rclcpp::Node, rclcpp::Node, rmf_traffic_msgs::msg::ScheduleIdentity_<std::allocator<void>>>' requested here[0m
[11.094s]   return rclcpp::detail::create_subscription<
[11.094s] [0;1;32m                         ^
[11.094s] [0m[1m/opt/ros/humble/include/rclcpp/rclcpp/node_impl.hpp:99:18: [0m[0;1;30mnote: [0min instantiation of function template specialization 'rclcpp::create_subscription<rmf_traffic_msgs::msg::ScheduleIdentity_<std::allocator<void>>, (lambda at /home/wang/rmf_ws/src/rmf/rmf_ros2/rmf_traffic_ros2/src/rmf_traffic_ros2/schedule/MirrorManager.cpp:121:7), std::allocator<void>, rclcpp::Subscription<rmf_traffic_msgs::msg::ScheduleIdentity_<std::allocator<void>>, std::allocator<void>, rmf_traffic_msgs::msg::ScheduleIdentity_<std::allocator<void>>, rmf_traffic_msgs::msg::ScheduleIdentity_<std::allocator<void>>>, rclcpp::message_memory_strategy::MessageMemoryStrategy<rmf_traffic_msgs::msg::ScheduleIdentity_<std::allocator<void>>>, rclcpp::Node>' requested here[0m
[11.094s]   return rclcpp::create_subscription<MessageT>(
[11.094s] [0;1;32m                 ^
[11.095s] [0m[1m/home/wang/rmf_ws/src/rmf/rmf_ros2/rmf_traffic_ros2/src/rmf_traffic_ros2/schedule/MirrorManager.cpp:118:34: [0m[0;1;30mnote: [0min instantiation of function template specialization 'rclcpp::Node::create_subscription<rmf_traffic_msgs::msg::ScheduleIdentity_<std::allocator<void>>, (lambda at /home/wang/rmf_ws/src/rmf/rmf_ros2/rmf_traffic_ros2/src/rmf_traffic_ros2/schedule/MirrorManager.cpp:121:7), std::allocator<void>, rclcpp::Subscription<rmf_traffic_msgs::msg::ScheduleIdentity_<std::allocator<void>>, std::allocator<void>, rmf_traffic_msgs::msg::ScheduleIdentity_<std::allocator<void>>, rmf_traffic_msgs::msg::ScheduleIdentity_<std::allocator<void>>>, rclcpp::message_memory_strategy::MessageMemoryStrategy<rmf_traffic_msgs::msg::ScheduleIdentity_<std::allocator<void>>>>' requested here[0m
[11.095s]     schedule_startup_sub = node->create_subscription<ScheduleIdentity>(
[11.095s] [0;1;32m                                 ^
[11.095s] [0m[1m/opt/ros/humble/include/rclcpp/rclcpp/any_subscription_callback.hpp:408:3: [0m[0;1;30mnote: [0m'set_deprecated' has been explicitly marked deprecated here[0m
[11.095s]   set_deprecated(std::function<void(std::shared_ptr<SetT>)> callback)
[11.095s] [0;1;32m  ^
[11.095s] [0m[1m/opt/ros/humble/include/rclcpp/rclcpp/any_subscription_callback.hpp:391:7: [0m[0;1;35mwarning: [0m[1m'set_deprecated<rmf_traffic_msgs::msg::ScheduleIdentity_<std::allocator<void>>>' is deprecated: use 'void(std::shared_ptr<const MessageT>)' instead [-Wdeprecated-declarations][0m
[11.095s]       set_deprecated(static_cast<typename scbth::callback_type>(callback));
[11.095s] [0;1;32m      ^
[11.095s] [0m[1m/opt/ros/humble/include/rclcpp/rclcpp/any_subscription_callback.hpp:405:5: [0m[0;1;30mnote: [0m'set_deprecated<rmf_traffic_msgs::msg::ScheduleIdentity_<std::allocator<void>>>' has been explicitly marked deprecated here[0m
[11.096s]   [[deprecated("use 'void(std::shared_ptr<const MessageT>)' instead")]]
[11.096s] [0;1;32m    ^
[12.310s] [0mIn file included from /home/wang/rmf_ws/src/rmf/rmf_ros2/rmf_traffic_ros2/src/rmf_traffic_ros2/schedule/MonitorNode.cpp:18:
[12.311s] In file included from /home/wang/rmf_ws/src/rmf/rmf_ros2/rmf_traffic_ros2/src/rmf_traffic_ros2/schedule/internal_MonitorNode.hpp:21:
[12.311s] In file included from /home/wang/rmf_ws/src/rmf/rmf_ros2/rmf_traffic_ros2/src/rmf_traffic_ros2/schedule/internal_Node.hpp:26:
[12.311s] In file included from /opt/ros/humble/include/rclcpp/rclcpp/node.hpp:40:
[12.311s] In file included from /opt/ros/humble/include/rclcpp/rclcpp/callback_group.hpp:29:
[12.311s] In file included from /opt/ros/humble/include/rclcpp/rclcpp/subscription_base.hpp:32:
[12.311s] [1m/opt/ros/humble/include/rclcpp/rclcpp/any_subscription_callback.hpp:391:7: [0m[0;1;35mwarning: [0m[1m'set_deprecated' is deprecated: use 'void(std::shared_ptr<const MessageT>)' instead [-Wdeprecated-declarations][0m
[12.311s]       set_deprecated(static_cast<typename scbth::callback_type>(callback));
[12.311s] [0;1;32m      ^
[12.312s] [0m[1m/opt/ros/humble/include/rclcpp/rclcpp/subscription_factory.hpp:94:29: [0m[0;1;30mnote: [0min instantiation of function template specialization 'rclcpp::AnySubscriptionCallback<rmf_traffic_msgs::msg::Heartbeat_<std::allocator<void>>>::set<(lambda at /home/wang/rmf_ws/src/rmf/rmf_ros2/rmf_traffic_ros2/src/rmf_traffic_ros2/schedule/MonitorNode.cpp:105:5)>' requested here[0m
[12.312s]   any_subscription_callback.set(std::forward<CallbackT>(callback));
[12.312s] [0;1;32m                            ^
[12.312s] [0m[1m/opt/ros/humble/include/rclcpp/rclcpp/create_subscription.hpp:122:26: [0m[0;1;30mnote: [0min instantiation of function template specialization 'rclcpp::create_subscription_factory<rmf_traffic_msgs::msg::Heartbeat_<std::allocator<void>>, (lambda at /home/wang/rmf_ws/src/rmf/rmf_ros2/rmf_traffic_ros2/src/rmf_traffic_ros2/schedule/MonitorNode.cpp:105:5), std::allocator<void>, rclcpp::Subscription<rmf_traffic_msgs::msg::Heartbeat_<std::allocator<void>>, std::allocator<void>, rmf_traffic_msgs::msg::Heartbeat_<std::allocator<void>>, rmf_traffic_msgs::msg::Heartbeat_<std::allocator<void>>>, rclcpp::message_memory_strategy::MessageMemoryStrategy<rmf_traffic_msgs::msg::Heartbeat_<std::allocator<void>>>, rmf_traffic_msgs::msg::Heartbeat_<std::allocator<void>>>' requested here[0m
[12.312s]   auto factory = rclcpp::create_subscription_factory<MessageT>(
[12.312s] [0;1;32m                         ^
[12.312s] [0m[1m/opt/ros/humble/include/rclcpp/rclcpp/create_subscription.hpp:190:26: [0m[0;1;30mnote: [0min instantiation of function template specialization 'rclcpp::detail::create_subscription<rmf_traffic_msgs::msg::Heartbeat_<std::allocator<void>>, (lambda at /home/wang/rmf_ws/src/rmf/rmf_ros2/rmf_traffic_ros2/src/rmf_traffic_ros2/schedule/MonitorNode.cpp:105:5), std::allocator<void>, rclcpp::Subscription<rmf_traffic_msgs::msg::Heartbeat_<std::allocator<void>>, std::allocator<void>, rmf_traffic_msgs::msg::Heartbeat_<std::allocator<void>>, rmf_traffic_msgs::msg::Heartbeat_<std::allocator<void>>>, rclcpp::message_memory_strategy::MessageMemoryStrategy<rmf_traffic_msgs::msg::Heartbeat_<std::allocator<void>>>, rclcpp::Node, rclcpp::Node, rmf_traffic_msgs::msg::Heartbeat_<std::allocator<void>>>' requested here[0m
[12.312s]   return rclcpp::detail::create_subscription<
[12.312s] [0;1;32m                         ^
[12.312s] [0m[1m/opt/ros/humble/include/rclcpp/rclcpp/node_impl.hpp:99:18: [0m[0;1;30mnote: [0min instantiation of function template specialization 'rclcpp::create_subscription<rmf_traffic_msgs::msg::Heartbeat_<std::allocator<void>>, (lambda at /home/wang/rmf_ws/src/rmf/rmf_ros2/rmf_traffic_ros2/src/rmf_traffic_ros2/schedule/MonitorNode.cpp:105:5), std::allocator<void>, rclcpp::Subscription<rmf_traffic_msgs::msg::Heartbeat_<std::allocator<void>>, std::allocator<void>, rmf_traffic_msgs::msg::Heartbeat_<std::allocator<void>>, rmf_traffic_msgs::msg::Heartbeat_<std::allocator<void>>>, rclcpp::message_memory_strategy::MessageMemoryStrategy<rmf_traffic_msgs::msg::Heartbeat_<std::allocator<void>>>, rclcpp::Node>' requested here[0m
[12.313s]   return rclcpp::create_subscription<MessageT>(
[12.313s] [0;1;32m                 ^
[12.313s] [0m[1m/home/wang/rmf_ws/src/rmf/rmf_ros2/rmf_traffic_ros2/src/rmf_traffic_ros2/schedule/MonitorNode.cpp:102:19: [0m[0;1;30mnote: [0min instantiation of function template specialization 'rclcpp::Node::create_subscription<rmf_traffic_msgs::msg::Heartbeat_<std::allocator<void>>, (lambda at /home/wang/rmf_ws/src/rmf/rmf_ros2/rmf_traffic_ros2/src/rmf_traffic_ros2/schedule/MonitorNode.cpp:105:5), std::allocator<void>, rclcpp::Subscription<rmf_traffic_msgs::msg::Heartbeat_<std::allocator<void>>, std::allocator<void>, rmf_traffic_msgs::msg::Heartbeat_<std::allocator<void>>, rmf_traffic_msgs::msg::Heartbeat_<std::allocator<void>>>, rclcpp::message_memory_strategy::MessageMemoryStrategy<rmf_traffic_msgs::msg::Heartbeat_<std::allocator<void>>>>' requested here[0m
[12.313s]   heartbeat_sub = create_subscription<Heartbeat>(
[12.313s] [0;1;32m                  ^
[12.313s] [0m[1m/opt/ros/humble/include/rclcpp/rclcpp/any_subscription_callback.hpp:408:3: [0m[0;1;30mnote: [0m'set_deprecated' has been explicitly marked deprecated here[0m
[12.313s]   set_deprecated(std::function<void(std::shared_ptr<SetT>)> callback)
[12.313s] [0;1;32m  ^
[12.313s] [0m[1m/opt/ros/humble/include/rclcpp/rclcpp/any_subscription_callback.hpp:391:7: [0m[0;1;35mwarning: [0m[1m'set_deprecated<rmf_traffic_msgs::msg::Heartbeat_<std::allocator<void>>>' is deprecated: use 'void(std::shared_ptr<const MessageT>)' instead [-Wdeprecated-declarations][0m
[12.313s]       set_deprecated(static_cast<typename scbth::callback_type>(callback));
[12.314s] [0;1;32m      ^
[12.314s] [0m[1m/opt/ros/humble/include/rclcpp/rclcpp/any_subscription_callback.hpp:405:5: [0m[0;1;30mnote: [0m'set_deprecated<rmf_traffic_msgs::msg::Heartbeat_<std::allocator<void>>>' has been explicitly marked deprecated here[0m
[12.314s]   [[deprecated("use 'void(std::shared_ptr<const MessageT>)' instead")]]
[12.314s] [0;1;32m    ^
[12.857s] [0m[1m/opt/ros/humble/include/rclcpp/rclcpp/any_subscription_callback.hpp:391:7: [0m[0;1;35mwarning: [0m[1m'set_deprecated' is deprecated: use 'void(std::shared_ptr<const MessageT>)' instead [-Wdeprecated-declarations][0m
[12.858s]       set_deprecated(static_cast<typename scbth::callback_type>(callback));
[12.858s] [0;1;32m      ^
[12.858s] [0m[1m/opt/ros/humble/include/rclcpp/rclcpp/subscription_factory.hpp:94:29: [0m[0;1;30mnote: [0min instantiation of function template specialization 'rclcpp::AnySubscriptionCallback<rmf_traffic_msgs::msg::ScheduleQueries_<std::allocator<void>>>::set<(lambda at /home/wang/rmf_ws/src/rmf/rmf_ros2/rmf_traffic_ros2/src/rmf_traffic_ros2/schedule/MirrorManager.cpp:183:7)>' requested here[0m
[12.858s]   any_subscription_callback.set(std::forward<CallbackT>(callback));
[12.858s] [0;1;32m                            ^
[12.858s] [0m[1m/opt/ros/humble/include/rclcpp/rclcpp/create_subscription.hpp:122:26: [0m[0;1;30mnote: [0min instantiation of function template specialization 'rclcpp::create_subscription_factory<rmf_traffic_msgs::msg::ScheduleQueries_<std::allocator<void>>, (lambda at /home/wang/rmf_ws/src/rmf/rmf_ros2/rmf_traffic_ros2/src/rmf_traffic_ros2/schedule/MirrorManager.cpp:183:7), std::allocator<void>, rclcpp::Subscription<rmf_traffic_msgs::msg::ScheduleQueries_<std::allocator<void>>, std::allocator<void>, rmf_traffic_msgs::msg::ScheduleQueries_<std::allocator<void>>, rmf_traffic_msgs::msg::ScheduleQueries_<std::allocator<void>>>, rclcpp::message_memory_strategy::MessageMemoryStrategy<rmf_traffic_msgs::msg::ScheduleQueries_<std::allocator<void>>>, rmf_traffic_msgs::msg::ScheduleQueries_<std::allocator<void>>>' requested here[0m
[12.858s]   auto factory = rclcpp::create_subscription_factory<MessageT>(
[12.858s] [0;1;32m                         ^
[12.858s] [0m[1m/opt/ros/humble/include/rclcpp/rclcpp/create_subscription.hpp:190:26: [0m[0;1;30mnote: [0min instantiation of function template specialization 'rclcpp::detail::create_subscription<rmf_traffic_msgs::msg::ScheduleQueries_<std::allocator<void>>, (lambda at /home/wang/rmf_ws/src/rmf/rmf_ros2/rmf_traffic_ros2/src/rmf_traffic_ros2/schedule/MirrorManager.cpp:183:7), std::allocator<void>, rclcpp::Subscription<rmf_traffic_msgs::msg::ScheduleQueries_<std::allocator<void>>, std::allocator<void>, rmf_traffic_msgs::msg::ScheduleQueries_<std::allocator<void>>, rmf_traffic_msgs::msg::ScheduleQueries_<std::allocator<void>>>, rclcpp::message_memory_strategy::MessageMemoryStrategy<rmf_traffic_msgs::msg::ScheduleQueries_<std::allocator<void>>>, rclcpp::Node, rclcpp::Node, rmf_traffic_msgs::msg::ScheduleQueries_<std::allocator<void>>>' requested here[0m
[12.859s]   return rclcpp::detail::create_subscription<
[12.859s] [0;1;32m                         ^
[12.859s] [0m[1m/opt/ros/humble/include/rclcpp/rclcpp/node_impl.hpp:99:18: [0m[0;1;30mnote: [0min instantiation of function template specialization 'rclcpp::create_subscription<rmf_traffic_msgs::msg::ScheduleQueries_<std::allocator<void>>, (lambda at /home/wang/rmf_ws/src/rmf/rmf_ros2/rmf_traffic_ros2/src/rmf_traffic_ros2/schedule/MirrorManager.cpp:183:7), std::allocator<void>, rclcpp::Subscription<rmf_traffic_msgs::msg::ScheduleQueries_<std::allocator<void>>, std::allocator<void>, rmf_traffic_msgs::msg::ScheduleQueries_<std::allocator<void>>, rmf_traffic_msgs::msg::ScheduleQueries_<std::allocator<void>>>, rclcpp::message_memory_strategy::MessageMemoryStrategy<rmf_traffic_msgs::msg::ScheduleQueries_<std::allocator<void>>>, rclcpp::Node>' requested here[0m
[12.859s]   return rclcpp::create_subscription<MessageT>(
[12.859s] [0;1;32m                 ^
[12.859s] [0m[1m/home/wang/rmf_ws/src/rmf/rmf_ros2/rmf_traffic_ros2/src/rmf_traffic_ros2/schedule/MirrorManager.cpp:180:30: [0m[0;1;30mnote: [0min instantiation of function template specialization 'rclcpp::Node::create_subscription<rmf_traffic_msgs::msg::ScheduleQueries_<std::allocator<void>>, (lambda at /home/wang/rmf_ws/src/rmf/rmf_ros2/rmf_traffic_ros2/src/rmf_traffic_ros2/schedule/MirrorManager.cpp:183:7), std::allocator<void>, rclcpp::Subscription<rmf_traffic_msgs::msg::ScheduleQueries_<std::allocator<void>>, std::allocator<void>, rmf_traffic_msgs::msg::ScheduleQueries_<std::allocator<void>>, rmf_traffic_msgs::msg::ScheduleQueries_<std::allocator<void>>>, rclcpp::message_memory_strategy::MessageMemoryStrategy<rmf_traffic_msgs::msg::ScheduleQueries_<std::allocator<void>>>>' requested here[0m
[12.859s]     queries_info_sub = node->create_subscription<ScheduleQueries>(
[12.859s] [0;1;32m                             ^
[12.859s] [0m[1m/opt/ros/humble/include/rclcpp/rclcpp/any_subscription_callback.hpp:408:3: [0m[0;1;30mnote: [0m'set_deprecated' has been explicitly marked deprecated here[0m
[12.859s]   set_deprecated(std::function<void(std::shared_ptr<SetT>)> callback)
[12.859s] [0;1;32m  ^
[12.859s] [0m[1m/opt/ros/humble/include/rclcpp/rclcpp/any_subscription_callback.hpp:391:7: [0m[0;1;35mwarning: [0m[1m'set_deprecated<rmf_traffic_msgs::msg::ScheduleQueries_<std::allocator<void>>>' is deprecated: use 'void(std::shared_ptr<const MessageT>)' instead [-Wdeprecated-declarations][0m
[12.859s]       set_deprecated(static_cast<typename scbth::callback_type>(callback));
[12.860s] [0;1;32m      ^
[12.860s] [0m[1m/opt/ros/humble/include/rclcpp/rclcpp/any_subscription_callback.hpp:405:5: [0m[0;1;30mnote: [0m'set_deprecated<rmf_traffic_msgs::msg::ScheduleQueries_<std::allocator<void>>>' has been explicitly marked deprecated here[0m
[12.860s]   [[deprecated("use 'void(std::shared_ptr<const MessageT>)' instead")]]
[12.860s] [0;1;32m    ^
[13.894s] [0m[1m/opt/ros/humble/include/rclcpp/rclcpp/any_subscription_callback.hpp:391:7: [0m[0;1;35mwarning: [0m[1m'set_deprecated' is deprecated: use 'void(std::shared_ptr<const MessageT>)' instead [-Wdeprecated-declarations][0m
[13.895s]       set_deprecated(static_cast<typename scbth::callback_type>(callback));
[13.895s] [0;1;32m      ^
[13.895s] [0m[1m/opt/ros/humble/include/rclcpp/rclcpp/subscription_factory.hpp:94:29: [0m[0;1;30mnote: [0min instantiation of function template specialization 'rclcpp::AnySubscriptionCallback<rmf_traffic_msgs::msg::ScheduleQueries_<std::allocator<void>>>::set<(lambda at /home/wang/rmf_ws/src/rmf/rmf_ros2/rmf_traffic_ros2/src/rmf_traffic_ros2/schedule/MonitorNode.cpp:126:5)>' requested here[0m
[13.895s]   any_subscription_callback.set(std::forward<CallbackT>(callback));
[13.895s] [0;1;32m                            ^
[13.895s] [0m[1m/opt/ros/humble/include/rclcpp/rclcpp/create_subscription.hpp:122:26: [0m[0;1;30mnote: [0min instantiation of function template specialization 'rclcpp::create_subscription_factory<rmf_traffic_msgs::msg::ScheduleQueries_<std::allocator<void>>, (lambda at /home/wang/rmf_ws/src/rmf/rmf_ros2/rmf_traffic_ros2/src/rmf_traffic_ros2/schedule/MonitorNode.cpp:126:5), std::allocator<void>, rclcpp::Subscription<rmf_traffic_msgs::msg::ScheduleQueries_<std::allocator<void>>, std::allocator<void>, rmf_traffic_msgs::msg::ScheduleQueries_<std::allocator<void>>, rmf_traffic_msgs::msg::ScheduleQueries_<std::allocator<void>>>, rclcpp::message_memory_strategy::MessageMemoryStrategy<rmf_traffic_msgs::msg::ScheduleQueries_<std::allocator<void>>>, rmf_traffic_msgs::msg::ScheduleQueries_<std::allocator<void>>>' requested here[0m
[13.895s]   auto factory = rclcpp::create_subscription_factory<MessageT>(
[13.895s] [0;1;32m                         ^
[13.895s] [0m[1m/opt/ros/humble/include/rclcpp/rclcpp/create_subscription.hpp:190:26: [0m[0;1;30mnote: [0min instantiation of function template specialization 'rclcpp::detail::create_subscription<rmf_traffic_msgs::msg::ScheduleQueries_<std::allocator<void>>, (lambda at /home/wang/rmf_ws/src/rmf/rmf_ros2/rmf_traffic_ros2/src/rmf_traffic_ros2/schedule/MonitorNode.cpp:126:5), std::allocator<void>, rclcpp::Subscription<rmf_traffic_msgs::msg::ScheduleQueries_<std::allocator<void>>, std::allocator<void>, rmf_traffic_msgs::msg::ScheduleQueries_<std::allocator<void>>, rmf_traffic_msgs::msg::ScheduleQueries_<std::allocator<void>>>, rclcpp::message_memory_strategy::MessageMemoryStrategy<rmf_traffic_msgs::msg::ScheduleQueries_<std::allocator<void>>>, rclcpp::Node, rclcpp::Node, rmf_traffic_msgs::msg::ScheduleQueries_<std::allocator<void>>>' requested here[0m
[13.895s]   return rclcpp::detail::create_subscription<
[13.896s] [0;1;32m                         ^
[13.896s] [0m[1m/opt/ros/humble/include/rclcpp/rclcpp/node_impl.hpp:99:18: [0m[0;1;30mnote: [0min instantiation of function template specialization 'rclcpp::create_subscription<rmf_traffic_msgs::msg::ScheduleQueries_<std::allocator<void>>, (lambda at /home/wang/rmf_ws/src/rmf/rmf_ros2/rmf_traffic_ros2/src/rmf_traffic_ros2/schedule/MonitorNode.cpp:126:5), std::allocator<void>, rclcpp::Subscription<rmf_traffic_msgs::msg::ScheduleQueries_<std::allocator<void>>, std::allocator<void>, rmf_traffic_msgs::msg::ScheduleQueries_<std::allocator<void>>, rmf_traffic_msgs::msg::ScheduleQueries_<std::allocator<void>>>, rclcpp::message_memory_strategy::MessageMemoryStrategy<rmf_traffic_msgs::msg::ScheduleQueries_<std::allocator<void>>>, rclcpp::Node>' requested here[0m
[13.896s]   return rclcpp::create_subscription<MessageT>(
[13.896s] [0;1;32m                 ^
[13.896s] [0m[1m/home/wang/rmf_ws/src/rmf/rmf_ros2/rmf_traffic_ros2/src/rmf_traffic_ros2/schedule/MonitorNode.cpp:123:22: [0m[0;1;30mnote: [0min instantiation of function template specialization 'rclcpp::Node::create_subscription<rmf_traffic_msgs::msg::ScheduleQueries_<std::allocator<void>>, (lambda at /home/wang/rmf_ws/src/rmf/rmf_ros2/rmf_traffic_ros2/src/rmf_traffic_ros2/schedule/MonitorNode.cpp:126:5), std::allocator<void>, rclcpp::Subscription<rmf_traffic_msgs::msg::ScheduleQueries_<std::allocator<void>>, std::allocator<void>, rmf_traffic_msgs::msg::ScheduleQueries_<std::allocator<void>>, rmf_traffic_msgs::msg::ScheduleQueries_<std::allocator<void>>>, rclcpp::message_memory_strategy::MessageMemoryStrategy<rmf_traffic_msgs::msg::ScheduleQueries_<std::allocator<void>>>>' requested here[0m
[13.896s]   queries_info_sub = create_subscription<ScheduleQueries>(
[13.896s] [0;1;32m                     ^
[13.896s] [0m[1m/opt/ros/humble/include/rclcpp/rclcpp/any_subscription_callback.hpp:408:3: [0m[0;1;30mnote: [0m'set_deprecated' has been explicitly marked deprecated here[0m
[13.896s]   set_deprecated(std::function<void(std::shared_ptr<SetT>)> callback)
[13.896s] [0;1;32m  ^
[13.896s] [0m[1m/opt/ros/humble/include/rclcpp/rclcpp/any_subscription_callback.hpp:391:7: [0m[0;1;35mwarning: [0m[1m'set_deprecated<rmf_traffic_msgs::msg::ScheduleQueries_<std::allocator<void>>>' is deprecated: use 'void(std::shared_ptr<const MessageT>)' instead [-Wdeprecated-declarations][0m
[13.897s]       set_deprecated(static_cast<typename scbth::callback_type>(callback));
[13.897s] [0;1;32m      ^
[13.897s] [0m[1m/opt/ros/humble/include/rclcpp/rclcpp/any_subscription_callback.hpp:405:5: [0m[0;1;30mnote: [0m'set_deprecated<rmf_traffic_msgs::msg::ScheduleQueries_<std::allocator<void>>>' has been explicitly marked deprecated here[0m
[13.897s]   [[deprecated("use 'void(std::shared_ptr<const MessageT>)' instead")]]
[13.897s] [0;1;32m    ^
[14.142s] [0m[1m/opt/ros/humble/include/rclcpp/rclcpp/any_subscription_callback.hpp:391:7: [0m[0;1;35mwarning: [0m[1m'set_deprecated' is deprecated: use 'void(std::shared_ptr<const MessageT>)' instead [-Wdeprecated-declarations][0m
[14.142s]       set_deprecated(static_cast<typename scbth::callback_type>(callback));
[14.142s] [0;1;32m      ^
[14.142s] [0m[1m/opt/ros/humble/include/rclcpp/rclcpp/subscription_factory.hpp:94:29: [0m[0;1;30mnote: [0min instantiation of function template specialization 'rclcpp::AnySubscriptionCallback<rmf_traffic_msgs::msg::Participants_<std::allocator<void>>>::set<(lambda at /home/wang/rmf_ws/src/rmf/rmf_ros2/rmf_traffic_ros2/src/rmf_traffic_ros2/schedule/MirrorManager.cpp:249:7)>' requested here[0m
[14.142s]   any_subscription_callback.set(std::forward<CallbackT>(callback));
[14.142s] [0;1;32m                            ^
[14.142s] [0m[1m/opt/ros/humble/include/rclcpp/rclcpp/create_subscription.hpp:122:26: [0m[0;1;30mnote: [0min instantiation of function template specialization 'rclcpp::create_subscription_factory<rmf_traffic_msgs::msg::Participants_<std::allocator<void>>, (lambda at /home/wang/rmf_ws/src/rmf/rmf_ros2/rmf_traffic_ros2/src/rmf_traffic_ros2/schedule/MirrorManager.cpp:249:7), std::allocator<void>, rclcpp::Subscription<rmf_traffic_msgs::msg::Participants_<std::allocator<void>>, std::allocator<void>, rmf_traffic_msgs::msg::Participants_<std::allocator<void>>, rmf_traffic_msgs::msg::Participants_<std::allocator<void>>>, rclcpp::message_memory_strategy::MessageMemoryStrategy<rmf_traffic_msgs::msg::Participants_<std::allocator<void>>>, rmf_traffic_msgs::msg::Participants_<std::allocator<void>>>' requested here[0m
[14.142s]   auto factory = rclcpp::create_subscription_factory<MessageT>(
[14.142s] [0;1;32m                         ^
[14.143s] [0m[1m/opt/ros/humble/include/rclcpp/rclcpp/create_subscription.hpp:190:26: [0m[0;1;30mnote: [0min instantiation of function template specialization 'rclcpp::detail::create_subscription<rmf_traffic_msgs::msg::Participants_<std::allocator<void>>, (lambda at /home/wang/rmf_ws/src/rmf/rmf_ros2/rmf_traffic_ros2/src/rmf_traffic_ros2/schedule/MirrorManager.cpp:249:7), std::allocator<void>, rclcpp::Subscription<rmf_traffic_msgs::msg::Participants_<std::allocator<void>>, std::allocator<void>, rmf_traffic_msgs::msg::Participants_<std::allocator<void>>, rmf_traffic_msgs::msg::Participants_<std::allocator<void>>>, rclcpp::message_memory_strategy::MessageMemoryStrategy<rmf_traffic_msgs::msg::Participants_<std::allocator<void>>>, rclcpp::Node, rclcpp::Node, rmf_traffic_msgs::msg::Participants_<std::allocator<void>>>' requested here[0m
[14.143s]   return rclcpp::detail::create_subscription<
[14.143s] [0;1;32m                         ^
[14.143s] [0m[1m/opt/ros/humble/include/rclcpp/rclcpp/node_impl.hpp:99:18: [0m[0;1;30mnote: [0min instantiation of function template specialization 'rclcpp::create_subscription<rmf_traffic_msgs::msg::Participants_<std::allocator<void>>, (lambda at /home/wang/rmf_ws/src/rmf/rmf_ros2/rmf_traffic_ros2/src/rmf_traffic_ros2/schedule/MirrorManager.cpp:249:7), std::allocator<void>, rclcpp::Subscription<rmf_traffic_msgs::msg::Participants_<std::allocator<void>>, std::allocator<void>, rmf_traffic_msgs::msg::Participants_<std::allocator<void>>, rmf_traffic_msgs::msg::Participants_<std::allocator<void>>>, rclcpp::message_memory_strategy::MessageMemoryStrategy<rmf_traffic_msgs::msg::Participants_<std::allocator<void>>>, rclcpp::Node>' requested here[0m
[14.143s]   return rclcpp::create_subscription<MessageT>(
[14.143s] [0;1;32m                 ^
[14.143s] [0m[1m/home/wang/rmf_ws/src/rmf/rmf_ros2/rmf_traffic_ros2/src/rmf_traffic_ros2/schedule/MirrorManager.cpp:246:35: [0m[0;1;30mnote: [0min instantiation of function template specialization 'rclcpp::Node::create_subscription<rmf_traffic_msgs::msg::Participants_<std::allocator<void>>, (lambda at /home/wang/rmf_ws/src/rmf/rmf_ros2/rmf_traffic_ros2/src/rmf_traffic_ros2/schedule/MirrorManager.cpp:249:7), std::allocator<void>, rclcpp::Subscription<rmf_traffic_msgs::msg::Participants_<std::allocator<void>>, std::allocator<void>, rmf_traffic_msgs::msg::Participants_<std::allocator<void>>, rmf_traffic_msgs::msg::Participants_<std::allocator<void>>>, rclcpp::message_memory_strategy::MessageMemoryStrategy<rmf_traffic_msgs::msg::Participants_<std::allocator<void>>>>' requested here[0m
[14.143s]     participants_info_sub = node->create_subscription<ParticipantsInfo>(
[14.143s] [0;1;32m                                  ^
[14.143s] [0m[1m/opt/ros/humble/include/rclcpp/rclcpp/any_subscription_callback.hpp:408:3: [0m[0;1;30mnote: [0m'set_deprecated' has been explicitly marked deprecated here[0m
[14.143s]   set_deprecated(std::function<void(std::shared_ptr<SetT>)> callback)
[14.144s] [0;1;32m  ^
[14.144s] [0m[1m/opt/ros/humble/include/rclcpp/rclcpp/any_subscription_callback.hpp:391:7: [0m[0;1;35mwarning: [0m[1m'set_deprecated<rmf_traffic_msgs::msg::Participants_<std::allocator<void>>>' is deprecated: use 'void(std::shared_ptr<const MessageT>)' instead [-Wdeprecated-declarations][0m
[14.144s]       set_deprecated(static_cast<typename scbth::callback_type>(callback));
[14.144s] [0;1;32m      ^
[14.144s] [0m[1m/opt/ros/humble/include/rclcpp/rclcpp/any_subscription_callback.hpp:405:5: [0m[0;1;30mnote: [0m'set_deprecated<rmf_traffic_msgs::msg::Participants_<std::allocator<void>>>' has been explicitly marked deprecated here[0m
[14.144s]   [[deprecated("use 'void(std::shared_ptr<const MessageT>)' instead")]]
[14.144s] [0;1;32m    ^
[15.458s] [0m[1m/opt/ros/humble/include/rclcpp/rclcpp/any_subscription_callback.hpp:391:7: [0m[0;1;35mwarning: [0m[1m'set_deprecated' is deprecated: use 'void(std::shared_ptr<const MessageT>)' instead [-Wdeprecated-declarations][0m
[15.458s]       set_deprecated(static_cast<typename scbth::callback_type>(callback));
[15.458s] [0;1;32m      ^
[15.458s] [0m[1m/opt/ros/humble/include/rclcpp/rclcpp/subscription_factory.hpp:94:29: [0m[0;1;30mnote: [0min instantiation of function template specialization 'rclcpp::AnySubscriptionCallback<rmf_traffic_msgs::msg::MirrorUpdate_<std::allocator<void>>>::set<(lambda at /home/wang/rmf_ws/src/rmf/rmf_ros2/rmf_traffic_ros2/src/rmf_traffic_ros2/schedule/MirrorManager.cpp:259:7)>' requested here[0m
[15.458s]   any_subscription_callback.set(std::forward<CallbackT>(callback));
[15.458s] [0;1;32m                            ^
[15.458s] [0m[1m/opt/ros/humble/include/rclcpp/rclcpp/create_subscription.hpp:122:26: [0m[0;1;30mnote: [0min instantiation of function template specialization 'rclcpp::create_subscription_factory<rmf_traffic_msgs::msg::MirrorUpdate_<std::allocator<void>>, (lambda at /home/wang/rmf_ws/src/rmf/rmf_ros2/rmf_traffic_ros2/src/rmf_traffic_ros2/schedule/MirrorManager.cpp:259:7), std::allocator<void>, rclcpp::Subscription<rmf_traffic_msgs::msg::MirrorUpdate_<std::allocator<void>>, std::allocator<void>, rmf_traffic_msgs::msg::MirrorUpdate_<std::allocator<void>>, rmf_traffic_msgs::msg::MirrorUpdate_<std::allocator<void>>>, rclcpp::message_memory_strategy::MessageMemoryStrategy<rmf_traffic_msgs::msg::MirrorUpdate_<std::allocator<void>>>, rmf_traffic_msgs::msg::MirrorUpdate_<std::allocator<void>>>' requested here[0m
[15.459s]   auto factory = rclcpp::create_subscription_factory<MessageT>(
[15.459s] [0;1;32m                         ^
[15.459s] [0m[1m/opt/ros/humble/include/rclcpp/rclcpp/create_subscription.hpp:190:26: [0m[0;1;30mnote: [0min instantiation of function template specialization 'rclcpp::detail::create_subscription<rmf_traffic_msgs::msg::MirrorUpdate_<std::allocator<void>>, (lambda at /home/wang/rmf_ws/src/rmf/rmf_ros2/rmf_traffic_ros2/src/rmf_traffic_ros2/schedule/MirrorManager.cpp:259:7), std::allocator<void>, rclcpp::Subscription<rmf_traffic_msgs::msg::MirrorUpdate_<std::allocator<void>>, std::allocator<void>, rmf_traffic_msgs::msg::MirrorUpdate_<std::allocator<void>>, rmf_traffic_msgs::msg::MirrorUpdate_<std::allocator<void>>>, rclcpp::message_memory_strategy::MessageMemoryStrategy<rmf_traffic_msgs::msg::MirrorUpdate_<std::allocator<void>>>, rclcpp::Node, rclcpp::Node, rmf_traffic_msgs::msg::MirrorUpdate_<std::allocator<void>>>' requested here[0m
[15.459s]   return rclcpp::detail::create_subscription<
[15.459s] [0;1;32m                         ^
[15.459s] [0m[1m/opt/ros/humble/include/rclcpp/rclcpp/node_impl.hpp:99:18: [0m[0;1;30mnote: [0min instantiation of function template specialization 'rclcpp::create_subscription<rmf_traffic_msgs::msg::MirrorUpdate_<std::allocator<void>>, (lambda at /home/wang/rmf_ws/src/rmf/rmf_ros2/rmf_traffic_ros2/src/rmf_traffic_ros2/schedule/MirrorManager.cpp:259:7), std::allocator<void>, rclcpp::Subscription<rmf_traffic_msgs::msg::MirrorUpdate_<std::allocator<void>>, std::allocator<void>, rmf_traffic_msgs::msg::MirrorUpdate_<std::allocator<void>>, rmf_traffic_msgs::msg::MirrorUpdate_<std::allocator<void>>>, rclcpp::message_memory_strategy::MessageMemoryStrategy<rmf_traffic_msgs::msg::MirrorUpdate_<std::allocator<void>>>, rclcpp::Node>' requested here[0m
[15.459s]   return rclcpp::create_subscription<MessageT>(
[15.459s] [0;1;32m                 ^
[15.459s] [0m[1m/home/wang/rmf_ws/src/rmf/rmf_ros2/rmf_traffic_ros2/src/rmf_traffic_ros2/schedule/MirrorManager.cpp:256:31: [0m[0;1;30mnote: [0min instantiation of function template specialization 'rclcpp::Node::create_subscription<rmf_traffic_msgs::msg::MirrorUpdate_<std::allocator<void>>, (lambda at /home/wang/rmf_ws/src/rmf/rmf_ros2/rmf_traffic_ros2/src/rmf_traffic_ros2/schedule/MirrorManager.cpp:259:7), std::allocator<void>, rclcpp::Subscription<rmf_traffic_msgs::msg::MirrorUpdate_<std::allocator<void>>, std::allocator<void>, rmf_traffic_msgs::msg::MirrorUpdate_<std::allocator<void>>, rmf_traffic_msgs::msg::MirrorUpdate_<std::allocator<void>>>, rclcpp::message_memory_strategy::MessageMemoryStrategy<rmf_traffic_msgs::msg::MirrorUpdate_<std::allocator<void>>>>' requested here[0m
[15.459s]     mirror_update_sub = node->create_subscription<MirrorUpdate>(
[15.459s] [0;1;32m                              ^
[15.459s] [0m[1m/opt/ros/humble/include/rclcpp/rclcpp/any_subscription_callback.hpp:408:3: [0m[0;1;30mnote: [0m'set_deprecated' has been explicitly marked deprecated here[0m
[15.459s]   set_deprecated(std::function<void(std::shared_ptr<SetT>)> callback)
[15.460s] [0;1;32m  ^
[15.460s] [0m[1m/opt/ros/humble/include/rclcpp/rclcpp/any_subscription_callback.hpp:391:7: [0m[0;1;35mwarning: [0m[1m'set_deprecated<rmf_traffic_msgs::msg::MirrorUpdate_<std::allocator<void>>>' is deprecated: use 'void(std::shared_ptr<const MessageT>)' instead [-Wdeprecated-declarations][0m
[15.460s]       set_deprecated(static_cast<typename scbth::callback_type>(callback));
[15.460s] [0;1;32m      ^
[15.460s] [0m[1m/opt/ros/humble/include/rclcpp/rclcpp/any_subscription_callback.hpp:405:5: [0m[0;1;30mnote: [0m'set_deprecated<rmf_traffic_msgs::msg::MirrorUpdate_<std::allocator<void>>>' has been explicitly marked deprecated here[0m
[15.460s]   [[deprecated("use 'void(std::shared_ptr<const MessageT>)' instead")]]
[15.460s] [0;1;32m    ^
[27.438s] [0m4 warnings generated.
[34.618s] 2 warnings generated.
[37.155s] 2 warnings generated.
[41.422s] 8 warnings generated.
[70.519s] [ 49%] [32m[1mLinking CXX shared library librmf_traffic_ros2.so[0m
[70.672s] [ 49%] Built target rmf_traffic_ros2
[70.681s] [ 52%] [32mBuilding CXX object CMakeFiles/test_rmf_traffic_ros2.dir/test/unit/test_ParticipantRegistry.cpp.o[0m
[70.681s] [ 54%] [32mBuilding CXX object CMakeFiles/missing_query_schedule_node.dir/test/mock_schedule_nodes/missing_query_schedule.cpp.o[0m
[70.681s] [ 56%] [32mBuilding CXX object CMakeFiles/test_rmf_traffic_ros2.dir/test/main.cpp.o[0m
[70.681s] [ 56%] [32mBuilding CXX object CMakeFiles/test_rmf_traffic_ros2.dir/test/unit/test_convert_Graph.cpp.o[0m
[70.682s] [ 60%] [32mBuilding CXX object CMakeFiles/mock_repetitive_delay_participant.dir/test/mock_participants/repetitive_delay_participant.cpp.o[0m
[70.682s] [ 60%] [32mBuilding CXX object CMakeFiles/wrong_query_schedule_node.dir/test/mock_schedule_nodes/wrong_query.cpp.o[0m
[70.682s] [ 63%] [32mBuilding CXX object CMakeFiles/changed_participant_schedule_node.dir/test/mock_schedule_nodes/changed_participant_id.cpp.o[0m
[70.682s] [ 63%] [32mBuilding CXX object CMakeFiles/missing_query_monitor_node.dir/test/mock_monitor_nodes/missing_query_monitor.cpp.o[0m
[70.682s] [ 65%] [32mBuilding CXX object CMakeFiles/missing_participant_schedule_node.dir/test/mock_schedule_nodes/missing_participant.cpp.o[0m
[70.683s] [ 70%] [32mBuilding CXX object CMakeFiles/rmf_traffic_schedule.dir/src/rmf_traffic_schedule/main.cpp.o[0m
[70.683s] [ 70%] [32mBuilding CXX object CMakeFiles/participant_node.dir/examples/participant_node.cpp.o[0m
[70.683s] [ 70%] [32mBuilding CXX object CMakeFiles/delayed_query_broadcast_monitor_node.dir/test/mock_monitor_nodes/delayed_query_broadcast_monitor.cpp.o[0m
[70.683s] [ 72%] [32mBuilding CXX object CMakeFiles/rmf_traffic_blockade.dir/src/rmf_traffic_blockade/main.cpp.o[0m
[70.684s] [ 74%] [32mBuilding CXX object CMakeFiles/rmf_traffic_schedule_monitor.dir/src/rmf_traffic_schedule_monitor/main.cpp.o[0m
[70.684s] [ 76%] [32mBuilding CXX object CMakeFiles/update_participant.dir/src/update_participant/main.cpp.o[0m
[74.903s] [ 78%] [32m[1mLinking CXX executable rmf_traffic_blockade[0m
[74.906s] [ 80%] [32m[1mLinking CXX executable rmf_traffic_schedule[0m
[75.007s] [ 80%] Built target rmf_traffic_blockade
[75.010s] [ 80%] Built target rmf_traffic_schedule
[75.176s] [1m/home/wang/rmf_ws/src/rmf/rmf_ros2/rmf_traffic_ros2/test/mock_participants/repetitive_delay_participant.cpp:70:20: [0m[0;1;35mwarning: [0m[1m'delay' is deprecated: Use cumulative_delay instead [-Wdeprecated-declarations][0m
[75.176s]       participant->delay(1s);
[75.176s] [0;1;32m                   ^
[75.176s] [0m[1m/home/wang/rmf_ws/install/rmf_traffic/include/rmf_traffic/schedule/Participant.hpp:80:5: [0m[0;1;30mnote: [0m'delay' has been explicitly marked deprecated here[0m
[75.176s]   [[deprecated("Use cumulative_delay instead")]]
[75.177s] [0;1;32m    ^
[75.347s] [ 81%] [32m[1mLinking CXX executable participant_node[0m
[75.417s] [ 81%] Built target participant_node
[75.431s] [ 83%] [32m[1mLinking CXX executable rmf_traffic_schedule_monitor[0m
[75.498s] [ 83%] Built target rmf_traffic_schedule_monitor
[76.326s] [0m1 warning generated.
[76.338s] [ 85%] [32m[1mLinking CXX executable mock_repetitive_delay_participant[0m
[76.407s] [ 85%] Built target mock_repetitive_delay_participant
[77.697s] [ 87%] [32m[1mLinking CXX executable update_participant[0m
[77.785s] [ 87%] Built target update_participant
[78.101s] [ 89%] [32m[1mLinking CXX executable changed_participant_schedule_node[0m
[78.163s] [ 89%] Built target changed_participant_schedule_node
[78.711s] [ 90%] [32m[1mLinking CXX executable missing_participant_schedule_node[0m
[78.776s] [ 90%] Built target missing_participant_schedule_node
[78.780s] [ 92%] [32m[1mLinking CXX executable missing_query_schedule_node[0m
[78.841s] [ 92%] Built target missing_query_schedule_node
[78.890s] [ 94%] [32m[1mLinking CXX executable missing_query_monitor_node[0m
[78.921s] [ 96%] [32m[1mLinking CXX executable wrong_query_schedule_node[0m
[78.949s] [ 96%] Built target missing_query_monitor_node
[78.978s] [ 96%] Built target wrong_query_schedule_node
[79.229s] [ 98%] [32m[1mLinking CXX executable delayed_query_broadcast_monitor_node[0m
[79.283s] [ 98%] Built target delayed_query_broadcast_monitor_node
[85.701s] [100%] [32m[1mLinking CXX executable test_rmf_traffic_ros2[0m
[85.758s] [100%] Built target test_rmf_traffic_ros2
[85.766s] Invoked command in '/home/wang/rmf_ws/build/rmf_traffic_ros2' returned '0': AMENT_PREFIX_PATH=/home/wang/rmf_ws/install/rmf_traffic_msgs:/home/wang/rmf_ws/install/rmf_site_map_msgs:/home/wang/rmf_ws/install/rmf_fleet_msgs:/home/wang/rmf_ws/install/rmf_building_map_msgs:/home/wang/rmf_ws/install/ament_cmake_catch2:${AMENT_PREFIX_PATH} CMAKE_PREFIX_PATH=/home/wang/rmf_ws/install/rmf_traffic:/home/wang/rmf_ws/install/rmf_utils:/home/wang/rmf_ws/install/rmf_traffic_msgs:/home/wang/rmf_ws/install/rmf_site_map_msgs:/home/wang/rmf_ws/install/rmf_fleet_msgs:/home/wang/rmf_ws/install/rmf_building_map_msgs:/home/wang/rmf_ws/install/ament_cmake_catch2:/opt/ros/humble LD_LIBRARY_PATH=/home/wang/rmf_ws/install/rmf_traffic/lib:/home/wang/rmf_ws/install/rmf_utils/lib:/home/wang/rmf_ws/install/rmf_traffic_msgs/lib:/home/wang/rmf_ws/install/rmf_site_map_msgs/lib:/home/wang/rmf_ws/install/rmf_fleet_msgs/lib:/home/wang/rmf_ws/install/rmf_building_map_msgs/lib:${LD_LIBRARY_PATH} PKG_CONFIG_PATH=/home/wang/rmf_ws/install/rmf_traffic/lib/x86_64-linux-gnu/pkgconfig:/home/wang/rmf_ws/install/rmf_traffic/lib/pkgconfig:/home/wang/rmf_ws/install/rmf_utils/lib/x86_64-linux-gnu/pkgconfig:/home/wang/rmf_ws/install/rmf_utils/lib/pkgconfig PYTHONPATH=/home/wang/rmf_ws/install/rmf_traffic_msgs/local/lib/python3.10/dist-packages:/home/wang/rmf_ws/install/rmf_site_map_msgs/local/lib/python3.10/dist-packages:/home/wang/rmf_ws/install/rmf_fleet_msgs/local/lib/python3.10/dist-packages:/home/wang/rmf_ws/install/rmf_building_map_msgs/local/lib/python3.10/dist-packages:${PYTHONPATH} /home/wang/.local/bin/cmake --build /home/wang/rmf_ws/build/rmf_traffic_ros2 -- -j16 -l16
[85.863s] Invoking command in '/home/wang/rmf_ws/build/rmf_traffic_ros2': AMENT_PREFIX_PATH=/home/wang/rmf_ws/install/rmf_traffic_msgs:/home/wang/rmf_ws/install/rmf_site_map_msgs:/home/wang/rmf_ws/install/rmf_fleet_msgs:/home/wang/rmf_ws/install/rmf_building_map_msgs:/home/wang/rmf_ws/install/ament_cmake_catch2:${AMENT_PREFIX_PATH} CMAKE_PREFIX_PATH=/home/wang/rmf_ws/install/rmf_traffic:/home/wang/rmf_ws/install/rmf_utils:/home/wang/rmf_ws/install/rmf_traffic_msgs:/home/wang/rmf_ws/install/rmf_site_map_msgs:/home/wang/rmf_ws/install/rmf_fleet_msgs:/home/wang/rmf_ws/install/rmf_building_map_msgs:/home/wang/rmf_ws/install/ament_cmake_catch2:/opt/ros/humble LD_LIBRARY_PATH=/home/wang/rmf_ws/install/rmf_traffic/lib:/home/wang/rmf_ws/install/rmf_utils/lib:/home/wang/rmf_ws/install/rmf_traffic_msgs/lib:/home/wang/rmf_ws/install/rmf_site_map_msgs/lib:/home/wang/rmf_ws/install/rmf_fleet_msgs/lib:/home/wang/rmf_ws/install/rmf_building_map_msgs/lib:${LD_LIBRARY_PATH} PKG_CONFIG_PATH=/home/wang/rmf_ws/install/rmf_traffic/lib/x86_64-linux-gnu/pkgconfig:/home/wang/rmf_ws/install/rmf_traffic/lib/pkgconfig:/home/wang/rmf_ws/install/rmf_utils/lib/x86_64-linux-gnu/pkgconfig:/home/wang/rmf_ws/install/rmf_utils/lib/pkgconfig PYTHONPATH=/home/wang/rmf_ws/install/rmf_traffic_msgs/local/lib/python3.10/dist-packages:/home/wang/rmf_ws/install/rmf_site_map_msgs/local/lib/python3.10/dist-packages:/home/wang/rmf_ws/install/rmf_fleet_msgs/local/lib/python3.10/dist-packages:/home/wang/rmf_ws/install/rmf_building_map_msgs/local/lib/python3.10/dist-packages:${PYTHONPATH} /home/wang/.local/bin/cmake --install /home/wang/rmf_ws/build/rmf_traffic_ros2
[85.881s] -- Install configuration: "Release"
[85.881s] -- Installing: /home/wang/rmf_ws/install/rmf_traffic_ros2/lib/rmf_traffic_ros2/missing_query_schedule_node
[85.882s] -- Set runtime path of "/home/wang/rmf_ws/install/rmf_traffic_ros2/lib/rmf_traffic_ros2/missing_query_schedule_node" to ""
[85.882s] -- Installing: /home/wang/rmf_ws/install/rmf_traffic_ros2/lib/rmf_traffic_ros2/missing_query_monitor_node
[85.882s] -- Set runtime path of "/home/wang/rmf_ws/install/rmf_traffic_ros2/lib/rmf_traffic_ros2/missing_query_monitor_node" to ""
[85.882s] -- Installing: /home/wang/rmf_ws/install/rmf_traffic_ros2/lib/rmf_traffic_ros2/wrong_query_schedule_node
[85.882s] -- Set runtime path of "/home/wang/rmf_ws/install/rmf_traffic_ros2/lib/rmf_traffic_ros2/wrong_query_schedule_node" to ""
[85.882s] -- Installing: /home/wang/rmf_ws/install/rmf_traffic_ros2/lib/rmf_traffic_ros2/delayed_query_broadcast_monitor_node
[85.883s] -- Set runtime path of "/home/wang/rmf_ws/install/rmf_traffic_ros2/lib/rmf_traffic_ros2/delayed_query_broadcast_monitor_node" to ""
[85.883s] -- Installing: /home/wang/rmf_ws/install/rmf_traffic_ros2/lib/rmf_traffic_ros2/missing_participant_schedule_node
[85.883s] -- Set runtime path of "/home/wang/rmf_ws/install/rmf_traffic_ros2/lib/rmf_traffic_ros2/missing_participant_schedule_node" to ""
[85.883s] -- Installing: /home/wang/rmf_ws/install/rmf_traffic_ros2/lib/rmf_traffic_ros2/changed_participant_schedule_node
[85.883s] -- Set runtime path of "/home/wang/rmf_ws/install/rmf_traffic_ros2/lib/rmf_traffic_ros2/changed_participant_schedule_node" to ""
[85.884s] -- Installing: /home/wang/rmf_ws/install/rmf_traffic_ros2/lib/rmf_traffic_ros2/mock_repetitive_delay_participant
[85.884s] -- Set runtime path of "/home/wang/rmf_ws/install/rmf_traffic_ros2/lib/rmf_traffic_ros2/mock_repetitive_delay_participant" to ""
[85.884s] -- Installing: /home/wang/rmf_ws/install/rmf_traffic_ros2/share/rmf_traffic_ros2/environment/library_path.sh
[85.884s] -- Installing: /home/wang/rmf_ws/install/rmf_traffic_ros2/share/rmf_traffic_ros2/environment/library_path.dsv
[85.884s] -- Installing: /home/wang/rmf_ws/install/rmf_traffic_ros2/include
[85.884s] -- Installing: /home/wang/rmf_ws/install/rmf_traffic_ros2/include/rmf_traffic_ros2
[85.884s] -- Installing: /home/wang/rmf_ws/install/rmf_traffic_ros2/include/rmf_traffic_ros2/geometry
[85.884s] -- Installing: /home/wang/rmf_ws/install/rmf_traffic_ros2/include/rmf_traffic_ros2/geometry/ConvexShape.hpp
[85.884s] -- Installing: /home/wang/rmf_ws/install/rmf_traffic_ros2/include/rmf_traffic_ros2/geometry/Shape.hpp
[85.884s] -- Installing: /home/wang/rmf_ws/install/rmf_traffic_ros2/include/rmf_traffic_ros2/geometry/Circle.hpp
[85.884s] -- Installing: /home/wang/rmf_ws/install/rmf_traffic_ros2/include/rmf_traffic_ros2/schedule
[85.884s] -- Installing: /home/wang/rmf_ws/install/rmf_traffic_ros2/include/rmf_traffic_ros2/schedule/Writer.hpp
[85.884s] -- Installing: /home/wang/rmf_ws/install/rmf_traffic_ros2/include/rmf_traffic_ros2/schedule/MonitorNode.hpp
[85.884s] -- Installing: /home/wang/rmf_ws/install/rmf_traffic_ros2/include/rmf_traffic_ros2/schedule/Query.hpp
[85.884s] -- Installing: /home/wang/rmf_ws/install/rmf_traffic_ros2/include/rmf_traffic_ros2/schedule/Node.hpp
[85.885s] -- Installing: /home/wang/rmf_ws/install/rmf_traffic_ros2/include/rmf_traffic_ros2/schedule/ParticipantDescription.hpp
[85.885s] -- Installing: /home/wang/rmf_ws/install/rmf_traffic_ros2/include/rmf_traffic_ros2/schedule/Negotiation.hpp
[85.885s] -- Installing: /home/wang/rmf_ws/install/rmf_traffic_ros2/include/rmf_traffic_ros2/schedule/Patch.hpp
[85.885s] -- Installing: /home/wang/rmf_ws/install/rmf_traffic_ros2/include/rmf_traffic_ros2/schedule/Inconsistencies.hpp
[85.885s] -- Installing: /home/wang/rmf_ws/install/rmf_traffic_ros2/include/rmf_traffic_ros2/schedule/ParticipantRegistry.hpp
[85.885s] -- Installing: /home/wang/rmf_ws/install/rmf_traffic_ros2/include/rmf_traffic_ros2/schedule/MirrorManager.hpp
[85.885s] -- Installing: /home/wang/rmf_ws/install/rmf_traffic_ros2/include/rmf_traffic_ros2/schedule/Itinerary.hpp
[85.885s] -- Installing: /home/wang/rmf_ws/install/rmf_traffic_ros2/include/rmf_traffic_ros2/schedule/ScheduleIdentity.hpp
[85.885s] -- Installing: /home/wang/rmf_ws/install/rmf_traffic_ros2/include/rmf_traffic_ros2/schedule/Change.hpp
[85.885s] -- Installing: /home/wang/rmf_ws/install/rmf_traffic_ros2/include/rmf_traffic_ros2/Trajectory.hpp
[85.885s] -- Installing: /home/wang/rmf_ws/install/rmf_traffic_ros2/include/rmf_traffic_ros2/StandardNames.hpp
[85.885s] -- Installing: /home/wang/rmf_ws/install/rmf_traffic_ros2/include/rmf_traffic_ros2/agv
[85.885s] -- Installing: /home/wang/rmf_ws/install/rmf_traffic_ros2/include/rmf_traffic_ros2/agv/Graph.hpp
[85.885s] -- Installing: /home/wang/rmf_ws/install/rmf_traffic_ros2/include/rmf_traffic_ros2/blockade
[85.885s] -- Installing: /home/wang/rmf_ws/install/rmf_traffic_ros2/include/rmf_traffic_ros2/blockade/Writer.hpp
[85.885s] -- Installing: /home/wang/rmf_ws/install/rmf_traffic_ros2/include/rmf_traffic_ros2/blockade/Node.hpp
[85.885s] -- Installing: /home/wang/rmf_ws/install/rmf_traffic_ros2/include/rmf_traffic_ros2/Time.hpp
[85.885s] -- Installing: /home/wang/rmf_ws/install/rmf_traffic_ros2/include/rmf_traffic_ros2/Route.hpp
[85.885s] -- Installing: /home/wang/rmf_ws/install/rmf_traffic_ros2/include/rmf_traffic_ros2/Profile.hpp
[85.885s] -- Installing: /home/wang/rmf_ws/install/rmf_traffic_ros2/lib/librmf_traffic_ros2.so
[85.898s] -- Set runtime path of "/home/wang/rmf_ws/install/rmf_traffic_ros2/lib/librmf_traffic_ros2.so" to ""
[85.898s] -- Installing: /home/wang/rmf_ws/install/rmf_traffic_ros2/lib/rmf_traffic_ros2/rmf_traffic_schedule
[85.898s] -- Set runtime path of "/home/wang/rmf_ws/install/rmf_traffic_ros2/lib/rmf_traffic_ros2/rmf_traffic_schedule" to ""
[85.899s] -- Installing: /home/wang/rmf_ws/install/rmf_traffic_ros2/lib/rmf_traffic_ros2/rmf_traffic_schedule_monitor
[85.899s] -- Set runtime path of "/home/wang/rmf_ws/install/rmf_traffic_ros2/lib/rmf_traffic_ros2/rmf_traffic_schedule_monitor" to ""
[85.899s] -- Installing: /home/wang/rmf_ws/install/rmf_traffic_ros2/lib/rmf_traffic_ros2/rmf_traffic_blockade
[85.899s] -- Set runtime path of "/home/wang/rmf_ws/install/rmf_traffic_ros2/lib/rmf_traffic_ros2/rmf_traffic_blockade" to ""
[85.899s] -- Installing: /home/wang/rmf_ws/install/rmf_traffic_ros2/lib/rmf_traffic_ros2/update_participant
[85.899s] -- Set runtime path of "/home/wang/rmf_ws/install/rmf_traffic_ros2/lib/rmf_traffic_ros2/update_participant" to ""
[85.899s] -- Installing: /home/wang/rmf_ws/install/rmf_traffic_ros2/share/ament_index/resource_index/package_run_dependencies/rmf_traffic_ros2
[85.899s] -- Installing: /home/wang/rmf_ws/install/rmf_traffic_ros2/share/ament_index/resource_index/parent_prefix_path/rmf_traffic_ros2
[85.899s] -- Installing: /home/wang/rmf_ws/install/rmf_traffic_ros2/share/rmf_traffic_ros2/environment/ament_prefix_path.sh
[85.900s] -- Installing: /home/wang/rmf_ws/install/rmf_traffic_ros2/share/rmf_traffic_ros2/environment/ament_prefix_path.dsv
[85.900s] -- Installing: /home/wang/rmf_ws/install/rmf_traffic_ros2/share/rmf_traffic_ros2/environment/path.sh
[85.900s] -- Installing: /home/wang/rmf_ws/install/rmf_traffic_ros2/share/rmf_traffic_ros2/environment/path.dsv
[85.900s] -- Installing: /home/wang/rmf_ws/install/rmf_traffic_ros2/share/rmf_traffic_ros2/local_setup.bash
[85.900s] -- Installing: /home/wang/rmf_ws/install/rmf_traffic_ros2/share/rmf_traffic_ros2/local_setup.sh
[85.900s] -- Installing: /home/wang/rmf_ws/install/rmf_traffic_ros2/share/rmf_traffic_ros2/local_setup.zsh
[85.900s] -- Installing: /home/wang/rmf_ws/install/rmf_traffic_ros2/share/rmf_traffic_ros2/local_setup.dsv
[85.900s] -- Installing: /home/wang/rmf_ws/install/rmf_traffic_ros2/share/rmf_traffic_ros2/package.dsv
[85.900s] -- Installing: /home/wang/rmf_ws/install/rmf_traffic_ros2/share/ament_index/resource_index/packages/rmf_traffic_ros2
[85.900s] -- Installing: /home/wang/rmf_ws/install/rmf_traffic_ros2/share/rmf_traffic_ros2/cmake/rmf_traffic_ros2Export.cmake
[85.900s] -- Installing: /home/wang/rmf_ws/install/rmf_traffic_ros2/share/rmf_traffic_ros2/cmake/rmf_traffic_ros2Export-release.cmake
[85.900s] -- Installing: /home/wang/rmf_ws/install/rmf_traffic_ros2/share/rmf_traffic_ros2/cmake/proj_dependency.cmake
[85.900s] -- Installing: /home/wang/rmf_ws/install/rmf_traffic_ros2/share/rmf_traffic_ros2/cmake/ament_cmake_export_targets-extras.cmake
[85.901s] -- Installing: /home/wang/rmf_ws/install/rmf_traffic_ros2/share/rmf_traffic_ros2/cmake/ament_cmake_export_dependencies-extras.cmake
[85.901s] -- Installing: /home/wang/rmf_ws/install/rmf_traffic_ros2/share/rmf_traffic_ros2/cmake/rmf_traffic_ros2Config.cmake
[85.901s] -- Installing: /home/wang/rmf_ws/install/rmf_traffic_ros2/share/rmf_traffic_ros2/cmake/rmf_traffic_ros2Config-version.cmake
[85.901s] -- Installing: /home/wang/rmf_ws/install/rmf_traffic_ros2/share/rmf_traffic_ros2/package.xml
[85.907s] Invoked command in '/home/wang/rmf_ws/build/rmf_traffic_ros2' returned '0': AMENT_PREFIX_PATH=/home/wang/rmf_ws/install/rmf_traffic_msgs:/home/wang/rmf_ws/install/rmf_site_map_msgs:/home/wang/rmf_ws/install/rmf_fleet_msgs:/home/wang/rmf_ws/install/rmf_building_map_msgs:/home/wang/rmf_ws/install/ament_cmake_catch2:${AMENT_PREFIX_PATH} CMAKE_PREFIX_PATH=/home/wang/rmf_ws/install/rmf_traffic:/home/wang/rmf_ws/install/rmf_utils:/home/wang/rmf_ws/install/rmf_traffic_msgs:/home/wang/rmf_ws/install/rmf_site_map_msgs:/home/wang/rmf_ws/install/rmf_fleet_msgs:/home/wang/rmf_ws/install/rmf_building_map_msgs:/home/wang/rmf_ws/install/ament_cmake_catch2:/opt/ros/humble LD_LIBRARY_PATH=/home/wang/rmf_ws/install/rmf_traffic/lib:/home/wang/rmf_ws/install/rmf_utils/lib:/home/wang/rmf_ws/install/rmf_traffic_msgs/lib:/home/wang/rmf_ws/install/rmf_site_map_msgs/lib:/home/wang/rmf_ws/install/rmf_fleet_msgs/lib:/home/wang/rmf_ws/install/rmf_building_map_msgs/lib:${LD_LIBRARY_PATH} PKG_CONFIG_PATH=/home/wang/rmf_ws/install/rmf_traffic/lib/x86_64-linux-gnu/pkgconfig:/home/wang/rmf_ws/install/rmf_traffic/lib/pkgconfig:/home/wang/rmf_ws/install/rmf_utils/lib/x86_64-linux-gnu/pkgconfig:/home/wang/rmf_ws/install/rmf_utils/lib/pkgconfig PYTHONPATH=/home/wang/rmf_ws/install/rmf_traffic_msgs/local/lib/python3.10/dist-packages:/home/wang/rmf_ws/install/rmf_site_map_msgs/local/lib/python3.10/dist-packages:/home/wang/rmf_ws/install/rmf_fleet_msgs/local/lib/python3.10/dist-packages:/home/wang/rmf_ws/install/rmf_building_map_msgs/local/lib/python3.10/dist-packages:${PYTHONPATH} /home/wang/.local/bin/cmake --install /home/wang/rmf_ws/build/rmf_traffic_ros2
