[0.083s] Invoking command in '/home/wang/rmf_ws/build/rmf_api_msgs': CMAKE_PREFIX_PATH=/opt/ros/humble /home/wang/.local/bin/cmake /home/wang/rmf_ws/src/rmf/rmf_api_msgs/rmf_api_msgs -DCMAKE_EXE_LINKER_FLAGS=-fuse-ld=lld -DCMAKE_MODULE_LINKER_FLAGS=-fuse-ld=lld -DCMAKE_SHARED_LINKER_FLAGS=-fuse-ld=lld -DCMAKE_BUILD_TYPE=Release -DCMAKE_INSTALL_PREFIX=/home/wang/rmf_ws/install/rmf_api_msgs
[0.748s] -- The C compiler identification is Clang 14.0.0
[1.003s] -- The CXX compiler identification is Clang 14.0.0
[1.033s] -- Detecting C compiler ABI info
[1.173s] -- Detecting C compiler ABI info - done
[1.186s] -- Check for working C compiler: /usr/bin/clang - skipped
[1.186s] -- Detecting C compile features
[1.186s] -- Detecting C compile features - done
[1.190s] -- Detecting CXX compiler ABI info
[1.363s] -- Detecting CXX compiler ABI info - done
[1.376s] -- Check for working CXX compiler: /usr/bin/clang++ - skipped
[1.376s] -- Detecting CXX compile features
[1.377s] -- Detecting CXX compile features - done
[1.384s] -- Found ament_cmake: 1.3.5 (/opt/ros/humble/share/ament_cmake/cmake)
[1.928s] -- Found Python3: /usr/bin/python3.10 (found version "3.10.6") found components: Interpreter 
[2.059s] -- Found nlohmann_json: /usr/lib/cmake/nlohmann_json/nlohmann_jsonConfig.cmake (found version "3.10.5") 
[2.071s] [0m Generating schema as py mods[0m
[2.071s] [33mCMake Warning at CMakeLists.txt:107 (message):
[2.071s]   Not able to generate py models since 'datamodel-codegen' is not available
[2.071s] 
[2.071s] [0m
[2.267s] -- Configuring done (2.2s)
[2.271s] -- Generating done (0.0s)
[2.272s] -- Build files have been written to: /home/wang/rmf_ws/build/rmf_api_msgs
[2.289s] Invoked command in '/home/wang/rmf_ws/build/rmf_api_msgs' returned '0': CMAKE_PREFIX_PATH=/opt/ros/humble /home/wang/.local/bin/cmake /home/wang/rmf_ws/src/rmf/rmf_api_msgs/rmf_api_msgs -DCMAKE_EXE_LINKER_FLAGS=-fuse-ld=lld -DCMAKE_MODULE_LINKER_FLAGS=-fuse-ld=lld -DCMAKE_SHARED_LINKER_FLAGS=-fuse-ld=lld -DCMAKE_BUILD_TYPE=Release -DCMAKE_INSTALL_PREFIX=/home/wang/rmf_ws/install/rmf_api_msgs
[2.292s] Invoking command in '/home/wang/rmf_ws/build/rmf_api_msgs': CMAKE_PREFIX_PATH=/opt/ros/humble /home/wang/.local/bin/cmake --build /home/wang/rmf_ws/build/rmf_api_msgs -- -j16 -l16
[3.027s] Built target ament_cmake_python_copy_rmf_api_msgs
[3.056s] py template for json schema is loaded, now load json schemas... 
[3.057s] 
[3.057s]  - Target Schemas:  ['fleet_log_update.json', 'skip_phase_request.json', 'activity_discovery_response.json', 'task_state_update.json', 'activity_discovery_request.json', 'fleet_state_update.json', 'transformation_2D.json', 'fleet_state.json', 'interrupt_task_response.json', 'task_state.json', 'dispatch_task_response.json', 'cancel_task_request.json', 'resume_task_request.json', 'log_entry.json', 'cancel_task_response.json', 'task_discovery_request.json', 'task_log_response.json', 'rewind_task_response.json', 'robot_task_response.json', 'task_log_update.json', 'simple_response.json', 'rtls_tag_state.json', 'fleet_log.json', 'error.json', 'kill_task_request.json', 'task_log_request.json', 'rewind_task_request.json', 'robot_state.json', 'task_request.json', 'robot_task_request.json', 'kill_task_response.json', 'undo_skip_phase_response.json', 'skip_phase_response.json', 'fleet_log_response.json', 'dispatch_task_request.json', 'resume_task_response.json', 'task_log.json', 'interrupt_task_request.json', 'location_2D.json', 'fleet_log_request.json', 'task_discovery_response.json', 'undo_skip_phase_request.json', 'token_response.json']
[3.057s]  py schemas module is created: [/home/wang/rmf_ws/src/rmf/rmf_api_msgs/rmf_api_msgs/rmf_api_msgs/schemas.py]
[3.057s] 
[3.057s]  Done with py schema modules generation!
[3.058s] Built target py_schemas_gen
[3.058s] running egg_info
[3.058s] creating rmf_api_msgs.egg-info
[3.058s] writing rmf_api_msgs.egg-info/PKG-INFO
[3.058s] writing dependency_links to rmf_api_msgs.egg-info/dependency_links.txt
[3.058s] writing top-level names to rmf_api_msgs.egg-info/top_level.txt
[3.058s] writing manifest file 'rmf_api_msgs.egg-info/SOURCES.txt'
[3.058s] reading manifest file 'rmf_api_msgs.egg-info/SOURCES.txt'
[3.058s] writing manifest file 'rmf_api_msgs.egg-info/SOURCES.txt'
[3.058s] Built target ament_cmake_python_build_rmf_api_msgs_egg
[3.081s] Invoked command in '/home/wang/rmf_ws/build/rmf_api_msgs' returned '0': CMAKE_PREFIX_PATH=/opt/ros/humble /home/wang/.local/bin/cmake --build /home/wang/rmf_ws/build/rmf_api_msgs -- -j16 -l16
[3.400s] Invoking command in '/home/wang/rmf_ws/build/rmf_api_msgs': CMAKE_PREFIX_PATH=/opt/ros/humble /home/wang/.local/bin/cmake --install /home/wang/rmf_ws/build/rmf_api_msgs
[4.992s] -- Install configuration: "Release"
[4.992s] -- Installing: /home/wang/rmf_ws/install/rmf_api_msgs/include
[4.992s] -- Installing: /home/wang/rmf_ws/install/rmf_api_msgs/include/rmf_api_msgs
[4.992s] -- Installing: /home/wang/rmf_ws/install/rmf_api_msgs/include/rmf_api_msgs/schemas
[4.992s] -- Installing: /home/wang/rmf_ws/install/rmf_api_msgs/include/rmf_api_msgs/schemas/skip_phase_response.hpp
[4.992s] -- Installing: /home/wang/rmf_ws/install/rmf_api_msgs/include/rmf_api_msgs/schemas/activity_discovery_response.hpp
[4.993s] -- Installing: /home/wang/rmf_ws/install/rmf_api_msgs/include/rmf_api_msgs/schemas/task_state_update.hpp
[4.993s] -- Installing: /home/wang/rmf_ws/install/rmf_api_msgs/include/rmf_api_msgs/schemas/dispatch_task_response.hpp
[4.993s] -- Installing: /home/wang/rmf_ws/install/rmf_api_msgs/include/rmf_api_msgs/schemas/skip_phase_request.hpp
[4.993s] -- Installing: /home/wang/rmf_ws/install/rmf_api_msgs/include/rmf_api_msgs/schemas/dispatch_task_request.hpp
[4.997s] -- Installing: /home/wang/rmf_ws/install/rmf_api_msgs/include/rmf_api_msgs/schemas/fleet_state.hpp
[5.002s] -- Installing: /home/wang/rmf_ws/install/rmf_api_msgs/include/rmf_api_msgs/schemas/log_entry.hpp
[5.002s] -- Installing: /home/wang/rmf_ws/install/rmf_api_msgs/include/rmf_api_msgs/schemas/transformation_2D.hpp
[5.003s] -- Installing: /home/wang/rmf_ws/install/rmf_api_msgs/include/rmf_api_msgs/schemas/error.hpp
[5.003s] -- Installing: /home/wang/rmf_ws/install/rmf_api_msgs/include/rmf_api_msgs/schemas/fleet_log_response.hpp
[5.003s] -- Installing: /home/wang/rmf_ws/install/rmf_api_msgs/include/rmf_api_msgs/schemas/rewind_task_response.hpp
[5.003s] -- Installing: /home/wang/rmf_ws/install/rmf_api_msgs/include/rmf_api_msgs/schemas/task_log.hpp
[5.003s] -- Installing: /home/wang/rmf_ws/install/rmf_api_msgs/include/rmf_api_msgs/schemas/rtls_tag_state.hpp
[5.004s] -- Installing: /home/wang/rmf_ws/install/rmf_api_msgs/include/rmf_api_msgs/schemas/resume_task_request.hpp
[5.004s] -- Installing: /home/wang/rmf_ws/install/rmf_api_msgs/include/rmf_api_msgs/schemas/fleet_log_request.hpp
[5.004s] -- Installing: /home/wang/rmf_ws/install/rmf_api_msgs/include/rmf_api_msgs/schemas/task_log_request.hpp
[5.004s] -- Installing: /home/wang/rmf_ws/install/rmf_api_msgs/include/rmf_api_msgs/schemas/cancel_task_response.hpp
[5.004s] -- Installing: /home/wang/rmf_ws/install/rmf_api_msgs/include/rmf_api_msgs/schemas/simple_response.hpp
[5.004s] -- Installing: /home/wang/rmf_ws/install/rmf_api_msgs/include/rmf_api_msgs/schemas/undo_skip_phase_response.hpp
[5.005s] -- Installing: /home/wang/rmf_ws/install/rmf_api_msgs/include/rmf_api_msgs/schemas/task_discovery_request.hpp
[5.005s] -- Installing: /home/wang/rmf_ws/install/rmf_api_msgs/include/rmf_api_msgs/schemas/interrupt_task_response.hpp
[5.005s] -- Installing: /home/wang/rmf_ws/install/rmf_api_msgs/include/rmf_api_msgs/schemas/undo_skip_phase_request.hpp
[5.005s] -- Installing: /home/wang/rmf_ws/install/rmf_api_msgs/include/rmf_api_msgs/schemas/resume_task_response.hpp
[5.013s] -- Installing: /home/wang/rmf_ws/install/rmf_api_msgs/include/rmf_api_msgs/schemas/task_log_response.hpp
[5.013s] -- Installing: /home/wang/rmf_ws/install/rmf_api_msgs/include/rmf_api_msgs/schemas/task_log_update.hpp
[5.013s] -- Installing: /home/wang/rmf_ws/install/rmf_api_msgs/include/rmf_api_msgs/schemas/kill_task_response.hpp
[5.013s] -- Installing: /home/wang/rmf_ws/install/rmf_api_msgs/include/rmf_api_msgs/schemas/task_request.hpp
[5.013s] -- Installing: /home/wang/rmf_ws/install/rmf_api_msgs/include/rmf_api_msgs/schemas/robot_task_request.hpp
[5.013s] -- Installing: /home/wang/rmf_ws/install/rmf_api_msgs/include/rmf_api_msgs/schemas/fleet_log.hpp
[5.013s] -- Installing: /home/wang/rmf_ws/install/rmf_api_msgs/include/rmf_api_msgs/schemas/activity_discovery_request.hpp
[5.013s] -- Installing: /home/wang/rmf_ws/install/rmf_api_msgs/include/rmf_api_msgs/schemas/fleet_state_update.hpp
[5.013s] -- Installing: /home/wang/rmf_ws/install/rmf_api_msgs/include/rmf_api_msgs/schemas/task_discovery_response.hpp
[5.013s] -- Installing: /home/wang/rmf_ws/install/rmf_api_msgs/include/rmf_api_msgs/schemas/token_response.hpp
[5.014s] -- Installing: /home/wang/rmf_ws/install/rmf_api_msgs/include/rmf_api_msgs/schemas/task_state.hpp
[5.014s] -- Installing: /home/wang/rmf_ws/install/rmf_api_msgs/include/rmf_api_msgs/schemas/cancel_task_request.hpp
[5.014s] -- Installing: /home/wang/rmf_ws/install/rmf_api_msgs/include/rmf_api_msgs/schemas/kill_task_request.hpp
[5.014s] -- Installing: /home/wang/rmf_ws/install/rmf_api_msgs/include/rmf_api_msgs/schemas/interrupt_task_request.hpp
[5.014s] -- Installing: /home/wang/rmf_ws/install/rmf_api_msgs/include/rmf_api_msgs/schemas/robot_state.hpp
[5.014s] -- Installing: /home/wang/rmf_ws/install/rmf_api_msgs/include/rmf_api_msgs/schemas/location_2D.hpp
[5.014s] -- Installing: /home/wang/rmf_ws/install/rmf_api_msgs/include/rmf_api_msgs/schemas/rewind_task_request.hpp
[5.014s] -- Installing: /home/wang/rmf_ws/install/rmf_api_msgs/include/rmf_api_msgs/schemas/fleet_log_update.hpp
[5.014s] -- Installing: /home/wang/rmf_ws/install/rmf_api_msgs/include/rmf_api_msgs/schemas/robot_task_response.hpp
[5.014s] -- Installing: /home/wang/rmf_ws/install/rmf_api_msgs/lib/rmf_api_msgs/cmake/rmf_api_msgs-config.cmake
[5.015s] -- Installing: /home/wang/rmf_ws/install/rmf_api_msgs/lib/rmf_api_msgs/cmake/rmf_api_msgs-config-version.cmake
[5.015s] -- Installing: /home/wang/rmf_ws/install/rmf_api_msgs/lib/rmf_api_msgs/cmake/rmf_api_generate_schema_headers.cmake
[5.015s] -- Installing: /home/wang/rmf_ws/install/rmf_api_msgs/lib/rmf_api_msgs/cmake/schemas_template.hpp.in
[5.015s] -- Installing: /home/wang/rmf_ws/install/rmf_api_msgs/lib/rmf_api_msgs/cmake/rmf_api_msgs-targets.cmake
[5.015s] -- Installing: /home/wang/rmf_ws/install/rmf_api_msgs/share/schemas
[5.015s] -- Installing: /home/wang/rmf_ws/install/rmf_api_msgs/share/schemas/fleet_log_update.json
[5.015s] -- Installing: /home/wang/rmf_ws/install/rmf_api_msgs/share/schemas/skip_phase_request.json
[5.015s] -- Installing: /home/wang/rmf_ws/install/rmf_api_msgs/share/schemas/activity_discovery_response.json
[5.015s] -- Installing: /home/wang/rmf_ws/install/rmf_api_msgs/share/schemas/task_state_update.json
[5.015s] -- Installing: /home/wang/rmf_ws/install/rmf_api_msgs/share/schemas/activity_discovery_request.json
[5.015s] -- Installing: /home/wang/rmf_ws/install/rmf_api_msgs/share/schemas/fleet_state_update.json
[5.015s] -- Installing: /home/wang/rmf_ws/install/rmf_api_msgs/share/schemas/transformation_2D.json
[5.016s] -- Installing: /home/wang/rmf_ws/install/rmf_api_msgs/share/schemas/fleet_state.json
[5.016s] -- Installing: /home/wang/rmf_ws/install/rmf_api_msgs/share/schemas/interrupt_task_response.json
[5.016s] -- Installing: /home/wang/rmf_ws/install/rmf_api_msgs/share/schemas/task_state.json
[5.016s] -- Installing: /home/wang/rmf_ws/install/rmf_api_msgs/share/schemas/dispatch_task_response.json
[5.016s] -- Installing: /home/wang/rmf_ws/install/rmf_api_msgs/share/schemas/cancel_task_request.json
[5.016s] -- Installing: /home/wang/rmf_ws/install/rmf_api_msgs/share/schemas/resume_task_request.json
[5.016s] -- Installing: /home/wang/rmf_ws/install/rmf_api_msgs/share/schemas/log_entry.json
[5.016s] -- Installing: /home/wang/rmf_ws/install/rmf_api_msgs/share/schemas/cancel_task_response.json
[5.016s] -- Installing: /home/wang/rmf_ws/install/rmf_api_msgs/share/schemas/task_discovery_request.json
[5.016s] -- Installing: /home/wang/rmf_ws/install/rmf_api_msgs/share/schemas/task_log_response.json
[5.017s] -- Installing: /home/wang/rmf_ws/install/rmf_api_msgs/share/schemas/rewind_task_response.json
[5.017s] -- Installing: /home/wang/rmf_ws/install/rmf_api_msgs/share/schemas/robot_task_response.json
[5.017s] -- Installing: /home/wang/rmf_ws/install/rmf_api_msgs/share/schemas/task_log_update.json
[5.017s] -- Installing: /home/wang/rmf_ws/install/rmf_api_msgs/share/schemas/simple_response.json
[5.017s] -- Installing: /home/wang/rmf_ws/install/rmf_api_msgs/share/schemas/rtls_tag_state.json
[5.017s] -- Installing: /home/wang/rmf_ws/install/rmf_api_msgs/share/schemas/fleet_log.json
[5.017s] -- Installing: /home/wang/rmf_ws/install/rmf_api_msgs/share/schemas/error.json
[5.017s] -- Installing: /home/wang/rmf_ws/install/rmf_api_msgs/share/schemas/kill_task_request.json
[5.017s] -- Installing: /home/wang/rmf_ws/install/rmf_api_msgs/share/schemas/task_log_request.json
[5.017s] -- Installing: /home/wang/rmf_ws/install/rmf_api_msgs/share/schemas/rewind_task_request.json
[5.018s] -- Installing: /home/wang/rmf_ws/install/rmf_api_msgs/share/schemas/robot_state.json
[5.018s] -- Installing: /home/wang/rmf_ws/install/rmf_api_msgs/share/schemas/task_request.json
[5.018s] -- Installing: /home/wang/rmf_ws/install/rmf_api_msgs/share/schemas/robot_task_request.json
[5.018s] -- Installing: /home/wang/rmf_ws/install/rmf_api_msgs/share/schemas/kill_task_response.json
[5.018s] -- Installing: /home/wang/rmf_ws/install/rmf_api_msgs/share/schemas/undo_skip_phase_response.json
[5.018s] -- Installing: /home/wang/rmf_ws/install/rmf_api_msgs/share/schemas/skip_phase_response.json
[5.018s] -- Installing: /home/wang/rmf_ws/install/rmf_api_msgs/share/schemas/fleet_log_response.json
[5.018s] -- Installing: /home/wang/rmf_ws/install/rmf_api_msgs/share/schemas/dispatch_task_request.json
[5.018s] -- Installing: /home/wang/rmf_ws/install/rmf_api_msgs/share/schemas/resume_task_response.json
[5.019s] -- Installing: /home/wang/rmf_ws/install/rmf_api_msgs/share/schemas/task_log.json
[5.019s] -- Installing: /home/wang/rmf_ws/install/rmf_api_msgs/share/schemas/interrupt_task_request.json
[5.019s] -- Installing: /home/wang/rmf_ws/install/rmf_api_msgs/share/schemas/location_2D.json
[5.019s] -- Installing: /home/wang/rmf_ws/install/rmf_api_msgs/share/schemas/fleet_log_request.json
[5.019s] -- Installing: /home/wang/rmf_ws/install/rmf_api_msgs/share/schemas/task_discovery_response.json
[5.019s] -- Installing: /home/wang/rmf_ws/install/rmf_api_msgs/share/schemas/undo_skip_phase_request.json
[5.019s] -- Installing: /home/wang/rmf_ws/install/rmf_api_msgs/share/schemas/token_response.json
[5.019s] -- Installing: /home/wang/rmf_ws/install/rmf_api_msgs/share/rmf_api_msgs/environment/pythonpath.sh
[5.020s] -- Installing: /home/wang/rmf_ws/install/rmf_api_msgs/share/rmf_api_msgs/environment/pythonpath.dsv
[5.020s] -- Installing: /home/wang/rmf_ws/install/rmf_api_msgs/local/lib/python3.10/dist-packages/rmf_api_msgs-0.0.3-py3.10.egg-info
[5.020s] -- Installing: /home/wang/rmf_ws/install/rmf_api_msgs/local/lib/python3.10/dist-packages/rmf_api_msgs-0.0.3-py3.10.egg-info/PKG-INFO
[5.020s] -- Installing: /home/wang/rmf_ws/install/rmf_api_msgs/local/lib/python3.10/dist-packages/rmf_api_msgs-0.0.3-py3.10.egg-info/dependency_links.txt
[5.020s] -- Installing: /home/wang/rmf_ws/install/rmf_api_msgs/local/lib/python3.10/dist-packages/rmf_api_msgs-0.0.3-py3.10.egg-info/SOURCES.txt
[5.020s] -- Installing: /home/wang/rmf_ws/install/rmf_api_msgs/local/lib/python3.10/dist-packages/rmf_api_msgs-0.0.3-py3.10.egg-info/top_level.txt
[5.020s] -- Installing: /home/wang/rmf_ws/install/rmf_api_msgs/local/lib/python3.10/dist-packages/rmf_api_msgs
[5.020s] -- Installing: /home/wang/rmf_ws/install/rmf_api_msgs/local/lib/python3.10/dist-packages/rmf_api_msgs/__init__.py
[5.021s] -- Installing: /home/wang/rmf_ws/install/rmf_api_msgs/local/lib/python3.10/dist-packages/rmf_api_msgs/schemas.py
[5.021s] Listing '/home/wang/rmf_ws/install/rmf_api_msgs/local/lib/python3.10/dist-packages/rmf_api_msgs'...
[5.077s] Compiling '/home/wang/rmf_ws/install/rmf_api_msgs/local/lib/python3.10/dist-packages/rmf_api_msgs/__init__.py'...
[5.077s] Compiling '/home/wang/rmf_ws/install/rmf_api_msgs/local/lib/python3.10/dist-packages/rmf_api_msgs/schemas.py'...
[5.077s] -- Installing: /home/wang/rmf_ws/install/rmf_api_msgs/lib/rmf_api_msgs/check_sample.py
[5.078s] -- Installing: /home/wang/rmf_ws/install/rmf_api_msgs/lib/rmf_api_msgs/schemas_template.jinja2
[5.078s] -- Installing: /home/wang/rmf_ws/install/rmf_api_msgs/lib/rmf_api_msgs/generate_py_schemas.py
[5.078s] -- Installing: /home/wang/rmf_ws/install/rmf_api_msgs/share/ament_index/resource_index/package_run_dependencies/rmf_api_msgs
[5.078s] -- Installing: /home/wang/rmf_ws/install/rmf_api_msgs/share/ament_index/resource_index/parent_prefix_path/rmf_api_msgs
[5.078s] -- Installing: /home/wang/rmf_ws/install/rmf_api_msgs/share/rmf_api_msgs/environment/ament_prefix_path.sh
[5.078s] -- Installing: /home/wang/rmf_ws/install/rmf_api_msgs/share/rmf_api_msgs/environment/ament_prefix_path.dsv
[5.078s] -- Installing: /home/wang/rmf_ws/install/rmf_api_msgs/share/rmf_api_msgs/environment/path.sh
[5.078s] -- Installing: /home/wang/rmf_ws/install/rmf_api_msgs/share/rmf_api_msgs/environment/path.dsv
[5.078s] -- Installing: /home/wang/rmf_ws/install/rmf_api_msgs/share/rmf_api_msgs/local_setup.bash
[5.078s] -- Installing: /home/wang/rmf_ws/install/rmf_api_msgs/share/rmf_api_msgs/local_setup.sh
[5.078s] -- Installing: /home/wang/rmf_ws/install/rmf_api_msgs/share/rmf_api_msgs/local_setup.zsh
[5.078s] -- Installing: /home/wang/rmf_ws/install/rmf_api_msgs/share/rmf_api_msgs/local_setup.dsv
[5.079s] -- Installing: /home/wang/rmf_ws/install/rmf_api_msgs/share/rmf_api_msgs/package.dsv
[5.079s] -- Installing: /home/wang/rmf_ws/install/rmf_api_msgs/share/ament_index/resource_index/packages/rmf_api_msgs
[5.079s] -- Installing: /home/wang/rmf_ws/install/rmf_api_msgs/share/rmf_api_msgs/cmake/rmf_api_msgsConfig.cmake
[5.079s] -- Installing: /home/wang/rmf_ws/install/rmf_api_msgs/share/rmf_api_msgs/cmake/rmf_api_msgsConfig-version.cmake
[5.079s] -- Installing: /home/wang/rmf_ws/install/rmf_api_msgs/share/rmf_api_msgs/package.xml
[5.089s] Invoked command in '/home/wang/rmf_ws/build/rmf_api_msgs' returned '0': CMAKE_PREFIX_PATH=/opt/ros/humble /home/wang/.local/bin/cmake --install /home/wang/rmf_ws/build/rmf_api_msgs
