[1m/home/wang/rmf_ws/src/rmf/rmf_ros2/rmf_fleet_adapter_python/src/schedule/schedule.cpp:38:7: [0m[0;1;35mwarning: [0m[1m'delay' is deprecated: Use cumulative_delay instead [-Wdeprecated-declarations][0m
      &schedule::Participant::delay, py::const_),
[0;1;32m      ^
[0m[1m/home/wang/rmf_ws/install/rmf_traffic/include/rmf_traffic/schedule/Participant.hpp:83:5: [0m[0;1;30mnote: [0m'delay' has been explicitly marked deprecated here[0m
  [[deprecated("Use cumulative_delay instead")]]
[0;1;32m    ^
[0m[1m/home/wang/rmf_ws/src/rmf/rmf_ros2/rmf_fleet_adapter_python/src/schedule/schedule.cpp:40:30: [0m[0;1;35mwarning: [0m[1m'delay' is deprecated: Use cumulative_delay instead [-Wdeprecated-declarations][0m
      rmf_traffic::Duration>(&schedule::Participant::delay))
[0;1;32m                             ^
[0m[1m/home/wang/rmf_ws/install/rmf_traffic/include/rmf_traffic/schedule/Participant.hpp:80:5: [0m[0;1;30mnote: [0m'delay' has been explicitly marked deprecated here[0m
  [[deprecated("Use cumulative_delay instead")]]
[0;1;32m    ^
[0m[1m/home/wang/rmf_ws/src/rmf/rmf_ros2/rmf_fleet_adapter_python/src/planner/planner.cpp:145:22: [0m[0;1;35mwarning: [0m[1m'itinerary_index' is deprecated: Use arrival_checkpoints().back().route_id instead [-Wdeprecated-declarations][0m
    &Plan::Waypoint::itinerary_index)
[0;1;32m                     ^
[0m[1m/home/wang/rmf_ws/install/rmf_traffic/include/rmf_traffic/agv/Planner.hpp:840:7: [0m[0;1;30mnote: [0m'itinerary_index' has been explicitly marked deprecated here[0m
    [[deprecated("Use arrival_checkpoints().back().route_id instead")]]
[0;1;32m      ^
[0m[1m/home/wang/rmf_ws/src/rmf/rmf_ros2/rmf_fleet_adapter_python/src/planner/planner.cpp:147:22: [0m[0;1;35mwarning: [0m[1m'trajectory_index' is deprecated: Use arrival_checkpoints().back().checkpoint_id instead [-Wdeprecated-declarations][0m
    &Plan::Waypoint::trajectory_index)
[0;1;32m                     ^
[0m[1m/home/wang/rmf_ws/install/rmf_traffic/include/rmf_traffic/agv/Planner.hpp:843:7: [0m[0;1;30mnote: [0m'trajectory_index' has been explicitly marked deprecated here[0m
    [[deprecated("Use arrival_checkpoints().back().checkpoint_id instead")]]
[0;1;32m      ^
[0m[1m/home/wang/rmf_ws/src/rmf/rmf_ros2/rmf_fleet_adapter_python/src/adapter.cpp:390:30: [0m[0;1;35mwarning: [0m[1m'accept_delivery_requests' is deprecated: Use consider_delivery_requests() instead [-Wdeprecated-declarations][0m
    &agv::FleetUpdateHandle::accept_delivery_requests,
[0;1;32m                             ^
[0m[1m/home/wang/rmf_ws/install/rmf_fleet_adapter/include/rmf_fleet_adapter/agv/FleetUpdateHandle.hpp:333:5: [0m[0;1;30mnote: [0m'accept_delivery_requests' has been explicitly marked deprecated here[0m
  [[deprecated("Use consider_delivery_requests() instead")]]
[0;1;32m    ^
[0m[1m/home/wang/rmf_ws/src/rmf/rmf_ros2/rmf_fleet_adapter_python/src/adapter.cpp:393:30: [0m[0;1;35mwarning: [0m[1m'accept_task_requests' is deprecated: Use the consider_..._requests functions instead [-Wdeprecated-declarations][0m
    &agv::FleetUpdateHandle::accept_task_requests,
[0;1;32m                             ^
[0m[1m/home/wang/rmf_ws/install/rmf_fleet_adapter/include/rmf_fleet_adapter/agv/FleetUpdateHandle.hpp:310:5: [0m[0;1;30mnote: [0m'accept_task_requests' has been explicitly marked deprecated here[0m
  [[deprecated("Use the consider_..._requests functions instead")]]
[0;1;32m    ^
[0m[1m/home/wang/rmf_ws/src/rmf/rmf_ros2/rmf_fleet_adapter_python/src/adapter.cpp:404:30: [0m[0;1;35mwarning: [0m[1m'fleet_state_publish_period' is deprecated: Use fleet_state_topic_publish_period instead [-Wdeprecated-declarations][0m
    &agv::FleetUpdateHandle::fleet_state_publish_period,
[0;1;32m                             ^
[0m[1m/home/wang/rmf_ws/install/rmf_fleet_adapter/include/rmf_fleet_adapter/agv/FleetUpdateHandle.hpp:346:5: [0m[0;1;30mnote: [0m'fleet_state_publish_period' has been explicitly marked deprecated here[0m
  [[deprecated("Use fleet_state_topic_publish_period instead")]]
[0;1;32m    ^
[0m2 warnings generated.
2 warnings generated.
3 warnings generated.
