[0.036s] Invoking command in '/home/wang/rmf_ws/build/rmf_fleet_adapter_python': AMENT_PREFIX_PATH=/home/wang/rmf_ws/install/rmf_fleet_adapter:/home/wang/rmf_ws/install/rmf_task_ros2:/home/wang/rmf_ws/install/rmf_traffic_ros2:/home/wang/rmf_ws/install/rmf_websocket:/home/wang/rmf_ws/install/rmf_task_msgs:/home/wang/rmf_ws/install/rmf_ingestor_msgs:/home/wang/rmf_ws/install/rmf_traffic_msgs:/home/wang/rmf_ws/install/rmf_site_map_msgs:/home/wang/rmf_ws/install/rmf_lift_msgs:/home/wang/rmf_ws/install/rmf_fleet_msgs:/home/wang/rmf_ws/install/rmf_door_msgs:/home/wang/rmf_ws/install/rmf_dispenser_msgs:/home/wang/rmf_ws/install/rmf_building_map_msgs:/home/wang/rmf_ws/install/rmf_api_msgs:/home/wang/rmf_ws/install/pybind11_json_vendor:/home/wang/rmf_ws/install/nlohmann_json_schema_validator_vendor:${AMENT_PREFIX_PATH} CMAKE_PREFIX_PATH=/home/wang/rmf_ws/install/rmf_fleet_adapter:/home/wang/rmf_ws/install/rmf_task_sequence:/home/wang/rmf_ws/install/rmf_task_ros2:/home/wang/rmf_ws/install/rmf_task:/home/wang/rmf_ws/install/rmf_traffic_ros2:/home/wang/rmf_ws/install/rmf_battery:/home/wang/rmf_ws/install/rmf_websocket:/home/wang/rmf_ws/install/rmf_traffic:/home/wang/rmf_ws/install/rmf_utils:/home/wang/rmf_ws/install/rmf_task_msgs:/home/wang/rmf_ws/install/rmf_ingestor_msgs:/home/wang/rmf_ws/install/rmf_traffic_msgs:/home/wang/rmf_ws/install/rmf_site_map_msgs:/home/wang/rmf_ws/install/rmf_lift_msgs:/home/wang/rmf_ws/install/rmf_fleet_msgs:/home/wang/rmf_ws/install/rmf_door_msgs:/home/wang/rmf_ws/install/rmf_dispenser_msgs:/home/wang/rmf_ws/install/rmf_building_map_msgs:/home/wang/rmf_ws/install/rmf_api_msgs:/home/wang/rmf_ws/install/pybind11_json_vendor:/home/wang/rmf_ws/install/nlohmann_json_schema_validator_vendor:/opt/ros/humble LD_LIBRARY_PATH=/home/wang/rmf_ws/install/rmf_fleet_adapter/lib:/home/wang/rmf_ws/install/rmf_task_sequence/lib:/home/wang/rmf_ws/install/rmf_task_ros2/lib:/home/wang/rmf_ws/install/rmf_task/lib:/home/wang/rmf_ws/install/rmf_traffic_ros2/lib:/home/wang/rmf_ws/install/rmf_battery/lib:/home/wang/rmf_ws/install/rmf_websocket/lib:/home/wang/rmf_ws/install/rmf_traffic/lib:/home/wang/rmf_ws/install/rmf_utils/lib:/home/wang/rmf_ws/install/rmf_task_msgs/lib:/home/wang/rmf_ws/install/rmf_ingestor_msgs/lib:/home/wang/rmf_ws/install/rmf_traffic_msgs/lib:/home/wang/rmf_ws/install/rmf_site_map_msgs/lib:/home/wang/rmf_ws/install/rmf_lift_msgs/lib:/home/wang/rmf_ws/install/rmf_fleet_msgs/lib:/home/wang/rmf_ws/install/rmf_door_msgs/lib:/home/wang/rmf_ws/install/rmf_dispenser_msgs/lib:/home/wang/rmf_ws/install/rmf_building_map_msgs/lib:/home/wang/rmf_ws/install/nlohmann_json_schema_validator_vendor/lib:${LD_LIBRARY_PATH} PATH=/home/wang/rmf_ws/install/nlohmann_json_schema_validator_vendor/bin:${PATH} PKG_CONFIG_PATH=/home/wang/rmf_ws/install/rmf_task_sequence/lib/x86_64-linux-gnu/pkgconfig:/home/wang/rmf_ws/install/rmf_task_sequence/lib/pkgconfig:/home/wang/rmf_ws/install/rmf_task/lib/x86_64-linux-gnu/pkgconfig:/home/wang/rmf_ws/install/rmf_task/lib/pkgconfig:/home/wang/rmf_ws/install/rmf_battery/lib/x86_64-linux-gnu/pkgconfig:/home/wang/rmf_ws/install/rmf_battery/lib/pkgconfig:/home/wang/rmf_ws/install/rmf_traffic/lib/x86_64-linux-gnu/pkgconfig:/home/wang/rmf_ws/install/rmf_traffic/lib/pkgconfig:/home/wang/rmf_ws/install/rmf_utils/lib/x86_64-linux-gnu/pkgconfig:/home/wang/rmf_ws/install/rmf_utils/lib/pkgconfig PYTHONPATH=/home/wang/rmf_ws/install/rmf_task_msgs/local/lib/python3.10/dist-packages:/home/wang/rmf_ws/install/rmf_ingestor_msgs/local/lib/python3.10/dist-packages:/home/wang/rmf_ws/install/rmf_traffic_msgs/local/lib/python3.10/dist-packages:/home/wang/rmf_ws/install/rmf_site_map_msgs/local/lib/python3.10/dist-packages:/home/wang/rmf_ws/install/rmf_lift_msgs/local/lib/python3.10/dist-packages:/home/wang/rmf_ws/install/rmf_fleet_msgs/local/lib/python3.10/dist-packages:/home/wang/rmf_ws/install/rmf_door_msgs/local/lib/python3.10/dist-packages:/home/wang/rmf_ws/install/rmf_dispenser_msgs/local/lib/python3.10/dist-packages:/home/wang/rmf_ws/install/rmf_building_map_msgs/local/lib/python3.10/dist-packages:/home/wang/rmf_ws/install/rmf_api_msgs/local/lib/python3.10/dist-packages:${PYTHONPATH} /home/wang/.local/bin/cmake /home/wang/rmf_ws/src/rmf/rmf_ros2/rmf_fleet_adapter_python -DCMAKE_EXE_LINKER_FLAGS=-fuse-ld=lld -DCMAKE_MODULE_LINKER_FLAGS=-fuse-ld=lld -DCMAKE_SHARED_LINKER_FLAGS=-fuse-ld=lld -DCMAKE_BUILD_TYPE=Release -DCMAKE_INSTALL_PREFIX=/home/wang/rmf_ws/install/rmf_fleet_adapter_python
[0.110s] -- The C compiler identification is Clang 14.0.0
[0.190s] -- The CXX compiler identification is Clang 14.0.0
[0.205s] -- Detecting C compiler ABI info
[0.285s] -- Detecting C compiler ABI info - done
[0.291s] -- Check for working C compiler: /usr/bin/clang - skipped
[0.291s] -- Detecting C compile features
[0.292s] -- Detecting C compile features - done
[0.294s] -- Detecting CXX compiler ABI info
[0.376s] -- Detecting CXX compiler ABI info - done
[0.383s] -- Check for working CXX compiler: /usr/bin/clang++ - skipped
[0.384s] -- Detecting CXX compile features
[0.384s] -- Detecting CXX compile features - done
[0.387s] -- Found ament_cmake: 1.3.5 (/opt/ros/humble/share/ament_cmake/cmake)
[0.663s] -- Found Python3: /usr/bin/python3.10 (found version "3.10.6") found components: Interpreter 
[0.842s] -- Found Python3: /usr/bin/python3.10 (found version "3.10.6") found components: Interpreter Development Development.Module Development.Embed 
[0.843s] -- Found rmf_fleet_adapter: 2.1.6 (/home/wang/rmf_ws/install/rmf_fleet_adapter/share/rmf_fleet_adapter/cmake)
[0.917s] -- Found rosidl_generator_c: 3.1.4 (/opt/ros/humble/share/rosidl_generator_c/cmake)
[0.923s] -- Found rosidl_adapter: 3.1.4 (/opt/ros/humble/share/rosidl_adapter/cmake)
[0.931s] -- Found rosidl_generator_cpp: 3.1.4 (/opt/ros/humble/share/rosidl_generator_cpp/cmake)
[0.945s] -- Using all available rosidl_typesupport_c: rosidl_typesupport_fastrtps_c;rosidl_typesupport_introspection_c
[0.964s] -- Using all available rosidl_typesupport_cpp: rosidl_typesupport_fastrtps_cpp;rosidl_typesupport_introspection_cpp
[1.032s] -- Found rmw_implementation_cmake: 6.1.1 (/opt/ros/humble/share/rmw_implementation_cmake/cmake)
[1.036s] -- Found rmw_fastrtps_cpp: 6.2.2 (/opt/ros/humble/share/rmw_fastrtps_cpp/cmake)
[1.126s] -- Found OpenSSL: /usr/lib/x86_64-linux-gnu/libcrypto.so (found version "3.0.2")  
[1.150s] -- Found FastRTPS: /opt/ros/humble/include  
[1.192s] -- Using RMW implementation 'rmw_fastrtps_cpp' as default
[1.201s] -- Performing Test CMAKE_HAVE_LIBC_PTHREAD
[1.285s] -- Performing Test CMAKE_HAVE_LIBC_PTHREAD - Success
[1.285s] -- Found Threads: TRUE  
[1.849s] -- Found PkgConfig: /usr/bin/pkg-config (found version "0.29.2") 
[1.850s] -- Checking for module 'proj'
[1.861s] --   Found proj, version 8.2.1
[6.140s] -- Found pybind11_vendor: 2.4.2 (/opt/ros/humble/share/pybind11_vendor/cmake)
[6.175s] -- Performing Test HAS_FLTO
[6.260s] -- Performing Test HAS_FLTO - Success
[6.261s] -- Performing Test HAS_FLTO_THIN
[6.345s] -- Performing Test HAS_FLTO_THIN - Success
[6.346s] -- Found pybind11: /usr/include (found version "2.9.1")
[6.346s] -- Found nlohmann_json: /usr/lib/cmake/nlohmann_json/nlohmann_jsonConfig.cmake (found version "3.10.5") 
[6.348s] -- Found pybind11_json_vendor: 0.2.3 (/home/wang/rmf_ws/install/pybind11_json_vendor/share/pybind11_json_vendor/cmake)
[6.399s] -- Found ament_cmake_pytest: 1.3.5 (/opt/ros/humble/share/ament_cmake_pytest/cmake)
[7.722s] -- Configuring done (7.7s)
[7.769s] -- Generating done (0.0s)
[7.771s] -- Build files have been written to: /home/wang/rmf_ws/build/rmf_fleet_adapter_python
[7.785s] Invoked command in '/home/wang/rmf_ws/build/rmf_fleet_adapter_python' returned '0': AMENT_PREFIX_PATH=/home/wang/rmf_ws/install/rmf_fleet_adapter:/home/wang/rmf_ws/install/rmf_task_ros2:/home/wang/rmf_ws/install/rmf_traffic_ros2:/home/wang/rmf_ws/install/rmf_websocket:/home/wang/rmf_ws/install/rmf_task_msgs:/home/wang/rmf_ws/install/rmf_ingestor_msgs:/home/wang/rmf_ws/install/rmf_traffic_msgs:/home/wang/rmf_ws/install/rmf_site_map_msgs:/home/wang/rmf_ws/install/rmf_lift_msgs:/home/wang/rmf_ws/install/rmf_fleet_msgs:/home/wang/rmf_ws/install/rmf_door_msgs:/home/wang/rmf_ws/install/rmf_dispenser_msgs:/home/wang/rmf_ws/install/rmf_building_map_msgs:/home/wang/rmf_ws/install/rmf_api_msgs:/home/wang/rmf_ws/install/pybind11_json_vendor:/home/wang/rmf_ws/install/nlohmann_json_schema_validator_vendor:${AMENT_PREFIX_PATH} CMAKE_PREFIX_PATH=/home/wang/rmf_ws/install/rmf_fleet_adapter:/home/wang/rmf_ws/install/rmf_task_sequence:/home/wang/rmf_ws/install/rmf_task_ros2:/home/wang/rmf_ws/install/rmf_task:/home/wang/rmf_ws/install/rmf_traffic_ros2:/home/wang/rmf_ws/install/rmf_battery:/home/wang/rmf_ws/install/rmf_websocket:/home/wang/rmf_ws/install/rmf_traffic:/home/wang/rmf_ws/install/rmf_utils:/home/wang/rmf_ws/install/rmf_task_msgs:/home/wang/rmf_ws/install/rmf_ingestor_msgs:/home/wang/rmf_ws/install/rmf_traffic_msgs:/home/wang/rmf_ws/install/rmf_site_map_msgs:/home/wang/rmf_ws/install/rmf_lift_msgs:/home/wang/rmf_ws/install/rmf_fleet_msgs:/home/wang/rmf_ws/install/rmf_door_msgs:/home/wang/rmf_ws/install/rmf_dispenser_msgs:/home/wang/rmf_ws/install/rmf_building_map_msgs:/home/wang/rmf_ws/install/rmf_api_msgs:/home/wang/rmf_ws/install/pybind11_json_vendor:/home/wang/rmf_ws/install/nlohmann_json_schema_validator_vendor:/opt/ros/humble LD_LIBRARY_PATH=/home/wang/rmf_ws/install/rmf_fleet_adapter/lib:/home/wang/rmf_ws/install/rmf_task_sequence/lib:/home/wang/rmf_ws/install/rmf_task_ros2/lib:/home/wang/rmf_ws/install/rmf_task/lib:/home/wang/rmf_ws/install/rmf_traffic_ros2/lib:/home/wang/rmf_ws/install/rmf_battery/lib:/home/wang/rmf_ws/install/rmf_websocket/lib:/home/wang/rmf_ws/install/rmf_traffic/lib:/home/wang/rmf_ws/install/rmf_utils/lib:/home/wang/rmf_ws/install/rmf_task_msgs/lib:/home/wang/rmf_ws/install/rmf_ingestor_msgs/lib:/home/wang/rmf_ws/install/rmf_traffic_msgs/lib:/home/wang/rmf_ws/install/rmf_site_map_msgs/lib:/home/wang/rmf_ws/install/rmf_lift_msgs/lib:/home/wang/rmf_ws/install/rmf_fleet_msgs/lib:/home/wang/rmf_ws/install/rmf_door_msgs/lib:/home/wang/rmf_ws/install/rmf_dispenser_msgs/lib:/home/wang/rmf_ws/install/rmf_building_map_msgs/lib:/home/wang/rmf_ws/install/nlohmann_json_schema_validator_vendor/lib:${LD_LIBRARY_PATH} PATH=/home/wang/rmf_ws/install/nlohmann_json_schema_validator_vendor/bin:${PATH} PKG_CONFIG_PATH=/home/wang/rmf_ws/install/rmf_task_sequence/lib/x86_64-linux-gnu/pkgconfig:/home/wang/rmf_ws/install/rmf_task_sequence/lib/pkgconfig:/home/wang/rmf_ws/install/rmf_task/lib/x86_64-linux-gnu/pkgconfig:/home/wang/rmf_ws/install/rmf_task/lib/pkgconfig:/home/wang/rmf_ws/install/rmf_battery/lib/x86_64-linux-gnu/pkgconfig:/home/wang/rmf_ws/install/rmf_battery/lib/pkgconfig:/home/wang/rmf_ws/install/rmf_traffic/lib/x86_64-linux-gnu/pkgconfig:/home/wang/rmf_ws/install/rmf_traffic/lib/pkgconfig:/home/wang/rmf_ws/install/rmf_utils/lib/x86_64-linux-gnu/pkgconfig:/home/wang/rmf_ws/install/rmf_utils/lib/pkgconfig PYTHONPATH=/home/wang/rmf_ws/install/rmf_task_msgs/local/lib/python3.10/dist-packages:/home/wang/rmf_ws/install/rmf_ingestor_msgs/local/lib/python3.10/dist-packages:/home/wang/rmf_ws/install/rmf_traffic_msgs/local/lib/python3.10/dist-packages:/home/wang/rmf_ws/install/rmf_site_map_msgs/local/lib/python3.10/dist-packages:/home/wang/rmf_ws/install/rmf_lift_msgs/local/lib/python3.10/dist-packages:/home/wang/rmf_ws/install/rmf_fleet_msgs/local/lib/python3.10/dist-packages:/home/wang/rmf_ws/install/rmf_door_msgs/local/lib/python3.10/dist-packages:/home/wang/rmf_ws/install/rmf_dispenser_msgs/local/lib/python3.10/dist-packages:/home/wang/rmf_ws/install/rmf_building_map_msgs/local/lib/python3.10/dist-packages:/home/wang/rmf_ws/install/rmf_api_msgs/local/lib/python3.10/dist-packages:${PYTHONPATH} /home/wang/.local/bin/cmake /home/wang/rmf_ws/src/rmf/rmf_ros2/rmf_fleet_adapter_python -DCMAKE_EXE_LINKER_FLAGS=-fuse-ld=lld -DCMAKE_MODULE_LINKER_FLAGS=-fuse-ld=lld -DCMAKE_SHARED_LINKER_FLAGS=-fuse-ld=lld -DCMAKE_BUILD_TYPE=Release -DCMAKE_INSTALL_PREFIX=/home/wang/rmf_ws/install/rmf_fleet_adapter_python
[7.787s] Invoking command in '/home/wang/rmf_ws/build/rmf_fleet_adapter_python': AMENT_PREFIX_PATH=/home/wang/rmf_ws/install/rmf_fleet_adapter:/home/wang/rmf_ws/install/rmf_task_ros2:/home/wang/rmf_ws/install/rmf_traffic_ros2:/home/wang/rmf_ws/install/rmf_websocket:/home/wang/rmf_ws/install/rmf_task_msgs:/home/wang/rmf_ws/install/rmf_ingestor_msgs:/home/wang/rmf_ws/install/rmf_traffic_msgs:/home/wang/rmf_ws/install/rmf_site_map_msgs:/home/wang/rmf_ws/install/rmf_lift_msgs:/home/wang/rmf_ws/install/rmf_fleet_msgs:/home/wang/rmf_ws/install/rmf_door_msgs:/home/wang/rmf_ws/install/rmf_dispenser_msgs:/home/wang/rmf_ws/install/rmf_building_map_msgs:/home/wang/rmf_ws/install/rmf_api_msgs:/home/wang/rmf_ws/install/pybind11_json_vendor:/home/wang/rmf_ws/install/nlohmann_json_schema_validator_vendor:${AMENT_PREFIX_PATH} CMAKE_PREFIX_PATH=/home/wang/rmf_ws/install/rmf_fleet_adapter:/home/wang/rmf_ws/install/rmf_task_sequence:/home/wang/rmf_ws/install/rmf_task_ros2:/home/wang/rmf_ws/install/rmf_task:/home/wang/rmf_ws/install/rmf_traffic_ros2:/home/wang/rmf_ws/install/rmf_battery:/home/wang/rmf_ws/install/rmf_websocket:/home/wang/rmf_ws/install/rmf_traffic:/home/wang/rmf_ws/install/rmf_utils:/home/wang/rmf_ws/install/rmf_task_msgs:/home/wang/rmf_ws/install/rmf_ingestor_msgs:/home/wang/rmf_ws/install/rmf_traffic_msgs:/home/wang/rmf_ws/install/rmf_site_map_msgs:/home/wang/rmf_ws/install/rmf_lift_msgs:/home/wang/rmf_ws/install/rmf_fleet_msgs:/home/wang/rmf_ws/install/rmf_door_msgs:/home/wang/rmf_ws/install/rmf_dispenser_msgs:/home/wang/rmf_ws/install/rmf_building_map_msgs:/home/wang/rmf_ws/install/rmf_api_msgs:/home/wang/rmf_ws/install/pybind11_json_vendor:/home/wang/rmf_ws/install/nlohmann_json_schema_validator_vendor:/opt/ros/humble LD_LIBRARY_PATH=/home/wang/rmf_ws/install/rmf_fleet_adapter/lib:/home/wang/rmf_ws/install/rmf_task_sequence/lib:/home/wang/rmf_ws/install/rmf_task_ros2/lib:/home/wang/rmf_ws/install/rmf_task/lib:/home/wang/rmf_ws/install/rmf_traffic_ros2/lib:/home/wang/rmf_ws/install/rmf_battery/lib:/home/wang/rmf_ws/install/rmf_websocket/lib:/home/wang/rmf_ws/install/rmf_traffic/lib:/home/wang/rmf_ws/install/rmf_utils/lib:/home/wang/rmf_ws/install/rmf_task_msgs/lib:/home/wang/rmf_ws/install/rmf_ingestor_msgs/lib:/home/wang/rmf_ws/install/rmf_traffic_msgs/lib:/home/wang/rmf_ws/install/rmf_site_map_msgs/lib:/home/wang/rmf_ws/install/rmf_lift_msgs/lib:/home/wang/rmf_ws/install/rmf_fleet_msgs/lib:/home/wang/rmf_ws/install/rmf_door_msgs/lib:/home/wang/rmf_ws/install/rmf_dispenser_msgs/lib:/home/wang/rmf_ws/install/rmf_building_map_msgs/lib:/home/wang/rmf_ws/install/nlohmann_json_schema_validator_vendor/lib:${LD_LIBRARY_PATH} PATH=/home/wang/rmf_ws/install/nlohmann_json_schema_validator_vendor/bin:${PATH} PKG_CONFIG_PATH=/home/wang/rmf_ws/install/rmf_task_sequence/lib/x86_64-linux-gnu/pkgconfig:/home/wang/rmf_ws/install/rmf_task_sequence/lib/pkgconfig:/home/wang/rmf_ws/install/rmf_task/lib/x86_64-linux-gnu/pkgconfig:/home/wang/rmf_ws/install/rmf_task/lib/pkgconfig:/home/wang/rmf_ws/install/rmf_battery/lib/x86_64-linux-gnu/pkgconfig:/home/wang/rmf_ws/install/rmf_battery/lib/pkgconfig:/home/wang/rmf_ws/install/rmf_traffic/lib/x86_64-linux-gnu/pkgconfig:/home/wang/rmf_ws/install/rmf_traffic/lib/pkgconfig:/home/wang/rmf_ws/install/rmf_utils/lib/x86_64-linux-gnu/pkgconfig:/home/wang/rmf_ws/install/rmf_utils/lib/pkgconfig PYTHONPATH=/home/wang/rmf_ws/install/rmf_task_msgs/local/lib/python3.10/dist-packages:/home/wang/rmf_ws/install/rmf_ingestor_msgs/local/lib/python3.10/dist-packages:/home/wang/rmf_ws/install/rmf_traffic_msgs/local/lib/python3.10/dist-packages:/home/wang/rmf_ws/install/rmf_site_map_msgs/local/lib/python3.10/dist-packages:/home/wang/rmf_ws/install/rmf_lift_msgs/local/lib/python3.10/dist-packages:/home/wang/rmf_ws/install/rmf_fleet_msgs/local/lib/python3.10/dist-packages:/home/wang/rmf_ws/install/rmf_door_msgs/local/lib/python3.10/dist-packages:/home/wang/rmf_ws/install/rmf_dispenser_msgs/local/lib/python3.10/dist-packages:/home/wang/rmf_ws/install/rmf_building_map_msgs/local/lib/python3.10/dist-packages:/home/wang/rmf_ws/install/rmf_api_msgs/local/lib/python3.10/dist-packages:${PYTHONPATH} /home/wang/.local/bin/cmake --build /home/wang/rmf_ws/build/rmf_fleet_adapter_python -- -j16 -l16
[7.831s] [ 16%] Built target ament_cmake_python_copy_rmf_fleet_adapter_python
[7.831s] [ 16%] [32mBuilding CXX object CMakeFiles/rmf_adapter.dir/src/adapter.cpp.o[0m
[7.831s] [ 25%] [32mBuilding CXX object CMakeFiles/rmf_adapter.dir/src/types/types.cpp.o[0m
[7.831s] [ 25%] [32mBuilding CXX object CMakeFiles/rmf_adapter.dir/src/tests.cpp.o[0m
[7.831s] [ 33%] [32mBuilding CXX object CMakeFiles/rmf_adapter.dir/src/graph/graph.cpp.o[0m
[7.831s] [ 41%] [32mBuilding CXX object CMakeFiles/rmf_adapter.dir/src/graph/lane.cpp.o[0m
[7.832s] [ 50%] [32mBuilding CXX object CMakeFiles/rmf_adapter.dir/src/geometry/shapes.cpp.o[0m
[7.832s] [ 58%] [32mBuilding CXX object CMakeFiles/rmf_adapter.dir/src/planner/planner.cpp.o[0m
[7.833s] [ 66%] [32mBuilding CXX object CMakeFiles/rmf_adapter.dir/src/nodes/nodes.cpp.o[0m
[7.833s] [ 75%] [32mBuilding CXX object CMakeFiles/rmf_adapter.dir/src/vehicletraits/vehicletraits.cpp.o[0m
[7.833s] [ 83%] [32mBuilding CXX object CMakeFiles/rmf_adapter.dir/src/schedule/schedule.cpp.o[0m
[7.833s] [ 91%] [32mBuilding CXX object CMakeFiles/rmf_adapter.dir/src/battery/battery.cpp.o[0m
[8.065s] running egg_info
[8.066s] creating rmf_fleet_adapter_python.egg-info
[8.066s] writing rmf_fleet_adapter_python.egg-info/PKG-INFO
[8.066s] writing dependency_links to rmf_fleet_adapter_python.egg-info/dependency_links.txt
[8.066s] writing top-level names to rmf_fleet_adapter_python.egg-info/top_level.txt
[8.067s] writing manifest file 'rmf_fleet_adapter_python.egg-info/SOURCES.txt'
[8.069s] reading manifest file 'rmf_fleet_adapter_python.egg-info/SOURCES.txt'
[8.069s] writing manifest file 'rmf_fleet_adapter_python.egg-info/SOURCES.txt'
[8.100s] [ 91%] Built target ament_cmake_python_build_rmf_fleet_adapter_python_egg
[11.041s] [1m/home/wang/rmf_ws/src/rmf/rmf_ros2/rmf_fleet_adapter_python/src/schedule/schedule.cpp:38:7: [0m[0;1;35mwarning: [0m[1m'delay' is deprecated: Use cumulative_delay instead [-Wdeprecated-declarations][0m
[11.041s]       &schedule::Participant::delay, py::const_),
[11.041s] [0;1;32m      ^
[11.042s] [0m[1m/home/wang/rmf_ws/install/rmf_traffic/include/rmf_traffic/schedule/Participant.hpp:83:5: [0m[0;1;30mnote: [0m'delay' has been explicitly marked deprecated here[0m
[11.042s]   [[deprecated("Use cumulative_delay instead")]]
[11.042s] [0;1;32m    ^
[11.042s] [0m[1m/home/wang/rmf_ws/src/rmf/rmf_ros2/rmf_fleet_adapter_python/src/schedule/schedule.cpp:40:30: [0m[0;1;35mwarning: [0m[1m'delay' is deprecated: Use cumulative_delay instead [-Wdeprecated-declarations][0m
[11.042s]       rmf_traffic::Duration>(&schedule::Participant::delay))
[11.042s] [0;1;32m                             ^
[11.042s] [0m[1m/home/wang/rmf_ws/install/rmf_traffic/include/rmf_traffic/schedule/Participant.hpp:80:5: [0m[0;1;30mnote: [0m'delay' has been explicitly marked deprecated here[0m
[11.042s]   [[deprecated("Use cumulative_delay instead")]]
[11.042s] [0;1;32m    ^
[11.958s] [0m[1m/home/wang/rmf_ws/src/rmf/rmf_ros2/rmf_fleet_adapter_python/src/planner/planner.cpp:145:22: [0m[0;1;35mwarning: [0m[1m'itinerary_index' is deprecated: Use arrival_checkpoints().back().route_id instead [-Wdeprecated-declarations][0m
[11.958s]     &Plan::Waypoint::itinerary_index)
[11.958s] [0;1;32m                     ^
[11.958s] [0m[1m/home/wang/rmf_ws/install/rmf_traffic/include/rmf_traffic/agv/Planner.hpp:840:7: [0m[0;1;30mnote: [0m'itinerary_index' has been explicitly marked deprecated here[0m
[11.959s]     [[deprecated("Use arrival_checkpoints().back().route_id instead")]]
[11.959s] [0;1;32m      ^
[11.959s] [0m[1m/home/wang/rmf_ws/src/rmf/rmf_ros2/rmf_fleet_adapter_python/src/planner/planner.cpp:147:22: [0m[0;1;35mwarning: [0m[1m'trajectory_index' is deprecated: Use arrival_checkpoints().back().checkpoint_id instead [-Wdeprecated-declarations][0m
[11.959s]     &Plan::Waypoint::trajectory_index)
[11.959s] [0;1;32m                     ^
[11.959s] [0m[1m/home/wang/rmf_ws/install/rmf_traffic/include/rmf_traffic/agv/Planner.hpp:843:7: [0m[0;1;30mnote: [0m'trajectory_index' has been explicitly marked deprecated here[0m
[11.959s]     [[deprecated("Use arrival_checkpoints().back().checkpoint_id instead")]]
[11.959s] [0;1;32m      ^
[12.922s] [0m[1m/home/wang/rmf_ws/src/rmf/rmf_ros2/rmf_fleet_adapter_python/src/adapter.cpp:390:30: [0m[0;1;35mwarning: [0m[1m'accept_delivery_requests' is deprecated: Use consider_delivery_requests() instead [-Wdeprecated-declarations][0m
[12.922s]     &agv::FleetUpdateHandle::accept_delivery_requests,
[12.922s] [0;1;32m                             ^
[12.922s] [0m[1m/home/wang/rmf_ws/install/rmf_fleet_adapter/include/rmf_fleet_adapter/agv/FleetUpdateHandle.hpp:333:5: [0m[0;1;30mnote: [0m'accept_delivery_requests' has been explicitly marked deprecated here[0m
[12.922s]   [[deprecated("Use consider_delivery_requests() instead")]]
[12.923s] [0;1;32m    ^
[12.923s] [0m[1m/home/wang/rmf_ws/src/rmf/rmf_ros2/rmf_fleet_adapter_python/src/adapter.cpp:393:30: [0m[0;1;35mwarning: [0m[1m'accept_task_requests' is deprecated: Use the consider_..._requests functions instead [-Wdeprecated-declarations][0m
[12.923s]     &agv::FleetUpdateHandle::accept_task_requests,
[12.923s] [0;1;32m                             ^
[12.923s] [0m[1m/home/wang/rmf_ws/install/rmf_fleet_adapter/include/rmf_fleet_adapter/agv/FleetUpdateHandle.hpp:310:5: [0m[0;1;30mnote: [0m'accept_task_requests' has been explicitly marked deprecated here[0m
[12.923s]   [[deprecated("Use the consider_..._requests functions instead")]]
[12.923s] [0;1;32m    ^
[12.923s] [0m[1m/home/wang/rmf_ws/src/rmf/rmf_ros2/rmf_fleet_adapter_python/src/adapter.cpp:404:30: [0m[0;1;35mwarning: [0m[1m'fleet_state_publish_period' is deprecated: Use fleet_state_topic_publish_period instead [-Wdeprecated-declarations][0m
[12.923s]     &agv::FleetUpdateHandle::fleet_state_publish_period,
[12.923s] [0;1;32m                             ^
[12.924s] [0m[1m/home/wang/rmf_ws/install/rmf_fleet_adapter/include/rmf_fleet_adapter/agv/FleetUpdateHandle.hpp:346:5: [0m[0;1;30mnote: [0m'fleet_state_publish_period' has been explicitly marked deprecated here[0m
[12.924s]   [[deprecated("Use fleet_state_topic_publish_period instead")]]
[12.924s] [0;1;32m    ^
[16.249s] [0m2 warnings generated.
[17.523s] 2 warnings generated.
[23.147s] 3 warnings generated.
[23.166s] [100%] [32m[1mLinking CXX shared library rmf_adapter.cpython-310-x86_64-linux-gnu.so[0m
[30.136s] [100%] Built target rmf_adapter
[30.143s] Invoked command in '/home/wang/rmf_ws/build/rmf_fleet_adapter_python' returned '0': AMENT_PREFIX_PATH=/home/wang/rmf_ws/install/rmf_fleet_adapter:/home/wang/rmf_ws/install/rmf_task_ros2:/home/wang/rmf_ws/install/rmf_traffic_ros2:/home/wang/rmf_ws/install/rmf_websocket:/home/wang/rmf_ws/install/rmf_task_msgs:/home/wang/rmf_ws/install/rmf_ingestor_msgs:/home/wang/rmf_ws/install/rmf_traffic_msgs:/home/wang/rmf_ws/install/rmf_site_map_msgs:/home/wang/rmf_ws/install/rmf_lift_msgs:/home/wang/rmf_ws/install/rmf_fleet_msgs:/home/wang/rmf_ws/install/rmf_door_msgs:/home/wang/rmf_ws/install/rmf_dispenser_msgs:/home/wang/rmf_ws/install/rmf_building_map_msgs:/home/wang/rmf_ws/install/rmf_api_msgs:/home/wang/rmf_ws/install/pybind11_json_vendor:/home/wang/rmf_ws/install/nlohmann_json_schema_validator_vendor:${AMENT_PREFIX_PATH} CMAKE_PREFIX_PATH=/home/wang/rmf_ws/install/rmf_fleet_adapter:/home/wang/rmf_ws/install/rmf_task_sequence:/home/wang/rmf_ws/install/rmf_task_ros2:/home/wang/rmf_ws/install/rmf_task:/home/wang/rmf_ws/install/rmf_traffic_ros2:/home/wang/rmf_ws/install/rmf_battery:/home/wang/rmf_ws/install/rmf_websocket:/home/wang/rmf_ws/install/rmf_traffic:/home/wang/rmf_ws/install/rmf_utils:/home/wang/rmf_ws/install/rmf_task_msgs:/home/wang/rmf_ws/install/rmf_ingestor_msgs:/home/wang/rmf_ws/install/rmf_traffic_msgs:/home/wang/rmf_ws/install/rmf_site_map_msgs:/home/wang/rmf_ws/install/rmf_lift_msgs:/home/wang/rmf_ws/install/rmf_fleet_msgs:/home/wang/rmf_ws/install/rmf_door_msgs:/home/wang/rmf_ws/install/rmf_dispenser_msgs:/home/wang/rmf_ws/install/rmf_building_map_msgs:/home/wang/rmf_ws/install/rmf_api_msgs:/home/wang/rmf_ws/install/pybind11_json_vendor:/home/wang/rmf_ws/install/nlohmann_json_schema_validator_vendor:/opt/ros/humble LD_LIBRARY_PATH=/home/wang/rmf_ws/install/rmf_fleet_adapter/lib:/home/wang/rmf_ws/install/rmf_task_sequence/lib:/home/wang/rmf_ws/install/rmf_task_ros2/lib:/home/wang/rmf_ws/install/rmf_task/lib:/home/wang/rmf_ws/install/rmf_traffic_ros2/lib:/home/wang/rmf_ws/install/rmf_battery/lib:/home/wang/rmf_ws/install/rmf_websocket/lib:/home/wang/rmf_ws/install/rmf_traffic/lib:/home/wang/rmf_ws/install/rmf_utils/lib:/home/wang/rmf_ws/install/rmf_task_msgs/lib:/home/wang/rmf_ws/install/rmf_ingestor_msgs/lib:/home/wang/rmf_ws/install/rmf_traffic_msgs/lib:/home/wang/rmf_ws/install/rmf_site_map_msgs/lib:/home/wang/rmf_ws/install/rmf_lift_msgs/lib:/home/wang/rmf_ws/install/rmf_fleet_msgs/lib:/home/wang/rmf_ws/install/rmf_door_msgs/lib:/home/wang/rmf_ws/install/rmf_dispenser_msgs/lib:/home/wang/rmf_ws/install/rmf_building_map_msgs/lib:/home/wang/rmf_ws/install/nlohmann_json_schema_validator_vendor/lib:${LD_LIBRARY_PATH} PATH=/home/wang/rmf_ws/install/nlohmann_json_schema_validator_vendor/bin:${PATH} PKG_CONFIG_PATH=/home/wang/rmf_ws/install/rmf_task_sequence/lib/x86_64-linux-gnu/pkgconfig:/home/wang/rmf_ws/install/rmf_task_sequence/lib/pkgconfig:/home/wang/rmf_ws/install/rmf_task/lib/x86_64-linux-gnu/pkgconfig:/home/wang/rmf_ws/install/rmf_task/lib/pkgconfig:/home/wang/rmf_ws/install/rmf_battery/lib/x86_64-linux-gnu/pkgconfig:/home/wang/rmf_ws/install/rmf_battery/lib/pkgconfig:/home/wang/rmf_ws/install/rmf_traffic/lib/x86_64-linux-gnu/pkgconfig:/home/wang/rmf_ws/install/rmf_traffic/lib/pkgconfig:/home/wang/rmf_ws/install/rmf_utils/lib/x86_64-linux-gnu/pkgconfig:/home/wang/rmf_ws/install/rmf_utils/lib/pkgconfig PYTHONPATH=/home/wang/rmf_ws/install/rmf_task_msgs/local/lib/python3.10/dist-packages:/home/wang/rmf_ws/install/rmf_ingestor_msgs/local/lib/python3.10/dist-packages:/home/wang/rmf_ws/install/rmf_traffic_msgs/local/lib/python3.10/dist-packages:/home/wang/rmf_ws/install/rmf_site_map_msgs/local/lib/python3.10/dist-packages:/home/wang/rmf_ws/install/rmf_lift_msgs/local/lib/python3.10/dist-packages:/home/wang/rmf_ws/install/rmf_fleet_msgs/local/lib/python3.10/dist-packages:/home/wang/rmf_ws/install/rmf_door_msgs/local/lib/python3.10/dist-packages:/home/wang/rmf_ws/install/rmf_dispenser_msgs/local/lib/python3.10/dist-packages:/home/wang/rmf_ws/install/rmf_building_map_msgs/local/lib/python3.10/dist-packages:/home/wang/rmf_ws/install/rmf_api_msgs/local/lib/python3.10/dist-packages:${PYTHONPATH} /home/wang/.local/bin/cmake --build /home/wang/rmf_ws/build/rmf_fleet_adapter_python -- -j16 -l16
[30.190s] Invoking command in '/home/wang/rmf_ws/build/rmf_fleet_adapter_python': AMENT_PREFIX_PATH=/home/wang/rmf_ws/install/rmf_fleet_adapter:/home/wang/rmf_ws/install/rmf_task_ros2:/home/wang/rmf_ws/install/rmf_traffic_ros2:/home/wang/rmf_ws/install/rmf_websocket:/home/wang/rmf_ws/install/rmf_task_msgs:/home/wang/rmf_ws/install/rmf_ingestor_msgs:/home/wang/rmf_ws/install/rmf_traffic_msgs:/home/wang/rmf_ws/install/rmf_site_map_msgs:/home/wang/rmf_ws/install/rmf_lift_msgs:/home/wang/rmf_ws/install/rmf_fleet_msgs:/home/wang/rmf_ws/install/rmf_door_msgs:/home/wang/rmf_ws/install/rmf_dispenser_msgs:/home/wang/rmf_ws/install/rmf_building_map_msgs:/home/wang/rmf_ws/install/rmf_api_msgs:/home/wang/rmf_ws/install/pybind11_json_vendor:/home/wang/rmf_ws/install/nlohmann_json_schema_validator_vendor:${AMENT_PREFIX_PATH} CMAKE_PREFIX_PATH=/home/wang/rmf_ws/install/rmf_fleet_adapter:/home/wang/rmf_ws/install/rmf_task_sequence:/home/wang/rmf_ws/install/rmf_task_ros2:/home/wang/rmf_ws/install/rmf_task:/home/wang/rmf_ws/install/rmf_traffic_ros2:/home/wang/rmf_ws/install/rmf_battery:/home/wang/rmf_ws/install/rmf_websocket:/home/wang/rmf_ws/install/rmf_traffic:/home/wang/rmf_ws/install/rmf_utils:/home/wang/rmf_ws/install/rmf_task_msgs:/home/wang/rmf_ws/install/rmf_ingestor_msgs:/home/wang/rmf_ws/install/rmf_traffic_msgs:/home/wang/rmf_ws/install/rmf_site_map_msgs:/home/wang/rmf_ws/install/rmf_lift_msgs:/home/wang/rmf_ws/install/rmf_fleet_msgs:/home/wang/rmf_ws/install/rmf_door_msgs:/home/wang/rmf_ws/install/rmf_dispenser_msgs:/home/wang/rmf_ws/install/rmf_building_map_msgs:/home/wang/rmf_ws/install/rmf_api_msgs:/home/wang/rmf_ws/install/pybind11_json_vendor:/home/wang/rmf_ws/install/nlohmann_json_schema_validator_vendor:/opt/ros/humble LD_LIBRARY_PATH=/home/wang/rmf_ws/install/rmf_fleet_adapter/lib:/home/wang/rmf_ws/install/rmf_task_sequence/lib:/home/wang/rmf_ws/install/rmf_task_ros2/lib:/home/wang/rmf_ws/install/rmf_task/lib:/home/wang/rmf_ws/install/rmf_traffic_ros2/lib:/home/wang/rmf_ws/install/rmf_battery/lib:/home/wang/rmf_ws/install/rmf_websocket/lib:/home/wang/rmf_ws/install/rmf_traffic/lib:/home/wang/rmf_ws/install/rmf_utils/lib:/home/wang/rmf_ws/install/rmf_task_msgs/lib:/home/wang/rmf_ws/install/rmf_ingestor_msgs/lib:/home/wang/rmf_ws/install/rmf_traffic_msgs/lib:/home/wang/rmf_ws/install/rmf_site_map_msgs/lib:/home/wang/rmf_ws/install/rmf_lift_msgs/lib:/home/wang/rmf_ws/install/rmf_fleet_msgs/lib:/home/wang/rmf_ws/install/rmf_door_msgs/lib:/home/wang/rmf_ws/install/rmf_dispenser_msgs/lib:/home/wang/rmf_ws/install/rmf_building_map_msgs/lib:/home/wang/rmf_ws/install/nlohmann_json_schema_validator_vendor/lib:${LD_LIBRARY_PATH} PATH=/home/wang/rmf_ws/install/nlohmann_json_schema_validator_vendor/bin:${PATH} PKG_CONFIG_PATH=/home/wang/rmf_ws/install/rmf_task_sequence/lib/x86_64-linux-gnu/pkgconfig:/home/wang/rmf_ws/install/rmf_task_sequence/lib/pkgconfig:/home/wang/rmf_ws/install/rmf_task/lib/x86_64-linux-gnu/pkgconfig:/home/wang/rmf_ws/install/rmf_task/lib/pkgconfig:/home/wang/rmf_ws/install/rmf_battery/lib/x86_64-linux-gnu/pkgconfig:/home/wang/rmf_ws/install/rmf_battery/lib/pkgconfig:/home/wang/rmf_ws/install/rmf_traffic/lib/x86_64-linux-gnu/pkgconfig:/home/wang/rmf_ws/install/rmf_traffic/lib/pkgconfig:/home/wang/rmf_ws/install/rmf_utils/lib/x86_64-linux-gnu/pkgconfig:/home/wang/rmf_ws/install/rmf_utils/lib/pkgconfig PYTHONPATH=/home/wang/rmf_ws/install/rmf_task_msgs/local/lib/python3.10/dist-packages:/home/wang/rmf_ws/install/rmf_ingestor_msgs/local/lib/python3.10/dist-packages:/home/wang/rmf_ws/install/rmf_traffic_msgs/local/lib/python3.10/dist-packages:/home/wang/rmf_ws/install/rmf_site_map_msgs/local/lib/python3.10/dist-packages:/home/wang/rmf_ws/install/rmf_lift_msgs/local/lib/python3.10/dist-packages:/home/wang/rmf_ws/install/rmf_fleet_msgs/local/lib/python3.10/dist-packages:/home/wang/rmf_ws/install/rmf_door_msgs/local/lib/python3.10/dist-packages:/home/wang/rmf_ws/install/rmf_dispenser_msgs/local/lib/python3.10/dist-packages:/home/wang/rmf_ws/install/rmf_building_map_msgs/local/lib/python3.10/dist-packages:/home/wang/rmf_ws/install/rmf_api_msgs/local/lib/python3.10/dist-packages:${PYTHONPATH} /home/wang/.local/bin/cmake --install /home/wang/rmf_ws/build/rmf_fleet_adapter_python
[30.210s] -- Install configuration: "Release"
[30.210s] -- Installing: /home/wang/rmf_ws/install/rmf_fleet_adapter_python/lib/python/site-packages/rmf_adapter.cpython-310-x86_64-linux-gnu.so
[30.211s] -- Set runtime path of "/home/wang/rmf_ws/install/rmf_fleet_adapter_python/lib/python/site-packages/rmf_adapter.cpython-310-x86_64-linux-gnu.so" to ""
[30.211s] -- Installing: /home/wang/rmf_ws/install/rmf_fleet_adapter_python/share/rmf_fleet_adapter_python/environment/pythonpath.sh
[30.211s] -- Installing: /home/wang/rmf_ws/install/rmf_fleet_adapter_python/share/rmf_fleet_adapter_python/environment/pythonpath.dsv
[30.212s] -- Installing: /home/wang/rmf_ws/install/rmf_fleet_adapter_python/lib/python/site-packages/rmf_fleet_adapter_python-2.1.6-py3.10.egg-info
[30.212s] -- Installing: /home/wang/rmf_ws/install/rmf_fleet_adapter_python/lib/python/site-packages/rmf_fleet_adapter_python-2.1.6-py3.10.egg-info/PKG-INFO
[30.212s] -- Installing: /home/wang/rmf_ws/install/rmf_fleet_adapter_python/lib/python/site-packages/rmf_fleet_adapter_python-2.1.6-py3.10.egg-info/dependency_links.txt
[30.212s] -- Installing: /home/wang/rmf_ws/install/rmf_fleet_adapter_python/lib/python/site-packages/rmf_fleet_adapter_python-2.1.6-py3.10.egg-info/SOURCES.txt
[30.212s] -- Installing: /home/wang/rmf_ws/install/rmf_fleet_adapter_python/lib/python/site-packages/rmf_fleet_adapter_python-2.1.6-py3.10.egg-info/top_level.txt
[30.212s] -- Installing: /home/wang/rmf_ws/install/rmf_fleet_adapter_python/lib/python/site-packages/rmf_fleet_adapter_python
[30.212s] -- Installing: /home/wang/rmf_ws/install/rmf_fleet_adapter_python/lib/python/site-packages/rmf_fleet_adapter_python/__init__.py
[30.235s] Listing '/home/wang/rmf_ws/install/rmf_fleet_adapter_python/lib/python/site-packages/rmf_fleet_adapter_python'...
[30.235s] Compiling '/home/wang/rmf_ws/install/rmf_fleet_adapter_python/lib/python/site-packages/rmf_fleet_adapter_python/__init__.py'...
[30.237s] -- Installing: /home/wang/rmf_ws/install/rmf_fleet_adapter_python/lib/rmf_fleet_adapter_python/test_adapter.py
[30.238s] -- Installing: /home/wang/rmf_ws/install/rmf_fleet_adapter_python/lib/rmf_fleet_adapter_python/test_utils.py
[30.238s] -- Installing: /home/wang/rmf_ws/install/rmf_fleet_adapter_python/lib/rmf_fleet_adapter_python/test_loop.py
[30.238s] -- Installing: /home/wang/rmf_ws/install/rmf_fleet_adapter_python/lib/rmf_fleet_adapter_python/test_delivery.py
[30.238s] -- Installing: /home/wang/rmf_ws/install/rmf_fleet_adapter_python/lib/rmf_fleet_adapter_python/rmf_msg_observer.py
[30.238s] -- Installing: /home/wang/rmf_ws/install/rmf_fleet_adapter_python/lib/rmf_fleet_adapter_python/traffic_light.py
[30.238s] -- Installing: /home/wang/rmf_ws/install/rmf_fleet_adapter_python/lib/rmf_fleet_adapter_python/schedule_blockade_nodes.py
[30.238s] -- Installing: /home/wang/rmf_ws/install/rmf_fleet_adapter_python/share/ament_index/resource_index/package_run_dependencies/rmf_fleet_adapter_python
[30.238s] -- Installing: /home/wang/rmf_ws/install/rmf_fleet_adapter_python/share/ament_index/resource_index/parent_prefix_path/rmf_fleet_adapter_python
[30.238s] -- Installing: /home/wang/rmf_ws/install/rmf_fleet_adapter_python/share/rmf_fleet_adapter_python/environment/ament_prefix_path.sh
[30.239s] -- Installing: /home/wang/rmf_ws/install/rmf_fleet_adapter_python/share/rmf_fleet_adapter_python/environment/ament_prefix_path.dsv
[30.239s] -- Installing: /home/wang/rmf_ws/install/rmf_fleet_adapter_python/share/rmf_fleet_adapter_python/environment/path.sh
[30.239s] -- Installing: /home/wang/rmf_ws/install/rmf_fleet_adapter_python/share/rmf_fleet_adapter_python/environment/path.dsv
[30.239s] -- Installing: /home/wang/rmf_ws/install/rmf_fleet_adapter_python/share/rmf_fleet_adapter_python/local_setup.bash
[30.239s] -- Installing: /home/wang/rmf_ws/install/rmf_fleet_adapter_python/share/rmf_fleet_adapter_python/local_setup.sh
[30.239s] -- Installing: /home/wang/rmf_ws/install/rmf_fleet_adapter_python/share/rmf_fleet_adapter_python/local_setup.zsh
[30.239s] -- Installing: /home/wang/rmf_ws/install/rmf_fleet_adapter_python/share/rmf_fleet_adapter_python/local_setup.dsv
[30.239s] -- Installing: /home/wang/rmf_ws/install/rmf_fleet_adapter_python/share/rmf_fleet_adapter_python/package.dsv
[30.239s] -- Installing: /home/wang/rmf_ws/install/rmf_fleet_adapter_python/share/ament_index/resource_index/packages/rmf_fleet_adapter_python
[30.239s] -- Installing: /home/wang/rmf_ws/install/rmf_fleet_adapter_python/share/rmf_fleet_adapter_python/cmake/rmf_fleet_adapter_pythonConfig.cmake
[30.239s] -- Installing: /home/wang/rmf_ws/install/rmf_fleet_adapter_python/share/rmf_fleet_adapter_python/cmake/rmf_fleet_adapter_pythonConfig-version.cmake
[30.239s] -- Installing: /home/wang/rmf_ws/install/rmf_fleet_adapter_python/share/rmf_fleet_adapter_python/package.xml
[30.245s] Invoked command in '/home/wang/rmf_ws/build/rmf_fleet_adapter_python' returned '0': AMENT_PREFIX_PATH=/home/wang/rmf_ws/install/rmf_fleet_adapter:/home/wang/rmf_ws/install/rmf_task_ros2:/home/wang/rmf_ws/install/rmf_traffic_ros2:/home/wang/rmf_ws/install/rmf_websocket:/home/wang/rmf_ws/install/rmf_task_msgs:/home/wang/rmf_ws/install/rmf_ingestor_msgs:/home/wang/rmf_ws/install/rmf_traffic_msgs:/home/wang/rmf_ws/install/rmf_site_map_msgs:/home/wang/rmf_ws/install/rmf_lift_msgs:/home/wang/rmf_ws/install/rmf_fleet_msgs:/home/wang/rmf_ws/install/rmf_door_msgs:/home/wang/rmf_ws/install/rmf_dispenser_msgs:/home/wang/rmf_ws/install/rmf_building_map_msgs:/home/wang/rmf_ws/install/rmf_api_msgs:/home/wang/rmf_ws/install/pybind11_json_vendor:/home/wang/rmf_ws/install/nlohmann_json_schema_validator_vendor:${AMENT_PREFIX_PATH} CMAKE_PREFIX_PATH=/home/wang/rmf_ws/install/rmf_fleet_adapter:/home/wang/rmf_ws/install/rmf_task_sequence:/home/wang/rmf_ws/install/rmf_task_ros2:/home/wang/rmf_ws/install/rmf_task:/home/wang/rmf_ws/install/rmf_traffic_ros2:/home/wang/rmf_ws/install/rmf_battery:/home/wang/rmf_ws/install/rmf_websocket:/home/wang/rmf_ws/install/rmf_traffic:/home/wang/rmf_ws/install/rmf_utils:/home/wang/rmf_ws/install/rmf_task_msgs:/home/wang/rmf_ws/install/rmf_ingestor_msgs:/home/wang/rmf_ws/install/rmf_traffic_msgs:/home/wang/rmf_ws/install/rmf_site_map_msgs:/home/wang/rmf_ws/install/rmf_lift_msgs:/home/wang/rmf_ws/install/rmf_fleet_msgs:/home/wang/rmf_ws/install/rmf_door_msgs:/home/wang/rmf_ws/install/rmf_dispenser_msgs:/home/wang/rmf_ws/install/rmf_building_map_msgs:/home/wang/rmf_ws/install/rmf_api_msgs:/home/wang/rmf_ws/install/pybind11_json_vendor:/home/wang/rmf_ws/install/nlohmann_json_schema_validator_vendor:/opt/ros/humble LD_LIBRARY_PATH=/home/wang/rmf_ws/install/rmf_fleet_adapter/lib:/home/wang/rmf_ws/install/rmf_task_sequence/lib:/home/wang/rmf_ws/install/rmf_task_ros2/lib:/home/wang/rmf_ws/install/rmf_task/lib:/home/wang/rmf_ws/install/rmf_traffic_ros2/lib:/home/wang/rmf_ws/install/rmf_battery/lib:/home/wang/rmf_ws/install/rmf_websocket/lib:/home/wang/rmf_ws/install/rmf_traffic/lib:/home/wang/rmf_ws/install/rmf_utils/lib:/home/wang/rmf_ws/install/rmf_task_msgs/lib:/home/wang/rmf_ws/install/rmf_ingestor_msgs/lib:/home/wang/rmf_ws/install/rmf_traffic_msgs/lib:/home/wang/rmf_ws/install/rmf_site_map_msgs/lib:/home/wang/rmf_ws/install/rmf_lift_msgs/lib:/home/wang/rmf_ws/install/rmf_fleet_msgs/lib:/home/wang/rmf_ws/install/rmf_door_msgs/lib:/home/wang/rmf_ws/install/rmf_dispenser_msgs/lib:/home/wang/rmf_ws/install/rmf_building_map_msgs/lib:/home/wang/rmf_ws/install/nlohmann_json_schema_validator_vendor/lib:${LD_LIBRARY_PATH} PATH=/home/wang/rmf_ws/install/nlohmann_json_schema_validator_vendor/bin:${PATH} PKG_CONFIG_PATH=/home/wang/rmf_ws/install/rmf_task_sequence/lib/x86_64-linux-gnu/pkgconfig:/home/wang/rmf_ws/install/rmf_task_sequence/lib/pkgconfig:/home/wang/rmf_ws/install/rmf_task/lib/x86_64-linux-gnu/pkgconfig:/home/wang/rmf_ws/install/rmf_task/lib/pkgconfig:/home/wang/rmf_ws/install/rmf_battery/lib/x86_64-linux-gnu/pkgconfig:/home/wang/rmf_ws/install/rmf_battery/lib/pkgconfig:/home/wang/rmf_ws/install/rmf_traffic/lib/x86_64-linux-gnu/pkgconfig:/home/wang/rmf_ws/install/rmf_traffic/lib/pkgconfig:/home/wang/rmf_ws/install/rmf_utils/lib/x86_64-linux-gnu/pkgconfig:/home/wang/rmf_ws/install/rmf_utils/lib/pkgconfig PYTHONPATH=/home/wang/rmf_ws/install/rmf_task_msgs/local/lib/python3.10/dist-packages:/home/wang/rmf_ws/install/rmf_ingestor_msgs/local/lib/python3.10/dist-packages:/home/wang/rmf_ws/install/rmf_traffic_msgs/local/lib/python3.10/dist-packages:/home/wang/rmf_ws/install/rmf_site_map_msgs/local/lib/python3.10/dist-packages:/home/wang/rmf_ws/install/rmf_lift_msgs/local/lib/python3.10/dist-packages:/home/wang/rmf_ws/install/rmf_fleet_msgs/local/lib/python3.10/dist-packages:/home/wang/rmf_ws/install/rmf_door_msgs/local/lib/python3.10/dist-packages:/home/wang/rmf_ws/install/rmf_dispenser_msgs/local/lib/python3.10/dist-packages:/home/wang/rmf_ws/install/rmf_building_map_msgs/local/lib/python3.10/dist-packages:/home/wang/rmf_ws/install/rmf_api_msgs/local/lib/python3.10/dist-packages:${PYTHONPATH} /home/wang/.local/bin/cmake --install /home/wang/rmf_ws/build/rmf_fleet_adapter_python
