-- The C compiler identification is Clang 14.0.0
-- The CXX compiler identification is Clang 14.0.0
-- Detecting C compiler ABI info
-- Detecting C compiler ABI info - done
-- Check for working C compiler: /usr/bin/clang - skipped
-- Detecting C compile features
-- Detecting C compile features - done
-- Detecting CXX compiler ABI info
-- Detecting CXX compiler ABI info - done
-- Check for working CXX compiler: /usr/bin/clang++ - skipped
-- Detecting CXX compile features
-- Detecting CXX compile features - done
-- Found eigen3_cmake_module: 0.1.1 (/opt/ros/humble/share/eigen3_cmake_module/cmake)
-- Found Eigen3: TRUE (found version "3.4.0") 
-- Performing Test CMAKE_HAVE_LIBC_PTHREAD
-- Performing Test CMAKE_HAVE_LIBC_PTHREAD - Success
-- Found Threads: TRUE  
-- Found Python3: /usr/bin/python3.10 (found version "3.10.6") found components: Interpreter 
-- Configuring done (0.8s)
-- Generating done (0.0s)
-- Build files have been written to: /home/wang/rmf_ws/build/rmf_battery
[ 16%] [32mBuilding CXX object CMakeFiles/rmf_battery.dir/src/rmf_battery/agv/MechanicalSystem.cpp.o[0m
[ 25%] [32mBuilding CXX object CMakeFiles/rmf_battery.dir/src/rmf_battery/agv/BatterySystem.cpp.o[0m
[ 25%] [32mBuilding CXX object CMakeFiles/rmf_battery.dir/src/rmf_battery/agv/SimpleDevicePowerSink.cpp.o[0m
[ 33%] [32mBuilding CXX object CMakeFiles/rmf_battery.dir/src/rmf_battery/agv/SimpleMotionPowerSink.cpp.o[0m
[ 41%] [32mBuilding CXX object CMakeFiles/rmf_battery.dir/src/rmf_battery/agv/PowerSystem.cpp.o[0m
[ 50%] [32m[1mLinking CXX shared library librmf_battery.so[0m
[ 50%] Built target rmf_battery
[ 58%] [32mBuilding CXX object CMakeFiles/test_rmf_battery.dir/test/unit/agv/test_MechanicalSystem.cpp.o[0m
[ 66%] [32mBuilding CXX object CMakeFiles/test_rmf_battery.dir/test/unit/agv/test_PowerSystem.cpp.o[0m
[ 83%] [32mBuilding CXX object CMakeFiles/test_rmf_battery.dir/test/unit/agv/test_battery_drain.cpp.o[0m
[ 83%] [32mBuilding CXX object CMakeFiles/test_rmf_battery.dir/test/main.cpp.o[0m
[ 91%] [32mBuilding CXX object CMakeFiles/test_rmf_battery.dir/test/unit/agv/test_BatterySystem.cpp.o[0m
[100%] [32m[1mLinking CXX executable test_rmf_battery[0m
[100%] Built target test_rmf_battery
-- Install configuration: "Release"
-- Installing: /home/wang/rmf_ws/install/rmf_battery/lib/librmf_battery.so
-- Set runtime path of "/home/wang/rmf_ws/install/rmf_battery/lib/librmf_battery.so" to ""
-- Installing: /home/wang/rmf_ws/install/rmf_battery/include
-- Installing: /home/wang/rmf_ws/install/rmf_battery/include/rmf_battery
-- Installing: /home/wang/rmf_ws/install/rmf_battery/include/rmf_battery/MotionPowerSink.hpp
-- Installing: /home/wang/rmf_ws/install/rmf_battery/include/rmf_battery/agv
-- Installing: /home/wang/rmf_ws/install/rmf_battery/include/rmf_battery/agv/BatterySystem.hpp
-- Installing: /home/wang/rmf_ws/install/rmf_battery/include/rmf_battery/agv/MechanicalSystem.hpp
-- Installing: /home/wang/rmf_ws/install/rmf_battery/include/rmf_battery/agv/PowerSystem.hpp
-- Installing: /home/wang/rmf_ws/install/rmf_battery/include/rmf_battery/agv/SimpleDevicePowerSink.hpp
-- Installing: /home/wang/rmf_ws/install/rmf_battery/include/rmf_battery/agv/SimpleMotionPowerSink.hpp
-- Installing: /home/wang/rmf_ws/install/rmf_battery/include/rmf_battery/DevicePowerSink.hpp
-- Up-to-date: /home/wang/rmf_ws/install/rmf_battery/lib/librmf_battery.so
-- Installing: /home/wang/rmf_ws/install/rmf_battery/lib/rmf_battery/cmake/rmf_battery-config-version.cmake
-- Installing: /home/wang/rmf_ws/install/rmf_battery/lib/rmf_battery/cmake/rmf_battery-config.cmake
-- Installing: /home/wang/rmf_ws/install/rmf_battery/lib/rmf_battery/cmake/rmf_battery-targets.cmake
-- Installing: /home/wang/rmf_ws/install/rmf_battery/lib/rmf_battery/cmake/rmf_battery-targets-release.cmake
-- Installing: /home/wang/rmf_ws/install/rmf_battery/share/ament_index/resource_index/packages/rmf_battery
-- Installing: /home/wang/rmf_ws/install/rmf_battery/share/rmf_battery/hook/ament_prefix_path.dsv
