[0.015s] Invoking command in '/home/wang/rmf_ws/build/rmf_visualization_navgraphs': AMENT_PREFIX_PATH=/home/wang/rmf_ws/install/rmf_traffic_ros2:/home/wang/rmf_ws/install/rmf_visualization_msgs:/home/wang/rmf_ws/install/rmf_traffic_msgs:/home/wang/rmf_ws/install/rmf_site_map_msgs:/home/wang/rmf_ws/install/rmf_fleet_msgs:/home/wang/rmf_ws/install/rmf_building_map_msgs:${AMENT_PREFIX_PATH} CMAKE_PREFIX_PATH=/home/wang/rmf_ws/install/rmf_traffic_ros2:/home/wang/rmf_ws/install/rmf_traffic:/home/wang/rmf_ws/install/rmf_utils:/home/wang/rmf_ws/install/rmf_visualization_msgs:/home/wang/rmf_ws/install/rmf_traffic_msgs:/home/wang/rmf_ws/install/rmf_site_map_msgs:/home/wang/rmf_ws/install/rmf_fleet_msgs:/home/wang/rmf_ws/install/rmf_building_map_msgs:/opt/ros/humble LD_LIBRARY_PATH=/home/wang/rmf_ws/install/rmf_traffic_ros2/lib:/home/wang/rmf_ws/install/rmf_traffic/lib:/home/wang/rmf_ws/install/rmf_utils/lib:/home/wang/rmf_ws/install/rmf_visualization_msgs/lib:/home/wang/rmf_ws/install/rmf_traffic_msgs/lib:/home/wang/rmf_ws/install/rmf_site_map_msgs/lib:/home/wang/rmf_ws/install/rmf_fleet_msgs/lib:/home/wang/rmf_ws/install/rmf_building_map_msgs/lib:${LD_LIBRARY_PATH} PKG_CONFIG_PATH=/home/wang/rmf_ws/install/rmf_traffic/lib/x86_64-linux-gnu/pkgconfig:/home/wang/rmf_ws/install/rmf_traffic/lib/pkgconfig:/home/wang/rmf_ws/install/rmf_utils/lib/x86_64-linux-gnu/pkgconfig:/home/wang/rmf_ws/install/rmf_utils/lib/pkgconfig PYTHONPATH=/home/wang/rmf_ws/install/rmf_visualization_msgs/local/lib/python3.10/dist-packages:/home/wang/rmf_ws/install/rmf_traffic_msgs/local/lib/python3.10/dist-packages:/home/wang/rmf_ws/install/rmf_site_map_msgs/local/lib/python3.10/dist-packages:/home/wang/rmf_ws/install/rmf_fleet_msgs/local/lib/python3.10/dist-packages:/home/wang/rmf_ws/install/rmf_building_map_msgs/local/lib/python3.10/dist-packages:${PYTHONPATH} /home/wang/.local/bin/cmake /home/wang/rmf_ws/src/rmf/rmf_visualization/rmf_visualization_navgraphs -DCMAKE_EXE_LINKER_FLAGS=-fuse-ld=lld -DCMAKE_MODULE_LINKER_FLAGS=-fuse-ld=lld -DCMAKE_SHARED_LINKER_FLAGS=-fuse-ld=lld -DCMAKE_BUILD_TYPE=Release -DCMAKE_INSTALL_PREFIX=/home/wang/rmf_ws/install/rmf_visualization_navgraphs
[0.097s] -- The C compiler identification is Clang 14.0.0
[0.209s] -- The CXX compiler identification is Clang 14.0.0
[0.228s] -- Detecting C compiler ABI info
[0.314s] -- Detecting C compiler ABI info - done
[0.321s] -- Check for working C compiler: /usr/bin/clang - skipped
[0.321s] -- Detecting C compile features
[0.322s] -- Detecting C compile features - done
[0.324s] -- Detecting CXX compiler ABI info
[0.410s] -- Detecting CXX compiler ABI info - done
[0.417s] -- Check for working CXX compiler: /usr/bin/clang++ - skipped
[0.418s] -- Detecting CXX compile features
[0.418s] -- Detecting CXX compile features - done
[0.421s] -- Found rclcpp: 16.0.4 (/opt/ros/humble/share/rclcpp/cmake)
[0.698s] -- Found Python3: /usr/bin/python3.10 (found version "3.10.6") found components: Interpreter 
[0.813s] -- Found rosidl_generator_c: 3.1.4 (/opt/ros/humble/share/rosidl_generator_c/cmake)
[0.817s] -- Found rosidl_adapter: 3.1.4 (/opt/ros/humble/share/rosidl_adapter/cmake)
[0.826s] -- Found rosidl_generator_cpp: 3.1.4 (/opt/ros/humble/share/rosidl_generator_cpp/cmake)
[0.840s] -- Using all available rosidl_typesupport_c: rosidl_typesupport_fastrtps_c;rosidl_typesupport_introspection_c
[0.861s] -- Using all available rosidl_typesupport_cpp: rosidl_typesupport_fastrtps_cpp;rosidl_typesupport_introspection_cpp
[0.927s] -- Found rmw_implementation_cmake: 6.1.1 (/opt/ros/humble/share/rmw_implementation_cmake/cmake)
[0.930s] -- Found rmw_fastrtps_cpp: 6.2.2 (/opt/ros/humble/share/rmw_fastrtps_cpp/cmake)
[1.010s] -- Found OpenSSL: /usr/lib/x86_64-linux-gnu/libcrypto.so (found version "3.0.2")  
[1.034s] -- Found FastRTPS: /opt/ros/humble/include  
[1.076s] -- Using RMW implementation 'rmw_fastrtps_cpp' as default
[1.085s] -- Performing Test CMAKE_HAVE_LIBC_PTHREAD
[1.168s] -- Performing Test CMAKE_HAVE_LIBC_PTHREAD - Success
[1.169s] -- Found Threads: TRUE  
[1.321s] -- Found rclcpp_components: 16.0.4 (/opt/ros/humble/share/rclcpp_components/cmake)
[1.380s] -- Found rmf_building_map_msgs: 1.2.1 (/home/wang/rmf_ws/install/rmf_building_map_msgs/share/rmf_building_map_msgs/cmake)
[1.410s] -- Found rmf_fleet_msgs: 3.0.3 (/home/wang/rmf_ws/install/rmf_fleet_msgs/share/rmf_fleet_msgs/cmake)
[1.439s] -- Found rmf_visualization_msgs: 1.2.1 (/home/wang/rmf_ws/install/rmf_visualization_msgs/share/rmf_visualization_msgs/cmake)
[1.470s] -- Found visualization_msgs: 4.2.3 (/opt/ros/humble/share/visualization_msgs/cmake)
[1.704s] -- Found eigen3_cmake_module: 0.1.1 (/opt/ros/humble/share/eigen3_cmake_module/cmake)
[1.710s] -- Found Eigen3: TRUE (found version "3.4.0") 
[1.712s] -- Found rmf_traffic_ros2: 2.1.6 (/home/wang/rmf_ws/install/rmf_traffic_ros2/share/rmf_traffic_ros2/cmake)
[1.717s] -- Found PkgConfig: /usr/bin/pkg-config (found version "0.29.2") 
[1.717s] -- Checking for module 'proj'
[1.729s] --   Found proj, version 8.2.1
[2.149s] -- Found ament_cmake_uncrustify: 0.12.6 (/opt/ros/humble/share/ament_cmake_uncrustify/cmake)
[2.210s] -- Configuring done (2.2s)
[2.476s] -- Generating done (0.2s)
[2.479s] -- Build files have been written to: /home/wang/rmf_ws/build/rmf_visualization_navgraphs
[2.499s] Invoked command in '/home/wang/rmf_ws/build/rmf_visualization_navgraphs' returned '0': AMENT_PREFIX_PATH=/home/wang/rmf_ws/install/rmf_traffic_ros2:/home/wang/rmf_ws/install/rmf_visualization_msgs:/home/wang/rmf_ws/install/rmf_traffic_msgs:/home/wang/rmf_ws/install/rmf_site_map_msgs:/home/wang/rmf_ws/install/rmf_fleet_msgs:/home/wang/rmf_ws/install/rmf_building_map_msgs:${AMENT_PREFIX_PATH} CMAKE_PREFIX_PATH=/home/wang/rmf_ws/install/rmf_traffic_ros2:/home/wang/rmf_ws/install/rmf_traffic:/home/wang/rmf_ws/install/rmf_utils:/home/wang/rmf_ws/install/rmf_visualization_msgs:/home/wang/rmf_ws/install/rmf_traffic_msgs:/home/wang/rmf_ws/install/rmf_site_map_msgs:/home/wang/rmf_ws/install/rmf_fleet_msgs:/home/wang/rmf_ws/install/rmf_building_map_msgs:/opt/ros/humble LD_LIBRARY_PATH=/home/wang/rmf_ws/install/rmf_traffic_ros2/lib:/home/wang/rmf_ws/install/rmf_traffic/lib:/home/wang/rmf_ws/install/rmf_utils/lib:/home/wang/rmf_ws/install/rmf_visualization_msgs/lib:/home/wang/rmf_ws/install/rmf_traffic_msgs/lib:/home/wang/rmf_ws/install/rmf_site_map_msgs/lib:/home/wang/rmf_ws/install/rmf_fleet_msgs/lib:/home/wang/rmf_ws/install/rmf_building_map_msgs/lib:${LD_LIBRARY_PATH} PKG_CONFIG_PATH=/home/wang/rmf_ws/install/rmf_traffic/lib/x86_64-linux-gnu/pkgconfig:/home/wang/rmf_ws/install/rmf_traffic/lib/pkgconfig:/home/wang/rmf_ws/install/rmf_utils/lib/x86_64-linux-gnu/pkgconfig:/home/wang/rmf_ws/install/rmf_utils/lib/pkgconfig PYTHONPATH=/home/wang/rmf_ws/install/rmf_visualization_msgs/local/lib/python3.10/dist-packages:/home/wang/rmf_ws/install/rmf_traffic_msgs/local/lib/python3.10/dist-packages:/home/wang/rmf_ws/install/rmf_site_map_msgs/local/lib/python3.10/dist-packages:/home/wang/rmf_ws/install/rmf_fleet_msgs/local/lib/python3.10/dist-packages:/home/wang/rmf_ws/install/rmf_building_map_msgs/local/lib/python3.10/dist-packages:${PYTHONPATH} /home/wang/.local/bin/cmake /home/wang/rmf_ws/src/rmf/rmf_visualization/rmf_visualization_navgraphs -DCMAKE_EXE_LINKER_FLAGS=-fuse-ld=lld -DCMAKE_MODULE_LINKER_FLAGS=-fuse-ld=lld -DCMAKE_SHARED_LINKER_FLAGS=-fuse-ld=lld -DCMAKE_BUILD_TYPE=Release -DCMAKE_INSTALL_PREFIX=/home/wang/rmf_ws/install/rmf_visualization_navgraphs
[2.502s] Invoking command in '/home/wang/rmf_ws/build/rmf_visualization_navgraphs': AMENT_PREFIX_PATH=/home/wang/rmf_ws/install/rmf_traffic_ros2:/home/wang/rmf_ws/install/rmf_visualization_msgs:/home/wang/rmf_ws/install/rmf_traffic_msgs:/home/wang/rmf_ws/install/rmf_site_map_msgs:/home/wang/rmf_ws/install/rmf_fleet_msgs:/home/wang/rmf_ws/install/rmf_building_map_msgs:${AMENT_PREFIX_PATH} CMAKE_PREFIX_PATH=/home/wang/rmf_ws/install/rmf_traffic_ros2:/home/wang/rmf_ws/install/rmf_traffic:/home/wang/rmf_ws/install/rmf_utils:/home/wang/rmf_ws/install/rmf_visualization_msgs:/home/wang/rmf_ws/install/rmf_traffic_msgs:/home/wang/rmf_ws/install/rmf_site_map_msgs:/home/wang/rmf_ws/install/rmf_fleet_msgs:/home/wang/rmf_ws/install/rmf_building_map_msgs:/opt/ros/humble LD_LIBRARY_PATH=/home/wang/rmf_ws/install/rmf_traffic_ros2/lib:/home/wang/rmf_ws/install/rmf_traffic/lib:/home/wang/rmf_ws/install/rmf_utils/lib:/home/wang/rmf_ws/install/rmf_visualization_msgs/lib:/home/wang/rmf_ws/install/rmf_traffic_msgs/lib:/home/wang/rmf_ws/install/rmf_site_map_msgs/lib:/home/wang/rmf_ws/install/rmf_fleet_msgs/lib:/home/wang/rmf_ws/install/rmf_building_map_msgs/lib:${LD_LIBRARY_PATH} PKG_CONFIG_PATH=/home/wang/rmf_ws/install/rmf_traffic/lib/x86_64-linux-gnu/pkgconfig:/home/wang/rmf_ws/install/rmf_traffic/lib/pkgconfig:/home/wang/rmf_ws/install/rmf_utils/lib/x86_64-linux-gnu/pkgconfig:/home/wang/rmf_ws/install/rmf_utils/lib/pkgconfig PYTHONPATH=/home/wang/rmf_ws/install/rmf_visualization_msgs/local/lib/python3.10/dist-packages:/home/wang/rmf_ws/install/rmf_traffic_msgs/local/lib/python3.10/dist-packages:/home/wang/rmf_ws/install/rmf_site_map_msgs/local/lib/python3.10/dist-packages:/home/wang/rmf_ws/install/rmf_fleet_msgs/local/lib/python3.10/dist-packages:/home/wang/rmf_ws/install/rmf_building_map_msgs/local/lib/python3.10/dist-packages:${PYTHONPATH} /home/wang/.local/bin/cmake --build /home/wang/rmf_ws/build/rmf_visualization_navgraphs -- -j16 -l16
[2.556s] [ 25%] [32mBuilding CXX object CMakeFiles/navgraph_visualizer_node.dir/rclcpp_components/node_main_navgraph_visualizer_node.cpp.o[0m
[2.585s] [ 50%] [32mBuilding CXX object CMakeFiles/navgraph_visualizer.dir/src/NavGraphVisualizer.cpp.o[0m
[7.614s] [ 75%] [32m[1mLinking CXX executable navgraph_visualizer_node[0m
[7.688s] [ 75%] Built target navgraph_visualizer_node
[26.058s] [100%] [32m[1mLinking CXX shared library libnavgraph_visualizer.so[0m
[26.193s] [100%] Built target navgraph_visualizer
[26.202s] Invoked command in '/home/wang/rmf_ws/build/rmf_visualization_navgraphs' returned '0': AMENT_PREFIX_PATH=/home/wang/rmf_ws/install/rmf_traffic_ros2:/home/wang/rmf_ws/install/rmf_visualization_msgs:/home/wang/rmf_ws/install/rmf_traffic_msgs:/home/wang/rmf_ws/install/rmf_site_map_msgs:/home/wang/rmf_ws/install/rmf_fleet_msgs:/home/wang/rmf_ws/install/rmf_building_map_msgs:${AMENT_PREFIX_PATH} CMAKE_PREFIX_PATH=/home/wang/rmf_ws/install/rmf_traffic_ros2:/home/wang/rmf_ws/install/rmf_traffic:/home/wang/rmf_ws/install/rmf_utils:/home/wang/rmf_ws/install/rmf_visualization_msgs:/home/wang/rmf_ws/install/rmf_traffic_msgs:/home/wang/rmf_ws/install/rmf_site_map_msgs:/home/wang/rmf_ws/install/rmf_fleet_msgs:/home/wang/rmf_ws/install/rmf_building_map_msgs:/opt/ros/humble LD_LIBRARY_PATH=/home/wang/rmf_ws/install/rmf_traffic_ros2/lib:/home/wang/rmf_ws/install/rmf_traffic/lib:/home/wang/rmf_ws/install/rmf_utils/lib:/home/wang/rmf_ws/install/rmf_visualization_msgs/lib:/home/wang/rmf_ws/install/rmf_traffic_msgs/lib:/home/wang/rmf_ws/install/rmf_site_map_msgs/lib:/home/wang/rmf_ws/install/rmf_fleet_msgs/lib:/home/wang/rmf_ws/install/rmf_building_map_msgs/lib:${LD_LIBRARY_PATH} PKG_CONFIG_PATH=/home/wang/rmf_ws/install/rmf_traffic/lib/x86_64-linux-gnu/pkgconfig:/home/wang/rmf_ws/install/rmf_traffic/lib/pkgconfig:/home/wang/rmf_ws/install/rmf_utils/lib/x86_64-linux-gnu/pkgconfig:/home/wang/rmf_ws/install/rmf_utils/lib/pkgconfig PYTHONPATH=/home/wang/rmf_ws/install/rmf_visualization_msgs/local/lib/python3.10/dist-packages:/home/wang/rmf_ws/install/rmf_traffic_msgs/local/lib/python3.10/dist-packages:/home/wang/rmf_ws/install/rmf_site_map_msgs/local/lib/python3.10/dist-packages:/home/wang/rmf_ws/install/rmf_fleet_msgs/local/lib/python3.10/dist-packages:/home/wang/rmf_ws/install/rmf_building_map_msgs/local/lib/python3.10/dist-packages:${PYTHONPATH} /home/wang/.local/bin/cmake --build /home/wang/rmf_ws/build/rmf_visualization_navgraphs -- -j16 -l16
[26.240s] Invoking command in '/home/wang/rmf_ws/build/rmf_visualization_navgraphs': AMENT_PREFIX_PATH=/home/wang/rmf_ws/install/rmf_traffic_ros2:/home/wang/rmf_ws/install/rmf_visualization_msgs:/home/wang/rmf_ws/install/rmf_traffic_msgs:/home/wang/rmf_ws/install/rmf_site_map_msgs:/home/wang/rmf_ws/install/rmf_fleet_msgs:/home/wang/rmf_ws/install/rmf_building_map_msgs:${AMENT_PREFIX_PATH} CMAKE_PREFIX_PATH=/home/wang/rmf_ws/install/rmf_traffic_ros2:/home/wang/rmf_ws/install/rmf_traffic:/home/wang/rmf_ws/install/rmf_utils:/home/wang/rmf_ws/install/rmf_visualization_msgs:/home/wang/rmf_ws/install/rmf_traffic_msgs:/home/wang/rmf_ws/install/rmf_site_map_msgs:/home/wang/rmf_ws/install/rmf_fleet_msgs:/home/wang/rmf_ws/install/rmf_building_map_msgs:/opt/ros/humble LD_LIBRARY_PATH=/home/wang/rmf_ws/install/rmf_traffic_ros2/lib:/home/wang/rmf_ws/install/rmf_traffic/lib:/home/wang/rmf_ws/install/rmf_utils/lib:/home/wang/rmf_ws/install/rmf_visualization_msgs/lib:/home/wang/rmf_ws/install/rmf_traffic_msgs/lib:/home/wang/rmf_ws/install/rmf_site_map_msgs/lib:/home/wang/rmf_ws/install/rmf_fleet_msgs/lib:/home/wang/rmf_ws/install/rmf_building_map_msgs/lib:${LD_LIBRARY_PATH} PKG_CONFIG_PATH=/home/wang/rmf_ws/install/rmf_traffic/lib/x86_64-linux-gnu/pkgconfig:/home/wang/rmf_ws/install/rmf_traffic/lib/pkgconfig:/home/wang/rmf_ws/install/rmf_utils/lib/x86_64-linux-gnu/pkgconfig:/home/wang/rmf_ws/install/rmf_utils/lib/pkgconfig PYTHONPATH=/home/wang/rmf_ws/install/rmf_visualization_msgs/local/lib/python3.10/dist-packages:/home/wang/rmf_ws/install/rmf_traffic_msgs/local/lib/python3.10/dist-packages:/home/wang/rmf_ws/install/rmf_site_map_msgs/local/lib/python3.10/dist-packages:/home/wang/rmf_ws/install/rmf_fleet_msgs/local/lib/python3.10/dist-packages:/home/wang/rmf_ws/install/rmf_building_map_msgs/local/lib/python3.10/dist-packages:${PYTHONPATH} /home/wang/.local/bin/cmake --install /home/wang/rmf_ws/build/rmf_visualization_navgraphs
[26.263s] -- Install configuration: "Release"
[26.263s] -- Installing: /home/wang/rmf_ws/install/rmf_visualization_navgraphs/lib/rmf_visualization_navgraphs/navgraph_visualizer_node
[26.263s] -- Set runtime path of "/home/wang/rmf_ws/install/rmf_visualization_navgraphs/lib/rmf_visualization_navgraphs/navgraph_visualizer_node" to ""
[26.264s] -- Installing: /home/wang/rmf_ws/install/rmf_visualization_navgraphs/lib/libnavgraph_visualizer.so
[26.266s] -- Set runtime path of "/home/wang/rmf_ws/install/rmf_visualization_navgraphs/lib/libnavgraph_visualizer.so" to ""
[26.266s] -- Installing: /home/wang/rmf_ws/install/rmf_visualization_navgraphs/share/ament_index/resource_index/package_run_dependencies/rmf_visualization_navgraphs
[26.266s] -- Installing: /home/wang/rmf_ws/install/rmf_visualization_navgraphs/share/ament_index/resource_index/parent_prefix_path/rmf_visualization_navgraphs
[26.266s] -- Installing: /home/wang/rmf_ws/install/rmf_visualization_navgraphs/share/rmf_visualization_navgraphs/environment/ament_prefix_path.sh
[26.267s] -- Installing: /home/wang/rmf_ws/install/rmf_visualization_navgraphs/share/rmf_visualization_navgraphs/environment/ament_prefix_path.dsv
[26.267s] -- Installing: /home/wang/rmf_ws/install/rmf_visualization_navgraphs/share/rmf_visualization_navgraphs/environment/path.sh
[26.267s] -- Installing: /home/wang/rmf_ws/install/rmf_visualization_navgraphs/share/rmf_visualization_navgraphs/environment/path.dsv
[26.267s] -- Installing: /home/wang/rmf_ws/install/rmf_visualization_navgraphs/share/rmf_visualization_navgraphs/local_setup.bash
[26.267s] -- Installing: /home/wang/rmf_ws/install/rmf_visualization_navgraphs/share/rmf_visualization_navgraphs/local_setup.sh
[26.267s] -- Installing: /home/wang/rmf_ws/install/rmf_visualization_navgraphs/share/rmf_visualization_navgraphs/local_setup.zsh
[26.267s] -- Installing: /home/wang/rmf_ws/install/rmf_visualization_navgraphs/share/rmf_visualization_navgraphs/local_setup.dsv
[26.267s] -- Installing: /home/wang/rmf_ws/install/rmf_visualization_navgraphs/share/rmf_visualization_navgraphs/package.dsv
[26.268s] -- Installing: /home/wang/rmf_ws/install/rmf_visualization_navgraphs/share/ament_index/resource_index/packages/rmf_visualization_navgraphs
[26.268s] -- Installing: /home/wang/rmf_ws/install/rmf_visualization_navgraphs/share/ament_index/resource_index/rclcpp_components/rmf_visualization_navgraphs
[26.268s] -- Installing: /home/wang/rmf_ws/install/rmf_visualization_navgraphs/share/rmf_visualization_navgraphs/cmake/rmf_visualization_navgraphsConfig.cmake
[26.268s] -- Installing: /home/wang/rmf_ws/install/rmf_visualization_navgraphs/share/rmf_visualization_navgraphs/cmake/rmf_visualization_navgraphsConfig-version.cmake
[26.268s] -- Installing: /home/wang/rmf_ws/install/rmf_visualization_navgraphs/share/rmf_visualization_navgraphs/package.xml
[26.273s] Invoked command in '/home/wang/rmf_ws/build/rmf_visualization_navgraphs' returned '0': AMENT_PREFIX_PATH=/home/wang/rmf_ws/install/rmf_traffic_ros2:/home/wang/rmf_ws/install/rmf_visualization_msgs:/home/wang/rmf_ws/install/rmf_traffic_msgs:/home/wang/rmf_ws/install/rmf_site_map_msgs:/home/wang/rmf_ws/install/rmf_fleet_msgs:/home/wang/rmf_ws/install/rmf_building_map_msgs:${AMENT_PREFIX_PATH} CMAKE_PREFIX_PATH=/home/wang/rmf_ws/install/rmf_traffic_ros2:/home/wang/rmf_ws/install/rmf_traffic:/home/wang/rmf_ws/install/rmf_utils:/home/wang/rmf_ws/install/rmf_visualization_msgs:/home/wang/rmf_ws/install/rmf_traffic_msgs:/home/wang/rmf_ws/install/rmf_site_map_msgs:/home/wang/rmf_ws/install/rmf_fleet_msgs:/home/wang/rmf_ws/install/rmf_building_map_msgs:/opt/ros/humble LD_LIBRARY_PATH=/home/wang/rmf_ws/install/rmf_traffic_ros2/lib:/home/wang/rmf_ws/install/rmf_traffic/lib:/home/wang/rmf_ws/install/rmf_utils/lib:/home/wang/rmf_ws/install/rmf_visualization_msgs/lib:/home/wang/rmf_ws/install/rmf_traffic_msgs/lib:/home/wang/rmf_ws/install/rmf_site_map_msgs/lib:/home/wang/rmf_ws/install/rmf_fleet_msgs/lib:/home/wang/rmf_ws/install/rmf_building_map_msgs/lib:${LD_LIBRARY_PATH} PKG_CONFIG_PATH=/home/wang/rmf_ws/install/rmf_traffic/lib/x86_64-linux-gnu/pkgconfig:/home/wang/rmf_ws/install/rmf_traffic/lib/pkgconfig:/home/wang/rmf_ws/install/rmf_utils/lib/x86_64-linux-gnu/pkgconfig:/home/wang/rmf_ws/install/rmf_utils/lib/pkgconfig PYTHONPATH=/home/wang/rmf_ws/install/rmf_visualization_msgs/local/lib/python3.10/dist-packages:/home/wang/rmf_ws/install/rmf_traffic_msgs/local/lib/python3.10/dist-packages:/home/wang/rmf_ws/install/rmf_site_map_msgs/local/lib/python3.10/dist-packages:/home/wang/rmf_ws/install/rmf_fleet_msgs/local/lib/python3.10/dist-packages:/home/wang/rmf_ws/install/rmf_building_map_msgs/local/lib/python3.10/dist-packages:${PYTHONPATH} /home/wang/.local/bin/cmake --install /home/wang/rmf_ws/build/rmf_visualization_navgraphs
