[0.082s] Invoking command in '/home/wang/rmf_ws/build/ament_cmake_catch2': CMAKE_PREFIX_PATH=/opt/ros/humble /home/wang/.local/bin/cmake /home/wang/rmf_ws/src/rmf/ament_cmake_catch2/ament_cmake_catch2 -DCMAKE_EXE_LINKER_FLAGS=-fuse-ld=lld -DCMAKE_MODULE_LINKER_FLAGS=-fuse-ld=lld -DCMAKE_SHARED_LINKER_FLAGS=-fuse-ld=lld -DCMAKE_BUILD_TYPE=Release -DCMAKE_INSTALL_PREFIX=/home/wang/rmf_ws/install/ament_cmake_catch2
[0.127s] -- Found ament_cmake_core: 1.3.5 (/opt/ros/humble/share/ament_cmake_core/cmake)
[0.393s] -- Found Python3: /usr/bin/python3.10 (found version "3.10.6") found components: Interpreter 
[0.527s] -- Configuring done (0.4s)
[0.536s] -- Generating done (0.0s)
[0.537s] [33mCMake Warning:
[0.537s]   Manually-specified variables were not used by the project:
[0.538s] 
[0.538s]     CMAKE_EXE_LINKER_FLAGS
[0.538s]     CMAKE_MODULE_LINKER_FLAGS
[0.539s]     CMAKE_SHARED_LINKER_FLAGS
[0.539s] 
[0.539s] [0m
[0.539s] -- Build files have been written to: /home/wang/rmf_ws/build/ament_cmake_catch2
[0.557s] Invoked command in '/home/wang/rmf_ws/build/ament_cmake_catch2' returned '0': CMAKE_PREFIX_PATH=/opt/ros/humble /home/wang/.local/bin/cmake /home/wang/rmf_ws/src/rmf/ament_cmake_catch2/ament_cmake_catch2 -DCMAKE_EXE_LINKER_FLAGS=-fuse-ld=lld -DCMAKE_MODULE_LINKER_FLAGS=-fuse-ld=lld -DCMAKE_SHARED_LINKER_FLAGS=-fuse-ld=lld -DCMAKE_BUILD_TYPE=Release -DCMAKE_INSTALL_PREFIX=/home/wang/rmf_ws/install/ament_cmake_catch2
[0.558s] Invoking command in '/home/wang/rmf_ws/build/ament_cmake_catch2': CMAKE_PREFIX_PATH=/opt/ros/humble /home/wang/.local/bin/cmake --build /home/wang/rmf_ws/build/ament_cmake_catch2 -- -j16 -l16
[2.839s] Invoked command in '/home/wang/rmf_ws/build/ament_cmake_catch2' returned '0': CMAKE_PREFIX_PATH=/opt/ros/humble /home/wang/.local/bin/cmake --build /home/wang/rmf_ws/build/ament_cmake_catch2 -- -j16 -l16
[2.944s] Invoking command in '/home/wang/rmf_ws/build/ament_cmake_catch2': CMAKE_PREFIX_PATH=/opt/ros/humble /home/wang/.local/bin/cmake --install /home/wang/rmf_ws/build/ament_cmake_catch2
[3.145s] -- Install configuration: "Release"
[3.146s] -- Installing: /home/wang/rmf_ws/install/ament_cmake_catch2/share/ament_index/resource_index/package_run_dependencies/ament_cmake_catch2
[3.156s] -- Installing: /home/wang/rmf_ws/install/ament_cmake_catch2/share/ament_index/resource_index/parent_prefix_path/ament_cmake_catch2
[3.156s] -- Installing: /home/wang/rmf_ws/install/ament_cmake_catch2/share/ament_cmake_catch2/environment/ament_prefix_path.sh
[3.156s] -- Installing: /home/wang/rmf_ws/install/ament_cmake_catch2/share/ament_cmake_catch2/environment/ament_prefix_path.dsv
[3.156s] -- Installing: /home/wang/rmf_ws/install/ament_cmake_catch2/share/ament_cmake_catch2/environment/path.sh
[3.156s] -- Installing: /home/wang/rmf_ws/install/ament_cmake_catch2/share/ament_cmake_catch2/environment/path.dsv
[3.156s] -- Installing: /home/wang/rmf_ws/install/ament_cmake_catch2/share/ament_cmake_catch2/local_setup.bash
[3.157s] -- Installing: /home/wang/rmf_ws/install/ament_cmake_catch2/share/ament_cmake_catch2/local_setup.sh
[3.157s] -- Installing: /home/wang/rmf_ws/install/ament_cmake_catch2/share/ament_cmake_catch2/local_setup.zsh
[3.157s] -- Installing: /home/wang/rmf_ws/install/ament_cmake_catch2/share/ament_cmake_catch2/local_setup.dsv
[3.157s] -- Installing: /home/wang/rmf_ws/install/ament_cmake_catch2/share/ament_cmake_catch2/package.dsv
[3.157s] -- Installing: /home/wang/rmf_ws/install/ament_cmake_catch2/share/ament_index/resource_index/packages/ament_cmake_catch2
[3.157s] -- Installing: /home/wang/rmf_ws/install/ament_cmake_catch2/share/ament_cmake_catch2/cmake/ament_add_catch2.cmake
[3.157s] -- Installing: /home/wang/rmf_ws/install/ament_cmake_catch2/share/ament_cmake_catch2/cmake/ament_add_catch2_test.cmake
[3.157s] -- Installing: /home/wang/rmf_ws/install/ament_cmake_catch2/share/ament_cmake_catch2/cmake/ament_cmake_catch2Config.cmake
[3.157s] -- Installing: /home/wang/rmf_ws/install/ament_cmake_catch2/share/ament_cmake_catch2/cmake/ament_cmake_catch2Config-version.cmake
[3.157s] -- Installing: /home/wang/rmf_ws/install/ament_cmake_catch2/share/ament_cmake_catch2/package.xml
[3.158s] -- Up-to-date: /home/wang/rmf_ws/install/ament_cmake_catch2/share/ament_cmake_catch2/cmake
[3.158s] -- Up-to-date: /home/wang/rmf_ws/install/ament_cmake_catch2/share/ament_cmake_catch2/cmake/ament_add_catch2_test.cmake
[3.158s] -- Up-to-date: /home/wang/rmf_ws/install/ament_cmake_catch2/share/ament_cmake_catch2/cmake/ament_add_catch2.cmake
[3.267s] Invoked command in '/home/wang/rmf_ws/build/ament_cmake_catch2' returned '0': CMAKE_PREFIX_PATH=/opt/ros/humble /home/wang/.local/bin/cmake --install /home/wang/rmf_ws/build/ament_cmake_catch2
