-- The C compiler identification is Clang 14.0.0
-- The CXX compiler identification is Clang 14.0.0
-- Detecting C compiler ABI info
-- Detecting C compiler ABI info - done
-- Check for working C compiler: /usr/bin/clang - skipped
-- Detecting C compile features
-- Detecting C compile features - done
-- Detecting CXX compiler ABI info
-- Detecting CXX compiler ABI info - done
-- Check for working CXX compiler: /usr/bin/clang++ - skipped
-- Detecting CXX compile features
-- Detecting CXX compile features - done
-- Found ament_cmake: 1.3.5 (/opt/ros/humble/share/ament_cmake/cmake)
-- Found Python3: /usr/bin/python3.10 (found version "3.10.6") found components: Interpreter 
-- Found rclcpp: 16.0.4 (/opt/ros/humble/share/rclcpp/cmake)
-- Found rosidl_generator_c: 3.1.4 (/opt/ros/humble/share/rosidl_generator_c/cmake)
-- Found rosidl_adapter: 3.1.4 (/opt/ros/humble/share/rosidl_adapter/cmake)
-- Found rosidl_generator_cpp: 3.1.4 (/opt/ros/humble/share/rosidl_generator_cpp/cmake)
-- Using all available rosidl_typesupport_c: rosidl_typesupport_fastrtps_c;rosidl_typesupport_introspection_c
-- Using all available rosidl_typesupport_cpp: rosidl_typesupport_fastrtps_cpp;rosidl_typesupport_introspection_cpp
-- Found rmw_implementation_cmake: 6.1.1 (/opt/ros/humble/share/rmw_implementation_cmake/cmake)
-- Found rmw_fastrtps_cpp: 6.2.2 (/opt/ros/humble/share/rmw_fastrtps_cpp/cmake)
-- Found OpenSSL: /usr/lib/x86_64-linux-gnu/libcrypto.so (found version "3.0.2")  
-- Found FastRTPS: /opt/ros/humble/include  
-- Using RMW implementation 'rmw_fastrtps_cpp' as default
-- Performing Test CMAKE_HAVE_LIBC_PTHREAD
-- Performing Test CMAKE_HAVE_LIBC_PTHREAD - Success
-- Found Threads: TRUE  
-- Looking for ignition-gazebo6 -- found version 6.14.0
-- Searching for dependencies of ignition-gazebo6
-- Looking for sdformat12 -- found version 12.7.1
-- Searching for dependencies of sdformat12
-- Checking for module 'tinyxml2'
--   Found tinyxml2, version 9.0.0
-- Looking for ignition-math6 -- found version 6.14.0
-- Searching for dependencies of ignition-math6
-- Looking for ignition-utils1 -- found version 1.5.1
-- Searching for dependencies of ignition-utils1
-- Looking for ignition-plugin1 -- found version 1.4.0
-- Searching for dependencies of ignition-plugin1
-- Searching for <ignition-plugin1> component [loader]
-- Looking for ignition-plugin1-loader -- found version 1.4.0
-- Searching for dependencies of ignition-plugin1-loader
-- Searching for <ignition-plugin1> component [register]
-- Looking for ignition-plugin1-register -- found version 1.4.0
-- Searching for dependencies of ignition-plugin1-register
-- Looking for ignition-transport11 -- found version 11.4.0
-- Searching for dependencies of ignition-transport11
-- Found Protobuf: /usr/lib/x86_64-linux-gnu/libprotobuf.so (found suitable version "3.12.4", minimum required is "3") 
-- Config-file not installed for ZeroMQ -- checking for pkg-config
-- Checking for module 'libzmq >= 4'
--   Found libzmq , version 4.3.4
-- Found ZeroMQ: TRUE (Required is at least version "4") 
-- Checking for module 'uuid'
--   Found uuid, version 2.37.2
-- Found UUID: TRUE  
-- Looking for ignition-utils1 -- found version 1.5.1
-- Searching for dependencies of ignition-utils1
-- Searching for <ignition-utils1> component [cli]
-- Looking for ignition-utils1-cli -- found version 1.5.1
-- Searching for dependencies of ignition-utils1-cli
-- Looking for ignition-msgs8 -- found version 8.7.0
-- Searching for dependencies of ignition-msgs8
-- Looking for ignition-math6 -- found version 6.14.0
-- Searching for <ignition-transport11> component [log]
-- Looking for ignition-transport11-log -- found version 11.4.0
-- Searching for dependencies of ignition-transport11-log
-- Searching for <ignition-transport11> component [parameters]
-- Looking for ignition-transport11-parameters -- found version 11.4.0
-- Searching for dependencies of ignition-transport11-parameters
-- Looking for ignition-msgs8 -- found version 8.7.0
-- Looking for ignition-common4 -- found version 4.7.0
-- Searching for dependencies of ignition-common4
-- Looking for dlfcn.h - found
-- Looking for libdl - found
-- Found DL: TRUE  
-- Searching for <ignition-common4> component [profiler]
-- Looking for ignition-common4-profiler -- found version 4.7.0
-- Searching for dependencies of ignition-common4-profiler
-- Searching for <ignition-common4> component [events]
-- Looking for ignition-common4-events -- found version 4.7.0
-- Searching for dependencies of ignition-common4-events
-- Looking for ignition-math6 -- found version 6.14.0
-- Searching for <ignition-common4> component [av]
-- Looking for ignition-common4-av -- found version 4.7.0
-- Searching for dependencies of ignition-common4-av
-- Checking for module 'libswscale'
--   Found libswscale, version 5.9.100
-- Found SWSCALE: TRUE  
-- Checking for module 'libavdevice >= 56.4.100'
--   Found libavdevice , version 58.13.100
-- Found AVDEVICE: TRUE (Required is at least version "56.4.100") 
-- Checking for module 'libavformat'
--   Found libavformat, version 58.76.100
-- Found AVFORMAT: TRUE  
-- Checking for module 'libavcodec'
--   Found libavcodec, version 58.134.100
-- Found AVCODEC: TRUE  
-- Checking for module 'libavutil'
--   Found libavutil, version 56.70.100
-- Found AVUTIL: TRUE  
-- Looking for ignition-fuel_tools7 -- found version 7.3.0
-- Searching for dependencies of ignition-fuel_tools7
-- Found CURL: /usr/lib/x86_64-linux-gnu/libcurl.so (found version "7.81.0")  
-- Checking for module 'jsoncpp'
--   Found jsoncpp, version 1.9.5
-- Found JSONCPP: TRUE  
-- Checking for module 'libzip'
--   Found libzip, version 1.7.3
-- Found ZIP: TRUE  
-- Looking for ignition-common4 -- found version 4.7.0
-- Looking for ignition-math6 -- found version 6.14.0
-- Looking for ignition-msgs8 -- found version 8.7.0
-- Looking for ignition-gui6 -- found version 6.8.0
-- Searching for dependencies of ignition-gui6
-- Looking for ignition-math6 -- found version 6.14.0
-- Looking for ignition-common4 -- found version 4.7.0
-- Looking for ignition-plugin1 -- found version 1.4.0
-- Looking for ignition-transport11 -- found version 11.4.0
-- Looking for ignition-rendering6 -- found version 6.6.0
-- Searching for dependencies of ignition-rendering6
-- Looking for ignition-math6 -- found version 6.14.0
-- Searching for dependencies of ignition-math6
-- Searching for <ignition-math6> component [eigen3]
-- Looking for ignition-math6-eigen3 -- found version 6.14.0
-- Searching for dependencies of ignition-math6-eigen3
-- Looking for ignition-common4 -- found version 4.7.0
-- Searching for dependencies of ignition-common4
-- Looking for dlfcn.h - found
-- Looking for libdl - found
-- Searching for <ignition-common4> component [graphics]
-- Looking for ignition-common4-graphics -- found version 4.7.0
-- Searching for dependencies of ignition-common4-graphics
-- Looking for ignition-math6 -- found version 6.14.0
-- Looking for ignition-utils1 -- found version 1.5.1
-- Searching for <ignition-common4> component [events]
-- Looking for ignition-plugin1 -- found version 1.4.0
-- Searching for dependencies of ignition-plugin1
-- Searching for <ignition-plugin1> component [all]
-- Looking for all libraries of ignition-plugin1 -- found version 1.4.0
-- Looking for ignition-plugin1 -- found version 1.4.0
-- Looking for ignition-msgs8 -- found version 8.7.0
-- Looking for ignition-physics5 -- found version 5.3.1
-- Searching for dependencies of ignition-physics5
-- Looking for ignition-math6 -- found version 6.14.0
-- Looking for ignition-plugin1 -- found version 1.4.0
-- Looking for ignition-utils1 -- found version 1.5.1
-- Searching for <ignition-physics5> component [heightmap]
-- Looking for ignition-physics5-heightmap -- found version 5.3.1
-- Searching for dependencies of ignition-physics5-heightmap
-- Looking for ignition-common4 -- found version 4.7.0
-- Searching for <ignition-physics5> component [mesh]
-- Looking for ignition-physics5-mesh -- found version 5.3.1
-- Searching for dependencies of ignition-physics5-mesh
-- Looking for ignition-common4 -- found version 4.7.0
-- Searching for <ignition-physics5> component [sdf]
-- Looking for ignition-physics5-sdf -- found version 5.3.1
-- Searching for dependencies of ignition-physics5-sdf
-- Looking for sdformat12 -- found version 12.7.1
-- Looking for ignition-sensors6 -- found version 6.7.0
-- Searching for dependencies of ignition-sensors6
-- Looking for ignition-math6 -- found version 6.14.0
-- Looking for ignition-common4 -- found version 4.7.0
-- Looking for ignition-transport11 -- found version 11.4.0
-- Looking for ignition-rendering6 -- found version 6.6.0
-- Looking for ignition-msgs8 -- found version 8.7.0
-- Looking for sdformat12 -- found version 12.7.1
-- Searching for <ignition-sensors6> component [air_pressure]
-- Looking for ignition-sensors6-air_pressure -- found version 6.7.0
-- Searching for dependencies of ignition-sensors6-air_pressure
-- Searching for <ignition-sensors6> component [altimeter]
-- Looking for ignition-sensors6-altimeter -- found version 6.7.0
-- Searching for dependencies of ignition-sensors6-altimeter
-- Searching for <ignition-sensors6> component [imu]
-- Looking for ignition-sensors6-imu -- found version 6.7.0
-- Searching for dependencies of ignition-sensors6-imu
-- Searching for <ignition-sensors6> component [force_torque]
-- Looking for ignition-sensors6-force_torque -- found version 6.7.0
-- Searching for dependencies of ignition-sensors6-force_torque
-- Searching for <ignition-sensors6> component [logical_camera]
-- Looking for ignition-sensors6-logical_camera -- found version 6.7.0
-- Searching for dependencies of ignition-sensors6-logical_camera
-- Searching for <ignition-sensors6> component [magnetometer]
-- Looking for ignition-sensors6-magnetometer -- found version 6.7.0
-- Searching for dependencies of ignition-sensors6-magnetometer
-- Searching for <ignition-sensors6> component [navsat]
-- Looking for ignition-sensors6-navsat -- found version 6.7.0
-- Searching for dependencies of ignition-sensors6-navsat
-- Searching for <ignition-sensors6> component [rendering]
-- Looking for ignition-sensors6-rendering -- found version 6.7.0
-- Searching for dependencies of ignition-sensors6-rendering
-- Searching for <ignition-sensors6> component [lidar]
-- Looking for ignition-sensors6-lidar -- found version 6.7.0
-- Searching for dependencies of ignition-sensors6-lidar
-- Looking for ignition-sensors6 -- found version 6.7.0
-- Searching for <ignition-sensors6> component [gpu_lidar]
-- Looking for ignition-sensors6-gpu_lidar -- found version 6.7.0
-- Searching for dependencies of ignition-sensors6-gpu_lidar
-- Looking for ignition-sensors6 -- found version 6.7.0
-- Searching for <ignition-sensors6> component [camera]
-- Looking for ignition-sensors6-camera -- found version 6.7.0
-- Searching for dependencies of ignition-sensors6-camera
-- Looking for ignition-sensors6 -- found version 6.7.0
-- Searching for <ignition-sensors6> component [boundingbox_camera]
-- Looking for ignition-sensors6-boundingbox_camera -- found version 6.7.0
-- Searching for dependencies of ignition-sensors6-boundingbox_camera
-- Searching for <ignition-sensors6> component [segmentation_camera]
-- Looking for ignition-sensors6-segmentation_camera -- found version 6.7.0
-- Searching for dependencies of ignition-sensors6-segmentation_camera
-- Searching for <ignition-sensors6> component [depth_camera]
-- Looking for ignition-sensors6-depth_camera -- found version 6.7.0
-- Searching for dependencies of ignition-sensors6-depth_camera
-- Looking for ignition-sensors6 -- found version 6.7.0
-- Searching for <ignition-sensors6> component [rgbd_camera]
-- Looking for ignition-sensors6-rgbd_camera -- found version 6.7.0
-- Searching for dependencies of ignition-sensors6-rgbd_camera
-- Looking for ignition-sensors6 -- found version 6.7.0
-- Searching for <ignition-sensors6> component [thermal_camera]
-- Looking for ignition-sensors6-thermal_camera -- found version 6.7.0
-- Searching for dependencies of ignition-sensors6-thermal_camera
-- Looking for ignition-sensors6 -- found version 6.7.0
-- Looking for ignition-rendering6 -- found version 6.6.0
-- Looking for ignition-math6 -- found version 6.14.0
-- Looking for ignition-utils1 -- found version 1.5.1
-- Looking for ignition-gazebo6 - found

-- Looking for ignition-plugin1 -- found version 1.4.0
-- Looking for ignition-plugin1 - found

-- Looking for ignition-common4 -- found version 4.7.0
-- Looking for ignition-common4 - found

-- Looking for ignition-math6 -- found version 6.14.0
-- Looking for ignition-math6 - found

-- Looking for ignition-gui6 -- found version 6.8.0
-- Looking for ignition-gui6 - found

-- Looking for ignition-msgs8 -- found version 8.7.0
-- Looking for ignition-msgs8 - found

-- Looking for ignition-transport11 -- found version 11.4.0
-- Looking for ignition-transport11 - found

-- Looking for ignition-rendering6 -- found version 6.6.0
-- Looking for ignition-rendering6 - found

-- Looking for sdformat12 -- found version 12.7.1
-- Looking for sdformat12 - found

-- Found rmf_building_sim_common: 2.0.2 (/home/wang/rmf_ws/install/rmf_building_sim_common/share/rmf_building_sim_common/cmake)
-- Found rmf_fleet_msgs: 3.0.3 (/home/wang/rmf_ws/install/rmf_fleet_msgs/share/rmf_fleet_msgs/cmake)
-- Configuring done (3.5s)
-- Generating done (0.0s)
-- Build files have been written to: /home/wang/rmf_ws/build/rmf_building_sim_gz_plugins
[ 11%] [34m[1mAutomatic MOC for target door[0m
[ 11%] [34m[1mAutomatic MOC for target lift[0m
[ 11%] [34m[1mAutomatic MOC for target crowd_simulator[0m
[ 11%] Built target door_autogen
[ 11%] Built target crowd_simulator_autogen
[ 11%] Built target lift_autogen
[ 19%] [34m[1mAutomatic MOC for target toggle_charging[0m
[ 19%] [34m[1mAutomatic MOC for target toggle_floors[0m
[ 23%] [32mBuilding CXX object CMakeFiles/crowd_simulator.dir/crowd_simulator_autogen/mocs_compilation.cpp.o[0m
[ 26%] [32mBuilding CXX object CMakeFiles/crowd_simulator.dir/src/crowd_simulator.cpp.o[0m
[ 26%] Built target toggle_charging_autogen
[ 26%] Built target toggle_floors_autogen
[ 30%] [32m[1mLinking CXX shared library libcrowd_simulator.so[0m
[ 30%] Built target crowd_simulator
[ 34%] [34m[1mGenerating qrc_toggle_charging.cpp[0m
[ 38%] [32mBuilding CXX object CMakeFiles/toggle_charging.dir/toggle_charging_autogen/mocs_compilation.cpp.o[0m
[ 42%] [34m[1mGenerating qrc_toggle_floors.cpp[0m
[ 46%] [32mBuilding CXX object CMakeFiles/toggle_charging.dir/src/toggle_charging/toggle_charging.cpp.o[0m
[ 50%] [32mBuilding CXX object CMakeFiles/toggle_charging.dir/qrc_toggle_charging.cpp.o[0m
[ 53%] [32mBuilding CXX object CMakeFiles/toggle_floors.dir/toggle_floors_autogen/mocs_compilation.cpp.o[0m
[ 57%] [32mBuilding CXX object CMakeFiles/toggle_floors.dir/src/toggle_floors/toggle_floors.cpp.o[0m
[ 61%] [32mBuilding CXX object CMakeFiles/toggle_floors.dir/qrc_toggle_floors.cpp.o[0m
[ 65%] [32mBuilding CXX object CMakeFiles/toggle_floors.dir/qrc_toggle_charging.cpp.o[0m
[ 69%] [32m[1mLinking CXX shared library libtoggle_charging.so[0m
[ 69%] Built target toggle_charging
[ 84%] [32mBuilding CXX object CMakeFiles/lift.dir/lift_autogen/mocs_compilation.cpp.o[0m
[ 84%] [32mBuilding CXX object CMakeFiles/lift.dir/src/lift.cpp.o[0m
[ 84%] [32mBuilding CXX object CMakeFiles/door.dir/door_autogen/mocs_compilation.cpp.o[0m
[ 84%] [32mBuilding CXX object CMakeFiles/door.dir/src/door.cpp.o[0m
[1m/home/wang/rmf_ws/src/rmf/rmf_simulation/rmf_building_sim_gz_plugins/src/toggle_floors/toggle_floors.cpp:70:8: [0m[0;1;35mwarning: [0m[1mprivate field '_floor_checked_flag' is not used [-Wunused-private-field][0m
  bool _floor_checked_flag{false};
[0;1;32m       ^
[0m1 warning generated.
[ 88%] [32m[1mLinking CXX shared library libtoggle_floors.so[0m
[ 92%] Built target toggle_floors
[ 96%] [32m[1mLinking CXX shared library libdoor.so[0m
[ 96%] Built target door
[100%] [32m[1mLinking CXX shared library liblift.so[0m
[100%] Built target lift
-- Install configuration: "Release"
-- Installing: /home/wang/rmf_ws/install/rmf_building_sim_gz_plugins/lib/rmf_building_sim_gz_plugins/libdoor.so
-- Set runtime path of "/home/wang/rmf_ws/install/rmf_building_sim_gz_plugins/lib/rmf_building_sim_gz_plugins/libdoor.so" to ""
-- Installing: /home/wang/rmf_ws/install/rmf_building_sim_gz_plugins/lib/rmf_building_sim_gz_plugins/liblift.so
-- Set runtime path of "/home/wang/rmf_ws/install/rmf_building_sim_gz_plugins/lib/rmf_building_sim_gz_plugins/liblift.so" to ""
-- Installing: /home/wang/rmf_ws/install/rmf_building_sim_gz_plugins/lib/rmf_building_sim_gz_plugins/libcrowd_simulator.so
-- Set runtime path of "/home/wang/rmf_ws/install/rmf_building_sim_gz_plugins/lib/rmf_building_sim_gz_plugins/libcrowd_simulator.so" to ""
-- Installing: /home/wang/rmf_ws/install/rmf_building_sim_gz_plugins/lib/rmf_building_sim_gz_plugins/libtoggle_charging.so
-- Set runtime path of "/home/wang/rmf_ws/install/rmf_building_sim_gz_plugins/lib/rmf_building_sim_gz_plugins/libtoggle_charging.so" to ""
-- Installing: /home/wang/rmf_ws/install/rmf_building_sim_gz_plugins/lib/rmf_building_sim_gz_plugins/libtoggle_floors.so
-- Set runtime path of "/home/wang/rmf_ws/install/rmf_building_sim_gz_plugins/lib/rmf_building_sim_gz_plugins/libtoggle_floors.so" to ""
-- Installing: /home/wang/rmf_ws/install/rmf_building_sim_gz_plugins/share/ament_index/resource_index/package_run_dependencies/rmf_building_sim_gz_plugins
-- Installing: /home/wang/rmf_ws/install/rmf_building_sim_gz_plugins/share/ament_index/resource_index/parent_prefix_path/rmf_building_sim_gz_plugins
-- Installing: /home/wang/rmf_ws/install/rmf_building_sim_gz_plugins/share/rmf_building_sim_gz_plugins/environment/ament_prefix_path.sh
-- Installing: /home/wang/rmf_ws/install/rmf_building_sim_gz_plugins/share/rmf_building_sim_gz_plugins/environment/ament_prefix_path.dsv
-- Installing: /home/wang/rmf_ws/install/rmf_building_sim_gz_plugins/share/rmf_building_sim_gz_plugins/environment/path.sh
-- Installing: /home/wang/rmf_ws/install/rmf_building_sim_gz_plugins/share/rmf_building_sim_gz_plugins/environment/path.dsv
-- Installing: /home/wang/rmf_ws/install/rmf_building_sim_gz_plugins/share/rmf_building_sim_gz_plugins/local_setup.bash
-- Installing: /home/wang/rmf_ws/install/rmf_building_sim_gz_plugins/share/rmf_building_sim_gz_plugins/local_setup.sh
-- Installing: /home/wang/rmf_ws/install/rmf_building_sim_gz_plugins/share/rmf_building_sim_gz_plugins/local_setup.zsh
-- Installing: /home/wang/rmf_ws/install/rmf_building_sim_gz_plugins/share/rmf_building_sim_gz_plugins/local_setup.dsv
-- Installing: /home/wang/rmf_ws/install/rmf_building_sim_gz_plugins/share/rmf_building_sim_gz_plugins/package.dsv
-- Installing: /home/wang/rmf_ws/install/rmf_building_sim_gz_plugins/share/ament_index/resource_index/packages/rmf_building_sim_gz_plugins
-- Installing: /home/wang/rmf_ws/install/rmf_building_sim_gz_plugins/share/rmf_building_sim_gz_plugins/cmake/rmf_building_sim_gz_pluginsConfig.cmake
-- Installing: /home/wang/rmf_ws/install/rmf_building_sim_gz_plugins/share/rmf_building_sim_gz_plugins/cmake/rmf_building_sim_gz_pluginsConfig-version.cmake
-- Installing: /home/wang/rmf_ws/install/rmf_building_sim_gz_plugins/share/rmf_building_sim_gz_plugins/package.xml
