/home/wang/rmf_ws/install/rmf_traffic_editor_assets/share/ament_index/resource_index/packages/rmf_traffic_editor_assets
/home/wang/rmf_ws/install/rmf_traffic_editor_assets/share/ament_index/resource_index/rmf_traffic_editor_assets/assets
/home/wang/rmf_ws/install/rmf_traffic_editor_assets/share/rmf_traffic_editor_assets/package.xml
/home/wang/rmf_ws/install/rmf_traffic_editor_assets/share/assets/thumbnails/images/cropped/OpenRobotics/KitchenCountertop.png
/home/wang/rmf_ws/install/rmf_traffic_editor_assets/share/assets/thumbnails/images/cropped/OpenRobotics/Gazebo.png
/home/wang/rmf_ws/install/rmf_traffic_editor_assets/share/assets/thumbnails/images/cropped/OpenRobotics/DigitalKiosk.png
/home/wang/rmf_ws/install/rmf_traffic_editor_assets/share/assets/thumbnails/images/cropped/OpenRobotics/TrolleyBed.png
/home/wang/rmf_ws/install/rmf_traffic_editor_assets/share/assets/thumbnails/images/cropped/OpenRobotics/Table.png
/home/wang/rmf_ws/install/rmf_traffic_editor_assets/share/assets/thumbnails/images/cropped/OpenRobotics/MonitorAndKeyboard.png
/home/wang/rmf_ws/install/rmf_traffic_editor_assets/share/assets/thumbnails/images/cropped/OpenRobotics/MopCart1.png
/home/wang/rmf_ws/install/rmf_traffic_editor_assets/share/assets/thumbnails/images/cropped/OpenRobotics/WhiteChipChair.png
/home/wang/rmf_ws/install/rmf_traffic_editor_assets/share/assets/thumbnails/images/cropped/OpenRobotics/CleaningSection.png
/home/wang/rmf_ws/install/rmf_traffic_editor_assets/share/assets/thumbnails/images/cropped/OpenRobotics/SquareShelf.png
/home/wang/rmf_ws/install/rmf_traffic_editor_assets/share/assets/thumbnails/images/cropped/OpenRobotics/Suitcase2.png
/home/wang/rmf_ws/install/rmf_traffic_editor_assets/share/assets/thumbnails/images/cropped/OpenRobotics/MiR100.png
/home/wang/rmf_ws/install/rmf_traffic_editor_assets/share/assets/thumbnails/images/cropped/OpenRobotics/FemaleVisitorSit.png
/home/wang/rmf_ws/install/rmf_traffic_editor_assets/share/assets/thumbnails/images/cropped/OpenRobotics/MaleVisitorOnPhone.png
/home/wang/rmf_ws/install/rmf_traffic_editor_assets/share/assets/thumbnails/images/cropped/OpenRobotics/Scrubber.png
/home/wang/rmf_ws/install/rmf_traffic_editor_assets/share/assets/thumbnails/images/cropped/OpenRobotics/MopCart4.png
/home/wang/rmf_ws/install/rmf_traffic_editor_assets/share/assets/thumbnails/images/cropped/OpenRobotics/TrolleyBedPatient.png
/home/wang/rmf_ws/install/rmf_traffic_editor_assets/share/assets/thumbnails/images/cropped/OpenRobotics/Fridge.png
/home/wang/rmf_ws/install/rmf_traffic_editor_assets/share/assets/thumbnails/images/cropped/OpenRobotics/FoodCourtTable1.png
/home/wang/rmf_ws/install/rmf_traffic_editor_assets/share/assets/thumbnails/images/cropped/OpenRobotics/FemaleVisitor.png
/home/wang/rmf_ws/install/rmf_traffic_editor_assets/share/assets/thumbnails/images/cropped/OpenRobotics/EscalatorEnd.png
/home/wang/rmf_ws/install/rmf_traffic_editor_assets/share/assets/thumbnails/images/cropped/OpenRobotics/VendingMachine.png
/home/wang/rmf_ws/install/rmf_traffic_editor_assets/share/assets/thumbnails/images/cropped/OpenRobotics/AirportSign1.png
/home/wang/rmf_ws/install/rmf_traffic_editor_assets/share/assets/thumbnails/images/cropped/OpenRobotics/Drawer.png
/home/wang/rmf_ws/install/rmf_traffic_editor_assets/share/assets/thumbnails/images/cropped/OpenRobotics/Scrubs.png
/home/wang/rmf_ws/install/rmf_traffic_editor_assets/share/assets/thumbnails/images/cropped/OpenRobotics/Desk.png
/home/wang/rmf_ws/install/rmf_traffic_editor_assets/share/assets/thumbnails/images/cropped/OpenRobotics/RecTable.png
/home/wang/rmf_ws/install/rmf_traffic_editor_assets/share/assets/thumbnails/images/cropped/OpenRobotics/TeleportIngestor.png
/home/wang/rmf_ws/install/rmf_traffic_editor_assets/share/assets/thumbnails/images/cropped/OpenRobotics/StorageRackCoverOpen.png
/home/wang/rmf_ws/install/rmf_traffic_editor_assets/share/assets/thumbnails/images/cropped/OpenRobotics/Toilet.png
/home/wang/rmf_ws/install/rmf_traffic_editor_assets/share/assets/thumbnails/images/cropped/OpenRobotics/SUV.png
/home/wang/rmf_ws/install/rmf_traffic_editor_assets/share/assets/thumbnails/images/cropped/OpenRobotics/BedTable.png
/home/wang/rmf_ws/install/rmf_traffic_editor_assets/share/assets/thumbnails/images/cropped/OpenRobotics/Suitcase2H.png
/home/wang/rmf_ws/install/rmf_traffic_editor_assets/share/assets/thumbnails/images/cropped/OpenRobotics/InstrumentCart1.png
/home/wang/rmf_ws/install/rmf_traffic_editor_assets/share/assets/thumbnails/images/cropped/OpenRobotics/XRayMachineSmall.png
/home/wang/rmf_ws/install/rmf_traffic_editor_assets/share/assets/thumbnails/images/cropped/OpenRobotics/Ambulance.png
/home/wang/rmf_ws/install/rmf_traffic_editor_assets/share/assets/thumbnails/images/cropped/OpenRobotics/Cafe.png
/home/wang/rmf_ws/install/rmf_traffic_editor_assets/share/assets/thumbnails/images/cropped/OpenRobotics/Lamp Post.png
/home/wang/rmf_ws/install/rmf_traffic_editor_assets/share/assets/thumbnails/images/cropped/OpenRobotics/AirportBench.png
/home/wang/rmf_ws/install/rmf_traffic_editor_assets/share/assets/thumbnails/images/cropped/OpenRobotics/CArm.png
/home/wang/rmf_ws/install/rmf_traffic_editor_assets/share/assets/thumbnails/images/cropped/OpenRobotics/LampAndStand.png
/home/wang/rmf_ws/install/rmf_traffic_editor_assets/share/assets/thumbnails/images/cropped/OpenRobotics/Construction Cone.png
/home/wang/rmf_ws/install/rmf_traffic_editor_assets/share/assets/thumbnails/images/cropped/OpenRobotics/HeadphonesRack1.png
/home/wang/rmf_ws/install/rmf_traffic_editor_assets/share/assets/thumbnails/images/cropped/OpenRobotics/IVStand.png
/home/wang/rmf_ws/install/rmf_traffic_editor_assets/share/assets/thumbnails/images/cropped/OpenRobotics/Coke.png
/home/wang/rmf_ws/install/rmf_traffic_editor_assets/share/assets/thumbnails/images/cropped/OpenRobotics/TruckBox.png
/home/wang/rmf_ws/install/rmf_traffic_editor_assets/share/assets/thumbnails/images/cropped/OpenRobotics/PotatoChipChair.png
/home/wang/rmf_ws/install/rmf_traffic_editor_assets/share/assets/thumbnails/images/cropped/OpenRobotics/BloodPressureMonitor.png
/home/wang/rmf_ws/install/rmf_traffic_editor_assets/share/assets/thumbnails/images/cropped/OpenRobotics/BedsideTable.png
/home/wang/rmf_ws/install/rmf_traffic_editor_assets/share/assets/thumbnails/images/cropped/OpenRobotics/ArmoredPillars.png
/home/wang/rmf_ws/install/rmf_traffic_editor_assets/share/assets/thumbnails/images/cropped/OpenRobotics/TrolleyBox1.png
/home/wang/rmf_ws/install/rmf_traffic_editor_assets/share/assets/thumbnails/images/cropped/OpenRobotics/TrolleyBox2.png
/home/wang/rmf_ws/install/rmf_traffic_editor_assets/share/assets/thumbnails/images/cropped/OpenRobotics/OfficeChairGrey.png
/home/wang/rmf_ws/install/rmf_traffic_editor_assets/share/assets/thumbnails/images/cropped/OpenRobotics/MopCart3.png
/home/wang/rmf_ws/install/rmf_traffic_editor_assets/share/assets/thumbnails/images/cropped/OpenRobotics/CGMClassic.png
/home/wang/rmf_ws/install/rmf_traffic_editor_assets/share/assets/thumbnails/images/cropped/OpenRobotics/AirportSign5.png
/home/wang/rmf_ws/install/rmf_traffic_editor_assets/share/assets/thumbnails/images/cropped/OpenRobotics/PhonesDisplay.png
/home/wang/rmf_ws/install/rmf_traffic_editor_assets/share/assets/thumbnails/images/cropped/OpenRobotics/EscalatorStart.png
/home/wang/rmf_ws/install/rmf_traffic_editor_assets/share/assets/thumbnails/images/cropped/OpenRobotics/MaleVisitorSit.png
/home/wang/rmf_ws/install/rmf_traffic_editor_assets/share/assets/thumbnails/images/cropped/OpenRobotics/ParkingTrolleyMin.png
/home/wang/rmf_ws/install/rmf_traffic_editor_assets/share/assets/thumbnails/images/cropped/OpenRobotics/CGMVanguard.png
/home/wang/rmf_ws/install/rmf_traffic_editor_assets/share/assets/thumbnails/images/cropped/OpenRobotics/AdjTable.png
/home/wang/rmf_ws/install/rmf_traffic_editor_assets/share/assets/thumbnails/images/cropped/OpenRobotics/ParkingTrolleyMax.png
/home/wang/rmf_ws/install/rmf_traffic_editor_assets/share/assets/thumbnails/images/cropped/OpenRobotics/Sofa.png
/home/wang/rmf_ws/install/rmf_traffic_editor_assets/share/assets/thumbnails/images/cropped/OpenRobotics/SmallCubicle.png
/home/wang/rmf_ws/install/rmf_traffic_editor_assets/share/assets/thumbnails/images/cropped/OpenRobotics/OfficeChairBlue.png
/home/wang/rmf_ws/install/rmf_traffic_editor_assets/share/assets/thumbnails/images/cropped/OpenRobotics/LitterBin.png
/home/wang/rmf_ws/install/rmf_traffic_editor_assets/share/assets/thumbnails/images/cropped/OpenRobotics/XRayMachine.png
/home/wang/rmf_ws/install/rmf_traffic_editor_assets/share/assets/thumbnails/images/cropped/OpenRobotics/Postbox.png
/home/wang/rmf_ws/install/rmf_traffic_editor_assets/share/assets/thumbnails/images/cropped/OpenRobotics/MiRCart.png
/home/wang/rmf_ws/install/rmf_traffic_editor_assets/share/assets/thumbnails/images/cropped/OpenRobotics/AirportSign3.png
/home/wang/rmf_ws/install/rmf_traffic_editor_assets/share/assets/thumbnails/images/cropped/OpenRobotics/HeadphonesRack2.png
/home/wang/rmf_ws/install/rmf_traffic_editor_assets/share/assets/thumbnails/images/cropped/OpenRobotics/NurseDesk.png
/home/wang/rmf_ws/install/rmf_traffic_editor_assets/share/assets/thumbnails/images/cropped/OpenRobotics/Suitcase1.png
/home/wang/rmf_ws/install/rmf_traffic_editor_assets/share/assets/thumbnails/images/cropped/OpenRobotics/MalePatientBed.png
/home/wang/rmf_ws/install/rmf_traffic_editor_assets/share/assets/thumbnails/images/cropped/OpenRobotics/BigCubicle.png
/home/wang/rmf_ws/install/rmf_traffic_editor_assets/share/assets/thumbnails/images/cropped/OpenRobotics/AirportSign4.png
/home/wang/rmf_ws/install/rmf_traffic_editor_assets/share/assets/thumbnails/images/cropped/OpenRobotics/Suitcase1H.png
/home/wang/rmf_ws/install/rmf_traffic_editor_assets/share/assets/thumbnails/images/cropped/OpenRobotics/Fountain.png
/home/wang/rmf_ws/install/rmf_traffic_editor_assets/share/assets/thumbnails/images/cropped/OpenRobotics/LockerBig.png
/home/wang/rmf_ws/install/rmf_traffic_editor_assets/share/assets/thumbnails/images/cropped/OpenRobotics/DeskChair.png
/home/wang/rmf_ws/install/rmf_traffic_editor_assets/share/assets/thumbnails/images/cropped/OpenRobotics/AirportSign2.png
/home/wang/rmf_ws/install/rmf_traffic_editor_assets/share/assets/thumbnails/images/cropped/OpenRobotics/TVStand.png
/home/wang/rmf_ws/install/rmf_traffic_editor_assets/share/assets/thumbnails/images/cropped/OpenRobotics/ElectronicsRecycling.png
/home/wang/rmf_ws/install/rmf_traffic_editor_assets/share/assets/thumbnails/images/cropped/OpenRobotics/KitchenSink.png
/home/wang/rmf_ws/install/rmf_traffic_editor_assets/share/assets/thumbnails/images/cropped/OpenRobotics/StorageRackCovered.png
/home/wang/rmf_ws/install/rmf_traffic_editor_assets/share/assets/thumbnails/images/cropped/OpenRobotics/MetalCabinet.png
/home/wang/rmf_ws/install/rmf_traffic_editor_assets/share/assets/thumbnails/images/cropped/OpenRobotics/ConfTable.png
/home/wang/rmf_ws/install/rmf_traffic_editor_assets/share/assets/thumbnails/images/cropped/OpenRobotics/VisitorKidSit.png
/home/wang/rmf_ws/install/rmf_traffic_editor_assets/share/assets/thumbnails/images/cropped/OpenRobotics/PatientFSit.png
/home/wang/rmf_ws/install/rmf_traffic_editor_assets/share/assets/thumbnails/images/cropped/OpenRobotics/RetailKiosk1.png
/home/wang/rmf_ws/install/rmf_traffic_editor_assets/share/assets/thumbnails/images/cropped/OpenRobotics/AnesthesiaMachine.png
/home/wang/rmf_ws/install/rmf_traffic_editor_assets/share/assets/thumbnails/images/cropped/OpenRobotics/TeleportDispenser.png
/home/wang/rmf_ws/install/rmf_traffic_editor_assets/share/assets/thumbnails/images/cropped/OpenRobotics/MainTable.png
/home/wang/rmf_ws/install/rmf_traffic_editor_assets/share/assets/thumbnails/images/cropped/OpenRobotics/ScrubsTrolley.png
/home/wang/rmf_ws/install/rmf_traffic_editor_assets/share/assets/thumbnails/images/cropped/OpenRobotics/Shower.png
/home/wang/rmf_ws/install/rmf_traffic_editor_assets/share/assets/thumbnails/images/cropped/OpenRobotics/Standing person.png
/home/wang/rmf_ws/install/rmf_traffic_editor_assets/share/assets/thumbnails/images/cropped/OpenRobotics/NurseTable.png
/home/wang/rmf_ws/install/rmf_traffic_editor_assets/share/assets/thumbnails/images/cropped/OpenRobotics/TrashBin.png
/home/wang/rmf_ws/install/rmf_traffic_editor_assets/share/assets/thumbnails/images/cropped/OpenRobotics/CoffeeTable.png
/home/wang/rmf_ws/install/rmf_traffic_editor_assets/share/assets/thumbnails/images/cropped/OpenRobotics/OfficeChairBlack.png
/home/wang/rmf_ws/install/rmf_traffic_editor_assets/share/assets/thumbnails/images/cropped/OpenRobotics/StorageRack.png
/home/wang/rmf_ws/install/rmf_traffic_editor_assets/share/assets/thumbnails/images/cropped/OpenRobotics/BathroomSink.png
/home/wang/rmf_ws/install/rmf_traffic_editor_assets/share/assets/thumbnails/images/cropped/OpenRobotics/BPCart.png
/home/wang/rmf_ws/install/rmf_traffic_editor_assets/share/assets/thumbnails/images/cropped/OpenRobotics/BMWCart.png
/home/wang/rmf_ws/install/rmf_traffic_editor_assets/share/assets/thumbnails/images/cropped/OpenRobotics/MiniSofa.png
/home/wang/rmf_ws/install/rmf_traffic_editor_assets/share/assets/thumbnails/images/cropped/OpenRobotics/ElderMalePatient.png
/home/wang/rmf_ws/install/rmf_traffic_editor_assets/share/assets/thumbnails/images/cropped/OpenRobotics/MetalCabinetYellow.png
/home/wang/rmf_ws/install/rmf_traffic_editor_assets/share/assets/thumbnails/images/cropped/OpenRobotics/Bookshelf.png
/home/wang/rmf_ws/install/rmf_traffic_editor_assets/share/assets/thumbnails/images/cropped/OpenRobotics/FoodCourtBenchShort.png
/home/wang/rmf_ws/install/rmf_traffic_editor_assets/share/assets/thumbnails/images/cropped/OpenRobotics/WoodenChair.png
/home/wang/rmf_ws/install/rmf_traffic_editor_assets/share/assets/thumbnails/images/cropped/OpenRobotics/OpScrubs.png
/home/wang/rmf_ws/install/rmf_traffic_editor_assets/share/assets/thumbnails/images/cropped/OpenRobotics/Ambulance2.png
/home/wang/rmf_ws/install/rmf_traffic_editor_assets/share/assets/thumbnails/images/cropped/OpenRobotics/Nurse.png
/home/wang/rmf_ws/install/rmf_traffic_editor_assets/share/assets/thumbnails/images/cropped/OpenRobotics/WhiteCabinet.png
/home/wang/rmf_ws/install/rmf_traffic_editor_assets/share/assets/thumbnails/images/cropped/OpenRobotics/TruckDelivery.png
/home/wang/rmf_ws/install/rmf_traffic_editor_assets/share/assets/thumbnails/images/cropped/OpenRobotics/Oak tree.png
/home/wang/rmf_ws/install/rmf_traffic_editor_assets/share/assets/thumbnails/images/cropped/OpenRobotics/FoodCourtBenchLong.png
/home/wang/rmf_ws/install/rmf_traffic_editor_assets/share/assets/thumbnails/images/cropped/OpenRobotics/Cafe table.png
/home/wang/rmf_ws/install/rmf_traffic_editor_assets/share/assets/thumbnails/images/cropped/OpenRobotics/MopCart2.png
/home/wang/rmf_ws/install/rmf_traffic_editor_assets/share/assets/thumbnails/images/cropped/OpenRobotics/InformationCounter.png
/home/wang/rmf_ws/install/rmf_traffic_editor_assets/share/assets/thumbnails/images/cropped/OpenRobotics/RobotPlaceholder.png
/home/wang/rmf_ws/install/rmf_traffic_editor_assets/share/assets/thumbnails/images/cropped/OpenRobotics/ElderLadyPatient.png
/home/wang/rmf_ws/install/rmf_traffic_editor_assets/share/assets/thumbnails/images/cropped/OpenRobotics/Playground.png
/home/wang/rmf_ws/install/rmf_traffic_editor_assets/share/assets/thumbnails/images/cropped/OpenRobotics/Chair.png
/home/wang/rmf_ws/install/rmf_traffic_editor_assets/share/assets/thumbnails/images/cropped/OpenRobotics/FoodCourtBarricade.png
/home/wang/rmf_ws/install/rmf_traffic_editor_assets/share/assets/thumbnails/images/cropped/OpenRobotics/RetailKiosk2.png
/home/wang/rmf_ws/install/rmf_traffic_editor_assets/share/assets/thumbnails/images/cropped/OpenRobotics/InstrumentCart2.png
/home/wang/rmf_ws/install/rmf_traffic_editor_assets/share/assets/thumbnails/images/cropped/OpenRobotics/NormalBed.png
/home/wang/rmf_ws/install/rmf_traffic_editor_assets/share/assets/thumbnails/images/cropped/OpenRobotics/PatientWheelChair.png
/home/wang/rmf_ws/install/rmf_traffic_editor_assets/share/assets/thumbnails/images/cropped/OpenRobotics/SurgicalTrolleyMed.png
/home/wang/rmf_ws/install/rmf_traffic_editor_assets/share/assets/thumbnails/images/cropped/OpenRobotics/SurgicalTrolleyGuards.png
/home/wang/rmf_ws/install/rmf_traffic_editor_assets/share/assets/thumbnails/images/cropped/OpenRobotics/Pine Tree.png
/home/wang/rmf_ws/install/rmf_traffic_editor_assets/share/assets/thumbnails/model_list.yaml
/home/wang/rmf_ws/install/rmf_traffic_editor_assets/lib/python3.10/site-packages/rmf_traffic_editor_assets-1.6.1-py3.10.egg-info/PKG-INFO
/home/wang/rmf_ws/install/rmf_traffic_editor_assets/lib/python3.10/site-packages/rmf_traffic_editor_assets-1.6.1-py3.10.egg-info/dependency_links.txt
/home/wang/rmf_ws/install/rmf_traffic_editor_assets/lib/python3.10/site-packages/rmf_traffic_editor_assets-1.6.1-py3.10.egg-info/requires.txt
/home/wang/rmf_ws/install/rmf_traffic_editor_assets/lib/python3.10/site-packages/rmf_traffic_editor_assets-1.6.1-py3.10.egg-info/SOURCES.txt
/home/wang/rmf_ws/install/rmf_traffic_editor_assets/lib/python3.10/site-packages/rmf_traffic_editor_assets-1.6.1-py3.10.egg-info/top_level.txt
