-- The C compiler identification is Clang 14.0.0
-- The CXX compiler identification is Clang 14.0.0
-- Detecting C compiler ABI info
-- Detecting C compiler ABI info - done
-- Check for working C compiler: /usr/bin/clang - skipped
-- Detecting C compile features
-- Detecting C compile features - done
-- Detecting CXX compiler ABI info
-- Detecting CXX compiler ABI info - done
-- Check for working CXX compiler: /usr/bin/clang++ - skipped
-- Detecting CXX compile features
-- Detecting CXX compile features - done
-- Found ament_cmake: 1.3.5 (/opt/ros/humble/share/ament_cmake/cmake)
-- Found Python3: /usr/bin/python3.10 (found version "3.10.6") found components: Interpreter 
-- Found builtin_interfaces: 1.2.1 (/opt/ros/humble/share/builtin_interfaces/cmake)
-- Found rosidl_generator_c: 3.1.4 (/opt/ros/humble/share/rosidl_generator_c/cmake)
-- Found rosidl_adapter: 3.1.4 (/opt/ros/humble/share/rosidl_adapter/cmake)
-- Found rosidl_generator_cpp: 3.1.4 (/opt/ros/humble/share/rosidl_generator_cpp/cmake)
-- Using all available rosidl_typesupport_c: rosidl_typesupport_fastrtps_c;rosidl_typesupport_introspection_c
-- Using all available rosidl_typesupport_cpp: rosidl_typesupport_fastrtps_cpp;rosidl_typesupport_introspection_cpp
-- Found rosidl_default_generators: 1.2.0 (/opt/ros/humble/share/rosidl_default_generators/cmake)
-- Found ament_cmake_cppcheck: 0.12.6 (/opt/ros/humble/share/ament_cmake_cppcheck/cmake)
-- Found ament_cmake_cpplint: 0.12.6 (/opt/ros/humble/share/ament_cmake_cpplint/cmake)
-- Found ament_cmake_uncrustify: 0.12.6 (/opt/ros/humble/share/ament_cmake_uncrustify/cmake)
-- Found ament_cmake_ros: 0.10.0 (/opt/ros/humble/share/ament_cmake_ros/cmake)
-- Using all available rosidl_typesupport_c: rosidl_typesupport_fastrtps_c;rosidl_typesupport_introspection_c
-- Using all available rosidl_typesupport_cpp: rosidl_typesupport_fastrtps_cpp;rosidl_typesupport_introspection_cpp
-- Found PythonInterp: /usr/bin/python3 (found suitable version "3.10.6", minimum required is "3.6") 
-- Found python_cmake_module: 0.10.0 (/opt/ros/humble/share/python_cmake_module/cmake)
-- Found PythonLibs: /usr/lib/x86_64-linux-gnu/libpython3.10.so (found suitable version "3.10.6", minimum required is "3.5") 
-- Using PYTHON_EXECUTABLE: /usr/bin/python3
-- Using PYTHON_INCLUDE_DIRS: /usr/include/python3.10
-- Using PYTHON_LIBRARIES: /usr/lib/x86_64-linux-gnu/libpython3.10.so
-- Found PythonExtra: .so  
-- Found ament_cmake_flake8: 0.12.6 (/opt/ros/humble/share/ament_cmake_flake8/cmake)
-- Found ament_cmake_pep257: 0.12.6 (/opt/ros/humble/share/ament_cmake_pep257/cmake)
-- Configuring done (4.0s)
-- Generating done (0.1s)
-- Build files have been written to: /home/wang/rmf_ws/build/rmf_workcell_msgs
[  1%] [34m[1mGenerating C++ code for ROS interfaces[0m
[  1%] Built target rmf_workcell_msgs__cpp
[  1%] Built target ament_cmake_python_copy_rmf_workcell_msgs
[  2%] [34m[1mGenerating C++ introspection for ROS interfaces[0m
[  4%] [32mBuilding CXX object CMakeFiles/rmf_workcell_msgs__rosidl_typesupport_introspection_cpp.dir/rosidl_typesupport_introspection_cpp/rmf_workcell_msgs/msg/detail/asset__type_support.cpp.o[0m
[  5%] [32mBuilding CXX object CMakeFiles/rmf_workcell_msgs__rosidl_typesupport_introspection_cpp.dir/rosidl_typesupport_introspection_cpp/rmf_workcell_msgs/msg/detail/workcell_result__type_support.cpp.o[0m
[  7%] [32mBuilding CXX object CMakeFiles/rmf_workcell_msgs__rosidl_typesupport_introspection_cpp.dir/rosidl_typesupport_introspection_cpp/rmf_workcell_msgs/msg/detail/workcell_request__type_support.cpp.o[0m
[  8%] [32mBuilding CXX object CMakeFiles/rmf_workcell_msgs__rosidl_typesupport_introspection_cpp.dir/rosidl_typesupport_introspection_cpp/rmf_workcell_msgs/msg/detail/workcell_state__type_support.cpp.o[0m
[  9%] [32mBuilding CXX object CMakeFiles/rmf_workcell_msgs__rosidl_typesupport_introspection_cpp.dir/rosidl_typesupport_introspection_cpp/rmf_workcell_msgs/msg/detail/workcell_configuration__type_support.cpp.o[0m
[ 11%] [32mBuilding CXX object CMakeFiles/rmf_workcell_msgs__rosidl_typesupport_introspection_cpp.dir/rosidl_typesupport_introspection_cpp/rmf_workcell_msgs/msg/detail/trait__type_support.cpp.o[0m
[ 12%] [32m[1mLinking CXX shared library librmf_workcell_msgs__rosidl_typesupport_introspection_cpp.so[0m
[ 12%] Built target rmf_workcell_msgs__rosidl_typesupport_introspection_cpp
running egg_info
creating rmf_workcell_msgs.egg-info
writing rmf_workcell_msgs.egg-info/PKG-INFO
writing dependency_links to rmf_workcell_msgs.egg-info/dependency_links.txt
writing top-level names to rmf_workcell_msgs.egg-info/top_level.txt
writing manifest file 'rmf_workcell_msgs.egg-info/SOURCES.txt'
reading manifest file 'rmf_workcell_msgs.egg-info/SOURCES.txt'
writing manifest file 'rmf_workcell_msgs.egg-info/SOURCES.txt'
[ 12%] Built target ament_cmake_python_build_rmf_workcell_msgs_egg
[ 14%] [34m[1mGenerating C++ type support for eProsima Fast-RTPS[0m
[ 15%] [32mBuilding CXX object CMakeFiles/rmf_workcell_msgs__rosidl_typesupport_fastrtps_cpp.dir/rosidl_typesupport_fastrtps_cpp/rmf_workcell_msgs/msg/detail/dds_fastrtps/asset__type_support.cpp.o[0m
[ 16%] [32mBuilding CXX object CMakeFiles/rmf_workcell_msgs__rosidl_typesupport_fastrtps_cpp.dir/rosidl_typesupport_fastrtps_cpp/rmf_workcell_msgs/msg/detail/dds_fastrtps/workcell_result__type_support.cpp.o[0m
[ 18%] [32mBuilding CXX object CMakeFiles/rmf_workcell_msgs__rosidl_typesupport_fastrtps_cpp.dir/rosidl_typesupport_fastrtps_cpp/rmf_workcell_msgs/msg/detail/dds_fastrtps/workcell_request__type_support.cpp.o[0m
[ 19%] [32mBuilding CXX object CMakeFiles/rmf_workcell_msgs__rosidl_typesupport_fastrtps_cpp.dir/rosidl_typesupport_fastrtps_cpp/rmf_workcell_msgs/msg/detail/dds_fastrtps/workcell_state__type_support.cpp.o[0m
[ 21%] [32mBuilding CXX object CMakeFiles/rmf_workcell_msgs__rosidl_typesupport_fastrtps_cpp.dir/rosidl_typesupport_fastrtps_cpp/rmf_workcell_msgs/msg/detail/dds_fastrtps/workcell_configuration__type_support.cpp.o[0m
[ 22%] [32mBuilding CXX object CMakeFiles/rmf_workcell_msgs__rosidl_typesupport_fastrtps_cpp.dir/rosidl_typesupport_fastrtps_cpp/rmf_workcell_msgs/msg/detail/dds_fastrtps/trait__type_support.cpp.o[0m
[ 23%] [32m[1mLinking CXX shared library librmf_workcell_msgs__rosidl_typesupport_fastrtps_cpp.so[0m
[ 23%] Built target rmf_workcell_msgs__rosidl_typesupport_fastrtps_cpp
[ 25%] [34m[1mGenerating C++ type support dispatch for ROS interfaces[0m
[ 26%] [32mBuilding CXX object CMakeFiles/rmf_workcell_msgs__rosidl_typesupport_cpp.dir/rosidl_typesupport_cpp/rmf_workcell_msgs/msg/asset__type_support.cpp.o[0m
[ 28%] [32mBuilding CXX object CMakeFiles/rmf_workcell_msgs__rosidl_typesupport_cpp.dir/rosidl_typesupport_cpp/rmf_workcell_msgs/msg/workcell_result__type_support.cpp.o[0m
[ 29%] [32mBuilding CXX object CMakeFiles/rmf_workcell_msgs__rosidl_typesupport_cpp.dir/rosidl_typesupport_cpp/rmf_workcell_msgs/msg/workcell_request__type_support.cpp.o[0m
[ 30%] [32mBuilding CXX object CMakeFiles/rmf_workcell_msgs__rosidl_typesupport_cpp.dir/rosidl_typesupport_cpp/rmf_workcell_msgs/msg/workcell_state__type_support.cpp.o[0m
[ 32%] [32mBuilding CXX object CMakeFiles/rmf_workcell_msgs__rosidl_typesupport_cpp.dir/rosidl_typesupport_cpp/rmf_workcell_msgs/msg/workcell_configuration__type_support.cpp.o[0m
[ 33%] [32mBuilding CXX object CMakeFiles/rmf_workcell_msgs__rosidl_typesupport_cpp.dir/rosidl_typesupport_cpp/rmf_workcell_msgs/msg/trait__type_support.cpp.o[0m
[ 35%] [32m[1mLinking CXX shared library librmf_workcell_msgs__rosidl_typesupport_cpp.so[0m
[ 35%] Built target rmf_workcell_msgs__rosidl_typesupport_cpp
[ 36%] [34m[1mGenerating C code for ROS interfaces[0m
[ 38%] [32mBuilding C object CMakeFiles/rmf_workcell_msgs__rosidl_generator_c.dir/rosidl_generator_c/rmf_workcell_msgs/msg/detail/asset__functions.c.o[0m
[ 39%] [32mBuilding C object CMakeFiles/rmf_workcell_msgs__rosidl_generator_c.dir/rosidl_generator_c/rmf_workcell_msgs/msg/detail/workcell_result__functions.c.o[0m
[ 40%] [32mBuilding C object CMakeFiles/rmf_workcell_msgs__rosidl_generator_c.dir/rosidl_generator_c/rmf_workcell_msgs/msg/detail/workcell_request__functions.c.o[0m
[ 42%] [32mBuilding C object CMakeFiles/rmf_workcell_msgs__rosidl_generator_c.dir/rosidl_generator_c/rmf_workcell_msgs/msg/detail/workcell_state__functions.c.o[0m
[ 43%] [32mBuilding C object CMakeFiles/rmf_workcell_msgs__rosidl_generator_c.dir/rosidl_generator_c/rmf_workcell_msgs/msg/detail/workcell_configuration__functions.c.o[0m
[ 45%] [32mBuilding C object CMakeFiles/rmf_workcell_msgs__rosidl_generator_c.dir/rosidl_generator_c/rmf_workcell_msgs/msg/detail/trait__functions.c.o[0m
[ 46%] [32m[1mLinking C shared library librmf_workcell_msgs__rosidl_generator_c.so[0m
[ 46%] Built target rmf_workcell_msgs__rosidl_generator_c
[ 47%] [34m[1mGenerating C type support for eProsima Fast-RTPS[0m
[ 49%] [32mBuilding CXX object CMakeFiles/rmf_workcell_msgs__rosidl_typesupport_fastrtps_c.dir/rosidl_typesupport_fastrtps_c/rmf_workcell_msgs/msg/detail/asset__type_support_c.cpp.o[0m
[ 50%] [32mBuilding CXX object CMakeFiles/rmf_workcell_msgs__rosidl_typesupport_fastrtps_c.dir/rosidl_typesupport_fastrtps_c/rmf_workcell_msgs/msg/detail/workcell_result__type_support_c.cpp.o[0m
[ 52%] [32mBuilding CXX object CMakeFiles/rmf_workcell_msgs__rosidl_typesupport_fastrtps_c.dir/rosidl_typesupport_fastrtps_c/rmf_workcell_msgs/msg/detail/workcell_request__type_support_c.cpp.o[0m
[ 53%] [32mBuilding CXX object CMakeFiles/rmf_workcell_msgs__rosidl_typesupport_fastrtps_c.dir/rosidl_typesupport_fastrtps_c/rmf_workcell_msgs/msg/detail/workcell_state__type_support_c.cpp.o[0m
[ 54%] [32mBuilding CXX object CMakeFiles/rmf_workcell_msgs__rosidl_typesupport_fastrtps_c.dir/rosidl_typesupport_fastrtps_c/rmf_workcell_msgs/msg/detail/workcell_configuration__type_support_c.cpp.o[0m
[ 56%] [32mBuilding CXX object CMakeFiles/rmf_workcell_msgs__rosidl_typesupport_fastrtps_c.dir/rosidl_typesupport_fastrtps_c/rmf_workcell_msgs/msg/detail/trait__type_support_c.cpp.o[0m
[ 57%] [32m[1mLinking CXX shared library librmf_workcell_msgs__rosidl_typesupport_fastrtps_c.so[0m
[ 57%] Built target rmf_workcell_msgs__rosidl_typesupport_fastrtps_c
[ 59%] [34m[1mGenerating C type support dispatch for ROS interfaces[0m
[ 60%] [32mBuilding CXX object CMakeFiles/rmf_workcell_msgs__rosidl_typesupport_c.dir/rosidl_typesupport_c/rmf_workcell_msgs/msg/asset__type_support.cpp.o[0m
[ 61%] [32mBuilding CXX object CMakeFiles/rmf_workcell_msgs__rosidl_typesupport_c.dir/rosidl_typesupport_c/rmf_workcell_msgs/msg/workcell_result__type_support.cpp.o[0m
[ 63%] [32mBuilding CXX object CMakeFiles/rmf_workcell_msgs__rosidl_typesupport_c.dir/rosidl_typesupport_c/rmf_workcell_msgs/msg/workcell_request__type_support.cpp.o[0m
[ 64%] [32mBuilding CXX object CMakeFiles/rmf_workcell_msgs__rosidl_typesupport_c.dir/rosidl_typesupport_c/rmf_workcell_msgs/msg/workcell_state__type_support.cpp.o[0m
[ 66%] [32mBuilding CXX object CMakeFiles/rmf_workcell_msgs__rosidl_typesupport_c.dir/rosidl_typesupport_c/rmf_workcell_msgs/msg/workcell_configuration__type_support.cpp.o[0m
[ 67%] [32mBuilding CXX object CMakeFiles/rmf_workcell_msgs__rosidl_typesupport_c.dir/rosidl_typesupport_c/rmf_workcell_msgs/msg/trait__type_support.cpp.o[0m
[ 69%] [32m[1mLinking CXX shared library librmf_workcell_msgs__rosidl_typesupport_c.so[0m
[ 69%] Built target rmf_workcell_msgs__rosidl_typesupport_c
[ 70%] [34m[1mGenerating C introspection for ROS interfaces[0m
[ 71%] [32mBuilding C object CMakeFiles/rmf_workcell_msgs__rosidl_typesupport_introspection_c.dir/rosidl_typesupport_introspection_c/rmf_workcell_msgs/msg/detail/asset__type_support.c.o[0m
[ 73%] [32mBuilding C object CMakeFiles/rmf_workcell_msgs__rosidl_typesupport_introspection_c.dir/rosidl_typesupport_introspection_c/rmf_workcell_msgs/msg/detail/workcell_result__type_support.c.o[0m
[ 74%] [32mBuilding C object CMakeFiles/rmf_workcell_msgs__rosidl_typesupport_introspection_c.dir/rosidl_typesupport_introspection_c/rmf_workcell_msgs/msg/detail/workcell_request__type_support.c.o[0m
[ 76%] [32mBuilding C object CMakeFiles/rmf_workcell_msgs__rosidl_typesupport_introspection_c.dir/rosidl_typesupport_introspection_c/rmf_workcell_msgs/msg/detail/workcell_state__type_support.c.o[0m
[ 77%] [32mBuilding C object CMakeFiles/rmf_workcell_msgs__rosidl_typesupport_introspection_c.dir/rosidl_typesupport_introspection_c/rmf_workcell_msgs/msg/detail/workcell_configuration__type_support.c.o[0m
[ 78%] [32mBuilding C object CMakeFiles/rmf_workcell_msgs__rosidl_typesupport_introspection_c.dir/rosidl_typesupport_introspection_c/rmf_workcell_msgs/msg/detail/trait__type_support.c.o[0m
[ 80%] [32m[1mLinking C shared library librmf_workcell_msgs__rosidl_typesupport_introspection_c.so[0m
[ 80%] Built target rmf_workcell_msgs__rosidl_typesupport_introspection_c
[ 80%] Built target rmf_workcell_msgs
[ 81%] [34m[1mGenerating Python code for ROS interfaces[0m
[ 81%] Built target rmf_workcell_msgs__py
[ 83%] [32mBuilding C object CMakeFiles/rmf_workcell_msgs__rosidl_generator_py.dir/rosidl_generator_py/rmf_workcell_msgs/msg/_asset_s.c.o[0m
[ 84%] [32mBuilding C object CMakeFiles/rmf_workcell_msgs__rosidl_generator_py.dir/rosidl_generator_py/rmf_workcell_msgs/msg/_workcell_result_s.c.o[0m
[ 85%] [32mBuilding C object CMakeFiles/rmf_workcell_msgs__rosidl_generator_py.dir/rosidl_generator_py/rmf_workcell_msgs/msg/_workcell_request_s.c.o[0m
[ 87%] [32mBuilding C object CMakeFiles/rmf_workcell_msgs__rosidl_generator_py.dir/rosidl_generator_py/rmf_workcell_msgs/msg/_workcell_state_s.c.o[0m
[ 88%] [32mBuilding C object CMakeFiles/rmf_workcell_msgs__rosidl_generator_py.dir/rosidl_generator_py/rmf_workcell_msgs/msg/_workcell_configuration_s.c.o[0m
[ 90%] [32mBuilding C object CMakeFiles/rmf_workcell_msgs__rosidl_generator_py.dir/rosidl_generator_py/rmf_workcell_msgs/msg/_trait_s.c.o[0m
[ 91%] [32m[1mLinking C shared library rosidl_generator_py/rmf_workcell_msgs/librmf_workcell_msgs__rosidl_generator_py.so[0m
[ 91%] Built target rmf_workcell_msgs__rosidl_generator_py
[ 92%] [32mBuilding C object CMakeFiles/rmf_workcell_msgs__rosidl_typesupport_fastrtps_c__pyext.dir/rosidl_generator_py/rmf_workcell_msgs/_rmf_workcell_msgs_s.ep.rosidl_typesupport_fastrtps_c.c.o[0m
[ 94%] [32m[1mLinking C shared library rosidl_generator_py/rmf_workcell_msgs/rmf_workcell_msgs_s__rosidl_typesupport_fastrtps_c.cpython-310-x86_64-linux-gnu.so[0m
[ 94%] Built target rmf_workcell_msgs__rosidl_typesupport_fastrtps_c__pyext
[ 95%] [32mBuilding C object CMakeFiles/rmf_workcell_msgs__rosidl_typesupport_c__pyext.dir/rosidl_generator_py/rmf_workcell_msgs/_rmf_workcell_msgs_s.ep.rosidl_typesupport_c.c.o[0m
[ 97%] [32m[1mLinking C shared library rosidl_generator_py/rmf_workcell_msgs/rmf_workcell_msgs_s__rosidl_typesupport_c.cpython-310-x86_64-linux-gnu.so[0m
[ 97%] Built target rmf_workcell_msgs__rosidl_typesupport_c__pyext
[ 98%] [32mBuilding C object CMakeFiles/rmf_workcell_msgs__rosidl_typesupport_introspection_c__pyext.dir/rosidl_generator_py/rmf_workcell_msgs/_rmf_workcell_msgs_s.ep.rosidl_typesupport_introspection_c.c.o[0m
[100%] [32m[1mLinking C shared library rosidl_generator_py/rmf_workcell_msgs/rmf_workcell_msgs_s__rosidl_typesupport_introspection_c.cpython-310-x86_64-linux-gnu.so[0m
[100%] Built target rmf_workcell_msgs__rosidl_typesupport_introspection_c__pyext
-- Install configuration: "Release"
-- Installing: /home/wang/rmf_ws/install/rmf_workcell_msgs/share/ament_index/resource_index/rosidl_interfaces/rmf_workcell_msgs
-- Installing: /home/wang/rmf_ws/install/rmf_workcell_msgs/include/rmf_workcell_msgs/rmf_workcell_msgs
-- Installing: /home/wang/rmf_ws/install/rmf_workcell_msgs/include/rmf_workcell_msgs/rmf_workcell_msgs/msg
-- Installing: /home/wang/rmf_ws/install/rmf_workcell_msgs/include/rmf_workcell_msgs/rmf_workcell_msgs/msg/detail
-- Installing: /home/wang/rmf_ws/install/rmf_workcell_msgs/include/rmf_workcell_msgs/rmf_workcell_msgs/msg/detail/workcell_request__functions.c
-- Installing: /home/wang/rmf_ws/install/rmf_workcell_msgs/include/rmf_workcell_msgs/rmf_workcell_msgs/msg/detail/workcell_result__functions.h
-- Installing: /home/wang/rmf_ws/install/rmf_workcell_msgs/include/rmf_workcell_msgs/rmf_workcell_msgs/msg/detail/workcell_state__struct.h
-- Installing: /home/wang/rmf_ws/install/rmf_workcell_msgs/include/rmf_workcell_msgs/rmf_workcell_msgs/msg/detail/workcell_state__type_support.h
-- Installing: /home/wang/rmf_ws/install/rmf_workcell_msgs/include/rmf_workcell_msgs/rmf_workcell_msgs/msg/detail/trait__type_support.h
-- Installing: /home/wang/rmf_ws/install/rmf_workcell_msgs/include/rmf_workcell_msgs/rmf_workcell_msgs/msg/detail/workcell_result__struct.h
-- Installing: /home/wang/rmf_ws/install/rmf_workcell_msgs/include/rmf_workcell_msgs/rmf_workcell_msgs/msg/detail/workcell_configuration__type_support.h
-- Installing: /home/wang/rmf_ws/install/rmf_workcell_msgs/include/rmf_workcell_msgs/rmf_workcell_msgs/msg/detail/workcell_result__functions.c
-- Installing: /home/wang/rmf_ws/install/rmf_workcell_msgs/include/rmf_workcell_msgs/rmf_workcell_msgs/msg/detail/asset__struct.h
-- Installing: /home/wang/rmf_ws/install/rmf_workcell_msgs/include/rmf_workcell_msgs/rmf_workcell_msgs/msg/detail/trait__functions.h
-- Installing: /home/wang/rmf_ws/install/rmf_workcell_msgs/include/rmf_workcell_msgs/rmf_workcell_msgs/msg/detail/trait__struct.h
-- Installing: /home/wang/rmf_ws/install/rmf_workcell_msgs/include/rmf_workcell_msgs/rmf_workcell_msgs/msg/detail/asset__functions.c
-- Installing: /home/wang/rmf_ws/install/rmf_workcell_msgs/include/rmf_workcell_msgs/rmf_workcell_msgs/msg/detail/workcell_configuration__functions.c
-- Installing: /home/wang/rmf_ws/install/rmf_workcell_msgs/include/rmf_workcell_msgs/rmf_workcell_msgs/msg/detail/trait__functions.c
-- Installing: /home/wang/rmf_ws/install/rmf_workcell_msgs/include/rmf_workcell_msgs/rmf_workcell_msgs/msg/detail/asset__functions.h
-- Installing: /home/wang/rmf_ws/install/rmf_workcell_msgs/include/rmf_workcell_msgs/rmf_workcell_msgs/msg/detail/workcell_configuration__functions.h
-- Installing: /home/wang/rmf_ws/install/rmf_workcell_msgs/include/rmf_workcell_msgs/rmf_workcell_msgs/msg/detail/asset__type_support.h
-- Installing: /home/wang/rmf_ws/install/rmf_workcell_msgs/include/rmf_workcell_msgs/rmf_workcell_msgs/msg/detail/workcell_state__functions.h
-- Installing: /home/wang/rmf_ws/install/rmf_workcell_msgs/include/rmf_workcell_msgs/rmf_workcell_msgs/msg/detail/workcell_request__type_support.h
-- Installing: /home/wang/rmf_ws/install/rmf_workcell_msgs/include/rmf_workcell_msgs/rmf_workcell_msgs/msg/detail/workcell_state__functions.c
-- Installing: /home/wang/rmf_ws/install/rmf_workcell_msgs/include/rmf_workcell_msgs/rmf_workcell_msgs/msg/detail/workcell_request__functions.h
-- Installing: /home/wang/rmf_ws/install/rmf_workcell_msgs/include/rmf_workcell_msgs/rmf_workcell_msgs/msg/detail/workcell_configuration__struct.h
-- Installing: /home/wang/rmf_ws/install/rmf_workcell_msgs/include/rmf_workcell_msgs/rmf_workcell_msgs/msg/detail/workcell_result__type_support.h
-- Installing: /home/wang/rmf_ws/install/rmf_workcell_msgs/include/rmf_workcell_msgs/rmf_workcell_msgs/msg/detail/workcell_request__struct.h
-- Installing: /home/wang/rmf_ws/install/rmf_workcell_msgs/include/rmf_workcell_msgs/rmf_workcell_msgs/msg/rosidl_generator_c__visibility_control.h
-- Installing: /home/wang/rmf_ws/install/rmf_workcell_msgs/include/rmf_workcell_msgs/rmf_workcell_msgs/msg/asset.h
-- Installing: /home/wang/rmf_ws/install/rmf_workcell_msgs/include/rmf_workcell_msgs/rmf_workcell_msgs/msg/workcell_configuration.h
-- Installing: /home/wang/rmf_ws/install/rmf_workcell_msgs/include/rmf_workcell_msgs/rmf_workcell_msgs/msg/workcell_state.h
-- Installing: /home/wang/rmf_ws/install/rmf_workcell_msgs/include/rmf_workcell_msgs/rmf_workcell_msgs/msg/trait.h
-- Installing: /home/wang/rmf_ws/install/rmf_workcell_msgs/include/rmf_workcell_msgs/rmf_workcell_msgs/msg/workcell_request.h
-- Installing: /home/wang/rmf_ws/install/rmf_workcell_msgs/include/rmf_workcell_msgs/rmf_workcell_msgs/msg/workcell_result.h
-- Installing: /home/wang/rmf_ws/install/rmf_workcell_msgs/share/rmf_workcell_msgs/environment/library_path.sh
-- Installing: /home/wang/rmf_ws/install/rmf_workcell_msgs/share/rmf_workcell_msgs/environment/library_path.dsv
-- Installing: /home/wang/rmf_ws/install/rmf_workcell_msgs/lib/librmf_workcell_msgs__rosidl_generator_c.so
-- Set runtime path of "/home/wang/rmf_ws/install/rmf_workcell_msgs/lib/librmf_workcell_msgs__rosidl_generator_c.so" to ""
-- Up-to-date: /home/wang/rmf_ws/install/rmf_workcell_msgs/include/rmf_workcell_msgs/rmf_workcell_msgs
-- Up-to-date: /home/wang/rmf_ws/install/rmf_workcell_msgs/include/rmf_workcell_msgs/rmf_workcell_msgs/msg
-- Up-to-date: /home/wang/rmf_ws/install/rmf_workcell_msgs/include/rmf_workcell_msgs/rmf_workcell_msgs/msg/detail
-- Installing: /home/wang/rmf_ws/install/rmf_workcell_msgs/include/rmf_workcell_msgs/rmf_workcell_msgs/msg/detail/trait__rosidl_typesupport_fastrtps_c.h
-- Installing: /home/wang/rmf_ws/install/rmf_workcell_msgs/include/rmf_workcell_msgs/rmf_workcell_msgs/msg/detail/workcell_state__rosidl_typesupport_fastrtps_c.h
-- Installing: /home/wang/rmf_ws/install/rmf_workcell_msgs/include/rmf_workcell_msgs/rmf_workcell_msgs/msg/detail/asset__rosidl_typesupport_fastrtps_c.h
-- Installing: /home/wang/rmf_ws/install/rmf_workcell_msgs/include/rmf_workcell_msgs/rmf_workcell_msgs/msg/detail/workcell_result__rosidl_typesupport_fastrtps_c.h
-- Installing: /home/wang/rmf_ws/install/rmf_workcell_msgs/include/rmf_workcell_msgs/rmf_workcell_msgs/msg/detail/workcell_request__rosidl_typesupport_fastrtps_c.h
-- Installing: /home/wang/rmf_ws/install/rmf_workcell_msgs/include/rmf_workcell_msgs/rmf_workcell_msgs/msg/detail/workcell_configuration__rosidl_typesupport_fastrtps_c.h
-- Installing: /home/wang/rmf_ws/install/rmf_workcell_msgs/include/rmf_workcell_msgs/rmf_workcell_msgs/msg/rosidl_typesupport_fastrtps_c__visibility_control.h
-- Installing: /home/wang/rmf_ws/install/rmf_workcell_msgs/lib/librmf_workcell_msgs__rosidl_typesupport_fastrtps_c.so
-- Set runtime path of "/home/wang/rmf_ws/install/rmf_workcell_msgs/lib/librmf_workcell_msgs__rosidl_typesupport_fastrtps_c.so" to ""
-- Up-to-date: /home/wang/rmf_ws/install/rmf_workcell_msgs/include/rmf_workcell_msgs/rmf_workcell_msgs
-- Up-to-date: /home/wang/rmf_ws/install/rmf_workcell_msgs/include/rmf_workcell_msgs/rmf_workcell_msgs/msg
-- Up-to-date: /home/wang/rmf_ws/install/rmf_workcell_msgs/include/rmf_workcell_msgs/rmf_workcell_msgs/msg/detail
-- Installing: /home/wang/rmf_ws/install/rmf_workcell_msgs/include/rmf_workcell_msgs/rmf_workcell_msgs/msg/detail/workcell_configuration__struct.hpp
-- Installing: /home/wang/rmf_ws/install/rmf_workcell_msgs/include/rmf_workcell_msgs/rmf_workcell_msgs/msg/detail/asset__traits.hpp
-- Installing: /home/wang/rmf_ws/install/rmf_workcell_msgs/include/rmf_workcell_msgs/rmf_workcell_msgs/msg/detail/asset__struct.hpp
-- Installing: /home/wang/rmf_ws/install/rmf_workcell_msgs/include/rmf_workcell_msgs/rmf_workcell_msgs/msg/detail/workcell_request__traits.hpp
-- Installing: /home/wang/rmf_ws/install/rmf_workcell_msgs/include/rmf_workcell_msgs/rmf_workcell_msgs/msg/detail/workcell_result__traits.hpp
-- Installing: /home/wang/rmf_ws/install/rmf_workcell_msgs/include/rmf_workcell_msgs/rmf_workcell_msgs/msg/detail/asset__builder.hpp
-- Installing: /home/wang/rmf_ws/install/rmf_workcell_msgs/include/rmf_workcell_msgs/rmf_workcell_msgs/msg/detail/workcell_configuration__builder.hpp
-- Installing: /home/wang/rmf_ws/install/rmf_workcell_msgs/include/rmf_workcell_msgs/rmf_workcell_msgs/msg/detail/workcell_request__struct.hpp
-- Installing: /home/wang/rmf_ws/install/rmf_workcell_msgs/include/rmf_workcell_msgs/rmf_workcell_msgs/msg/detail/trait__struct.hpp
-- Installing: /home/wang/rmf_ws/install/rmf_workcell_msgs/include/rmf_workcell_msgs/rmf_workcell_msgs/msg/detail/workcell_configuration__traits.hpp
-- Installing: /home/wang/rmf_ws/install/rmf_workcell_msgs/include/rmf_workcell_msgs/rmf_workcell_msgs/msg/detail/workcell_state__struct.hpp
-- Installing: /home/wang/rmf_ws/install/rmf_workcell_msgs/include/rmf_workcell_msgs/rmf_workcell_msgs/msg/detail/workcell_request__builder.hpp
-- Installing: /home/wang/rmf_ws/install/rmf_workcell_msgs/include/rmf_workcell_msgs/rmf_workcell_msgs/msg/detail/workcell_state__traits.hpp
-- Installing: /home/wang/rmf_ws/install/rmf_workcell_msgs/include/rmf_workcell_msgs/rmf_workcell_msgs/msg/detail/workcell_result__struct.hpp
-- Installing: /home/wang/rmf_ws/install/rmf_workcell_msgs/include/rmf_workcell_msgs/rmf_workcell_msgs/msg/detail/trait__builder.hpp
-- Installing: /home/wang/rmf_ws/install/rmf_workcell_msgs/include/rmf_workcell_msgs/rmf_workcell_msgs/msg/detail/trait__traits.hpp
-- Installing: /home/wang/rmf_ws/install/rmf_workcell_msgs/include/rmf_workcell_msgs/rmf_workcell_msgs/msg/detail/workcell_result__builder.hpp
-- Installing: /home/wang/rmf_ws/install/rmf_workcell_msgs/include/rmf_workcell_msgs/rmf_workcell_msgs/msg/detail/workcell_state__builder.hpp
-- Installing: /home/wang/rmf_ws/install/rmf_workcell_msgs/include/rmf_workcell_msgs/rmf_workcell_msgs/msg/workcell_state.hpp
-- Installing: /home/wang/rmf_ws/install/rmf_workcell_msgs/include/rmf_workcell_msgs/rmf_workcell_msgs/msg/workcell_request.hpp
-- Installing: /home/wang/rmf_ws/install/rmf_workcell_msgs/include/rmf_workcell_msgs/rmf_workcell_msgs/msg/workcell_configuration.hpp
-- Installing: /home/wang/rmf_ws/install/rmf_workcell_msgs/include/rmf_workcell_msgs/rmf_workcell_msgs/msg/asset.hpp
-- Installing: /home/wang/rmf_ws/install/rmf_workcell_msgs/include/rmf_workcell_msgs/rmf_workcell_msgs/msg/workcell_result.hpp
-- Installing: /home/wang/rmf_ws/install/rmf_workcell_msgs/include/rmf_workcell_msgs/rmf_workcell_msgs/msg/trait.hpp
-- Up-to-date: /home/wang/rmf_ws/install/rmf_workcell_msgs/include/rmf_workcell_msgs/rmf_workcell_msgs
-- Up-to-date: /home/wang/rmf_ws/install/rmf_workcell_msgs/include/rmf_workcell_msgs/rmf_workcell_msgs/msg
-- Up-to-date: /home/wang/rmf_ws/install/rmf_workcell_msgs/include/rmf_workcell_msgs/rmf_workcell_msgs/msg/detail
-- Installing: /home/wang/rmf_ws/install/rmf_workcell_msgs/include/rmf_workcell_msgs/rmf_workcell_msgs/msg/detail/asset__rosidl_typesupport_fastrtps_cpp.hpp
-- Installing: /home/wang/rmf_ws/install/rmf_workcell_msgs/include/rmf_workcell_msgs/rmf_workcell_msgs/msg/detail/workcell_state__rosidl_typesupport_fastrtps_cpp.hpp
-- Installing: /home/wang/rmf_ws/install/rmf_workcell_msgs/include/rmf_workcell_msgs/rmf_workcell_msgs/msg/detail/dds_fastrtps
-- Installing: /home/wang/rmf_ws/install/rmf_workcell_msgs/include/rmf_workcell_msgs/rmf_workcell_msgs/msg/detail/workcell_result__rosidl_typesupport_fastrtps_cpp.hpp
-- Installing: /home/wang/rmf_ws/install/rmf_workcell_msgs/include/rmf_workcell_msgs/rmf_workcell_msgs/msg/detail/trait__rosidl_typesupport_fastrtps_cpp.hpp
-- Installing: /home/wang/rmf_ws/install/rmf_workcell_msgs/include/rmf_workcell_msgs/rmf_workcell_msgs/msg/detail/workcell_configuration__rosidl_typesupport_fastrtps_cpp.hpp
-- Installing: /home/wang/rmf_ws/install/rmf_workcell_msgs/include/rmf_workcell_msgs/rmf_workcell_msgs/msg/detail/workcell_request__rosidl_typesupport_fastrtps_cpp.hpp
-- Installing: /home/wang/rmf_ws/install/rmf_workcell_msgs/include/rmf_workcell_msgs/rmf_workcell_msgs/msg/rosidl_typesupport_fastrtps_cpp__visibility_control.h
-- Installing: /home/wang/rmf_ws/install/rmf_workcell_msgs/lib/librmf_workcell_msgs__rosidl_typesupport_fastrtps_cpp.so
-- Set runtime path of "/home/wang/rmf_ws/install/rmf_workcell_msgs/lib/librmf_workcell_msgs__rosidl_typesupport_fastrtps_cpp.so" to ""
-- Up-to-date: /home/wang/rmf_ws/install/rmf_workcell_msgs/include/rmf_workcell_msgs/rmf_workcell_msgs
-- Up-to-date: /home/wang/rmf_ws/install/rmf_workcell_msgs/include/rmf_workcell_msgs/rmf_workcell_msgs/msg
-- Up-to-date: /home/wang/rmf_ws/install/rmf_workcell_msgs/include/rmf_workcell_msgs/rmf_workcell_msgs/msg/detail
-- Installing: /home/wang/rmf_ws/install/rmf_workcell_msgs/include/rmf_workcell_msgs/rmf_workcell_msgs/msg/detail/workcell_state__type_support.c
-- Installing: /home/wang/rmf_ws/install/rmf_workcell_msgs/include/rmf_workcell_msgs/rmf_workcell_msgs/msg/detail/workcell_request__type_support.c
-- Installing: /home/wang/rmf_ws/install/rmf_workcell_msgs/include/rmf_workcell_msgs/rmf_workcell_msgs/msg/detail/workcell_result__type_support.c
-- Installing: /home/wang/rmf_ws/install/rmf_workcell_msgs/include/rmf_workcell_msgs/rmf_workcell_msgs/msg/detail/trait__type_support.c
-- Installing: /home/wang/rmf_ws/install/rmf_workcell_msgs/include/rmf_workcell_msgs/rmf_workcell_msgs/msg/detail/asset__rosidl_typesupport_introspection_c.h
-- Installing: /home/wang/rmf_ws/install/rmf_workcell_msgs/include/rmf_workcell_msgs/rmf_workcell_msgs/msg/detail/workcell_result__rosidl_typesupport_introspection_c.h
-- Installing: /home/wang/rmf_ws/install/rmf_workcell_msgs/include/rmf_workcell_msgs/rmf_workcell_msgs/msg/detail/workcell_request__rosidl_typesupport_introspection_c.h
-- Installing: /home/wang/rmf_ws/install/rmf_workcell_msgs/include/rmf_workcell_msgs/rmf_workcell_msgs/msg/detail/workcell_configuration__rosidl_typesupport_introspection_c.h
-- Installing: /home/wang/rmf_ws/install/rmf_workcell_msgs/include/rmf_workcell_msgs/rmf_workcell_msgs/msg/detail/asset__type_support.c
-- Installing: /home/wang/rmf_ws/install/rmf_workcell_msgs/include/rmf_workcell_msgs/rmf_workcell_msgs/msg/detail/trait__rosidl_typesupport_introspection_c.h
-- Installing: /home/wang/rmf_ws/install/rmf_workcell_msgs/include/rmf_workcell_msgs/rmf_workcell_msgs/msg/detail/workcell_state__rosidl_typesupport_introspection_c.h
-- Installing: /home/wang/rmf_ws/install/rmf_workcell_msgs/include/rmf_workcell_msgs/rmf_workcell_msgs/msg/detail/workcell_configuration__type_support.c
-- Installing: /home/wang/rmf_ws/install/rmf_workcell_msgs/include/rmf_workcell_msgs/rmf_workcell_msgs/msg/rosidl_typesupport_introspection_c__visibility_control.h
-- Installing: /home/wang/rmf_ws/install/rmf_workcell_msgs/lib/librmf_workcell_msgs__rosidl_typesupport_introspection_c.so
-- Set runtime path of "/home/wang/rmf_ws/install/rmf_workcell_msgs/lib/librmf_workcell_msgs__rosidl_typesupport_introspection_c.so" to ""
-- Installing: /home/wang/rmf_ws/install/rmf_workcell_msgs/lib/librmf_workcell_msgs__rosidl_typesupport_c.so
-- Set runtime path of "/home/wang/rmf_ws/install/rmf_workcell_msgs/lib/librmf_workcell_msgs__rosidl_typesupport_c.so" to ""
-- Up-to-date: /home/wang/rmf_ws/install/rmf_workcell_msgs/include/rmf_workcell_msgs/rmf_workcell_msgs
-- Up-to-date: /home/wang/rmf_ws/install/rmf_workcell_msgs/include/rmf_workcell_msgs/rmf_workcell_msgs/msg
-- Up-to-date: /home/wang/rmf_ws/install/rmf_workcell_msgs/include/rmf_workcell_msgs/rmf_workcell_msgs/msg/detail
-- Installing: /home/wang/rmf_ws/install/rmf_workcell_msgs/include/rmf_workcell_msgs/rmf_workcell_msgs/msg/detail/workcell_request__rosidl_typesupport_introspection_cpp.hpp
-- Installing: /home/wang/rmf_ws/install/rmf_workcell_msgs/include/rmf_workcell_msgs/rmf_workcell_msgs/msg/detail/asset__rosidl_typesupport_introspection_cpp.hpp
-- Installing: /home/wang/rmf_ws/install/rmf_workcell_msgs/include/rmf_workcell_msgs/rmf_workcell_msgs/msg/detail/trait__rosidl_typesupport_introspection_cpp.hpp
-- Installing: /home/wang/rmf_ws/install/rmf_workcell_msgs/include/rmf_workcell_msgs/rmf_workcell_msgs/msg/detail/workcell_state__rosidl_typesupport_introspection_cpp.hpp
-- Installing: /home/wang/rmf_ws/install/rmf_workcell_msgs/include/rmf_workcell_msgs/rmf_workcell_msgs/msg/detail/workcell_result__type_support.cpp
-- Installing: /home/wang/rmf_ws/install/rmf_workcell_msgs/include/rmf_workcell_msgs/rmf_workcell_msgs/msg/detail/asset__type_support.cpp
-- Installing: /home/wang/rmf_ws/install/rmf_workcell_msgs/include/rmf_workcell_msgs/rmf_workcell_msgs/msg/detail/workcell_configuration__type_support.cpp
-- Installing: /home/wang/rmf_ws/install/rmf_workcell_msgs/include/rmf_workcell_msgs/rmf_workcell_msgs/msg/detail/workcell_configuration__rosidl_typesupport_introspection_cpp.hpp
-- Installing: /home/wang/rmf_ws/install/rmf_workcell_msgs/include/rmf_workcell_msgs/rmf_workcell_msgs/msg/detail/trait__type_support.cpp
-- Installing: /home/wang/rmf_ws/install/rmf_workcell_msgs/include/rmf_workcell_msgs/rmf_workcell_msgs/msg/detail/workcell_request__type_support.cpp
-- Installing: /home/wang/rmf_ws/install/rmf_workcell_msgs/include/rmf_workcell_msgs/rmf_workcell_msgs/msg/detail/workcell_state__type_support.cpp
-- Installing: /home/wang/rmf_ws/install/rmf_workcell_msgs/include/rmf_workcell_msgs/rmf_workcell_msgs/msg/detail/workcell_result__rosidl_typesupport_introspection_cpp.hpp
-- Installing: /home/wang/rmf_ws/install/rmf_workcell_msgs/lib/librmf_workcell_msgs__rosidl_typesupport_introspection_cpp.so
-- Set runtime path of "/home/wang/rmf_ws/install/rmf_workcell_msgs/lib/librmf_workcell_msgs__rosidl_typesupport_introspection_cpp.so" to ""
-- Installing: /home/wang/rmf_ws/install/rmf_workcell_msgs/lib/librmf_workcell_msgs__rosidl_typesupport_cpp.so
-- Set runtime path of "/home/wang/rmf_ws/install/rmf_workcell_msgs/lib/librmf_workcell_msgs__rosidl_typesupport_cpp.so" to ""
-- Installing: /home/wang/rmf_ws/install/rmf_workcell_msgs/share/rmf_workcell_msgs/environment/pythonpath.sh
-- Installing: /home/wang/rmf_ws/install/rmf_workcell_msgs/share/rmf_workcell_msgs/environment/pythonpath.dsv
-- Installing: /home/wang/rmf_ws/install/rmf_workcell_msgs/local/lib/python3.10/dist-packages/rmf_workcell_msgs-3.0.3-py3.10.egg-info
-- Installing: /home/wang/rmf_ws/install/rmf_workcell_msgs/local/lib/python3.10/dist-packages/rmf_workcell_msgs-3.0.3-py3.10.egg-info/PKG-INFO
-- Installing: /home/wang/rmf_ws/install/rmf_workcell_msgs/local/lib/python3.10/dist-packages/rmf_workcell_msgs-3.0.3-py3.10.egg-info/dependency_links.txt
-- Installing: /home/wang/rmf_ws/install/rmf_workcell_msgs/local/lib/python3.10/dist-packages/rmf_workcell_msgs-3.0.3-py3.10.egg-info/SOURCES.txt
-- Installing: /home/wang/rmf_ws/install/rmf_workcell_msgs/local/lib/python3.10/dist-packages/rmf_workcell_msgs-3.0.3-py3.10.egg-info/top_level.txt
-- Installing: /home/wang/rmf_ws/install/rmf_workcell_msgs/local/lib/python3.10/dist-packages/rmf_workcell_msgs
-- Installing: /home/wang/rmf_ws/install/rmf_workcell_msgs/local/lib/python3.10/dist-packages/rmf_workcell_msgs/_rmf_workcell_msgs_s.ep.rosidl_typesupport_c.c
-- Installing: /home/wang/rmf_ws/install/rmf_workcell_msgs/local/lib/python3.10/dist-packages/rmf_workcell_msgs/__init__.py
-- Installing: /home/wang/rmf_ws/install/rmf_workcell_msgs/local/lib/python3.10/dist-packages/rmf_workcell_msgs/rmf_workcell_msgs_s__rosidl_typesupport_fastrtps_c.cpython-310-x86_64-linux-gnu.so
-- Installing: /home/wang/rmf_ws/install/rmf_workcell_msgs/local/lib/python3.10/dist-packages/rmf_workcell_msgs/rmf_workcell_msgs_s__rosidl_typesupport_c.cpython-310-x86_64-linux-gnu.so
-- Installing: /home/wang/rmf_ws/install/rmf_workcell_msgs/local/lib/python3.10/dist-packages/rmf_workcell_msgs/rmf_workcell_msgs_s__rosidl_typesupport_introspection_c.cpython-310-x86_64-linux-gnu.so
-- Installing: /home/wang/rmf_ws/install/rmf_workcell_msgs/local/lib/python3.10/dist-packages/rmf_workcell_msgs/librmf_workcell_msgs__rosidl_generator_py.so
-- Installing: /home/wang/rmf_ws/install/rmf_workcell_msgs/local/lib/python3.10/dist-packages/rmf_workcell_msgs/msg
-- Installing: /home/wang/rmf_ws/install/rmf_workcell_msgs/local/lib/python3.10/dist-packages/rmf_workcell_msgs/msg/_trait_s.c
-- Installing: /home/wang/rmf_ws/install/rmf_workcell_msgs/local/lib/python3.10/dist-packages/rmf_workcell_msgs/msg/_asset.py
-- Installing: /home/wang/rmf_ws/install/rmf_workcell_msgs/local/lib/python3.10/dist-packages/rmf_workcell_msgs/msg/__init__.py
-- Installing: /home/wang/rmf_ws/install/rmf_workcell_msgs/local/lib/python3.10/dist-packages/rmf_workcell_msgs/msg/_workcell_request.py
-- Installing: /home/wang/rmf_ws/install/rmf_workcell_msgs/local/lib/python3.10/dist-packages/rmf_workcell_msgs/msg/_workcell_state_s.c
-- Installing: /home/wang/rmf_ws/install/rmf_workcell_msgs/local/lib/python3.10/dist-packages/rmf_workcell_msgs/msg/_workcell_result_s.c
-- Installing: /home/wang/rmf_ws/install/rmf_workcell_msgs/local/lib/python3.10/dist-packages/rmf_workcell_msgs/msg/_workcell_result.py
-- Installing: /home/wang/rmf_ws/install/rmf_workcell_msgs/local/lib/python3.10/dist-packages/rmf_workcell_msgs/msg/_trait.py
-- Installing: /home/wang/rmf_ws/install/rmf_workcell_msgs/local/lib/python3.10/dist-packages/rmf_workcell_msgs/msg/_workcell_request_s.c
-- Installing: /home/wang/rmf_ws/install/rmf_workcell_msgs/local/lib/python3.10/dist-packages/rmf_workcell_msgs/msg/_asset_s.c
-- Installing: /home/wang/rmf_ws/install/rmf_workcell_msgs/local/lib/python3.10/dist-packages/rmf_workcell_msgs/msg/_workcell_configuration_s.c
-- Installing: /home/wang/rmf_ws/install/rmf_workcell_msgs/local/lib/python3.10/dist-packages/rmf_workcell_msgs/msg/_workcell_state.py
-- Installing: /home/wang/rmf_ws/install/rmf_workcell_msgs/local/lib/python3.10/dist-packages/rmf_workcell_msgs/msg/_workcell_configuration.py
-- Installing: /home/wang/rmf_ws/install/rmf_workcell_msgs/local/lib/python3.10/dist-packages/rmf_workcell_msgs/_rmf_workcell_msgs_s.ep.rosidl_typesupport_fastrtps_c.c
-- Installing: /home/wang/rmf_ws/install/rmf_workcell_msgs/local/lib/python3.10/dist-packages/rmf_workcell_msgs/_rmf_workcell_msgs_s.ep.rosidl_typesupport_introspection_c.c
Listing '/home/wang/rmf_ws/install/rmf_workcell_msgs/local/lib/python3.10/dist-packages/rmf_workcell_msgs'...
Compiling '/home/wang/rmf_ws/install/rmf_workcell_msgs/local/lib/python3.10/dist-packages/rmf_workcell_msgs/__init__.py'...
Listing '/home/wang/rmf_ws/install/rmf_workcell_msgs/local/lib/python3.10/dist-packages/rmf_workcell_msgs/msg'...
Compiling '/home/wang/rmf_ws/install/rmf_workcell_msgs/local/lib/python3.10/dist-packages/rmf_workcell_msgs/msg/__init__.py'...
Compiling '/home/wang/rmf_ws/install/rmf_workcell_msgs/local/lib/python3.10/dist-packages/rmf_workcell_msgs/msg/_asset.py'...
Compiling '/home/wang/rmf_ws/install/rmf_workcell_msgs/local/lib/python3.10/dist-packages/rmf_workcell_msgs/msg/_trait.py'...
Compiling '/home/wang/rmf_ws/install/rmf_workcell_msgs/local/lib/python3.10/dist-packages/rmf_workcell_msgs/msg/_workcell_configuration.py'...
Compiling '/home/wang/rmf_ws/install/rmf_workcell_msgs/local/lib/python3.10/dist-packages/rmf_workcell_msgs/msg/_workcell_request.py'...
Compiling '/home/wang/rmf_ws/install/rmf_workcell_msgs/local/lib/python3.10/dist-packages/rmf_workcell_msgs/msg/_workcell_result.py'...
Compiling '/home/wang/rmf_ws/install/rmf_workcell_msgs/local/lib/python3.10/dist-packages/rmf_workcell_msgs/msg/_workcell_state.py'...
-- Installing: /home/wang/rmf_ws/install/rmf_workcell_msgs/local/lib/python3.10/dist-packages/rmf_workcell_msgs/rmf_workcell_msgs_s__rosidl_typesupport_fastrtps_c.cpython-310-x86_64-linux-gnu.so
-- Set runtime path of "/home/wang/rmf_ws/install/rmf_workcell_msgs/local/lib/python3.10/dist-packages/rmf_workcell_msgs/rmf_workcell_msgs_s__rosidl_typesupport_fastrtps_c.cpython-310-x86_64-linux-gnu.so" to ""
-- Installing: /home/wang/rmf_ws/install/rmf_workcell_msgs/local/lib/python3.10/dist-packages/rmf_workcell_msgs/rmf_workcell_msgs_s__rosidl_typesupport_introspection_c.cpython-310-x86_64-linux-gnu.so
-- Set runtime path of "/home/wang/rmf_ws/install/rmf_workcell_msgs/local/lib/python3.10/dist-packages/rmf_workcell_msgs/rmf_workcell_msgs_s__rosidl_typesupport_introspection_c.cpython-310-x86_64-linux-gnu.so" to ""
-- Installing: /home/wang/rmf_ws/install/rmf_workcell_msgs/local/lib/python3.10/dist-packages/rmf_workcell_msgs/rmf_workcell_msgs_s__rosidl_typesupport_c.cpython-310-x86_64-linux-gnu.so
-- Set runtime path of "/home/wang/rmf_ws/install/rmf_workcell_msgs/local/lib/python3.10/dist-packages/rmf_workcell_msgs/rmf_workcell_msgs_s__rosidl_typesupport_c.cpython-310-x86_64-linux-gnu.so" to ""
-- Installing: /home/wang/rmf_ws/install/rmf_workcell_msgs/lib/librmf_workcell_msgs__rosidl_generator_py.so
-- Set runtime path of "/home/wang/rmf_ws/install/rmf_workcell_msgs/lib/librmf_workcell_msgs__rosidl_generator_py.so" to ""
-- Installing: /home/wang/rmf_ws/install/rmf_workcell_msgs/share/rmf_workcell_msgs/msg/Asset.idl
-- Installing: /home/wang/rmf_ws/install/rmf_workcell_msgs/share/rmf_workcell_msgs/msg/Trait.idl
-- Installing: /home/wang/rmf_ws/install/rmf_workcell_msgs/share/rmf_workcell_msgs/msg/WorkcellConfiguration.idl
-- Installing: /home/wang/rmf_ws/install/rmf_workcell_msgs/share/rmf_workcell_msgs/msg/WorkcellState.idl
-- Installing: /home/wang/rmf_ws/install/rmf_workcell_msgs/share/rmf_workcell_msgs/msg/WorkcellRequest.idl
-- Installing: /home/wang/rmf_ws/install/rmf_workcell_msgs/share/rmf_workcell_msgs/msg/WorkcellResult.idl
-- Installing: /home/wang/rmf_ws/install/rmf_workcell_msgs/share/rmf_workcell_msgs/msg/Asset.msg
-- Installing: /home/wang/rmf_ws/install/rmf_workcell_msgs/share/rmf_workcell_msgs/msg/Trait.msg
-- Installing: /home/wang/rmf_ws/install/rmf_workcell_msgs/share/rmf_workcell_msgs/msg/WorkcellConfiguration.msg
-- Installing: /home/wang/rmf_ws/install/rmf_workcell_msgs/share/rmf_workcell_msgs/msg/WorkcellState.msg
-- Installing: /home/wang/rmf_ws/install/rmf_workcell_msgs/share/rmf_workcell_msgs/msg/WorkcellRequest.msg
-- Installing: /home/wang/rmf_ws/install/rmf_workcell_msgs/share/rmf_workcell_msgs/msg/WorkcellResult.msg
-- Installing: /home/wang/rmf_ws/install/rmf_workcell_msgs/share/ament_index/resource_index/package_run_dependencies/rmf_workcell_msgs
-- Installing: /home/wang/rmf_ws/install/rmf_workcell_msgs/share/ament_index/resource_index/parent_prefix_path/rmf_workcell_msgs
-- Installing: /home/wang/rmf_ws/install/rmf_workcell_msgs/share/rmf_workcell_msgs/environment/ament_prefix_path.sh
-- Installing: /home/wang/rmf_ws/install/rmf_workcell_msgs/share/rmf_workcell_msgs/environment/ament_prefix_path.dsv
-- Installing: /home/wang/rmf_ws/install/rmf_workcell_msgs/share/rmf_workcell_msgs/environment/path.sh
-- Installing: /home/wang/rmf_ws/install/rmf_workcell_msgs/share/rmf_workcell_msgs/environment/path.dsv
-- Installing: /home/wang/rmf_ws/install/rmf_workcell_msgs/share/rmf_workcell_msgs/local_setup.bash
-- Installing: /home/wang/rmf_ws/install/rmf_workcell_msgs/share/rmf_workcell_msgs/local_setup.sh
-- Installing: /home/wang/rmf_ws/install/rmf_workcell_msgs/share/rmf_workcell_msgs/local_setup.zsh
-- Installing: /home/wang/rmf_ws/install/rmf_workcell_msgs/share/rmf_workcell_msgs/local_setup.dsv
-- Installing: /home/wang/rmf_ws/install/rmf_workcell_msgs/share/rmf_workcell_msgs/package.dsv
-- Installing: /home/wang/rmf_ws/install/rmf_workcell_msgs/share/ament_index/resource_index/packages/rmf_workcell_msgs
-- Installing: /home/wang/rmf_ws/install/rmf_workcell_msgs/share/rmf_workcell_msgs/cmake/export_rmf_workcell_msgs__rosidl_generator_cExport.cmake
-- Installing: /home/wang/rmf_ws/install/rmf_workcell_msgs/share/rmf_workcell_msgs/cmake/export_rmf_workcell_msgs__rosidl_generator_cExport-release.cmake
-- Installing: /home/wang/rmf_ws/install/rmf_workcell_msgs/share/rmf_workcell_msgs/cmake/export_rmf_workcell_msgs__rosidl_typesupport_fastrtps_cExport.cmake
-- Installing: /home/wang/rmf_ws/install/rmf_workcell_msgs/share/rmf_workcell_msgs/cmake/export_rmf_workcell_msgs__rosidl_typesupport_fastrtps_cExport-release.cmake
-- Installing: /home/wang/rmf_ws/install/rmf_workcell_msgs/share/rmf_workcell_msgs/cmake/export_rmf_workcell_msgs__rosidl_generator_cppExport.cmake
-- Installing: /home/wang/rmf_ws/install/rmf_workcell_msgs/share/rmf_workcell_msgs/cmake/export_rmf_workcell_msgs__rosidl_typesupport_fastrtps_cppExport.cmake
-- Installing: /home/wang/rmf_ws/install/rmf_workcell_msgs/share/rmf_workcell_msgs/cmake/export_rmf_workcell_msgs__rosidl_typesupport_fastrtps_cppExport-release.cmake
-- Installing: /home/wang/rmf_ws/install/rmf_workcell_msgs/share/rmf_workcell_msgs/cmake/rmf_workcell_msgs__rosidl_typesupport_introspection_cExport.cmake
-- Installing: /home/wang/rmf_ws/install/rmf_workcell_msgs/share/rmf_workcell_msgs/cmake/rmf_workcell_msgs__rosidl_typesupport_introspection_cExport-release.cmake
-- Installing: /home/wang/rmf_ws/install/rmf_workcell_msgs/share/rmf_workcell_msgs/cmake/rmf_workcell_msgs__rosidl_typesupport_cExport.cmake
-- Installing: /home/wang/rmf_ws/install/rmf_workcell_msgs/share/rmf_workcell_msgs/cmake/rmf_workcell_msgs__rosidl_typesupport_cExport-release.cmake
-- Installing: /home/wang/rmf_ws/install/rmf_workcell_msgs/share/rmf_workcell_msgs/cmake/rmf_workcell_msgs__rosidl_typesupport_introspection_cppExport.cmake
-- Installing: /home/wang/rmf_ws/install/rmf_workcell_msgs/share/rmf_workcell_msgs/cmake/rmf_workcell_msgs__rosidl_typesupport_introspection_cppExport-release.cmake
-- Installing: /home/wang/rmf_ws/install/rmf_workcell_msgs/share/rmf_workcell_msgs/cmake/rmf_workcell_msgs__rosidl_typesupport_cppExport.cmake
-- Installing: /home/wang/rmf_ws/install/rmf_workcell_msgs/share/rmf_workcell_msgs/cmake/rmf_workcell_msgs__rosidl_typesupport_cppExport-release.cmake
-- Installing: /home/wang/rmf_ws/install/rmf_workcell_msgs/share/rmf_workcell_msgs/cmake/export_rmf_workcell_msgs__rosidl_generator_pyExport.cmake
-- Installing: /home/wang/rmf_ws/install/rmf_workcell_msgs/share/rmf_workcell_msgs/cmake/export_rmf_workcell_msgs__rosidl_generator_pyExport-release.cmake
-- Installing: /home/wang/rmf_ws/install/rmf_workcell_msgs/share/rmf_workcell_msgs/cmake/rosidl_cmake-extras.cmake
-- Installing: /home/wang/rmf_ws/install/rmf_workcell_msgs/share/rmf_workcell_msgs/cmake/ament_cmake_export_dependencies-extras.cmake
-- Installing: /home/wang/rmf_ws/install/rmf_workcell_msgs/share/rmf_workcell_msgs/cmake/ament_cmake_export_include_directories-extras.cmake
-- Installing: /home/wang/rmf_ws/install/rmf_workcell_msgs/share/rmf_workcell_msgs/cmake/ament_cmake_export_libraries-extras.cmake
-- Installing: /home/wang/rmf_ws/install/rmf_workcell_msgs/share/rmf_workcell_msgs/cmake/ament_cmake_export_targets-extras.cmake
-- Installing: /home/wang/rmf_ws/install/rmf_workcell_msgs/share/rmf_workcell_msgs/cmake/rosidl_cmake_export_typesupport_targets-extras.cmake
-- Installing: /home/wang/rmf_ws/install/rmf_workcell_msgs/share/rmf_workcell_msgs/cmake/rosidl_cmake_export_typesupport_libraries-extras.cmake
-- Installing: /home/wang/rmf_ws/install/rmf_workcell_msgs/share/rmf_workcell_msgs/cmake/rmf_workcell_msgsConfig.cmake
-- Installing: /home/wang/rmf_ws/install/rmf_workcell_msgs/share/rmf_workcell_msgs/cmake/rmf_workcell_msgsConfig-version.cmake
-- Installing: /home/wang/rmf_ws/install/rmf_workcell_msgs/share/rmf_workcell_msgs/package.xml
