[0.081s] Invoking command in '/home/wang/rmf_ws/build/rmf_door_msgs': CMAKE_PREFIX_PATH=/opt/ros/humble /home/wang/.local/bin/cmake /home/wang/rmf_ws/src/rmf/rmf_internal_msgs/rmf_door_msgs -DCMAKE_EXE_LINKER_FLAGS=-fuse-ld=lld -DCMAKE_MODULE_LINKER_FLAGS=-fuse-ld=lld -DCMAKE_SHARED_LINKER_FLAGS=-fuse-ld=lld -DCMAKE_BUILD_TYPE=Release -DCMAKE_INSTALL_PREFIX=/home/wang/rmf_ws/install/rmf_door_msgs
[0.760s] -- The C compiler identification is Clang 14.0.0
[1.016s] -- The CXX compiler identification is Clang 14.0.0
[1.047s] -- Detecting C compiler ABI info
[1.184s] -- Detecting C compiler ABI info - done
[1.198s] -- Check for working C compiler: /usr/bin/clang - skipped
[1.198s] -- Detecting C compile features
[1.198s] -- Detecting C compile features - done
[1.202s] -- Detecting CXX compiler ABI info
[1.366s] -- Detecting CXX compiler ABI info - done
[1.381s] -- Check for working CXX compiler: /usr/bin/clang++ - skipped
[1.381s] -- Detecting CXX compile features
[1.381s] -- Detecting CXX compile features - done
[1.384s] -- Found ament_cmake: 1.3.5 (/opt/ros/humble/share/ament_cmake/cmake)
[1.927s] -- Found Python3: /usr/bin/python3.10 (found version "3.10.6") found components: Interpreter 
[2.046s] -- Found builtin_interfaces: 1.2.1 (/opt/ros/humble/share/builtin_interfaces/cmake)
[2.089s] -- Found rosidl_generator_c: 3.1.4 (/opt/ros/humble/share/rosidl_generator_c/cmake)
[2.095s] -- Found rosidl_adapter: 3.1.4 (/opt/ros/humble/share/rosidl_adapter/cmake)
[2.108s] -- Found rosidl_generator_cpp: 3.1.4 (/opt/ros/humble/share/rosidl_generator_cpp/cmake)
[2.137s] -- Using all available rosidl_typesupport_c: rosidl_typesupport_fastrtps_c;rosidl_typesupport_introspection_c
[2.170s] -- Using all available rosidl_typesupport_cpp: rosidl_typesupport_fastrtps_cpp;rosidl_typesupport_introspection_cpp
[2.200s] -- Found rosidl_default_generators: 1.2.0 (/opt/ros/humble/share/rosidl_default_generators/cmake)
[2.508s] -- Found ament_cmake_cppcheck: 0.12.6 (/opt/ros/humble/share/ament_cmake_cppcheck/cmake)
[2.511s] -- Found ament_cmake_cpplint: 0.12.6 (/opt/ros/humble/share/ament_cmake_cpplint/cmake)
[2.514s] -- Found ament_cmake_uncrustify: 0.12.6 (/opt/ros/humble/share/ament_cmake_uncrustify/cmake)
[2.517s] -- Found ament_cmake_ros: 0.10.0 (/opt/ros/humble/share/ament_cmake_ros/cmake)
[2.721s] -- Using all available rosidl_typesupport_c: rosidl_typesupport_fastrtps_c;rosidl_typesupport_introspection_c
[2.802s] -- Using all available rosidl_typesupport_cpp: rosidl_typesupport_fastrtps_cpp;rosidl_typesupport_introspection_cpp
[2.836s] -- Found PythonInterp: /usr/bin/python3 (found suitable version "3.10.6", minimum required is "3.6") 
[2.841s] -- Found python_cmake_module: 0.10.0 (/opt/ros/humble/share/python_cmake_module/cmake)
[2.872s] -- Found PythonLibs: /usr/lib/x86_64-linux-gnu/libpython3.10.so (found suitable version "3.10.6", minimum required is "3.5") 
[2.872s] -- Using PYTHON_EXECUTABLE: /usr/bin/python3
[2.872s] -- Using PYTHON_INCLUDE_DIRS: /usr/include/python3.10
[2.872s] -- Using PYTHON_LIBRARIES: /usr/lib/x86_64-linux-gnu/libpython3.10.so
[2.903s] -- Found PythonExtra: .so  
[2.975s] -- Found ament_cmake_flake8: 0.12.6 (/opt/ros/humble/share/ament_cmake_flake8/cmake)
[2.978s] -- Found ament_cmake_pep257: 0.12.6 (/opt/ros/humble/share/ament_cmake_pep257/cmake)
[2.989s] -- Configuring done (2.9s)
[3.113s] -- Generating done (0.1s)
[3.122s] -- Build files have been written to: /home/wang/rmf_ws/build/rmf_door_msgs
[3.163s] Invoked command in '/home/wang/rmf_ws/build/rmf_door_msgs' returned '0': CMAKE_PREFIX_PATH=/opt/ros/humble /home/wang/.local/bin/cmake /home/wang/rmf_ws/src/rmf/rmf_internal_msgs/rmf_door_msgs -DCMAKE_EXE_LINKER_FLAGS=-fuse-ld=lld -DCMAKE_MODULE_LINKER_FLAGS=-fuse-ld=lld -DCMAKE_SHARED_LINKER_FLAGS=-fuse-ld=lld -DCMAKE_BUILD_TYPE=Release -DCMAKE_INSTALL_PREFIX=/home/wang/rmf_ws/install/rmf_door_msgs
[3.164s] Invoking command in '/home/wang/rmf_ws/build/rmf_door_msgs': CMAKE_PREFIX_PATH=/opt/ros/humble /home/wang/.local/bin/cmake --build /home/wang/rmf_ws/build/rmf_door_msgs -- -j16 -l16
[3.365s] [  1%] [34m[1mGenerating C code for ROS interfaces[0m
[3.437s] [  2%] [34m[1mGenerating C++ code for ROS interfaces[0m
[3.463s] [  2%] Built target ament_cmake_python_copy_rmf_door_msgs
[4.048s] running egg_info
[4.055s] creating rmf_door_msgs.egg-info
[4.055s] writing rmf_door_msgs.egg-info/PKG-INFO
[4.056s] writing dependency_links to rmf_door_msgs.egg-info/dependency_links.txt
[4.056s] writing top-level names to rmf_door_msgs.egg-info/top_level.txt
[4.057s] writing manifest file 'rmf_door_msgs.egg-info/SOURCES.txt'
[4.063s] reading manifest file 'rmf_door_msgs.egg-info/SOURCES.txt'
[4.064s] writing manifest file 'rmf_door_msgs.egg-info/SOURCES.txt'
[4.220s] [  2%] Built target ament_cmake_python_build_rmf_door_msgs_egg
[6.468s] [  4%] [32mBuilding C object CMakeFiles/rmf_door_msgs__rosidl_generator_c.dir/rosidl_generator_c/rmf_door_msgs/msg/detail/door_mode__functions.c.o[0m
[6.480s] [  4%] Built target rmf_door_msgs__cpp
[6.498s] [  5%] [32mBuilding C object CMakeFiles/rmf_door_msgs__rosidl_generator_c.dir/rosidl_generator_c/rmf_door_msgs/msg/detail/door_state__functions.c.o[0m
[6.525s] [  7%] [32mBuilding C object CMakeFiles/rmf_door_msgs__rosidl_generator_c.dir/rosidl_generator_c/rmf_door_msgs/msg/detail/door_request__functions.c.o[0m
[6.572s] [  8%] [34m[1mGenerating C++ type support for eProsima Fast-RTPS[0m
[6.573s] [  9%] [32mBuilding C object CMakeFiles/rmf_door_msgs__rosidl_generator_c.dir/rosidl_generator_c/rmf_door_msgs/msg/detail/session__functions.c.o[0m
[6.575s] [ 11%] [32mBuilding C object CMakeFiles/rmf_door_msgs__rosidl_generator_c.dir/rosidl_generator_c/rmf_door_msgs/msg/detail/door_sessions__functions.c.o[0m
[6.578s] [ 12%] [34m[1mGenerating C++ introspection for ROS interfaces[0m
[6.615s] [ 14%] [32mBuilding C object CMakeFiles/rmf_door_msgs__rosidl_generator_c.dir/rosidl_generator_c/rmf_door_msgs/msg/detail/supervisor_heartbeat__functions.c.o[0m
[6.616s] [ 15%] [34m[1mGenerating C++ type support dispatch for ROS interfaces[0m
[7.231s] [ 16%] [32m[1mLinking C shared library librmf_door_msgs__rosidl_generator_c.so[0m
[7.574s] [ 16%] Built target rmf_door_msgs__rosidl_generator_c
[7.678s] [ 18%] [34m[1mGenerating C type support dispatch for ROS interfaces[0m
[7.683s] [ 19%] [34m[1mGenerating C type support for eProsima Fast-RTPS[0m
[7.697s] [ 21%] [34m[1mGenerating C introspection for ROS interfaces[0m
[9.640s] [ 22%] [32mBuilding CXX object CMakeFiles/rmf_door_msgs__rosidl_typesupport_cpp.dir/rosidl_typesupport_cpp/rmf_door_msgs/msg/door_mode__type_support.cpp.o[0m
[9.666s] [ 23%] [32mBuilding CXX object CMakeFiles/rmf_door_msgs__rosidl_typesupport_cpp.dir/rosidl_typesupport_cpp/rmf_door_msgs/msg/door_request__type_support.cpp.o[0m
[9.691s] [ 26%] [32mBuilding CXX object CMakeFiles/rmf_door_msgs__rosidl_typesupport_cpp.dir/rosidl_typesupport_cpp/rmf_door_msgs/msg/door_state__type_support.cpp.o[0m
[9.699s] [ 26%] [32mBuilding CXX object CMakeFiles/rmf_door_msgs__rosidl_typesupport_cpp.dir/rosidl_typesupport_cpp/rmf_door_msgs/msg/door_sessions__type_support.cpp.o[0m
[9.701s] [ 28%] [32mBuilding CXX object CMakeFiles/rmf_door_msgs__rosidl_typesupport_introspection_cpp.dir/rosidl_typesupport_introspection_cpp/rmf_door_msgs/msg/detail/door_mode__type_support.cpp.o[0m
[9.708s] [ 29%] [32mBuilding CXX object CMakeFiles/rmf_door_msgs__rosidl_typesupport_introspection_cpp.dir/rosidl_typesupport_introspection_cpp/rmf_door_msgs/msg/detail/door_state__type_support.cpp.o[0m
[9.736s] [ 30%] [32mBuilding CXX object CMakeFiles/rmf_door_msgs__rosidl_typesupport_introspection_cpp.dir/rosidl_typesupport_introspection_cpp/rmf_door_msgs/msg/detail/door_request__type_support.cpp.o[0m
[9.795s] [ 32%] [32mBuilding CXX object CMakeFiles/rmf_door_msgs__rosidl_typesupport_cpp.dir/rosidl_typesupport_cpp/rmf_door_msgs/msg/supervisor_heartbeat__type_support.cpp.o[0m
[9.801s] [ 33%] [32mBuilding CXX object CMakeFiles/rmf_door_msgs__rosidl_typesupport_cpp.dir/rosidl_typesupport_cpp/rmf_door_msgs/msg/session__type_support.cpp.o[0m
[9.808s] [ 35%] [32mBuilding CXX object CMakeFiles/rmf_door_msgs__rosidl_typesupport_introspection_cpp.dir/rosidl_typesupport_introspection_cpp/rmf_door_msgs/msg/detail/door_sessions__type_support.cpp.o[0m
[9.840s] [ 36%] [32mBuilding CXX object CMakeFiles/rmf_door_msgs__rosidl_typesupport_introspection_cpp.dir/rosidl_typesupport_introspection_cpp/rmf_door_msgs/msg/detail/session__type_support.cpp.o[0m
[9.855s] [ 38%] [32mBuilding CXX object CMakeFiles/rmf_door_msgs__rosidl_typesupport_introspection_cpp.dir/rosidl_typesupport_introspection_cpp/rmf_door_msgs/msg/detail/supervisor_heartbeat__type_support.cpp.o[0m
[10.452s] [ 39%] [32mBuilding CXX object CMakeFiles/rmf_door_msgs__rosidl_typesupport_fastrtps_cpp.dir/rosidl_typesupport_fastrtps_cpp/rmf_door_msgs/msg/detail/dds_fastrtps/door_mode__type_support.cpp.o[0m
[10.569s] [ 40%] [32mBuilding CXX object CMakeFiles/rmf_door_msgs__rosidl_typesupport_c.dir/rosidl_typesupport_c/rmf_door_msgs/msg/door_mode__type_support.cpp.o[0m
[10.709s] [ 42%] [32mBuilding CXX object CMakeFiles/rmf_door_msgs__rosidl_typesupport_c.dir/rosidl_typesupport_c/rmf_door_msgs/msg/door_state__type_support.cpp.o[0m
[10.919s] [ 43%] [32mBuilding CXX object CMakeFiles/rmf_door_msgs__rosidl_typesupport_c.dir/rosidl_typesupport_c/rmf_door_msgs/msg/door_request__type_support.cpp.o[0m
[11.208s] [ 45%] [32mBuilding CXX object CMakeFiles/rmf_door_msgs__rosidl_typesupport_c.dir/rosidl_typesupport_c/rmf_door_msgs/msg/door_sessions__type_support.cpp.o[0m
[11.339s] [ 46%] [32mBuilding CXX object CMakeFiles/rmf_door_msgs__rosidl_typesupport_c.dir/rosidl_typesupport_c/rmf_door_msgs/msg/session__type_support.cpp.o[0m
[11.419s] [ 47%] [32mBuilding C object CMakeFiles/rmf_door_msgs__rosidl_typesupport_introspection_c.dir/rosidl_typesupport_introspection_c/rmf_door_msgs/msg/detail/door_mode__type_support.c.o[0m
[11.422s] [ 49%] [32mBuilding CXX object CMakeFiles/rmf_door_msgs__rosidl_typesupport_fastrtps_cpp.dir/rosidl_typesupport_fastrtps_cpp/rmf_door_msgs/msg/detail/dds_fastrtps/door_state__type_support.cpp.o[0m
[11.645s] [ 50%] [32mBuilding CXX object CMakeFiles/rmf_door_msgs__rosidl_typesupport_c.dir/rosidl_typesupport_c/rmf_door_msgs/msg/supervisor_heartbeat__type_support.cpp.o[0m
[11.721s] [ 52%] [32mBuilding C object CMakeFiles/rmf_door_msgs__rosidl_typesupport_introspection_c.dir/rosidl_typesupport_introspection_c/rmf_door_msgs/msg/detail/door_state__type_support.c.o[0m
[11.903s] [ 53%] [32mBuilding C object CMakeFiles/rmf_door_msgs__rosidl_typesupport_introspection_c.dir/rosidl_typesupport_introspection_c/rmf_door_msgs/msg/detail/door_request__type_support.c.o[0m
[11.926s] [ 54%] [32m[1mLinking CXX shared library librmf_door_msgs__rosidl_typesupport_c.so[0m
[12.123s] [ 56%] [32mBuilding CXX object CMakeFiles/rmf_door_msgs__rosidl_typesupport_fastrtps_c.dir/rosidl_typesupport_fastrtps_c/rmf_door_msgs/msg/detail/door_mode__type_support_c.cpp.o[0m
[12.216s] [ 57%] [32mBuilding C object CMakeFiles/rmf_door_msgs__rosidl_typesupport_introspection_c.dir/rosidl_typesupport_introspection_c/rmf_door_msgs/msg/detail/door_sessions__type_support.c.o[0m
[12.274s] [ 59%] [32mBuilding CXX object CMakeFiles/rmf_door_msgs__rosidl_typesupport_fastrtps_cpp.dir/rosidl_typesupport_fastrtps_cpp/rmf_door_msgs/msg/detail/dds_fastrtps/door_request__type_support.cpp.o[0m
[12.298s] [ 60%] [32mBuilding C object CMakeFiles/rmf_door_msgs__rosidl_typesupport_introspection_c.dir/rosidl_typesupport_introspection_c/rmf_door_msgs/msg/detail/session__type_support.c.o[0m
[12.352s] [ 60%] Built target rmf_door_msgs__rosidl_typesupport_c
[12.379s] [ 61%] [32mBuilding C object CMakeFiles/rmf_door_msgs__rosidl_typesupport_introspection_c.dir/rosidl_typesupport_introspection_c/rmf_door_msgs/msg/detail/supervisor_heartbeat__type_support.c.o[0m
[12.456s] [ 63%] [32mBuilding CXX object CMakeFiles/rmf_door_msgs__rosidl_typesupport_fastrtps_cpp.dir/rosidl_typesupport_fastrtps_cpp/rmf_door_msgs/msg/detail/dds_fastrtps/door_sessions__type_support.cpp.o[0m
[12.631s] [ 64%] [32mBuilding CXX object CMakeFiles/rmf_door_msgs__rosidl_typesupport_fastrtps_cpp.dir/rosidl_typesupport_fastrtps_cpp/rmf_door_msgs/msg/detail/dds_fastrtps/supervisor_heartbeat__type_support.cpp.o[0m
[12.631s] [ 66%] [32mBuilding CXX object CMakeFiles/rmf_door_msgs__rosidl_typesupport_fastrtps_cpp.dir/rosidl_typesupport_fastrtps_cpp/rmf_door_msgs/msg/detail/dds_fastrtps/session__type_support.cpp.o[0m
[12.785s] [ 67%] [32mBuilding CXX object CMakeFiles/rmf_door_msgs__rosidl_typesupport_fastrtps_c.dir/rosidl_typesupport_fastrtps_c/rmf_door_msgs/msg/detail/door_state__type_support_c.cpp.o[0m
[12.833s] [ 69%] [32m[1mLinking C shared library librmf_door_msgs__rosidl_typesupport_introspection_c.so[0m
[13.197s] [ 70%] [32mBuilding CXX object CMakeFiles/rmf_door_msgs__rosidl_typesupport_fastrtps_c.dir/rosidl_typesupport_fastrtps_c/rmf_door_msgs/msg/detail/door_request__type_support_c.cpp.o[0m
[13.239s] [ 70%] Built target rmf_door_msgs__rosidl_typesupport_introspection_c
[13.260s] [ 71%] [32m[1mLinking CXX shared library librmf_door_msgs__rosidl_typesupport_cpp.so[0m
[13.285s] [ 73%] [32mBuilding CXX object CMakeFiles/rmf_door_msgs__rosidl_typesupport_fastrtps_c.dir/rosidl_typesupport_fastrtps_c/rmf_door_msgs/msg/detail/door_sessions__type_support_c.cpp.o[0m
[13.351s] [ 74%] [32mBuilding CXX object CMakeFiles/rmf_door_msgs__rosidl_typesupport_fastrtps_c.dir/rosidl_typesupport_fastrtps_c/rmf_door_msgs/msg/detail/session__type_support_c.cpp.o[0m
[13.701s] [ 74%] Built target rmf_door_msgs__rosidl_typesupport_cpp
[15.071s] [ 76%] [32m[1mLinking CXX shared library librmf_door_msgs__rosidl_typesupport_introspection_cpp.so[0m
[15.392s] [ 76%] Built target rmf_door_msgs__rosidl_typesupport_introspection_cpp
[16.404s] [ 77%] [32mBuilding CXX object CMakeFiles/rmf_door_msgs__rosidl_typesupport_fastrtps_c.dir/rosidl_typesupport_fastrtps_c/rmf_door_msgs/msg/detail/supervisor_heartbeat__type_support_c.cpp.o[0m
[17.212s] [ 78%] [32m[1mLinking CXX shared library librmf_door_msgs__rosidl_typesupport_fastrtps_cpp.so[0m
[17.448s] [ 78%] Built target rmf_door_msgs__rosidl_typesupport_fastrtps_cpp
[17.815s] [ 80%] [32m[1mLinking CXX shared library librmf_door_msgs__rosidl_typesupport_fastrtps_c.so[0m
[18.035s] [ 80%] Built target rmf_door_msgs__rosidl_typesupport_fastrtps_c
[18.107s] [ 80%] Built target rmf_door_msgs
[18.227s] [ 81%] [34m[1mGenerating Python code for ROS interfaces[0m
[19.972s] [ 81%] Built target rmf_door_msgs__py
[20.043s] [ 83%] [32mBuilding C object CMakeFiles/rmf_door_msgs__rosidl_generator_py.dir/rosidl_generator_py/rmf_door_msgs/msg/_door_mode_s.c.o[0m
[20.400s] [ 84%] [32mBuilding C object CMakeFiles/rmf_door_msgs__rosidl_generator_py.dir/rosidl_generator_py/rmf_door_msgs/msg/_supervisor_heartbeat_s.c.o[0m
[20.693s] [ 85%] [32mBuilding C object CMakeFiles/rmf_door_msgs__rosidl_generator_py.dir/rosidl_generator_py/rmf_door_msgs/msg/_session_s.c.o[0m
[20.947s] [ 87%] [32mBuilding C object CMakeFiles/rmf_door_msgs__rosidl_generator_py.dir/rosidl_generator_py/rmf_door_msgs/msg/_door_sessions_s.c.o[0m
[21.211s] [ 88%] [32mBuilding C object CMakeFiles/rmf_door_msgs__rosidl_generator_py.dir/rosidl_generator_py/rmf_door_msgs/msg/_door_request_s.c.o[0m
[21.478s] [ 90%] [32mBuilding C object CMakeFiles/rmf_door_msgs__rosidl_generator_py.dir/rosidl_generator_py/rmf_door_msgs/msg/_door_state_s.c.o[0m
[21.795s] [ 91%] [32m[1mLinking C shared library rosidl_generator_py/rmf_door_msgs/librmf_door_msgs__rosidl_generator_py.so[0m
[21.952s] [ 91%] Built target rmf_door_msgs__rosidl_generator_py
[22.072s] [ 92%] [32mBuilding C object CMakeFiles/rmf_door_msgs__rosidl_typesupport_fastrtps_c__pyext.dir/rosidl_generator_py/rmf_door_msgs/_rmf_door_msgs_s.ep.rosidl_typesupport_fastrtps_c.c.o[0m
[22.412s] [ 94%] [32m[1mLinking C shared library rosidl_generator_py/rmf_door_msgs/rmf_door_msgs_s__rosidl_typesupport_fastrtps_c.cpython-310-x86_64-linux-gnu.so[0m
[22.528s] [ 94%] Built target rmf_door_msgs__rosidl_typesupport_fastrtps_c__pyext
[22.539s] [ 95%] [32mBuilding C object CMakeFiles/rmf_door_msgs__rosidl_typesupport_c__pyext.dir/rosidl_generator_py/rmf_door_msgs/_rmf_door_msgs_s.ep.rosidl_typesupport_c.c.o[0m
[22.833s] [ 97%] [32m[1mLinking C shared library rosidl_generator_py/rmf_door_msgs/rmf_door_msgs_s__rosidl_typesupport_c.cpython-310-x86_64-linux-gnu.so[0m
[23.048s] [ 97%] Built target rmf_door_msgs__rosidl_typesupport_c__pyext
[23.076s] [ 98%] [32mBuilding C object CMakeFiles/rmf_door_msgs__rosidl_typesupport_introspection_c__pyext.dir/rosidl_generator_py/rmf_door_msgs/_rmf_door_msgs_s.ep.rosidl_typesupport_introspection_c.c.o[0m
[23.376s] [100%] [32m[1mLinking C shared library rosidl_generator_py/rmf_door_msgs/rmf_door_msgs_s__rosidl_typesupport_introspection_c.cpython-310-x86_64-linux-gnu.so[0m
[23.564s] [100%] Built target rmf_door_msgs__rosidl_typesupport_introspection_c__pyext
[23.594s] Invoked command in '/home/wang/rmf_ws/build/rmf_door_msgs' returned '0': CMAKE_PREFIX_PATH=/opt/ros/humble /home/wang/.local/bin/cmake --build /home/wang/rmf_ws/build/rmf_door_msgs -- -j16 -l16
[24.531s] Invoking command in '/home/wang/rmf_ws/build/rmf_door_msgs': CMAKE_PREFIX_PATH=/opt/ros/humble /home/wang/.local/bin/cmake --install /home/wang/rmf_ws/build/rmf_door_msgs
[24.655s] -- Install configuration: "Release"
[24.655s] -- Installing: /home/wang/rmf_ws/install/rmf_door_msgs/share/ament_index/resource_index/rosidl_interfaces/rmf_door_msgs
[24.655s] -- Installing: /home/wang/rmf_ws/install/rmf_door_msgs/include/rmf_door_msgs/rmf_door_msgs
[24.655s] -- Installing: /home/wang/rmf_ws/install/rmf_door_msgs/include/rmf_door_msgs/rmf_door_msgs/msg
[24.655s] -- Installing: /home/wang/rmf_ws/install/rmf_door_msgs/include/rmf_door_msgs/rmf_door_msgs/msg/door_mode.h
[24.655s] -- Installing: /home/wang/rmf_ws/install/rmf_door_msgs/include/rmf_door_msgs/rmf_door_msgs/msg/detail
[24.656s] -- Installing: /home/wang/rmf_ws/install/rmf_door_msgs/include/rmf_door_msgs/rmf_door_msgs/msg/detail/door_state__type_support.h
[24.656s] -- Installing: /home/wang/rmf_ws/install/rmf_door_msgs/include/rmf_door_msgs/rmf_door_msgs/msg/detail/door_mode__functions.h
[24.656s] -- Installing: /home/wang/rmf_ws/install/rmf_door_msgs/include/rmf_door_msgs/rmf_door_msgs/msg/detail/door_mode__functions.c
[24.656s] -- Installing: /home/wang/rmf_ws/install/rmf_door_msgs/include/rmf_door_msgs/rmf_door_msgs/msg/detail/supervisor_heartbeat__type_support.h
[24.657s] -- Installing: /home/wang/rmf_ws/install/rmf_door_msgs/include/rmf_door_msgs/rmf_door_msgs/msg/detail/door_sessions__type_support.h
[24.657s] -- Installing: /home/wang/rmf_ws/install/rmf_door_msgs/include/rmf_door_msgs/rmf_door_msgs/msg/detail/door_mode__type_support.h
[24.657s] -- Installing: /home/wang/rmf_ws/install/rmf_door_msgs/include/rmf_door_msgs/rmf_door_msgs/msg/detail/door_request__functions.h
[24.657s] -- Installing: /home/wang/rmf_ws/install/rmf_door_msgs/include/rmf_door_msgs/rmf_door_msgs/msg/detail/session__functions.h
[24.657s] -- Installing: /home/wang/rmf_ws/install/rmf_door_msgs/include/rmf_door_msgs/rmf_door_msgs/msg/detail/supervisor_heartbeat__functions.c
[24.657s] -- Installing: /home/wang/rmf_ws/install/rmf_door_msgs/include/rmf_door_msgs/rmf_door_msgs/msg/detail/door_state__functions.c
[24.657s] -- Installing: /home/wang/rmf_ws/install/rmf_door_msgs/include/rmf_door_msgs/rmf_door_msgs/msg/detail/session__functions.c
[24.657s] -- Installing: /home/wang/rmf_ws/install/rmf_door_msgs/include/rmf_door_msgs/rmf_door_msgs/msg/detail/door_sessions__functions.c
[24.657s] -- Installing: /home/wang/rmf_ws/install/rmf_door_msgs/include/rmf_door_msgs/rmf_door_msgs/msg/detail/supervisor_heartbeat__struct.h
[24.657s] -- Installing: /home/wang/rmf_ws/install/rmf_door_msgs/include/rmf_door_msgs/rmf_door_msgs/msg/detail/door_request__struct.h
[24.657s] -- Installing: /home/wang/rmf_ws/install/rmf_door_msgs/include/rmf_door_msgs/rmf_door_msgs/msg/detail/session__struct.h
[24.657s] -- Installing: /home/wang/rmf_ws/install/rmf_door_msgs/include/rmf_door_msgs/rmf_door_msgs/msg/detail/session__type_support.h
[24.658s] -- Installing: /home/wang/rmf_ws/install/rmf_door_msgs/include/rmf_door_msgs/rmf_door_msgs/msg/detail/door_state__struct.h
[24.658s] -- Installing: /home/wang/rmf_ws/install/rmf_door_msgs/include/rmf_door_msgs/rmf_door_msgs/msg/detail/door_sessions__struct.h
[24.658s] -- Installing: /home/wang/rmf_ws/install/rmf_door_msgs/include/rmf_door_msgs/rmf_door_msgs/msg/detail/door_state__functions.h
[24.658s] -- Installing: /home/wang/rmf_ws/install/rmf_door_msgs/include/rmf_door_msgs/rmf_door_msgs/msg/detail/supervisor_heartbeat__functions.h
[24.658s] -- Installing: /home/wang/rmf_ws/install/rmf_door_msgs/include/rmf_door_msgs/rmf_door_msgs/msg/detail/door_request__functions.c
[24.685s] -- Installing: /home/wang/rmf_ws/install/rmf_door_msgs/include/rmf_door_msgs/rmf_door_msgs/msg/detail/door_request__type_support.h
[24.686s] -- Installing: /home/wang/rmf_ws/install/rmf_door_msgs/include/rmf_door_msgs/rmf_door_msgs/msg/detail/door_mode__struct.h
[24.686s] -- Installing: /home/wang/rmf_ws/install/rmf_door_msgs/include/rmf_door_msgs/rmf_door_msgs/msg/detail/door_sessions__functions.h
[24.686s] -- Installing: /home/wang/rmf_ws/install/rmf_door_msgs/include/rmf_door_msgs/rmf_door_msgs/msg/rosidl_generator_c__visibility_control.h
[24.686s] -- Installing: /home/wang/rmf_ws/install/rmf_door_msgs/include/rmf_door_msgs/rmf_door_msgs/msg/session.h
[24.686s] -- Installing: /home/wang/rmf_ws/install/rmf_door_msgs/include/rmf_door_msgs/rmf_door_msgs/msg/door_request.h
[24.687s] -- Installing: /home/wang/rmf_ws/install/rmf_door_msgs/include/rmf_door_msgs/rmf_door_msgs/msg/supervisor_heartbeat.h
[24.687s] -- Installing: /home/wang/rmf_ws/install/rmf_door_msgs/include/rmf_door_msgs/rmf_door_msgs/msg/door_state.h
[24.687s] -- Installing: /home/wang/rmf_ws/install/rmf_door_msgs/include/rmf_door_msgs/rmf_door_msgs/msg/door_sessions.h
[24.687s] -- Installing: /home/wang/rmf_ws/install/rmf_door_msgs/share/rmf_door_msgs/environment/library_path.sh
[24.687s] -- Installing: /home/wang/rmf_ws/install/rmf_door_msgs/share/rmf_door_msgs/environment/library_path.dsv
[24.687s] -- Installing: /home/wang/rmf_ws/install/rmf_door_msgs/lib/librmf_door_msgs__rosidl_generator_c.so
[24.687s] -- Set runtime path of "/home/wang/rmf_ws/install/rmf_door_msgs/lib/librmf_door_msgs__rosidl_generator_c.so" to ""
[24.688s] -- Up-to-date: /home/wang/rmf_ws/install/rmf_door_msgs/include/rmf_door_msgs/rmf_door_msgs
[24.688s] -- Up-to-date: /home/wang/rmf_ws/install/rmf_door_msgs/include/rmf_door_msgs/rmf_door_msgs/msg
[24.688s] -- Up-to-date: /home/wang/rmf_ws/install/rmf_door_msgs/include/rmf_door_msgs/rmf_door_msgs/msg/detail
[24.688s] -- Installing: /home/wang/rmf_ws/install/rmf_door_msgs/include/rmf_door_msgs/rmf_door_msgs/msg/detail/supervisor_heartbeat__rosidl_typesupport_fastrtps_c.h
[24.688s] -- Installing: /home/wang/rmf_ws/install/rmf_door_msgs/include/rmf_door_msgs/rmf_door_msgs/msg/detail/door_request__rosidl_typesupport_fastrtps_c.h
[24.688s] -- Installing: /home/wang/rmf_ws/install/rmf_door_msgs/include/rmf_door_msgs/rmf_door_msgs/msg/detail/door_sessions__rosidl_typesupport_fastrtps_c.h
[24.688s] -- Installing: /home/wang/rmf_ws/install/rmf_door_msgs/include/rmf_door_msgs/rmf_door_msgs/msg/detail/door_mode__rosidl_typesupport_fastrtps_c.h
[24.688s] -- Installing: /home/wang/rmf_ws/install/rmf_door_msgs/include/rmf_door_msgs/rmf_door_msgs/msg/detail/session__rosidl_typesupport_fastrtps_c.h
[24.688s] -- Installing: /home/wang/rmf_ws/install/rmf_door_msgs/include/rmf_door_msgs/rmf_door_msgs/msg/detail/door_state__rosidl_typesupport_fastrtps_c.h
[24.689s] -- Installing: /home/wang/rmf_ws/install/rmf_door_msgs/include/rmf_door_msgs/rmf_door_msgs/msg/rosidl_typesupport_fastrtps_c__visibility_control.h
[24.689s] -- Installing: /home/wang/rmf_ws/install/rmf_door_msgs/lib/librmf_door_msgs__rosidl_typesupport_fastrtps_c.so
[24.689s] -- Set runtime path of "/home/wang/rmf_ws/install/rmf_door_msgs/lib/librmf_door_msgs__rosidl_typesupport_fastrtps_c.so" to ""
[24.689s] -- Up-to-date: /home/wang/rmf_ws/install/rmf_door_msgs/include/rmf_door_msgs/rmf_door_msgs
[24.689s] -- Up-to-date: /home/wang/rmf_ws/install/rmf_door_msgs/include/rmf_door_msgs/rmf_door_msgs/msg
[24.689s] -- Up-to-date: /home/wang/rmf_ws/install/rmf_door_msgs/include/rmf_door_msgs/rmf_door_msgs/msg/detail
[24.689s] -- Installing: /home/wang/rmf_ws/install/rmf_door_msgs/include/rmf_door_msgs/rmf_door_msgs/msg/detail/door_mode__builder.hpp
[24.689s] -- Installing: /home/wang/rmf_ws/install/rmf_door_msgs/include/rmf_door_msgs/rmf_door_msgs/msg/detail/door_sessions__builder.hpp
[24.689s] -- Installing: /home/wang/rmf_ws/install/rmf_door_msgs/include/rmf_door_msgs/rmf_door_msgs/msg/detail/session__struct.hpp
[24.690s] -- Installing: /home/wang/rmf_ws/install/rmf_door_msgs/include/rmf_door_msgs/rmf_door_msgs/msg/detail/door_state__builder.hpp
[24.690s] -- Installing: /home/wang/rmf_ws/install/rmf_door_msgs/include/rmf_door_msgs/rmf_door_msgs/msg/detail/session__traits.hpp
[24.690s] -- Installing: /home/wang/rmf_ws/install/rmf_door_msgs/include/rmf_door_msgs/rmf_door_msgs/msg/detail/door_sessions__struct.hpp
[24.690s] -- Installing: /home/wang/rmf_ws/install/rmf_door_msgs/include/rmf_door_msgs/rmf_door_msgs/msg/detail/door_mode__traits.hpp
[24.690s] -- Installing: /home/wang/rmf_ws/install/rmf_door_msgs/include/rmf_door_msgs/rmf_door_msgs/msg/detail/session__builder.hpp
[24.690s] -- Installing: /home/wang/rmf_ws/install/rmf_door_msgs/include/rmf_door_msgs/rmf_door_msgs/msg/detail/door_state__traits.hpp
[24.690s] -- Installing: /home/wang/rmf_ws/install/rmf_door_msgs/include/rmf_door_msgs/rmf_door_msgs/msg/detail/supervisor_heartbeat__struct.hpp
[24.690s] -- Installing: /home/wang/rmf_ws/install/rmf_door_msgs/include/rmf_door_msgs/rmf_door_msgs/msg/detail/supervisor_heartbeat__traits.hpp
[24.690s] -- Installing: /home/wang/rmf_ws/install/rmf_door_msgs/include/rmf_door_msgs/rmf_door_msgs/msg/detail/door_state__struct.hpp
[24.691s] -- Installing: /home/wang/rmf_ws/install/rmf_door_msgs/include/rmf_door_msgs/rmf_door_msgs/msg/detail/door_request__builder.hpp
[24.691s] -- Installing: /home/wang/rmf_ws/install/rmf_door_msgs/include/rmf_door_msgs/rmf_door_msgs/msg/detail/supervisor_heartbeat__builder.hpp
[24.691s] -- Installing: /home/wang/rmf_ws/install/rmf_door_msgs/include/rmf_door_msgs/rmf_door_msgs/msg/detail/door_request__struct.hpp
[24.691s] -- Installing: /home/wang/rmf_ws/install/rmf_door_msgs/include/rmf_door_msgs/rmf_door_msgs/msg/detail/door_sessions__traits.hpp
[24.691s] -- Installing: /home/wang/rmf_ws/install/rmf_door_msgs/include/rmf_door_msgs/rmf_door_msgs/msg/detail/door_mode__struct.hpp
[24.691s] -- Installing: /home/wang/rmf_ws/install/rmf_door_msgs/include/rmf_door_msgs/rmf_door_msgs/msg/detail/door_request__traits.hpp
[24.691s] -- Installing: /home/wang/rmf_ws/install/rmf_door_msgs/include/rmf_door_msgs/rmf_door_msgs/msg/supervisor_heartbeat.hpp
[24.691s] -- Installing: /home/wang/rmf_ws/install/rmf_door_msgs/include/rmf_door_msgs/rmf_door_msgs/msg/door_mode.hpp
[24.691s] -- Installing: /home/wang/rmf_ws/install/rmf_door_msgs/include/rmf_door_msgs/rmf_door_msgs/msg/door_sessions.hpp
[24.692s] -- Installing: /home/wang/rmf_ws/install/rmf_door_msgs/include/rmf_door_msgs/rmf_door_msgs/msg/session.hpp
[24.692s] -- Installing: /home/wang/rmf_ws/install/rmf_door_msgs/include/rmf_door_msgs/rmf_door_msgs/msg/door_state.hpp
[24.692s] -- Installing: /home/wang/rmf_ws/install/rmf_door_msgs/include/rmf_door_msgs/rmf_door_msgs/msg/door_request.hpp
[24.692s] -- Up-to-date: /home/wang/rmf_ws/install/rmf_door_msgs/include/rmf_door_msgs/rmf_door_msgs
[24.692s] -- Up-to-date: /home/wang/rmf_ws/install/rmf_door_msgs/include/rmf_door_msgs/rmf_door_msgs/msg
[24.692s] -- Up-to-date: /home/wang/rmf_ws/install/rmf_door_msgs/include/rmf_door_msgs/rmf_door_msgs/msg/detail
[24.692s] -- Installing: /home/wang/rmf_ws/install/rmf_door_msgs/include/rmf_door_msgs/rmf_door_msgs/msg/detail/supervisor_heartbeat__rosidl_typesupport_fastrtps_cpp.hpp
[24.692s] -- Installing: /home/wang/rmf_ws/install/rmf_door_msgs/include/rmf_door_msgs/rmf_door_msgs/msg/detail/door_state__rosidl_typesupport_fastrtps_cpp.hpp
[24.692s] -- Installing: /home/wang/rmf_ws/install/rmf_door_msgs/include/rmf_door_msgs/rmf_door_msgs/msg/detail/dds_fastrtps
[24.692s] -- Installing: /home/wang/rmf_ws/install/rmf_door_msgs/include/rmf_door_msgs/rmf_door_msgs/msg/detail/door_sessions__rosidl_typesupport_fastrtps_cpp.hpp
[24.693s] -- Installing: /home/wang/rmf_ws/install/rmf_door_msgs/include/rmf_door_msgs/rmf_door_msgs/msg/detail/door_mode__rosidl_typesupport_fastrtps_cpp.hpp
[24.693s] -- Installing: /home/wang/rmf_ws/install/rmf_door_msgs/include/rmf_door_msgs/rmf_door_msgs/msg/detail/session__rosidl_typesupport_fastrtps_cpp.hpp
[24.693s] -- Installing: /home/wang/rmf_ws/install/rmf_door_msgs/include/rmf_door_msgs/rmf_door_msgs/msg/detail/door_request__rosidl_typesupport_fastrtps_cpp.hpp
[24.693s] -- Installing: /home/wang/rmf_ws/install/rmf_door_msgs/include/rmf_door_msgs/rmf_door_msgs/msg/rosidl_typesupport_fastrtps_cpp__visibility_control.h
[24.693s] -- Installing: /home/wang/rmf_ws/install/rmf_door_msgs/lib/librmf_door_msgs__rosidl_typesupport_fastrtps_cpp.so
[24.693s] -- Set runtime path of "/home/wang/rmf_ws/install/rmf_door_msgs/lib/librmf_door_msgs__rosidl_typesupport_fastrtps_cpp.so" to ""
[24.693s] -- Up-to-date: /home/wang/rmf_ws/install/rmf_door_msgs/include/rmf_door_msgs/rmf_door_msgs
[24.693s] -- Up-to-date: /home/wang/rmf_ws/install/rmf_door_msgs/include/rmf_door_msgs/rmf_door_msgs/msg
[24.693s] -- Up-to-date: /home/wang/rmf_ws/install/rmf_door_msgs/include/rmf_door_msgs/rmf_door_msgs/msg/detail
[24.694s] -- Installing: /home/wang/rmf_ws/install/rmf_door_msgs/include/rmf_door_msgs/rmf_door_msgs/msg/detail/session__rosidl_typesupport_introspection_c.h
[24.694s] -- Installing: /home/wang/rmf_ws/install/rmf_door_msgs/include/rmf_door_msgs/rmf_door_msgs/msg/detail/session__type_support.c
[24.694s] -- Installing: /home/wang/rmf_ws/install/rmf_door_msgs/include/rmf_door_msgs/rmf_door_msgs/msg/detail/door_sessions__rosidl_typesupport_introspection_c.h
[24.694s] -- Installing: /home/wang/rmf_ws/install/rmf_door_msgs/include/rmf_door_msgs/rmf_door_msgs/msg/detail/supervisor_heartbeat__type_support.c
[24.694s] -- Installing: /home/wang/rmf_ws/install/rmf_door_msgs/include/rmf_door_msgs/rmf_door_msgs/msg/detail/door_sessions__type_support.c
[24.694s] -- Installing: /home/wang/rmf_ws/install/rmf_door_msgs/include/rmf_door_msgs/rmf_door_msgs/msg/detail/door_state__rosidl_typesupport_introspection_c.h
[24.694s] -- Installing: /home/wang/rmf_ws/install/rmf_door_msgs/include/rmf_door_msgs/rmf_door_msgs/msg/detail/door_request__rosidl_typesupport_introspection_c.h
[24.694s] -- Installing: /home/wang/rmf_ws/install/rmf_door_msgs/include/rmf_door_msgs/rmf_door_msgs/msg/detail/door_state__type_support.c
[24.694s] -- Installing: /home/wang/rmf_ws/install/rmf_door_msgs/include/rmf_door_msgs/rmf_door_msgs/msg/detail/door_mode__rosidl_typesupport_introspection_c.h
[24.695s] -- Installing: /home/wang/rmf_ws/install/rmf_door_msgs/include/rmf_door_msgs/rmf_door_msgs/msg/detail/door_mode__type_support.c
[24.695s] -- Installing: /home/wang/rmf_ws/install/rmf_door_msgs/include/rmf_door_msgs/rmf_door_msgs/msg/detail/supervisor_heartbeat__rosidl_typesupport_introspection_c.h
[24.695s] -- Installing: /home/wang/rmf_ws/install/rmf_door_msgs/include/rmf_door_msgs/rmf_door_msgs/msg/detail/door_request__type_support.c
[24.695s] -- Installing: /home/wang/rmf_ws/install/rmf_door_msgs/include/rmf_door_msgs/rmf_door_msgs/msg/rosidl_typesupport_introspection_c__visibility_control.h
[24.695s] -- Installing: /home/wang/rmf_ws/install/rmf_door_msgs/lib/librmf_door_msgs__rosidl_typesupport_introspection_c.so
[24.695s] -- Set runtime path of "/home/wang/rmf_ws/install/rmf_door_msgs/lib/librmf_door_msgs__rosidl_typesupport_introspection_c.so" to ""
[24.695s] -- Installing: /home/wang/rmf_ws/install/rmf_door_msgs/lib/librmf_door_msgs__rosidl_typesupport_c.so
[24.695s] -- Set runtime path of "/home/wang/rmf_ws/install/rmf_door_msgs/lib/librmf_door_msgs__rosidl_typesupport_c.so" to ""
[24.695s] -- Up-to-date: /home/wang/rmf_ws/install/rmf_door_msgs/include/rmf_door_msgs/rmf_door_msgs
[24.696s] -- Up-to-date: /home/wang/rmf_ws/install/rmf_door_msgs/include/rmf_door_msgs/rmf_door_msgs/msg
[24.696s] -- Up-to-date: /home/wang/rmf_ws/install/rmf_door_msgs/include/rmf_door_msgs/rmf_door_msgs/msg/detail
[24.696s] -- Installing: /home/wang/rmf_ws/install/rmf_door_msgs/include/rmf_door_msgs/rmf_door_msgs/msg/detail/door_mode__type_support.cpp
[24.696s] -- Installing: /home/wang/rmf_ws/install/rmf_door_msgs/include/rmf_door_msgs/rmf_door_msgs/msg/detail/door_request__rosidl_typesupport_introspection_cpp.hpp
[24.696s] -- Installing: /home/wang/rmf_ws/install/rmf_door_msgs/include/rmf_door_msgs/rmf_door_msgs/msg/detail/door_sessions__rosidl_typesupport_introspection_cpp.hpp
[24.696s] -- Installing: /home/wang/rmf_ws/install/rmf_door_msgs/include/rmf_door_msgs/rmf_door_msgs/msg/detail/door_mode__rosidl_typesupport_introspection_cpp.hpp
[24.696s] -- Installing: /home/wang/rmf_ws/install/rmf_door_msgs/include/rmf_door_msgs/rmf_door_msgs/msg/detail/door_sessions__type_support.cpp
[24.697s] -- Installing: /home/wang/rmf_ws/install/rmf_door_msgs/include/rmf_door_msgs/rmf_door_msgs/msg/detail/door_state__rosidl_typesupport_introspection_cpp.hpp
[24.697s] -- Installing: /home/wang/rmf_ws/install/rmf_door_msgs/include/rmf_door_msgs/rmf_door_msgs/msg/detail/door_request__type_support.cpp
[24.697s] -- Installing: /home/wang/rmf_ws/install/rmf_door_msgs/include/rmf_door_msgs/rmf_door_msgs/msg/detail/supervisor_heartbeat__type_support.cpp
[24.697s] -- Installing: /home/wang/rmf_ws/install/rmf_door_msgs/include/rmf_door_msgs/rmf_door_msgs/msg/detail/session__type_support.cpp
[24.697s] -- Installing: /home/wang/rmf_ws/install/rmf_door_msgs/include/rmf_door_msgs/rmf_door_msgs/msg/detail/session__rosidl_typesupport_introspection_cpp.hpp
[24.697s] -- Installing: /home/wang/rmf_ws/install/rmf_door_msgs/include/rmf_door_msgs/rmf_door_msgs/msg/detail/door_state__type_support.cpp
[24.697s] -- Installing: /home/wang/rmf_ws/install/rmf_door_msgs/include/rmf_door_msgs/rmf_door_msgs/msg/detail/supervisor_heartbeat__rosidl_typesupport_introspection_cpp.hpp
[24.697s] -- Installing: /home/wang/rmf_ws/install/rmf_door_msgs/lib/librmf_door_msgs__rosidl_typesupport_introspection_cpp.so
[24.698s] -- Set runtime path of "/home/wang/rmf_ws/install/rmf_door_msgs/lib/librmf_door_msgs__rosidl_typesupport_introspection_cpp.so" to ""
[24.698s] -- Installing: /home/wang/rmf_ws/install/rmf_door_msgs/lib/librmf_door_msgs__rosidl_typesupport_cpp.so
[24.698s] -- Set runtime path of "/home/wang/rmf_ws/install/rmf_door_msgs/lib/librmf_door_msgs__rosidl_typesupport_cpp.so" to ""
[24.698s] -- Installing: /home/wang/rmf_ws/install/rmf_door_msgs/share/rmf_door_msgs/environment/pythonpath.sh
[24.698s] -- Installing: /home/wang/rmf_ws/install/rmf_door_msgs/share/rmf_door_msgs/environment/pythonpath.dsv
[24.698s] -- Installing: /home/wang/rmf_ws/install/rmf_door_msgs/local/lib/python3.10/dist-packages/rmf_door_msgs-3.0.3-py3.10.egg-info
[24.698s] -- Installing: /home/wang/rmf_ws/install/rmf_door_msgs/local/lib/python3.10/dist-packages/rmf_door_msgs-3.0.3-py3.10.egg-info/PKG-INFO
[24.698s] -- Installing: /home/wang/rmf_ws/install/rmf_door_msgs/local/lib/python3.10/dist-packages/rmf_door_msgs-3.0.3-py3.10.egg-info/dependency_links.txt
[24.698s] -- Installing: /home/wang/rmf_ws/install/rmf_door_msgs/local/lib/python3.10/dist-packages/rmf_door_msgs-3.0.3-py3.10.egg-info/SOURCES.txt
[24.699s] -- Installing: /home/wang/rmf_ws/install/rmf_door_msgs/local/lib/python3.10/dist-packages/rmf_door_msgs-3.0.3-py3.10.egg-info/top_level.txt
[24.699s] -- Installing: /home/wang/rmf_ws/install/rmf_door_msgs/local/lib/python3.10/dist-packages/rmf_door_msgs
[24.699s] -- Installing: /home/wang/rmf_ws/install/rmf_door_msgs/local/lib/python3.10/dist-packages/rmf_door_msgs/_rmf_door_msgs_s.ep.rosidl_typesupport_fastrtps_c.c
[24.699s] -- Installing: /home/wang/rmf_ws/install/rmf_door_msgs/local/lib/python3.10/dist-packages/rmf_door_msgs/__init__.py
[24.699s] -- Installing: /home/wang/rmf_ws/install/rmf_door_msgs/local/lib/python3.10/dist-packages/rmf_door_msgs/librmf_door_msgs__rosidl_generator_py.so
[24.699s] -- Installing: /home/wang/rmf_ws/install/rmf_door_msgs/local/lib/python3.10/dist-packages/rmf_door_msgs/_rmf_door_msgs_s.ep.rosidl_typesupport_c.c
[24.699s] -- Installing: /home/wang/rmf_ws/install/rmf_door_msgs/local/lib/python3.10/dist-packages/rmf_door_msgs/rmf_door_msgs_s__rosidl_typesupport_fastrtps_c.cpython-310-x86_64-linux-gnu.so
[24.699s] -- Installing: /home/wang/rmf_ws/install/rmf_door_msgs/local/lib/python3.10/dist-packages/rmf_door_msgs/rmf_door_msgs_s__rosidl_typesupport_c.cpython-310-x86_64-linux-gnu.so
[24.699s] -- Installing: /home/wang/rmf_ws/install/rmf_door_msgs/local/lib/python3.10/dist-packages/rmf_door_msgs/rmf_door_msgs_s__rosidl_typesupport_introspection_c.cpython-310-x86_64-linux-gnu.so
[24.700s] -- Installing: /home/wang/rmf_ws/install/rmf_door_msgs/local/lib/python3.10/dist-packages/rmf_door_msgs/msg
[24.700s] -- Installing: /home/wang/rmf_ws/install/rmf_door_msgs/local/lib/python3.10/dist-packages/rmf_door_msgs/msg/_session_s.c
[24.700s] -- Installing: /home/wang/rmf_ws/install/rmf_door_msgs/local/lib/python3.10/dist-packages/rmf_door_msgs/msg/_door_sessions.py
[24.700s] -- Installing: /home/wang/rmf_ws/install/rmf_door_msgs/local/lib/python3.10/dist-packages/rmf_door_msgs/msg/__init__.py
[24.722s] -- Installing: /home/wang/rmf_ws/install/rmf_door_msgs/local/lib/python3.10/dist-packages/rmf_door_msgs/msg/_door_mode.py
[24.722s] -- Installing: /home/wang/rmf_ws/install/rmf_door_msgs/local/lib/python3.10/dist-packages/rmf_door_msgs/msg/_supervisor_heartbeat.py
[24.722s] -- Installing: /home/wang/rmf_ws/install/rmf_door_msgs/local/lib/python3.10/dist-packages/rmf_door_msgs/msg/_door_request_s.c
[24.722s] -- Installing: /home/wang/rmf_ws/install/rmf_door_msgs/local/lib/python3.10/dist-packages/rmf_door_msgs/msg/_door_sessions_s.c
[24.722s] -- Installing: /home/wang/rmf_ws/install/rmf_door_msgs/local/lib/python3.10/dist-packages/rmf_door_msgs/msg/_door_state_s.c
[24.723s] -- Installing: /home/wang/rmf_ws/install/rmf_door_msgs/local/lib/python3.10/dist-packages/rmf_door_msgs/msg/_session.py
[24.723s] -- Installing: /home/wang/rmf_ws/install/rmf_door_msgs/local/lib/python3.10/dist-packages/rmf_door_msgs/msg/_supervisor_heartbeat_s.c
[24.723s] -- Installing: /home/wang/rmf_ws/install/rmf_door_msgs/local/lib/python3.10/dist-packages/rmf_door_msgs/msg/_door_state.py
[24.723s] -- Installing: /home/wang/rmf_ws/install/rmf_door_msgs/local/lib/python3.10/dist-packages/rmf_door_msgs/msg/_door_request.py
[24.723s] -- Installing: /home/wang/rmf_ws/install/rmf_door_msgs/local/lib/python3.10/dist-packages/rmf_door_msgs/msg/_door_mode_s.c
[24.723s] -- Installing: /home/wang/rmf_ws/install/rmf_door_msgs/local/lib/python3.10/dist-packages/rmf_door_msgs/_rmf_door_msgs_s.ep.rosidl_typesupport_introspection_c.c
[24.724s] Listing '/home/wang/rmf_ws/install/rmf_door_msgs/local/lib/python3.10/dist-packages/rmf_door_msgs'...
[24.724s] Compiling '/home/wang/rmf_ws/install/rmf_door_msgs/local/lib/python3.10/dist-packages/rmf_door_msgs/__init__.py'...
[24.724s] Listing '/home/wang/rmf_ws/install/rmf_door_msgs/local/lib/python3.10/dist-packages/rmf_door_msgs/msg'...
[24.724s] Compiling '/home/wang/rmf_ws/install/rmf_door_msgs/local/lib/python3.10/dist-packages/rmf_door_msgs/msg/__init__.py'...
[24.725s] Compiling '/home/wang/rmf_ws/install/rmf_door_msgs/local/lib/python3.10/dist-packages/rmf_door_msgs/msg/_door_mode.py'...
[24.725s] Compiling '/home/wang/rmf_ws/install/rmf_door_msgs/local/lib/python3.10/dist-packages/rmf_door_msgs/msg/_door_request.py'...
[24.725s] Compiling '/home/wang/rmf_ws/install/rmf_door_msgs/local/lib/python3.10/dist-packages/rmf_door_msgs/msg/_door_sessions.py'...
[24.725s] Compiling '/home/wang/rmf_ws/install/rmf_door_msgs/local/lib/python3.10/dist-packages/rmf_door_msgs/msg/_door_state.py'...
[24.725s] Compiling '/home/wang/rmf_ws/install/rmf_door_msgs/local/lib/python3.10/dist-packages/rmf_door_msgs/msg/_session.py'...
[24.725s] Compiling '/home/wang/rmf_ws/install/rmf_door_msgs/local/lib/python3.10/dist-packages/rmf_door_msgs/msg/_supervisor_heartbeat.py'...
[24.735s] -- Installing: /home/wang/rmf_ws/install/rmf_door_msgs/local/lib/python3.10/dist-packages/rmf_door_msgs/rmf_door_msgs_s__rosidl_typesupport_fastrtps_c.cpython-310-x86_64-linux-gnu.so
[24.736s] -- Set runtime path of "/home/wang/rmf_ws/install/rmf_door_msgs/local/lib/python3.10/dist-packages/rmf_door_msgs/rmf_door_msgs_s__rosidl_typesupport_fastrtps_c.cpython-310-x86_64-linux-gnu.so" to ""
[24.736s] -- Installing: /home/wang/rmf_ws/install/rmf_door_msgs/local/lib/python3.10/dist-packages/rmf_door_msgs/rmf_door_msgs_s__rosidl_typesupport_introspection_c.cpython-310-x86_64-linux-gnu.so
[24.736s] -- Set runtime path of "/home/wang/rmf_ws/install/rmf_door_msgs/local/lib/python3.10/dist-packages/rmf_door_msgs/rmf_door_msgs_s__rosidl_typesupport_introspection_c.cpython-310-x86_64-linux-gnu.so" to ""
[24.736s] -- Installing: /home/wang/rmf_ws/install/rmf_door_msgs/local/lib/python3.10/dist-packages/rmf_door_msgs/rmf_door_msgs_s__rosidl_typesupport_c.cpython-310-x86_64-linux-gnu.so
[24.737s] -- Set runtime path of "/home/wang/rmf_ws/install/rmf_door_msgs/local/lib/python3.10/dist-packages/rmf_door_msgs/rmf_door_msgs_s__rosidl_typesupport_c.cpython-310-x86_64-linux-gnu.so" to ""
[24.737s] -- Installing: /home/wang/rmf_ws/install/rmf_door_msgs/lib/librmf_door_msgs__rosidl_generator_py.so
[24.737s] -- Set runtime path of "/home/wang/rmf_ws/install/rmf_door_msgs/lib/librmf_door_msgs__rosidl_generator_py.so" to ""
[24.738s] -- Installing: /home/wang/rmf_ws/install/rmf_door_msgs/share/rmf_door_msgs/msg/DoorMode.idl
[24.738s] -- Installing: /home/wang/rmf_ws/install/rmf_door_msgs/share/rmf_door_msgs/msg/DoorState.idl
[24.738s] -- Installing: /home/wang/rmf_ws/install/rmf_door_msgs/share/rmf_door_msgs/msg/DoorRequest.idl
[24.738s] -- Installing: /home/wang/rmf_ws/install/rmf_door_msgs/share/rmf_door_msgs/msg/DoorSessions.idl
[24.738s] -- Installing: /home/wang/rmf_ws/install/rmf_door_msgs/share/rmf_door_msgs/msg/Session.idl
[24.738s] -- Installing: /home/wang/rmf_ws/install/rmf_door_msgs/share/rmf_door_msgs/msg/SupervisorHeartbeat.idl
[24.739s] -- Installing: /home/wang/rmf_ws/install/rmf_door_msgs/share/rmf_door_msgs/msg/DoorMode.msg
[24.739s] -- Installing: /home/wang/rmf_ws/install/rmf_door_msgs/share/rmf_door_msgs/msg/DoorState.msg
[24.739s] -- Installing: /home/wang/rmf_ws/install/rmf_door_msgs/share/rmf_door_msgs/msg/DoorRequest.msg
[24.739s] -- Installing: /home/wang/rmf_ws/install/rmf_door_msgs/share/rmf_door_msgs/msg/DoorSessions.msg
[24.739s] -- Installing: /home/wang/rmf_ws/install/rmf_door_msgs/share/rmf_door_msgs/msg/Session.msg
[24.739s] -- Installing: /home/wang/rmf_ws/install/rmf_door_msgs/share/rmf_door_msgs/msg/SupervisorHeartbeat.msg
[24.740s] -- Installing: /home/wang/rmf_ws/install/rmf_door_msgs/share/ament_index/resource_index/package_run_dependencies/rmf_door_msgs
[24.740s] -- Installing: /home/wang/rmf_ws/install/rmf_door_msgs/share/ament_index/resource_index/parent_prefix_path/rmf_door_msgs
[24.740s] -- Installing: /home/wang/rmf_ws/install/rmf_door_msgs/share/rmf_door_msgs/environment/ament_prefix_path.sh
[24.740s] -- Installing: /home/wang/rmf_ws/install/rmf_door_msgs/share/rmf_door_msgs/environment/ament_prefix_path.dsv
[24.741s] -- Installing: /home/wang/rmf_ws/install/rmf_door_msgs/share/rmf_door_msgs/environment/path.sh
[24.741s] -- Installing: /home/wang/rmf_ws/install/rmf_door_msgs/share/rmf_door_msgs/environment/path.dsv
[24.742s] -- Installing: /home/wang/rmf_ws/install/rmf_door_msgs/share/rmf_door_msgs/local_setup.bash
[24.743s] -- Installing: /home/wang/rmf_ws/install/rmf_door_msgs/share/rmf_door_msgs/local_setup.sh
[24.743s] -- Installing: /home/wang/rmf_ws/install/rmf_door_msgs/share/rmf_door_msgs/local_setup.zsh
[24.744s] -- Installing: /home/wang/rmf_ws/install/rmf_door_msgs/share/rmf_door_msgs/local_setup.dsv
[24.744s] -- Installing: /home/wang/rmf_ws/install/rmf_door_msgs/share/rmf_door_msgs/package.dsv
[24.744s] -- Installing: /home/wang/rmf_ws/install/rmf_door_msgs/share/ament_index/resource_index/packages/rmf_door_msgs
[24.744s] -- Installing: /home/wang/rmf_ws/install/rmf_door_msgs/share/rmf_door_msgs/cmake/export_rmf_door_msgs__rosidl_generator_cExport.cmake
[24.745s] -- Installing: /home/wang/rmf_ws/install/rmf_door_msgs/share/rmf_door_msgs/cmake/export_rmf_door_msgs__rosidl_generator_cExport-release.cmake
[24.745s] -- Installing: /home/wang/rmf_ws/install/rmf_door_msgs/share/rmf_door_msgs/cmake/export_rmf_door_msgs__rosidl_typesupport_fastrtps_cExport.cmake
[24.745s] -- Installing: /home/wang/rmf_ws/install/rmf_door_msgs/share/rmf_door_msgs/cmake/export_rmf_door_msgs__rosidl_typesupport_fastrtps_cExport-release.cmake
[24.745s] -- Installing: /home/wang/rmf_ws/install/rmf_door_msgs/share/rmf_door_msgs/cmake/export_rmf_door_msgs__rosidl_generator_cppExport.cmake
[24.746s] -- Installing: /home/wang/rmf_ws/install/rmf_door_msgs/share/rmf_door_msgs/cmake/export_rmf_door_msgs__rosidl_typesupport_fastrtps_cppExport.cmake
[24.746s] -- Installing: /home/wang/rmf_ws/install/rmf_door_msgs/share/rmf_door_msgs/cmake/export_rmf_door_msgs__rosidl_typesupport_fastrtps_cppExport-release.cmake
[24.746s] -- Installing: /home/wang/rmf_ws/install/rmf_door_msgs/share/rmf_door_msgs/cmake/rmf_door_msgs__rosidl_typesupport_introspection_cExport.cmake
[24.746s] -- Installing: /home/wang/rmf_ws/install/rmf_door_msgs/share/rmf_door_msgs/cmake/rmf_door_msgs__rosidl_typesupport_introspection_cExport-release.cmake
[24.746s] -- Installing: /home/wang/rmf_ws/install/rmf_door_msgs/share/rmf_door_msgs/cmake/rmf_door_msgs__rosidl_typesupport_cExport.cmake
[24.746s] -- Installing: /home/wang/rmf_ws/install/rmf_door_msgs/share/rmf_door_msgs/cmake/rmf_door_msgs__rosidl_typesupport_cExport-release.cmake
[24.746s] -- Installing: /home/wang/rmf_ws/install/rmf_door_msgs/share/rmf_door_msgs/cmake/rmf_door_msgs__rosidl_typesupport_introspection_cppExport.cmake
[24.747s] -- Installing: /home/wang/rmf_ws/install/rmf_door_msgs/share/rmf_door_msgs/cmake/rmf_door_msgs__rosidl_typesupport_introspection_cppExport-release.cmake
[24.747s] -- Installing: /home/wang/rmf_ws/install/rmf_door_msgs/share/rmf_door_msgs/cmake/rmf_door_msgs__rosidl_typesupport_cppExport.cmake
[24.747s] -- Installing: /home/wang/rmf_ws/install/rmf_door_msgs/share/rmf_door_msgs/cmake/rmf_door_msgs__rosidl_typesupport_cppExport-release.cmake
[24.747s] -- Installing: /home/wang/rmf_ws/install/rmf_door_msgs/share/rmf_door_msgs/cmake/export_rmf_door_msgs__rosidl_generator_pyExport.cmake
[24.747s] -- Installing: /home/wang/rmf_ws/install/rmf_door_msgs/share/rmf_door_msgs/cmake/export_rmf_door_msgs__rosidl_generator_pyExport-release.cmake
[24.747s] -- Installing: /home/wang/rmf_ws/install/rmf_door_msgs/share/rmf_door_msgs/cmake/rosidl_cmake-extras.cmake
[24.757s] -- Installing: /home/wang/rmf_ws/install/rmf_door_msgs/share/rmf_door_msgs/cmake/ament_cmake_export_dependencies-extras.cmake
[24.757s] -- Installing: /home/wang/rmf_ws/install/rmf_door_msgs/share/rmf_door_msgs/cmake/ament_cmake_export_include_directories-extras.cmake
[24.757s] -- Installing: /home/wang/rmf_ws/install/rmf_door_msgs/share/rmf_door_msgs/cmake/ament_cmake_export_libraries-extras.cmake
[24.757s] -- Installing: /home/wang/rmf_ws/install/rmf_door_msgs/share/rmf_door_msgs/cmake/ament_cmake_export_targets-extras.cmake
[24.758s] -- Installing: /home/wang/rmf_ws/install/rmf_door_msgs/share/rmf_door_msgs/cmake/rosidl_cmake_export_typesupport_targets-extras.cmake
[24.758s] -- Installing: /home/wang/rmf_ws/install/rmf_door_msgs/share/rmf_door_msgs/cmake/rosidl_cmake_export_typesupport_libraries-extras.cmake
[24.758s] -- Installing: /home/wang/rmf_ws/install/rmf_door_msgs/share/rmf_door_msgs/cmake/rmf_door_msgsConfig.cmake
[24.758s] -- Installing: /home/wang/rmf_ws/install/rmf_door_msgs/share/rmf_door_msgs/cmake/rmf_door_msgsConfig-version.cmake
[24.758s] -- Installing: /home/wang/rmf_ws/install/rmf_door_msgs/share/rmf_door_msgs/package.xml
[24.773s] Invoked command in '/home/wang/rmf_ws/build/rmf_door_msgs' returned '0': CMAKE_PREFIX_PATH=/opt/ros/humble /home/wang/.local/bin/cmake --install /home/wang/rmf_ws/build/rmf_door_msgs
