-- The C compiler identification is Clang 14.0.0
-- The CXX compiler identification is Clang 14.0.0
-- Detecting C compiler ABI info
-- Detecting C compiler ABI info - done
-- Check for working C compiler: /usr/bin/clang - skipped
-- Detecting C compile features
-- Detecting C compile features - done
-- Detecting CXX compiler ABI info
-- Detecting CXX compiler ABI info - done
-- Check for working CXX compiler: /usr/bin/clang++ - skipped
-- Detecting CXX compile features
-- Detecting CXX compile features - done
-- Found ament_cmake: 1.3.5 (/opt/ros/humble/share/ament_cmake/cmake)
-- Found Python3: /usr/bin/python3.10 (found version "3.10.6") found components: Interpreter 
-- Found builtin_interfaces: 1.2.1 (/opt/ros/humble/share/builtin_interfaces/cmake)
-- Found rosidl_generator_c: 3.1.4 (/opt/ros/humble/share/rosidl_generator_c/cmake)
-- Found rosidl_adapter: 3.1.4 (/opt/ros/humble/share/rosidl_adapter/cmake)
-- Found rosidl_generator_cpp: 3.1.4 (/opt/ros/humble/share/rosidl_generator_cpp/cmake)
-- Using all available rosidl_typesupport_c: rosidl_typesupport_fastrtps_c;rosidl_typesupport_introspection_c
-- Using all available rosidl_typesupport_cpp: rosidl_typesupport_fastrtps_cpp;rosidl_typesupport_introspection_cpp
-- Found rosidl_default_generators: 1.2.0 (/opt/ros/humble/share/rosidl_default_generators/cmake)
-- Found ament_cmake_ros: 0.10.0 (/opt/ros/humble/share/ament_cmake_ros/cmake)
-- Using all available rosidl_typesupport_c: rosidl_typesupport_fastrtps_c;rosidl_typesupport_introspection_c
-- Using all available rosidl_typesupport_cpp: rosidl_typesupport_fastrtps_cpp;rosidl_typesupport_introspection_cpp
-- Found PythonInterp: /usr/bin/python3 (found suitable version "3.10.6", minimum required is "3.6") 
-- Found python_cmake_module: 0.10.0 (/opt/ros/humble/share/python_cmake_module/cmake)
-- Found PythonLibs: /usr/lib/x86_64-linux-gnu/libpython3.10.so (found suitable version "3.10.6", minimum required is "3.5") 
-- Using PYTHON_EXECUTABLE: /usr/bin/python3
-- Using PYTHON_INCLUDE_DIRS: /usr/include/python3.10
-- Using PYTHON_LIBRARIES: /usr/lib/x86_64-linux-gnu/libpython3.10.so
-- Found PythonExtra: .so  
-- Found ament_lint_auto: 0.12.6 (/opt/ros/humble/share/ament_lint_auto/cmake)
-- Added test 'copyright' to check source files copyright and LICENSE
-- Added test 'lint_cmake' to check CMake code style
-- Added test 'xmllint' to check XML markup files
-- Configuring done (8.9s)
-- Generating done (0.2s)
-- Build files have been written to: /home/wang/rmf_ws/build/rmf_charger_msgs
[  2%] [34m[1mGenerating C++ code for ROS interfaces[0m
[  2%] Built target rmf_charger_msgs__cpp
[  2%] Built target ament_cmake_python_copy_rmf_charger_msgs
[  4%] [34m[1mGenerating C++ introspection for ROS interfaces[0m
[  6%] [32mBuilding CXX object CMakeFiles/rmf_charger_msgs__rosidl_typesupport_introspection_cpp.dir/rosidl_typesupport_introspection_cpp/rmf_charger_msgs/msg/detail/charger_state__type_support.cpp.o[0m
[  8%] [32mBuilding CXX object CMakeFiles/rmf_charger_msgs__rosidl_typesupport_introspection_cpp.dir/rosidl_typesupport_introspection_cpp/rmf_charger_msgs/msg/detail/charger_cancel__type_support.cpp.o[0m
[ 10%] [32mBuilding CXX object CMakeFiles/rmf_charger_msgs__rosidl_typesupport_introspection_cpp.dir/rosidl_typesupport_introspection_cpp/rmf_charger_msgs/msg/detail/charger_request__type_support.cpp.o[0m
[ 12%] [32m[1mLinking CXX shared library librmf_charger_msgs__rosidl_typesupport_introspection_cpp.so[0m
[ 12%] Built target rmf_charger_msgs__rosidl_typesupport_introspection_cpp
running egg_info
creating rmf_charger_msgs.egg-info
writing rmf_charger_msgs.egg-info/PKG-INFO
writing dependency_links to rmf_charger_msgs.egg-info/dependency_links.txt
writing top-level names to rmf_charger_msgs.egg-info/top_level.txt
writing manifest file 'rmf_charger_msgs.egg-info/SOURCES.txt'
reading manifest file 'rmf_charger_msgs.egg-info/SOURCES.txt'
writing manifest file 'rmf_charger_msgs.egg-info/SOURCES.txt'
[ 12%] Built target ament_cmake_python_build_rmf_charger_msgs_egg
[ 14%] [34m[1mGenerating C++ type support for eProsima Fast-RTPS[0m
[ 17%] [32mBuilding CXX object CMakeFiles/rmf_charger_msgs__rosidl_typesupport_fastrtps_cpp.dir/rosidl_typesupport_fastrtps_cpp/rmf_charger_msgs/msg/detail/dds_fastrtps/charger_state__type_support.cpp.o[0m
[ 19%] [32mBuilding CXX object CMakeFiles/rmf_charger_msgs__rosidl_typesupport_fastrtps_cpp.dir/rosidl_typesupport_fastrtps_cpp/rmf_charger_msgs/msg/detail/dds_fastrtps/charger_cancel__type_support.cpp.o[0m
[ 21%] [32mBuilding CXX object CMakeFiles/rmf_charger_msgs__rosidl_typesupport_fastrtps_cpp.dir/rosidl_typesupport_fastrtps_cpp/rmf_charger_msgs/msg/detail/dds_fastrtps/charger_request__type_support.cpp.o[0m
[ 23%] [32m[1mLinking CXX shared library librmf_charger_msgs__rosidl_typesupport_fastrtps_cpp.so[0m
[ 23%] Built target rmf_charger_msgs__rosidl_typesupport_fastrtps_cpp
[ 25%] [34m[1mGenerating C++ type support dispatch for ROS interfaces[0m
[ 27%] [32mBuilding CXX object CMakeFiles/rmf_charger_msgs__rosidl_typesupport_cpp.dir/rosidl_typesupport_cpp/rmf_charger_msgs/msg/charger_state__type_support.cpp.o[0m
[ 29%] [32mBuilding CXX object CMakeFiles/rmf_charger_msgs__rosidl_typesupport_cpp.dir/rosidl_typesupport_cpp/rmf_charger_msgs/msg/charger_cancel__type_support.cpp.o[0m
[ 31%] [32mBuilding CXX object CMakeFiles/rmf_charger_msgs__rosidl_typesupport_cpp.dir/rosidl_typesupport_cpp/rmf_charger_msgs/msg/charger_request__type_support.cpp.o[0m
[ 34%] [32m[1mLinking CXX shared library librmf_charger_msgs__rosidl_typesupport_cpp.so[0m
[ 34%] Built target rmf_charger_msgs__rosidl_typesupport_cpp
[ 36%] [34m[1mGenerating C code for ROS interfaces[0m
[ 38%] [32mBuilding C object CMakeFiles/rmf_charger_msgs__rosidl_generator_c.dir/rosidl_generator_c/rmf_charger_msgs/msg/detail/charger_state__functions.c.o[0m
[ 40%] [32mBuilding C object CMakeFiles/rmf_charger_msgs__rosidl_generator_c.dir/rosidl_generator_c/rmf_charger_msgs/msg/detail/charger_cancel__functions.c.o[0m
[ 42%] [32mBuilding C object CMakeFiles/rmf_charger_msgs__rosidl_generator_c.dir/rosidl_generator_c/rmf_charger_msgs/msg/detail/charger_request__functions.c.o[0m
[ 44%] [32m[1mLinking C shared library librmf_charger_msgs__rosidl_generator_c.so[0m
[ 44%] Built target rmf_charger_msgs__rosidl_generator_c
[ 46%] [34m[1mGenerating C type support for eProsima Fast-RTPS[0m
[ 48%] [32mBuilding CXX object CMakeFiles/rmf_charger_msgs__rosidl_typesupport_fastrtps_c.dir/rosidl_typesupport_fastrtps_c/rmf_charger_msgs/msg/detail/charger_state__type_support_c.cpp.o[0m
[ 51%] [32mBuilding CXX object CMakeFiles/rmf_charger_msgs__rosidl_typesupport_fastrtps_c.dir/rosidl_typesupport_fastrtps_c/rmf_charger_msgs/msg/detail/charger_cancel__type_support_c.cpp.o[0m
[ 53%] [32mBuilding CXX object CMakeFiles/rmf_charger_msgs__rosidl_typesupport_fastrtps_c.dir/rosidl_typesupport_fastrtps_c/rmf_charger_msgs/msg/detail/charger_request__type_support_c.cpp.o[0m
[ 55%] [32m[1mLinking CXX shared library librmf_charger_msgs__rosidl_typesupport_fastrtps_c.so[0m
[ 55%] Built target rmf_charger_msgs__rosidl_typesupport_fastrtps_c
[ 57%] [34m[1mGenerating C type support dispatch for ROS interfaces[0m
[ 59%] [32mBuilding CXX object CMakeFiles/rmf_charger_msgs__rosidl_typesupport_c.dir/rosidl_typesupport_c/rmf_charger_msgs/msg/charger_state__type_support.cpp.o[0m
[ 61%] [32mBuilding CXX object CMakeFiles/rmf_charger_msgs__rosidl_typesupport_c.dir/rosidl_typesupport_c/rmf_charger_msgs/msg/charger_cancel__type_support.cpp.o[0m
[ 63%] [32mBuilding CXX object CMakeFiles/rmf_charger_msgs__rosidl_typesupport_c.dir/rosidl_typesupport_c/rmf_charger_msgs/msg/charger_request__type_support.cpp.o[0m
[ 65%] [32m[1mLinking CXX shared library librmf_charger_msgs__rosidl_typesupport_c.so[0m
[ 65%] Built target rmf_charger_msgs__rosidl_typesupport_c
[ 68%] [34m[1mGenerating C introspection for ROS interfaces[0m
[ 70%] [32mBuilding C object CMakeFiles/rmf_charger_msgs__rosidl_typesupport_introspection_c.dir/rosidl_typesupport_introspection_c/rmf_charger_msgs/msg/detail/charger_state__type_support.c.o[0m
[ 72%] [32mBuilding C object CMakeFiles/rmf_charger_msgs__rosidl_typesupport_introspection_c.dir/rosidl_typesupport_introspection_c/rmf_charger_msgs/msg/detail/charger_cancel__type_support.c.o[0m
[ 74%] [32mBuilding C object CMakeFiles/rmf_charger_msgs__rosidl_typesupport_introspection_c.dir/rosidl_typesupport_introspection_c/rmf_charger_msgs/msg/detail/charger_request__type_support.c.o[0m
[ 76%] [32m[1mLinking C shared library librmf_charger_msgs__rosidl_typesupport_introspection_c.so[0m
[ 76%] Built target rmf_charger_msgs__rosidl_typesupport_introspection_c
[ 76%] Built target rmf_charger_msgs
[ 78%] [34m[1mGenerating Python code for ROS interfaces[0m
[ 78%] Built target rmf_charger_msgs__py
[ 80%] [32mBuilding C object CMakeFiles/rmf_charger_msgs__rosidl_generator_py.dir/rosidl_generator_py/rmf_charger_msgs/msg/_charger_state_s.c.o[0m
[ 82%] [32mBuilding C object CMakeFiles/rmf_charger_msgs__rosidl_generator_py.dir/rosidl_generator_py/rmf_charger_msgs/msg/_charger_cancel_s.c.o[0m
[ 85%] [32mBuilding C object CMakeFiles/rmf_charger_msgs__rosidl_generator_py.dir/rosidl_generator_py/rmf_charger_msgs/msg/_charger_request_s.c.o[0m
[ 87%] [32m[1mLinking C shared library rosidl_generator_py/rmf_charger_msgs/librmf_charger_msgs__rosidl_generator_py.so[0m
[ 87%] Built target rmf_charger_msgs__rosidl_generator_py
[ 89%] [32mBuilding C object CMakeFiles/rmf_charger_msgs__rosidl_typesupport_fastrtps_c__pyext.dir/rosidl_generator_py/rmf_charger_msgs/_rmf_charger_msgs_s.ep.rosidl_typesupport_fastrtps_c.c.o[0m
[ 91%] [32m[1mLinking C shared library rosidl_generator_py/rmf_charger_msgs/rmf_charger_msgs_s__rosidl_typesupport_fastrtps_c.cpython-310-x86_64-linux-gnu.so[0m
[ 91%] Built target rmf_charger_msgs__rosidl_typesupport_fastrtps_c__pyext
[ 93%] [32mBuilding C object CMakeFiles/rmf_charger_msgs__rosidl_typesupport_c__pyext.dir/rosidl_generator_py/rmf_charger_msgs/_rmf_charger_msgs_s.ep.rosidl_typesupport_c.c.o[0m
[ 95%] [32m[1mLinking C shared library rosidl_generator_py/rmf_charger_msgs/rmf_charger_msgs_s__rosidl_typesupport_c.cpython-310-x86_64-linux-gnu.so[0m
[ 95%] Built target rmf_charger_msgs__rosidl_typesupport_c__pyext
[ 97%] [32mBuilding C object CMakeFiles/rmf_charger_msgs__rosidl_typesupport_introspection_c__pyext.dir/rosidl_generator_py/rmf_charger_msgs/_rmf_charger_msgs_s.ep.rosidl_typesupport_introspection_c.c.o[0m
[100%] [32m[1mLinking C shared library rosidl_generator_py/rmf_charger_msgs/rmf_charger_msgs_s__rosidl_typesupport_introspection_c.cpython-310-x86_64-linux-gnu.so[0m
[100%] Built target rmf_charger_msgs__rosidl_typesupport_introspection_c__pyext
-- Install configuration: "Release"
-- Installing: /home/wang/rmf_ws/install/rmf_charger_msgs/share/ament_index/resource_index/rosidl_interfaces/rmf_charger_msgs
-- Installing: /home/wang/rmf_ws/install/rmf_charger_msgs/include/rmf_charger_msgs/rmf_charger_msgs
-- Installing: /home/wang/rmf_ws/install/rmf_charger_msgs/include/rmf_charger_msgs/rmf_charger_msgs/msg
-- Installing: /home/wang/rmf_ws/install/rmf_charger_msgs/include/rmf_charger_msgs/rmf_charger_msgs/msg/detail
-- Installing: /home/wang/rmf_ws/install/rmf_charger_msgs/include/rmf_charger_msgs/rmf_charger_msgs/msg/detail/charger_request__struct.h
-- Installing: /home/wang/rmf_ws/install/rmf_charger_msgs/include/rmf_charger_msgs/rmf_charger_msgs/msg/detail/charger_cancel__type_support.h
-- Installing: /home/wang/rmf_ws/install/rmf_charger_msgs/include/rmf_charger_msgs/rmf_charger_msgs/msg/detail/charger_state__type_support.h
-- Installing: /home/wang/rmf_ws/install/rmf_charger_msgs/include/rmf_charger_msgs/rmf_charger_msgs/msg/detail/charger_request__functions.c
-- Installing: /home/wang/rmf_ws/install/rmf_charger_msgs/include/rmf_charger_msgs/rmf_charger_msgs/msg/detail/charger_state__struct.h
-- Installing: /home/wang/rmf_ws/install/rmf_charger_msgs/include/rmf_charger_msgs/rmf_charger_msgs/msg/detail/charger_request__functions.h
-- Installing: /home/wang/rmf_ws/install/rmf_charger_msgs/include/rmf_charger_msgs/rmf_charger_msgs/msg/detail/charger_cancel__struct.h
-- Installing: /home/wang/rmf_ws/install/rmf_charger_msgs/include/rmf_charger_msgs/rmf_charger_msgs/msg/detail/charger_state__functions.c
-- Installing: /home/wang/rmf_ws/install/rmf_charger_msgs/include/rmf_charger_msgs/rmf_charger_msgs/msg/detail/charger_request__type_support.h
-- Installing: /home/wang/rmf_ws/install/rmf_charger_msgs/include/rmf_charger_msgs/rmf_charger_msgs/msg/detail/charger_state__functions.h
-- Installing: /home/wang/rmf_ws/install/rmf_charger_msgs/include/rmf_charger_msgs/rmf_charger_msgs/msg/detail/charger_cancel__functions.c
-- Installing: /home/wang/rmf_ws/install/rmf_charger_msgs/include/rmf_charger_msgs/rmf_charger_msgs/msg/detail/charger_cancel__functions.h
-- Installing: /home/wang/rmf_ws/install/rmf_charger_msgs/include/rmf_charger_msgs/rmf_charger_msgs/msg/rosidl_generator_c__visibility_control.h
-- Installing: /home/wang/rmf_ws/install/rmf_charger_msgs/include/rmf_charger_msgs/rmf_charger_msgs/msg/charger_request.h
-- Installing: /home/wang/rmf_ws/install/rmf_charger_msgs/include/rmf_charger_msgs/rmf_charger_msgs/msg/charger_cancel.h
-- Installing: /home/wang/rmf_ws/install/rmf_charger_msgs/include/rmf_charger_msgs/rmf_charger_msgs/msg/charger_state.h
-- Installing: /home/wang/rmf_ws/install/rmf_charger_msgs/share/rmf_charger_msgs/environment/library_path.sh
-- Installing: /home/wang/rmf_ws/install/rmf_charger_msgs/share/rmf_charger_msgs/environment/library_path.dsv
-- Installing: /home/wang/rmf_ws/install/rmf_charger_msgs/lib/librmf_charger_msgs__rosidl_generator_c.so
-- Set runtime path of "/home/wang/rmf_ws/install/rmf_charger_msgs/lib/librmf_charger_msgs__rosidl_generator_c.so" to ""
-- Up-to-date: /home/wang/rmf_ws/install/rmf_charger_msgs/include/rmf_charger_msgs/rmf_charger_msgs
-- Up-to-date: /home/wang/rmf_ws/install/rmf_charger_msgs/include/rmf_charger_msgs/rmf_charger_msgs/msg
-- Up-to-date: /home/wang/rmf_ws/install/rmf_charger_msgs/include/rmf_charger_msgs/rmf_charger_msgs/msg/detail
-- Installing: /home/wang/rmf_ws/install/rmf_charger_msgs/include/rmf_charger_msgs/rmf_charger_msgs/msg/detail/charger_request__rosidl_typesupport_fastrtps_c.h
-- Installing: /home/wang/rmf_ws/install/rmf_charger_msgs/include/rmf_charger_msgs/rmf_charger_msgs/msg/detail/charger_state__rosidl_typesupport_fastrtps_c.h
-- Installing: /home/wang/rmf_ws/install/rmf_charger_msgs/include/rmf_charger_msgs/rmf_charger_msgs/msg/detail/charger_cancel__rosidl_typesupport_fastrtps_c.h
-- Installing: /home/wang/rmf_ws/install/rmf_charger_msgs/include/rmf_charger_msgs/rmf_charger_msgs/msg/rosidl_typesupport_fastrtps_c__visibility_control.h
-- Installing: /home/wang/rmf_ws/install/rmf_charger_msgs/lib/librmf_charger_msgs__rosidl_typesupport_fastrtps_c.so
-- Set runtime path of "/home/wang/rmf_ws/install/rmf_charger_msgs/lib/librmf_charger_msgs__rosidl_typesupport_fastrtps_c.so" to ""
-- Up-to-date: /home/wang/rmf_ws/install/rmf_charger_msgs/include/rmf_charger_msgs/rmf_charger_msgs
-- Up-to-date: /home/wang/rmf_ws/install/rmf_charger_msgs/include/rmf_charger_msgs/rmf_charger_msgs/msg
-- Up-to-date: /home/wang/rmf_ws/install/rmf_charger_msgs/include/rmf_charger_msgs/rmf_charger_msgs/msg/detail
-- Installing: /home/wang/rmf_ws/install/rmf_charger_msgs/include/rmf_charger_msgs/rmf_charger_msgs/msg/detail/charger_cancel__struct.hpp
-- Installing: /home/wang/rmf_ws/install/rmf_charger_msgs/include/rmf_charger_msgs/rmf_charger_msgs/msg/detail/charger_state__builder.hpp
-- Installing: /home/wang/rmf_ws/install/rmf_charger_msgs/include/rmf_charger_msgs/rmf_charger_msgs/msg/detail/charger_state__traits.hpp
-- Installing: /home/wang/rmf_ws/install/rmf_charger_msgs/include/rmf_charger_msgs/rmf_charger_msgs/msg/detail/charger_state__struct.hpp
-- Installing: /home/wang/rmf_ws/install/rmf_charger_msgs/include/rmf_charger_msgs/rmf_charger_msgs/msg/detail/charger_request__traits.hpp
-- Installing: /home/wang/rmf_ws/install/rmf_charger_msgs/include/rmf_charger_msgs/rmf_charger_msgs/msg/detail/charger_request__struct.hpp
-- Installing: /home/wang/rmf_ws/install/rmf_charger_msgs/include/rmf_charger_msgs/rmf_charger_msgs/msg/detail/charger_request__builder.hpp
-- Installing: /home/wang/rmf_ws/install/rmf_charger_msgs/include/rmf_charger_msgs/rmf_charger_msgs/msg/detail/charger_cancel__traits.hpp
-- Installing: /home/wang/rmf_ws/install/rmf_charger_msgs/include/rmf_charger_msgs/rmf_charger_msgs/msg/detail/charger_cancel__builder.hpp
-- Installing: /home/wang/rmf_ws/install/rmf_charger_msgs/include/rmf_charger_msgs/rmf_charger_msgs/msg/charger_request.hpp
-- Installing: /home/wang/rmf_ws/install/rmf_charger_msgs/include/rmf_charger_msgs/rmf_charger_msgs/msg/charger_cancel.hpp
-- Installing: /home/wang/rmf_ws/install/rmf_charger_msgs/include/rmf_charger_msgs/rmf_charger_msgs/msg/charger_state.hpp
-- Up-to-date: /home/wang/rmf_ws/install/rmf_charger_msgs/include/rmf_charger_msgs/rmf_charger_msgs
-- Up-to-date: /home/wang/rmf_ws/install/rmf_charger_msgs/include/rmf_charger_msgs/rmf_charger_msgs/msg
-- Up-to-date: /home/wang/rmf_ws/install/rmf_charger_msgs/include/rmf_charger_msgs/rmf_charger_msgs/msg/detail
-- Installing: /home/wang/rmf_ws/install/rmf_charger_msgs/include/rmf_charger_msgs/rmf_charger_msgs/msg/detail/dds_fastrtps
-- Installing: /home/wang/rmf_ws/install/rmf_charger_msgs/include/rmf_charger_msgs/rmf_charger_msgs/msg/detail/charger_request__rosidl_typesupport_fastrtps_cpp.hpp
-- Installing: /home/wang/rmf_ws/install/rmf_charger_msgs/include/rmf_charger_msgs/rmf_charger_msgs/msg/detail/charger_state__rosidl_typesupport_fastrtps_cpp.hpp
-- Installing: /home/wang/rmf_ws/install/rmf_charger_msgs/include/rmf_charger_msgs/rmf_charger_msgs/msg/detail/charger_cancel__rosidl_typesupport_fastrtps_cpp.hpp
-- Installing: /home/wang/rmf_ws/install/rmf_charger_msgs/include/rmf_charger_msgs/rmf_charger_msgs/msg/rosidl_typesupport_fastrtps_cpp__visibility_control.h
-- Installing: /home/wang/rmf_ws/install/rmf_charger_msgs/lib/librmf_charger_msgs__rosidl_typesupport_fastrtps_cpp.so
-- Set runtime path of "/home/wang/rmf_ws/install/rmf_charger_msgs/lib/librmf_charger_msgs__rosidl_typesupport_fastrtps_cpp.so" to ""
-- Up-to-date: /home/wang/rmf_ws/install/rmf_charger_msgs/include/rmf_charger_msgs/rmf_charger_msgs
-- Up-to-date: /home/wang/rmf_ws/install/rmf_charger_msgs/include/rmf_charger_msgs/rmf_charger_msgs/msg
-- Up-to-date: /home/wang/rmf_ws/install/rmf_charger_msgs/include/rmf_charger_msgs/rmf_charger_msgs/msg/detail
-- Installing: /home/wang/rmf_ws/install/rmf_charger_msgs/include/rmf_charger_msgs/rmf_charger_msgs/msg/detail/charger_request__type_support.c
-- Installing: /home/wang/rmf_ws/install/rmf_charger_msgs/include/rmf_charger_msgs/rmf_charger_msgs/msg/detail/charger_cancel__rosidl_typesupport_introspection_c.h
-- Installing: /home/wang/rmf_ws/install/rmf_charger_msgs/include/rmf_charger_msgs/rmf_charger_msgs/msg/detail/charger_cancel__type_support.c
-- Installing: /home/wang/rmf_ws/install/rmf_charger_msgs/include/rmf_charger_msgs/rmf_charger_msgs/msg/detail/charger_request__rosidl_typesupport_introspection_c.h
-- Installing: /home/wang/rmf_ws/install/rmf_charger_msgs/include/rmf_charger_msgs/rmf_charger_msgs/msg/detail/charger_state__rosidl_typesupport_introspection_c.h
-- Installing: /home/wang/rmf_ws/install/rmf_charger_msgs/include/rmf_charger_msgs/rmf_charger_msgs/msg/detail/charger_state__type_support.c
-- Installing: /home/wang/rmf_ws/install/rmf_charger_msgs/include/rmf_charger_msgs/rmf_charger_msgs/msg/rosidl_typesupport_introspection_c__visibility_control.h
-- Installing: /home/wang/rmf_ws/install/rmf_charger_msgs/lib/librmf_charger_msgs__rosidl_typesupport_introspection_c.so
-- Set runtime path of "/home/wang/rmf_ws/install/rmf_charger_msgs/lib/librmf_charger_msgs__rosidl_typesupport_introspection_c.so" to ""
-- Installing: /home/wang/rmf_ws/install/rmf_charger_msgs/lib/librmf_charger_msgs__rosidl_typesupport_c.so
-- Set runtime path of "/home/wang/rmf_ws/install/rmf_charger_msgs/lib/librmf_charger_msgs__rosidl_typesupport_c.so" to ""
-- Up-to-date: /home/wang/rmf_ws/install/rmf_charger_msgs/include/rmf_charger_msgs/rmf_charger_msgs
-- Up-to-date: /home/wang/rmf_ws/install/rmf_charger_msgs/include/rmf_charger_msgs/rmf_charger_msgs/msg
-- Up-to-date: /home/wang/rmf_ws/install/rmf_charger_msgs/include/rmf_charger_msgs/rmf_charger_msgs/msg/detail
-- Installing: /home/wang/rmf_ws/install/rmf_charger_msgs/include/rmf_charger_msgs/rmf_charger_msgs/msg/detail/charger_cancel__type_support.cpp
-- Installing: /home/wang/rmf_ws/install/rmf_charger_msgs/include/rmf_charger_msgs/rmf_charger_msgs/msg/detail/charger_state__rosidl_typesupport_introspection_cpp.hpp
-- Installing: /home/wang/rmf_ws/install/rmf_charger_msgs/include/rmf_charger_msgs/rmf_charger_msgs/msg/detail/charger_state__type_support.cpp
-- Installing: /home/wang/rmf_ws/install/rmf_charger_msgs/include/rmf_charger_msgs/rmf_charger_msgs/msg/detail/charger_request__type_support.cpp
-- Installing: /home/wang/rmf_ws/install/rmf_charger_msgs/include/rmf_charger_msgs/rmf_charger_msgs/msg/detail/charger_cancel__rosidl_typesupport_introspection_cpp.hpp
-- Installing: /home/wang/rmf_ws/install/rmf_charger_msgs/include/rmf_charger_msgs/rmf_charger_msgs/msg/detail/charger_request__rosidl_typesupport_introspection_cpp.hpp
-- Installing: /home/wang/rmf_ws/install/rmf_charger_msgs/lib/librmf_charger_msgs__rosidl_typesupport_introspection_cpp.so
-- Set runtime path of "/home/wang/rmf_ws/install/rmf_charger_msgs/lib/librmf_charger_msgs__rosidl_typesupport_introspection_cpp.so" to ""
-- Installing: /home/wang/rmf_ws/install/rmf_charger_msgs/lib/librmf_charger_msgs__rosidl_typesupport_cpp.so
-- Set runtime path of "/home/wang/rmf_ws/install/rmf_charger_msgs/lib/librmf_charger_msgs__rosidl_typesupport_cpp.so" to ""
-- Installing: /home/wang/rmf_ws/install/rmf_charger_msgs/share/rmf_charger_msgs/environment/pythonpath.sh
-- Installing: /home/wang/rmf_ws/install/rmf_charger_msgs/share/rmf_charger_msgs/environment/pythonpath.dsv
-- Installing: /home/wang/rmf_ws/install/rmf_charger_msgs/local/lib/python3.10/dist-packages/rmf_charger_msgs-3.0.3-py3.10.egg-info
-- Installing: /home/wang/rmf_ws/install/rmf_charger_msgs/local/lib/python3.10/dist-packages/rmf_charger_msgs-3.0.3-py3.10.egg-info/PKG-INFO
-- Installing: /home/wang/rmf_ws/install/rmf_charger_msgs/local/lib/python3.10/dist-packages/rmf_charger_msgs-3.0.3-py3.10.egg-info/dependency_links.txt
-- Installing: /home/wang/rmf_ws/install/rmf_charger_msgs/local/lib/python3.10/dist-packages/rmf_charger_msgs-3.0.3-py3.10.egg-info/SOURCES.txt
-- Installing: /home/wang/rmf_ws/install/rmf_charger_msgs/local/lib/python3.10/dist-packages/rmf_charger_msgs-3.0.3-py3.10.egg-info/top_level.txt
-- Installing: /home/wang/rmf_ws/install/rmf_charger_msgs/local/lib/python3.10/dist-packages/rmf_charger_msgs
-- Installing: /home/wang/rmf_ws/install/rmf_charger_msgs/local/lib/python3.10/dist-packages/rmf_charger_msgs/__init__.py
-- Installing: /home/wang/rmf_ws/install/rmf_charger_msgs/local/lib/python3.10/dist-packages/rmf_charger_msgs/_rmf_charger_msgs_s.ep.rosidl_typesupport_fastrtps_c.c
-- Installing: /home/wang/rmf_ws/install/rmf_charger_msgs/local/lib/python3.10/dist-packages/rmf_charger_msgs/_rmf_charger_msgs_s.ep.rosidl_typesupport_c.c
-- Installing: /home/wang/rmf_ws/install/rmf_charger_msgs/local/lib/python3.10/dist-packages/rmf_charger_msgs/rmf_charger_msgs_s__rosidl_typesupport_introspection_c.cpython-310-x86_64-linux-gnu.so
-- Installing: /home/wang/rmf_ws/install/rmf_charger_msgs/local/lib/python3.10/dist-packages/rmf_charger_msgs/_rmf_charger_msgs_s.ep.rosidl_typesupport_introspection_c.c
-- Installing: /home/wang/rmf_ws/install/rmf_charger_msgs/local/lib/python3.10/dist-packages/rmf_charger_msgs/librmf_charger_msgs__rosidl_generator_py.so
-- Installing: /home/wang/rmf_ws/install/rmf_charger_msgs/local/lib/python3.10/dist-packages/rmf_charger_msgs/rmf_charger_msgs_s__rosidl_typesupport_c.cpython-310-x86_64-linux-gnu.so
-- Installing: /home/wang/rmf_ws/install/rmf_charger_msgs/local/lib/python3.10/dist-packages/rmf_charger_msgs/msg
-- Installing: /home/wang/rmf_ws/install/rmf_charger_msgs/local/lib/python3.10/dist-packages/rmf_charger_msgs/msg/__init__.py
-- Installing: /home/wang/rmf_ws/install/rmf_charger_msgs/local/lib/python3.10/dist-packages/rmf_charger_msgs/msg/_charger_cancel_s.c
-- Installing: /home/wang/rmf_ws/install/rmf_charger_msgs/local/lib/python3.10/dist-packages/rmf_charger_msgs/msg/_charger_state.py
-- Installing: /home/wang/rmf_ws/install/rmf_charger_msgs/local/lib/python3.10/dist-packages/rmf_charger_msgs/msg/_charger_request_s.c
-- Installing: /home/wang/rmf_ws/install/rmf_charger_msgs/local/lib/python3.10/dist-packages/rmf_charger_msgs/msg/_charger_request.py
-- Installing: /home/wang/rmf_ws/install/rmf_charger_msgs/local/lib/python3.10/dist-packages/rmf_charger_msgs/msg/_charger_state_s.c
-- Installing: /home/wang/rmf_ws/install/rmf_charger_msgs/local/lib/python3.10/dist-packages/rmf_charger_msgs/msg/_charger_cancel.py
-- Installing: /home/wang/rmf_ws/install/rmf_charger_msgs/local/lib/python3.10/dist-packages/rmf_charger_msgs/rmf_charger_msgs_s__rosidl_typesupport_fastrtps_c.cpython-310-x86_64-linux-gnu.so
Listing '/home/wang/rmf_ws/install/rmf_charger_msgs/local/lib/python3.10/dist-packages/rmf_charger_msgs'...
Compiling '/home/wang/rmf_ws/install/rmf_charger_msgs/local/lib/python3.10/dist-packages/rmf_charger_msgs/__init__.py'...
Listing '/home/wang/rmf_ws/install/rmf_charger_msgs/local/lib/python3.10/dist-packages/rmf_charger_msgs/msg'...
Compiling '/home/wang/rmf_ws/install/rmf_charger_msgs/local/lib/python3.10/dist-packages/rmf_charger_msgs/msg/__init__.py'...
Compiling '/home/wang/rmf_ws/install/rmf_charger_msgs/local/lib/python3.10/dist-packages/rmf_charger_msgs/msg/_charger_cancel.py'...
Compiling '/home/wang/rmf_ws/install/rmf_charger_msgs/local/lib/python3.10/dist-packages/rmf_charger_msgs/msg/_charger_request.py'...
Compiling '/home/wang/rmf_ws/install/rmf_charger_msgs/local/lib/python3.10/dist-packages/rmf_charger_msgs/msg/_charger_state.py'...
-- Installing: /home/wang/rmf_ws/install/rmf_charger_msgs/local/lib/python3.10/dist-packages/rmf_charger_msgs/rmf_charger_msgs_s__rosidl_typesupport_fastrtps_c.cpython-310-x86_64-linux-gnu.so
-- Set runtime path of "/home/wang/rmf_ws/install/rmf_charger_msgs/local/lib/python3.10/dist-packages/rmf_charger_msgs/rmf_charger_msgs_s__rosidl_typesupport_fastrtps_c.cpython-310-x86_64-linux-gnu.so" to ""
-- Installing: /home/wang/rmf_ws/install/rmf_charger_msgs/local/lib/python3.10/dist-packages/rmf_charger_msgs/rmf_charger_msgs_s__rosidl_typesupport_introspection_c.cpython-310-x86_64-linux-gnu.so
-- Set runtime path of "/home/wang/rmf_ws/install/rmf_charger_msgs/local/lib/python3.10/dist-packages/rmf_charger_msgs/rmf_charger_msgs_s__rosidl_typesupport_introspection_c.cpython-310-x86_64-linux-gnu.so" to ""
-- Installing: /home/wang/rmf_ws/install/rmf_charger_msgs/local/lib/python3.10/dist-packages/rmf_charger_msgs/rmf_charger_msgs_s__rosidl_typesupport_c.cpython-310-x86_64-linux-gnu.so
-- Set runtime path of "/home/wang/rmf_ws/install/rmf_charger_msgs/local/lib/python3.10/dist-packages/rmf_charger_msgs/rmf_charger_msgs_s__rosidl_typesupport_c.cpython-310-x86_64-linux-gnu.so" to ""
-- Installing: /home/wang/rmf_ws/install/rmf_charger_msgs/lib/librmf_charger_msgs__rosidl_generator_py.so
-- Set runtime path of "/home/wang/rmf_ws/install/rmf_charger_msgs/lib/librmf_charger_msgs__rosidl_generator_py.so" to ""
-- Installing: /home/wang/rmf_ws/install/rmf_charger_msgs/share/rmf_charger_msgs/msg/ChargerState.idl
-- Installing: /home/wang/rmf_ws/install/rmf_charger_msgs/share/rmf_charger_msgs/msg/ChargerRequest.idl
-- Installing: /home/wang/rmf_ws/install/rmf_charger_msgs/share/rmf_charger_msgs/msg/ChargerCancel.idl
-- Installing: /home/wang/rmf_ws/install/rmf_charger_msgs/share/rmf_charger_msgs/msg/ChargerState.msg
-- Installing: /home/wang/rmf_ws/install/rmf_charger_msgs/share/rmf_charger_msgs/msg/ChargerRequest.msg
-- Installing: /home/wang/rmf_ws/install/rmf_charger_msgs/share/rmf_charger_msgs/msg/ChargerCancel.msg
-- Installing: /home/wang/rmf_ws/install/rmf_charger_msgs/share/ament_index/resource_index/package_run_dependencies/rmf_charger_msgs
-- Installing: /home/wang/rmf_ws/install/rmf_charger_msgs/share/ament_index/resource_index/parent_prefix_path/rmf_charger_msgs
-- Installing: /home/wang/rmf_ws/install/rmf_charger_msgs/share/rmf_charger_msgs/environment/ament_prefix_path.sh
-- Installing: /home/wang/rmf_ws/install/rmf_charger_msgs/share/rmf_charger_msgs/environment/ament_prefix_path.dsv
-- Installing: /home/wang/rmf_ws/install/rmf_charger_msgs/share/rmf_charger_msgs/environment/path.sh
-- Installing: /home/wang/rmf_ws/install/rmf_charger_msgs/share/rmf_charger_msgs/environment/path.dsv
-- Installing: /home/wang/rmf_ws/install/rmf_charger_msgs/share/rmf_charger_msgs/local_setup.bash
-- Installing: /home/wang/rmf_ws/install/rmf_charger_msgs/share/rmf_charger_msgs/local_setup.sh
-- Installing: /home/wang/rmf_ws/install/rmf_charger_msgs/share/rmf_charger_msgs/local_setup.zsh
-- Installing: /home/wang/rmf_ws/install/rmf_charger_msgs/share/rmf_charger_msgs/local_setup.dsv
-- Installing: /home/wang/rmf_ws/install/rmf_charger_msgs/share/rmf_charger_msgs/package.dsv
-- Installing: /home/wang/rmf_ws/install/rmf_charger_msgs/share/ament_index/resource_index/packages/rmf_charger_msgs
-- Installing: /home/wang/rmf_ws/install/rmf_charger_msgs/share/rmf_charger_msgs/cmake/export_rmf_charger_msgs__rosidl_generator_cExport.cmake
-- Installing: /home/wang/rmf_ws/install/rmf_charger_msgs/share/rmf_charger_msgs/cmake/export_rmf_charger_msgs__rosidl_generator_cExport-release.cmake
-- Installing: /home/wang/rmf_ws/install/rmf_charger_msgs/share/rmf_charger_msgs/cmake/export_rmf_charger_msgs__rosidl_typesupport_fastrtps_cExport.cmake
-- Installing: /home/wang/rmf_ws/install/rmf_charger_msgs/share/rmf_charger_msgs/cmake/export_rmf_charger_msgs__rosidl_typesupport_fastrtps_cExport-release.cmake
-- Installing: /home/wang/rmf_ws/install/rmf_charger_msgs/share/rmf_charger_msgs/cmake/export_rmf_charger_msgs__rosidl_generator_cppExport.cmake
-- Installing: /home/wang/rmf_ws/install/rmf_charger_msgs/share/rmf_charger_msgs/cmake/export_rmf_charger_msgs__rosidl_typesupport_fastrtps_cppExport.cmake
-- Installing: /home/wang/rmf_ws/install/rmf_charger_msgs/share/rmf_charger_msgs/cmake/export_rmf_charger_msgs__rosidl_typesupport_fastrtps_cppExport-release.cmake
-- Installing: /home/wang/rmf_ws/install/rmf_charger_msgs/share/rmf_charger_msgs/cmake/rmf_charger_msgs__rosidl_typesupport_introspection_cExport.cmake
-- Installing: /home/wang/rmf_ws/install/rmf_charger_msgs/share/rmf_charger_msgs/cmake/rmf_charger_msgs__rosidl_typesupport_introspection_cExport-release.cmake
-- Installing: /home/wang/rmf_ws/install/rmf_charger_msgs/share/rmf_charger_msgs/cmake/rmf_charger_msgs__rosidl_typesupport_cExport.cmake
-- Installing: /home/wang/rmf_ws/install/rmf_charger_msgs/share/rmf_charger_msgs/cmake/rmf_charger_msgs__rosidl_typesupport_cExport-release.cmake
-- Installing: /home/wang/rmf_ws/install/rmf_charger_msgs/share/rmf_charger_msgs/cmake/rmf_charger_msgs__rosidl_typesupport_introspection_cppExport.cmake
-- Installing: /home/wang/rmf_ws/install/rmf_charger_msgs/share/rmf_charger_msgs/cmake/rmf_charger_msgs__rosidl_typesupport_introspection_cppExport-release.cmake
-- Installing: /home/wang/rmf_ws/install/rmf_charger_msgs/share/rmf_charger_msgs/cmake/rmf_charger_msgs__rosidl_typesupport_cppExport.cmake
-- Installing: /home/wang/rmf_ws/install/rmf_charger_msgs/share/rmf_charger_msgs/cmake/rmf_charger_msgs__rosidl_typesupport_cppExport-release.cmake
-- Installing: /home/wang/rmf_ws/install/rmf_charger_msgs/share/rmf_charger_msgs/cmake/export_rmf_charger_msgs__rosidl_generator_pyExport.cmake
-- Installing: /home/wang/rmf_ws/install/rmf_charger_msgs/share/rmf_charger_msgs/cmake/export_rmf_charger_msgs__rosidl_generator_pyExport-release.cmake
-- Installing: /home/wang/rmf_ws/install/rmf_charger_msgs/share/rmf_charger_msgs/cmake/rosidl_cmake-extras.cmake
-- Installing: /home/wang/rmf_ws/install/rmf_charger_msgs/share/rmf_charger_msgs/cmake/ament_cmake_export_dependencies-extras.cmake
-- Installing: /home/wang/rmf_ws/install/rmf_charger_msgs/share/rmf_charger_msgs/cmake/ament_cmake_export_include_directories-extras.cmake
-- Installing: /home/wang/rmf_ws/install/rmf_charger_msgs/share/rmf_charger_msgs/cmake/ament_cmake_export_libraries-extras.cmake
-- Installing: /home/wang/rmf_ws/install/rmf_charger_msgs/share/rmf_charger_msgs/cmake/ament_cmake_export_targets-extras.cmake
-- Installing: /home/wang/rmf_ws/install/rmf_charger_msgs/share/rmf_charger_msgs/cmake/rosidl_cmake_export_typesupport_targets-extras.cmake
-- Installing: /home/wang/rmf_ws/install/rmf_charger_msgs/share/rmf_charger_msgs/cmake/rosidl_cmake_export_typesupport_libraries-extras.cmake
-- Installing: /home/wang/rmf_ws/install/rmf_charger_msgs/share/rmf_charger_msgs/cmake/rmf_charger_msgsConfig.cmake
-- Installing: /home/wang/rmf_ws/install/rmf_charger_msgs/share/rmf_charger_msgs/cmake/rmf_charger_msgsConfig-version.cmake
-- Installing: /home/wang/rmf_ws/install/rmf_charger_msgs/share/rmf_charger_msgs/package.xml
