-- The C compiler identification is Clang 14.0.0
-- The CXX compiler identification is Clang 14.0.0
-- Detecting C compiler ABI info
-- Detecting C compiler ABI info - done
-- Check for working C compiler: /usr/bin/clang - skipped
-- Detecting C compile features
-- Detecting C compile features - done
-- Detecting CXX compiler ABI info
-- Detecting CXX compiler ABI info - done
-- Check for working CXX compiler: /usr/bin/clang++ - skipped
-- Detecting CXX compile features
-- Detecting CXX compile features - done
-- Found Python3: /usr/bin/python3.10 (found version "3.10.6") found components: Interpreter 
-- Configuring done (4.8s)
-- Generating done (0.0s)
-- Build files have been written to: /home/wang/rmf_ws/build/rmf_utils
[ 16%] [32mBuilding CXX object CMakeFiles/rmf_utils.dir/src/rmf_utils/RateLimiter.cpp.o[0m
[ 33%] [32m[1mLinking CXX shared library librmf_utils.so[0m
[ 33%] Built target rmf_utils
[ 50%] [32mBuilding CXX object CMakeFiles/test_rmf_utils.dir/test/main.cpp.o[0m
[ 66%] [32mBuilding CXX object CMakeFiles/test_rmf_utils.dir/test/unit/TestClass.cpp.o[0m
[ 83%] [32mBuilding CXX object CMakeFiles/test_rmf_utils.dir/test/unit/test_impl_ptr.cpp.o[0m
[100%] [32m[1mLinking CXX executable test_rmf_utils[0m
[100%] Built target test_rmf_utils
-- Install configuration: "Release"
-- Installing: /home/wang/rmf_ws/install/rmf_utils/lib/librmf_utils.so
-- Installing: /home/wang/rmf_ws/install/rmf_utils/include/rmf_utils
-- Installing: /home/wang/rmf_ws/install/rmf_utils/include/rmf_utils/Modular.hpp
-- Installing: /home/wang/rmf_ws/install/rmf_utils/include/rmf_utils/impl_ptr.hpp
-- Installing: /home/wang/rmf_ws/install/rmf_utils/include/rmf_utils/AssignID.hpp
-- Installing: /home/wang/rmf_ws/install/rmf_utils/include/rmf_utils/macros.hpp
-- Installing: /home/wang/rmf_ws/install/rmf_utils/include/rmf_utils/catch.hpp
-- Installing: /home/wang/rmf_ws/install/rmf_utils/include/rmf_utils/optional.hpp
-- Installing: /home/wang/rmf_ws/install/rmf_utils/include/rmf_utils/clone_ptr.hpp
-- Installing: /home/wang/rmf_ws/install/rmf_utils/include/rmf_utils/math.hpp
-- Installing: /home/wang/rmf_ws/install/rmf_utils/include/rmf_utils/RateLimiter.hpp
-- Installing: /home/wang/rmf_ws/install/rmf_utils/lib/rmf_utils/cmake/rmf_utils-config-version.cmake
-- Installing: /home/wang/rmf_ws/install/rmf_utils/lib/rmf_utils/cmake/rmf_utils-config.cmake
-- Installing: /home/wang/rmf_ws/install/rmf_utils/lib/rmf_utils/cmake/rmf_utils-targets.cmake
-- Installing: /home/wang/rmf_ws/install/rmf_utils/lib/rmf_utils/cmake/rmf_utils-targets-release.cmake
-- Installing: /home/wang/rmf_ws/install/rmf_utils/share/rmf_utils/rmf_code_style.cfg
-- Installing: /home/wang/rmf_ws/install/rmf_utils/share/ament_index/resource_index/packages/rmf_utils
-- Installing: /home/wang/rmf_ws/install/rmf_utils/share/rmf_utils/hook/ament_prefix_path.dsv
