[0.098s] Invoking command in '/home/wang/rmf_ws/build/rmf_utils': AMENT_PREFIX_PATH=/home/wang/rmf_ws/install/ament_cmake_catch2:${AMENT_PREFIX_PATH} CMAKE_PREFIX_PATH=/home/wang/rmf_ws/install/ament_cmake_catch2:/opt/ros/humble /home/wang/.local/bin/cmake /home/wang/rmf_ws/src/rmf/rmf_utils/rmf_utils -DCMAKE_EXE_LINKER_FLAGS=-fuse-ld=lld -DCMAKE_MODULE_LINKER_FLAGS=-fuse-ld=lld -DCMAKE_SHARED_LINKER_FLAGS=-fuse-ld=lld -DCMAKE_BUILD_TYPE=Release -DCMAKE_INSTALL_PREFIX=/home/wang/rmf_ws/install/rmf_utils
[4.000s] -- The C compiler identification is Clang 14.0.0
[4.000s] -- The CXX compiler identification is Clang 14.0.0
[4.000s] -- Detecting C compiler ABI info
[4.000s] -- Detecting C compiler ABI info - done
[4.000s] -- Check for working C compiler: /usr/bin/clang - skipped
[4.000s] -- Detecting C compile features
[4.001s] -- Detecting C compile features - done
[4.001s] -- Detecting CXX compiler ABI info
[4.001s] -- Detecting CXX compiler ABI info - done
[4.001s] -- Check for working CXX compiler: /usr/bin/clang++ - skipped
[4.002s] -- Detecting CXX compile features
[4.002s] -- Detecting CXX compile features - done
[4.761s] -- Found Python3: /usr/bin/python3.10 (found version "3.10.6") found components: Interpreter 
[5.004s] -- Configuring done (4.8s)
[5.033s] -- Generating done (0.0s)
[5.035s] -- Build files have been written to: /home/wang/rmf_ws/build/rmf_utils
[5.117s] Invoked command in '/home/wang/rmf_ws/build/rmf_utils' returned '0': AMENT_PREFIX_PATH=/home/wang/rmf_ws/install/ament_cmake_catch2:${AMENT_PREFIX_PATH} CMAKE_PREFIX_PATH=/home/wang/rmf_ws/install/ament_cmake_catch2:/opt/ros/humble /home/wang/.local/bin/cmake /home/wang/rmf_ws/src/rmf/rmf_utils/rmf_utils -DCMAKE_EXE_LINKER_FLAGS=-fuse-ld=lld -DCMAKE_MODULE_LINKER_FLAGS=-fuse-ld=lld -DCMAKE_SHARED_LINKER_FLAGS=-fuse-ld=lld -DCMAKE_BUILD_TYPE=Release -DCMAKE_INSTALL_PREFIX=/home/wang/rmf_ws/install/rmf_utils
[5.118s] Invoking command in '/home/wang/rmf_ws/build/rmf_utils': AMENT_PREFIX_PATH=/home/wang/rmf_ws/install/ament_cmake_catch2:${AMENT_PREFIX_PATH} CMAKE_PREFIX_PATH=/home/wang/rmf_ws/install/ament_cmake_catch2:/opt/ros/humble /home/wang/.local/bin/cmake --build /home/wang/rmf_ws/build/rmf_utils -- -j16 -l16
[13.666s] [ 16%] [32mBuilding CXX object CMakeFiles/rmf_utils.dir/src/rmf_utils/RateLimiter.cpp.o[0m
[13.666s] [ 33%] [32m[1mLinking CXX shared library librmf_utils.so[0m
[13.666s] [ 33%] Built target rmf_utils
[13.666s] [ 50%] [32mBuilding CXX object CMakeFiles/test_rmf_utils.dir/test/main.cpp.o[0m
[13.666s] [ 66%] [32mBuilding CXX object CMakeFiles/test_rmf_utils.dir/test/unit/TestClass.cpp.o[0m
[13.666s] [ 83%] [32mBuilding CXX object CMakeFiles/test_rmf_utils.dir/test/unit/test_impl_ptr.cpp.o[0m
[39.890s] [100%] [32m[1mLinking CXX executable test_rmf_utils[0m
[39.966s] [100%] Built target test_rmf_utils
[39.978s] Invoked command in '/home/wang/rmf_ws/build/rmf_utils' returned '0': AMENT_PREFIX_PATH=/home/wang/rmf_ws/install/ament_cmake_catch2:${AMENT_PREFIX_PATH} CMAKE_PREFIX_PATH=/home/wang/rmf_ws/install/ament_cmake_catch2:/opt/ros/humble /home/wang/.local/bin/cmake --build /home/wang/rmf_ws/build/rmf_utils -- -j16 -l16
[40.047s] Invoking command in '/home/wang/rmf_ws/build/rmf_utils': AMENT_PREFIX_PATH=/home/wang/rmf_ws/install/ament_cmake_catch2:${AMENT_PREFIX_PATH} CMAKE_PREFIX_PATH=/home/wang/rmf_ws/install/ament_cmake_catch2:/opt/ros/humble /home/wang/.local/bin/cmake --install /home/wang/rmf_ws/build/rmf_utils
[40.099s] -- Install configuration: "Release"
[40.099s] -- Installing: /home/wang/rmf_ws/install/rmf_utils/lib/librmf_utils.so
[40.100s] -- Installing: /home/wang/rmf_ws/install/rmf_utils/include/rmf_utils
[40.100s] -- Installing: /home/wang/rmf_ws/install/rmf_utils/include/rmf_utils/Modular.hpp
[40.100s] -- Installing: /home/wang/rmf_ws/install/rmf_utils/include/rmf_utils/impl_ptr.hpp
[40.101s] -- Installing: /home/wang/rmf_ws/install/rmf_utils/include/rmf_utils/AssignID.hpp
[40.101s] -- Installing: /home/wang/rmf_ws/install/rmf_utils/include/rmf_utils/macros.hpp
[40.101s] -- Installing: /home/wang/rmf_ws/install/rmf_utils/include/rmf_utils/catch.hpp
[40.101s] -- Installing: /home/wang/rmf_ws/install/rmf_utils/include/rmf_utils/optional.hpp
[40.101s] -- Installing: /home/wang/rmf_ws/install/rmf_utils/include/rmf_utils/clone_ptr.hpp
[40.102s] -- Installing: /home/wang/rmf_ws/install/rmf_utils/include/rmf_utils/math.hpp
[40.102s] -- Installing: /home/wang/rmf_ws/install/rmf_utils/include/rmf_utils/RateLimiter.hpp
[40.102s] -- Installing: /home/wang/rmf_ws/install/rmf_utils/lib/rmf_utils/cmake/rmf_utils-config-version.cmake
[40.102s] -- Installing: /home/wang/rmf_ws/install/rmf_utils/lib/rmf_utils/cmake/rmf_utils-config.cmake
[40.102s] -- Installing: /home/wang/rmf_ws/install/rmf_utils/lib/rmf_utils/cmake/rmf_utils-targets.cmake
[40.102s] -- Installing: /home/wang/rmf_ws/install/rmf_utils/lib/rmf_utils/cmake/rmf_utils-targets-release.cmake
[40.102s] -- Installing: /home/wang/rmf_ws/install/rmf_utils/share/rmf_utils/rmf_code_style.cfg
[40.103s] -- Installing: /home/wang/rmf_ws/install/rmf_utils/share/ament_index/resource_index/packages/rmf_utils
[40.103s] -- Installing: /home/wang/rmf_ws/install/rmf_utils/share/rmf_utils/hook/ament_prefix_path.dsv
[40.125s] Invoked command in '/home/wang/rmf_ws/build/rmf_utils' returned '0': AMENT_PREFIX_PATH=/home/wang/rmf_ws/install/ament_cmake_catch2:${AMENT_PREFIX_PATH} CMAKE_PREFIX_PATH=/home/wang/rmf_ws/install/ament_cmake_catch2:/opt/ros/humble /home/wang/.local/bin/cmake --install /home/wang/rmf_ws/build/rmf_utils
