-- The C compiler identification is Clang 14.0.0
-- The CXX compiler identification is Clang 14.0.0
-- Detecting C compiler ABI info
-- Detecting C compiler ABI info - done
-- Check for working C compiler: /usr/bin/clang - skipped
-- Detecting C compile features
-- Detecting C compile features - done
-- Detecting CXX compiler ABI info
-- Detecting CXX compiler ABI info - done
-- Check for working CXX compiler: /usr/bin/clang++ - skipped
-- Detecting CXX compile features
-- Detecting CXX compile features - done
-- Found ament_cmake: 1.3.5 (/opt/ros/humble/share/ament_cmake/cmake)
-- Found Python3: /usr/bin/python3.10 (found version "3.10.6") found components: Interpreter 
-- Found rclcpp: 16.0.4 (/opt/ros/humble/share/rclcpp/cmake)
-- Found rosidl_generator_c: 3.1.4 (/opt/ros/humble/share/rosidl_generator_c/cmake)
-- Found rosidl_adapter: 3.1.4 (/opt/ros/humble/share/rosidl_adapter/cmake)
-- Found rosidl_generator_cpp: 3.1.4 (/opt/ros/humble/share/rosidl_generator_cpp/cmake)
-- Using all available rosidl_typesupport_c: rosidl_typesupport_fastrtps_c;rosidl_typesupport_introspection_c
-- Using all available rosidl_typesupport_cpp: rosidl_typesupport_fastrtps_cpp;rosidl_typesupport_introspection_cpp
-- Found rmw_implementation_cmake: 6.1.1 (/opt/ros/humble/share/rmw_implementation_cmake/cmake)
-- Found rmw_fastrtps_cpp: 6.2.2 (/opt/ros/humble/share/rmw_fastrtps_cpp/cmake)
-- Found OpenSSL: /usr/lib/x86_64-linux-gnu/libcrypto.so (found version "3.0.2")  
-- Found FastRTPS: /opt/ros/humble/include  
-- Using RMW implementation 'rmw_fastrtps_cpp' as default
-- Performing Test CMAKE_HAVE_LIBC_PTHREAD
-- Performing Test CMAKE_HAVE_LIBC_PTHREAD - Success
-- Found Threads: TRUE  
-- Found rmf_door_msgs: 3.0.3 (/home/wang/rmf_ws/install/rmf_door_msgs/share/rmf_door_msgs/cmake)
-- Found rmf_lift_msgs: 3.0.3 (/home/wang/rmf_ws/install/rmf_lift_msgs/share/rmf_lift_msgs/cmake)
-- Found rmf_building_map_msgs: 1.2.1 (/home/wang/rmf_ws/install/rmf_building_map_msgs/share/rmf_building_map_msgs/cmake)
-- Found menge_vendor: 1.0.1 (/home/wang/rmf_ws/install/menge_vendor/share/menge_vendor/cmake)
-- Configuring done (2.7s)
-- Generating done (0.0s)
-- Build files have been written to: /home/wang/rmf_ws/build/rmf_building_sim_common
[ 12%] [32mBuilding CXX object CMakeFiles/rmf_building_sim_utils.dir/src/utils.cpp.o[0m
[ 25%] [32m[1mLinking CXX shared library librmf_building_sim_utils.so[0m
[ 25%] Built target rmf_building_sim_utils
[ 37%] [32mBuilding CXX object CMakeFiles/crowd_simulator_common.dir/src/crowd_simulator_common.cpp.o[0m
In file included from /home/wang/rmf_ws/src/rmf/rmf_simulation/rmf_building_sim_common/src/crowd_simulator_common.cpp:23:
In file included from /home/wang/rmf_ws/src/rmf/rmf_simulation/rmf_building_sim_common/include/rmf_building_sim_common/crowd_simulator_common.hpp:27:
In file included from /home/wang/rmf_ws/install/menge_vendor/include/MengeCore/Runtime/SimulatorDB.h:31:
[1m/home/wang/rmf_ws/install/menge_vendor/include/MengeCore/MengeException.h:33:9: [0m[0;1;35mwarning: [0m[1munknown pragma ignored [-Wunknown-pragmas][0m
#pragma warning(disable : 4275)
[0;1;32m        ^
[0m[1m/home/wang/rmf_ws/install/menge_vendor/include/MengeCore/MengeException.h:71:9: [0m[0;1;35mwarning: [0m[1munknown pragma ignored [-Wunknown-pragmas][0m
#pragma warning(default : 4275)
[0;1;32m        ^
[0mIn file included from /home/wang/rmf_ws/src/rmf/rmf_simulation/rmf_building_sim_common/src/crowd_simulator_common.cpp:23:
In file included from /home/wang/rmf_ws/src/rmf/rmf_simulation/rmf_building_sim_common/include/rmf_building_sim_common/crowd_simulator_common.hpp:28:
In file included from /home/wang/rmf_ws/install/menge_vendor/include/MengeCore/Orca/ORCADBEntry.h:27:
In file included from /home/wang/rmf_ws/install/menge_vendor/include/MengeCore/Orca/ORCA.h:27:
In file included from /home/wang/rmf_ws/install/menge_vendor/include/MengeCore/Orca/ORCAAgent.h:27:
In file included from /home/wang/rmf_ws/install/menge_vendor/include/MengeCore/Agents/BaseAgent.h:29:
In file included from /home/wang/rmf_ws/install/menge_vendor/include/MengeCore/Agents/PrefVelocity.h:27:
In file included from /home/wang/rmf_ws/install/menge_vendor/include/MengeCore/mengeCommon.h:36:
In file included from /home/wang/rmf_ws/install/menge_vendor/include/MengeCore/Math/RandGenerator.h:39:
In file included from /home/wang/rmf_ws/install/menge_vendor/include/MengeCore/Math/vector.h:32:
[1m/home/wang/rmf_ws/install/menge_vendor/include/MengeCore/Math/Vector2.h:76:10: [0m[0;1;35mwarning: [0m[1mdefinition of implicit copy assignment operator for 'Vector2d<float>' is deprecated because it has a user-provided copy constructor [-Wdeprecated-copy-with-user-provided-copy][0m
  inline Vector2d(const Vector2d& v) : _x(v._x), _y(v._y) {}
[0;1;32m         ^
[0m[1m/home/wang/rmf_ws/install/menge_vendor/include/MengeCore/Agents/PrefVelocity.h:138:81: [0m[0;1;30mnote: [0min implicit copy assignment operator for 'Menge::Math::Vector2d<float>' first required here[0m
  inline void setSingle(const Math::Vector2& dir) { _left = _preferred = _right = dir; }
[0;1;32m                                                                                ^
[0mIn file included from /home/wang/rmf_ws/src/rmf/rmf_simulation/rmf_building_sim_common/src/crowd_simulator_common.cpp:23:
In file included from /home/wang/rmf_ws/src/rmf/rmf_simulation/rmf_building_sim_common/include/rmf_building_sim_common/crowd_simulator_common.hpp:28:
In file included from /home/wang/rmf_ws/install/menge_vendor/include/MengeCore/Orca/ORCADBEntry.h:27:
In file included from /home/wang/rmf_ws/install/menge_vendor/include/MengeCore/Orca/ORCA.h:27:
In file included from /home/wang/rmf_ws/install/menge_vendor/include/MengeCore/Orca/ORCAAgent.h:27:
In file included from /home/wang/rmf_ws/install/menge_vendor/include/MengeCore/Agents/BaseAgent.h:33:
[1m/home/wang/rmf_ws/install/menge_vendor/include/MengeCore/BFSM/VelocityModifiers/VelModifier.h:122:55: [0m[0;1;35mwarning: [0m[1munused parameter 'agent' [-Wunused-parameter][0m
  virtual void registerAgent(const Agents::BaseAgent* agent) {}
[0;1;32m                                                      ^
[0m[1m/home/wang/rmf_ws/install/menge_vendor/include/MengeCore/BFSM/VelocityModifiers/VelModifier.h:132:57: [0m[0;1;35mwarning: [0m[1munused parameter 'agent' [-Wunused-parameter][0m
  virtual void unregisterAgent(const Agents::BaseAgent* agent) {}
[0;1;32m                                                        ^
[0mIn file included from /home/wang/rmf_ws/src/rmf/rmf_simulation/rmf_building_sim_common/src/crowd_simulator_common.cpp:23:
In file included from /home/wang/rmf_ws/src/rmf/rmf_simulation/rmf_building_sim_common/include/rmf_building_sim_common/crowd_simulator_common.hpp:28:
In file included from /home/wang/rmf_ws/install/menge_vendor/include/MengeCore/Orca/ORCADBEntry.h:27:
In file included from /home/wang/rmf_ws/install/menge_vendor/include/MengeCore/Orca/ORCA.h:27:
In file included from /home/wang/rmf_ws/install/menge_vendor/include/MengeCore/Orca/ORCAAgent.h:27:
[1m/home/wang/rmf_ws/install/menge_vendor/include/MengeCore/Agents/BaseAgent.h:353:42: [0m[0;1;35mwarning: [0m[1munused parameter 'stride' [-Wunused-parameter][0m
  virtual void setStrideParameters(float stride, float buffer) {}
[0;1;32m                                         ^
[0m[1m/home/wang/rmf_ws/install/menge_vendor/include/MengeCore/Agents/BaseAgent.h:353:56: [0m[0;1;35mwarning: [0m[1munused parameter 'buffer' [-Wunused-parameter][0m
  virtual void setStrideParameters(float stride, float buffer) {}
[0;1;32m                                                       ^
[0mIn file included from /home/wang/rmf_ws/src/rmf/rmf_simulation/rmf_building_sim_common/src/crowd_simulator_common.cpp:23:
In file included from /home/wang/rmf_ws/src/rmf/rmf_simulation/rmf_building_sim_common/include/rmf_building_sim_common/crowd_simulator_common.hpp:28:
In file included from /home/wang/rmf_ws/install/menge_vendor/include/MengeCore/Orca/ORCADBEntry.h:27:
In file included from /home/wang/rmf_ws/install/menge_vendor/include/MengeCore/Orca/ORCA.h:28:
In file included from /home/wang/rmf_ws/install/menge_vendor/include/MengeCore/Orca/ORCASimulator.h:27:
In file included from /home/wang/rmf_ws/install/menge_vendor/include/MengeCore/Agents/SimulatorBase.h:30:
[1m/home/wang/rmf_ws/install/menge_vendor/include/MengeCore/Agents/SpatialQueries/SpatialQuery.h:202:44: [0m[0;1;35mwarning: [0m[1munused parameter 'state' [-Wunused-parameter][0m
  virtual void setNeighborVisibleTest(bool state) {}
[0;1;32m                                           ^
[0mIn file included from /home/wang/rmf_ws/src/rmf/rmf_simulation/rmf_building_sim_common/src/crowd_simulator_common.cpp:23:
In file included from /home/wang/rmf_ws/src/rmf/rmf_simulation/rmf_building_sim_common/include/rmf_building_sim_common/crowd_simulator_common.hpp:28:
In file included from /home/wang/rmf_ws/install/menge_vendor/include/MengeCore/Orca/ORCADBEntry.h:27:
In file included from /home/wang/rmf_ws/install/menge_vendor/include/MengeCore/Orca/ORCA.h:28:
In file included from /home/wang/rmf_ws/install/menge_vendor/include/MengeCore/Orca/ORCASimulator.h:27:
[1m/home/wang/rmf_ws/install/menge_vendor/include/MengeCore/Agents/SimulatorBase.h:136:47: [0m[0;1;35mwarning: [0m[1munused parameter 'tagName' [-Wunused-parameter][0m
  virtual bool isExpTarget(const std::string& tagName) { return false; }
[0;1;32m                                              ^
[0m9 warnings generated.
[ 50%] [32m[1mLinking CXX shared library libcrowd_simulator_common.so[0m
[ 50%] Built target crowd_simulator_common
[ 75%] [32mBuilding CXX object CMakeFiles/lift_common.dir/src/lift_common.cpp.o[0m
[ 75%] [32mBuilding CXX object CMakeFiles/door_common.dir/src/door_common.cpp.o[0m
[ 87%] [32m[1mLinking CXX shared library libdoor_common.so[0m
[ 87%] Built target door_common
[100%] [32m[1mLinking CXX shared library liblift_common.so[0m
[100%] Built target lift_common
-- Install configuration: "Release"
-- Installing: /home/wang/rmf_ws/install/rmf_building_sim_common/share/rmf_building_sim_common/environment/library_path.sh
-- Installing: /home/wang/rmf_ws/install/rmf_building_sim_common/share/rmf_building_sim_common/environment/library_path.dsv
-- Installing: /home/wang/rmf_ws/install/rmf_building_sim_common/lib/libcrowd_simulator_common.so
-- Set runtime path of "/home/wang/rmf_ws/install/rmf_building_sim_common/lib/libcrowd_simulator_common.so" to ""
-- Installing: /home/wang/rmf_ws/install/rmf_building_sim_common/lib/librmf_building_sim_utils.so
-- Installing: /home/wang/rmf_ws/install/rmf_building_sim_common/lib/libdoor_common.so
-- Set runtime path of "/home/wang/rmf_ws/install/rmf_building_sim_common/lib/libdoor_common.so" to ""
-- Installing: /home/wang/rmf_ws/install/rmf_building_sim_common/lib/liblift_common.so
-- Set runtime path of "/home/wang/rmf_ws/install/rmf_building_sim_common/lib/liblift_common.so" to ""
-- Installing: /home/wang/rmf_ws/install/rmf_building_sim_common/include/rmf_building_sim_common
-- Installing: /home/wang/rmf_ws/install/rmf_building_sim_common/include/rmf_building_sim_common/utils.hpp
-- Installing: /home/wang/rmf_ws/install/rmf_building_sim_common/include/rmf_building_sim_common/lift_common.hpp
-- Installing: /home/wang/rmf_ws/install/rmf_building_sim_common/include/rmf_building_sim_common/crowd_simulator_common.hpp
-- Installing: /home/wang/rmf_ws/install/rmf_building_sim_common/include/rmf_building_sim_common/door_common.hpp
-- Installing: /home/wang/rmf_ws/install/rmf_building_sim_common/share/ament_index/resource_index/package_run_dependencies/rmf_building_sim_common
-- Installing: /home/wang/rmf_ws/install/rmf_building_sim_common/share/ament_index/resource_index/parent_prefix_path/rmf_building_sim_common
-- Installing: /home/wang/rmf_ws/install/rmf_building_sim_common/share/rmf_building_sim_common/environment/ament_prefix_path.sh
-- Installing: /home/wang/rmf_ws/install/rmf_building_sim_common/share/rmf_building_sim_common/environment/ament_prefix_path.dsv
-- Installing: /home/wang/rmf_ws/install/rmf_building_sim_common/share/rmf_building_sim_common/environment/path.sh
-- Installing: /home/wang/rmf_ws/install/rmf_building_sim_common/share/rmf_building_sim_common/environment/path.dsv
-- Installing: /home/wang/rmf_ws/install/rmf_building_sim_common/share/rmf_building_sim_common/local_setup.bash
-- Installing: /home/wang/rmf_ws/install/rmf_building_sim_common/share/rmf_building_sim_common/local_setup.sh
-- Installing: /home/wang/rmf_ws/install/rmf_building_sim_common/share/rmf_building_sim_common/local_setup.zsh
-- Installing: /home/wang/rmf_ws/install/rmf_building_sim_common/share/rmf_building_sim_common/local_setup.dsv
-- Installing: /home/wang/rmf_ws/install/rmf_building_sim_common/share/rmf_building_sim_common/package.dsv
-- Installing: /home/wang/rmf_ws/install/rmf_building_sim_common/share/ament_index/resource_index/packages/rmf_building_sim_common
-- Installing: /home/wang/rmf_ws/install/rmf_building_sim_common/share/rmf_building_sim_common/cmake/crowd_simulator_commonExport.cmake
-- Installing: /home/wang/rmf_ws/install/rmf_building_sim_common/share/rmf_building_sim_common/cmake/crowd_simulator_commonExport-release.cmake
-- Installing: /home/wang/rmf_ws/install/rmf_building_sim_common/share/rmf_building_sim_common/cmake/rmf_building_sim_utilsExport.cmake
-- Installing: /home/wang/rmf_ws/install/rmf_building_sim_common/share/rmf_building_sim_common/cmake/rmf_building_sim_utilsExport-release.cmake
-- Installing: /home/wang/rmf_ws/install/rmf_building_sim_common/share/rmf_building_sim_common/cmake/door_commonExport.cmake
-- Installing: /home/wang/rmf_ws/install/rmf_building_sim_common/share/rmf_building_sim_common/cmake/door_commonExport-release.cmake
-- Installing: /home/wang/rmf_ws/install/rmf_building_sim_common/share/rmf_building_sim_common/cmake/lift_commonExport.cmake
-- Installing: /home/wang/rmf_ws/install/rmf_building_sim_common/share/rmf_building_sim_common/cmake/lift_commonExport-release.cmake
-- Installing: /home/wang/rmf_ws/install/rmf_building_sim_common/share/rmf_building_sim_common/cmake/ament_cmake_export_targets-extras.cmake
-- Installing: /home/wang/rmf_ws/install/rmf_building_sim_common/share/rmf_building_sim_common/cmake/ament_cmake_export_dependencies-extras.cmake
-- Installing: /home/wang/rmf_ws/install/rmf_building_sim_common/share/rmf_building_sim_common/cmake/ament_cmake_export_include_directories-extras.cmake
-- Installing: /home/wang/rmf_ws/install/rmf_building_sim_common/share/rmf_building_sim_common/cmake/rmf_building_sim_commonConfig.cmake
-- Installing: /home/wang/rmf_ws/install/rmf_building_sim_common/share/rmf_building_sim_common/cmake/rmf_building_sim_commonConfig-version.cmake
-- Installing: /home/wang/rmf_ws/install/rmf_building_sim_common/share/rmf_building_sim_common/package.xml
