-- The C compiler identification is Clang 14.0.0
-- The CXX compiler identification is Clang 14.0.0
-- Detecting C compiler ABI info
-- Detecting C compiler ABI info - done
-- Check for working C compiler: /usr/bin/clang - skipped
-- Detecting C compile features
-- Detecting C compile features - done
-- Detecting CXX compiler ABI info
-- Detecting CXX compiler ABI info - done
-- Check for working CXX compiler: /usr/bin/clang++ - skipped
-- Detecting CXX compile features
-- Detecting CXX compile features - done
-- Found ament_cmake: 1.3.5 (/opt/ros/humble/share/ament_cmake/cmake)
-- Found Python3: /usr/bin/python3.10 (found version "3.10.6") found components: Interpreter 
-- Found builtin_interfaces: 1.2.1 (/opt/ros/humble/share/builtin_interfaces/cmake)
-- Found rosidl_generator_c: 3.1.4 (/opt/ros/humble/share/rosidl_generator_c/cmake)
-- Found rosidl_adapter: 3.1.4 (/opt/ros/humble/share/rosidl_adapter/cmake)
-- Found rosidl_generator_cpp: 3.1.4 (/opt/ros/humble/share/rosidl_generator_cpp/cmake)
-- Using all available rosidl_typesupport_c: rosidl_typesupport_fastrtps_c;rosidl_typesupport_introspection_c
-- Using all available rosidl_typesupport_cpp: rosidl_typesupport_fastrtps_cpp;rosidl_typesupport_introspection_cpp
-- Found rosidl_default_generators: 1.2.0 (/opt/ros/humble/share/rosidl_default_generators/cmake)
-- Found ament_cmake_cppcheck: 0.12.6 (/opt/ros/humble/share/ament_cmake_cppcheck/cmake)
-- Found ament_cmake_cpplint: 0.12.6 (/opt/ros/humble/share/ament_cmake_cpplint/cmake)
-- Found ament_cmake_uncrustify: 0.12.6 (/opt/ros/humble/share/ament_cmake_uncrustify/cmake)
-- Found ament_cmake_ros: 0.10.0 (/opt/ros/humble/share/ament_cmake_ros/cmake)
-- Using all available rosidl_typesupport_c: rosidl_typesupport_fastrtps_c;rosidl_typesupport_introspection_c
-- Using all available rosidl_typesupport_cpp: rosidl_typesupport_fastrtps_cpp;rosidl_typesupport_introspection_cpp
-- Found PythonInterp: /usr/bin/python3 (found suitable version "3.10.6", minimum required is "3.6") 
-- Found python_cmake_module: 0.10.0 (/opt/ros/humble/share/python_cmake_module/cmake)
-- Found PythonLibs: /usr/lib/x86_64-linux-gnu/libpython3.10.so (found suitable version "3.10.6", minimum required is "3.5") 
-- Using PYTHON_EXECUTABLE: /usr/bin/python3
-- Using PYTHON_INCLUDE_DIRS: /usr/include/python3.10
-- Using PYTHON_LIBRARIES: /usr/lib/x86_64-linux-gnu/libpython3.10.so
-- Found PythonExtra: .so  
-- Found ament_cmake_flake8: 0.12.6 (/opt/ros/humble/share/ament_cmake_flake8/cmake)
-- Found ament_cmake_pep257: 0.12.6 (/opt/ros/humble/share/ament_cmake_pep257/cmake)
-- Configuring done (2.9s)
-- Generating done (0.1s)
-- Build files have been written to: /home/wang/rmf_ws/build/rmf_site_map_msgs
[  3%] [34m[1mGenerating C code for ROS interfaces[0m
[  6%] [34m[1mGenerating C++ code for ROS interfaces[0m
[  6%] Built target ament_cmake_python_copy_rmf_site_map_msgs
running egg_info
creating rmf_site_map_msgs.egg-info
writing rmf_site_map_msgs.egg-info/PKG-INFO
writing dependency_links to rmf_site_map_msgs.egg-info/dependency_links.txt
writing top-level names to rmf_site_map_msgs.egg-info/top_level.txt
writing manifest file 'rmf_site_map_msgs.egg-info/SOURCES.txt'
reading manifest file 'rmf_site_map_msgs.egg-info/SOURCES.txt'
writing manifest file 'rmf_site_map_msgs.egg-info/SOURCES.txt'
[  9%] [32mBuilding C object CMakeFiles/rmf_site_map_msgs__rosidl_generator_c.dir/rosidl_generator_c/rmf_site_map_msgs/msg/detail/site_map__functions.c.o[0m
[  9%] Built target ament_cmake_python_build_rmf_site_map_msgs_egg
[  9%] Built target rmf_site_map_msgs__cpp
[ 12%] [34m[1mGenerating C++ type support dispatch for ROS interfaces[0m
[ 16%] [34m[1mGenerating C++ type support for eProsima Fast-RTPS[0m
[ 19%] [34m[1mGenerating C++ introspection for ROS interfaces[0m
[ 22%] [32m[1mLinking C shared library librmf_site_map_msgs__rosidl_generator_c.so[0m
[ 22%] Built target rmf_site_map_msgs__rosidl_generator_c
[ 25%] [34m[1mGenerating C introspection for ROS interfaces[0m
[ 29%] [34m[1mGenerating C type support for eProsima Fast-RTPS[0m
[ 32%] [34m[1mGenerating C type support dispatch for ROS interfaces[0m
[ 35%] [32mBuilding CXX object CMakeFiles/rmf_site_map_msgs__rosidl_typesupport_fastrtps_cpp.dir/rosidl_typesupport_fastrtps_cpp/rmf_site_map_msgs/msg/detail/dds_fastrtps/site_map__type_support.cpp.o[0m
[ 38%] [32mBuilding CXX object CMakeFiles/rmf_site_map_msgs__rosidl_typesupport_introspection_cpp.dir/rosidl_typesupport_introspection_cpp/rmf_site_map_msgs/msg/detail/site_map__type_support.cpp.o[0m
[ 41%] [32mBuilding CXX object CMakeFiles/rmf_site_map_msgs__rosidl_typesupport_fastrtps_c.dir/rosidl_typesupport_fastrtps_c/rmf_site_map_msgs/msg/detail/site_map__type_support_c.cpp.o[0m
[ 45%] [32mBuilding CXX object CMakeFiles/rmf_site_map_msgs__rosidl_typesupport_cpp.dir/rosidl_typesupport_cpp/rmf_site_map_msgs/msg/site_map__type_support.cpp.o[0m
[ 48%] [32mBuilding C object CMakeFiles/rmf_site_map_msgs__rosidl_typesupport_introspection_c.dir/rosidl_typesupport_introspection_c/rmf_site_map_msgs/msg/detail/site_map__type_support.c.o[0m
[ 51%] [32mBuilding CXX object CMakeFiles/rmf_site_map_msgs__rosidl_typesupport_c.dir/rosidl_typesupport_c/rmf_site_map_msgs/msg/site_map__type_support.cpp.o[0m
[ 54%] [32m[1mLinking C shared library librmf_site_map_msgs__rosidl_typesupport_introspection_c.so[0m
[ 58%] [32m[1mLinking CXX shared library librmf_site_map_msgs__rosidl_typesupport_c.so[0m
[ 58%] Built target rmf_site_map_msgs__rosidl_typesupport_introspection_c
[ 58%] Built target rmf_site_map_msgs__rosidl_typesupport_c
[ 61%] [32m[1mLinking CXX shared library librmf_site_map_msgs__rosidl_typesupport_cpp.so[0m
[ 61%] Built target rmf_site_map_msgs__rosidl_typesupport_cpp
[ 64%] [32m[1mLinking CXX shared library librmf_site_map_msgs__rosidl_typesupport_introspection_cpp.so[0m
[ 67%] [32m[1mLinking CXX shared library librmf_site_map_msgs__rosidl_typesupport_fastrtps_c.so[0m
[ 70%] [32m[1mLinking CXX shared library librmf_site_map_msgs__rosidl_typesupport_fastrtps_cpp.so[0m
[ 70%] Built target rmf_site_map_msgs__rosidl_typesupport_introspection_cpp
[ 70%] Built target rmf_site_map_msgs__rosidl_typesupport_fastrtps_cpp
[ 70%] Built target rmf_site_map_msgs__rosidl_typesupport_fastrtps_c
[ 70%] Built target rmf_site_map_msgs
[ 74%] [34m[1mGenerating Python code for ROS interfaces[0m
[ 74%] Built target rmf_site_map_msgs__py
[ 77%] [32mBuilding C object CMakeFiles/rmf_site_map_msgs__rosidl_generator_py.dir/rosidl_generator_py/rmf_site_map_msgs/msg/_site_map_s.c.o[0m
[ 80%] [32m[1mLinking C shared library rosidl_generator_py/rmf_site_map_msgs/librmf_site_map_msgs__rosidl_generator_py.so[0m
[ 80%] Built target rmf_site_map_msgs__rosidl_generator_py
[ 83%] [32mBuilding C object CMakeFiles/rmf_site_map_msgs__rosidl_typesupport_fastrtps_c__pyext.dir/rosidl_generator_py/rmf_site_map_msgs/_rmf_site_map_msgs_s.ep.rosidl_typesupport_fastrtps_c.c.o[0m
[ 87%] [32m[1mLinking C shared library rosidl_generator_py/rmf_site_map_msgs/rmf_site_map_msgs_s__rosidl_typesupport_fastrtps_c.cpython-310-x86_64-linux-gnu.so[0m
[ 87%] Built target rmf_site_map_msgs__rosidl_typesupport_fastrtps_c__pyext
[ 90%] [32mBuilding C object CMakeFiles/rmf_site_map_msgs__rosidl_typesupport_c__pyext.dir/rosidl_generator_py/rmf_site_map_msgs/_rmf_site_map_msgs_s.ep.rosidl_typesupport_c.c.o[0m
[ 93%] [32m[1mLinking C shared library rosidl_generator_py/rmf_site_map_msgs/rmf_site_map_msgs_s__rosidl_typesupport_c.cpython-310-x86_64-linux-gnu.so[0m
[ 93%] Built target rmf_site_map_msgs__rosidl_typesupport_c__pyext
[ 96%] [32mBuilding C object CMakeFiles/rmf_site_map_msgs__rosidl_typesupport_introspection_c__pyext.dir/rosidl_generator_py/rmf_site_map_msgs/_rmf_site_map_msgs_s.ep.rosidl_typesupport_introspection_c.c.o[0m
[100%] [32m[1mLinking C shared library rosidl_generator_py/rmf_site_map_msgs/rmf_site_map_msgs_s__rosidl_typesupport_introspection_c.cpython-310-x86_64-linux-gnu.so[0m
[100%] Built target rmf_site_map_msgs__rosidl_typesupport_introspection_c__pyext
-- Install configuration: "Release"
-- Installing: /home/wang/rmf_ws/install/rmf_site_map_msgs/share/ament_index/resource_index/rosidl_interfaces/rmf_site_map_msgs
-- Installing: /home/wang/rmf_ws/install/rmf_site_map_msgs/include/rmf_site_map_msgs/rmf_site_map_msgs
-- Installing: /home/wang/rmf_ws/install/rmf_site_map_msgs/include/rmf_site_map_msgs/rmf_site_map_msgs/msg
-- Installing: /home/wang/rmf_ws/install/rmf_site_map_msgs/include/rmf_site_map_msgs/rmf_site_map_msgs/msg/detail
-- Installing: /home/wang/rmf_ws/install/rmf_site_map_msgs/include/rmf_site_map_msgs/rmf_site_map_msgs/msg/detail/site_map__functions.h
-- Installing: /home/wang/rmf_ws/install/rmf_site_map_msgs/include/rmf_site_map_msgs/rmf_site_map_msgs/msg/detail/site_map__functions.c
-- Installing: /home/wang/rmf_ws/install/rmf_site_map_msgs/include/rmf_site_map_msgs/rmf_site_map_msgs/msg/detail/site_map__struct.h
-- Installing: /home/wang/rmf_ws/install/rmf_site_map_msgs/include/rmf_site_map_msgs/rmf_site_map_msgs/msg/detail/site_map__type_support.h
-- Installing: /home/wang/rmf_ws/install/rmf_site_map_msgs/include/rmf_site_map_msgs/rmf_site_map_msgs/msg/rosidl_generator_c__visibility_control.h
-- Installing: /home/wang/rmf_ws/install/rmf_site_map_msgs/include/rmf_site_map_msgs/rmf_site_map_msgs/msg/site_map.h
-- Installing: /home/wang/rmf_ws/install/rmf_site_map_msgs/share/rmf_site_map_msgs/environment/library_path.sh
-- Installing: /home/wang/rmf_ws/install/rmf_site_map_msgs/share/rmf_site_map_msgs/environment/library_path.dsv
-- Installing: /home/wang/rmf_ws/install/rmf_site_map_msgs/lib/librmf_site_map_msgs__rosidl_generator_c.so
-- Set runtime path of "/home/wang/rmf_ws/install/rmf_site_map_msgs/lib/librmf_site_map_msgs__rosidl_generator_c.so" to ""
-- Up-to-date: /home/wang/rmf_ws/install/rmf_site_map_msgs/include/rmf_site_map_msgs/rmf_site_map_msgs
-- Up-to-date: /home/wang/rmf_ws/install/rmf_site_map_msgs/include/rmf_site_map_msgs/rmf_site_map_msgs/msg
-- Up-to-date: /home/wang/rmf_ws/install/rmf_site_map_msgs/include/rmf_site_map_msgs/rmf_site_map_msgs/msg/detail
-- Installing: /home/wang/rmf_ws/install/rmf_site_map_msgs/include/rmf_site_map_msgs/rmf_site_map_msgs/msg/detail/site_map__rosidl_typesupport_fastrtps_c.h
-- Installing: /home/wang/rmf_ws/install/rmf_site_map_msgs/include/rmf_site_map_msgs/rmf_site_map_msgs/msg/rosidl_typesupport_fastrtps_c__visibility_control.h
-- Installing: /home/wang/rmf_ws/install/rmf_site_map_msgs/lib/librmf_site_map_msgs__rosidl_typesupport_fastrtps_c.so
-- Set runtime path of "/home/wang/rmf_ws/install/rmf_site_map_msgs/lib/librmf_site_map_msgs__rosidl_typesupport_fastrtps_c.so" to ""
-- Up-to-date: /home/wang/rmf_ws/install/rmf_site_map_msgs/include/rmf_site_map_msgs/rmf_site_map_msgs
-- Up-to-date: /home/wang/rmf_ws/install/rmf_site_map_msgs/include/rmf_site_map_msgs/rmf_site_map_msgs/msg
-- Up-to-date: /home/wang/rmf_ws/install/rmf_site_map_msgs/include/rmf_site_map_msgs/rmf_site_map_msgs/msg/detail
-- Installing: /home/wang/rmf_ws/install/rmf_site_map_msgs/include/rmf_site_map_msgs/rmf_site_map_msgs/msg/detail/site_map__builder.hpp
-- Installing: /home/wang/rmf_ws/install/rmf_site_map_msgs/include/rmf_site_map_msgs/rmf_site_map_msgs/msg/detail/site_map__traits.hpp
-- Installing: /home/wang/rmf_ws/install/rmf_site_map_msgs/include/rmf_site_map_msgs/rmf_site_map_msgs/msg/detail/site_map__struct.hpp
-- Installing: /home/wang/rmf_ws/install/rmf_site_map_msgs/include/rmf_site_map_msgs/rmf_site_map_msgs/msg/site_map.hpp
-- Up-to-date: /home/wang/rmf_ws/install/rmf_site_map_msgs/include/rmf_site_map_msgs/rmf_site_map_msgs
-- Up-to-date: /home/wang/rmf_ws/install/rmf_site_map_msgs/include/rmf_site_map_msgs/rmf_site_map_msgs/msg
-- Up-to-date: /home/wang/rmf_ws/install/rmf_site_map_msgs/include/rmf_site_map_msgs/rmf_site_map_msgs/msg/detail
-- Installing: /home/wang/rmf_ws/install/rmf_site_map_msgs/include/rmf_site_map_msgs/rmf_site_map_msgs/msg/detail/dds_fastrtps
-- Installing: /home/wang/rmf_ws/install/rmf_site_map_msgs/include/rmf_site_map_msgs/rmf_site_map_msgs/msg/detail/site_map__rosidl_typesupport_fastrtps_cpp.hpp
-- Installing: /home/wang/rmf_ws/install/rmf_site_map_msgs/include/rmf_site_map_msgs/rmf_site_map_msgs/msg/rosidl_typesupport_fastrtps_cpp__visibility_control.h
-- Installing: /home/wang/rmf_ws/install/rmf_site_map_msgs/lib/librmf_site_map_msgs__rosidl_typesupport_fastrtps_cpp.so
-- Set runtime path of "/home/wang/rmf_ws/install/rmf_site_map_msgs/lib/librmf_site_map_msgs__rosidl_typesupport_fastrtps_cpp.so" to ""
-- Up-to-date: /home/wang/rmf_ws/install/rmf_site_map_msgs/include/rmf_site_map_msgs/rmf_site_map_msgs
-- Up-to-date: /home/wang/rmf_ws/install/rmf_site_map_msgs/include/rmf_site_map_msgs/rmf_site_map_msgs/msg
-- Up-to-date: /home/wang/rmf_ws/install/rmf_site_map_msgs/include/rmf_site_map_msgs/rmf_site_map_msgs/msg/detail
-- Installing: /home/wang/rmf_ws/install/rmf_site_map_msgs/include/rmf_site_map_msgs/rmf_site_map_msgs/msg/detail/site_map__type_support.c
-- Installing: /home/wang/rmf_ws/install/rmf_site_map_msgs/include/rmf_site_map_msgs/rmf_site_map_msgs/msg/detail/site_map__rosidl_typesupport_introspection_c.h
-- Installing: /home/wang/rmf_ws/install/rmf_site_map_msgs/include/rmf_site_map_msgs/rmf_site_map_msgs/msg/rosidl_typesupport_introspection_c__visibility_control.h
-- Installing: /home/wang/rmf_ws/install/rmf_site_map_msgs/lib/librmf_site_map_msgs__rosidl_typesupport_introspection_c.so
-- Set runtime path of "/home/wang/rmf_ws/install/rmf_site_map_msgs/lib/librmf_site_map_msgs__rosidl_typesupport_introspection_c.so" to ""
-- Installing: /home/wang/rmf_ws/install/rmf_site_map_msgs/lib/librmf_site_map_msgs__rosidl_typesupport_c.so
-- Set runtime path of "/home/wang/rmf_ws/install/rmf_site_map_msgs/lib/librmf_site_map_msgs__rosidl_typesupport_c.so" to ""
-- Up-to-date: /home/wang/rmf_ws/install/rmf_site_map_msgs/include/rmf_site_map_msgs/rmf_site_map_msgs
-- Up-to-date: /home/wang/rmf_ws/install/rmf_site_map_msgs/include/rmf_site_map_msgs/rmf_site_map_msgs/msg
-- Up-to-date: /home/wang/rmf_ws/install/rmf_site_map_msgs/include/rmf_site_map_msgs/rmf_site_map_msgs/msg/detail
-- Installing: /home/wang/rmf_ws/install/rmf_site_map_msgs/include/rmf_site_map_msgs/rmf_site_map_msgs/msg/detail/site_map__type_support.cpp
-- Installing: /home/wang/rmf_ws/install/rmf_site_map_msgs/include/rmf_site_map_msgs/rmf_site_map_msgs/msg/detail/site_map__rosidl_typesupport_introspection_cpp.hpp
-- Installing: /home/wang/rmf_ws/install/rmf_site_map_msgs/lib/librmf_site_map_msgs__rosidl_typesupport_introspection_cpp.so
-- Set runtime path of "/home/wang/rmf_ws/install/rmf_site_map_msgs/lib/librmf_site_map_msgs__rosidl_typesupport_introspection_cpp.so" to ""
-- Installing: /home/wang/rmf_ws/install/rmf_site_map_msgs/lib/librmf_site_map_msgs__rosidl_typesupport_cpp.so
-- Set runtime path of "/home/wang/rmf_ws/install/rmf_site_map_msgs/lib/librmf_site_map_msgs__rosidl_typesupport_cpp.so" to ""
-- Installing: /home/wang/rmf_ws/install/rmf_site_map_msgs/share/rmf_site_map_msgs/environment/pythonpath.sh
-- Installing: /home/wang/rmf_ws/install/rmf_site_map_msgs/share/rmf_site_map_msgs/environment/pythonpath.dsv
-- Installing: /home/wang/rmf_ws/install/rmf_site_map_msgs/local/lib/python3.10/dist-packages/rmf_site_map_msgs-3.0.3-py3.10.egg-info
-- Installing: /home/wang/rmf_ws/install/rmf_site_map_msgs/local/lib/python3.10/dist-packages/rmf_site_map_msgs-3.0.3-py3.10.egg-info/PKG-INFO
-- Installing: /home/wang/rmf_ws/install/rmf_site_map_msgs/local/lib/python3.10/dist-packages/rmf_site_map_msgs-3.0.3-py3.10.egg-info/dependency_links.txt
-- Installing: /home/wang/rmf_ws/install/rmf_site_map_msgs/local/lib/python3.10/dist-packages/rmf_site_map_msgs-3.0.3-py3.10.egg-info/SOURCES.txt
-- Installing: /home/wang/rmf_ws/install/rmf_site_map_msgs/local/lib/python3.10/dist-packages/rmf_site_map_msgs-3.0.3-py3.10.egg-info/top_level.txt
-- Installing: /home/wang/rmf_ws/install/rmf_site_map_msgs/local/lib/python3.10/dist-packages/rmf_site_map_msgs
-- Installing: /home/wang/rmf_ws/install/rmf_site_map_msgs/local/lib/python3.10/dist-packages/rmf_site_map_msgs/_rmf_site_map_msgs_s.ep.rosidl_typesupport_c.c
-- Installing: /home/wang/rmf_ws/install/rmf_site_map_msgs/local/lib/python3.10/dist-packages/rmf_site_map_msgs/__init__.py
-- Installing: /home/wang/rmf_ws/install/rmf_site_map_msgs/local/lib/python3.10/dist-packages/rmf_site_map_msgs/librmf_site_map_msgs__rosidl_generator_py.so
-- Installing: /home/wang/rmf_ws/install/rmf_site_map_msgs/local/lib/python3.10/dist-packages/rmf_site_map_msgs/rmf_site_map_msgs_s__rosidl_typesupport_introspection_c.cpython-310-x86_64-linux-gnu.so
-- Installing: /home/wang/rmf_ws/install/rmf_site_map_msgs/local/lib/python3.10/dist-packages/rmf_site_map_msgs/_rmf_site_map_msgs_s.ep.rosidl_typesupport_introspection_c.c
-- Installing: /home/wang/rmf_ws/install/rmf_site_map_msgs/local/lib/python3.10/dist-packages/rmf_site_map_msgs/msg
-- Installing: /home/wang/rmf_ws/install/rmf_site_map_msgs/local/lib/python3.10/dist-packages/rmf_site_map_msgs/msg/__init__.py
-- Installing: /home/wang/rmf_ws/install/rmf_site_map_msgs/local/lib/python3.10/dist-packages/rmf_site_map_msgs/msg/_site_map_s.c
-- Installing: /home/wang/rmf_ws/install/rmf_site_map_msgs/local/lib/python3.10/dist-packages/rmf_site_map_msgs/msg/_site_map.py
-- Installing: /home/wang/rmf_ws/install/rmf_site_map_msgs/local/lib/python3.10/dist-packages/rmf_site_map_msgs/rmf_site_map_msgs_s__rosidl_typesupport_fastrtps_c.cpython-310-x86_64-linux-gnu.so
-- Installing: /home/wang/rmf_ws/install/rmf_site_map_msgs/local/lib/python3.10/dist-packages/rmf_site_map_msgs/rmf_site_map_msgs_s__rosidl_typesupport_c.cpython-310-x86_64-linux-gnu.so
-- Installing: /home/wang/rmf_ws/install/rmf_site_map_msgs/local/lib/python3.10/dist-packages/rmf_site_map_msgs/_rmf_site_map_msgs_s.ep.rosidl_typesupport_fastrtps_c.c
Listing '/home/wang/rmf_ws/install/rmf_site_map_msgs/local/lib/python3.10/dist-packages/rmf_site_map_msgs'...
Compiling '/home/wang/rmf_ws/install/rmf_site_map_msgs/local/lib/python3.10/dist-packages/rmf_site_map_msgs/__init__.py'...
Listing '/home/wang/rmf_ws/install/rmf_site_map_msgs/local/lib/python3.10/dist-packages/rmf_site_map_msgs/msg'...
Compiling '/home/wang/rmf_ws/install/rmf_site_map_msgs/local/lib/python3.10/dist-packages/rmf_site_map_msgs/msg/__init__.py'...
Compiling '/home/wang/rmf_ws/install/rmf_site_map_msgs/local/lib/python3.10/dist-packages/rmf_site_map_msgs/msg/_site_map.py'...
-- Installing: /home/wang/rmf_ws/install/rmf_site_map_msgs/local/lib/python3.10/dist-packages/rmf_site_map_msgs/rmf_site_map_msgs_s__rosidl_typesupport_fastrtps_c.cpython-310-x86_64-linux-gnu.so
-- Set runtime path of "/home/wang/rmf_ws/install/rmf_site_map_msgs/local/lib/python3.10/dist-packages/rmf_site_map_msgs/rmf_site_map_msgs_s__rosidl_typesupport_fastrtps_c.cpython-310-x86_64-linux-gnu.so" to ""
-- Installing: /home/wang/rmf_ws/install/rmf_site_map_msgs/local/lib/python3.10/dist-packages/rmf_site_map_msgs/rmf_site_map_msgs_s__rosidl_typesupport_introspection_c.cpython-310-x86_64-linux-gnu.so
-- Set runtime path of "/home/wang/rmf_ws/install/rmf_site_map_msgs/local/lib/python3.10/dist-packages/rmf_site_map_msgs/rmf_site_map_msgs_s__rosidl_typesupport_introspection_c.cpython-310-x86_64-linux-gnu.so" to ""
-- Installing: /home/wang/rmf_ws/install/rmf_site_map_msgs/local/lib/python3.10/dist-packages/rmf_site_map_msgs/rmf_site_map_msgs_s__rosidl_typesupport_c.cpython-310-x86_64-linux-gnu.so
-- Set runtime path of "/home/wang/rmf_ws/install/rmf_site_map_msgs/local/lib/python3.10/dist-packages/rmf_site_map_msgs/rmf_site_map_msgs_s__rosidl_typesupport_c.cpython-310-x86_64-linux-gnu.so" to ""
-- Installing: /home/wang/rmf_ws/install/rmf_site_map_msgs/lib/librmf_site_map_msgs__rosidl_generator_py.so
-- Set runtime path of "/home/wang/rmf_ws/install/rmf_site_map_msgs/lib/librmf_site_map_msgs__rosidl_generator_py.so" to ""
-- Installing: /home/wang/rmf_ws/install/rmf_site_map_msgs/share/rmf_site_map_msgs/msg/SiteMap.idl
-- Installing: /home/wang/rmf_ws/install/rmf_site_map_msgs/share/rmf_site_map_msgs/msg/SiteMap.msg
-- Installing: /home/wang/rmf_ws/install/rmf_site_map_msgs/share/ament_index/resource_index/package_run_dependencies/rmf_site_map_msgs
-- Installing: /home/wang/rmf_ws/install/rmf_site_map_msgs/share/ament_index/resource_index/parent_prefix_path/rmf_site_map_msgs
-- Installing: /home/wang/rmf_ws/install/rmf_site_map_msgs/share/rmf_site_map_msgs/environment/ament_prefix_path.sh
-- Installing: /home/wang/rmf_ws/install/rmf_site_map_msgs/share/rmf_site_map_msgs/environment/ament_prefix_path.dsv
-- Installing: /home/wang/rmf_ws/install/rmf_site_map_msgs/share/rmf_site_map_msgs/environment/path.sh
-- Installing: /home/wang/rmf_ws/install/rmf_site_map_msgs/share/rmf_site_map_msgs/environment/path.dsv
-- Installing: /home/wang/rmf_ws/install/rmf_site_map_msgs/share/rmf_site_map_msgs/local_setup.bash
-- Installing: /home/wang/rmf_ws/install/rmf_site_map_msgs/share/rmf_site_map_msgs/local_setup.sh
-- Installing: /home/wang/rmf_ws/install/rmf_site_map_msgs/share/rmf_site_map_msgs/local_setup.zsh
-- Installing: /home/wang/rmf_ws/install/rmf_site_map_msgs/share/rmf_site_map_msgs/local_setup.dsv
-- Installing: /home/wang/rmf_ws/install/rmf_site_map_msgs/share/rmf_site_map_msgs/package.dsv
-- Installing: /home/wang/rmf_ws/install/rmf_site_map_msgs/share/ament_index/resource_index/packages/rmf_site_map_msgs
-- Installing: /home/wang/rmf_ws/install/rmf_site_map_msgs/share/rmf_site_map_msgs/cmake/export_rmf_site_map_msgs__rosidl_generator_cExport.cmake
-- Installing: /home/wang/rmf_ws/install/rmf_site_map_msgs/share/rmf_site_map_msgs/cmake/export_rmf_site_map_msgs__rosidl_generator_cExport-release.cmake
-- Installing: /home/wang/rmf_ws/install/rmf_site_map_msgs/share/rmf_site_map_msgs/cmake/export_rmf_site_map_msgs__rosidl_typesupport_fastrtps_cExport.cmake
-- Installing: /home/wang/rmf_ws/install/rmf_site_map_msgs/share/rmf_site_map_msgs/cmake/export_rmf_site_map_msgs__rosidl_typesupport_fastrtps_cExport-release.cmake
-- Installing: /home/wang/rmf_ws/install/rmf_site_map_msgs/share/rmf_site_map_msgs/cmake/export_rmf_site_map_msgs__rosidl_generator_cppExport.cmake
-- Installing: /home/wang/rmf_ws/install/rmf_site_map_msgs/share/rmf_site_map_msgs/cmake/export_rmf_site_map_msgs__rosidl_typesupport_fastrtps_cppExport.cmake
-- Installing: /home/wang/rmf_ws/install/rmf_site_map_msgs/share/rmf_site_map_msgs/cmake/export_rmf_site_map_msgs__rosidl_typesupport_fastrtps_cppExport-release.cmake
-- Installing: /home/wang/rmf_ws/install/rmf_site_map_msgs/share/rmf_site_map_msgs/cmake/rmf_site_map_msgs__rosidl_typesupport_introspection_cExport.cmake
-- Installing: /home/wang/rmf_ws/install/rmf_site_map_msgs/share/rmf_site_map_msgs/cmake/rmf_site_map_msgs__rosidl_typesupport_introspection_cExport-release.cmake
-- Installing: /home/wang/rmf_ws/install/rmf_site_map_msgs/share/rmf_site_map_msgs/cmake/rmf_site_map_msgs__rosidl_typesupport_cExport.cmake
-- Installing: /home/wang/rmf_ws/install/rmf_site_map_msgs/share/rmf_site_map_msgs/cmake/rmf_site_map_msgs__rosidl_typesupport_cExport-release.cmake
-- Installing: /home/wang/rmf_ws/install/rmf_site_map_msgs/share/rmf_site_map_msgs/cmake/rmf_site_map_msgs__rosidl_typesupport_introspection_cppExport.cmake
-- Installing: /home/wang/rmf_ws/install/rmf_site_map_msgs/share/rmf_site_map_msgs/cmake/rmf_site_map_msgs__rosidl_typesupport_introspection_cppExport-release.cmake
-- Installing: /home/wang/rmf_ws/install/rmf_site_map_msgs/share/rmf_site_map_msgs/cmake/rmf_site_map_msgs__rosidl_typesupport_cppExport.cmake
-- Installing: /home/wang/rmf_ws/install/rmf_site_map_msgs/share/rmf_site_map_msgs/cmake/rmf_site_map_msgs__rosidl_typesupport_cppExport-release.cmake
-- Installing: /home/wang/rmf_ws/install/rmf_site_map_msgs/share/rmf_site_map_msgs/cmake/export_rmf_site_map_msgs__rosidl_generator_pyExport.cmake
-- Installing: /home/wang/rmf_ws/install/rmf_site_map_msgs/share/rmf_site_map_msgs/cmake/export_rmf_site_map_msgs__rosidl_generator_pyExport-release.cmake
-- Installing: /home/wang/rmf_ws/install/rmf_site_map_msgs/share/rmf_site_map_msgs/cmake/rosidl_cmake-extras.cmake
-- Installing: /home/wang/rmf_ws/install/rmf_site_map_msgs/share/rmf_site_map_msgs/cmake/ament_cmake_export_dependencies-extras.cmake
-- Installing: /home/wang/rmf_ws/install/rmf_site_map_msgs/share/rmf_site_map_msgs/cmake/ament_cmake_export_include_directories-extras.cmake
-- Installing: /home/wang/rmf_ws/install/rmf_site_map_msgs/share/rmf_site_map_msgs/cmake/ament_cmake_export_libraries-extras.cmake
-- Installing: /home/wang/rmf_ws/install/rmf_site_map_msgs/share/rmf_site_map_msgs/cmake/ament_cmake_export_targets-extras.cmake
-- Installing: /home/wang/rmf_ws/install/rmf_site_map_msgs/share/rmf_site_map_msgs/cmake/rosidl_cmake_export_typesupport_targets-extras.cmake
-- Installing: /home/wang/rmf_ws/install/rmf_site_map_msgs/share/rmf_site_map_msgs/cmake/rosidl_cmake_export_typesupport_libraries-extras.cmake
-- Installing: /home/wang/rmf_ws/install/rmf_site_map_msgs/share/rmf_site_map_msgs/cmake/rmf_site_map_msgsConfig.cmake
-- Installing: /home/wang/rmf_ws/install/rmf_site_map_msgs/share/rmf_site_map_msgs/cmake/rmf_site_map_msgsConfig-version.cmake
-- Installing: /home/wang/rmf_ws/install/rmf_site_map_msgs/share/rmf_site_map_msgs/package.xml
