In file included from /home/wang/rmf_ws/src/rmf/rmf_task/rmf_task/src/rmf_task/BinaryPriorityCostCalculator.cpp:18:
In file included from /home/wang/rmf_ws/src/rmf/rmf_task/rmf_task/src/rmf_task/BinaryPriorityCostCalculator.hpp:21:
In file included from /home/wang/rmf_ws/src/rmf/rmf_task/rmf_task/src/rmf_task/CostCalculator.hpp:21:
[1m/home/wang/rmf_ws/src/rmf/rmf_task/rmf_task/src/rmf_task/internal_task_planning.hpp:187:10: [0m[0;1;35mwarning: [0m[1mvariable 'popped_invariant' set but not used [-Wunused-but-set-variable][0m
    bool popped_invariant = false;
[0;1;32m         ^
[0mIn file included from /home/wang/rmf_ws/src/rmf/rmf_task/rmf_task/src/rmf_task/BinaryPriorityScheme.cpp:21:
In file included from /home/wang/rmf_ws/src/rmf/rmf_task/rmf_task/src/rmf_task/BinaryPriorityCostCalculator.hpp:21:
In file included from /home/wang/rmf_ws/src/rmf/rmf_task/rmf_task/src/rmf_task/CostCalculator.hpp:21:
[1m/home/wang/rmf_ws/src/rmf/rmf_task/rmf_task/src/rmf_task/internal_task_planning.hpp:187:10: [0m[0;1;35mwarning: [0m[1mvariable 'popped_invariant' set but not used [-Wunused-but-set-variable][0m
    bool popped_invariant = false;
[0;1;32m         ^
[0mIn file included from /home/wang/rmf_ws/src/rmf/rmf_task/rmf_task/src/rmf_task/TaskPlanner.cpp:23:
In file included from /home/wang/rmf_ws/src/rmf/rmf_task/rmf_task/src/rmf_task/BinaryPriorityCostCalculator.hpp:21:
In file included from /home/wang/rmf_ws/src/rmf/rmf_task/rmf_task/src/rmf_task/CostCalculator.hpp:21:
[1m/home/wang/rmf_ws/src/rmf/rmf_task/rmf_task/src/rmf_task/internal_task_planning.hpp:187:10: [0m[0;1;35mwarning: [0m[1mvariable 'popped_invariant' set but not used [-Wunused-but-set-variable][0m
    bool popped_invariant = false;
[0;1;32m         ^
[0m1 warning generated.
1 warning generated.
In file included from /home/wang/rmf_ws/src/rmf/rmf_task/rmf_task/src/rmf_task/internal_task_planning.cpp:18:
[1m/home/wang/rmf_ws/src/rmf/rmf_task/rmf_task/src/rmf_task/internal_task_planning.hpp:187:10: [0m[0;1;35mwarning: [0m[1mvariable 'popped_invariant' set but not used [-Wunused-but-set-variable][0m
    bool popped_invariant = false;
[0;1;32m         ^
[0m1 warning generated.
1 warning generated.
[1m/home/wang/rmf_ws/src/rmf/rmf_task/rmf_task/test/unit/agv/test_TaskPlanner.cpp:85:17: [0m[0;1;35mwarning: [0m[1munused variable 's' [-Wunused-variable][0m
    const auto& s = agent[0].finish_state();
[0;1;32m                ^
[0m[1m/home/wang/rmf_ws/src/rmf/rmf_task/rmf_task/test/unit/agv/test_TaskPlanner.cpp:75:16: [0m[0;1;35mwarning: [0m[1munused parameter 'initial_soc' [-Wunused-parameter][0m
  const double initial_soc)
[0;1;32m               ^
[0m2 warnings generated.
