[0.011s] Invoking command in '/home/wang/rmf_ws/build/rmf_task': AMENT_PREFIX_PATH=/home/wang/rmf_ws/install/ament_cmake_catch2:${AMENT_PREFIX_PATH} CMAKE_PREFIX_PATH=/home/wang/rmf_ws/install/rmf_battery:/home/wang/rmf_ws/install/rmf_traffic:/home/wang/rmf_ws/install/rmf_utils:/home/wang/rmf_ws/install/ament_cmake_catch2:/opt/ros/humble LD_LIBRARY_PATH=/home/wang/rmf_ws/install/rmf_battery/lib:/home/wang/rmf_ws/install/rmf_traffic/lib:/home/wang/rmf_ws/install/rmf_utils/lib:${LD_LIBRARY_PATH} PKG_CONFIG_PATH=/home/wang/rmf_ws/install/rmf_battery/lib/x86_64-linux-gnu/pkgconfig:/home/wang/rmf_ws/install/rmf_battery/lib/pkgconfig:/home/wang/rmf_ws/install/rmf_traffic/lib/x86_64-linux-gnu/pkgconfig:/home/wang/rmf_ws/install/rmf_traffic/lib/pkgconfig:/home/wang/rmf_ws/install/rmf_utils/lib/x86_64-linux-gnu/pkgconfig:/home/wang/rmf_ws/install/rmf_utils/lib/pkgconfig /home/wang/.local/bin/cmake /home/wang/rmf_ws/src/rmf/rmf_task/rmf_task -DCMAKE_EXE_LINKER_FLAGS=-fuse-ld=lld -DCMAKE_MODULE_LINKER_FLAGS=-fuse-ld=lld -DCMAKE_SHARED_LINKER_FLAGS=-fuse-ld=lld -DCMAKE_BUILD_TYPE=Release -DCMAKE_INSTALL_PREFIX=/home/wang/rmf_ws/install/rmf_task
[0.094s] -- The C compiler identification is Clang 14.0.0
[0.199s] -- The CXX compiler identification is Clang 14.0.0
[0.217s] -- Detecting C compiler ABI info
[0.303s] -- Detecting C compiler ABI info - done
[0.311s] -- Check for working C compiler: /usr/bin/clang - skipped
[0.311s] -- Detecting C compile features
[0.311s] -- Detecting C compile features - done
[0.315s] -- Detecting CXX compiler ABI info
[0.405s] -- Detecting CXX compiler ABI info - done
[0.412s] -- Check for working CXX compiler: /usr/bin/clang++ - skipped
[0.413s] -- Detecting CXX compile features
[0.413s] -- Detecting CXX compile features - done
[0.418s] -- Found eigen3_cmake_module: 0.1.1 (/opt/ros/humble/share/eigen3_cmake_module/cmake)
[0.424s] -- Found Eigen3: TRUE (found version "3.4.0") 
[0.426s] -- Performing Test CMAKE_HAVE_LIBC_PTHREAD
[0.517s] -- Performing Test CMAKE_HAVE_LIBC_PTHREAD - Success
[0.517s] -- Found Threads: TRUE  
[0.846s] -- Found Python3: /usr/bin/python3.10 (found version "3.10.6") found components: Interpreter 
[0.907s] -- Configuring done (0.9s)
[0.917s] -- Generating done (0.0s)
[0.918s] -- Build files have been written to: /home/wang/rmf_ws/build/rmf_task
[0.929s] Invoked command in '/home/wang/rmf_ws/build/rmf_task' returned '0': AMENT_PREFIX_PATH=/home/wang/rmf_ws/install/ament_cmake_catch2:${AMENT_PREFIX_PATH} CMAKE_PREFIX_PATH=/home/wang/rmf_ws/install/rmf_battery:/home/wang/rmf_ws/install/rmf_traffic:/home/wang/rmf_ws/install/rmf_utils:/home/wang/rmf_ws/install/ament_cmake_catch2:/opt/ros/humble LD_LIBRARY_PATH=/home/wang/rmf_ws/install/rmf_battery/lib:/home/wang/rmf_ws/install/rmf_traffic/lib:/home/wang/rmf_ws/install/rmf_utils/lib:${LD_LIBRARY_PATH} PKG_CONFIG_PATH=/home/wang/rmf_ws/install/rmf_battery/lib/x86_64-linux-gnu/pkgconfig:/home/wang/rmf_ws/install/rmf_battery/lib/pkgconfig:/home/wang/rmf_ws/install/rmf_traffic/lib/x86_64-linux-gnu/pkgconfig:/home/wang/rmf_ws/install/rmf_traffic/lib/pkgconfig:/home/wang/rmf_ws/install/rmf_utils/lib/x86_64-linux-gnu/pkgconfig:/home/wang/rmf_ws/install/rmf_utils/lib/pkgconfig /home/wang/.local/bin/cmake /home/wang/rmf_ws/src/rmf/rmf_task/rmf_task -DCMAKE_EXE_LINKER_FLAGS=-fuse-ld=lld -DCMAKE_MODULE_LINKER_FLAGS=-fuse-ld=lld -DCMAKE_SHARED_LINKER_FLAGS=-fuse-ld=lld -DCMAKE_BUILD_TYPE=Release -DCMAKE_INSTALL_PREFIX=/home/wang/rmf_ws/install/rmf_task
[0.931s] Invoking command in '/home/wang/rmf_ws/build/rmf_task': AMENT_PREFIX_PATH=/home/wang/rmf_ws/install/ament_cmake_catch2:${AMENT_PREFIX_PATH} CMAKE_PREFIX_PATH=/home/wang/rmf_ws/install/rmf_battery:/home/wang/rmf_ws/install/rmf_traffic:/home/wang/rmf_ws/install/rmf_utils:/home/wang/rmf_ws/install/ament_cmake_catch2:/opt/ros/humble LD_LIBRARY_PATH=/home/wang/rmf_ws/install/rmf_battery/lib:/home/wang/rmf_ws/install/rmf_traffic/lib:/home/wang/rmf_ws/install/rmf_utils/lib:${LD_LIBRARY_PATH} PKG_CONFIG_PATH=/home/wang/rmf_ws/install/rmf_battery/lib/x86_64-linux-gnu/pkgconfig:/home/wang/rmf_ws/install/rmf_battery/lib/pkgconfig:/home/wang/rmf_ws/install/rmf_traffic/lib/x86_64-linux-gnu/pkgconfig:/home/wang/rmf_ws/install/rmf_traffic/lib/pkgconfig:/home/wang/rmf_ws/install/rmf_utils/lib/x86_64-linux-gnu/pkgconfig:/home/wang/rmf_ws/install/rmf_utils/lib/pkgconfig /home/wang/.local/bin/cmake --build /home/wang/rmf_ws/build/rmf_task -- -j16 -l16
[0.971s] [  4%] [32mBuilding CXX object CMakeFiles/rmf_task.dir/src/rmf_task/BackupFileManager.cpp.o[0m
[0.971s] [  8%] [32mBuilding CXX object CMakeFiles/rmf_task.dir/src/rmf_task/BinaryPriorityCostCalculator.cpp.o[0m
[0.971s] [ 11%] [32mBuilding CXX object CMakeFiles/rmf_task.dir/src/rmf_task/BinaryPriorityScheme.cpp.o[0m
[0.971s] [ 11%] [32mBuilding CXX object CMakeFiles/rmf_task.dir/src/rmf_task/Activator.cpp.o[0m
[0.971s] [ 13%] [32mBuilding CXX object CMakeFiles/rmf_task.dir/src/rmf_task/CompositeData.cpp.o[0m
[0.972s] [  8%] [32mBuilding CXX object CMakeFiles/rmf_task.dir/src/rmf_task/BinaryPriority.cpp.o[0m
[0.972s] [ 15%] [32mBuilding CXX object CMakeFiles/rmf_task.dir/src/rmf_task/Constraints.cpp.o[0m
[0.972s] [ 17%] [32mBuilding CXX object CMakeFiles/rmf_task.dir/src/rmf_task/Estimate.cpp.o[0m
[0.973s] [ 22%] [32mBuilding CXX object CMakeFiles/rmf_task.dir/src/rmf_task/Header.cpp.o[0m
[0.973s] [ 22%] [32mBuilding CXX object CMakeFiles/rmf_task.dir/src/rmf_task/Event.cpp.o[0m
[0.975s] [ 24%] [32mBuilding CXX object CMakeFiles/rmf_task.dir/src/rmf_task/InvariantHeuristicQueue.cpp.o[0m
[1.003s] [ 26%] [32mBuilding CXX object CMakeFiles/rmf_task.dir/src/rmf_task/Log.cpp.o[0m
[1.009s] [ 28%] [32mBuilding CXX object CMakeFiles/rmf_task.dir/src/rmf_task/Parameters.cpp.o[0m
[1.011s] [ 31%] [32mBuilding CXX object CMakeFiles/rmf_task.dir/src/rmf_task/Payload.cpp.o[0m
[1.022s] [ 33%] [32mBuilding CXX object CMakeFiles/rmf_task.dir/src/rmf_task/Phase.cpp.o[0m
[1.319s] [ 35%] [32mBuilding CXX object CMakeFiles/rmf_task.dir/src/rmf_task/Priority.cpp.o[0m
[1.567s] [ 37%] [32mBuilding CXX object CMakeFiles/rmf_task.dir/src/rmf_task/Request.cpp.o[0m
[1.604s] [ 40%] [32mBuilding CXX object CMakeFiles/rmf_task.dir/src/rmf_task/State.cpp.o[0m
[1.711s] [ 42%] [32mBuilding CXX object CMakeFiles/rmf_task.dir/src/rmf_task/Task.cpp.o[0m
[1.994s] [ 44%] [32mBuilding CXX object CMakeFiles/rmf_task.dir/src/rmf_task/TaskPlanner.cpp.o[0m
[2.116s] [ 46%] [32mBuilding CXX object CMakeFiles/rmf_task.dir/src/rmf_task/VersionedString.cpp.o[0m
[2.434s] [ 48%] [32mBuilding CXX object CMakeFiles/rmf_task.dir/src/rmf_task/detail/Backup.cpp.o[0m
[2.959s] [ 51%] [32mBuilding CXX object CMakeFiles/rmf_task.dir/src/rmf_task/detail/Resume.cpp.o[0m
[3.611s] [ 53%] [32mBuilding CXX object CMakeFiles/rmf_task.dir/src/rmf_task/events/SimpleEventState.cpp.o[0m
[3.630s] [ 55%] [32mBuilding CXX object CMakeFiles/rmf_task.dir/src/rmf_task/internal_task_planning.cpp.o[0m
[3.954s] [ 57%] [32mBuilding CXX object CMakeFiles/rmf_task.dir/src/rmf_task/phases/RestoreBackup.cpp.o[0m
[4.359s] [ 60%] [32mBuilding CXX object CMakeFiles/rmf_task.dir/src/rmf_task/requests/ChargeBattery.cpp.o[0m
[4.503s] [ 62%] [32mBuilding CXX object CMakeFiles/rmf_task.dir/src/rmf_task/requests/ChargeBatteryFactory.cpp.o[0m
[5.666s] [ 64%] [32mBuilding CXX object CMakeFiles/rmf_task.dir/src/rmf_task/requests/Clean.cpp.o[0m
[5.746s] [ 66%] [32mBuilding CXX object CMakeFiles/rmf_task.dir/src/rmf_task/requests/Delivery.cpp.o[0m
[6.148s] [ 68%] [32mBuilding CXX object CMakeFiles/rmf_task.dir/src/rmf_task/requests/Loop.cpp.o[0m
[6.479s] In file included from /home/wang/rmf_ws/src/rmf/rmf_task/rmf_task/src/rmf_task/BinaryPriorityCostCalculator.cpp:18:
[6.480s] In file included from /home/wang/rmf_ws/src/rmf/rmf_task/rmf_task/src/rmf_task/BinaryPriorityCostCalculator.hpp:21:
[6.480s] In file included from /home/wang/rmf_ws/src/rmf/rmf_task/rmf_task/src/rmf_task/CostCalculator.hpp:21:
[6.480s] [1m/home/wang/rmf_ws/src/rmf/rmf_task/rmf_task/src/rmf_task/internal_task_planning.hpp:187:10: [0m[0;1;35mwarning: [0m[1mvariable 'popped_invariant' set but not used [-Wunused-but-set-variable][0m
[6.481s]     bool popped_invariant = false;
[6.481s] [0;1;32m         ^
[6.677s] [0mIn file included from /home/wang/rmf_ws/src/rmf/rmf_task/rmf_task/src/rmf_task/BinaryPriorityScheme.cpp:21:
[6.699s] In file included from /home/wang/rmf_ws/src/rmf/rmf_task/rmf_task/src/rmf_task/BinaryPriorityCostCalculator.hpp:21:
[6.699s] In file included from /home/wang/rmf_ws/src/rmf/rmf_task/rmf_task/src/rmf_task/CostCalculator.hpp:21:
[6.700s] [1m/home/wang/rmf_ws/src/rmf/rmf_task/rmf_task/src/rmf_task/internal_task_planning.hpp:187:10: [0m[0;1;35mwarning: [0m[1mvariable 'popped_invariant' set but not used [-Wunused-but-set-variable][0m
[6.700s]     bool popped_invariant = false;
[6.700s] [0;1;32m         ^
[6.794s] [ 71%] [32mBuilding CXX object CMakeFiles/rmf_task.dir/src/rmf_task/requests/ParkRobotFactory.cpp.o[0m
[7.069s] [0mIn file included from /home/wang/rmf_ws/src/rmf/rmf_task/rmf_task/src/rmf_task/TaskPlanner.cpp:23:
[7.069s] In file included from /home/wang/rmf_ws/src/rmf/rmf_task/rmf_task/src/rmf_task/BinaryPriorityCostCalculator.hpp:21:
[7.070s] In file included from /home/wang/rmf_ws/src/rmf/rmf_task/rmf_task/src/rmf_task/CostCalculator.hpp:21:
[7.070s] [1m/home/wang/rmf_ws/src/rmf/rmf_task/rmf_task/src/rmf_task/internal_task_planning.hpp:187:10: [0m[0;1;35mwarning: [0m[1mvariable 'popped_invariant' set but not used [-Wunused-but-set-variable][0m
[7.070s]     bool popped_invariant = false;
[7.070s] [0;1;32m         ^
[7.119s] [0m1 warning generated.
[7.269s] 1 warning generated.
[8.813s] In file included from /home/wang/rmf_ws/src/rmf/rmf_task/rmf_task/src/rmf_task/internal_task_planning.cpp:18:
[8.813s] [1m/home/wang/rmf_ws/src/rmf/rmf_task/rmf_task/src/rmf_task/internal_task_planning.hpp:187:10: [0m[0;1;35mwarning: [0m[1mvariable 'popped_invariant' set but not used [-Wunused-but-set-variable][0m
[8.813s]     bool popped_invariant = false;
[8.813s] [0;1;32m         ^
[9.747s] [0m1 warning generated.
[11.294s] 1 warning generated.
[11.306s] [ 73%] [32m[1mLinking CXX shared library librmf_task.so[0m
[11.361s] [ 73%] Built target rmf_task
[11.370s] [ 80%] [32mBuilding CXX object CMakeFiles/test_rmf_task.dir/test/mock/MockDelivery.cpp.o[0m
[11.370s] [ 80%] [32mBuilding CXX object CMakeFiles/test_rmf_task.dir/test/integration/test_backups.cpp.o[0m
[11.370s] [ 84%] [32mBuilding CXX object CMakeFiles/test_rmf_task.dir/test/mock/MockEvent.cpp.o[0m
[11.370s] [ 84%] [32mBuilding CXX object CMakeFiles/test_rmf_task.dir/test/mock/MockPhase.cpp.o[0m
[11.371s] [ 86%] [32mBuilding CXX object CMakeFiles/test_rmf_task.dir/test/mock/MockTask.cpp.o[0m
[11.371s] [ 80%] [32mBuilding CXX object CMakeFiles/test_rmf_task.dir/test/main.cpp.o[0m
[11.371s] [ 91%] [32mBuilding CXX object CMakeFiles/test_rmf_task.dir/test/unit/agv/test_TaskPlanner.cpp.o[0m
[11.371s] [ 93%] [32mBuilding CXX object CMakeFiles/test_rmf_task.dir/test/unit/agv/test_State.cpp.o[0m
[11.371s] [ 93%] [32mBuilding CXX object CMakeFiles/test_rmf_task.dir/test/unit/agv/test_Constraints.cpp.o[0m
[11.372s] [ 95%] [32mBuilding CXX object CMakeFiles/test_rmf_task.dir/test/unit/test_Activator.cpp.o[0m
[11.373s] [ 97%] [32mBuilding CXX object CMakeFiles/test_rmf_task.dir/test/unit/test_Log.cpp.o[0m
[15.517s] [1m/home/wang/rmf_ws/src/rmf/rmf_task/rmf_task/test/unit/agv/test_TaskPlanner.cpp:85:17: [0m[0;1;35mwarning: [0m[1munused variable 's' [-Wunused-variable][0m
[15.517s]     const auto& s = agent[0].finish_state();
[15.517s] [0;1;32m                ^
[15.517s] [0m[1m/home/wang/rmf_ws/src/rmf/rmf_task/rmf_task/test/unit/agv/test_TaskPlanner.cpp:75:16: [0m[0;1;35mwarning: [0m[1munused parameter 'initial_soc' [-Wunused-parameter][0m
[15.518s]   const double initial_soc)
[15.518s] [0;1;32m               ^
[22.301s] [0m2 warnings generated.
[26.747s] [100%] [32m[1mLinking CXX executable test_rmf_task[0m
[26.793s] [100%] Built target test_rmf_task
[26.801s] Invoked command in '/home/wang/rmf_ws/build/rmf_task' returned '0': AMENT_PREFIX_PATH=/home/wang/rmf_ws/install/ament_cmake_catch2:${AMENT_PREFIX_PATH} CMAKE_PREFIX_PATH=/home/wang/rmf_ws/install/rmf_battery:/home/wang/rmf_ws/install/rmf_traffic:/home/wang/rmf_ws/install/rmf_utils:/home/wang/rmf_ws/install/ament_cmake_catch2:/opt/ros/humble LD_LIBRARY_PATH=/home/wang/rmf_ws/install/rmf_battery/lib:/home/wang/rmf_ws/install/rmf_traffic/lib:/home/wang/rmf_ws/install/rmf_utils/lib:${LD_LIBRARY_PATH} PKG_CONFIG_PATH=/home/wang/rmf_ws/install/rmf_battery/lib/x86_64-linux-gnu/pkgconfig:/home/wang/rmf_ws/install/rmf_battery/lib/pkgconfig:/home/wang/rmf_ws/install/rmf_traffic/lib/x86_64-linux-gnu/pkgconfig:/home/wang/rmf_ws/install/rmf_traffic/lib/pkgconfig:/home/wang/rmf_ws/install/rmf_utils/lib/x86_64-linux-gnu/pkgconfig:/home/wang/rmf_ws/install/rmf_utils/lib/pkgconfig /home/wang/.local/bin/cmake --build /home/wang/rmf_ws/build/rmf_task -- -j16 -l16
[26.877s] Invoking command in '/home/wang/rmf_ws/build/rmf_task': AMENT_PREFIX_PATH=/home/wang/rmf_ws/install/ament_cmake_catch2:${AMENT_PREFIX_PATH} CMAKE_PREFIX_PATH=/home/wang/rmf_ws/install/rmf_battery:/home/wang/rmf_ws/install/rmf_traffic:/home/wang/rmf_ws/install/rmf_utils:/home/wang/rmf_ws/install/ament_cmake_catch2:/opt/ros/humble LD_LIBRARY_PATH=/home/wang/rmf_ws/install/rmf_battery/lib:/home/wang/rmf_ws/install/rmf_traffic/lib:/home/wang/rmf_ws/install/rmf_utils/lib:${LD_LIBRARY_PATH} PKG_CONFIG_PATH=/home/wang/rmf_ws/install/rmf_battery/lib/x86_64-linux-gnu/pkgconfig:/home/wang/rmf_ws/install/rmf_battery/lib/pkgconfig:/home/wang/rmf_ws/install/rmf_traffic/lib/x86_64-linux-gnu/pkgconfig:/home/wang/rmf_ws/install/rmf_traffic/lib/pkgconfig:/home/wang/rmf_ws/install/rmf_utils/lib/x86_64-linux-gnu/pkgconfig:/home/wang/rmf_ws/install/rmf_utils/lib/pkgconfig /home/wang/.local/bin/cmake --install /home/wang/rmf_ws/build/rmf_task
[26.895s] -- Install configuration: "Release"
[26.895s] -- Installing: /home/wang/rmf_ws/install/rmf_task/lib/librmf_task.so
[26.895s] -- Set runtime path of "/home/wang/rmf_ws/install/rmf_task/lib/librmf_task.so" to ""
[26.895s] -- Installing: /home/wang/rmf_ws/install/rmf_task/include/rmf_task
[26.896s] -- Installing: /home/wang/rmf_ws/install/rmf_task/include/rmf_task/Parameters.hpp
[26.896s] -- Installing: /home/wang/rmf_ws/install/rmf_task/include/rmf_task/detail
[26.896s] -- Installing: /home/wang/rmf_ws/install/rmf_task/include/rmf_task/detail/impl_CompositeData.hpp
[26.896s] -- Installing: /home/wang/rmf_ws/install/rmf_task/include/rmf_task/detail/impl_Activator.hpp
[26.896s] -- Installing: /home/wang/rmf_ws/install/rmf_task/include/rmf_task/detail/Backup.hpp
[26.896s] -- Installing: /home/wang/rmf_ws/install/rmf_task/include/rmf_task/detail/Resume.hpp
[26.896s] -- Installing: /home/wang/rmf_ws/install/rmf_task/include/rmf_task/Header.hpp
[26.896s] -- Installing: /home/wang/rmf_ws/install/rmf_task/include/rmf_task/RequestFactory.hpp
[26.896s] -- Installing: /home/wang/rmf_ws/install/rmf_task/include/rmf_task/CompositeData.hpp
[26.896s] -- Installing: /home/wang/rmf_ws/install/rmf_task/include/rmf_task/Priority.hpp
[26.896s] -- Installing: /home/wang/rmf_ws/install/rmf_task/include/rmf_task/Phase.hpp
[26.896s] -- Installing: /home/wang/rmf_ws/install/rmf_task/include/rmf_task/Constraints.hpp
[26.896s] -- Installing: /home/wang/rmf_ws/install/rmf_task/include/rmf_task/Request.hpp
[26.896s] -- Installing: /home/wang/rmf_ws/install/rmf_task/include/rmf_task/Task.hpp
[26.896s] -- Installing: /home/wang/rmf_ws/install/rmf_task/include/rmf_task/CostCalculator.hpp
[26.896s] -- Installing: /home/wang/rmf_ws/install/rmf_task/include/rmf_task/phases
[26.896s] -- Installing: /home/wang/rmf_ws/install/rmf_task/include/rmf_task/phases/RestoreBackup.hpp
[26.896s] -- Installing: /home/wang/rmf_ws/install/rmf_task/include/rmf_task/BinaryPriorityScheme.hpp
[26.896s] -- Installing: /home/wang/rmf_ws/install/rmf_task/include/rmf_task/VersionedString.hpp
[26.896s] -- Installing: /home/wang/rmf_ws/install/rmf_task/include/rmf_task/State.hpp
[26.896s] -- Installing: /home/wang/rmf_ws/install/rmf_task/include/rmf_task/Event.hpp
[26.897s] -- Installing: /home/wang/rmf_ws/install/rmf_task/include/rmf_task/requests
[26.897s] -- Installing: /home/wang/rmf_ws/install/rmf_task/include/rmf_task/requests/ChargeBattery.hpp
[26.897s] -- Installing: /home/wang/rmf_ws/install/rmf_task/include/rmf_task/requests/ChargeBatteryFactory.hpp
[26.897s] -- Installing: /home/wang/rmf_ws/install/rmf_task/include/rmf_task/requests/Clean.hpp
[26.897s] -- Installing: /home/wang/rmf_ws/install/rmf_task/include/rmf_task/requests/Loop.hpp
[26.897s] -- Installing: /home/wang/rmf_ws/install/rmf_task/include/rmf_task/requests/ParkRobotFactory.hpp
[26.897s] -- Installing: /home/wang/rmf_ws/install/rmf_task/include/rmf_task/requests/Delivery.hpp
[26.897s] -- Installing: /home/wang/rmf_ws/install/rmf_task/include/rmf_task/Activator.hpp
[26.897s] -- Installing: /home/wang/rmf_ws/install/rmf_task/include/rmf_task/Estimate.hpp
[26.897s] -- Installing: /home/wang/rmf_ws/install/rmf_task/include/rmf_task/BackupFileManager.hpp
[26.897s] -- Installing: /home/wang/rmf_ws/install/rmf_task/include/rmf_task/Payload.hpp
[26.897s] -- Installing: /home/wang/rmf_ws/install/rmf_task/include/rmf_task/events
[26.897s] -- Installing: /home/wang/rmf_ws/install/rmf_task/include/rmf_task/events/SimpleEventState.hpp
[26.897s] -- Installing: /home/wang/rmf_ws/install/rmf_task/include/rmf_task/Log.hpp
[26.897s] -- Installing: /home/wang/rmf_ws/install/rmf_task/include/rmf_task/TaskPlanner.hpp
[26.897s] -- Installing: /home/wang/rmf_ws/install/rmf_task/lib/rmf_task/cmake/rmf_task-config-version.cmake
[26.897s] -- Installing: /home/wang/rmf_ws/install/rmf_task/lib/rmf_task/cmake/rmf_task-config.cmake
[26.897s] -- Installing: /home/wang/rmf_ws/install/rmf_task/lib/rmf_task/cmake/rmf_task-targets.cmake
[26.897s] -- Installing: /home/wang/rmf_ws/install/rmf_task/lib/rmf_task/cmake/rmf_task-targets-release.cmake
[26.897s] -- Installing: /home/wang/rmf_ws/install/rmf_task/share/ament_index/resource_index/packages/rmf_task
[26.898s] -- Installing: /home/wang/rmf_ws/install/rmf_task/share/rmf_task/hook/ament_prefix_path.dsv
[26.902s] Invoked command in '/home/wang/rmf_ws/build/rmf_task' returned '0': AMENT_PREFIX_PATH=/home/wang/rmf_ws/install/ament_cmake_catch2:${AMENT_PREFIX_PATH} CMAKE_PREFIX_PATH=/home/wang/rmf_ws/install/rmf_battery:/home/wang/rmf_ws/install/rmf_traffic:/home/wang/rmf_ws/install/rmf_utils:/home/wang/rmf_ws/install/ament_cmake_catch2:/opt/ros/humble LD_LIBRARY_PATH=/home/wang/rmf_ws/install/rmf_battery/lib:/home/wang/rmf_ws/install/rmf_traffic/lib:/home/wang/rmf_ws/install/rmf_utils/lib:${LD_LIBRARY_PATH} PKG_CONFIG_PATH=/home/wang/rmf_ws/install/rmf_battery/lib/x86_64-linux-gnu/pkgconfig:/home/wang/rmf_ws/install/rmf_battery/lib/pkgconfig:/home/wang/rmf_ws/install/rmf_traffic/lib/x86_64-linux-gnu/pkgconfig:/home/wang/rmf_ws/install/rmf_traffic/lib/pkgconfig:/home/wang/rmf_ws/install/rmf_utils/lib/x86_64-linux-gnu/pkgconfig:/home/wang/rmf_ws/install/rmf_utils/lib/pkgconfig /home/wang/.local/bin/cmake --install /home/wang/rmf_ws/build/rmf_task
