[0.018s] Invoking command in '/home/wang/rmf_ws/build/rmf_robot_sim_gz_classic_plugins': AMENT_PREFIX_PATH=/home/wang/rmf_ws/install/rmf_robot_sim_common:/home/wang/rmf_ws/install/rmf_ingestor_msgs:/home/wang/rmf_ws/install/rmf_fleet_msgs:/home/wang/rmf_ws/install/rmf_dispenser_msgs:/home/wang/rmf_ws/install/rmf_building_map_msgs:${AMENT_PREFIX_PATH} CMAKE_PREFIX_PATH=/home/wang/rmf_ws/install/rmf_robot_sim_common:/home/wang/rmf_ws/install/rmf_ingestor_msgs:/home/wang/rmf_ws/install/rmf_fleet_msgs:/home/wang/rmf_ws/install/rmf_dispenser_msgs:/home/wang/rmf_ws/install/rmf_building_map_msgs:/opt/ros/humble LD_LIBRARY_PATH=/home/wang/rmf_ws/install/rmf_robot_sim_common/lib:/home/wang/rmf_ws/install/rmf_ingestor_msgs/lib:/home/wang/rmf_ws/install/rmf_fleet_msgs/lib:/home/wang/rmf_ws/install/rmf_dispenser_msgs/lib:/home/wang/rmf_ws/install/rmf_building_map_msgs/lib:${LD_LIBRARY_PATH} PYTHONPATH=/home/wang/rmf_ws/install/rmf_ingestor_msgs/local/lib/python3.10/dist-packages:/home/wang/rmf_ws/install/rmf_fleet_msgs/local/lib/python3.10/dist-packages:/home/wang/rmf_ws/install/rmf_dispenser_msgs/local/lib/python3.10/dist-packages:/home/wang/rmf_ws/install/rmf_building_map_msgs/local/lib/python3.10/dist-packages:${PYTHONPATH} /home/wang/.local/bin/cmake /home/wang/rmf_ws/src/rmf/rmf_simulation/rmf_robot_sim_gz_classic_plugins -DCMAKE_EXE_LINKER_FLAGS=-fuse-ld=lld -DCMAKE_MODULE_LINKER_FLAGS=-fuse-ld=lld -DCMAKE_SHARED_LINKER_FLAGS=-fuse-ld=lld -DCMAKE_BUILD_TYPE=Release -DCMAKE_INSTALL_PREFIX=/home/wang/rmf_ws/install/rmf_robot_sim_gz_classic_plugins
[0.150s] -- The C compiler identification is Clang 14.0.0
[0.329s] -- The CXX compiler identification is Clang 14.0.0
[0.356s] -- Detecting C compiler ABI info
[0.474s] -- Detecting C compiler ABI info - done
[0.487s] -- Check for working C compiler: /usr/bin/clang - skipped
[0.487s] -- Detecting C compile features
[0.488s] -- Detecting C compile features - done
[0.493s] -- Detecting CXX compiler ABI info
[0.617s] -- Detecting CXX compiler ABI info - done
[0.630s] -- Check for working CXX compiler: /usr/bin/clang++ - skipped
[0.631s] -- Detecting CXX compile features
[0.632s] -- Detecting CXX compile features - done
[0.636s] -- Found ament_cmake: 1.3.5 (/opt/ros/humble/share/ament_cmake/cmake)
[1.072s] -- Found Python3: /usr/bin/python3.10 (found version "3.10.6") found components: Interpreter 
[1.174s] -- Found rclcpp: 16.0.4 (/opt/ros/humble/share/rclcpp/cmake)
[1.247s] -- Found rosidl_generator_c: 3.1.4 (/opt/ros/humble/share/rosidl_generator_c/cmake)
[1.255s] -- Found rosidl_adapter: 3.1.4 (/opt/ros/humble/share/rosidl_adapter/cmake)
[1.270s] -- Found rosidl_generator_cpp: 3.1.4 (/opt/ros/humble/share/rosidl_generator_cpp/cmake)
[1.297s] -- Using all available rosidl_typesupport_c: rosidl_typesupport_fastrtps_c;rosidl_typesupport_introspection_c
[1.334s] -- Using all available rosidl_typesupport_cpp: rosidl_typesupport_fastrtps_cpp;rosidl_typesupport_introspection_cpp
[1.466s] -- Found rmw_implementation_cmake: 6.1.1 (/opt/ros/humble/share/rmw_implementation_cmake/cmake)
[1.471s] -- Found rmw_fastrtps_cpp: 6.2.2 (/opt/ros/humble/share/rmw_fastrtps_cpp/cmake)
[1.602s] -- Found OpenSSL: /usr/lib/x86_64-linux-gnu/libcrypto.so (found version "3.0.2")  
[1.646s] -- Found FastRTPS: /opt/ros/humble/include  
[1.722s] -- Using RMW implementation 'rmw_fastrtps_cpp' as default
[1.738s] -- Performing Test CMAKE_HAVE_LIBC_PTHREAD
[1.863s] -- Performing Test CMAKE_HAVE_LIBC_PTHREAD - Success
[1.864s] -- Found Threads: TRUE  
[2.210s] -- Found gazebo_ros: 3.7.0 (/opt/ros/humble/share/gazebo_ros/cmake)
[2.226s] -- Found PkgConfig: /usr/bin/pkg-config (found version "0.29.2") 
[2.229s] -- Checking for module 'bullet>=2.82'
[2.241s] --   Found bullet, version 3.05
[2.357s] -- Found fcl: /usr/include (found suitable version "0.7.0", minimum required is "0.5.0") 
[2.413s] -- Found assimp: /usr/include (found version "5.2.0") 
[2.446s] -- Found DART: /usr/include (Required is at least version "6.6") found components: dart 
[2.497s] -- Found Boost: /usr/lib/x86_64-linux-gnu/cmake/Boost-1.74.0/BoostConfig.cmake (found suitable version "1.74.0", minimum required is "1.40.0") found components: thread system filesystem program_options regex iostreams date_time 
[2.528s] -- Found Protobuf: /usr/lib/x86_64-linux-gnu/libprotobuf.so (found version "3.12.4") 
[2.535s] -- Looking for ignition-math6 -- found version 6.14.0
[2.544s] -- Searching for dependencies of ignition-math6
[2.547s] -- Looking for OGRE...
[2.548s] -- OGRE_PREFIX_WATCH changed.
[2.554s] -- Checking for module 'OGRE'
[2.568s] --   Found OGRE, version 1.9.0
[2.604s] -- Found Ogre Ghadamon (1.9.0)
[2.629s] -- Found OGRE: optimized;/usr/lib/x86_64-linux-gnu/libOgreMain.so;debug;/usr/lib/x86_64-linux-gnu/libOgreMain.so
[2.646s] -- Looking for OGRE_Paging...
[2.670s] -- Found OGRE_Paging: optimized;/usr/lib/x86_64-linux-gnu/libOgrePaging.so;debug;/usr/lib/x86_64-linux-gnu/libOgrePaging.so
[2.670s] -- Looking for OGRE_Terrain...
[2.692s] -- Found OGRE_Terrain: optimized;/usr/lib/x86_64-linux-gnu/libOgreTerrain.so;debug;/usr/lib/x86_64-linux-gnu/libOgreTerrain.so
[2.692s] -- Looking for OGRE_Property...
[2.714s] -- Found OGRE_Property: optimized;/usr/lib/x86_64-linux-gnu/libOgreProperty.so;debug;/usr/lib/x86_64-linux-gnu/libOgreProperty.so
[2.715s] -- Looking for OGRE_RTShaderSystem...
[2.738s] -- Found OGRE_RTShaderSystem: optimized;/usr/lib/x86_64-linux-gnu/libOgreRTShaderSystem.so;debug;/usr/lib/x86_64-linux-gnu/libOgreRTShaderSystem.so
[2.738s] -- Looking for OGRE_Volume...
[2.760s] -- Found OGRE_Volume: optimized;/usr/lib/x86_64-linux-gnu/libOgreVolume.so;debug;/usr/lib/x86_64-linux-gnu/libOgreVolume.so
[2.760s] -- Looking for OGRE_Overlay...
[2.782s] -- Found OGRE_Overlay: optimized;/usr/lib/x86_64-linux-gnu/libOgreOverlay.so;debug;/usr/lib/x86_64-linux-gnu/libOgreOverlay.so
[3.194s] -- Looking for ignition-math6 -- found version 6.14.0
[3.198s] -- Looking for ignition-transport8 -- found version 8.2.1
[3.199s] -- Searching for dependencies of ignition-transport8
[3.222s] -- Found Protobuf: /usr/lib/x86_64-linux-gnu/libprotobuf.so (found suitable version "3.12.4", minimum required is "3") 
[3.236s] -- Config-file not installed for ZeroMQ -- checking for pkg-config
[3.243s] -- Checking for module 'libzmq >= 4'
[3.259s] --   Found libzmq , version 4.3.4
[3.303s] -- Found ZeroMQ: TRUE (Required is at least version "4") 
[3.312s] -- Checking for module 'uuid'
[3.327s] --   Found uuid, version 2.37.2
[3.359s] -- Found UUID: TRUE  
[3.362s] -- Looking for ignition-msgs5 -- found version 5.8.1
[3.362s] -- Searching for dependencies of ignition-msgs5
[3.387s] -- Looking for ignition-math6 -- found version 6.14.0
[3.394s] -- Checking for module 'tinyxml2'
[3.406s] --   Found tinyxml2, version 9.0.0
[3.430s] -- Looking for ignition-msgs5 -- found version 5.8.1
[3.433s] -- Looking for ignition-common3 -- found version 3.14.0
[3.433s] -- Searching for dependencies of ignition-common3
[3.433s] -- Looking for dlfcn.h - found
[3.435s] -- Looking for libdl - found
[3.437s] -- Found DL: TRUE  
[3.449s] -- Found tinyobjloader: /usr/lib/x86_64-linux-gnu/cmake/tinyobjloader/tinyobjloader-config.cmake (found version "2.0.0") 
[3.450s] -- Searching for <ignition-common3> component [graphics]
[3.452s] -- Looking for ignition-common3-graphics -- found version 3.14.0
[3.452s] -- Searching for dependencies of ignition-common3-graphics
[3.453s] -- Looking for ignition-math6 -- found version 6.14.0
[3.456s] -- Looking for ignition-fuel_tools4 -- found version 4.4.0
[3.456s] -- Searching for dependencies of ignition-fuel_tools4
[3.521s] -- Found CURL: /usr/lib/x86_64-linux-gnu/libcurl.so (found version "7.81.0")  
[3.529s] -- Checking for module 'jsoncpp'
[3.539s] --   Found jsoncpp, version 1.9.5
[3.564s] -- Found JSONCPP: TRUE  
[3.569s] -- Checking for module 'libzip'
[3.579s] --   Found libzip, version 1.7.3
[3.603s] -- Found ZIP: TRUE  
[3.603s] -- Looking for ignition-common3 -- found version 3.14.0
[3.604s] -- Looking for ignition-math6 -- found version 6.14.0
[3.604s] -- Looking for ignition-msgs5 -- found version 5.8.1
[3.608s] -- Gazebo version: 11.10
[3.608s] -- Checking for module 'tbb'
[3.618s] --   Found tbb, version 2021.5.0
[3.649s] -- Found geometry_msgs: 4.2.3 (/opt/ros/humble/share/geometry_msgs/cmake)
[3.697s] -- Found rmf_fleet_msgs: 3.0.3 (/home/wang/rmf_ws/install/rmf_fleet_msgs/share/rmf_fleet_msgs/cmake)
[3.734s] -- Found rmf_building_map_msgs: 1.2.1 (/home/wang/rmf_ws/install/rmf_building_map_msgs/share/rmf_building_map_msgs/cmake)
[3.771s] -- Found rmf_robot_sim_common: 2.0.2 (/home/wang/rmf_ws/install/rmf_robot_sim_common/share/rmf_robot_sim_common/cmake)
[4.467s] -- Configuring done (4.4s)
[4.535s] -- Generating done (0.1s)
[4.539s] -- Build files have been written to: /home/wang/rmf_ws/build/rmf_robot_sim_gz_classic_plugins
[4.567s] Invoked command in '/home/wang/rmf_ws/build/rmf_robot_sim_gz_classic_plugins' returned '0': AMENT_PREFIX_PATH=/home/wang/rmf_ws/install/rmf_robot_sim_common:/home/wang/rmf_ws/install/rmf_ingestor_msgs:/home/wang/rmf_ws/install/rmf_fleet_msgs:/home/wang/rmf_ws/install/rmf_dispenser_msgs:/home/wang/rmf_ws/install/rmf_building_map_msgs:${AMENT_PREFIX_PATH} CMAKE_PREFIX_PATH=/home/wang/rmf_ws/install/rmf_robot_sim_common:/home/wang/rmf_ws/install/rmf_ingestor_msgs:/home/wang/rmf_ws/install/rmf_fleet_msgs:/home/wang/rmf_ws/install/rmf_dispenser_msgs:/home/wang/rmf_ws/install/rmf_building_map_msgs:/opt/ros/humble LD_LIBRARY_PATH=/home/wang/rmf_ws/install/rmf_robot_sim_common/lib:/home/wang/rmf_ws/install/rmf_ingestor_msgs/lib:/home/wang/rmf_ws/install/rmf_fleet_msgs/lib:/home/wang/rmf_ws/install/rmf_dispenser_msgs/lib:/home/wang/rmf_ws/install/rmf_building_map_msgs/lib:${LD_LIBRARY_PATH} PYTHONPATH=/home/wang/rmf_ws/install/rmf_ingestor_msgs/local/lib/python3.10/dist-packages:/home/wang/rmf_ws/install/rmf_fleet_msgs/local/lib/python3.10/dist-packages:/home/wang/rmf_ws/install/rmf_dispenser_msgs/local/lib/python3.10/dist-packages:/home/wang/rmf_ws/install/rmf_building_map_msgs/local/lib/python3.10/dist-packages:${PYTHONPATH} /home/wang/.local/bin/cmake /home/wang/rmf_ws/src/rmf/rmf_simulation/rmf_robot_sim_gz_classic_plugins -DCMAKE_EXE_LINKER_FLAGS=-fuse-ld=lld -DCMAKE_MODULE_LINKER_FLAGS=-fuse-ld=lld -DCMAKE_SHARED_LINKER_FLAGS=-fuse-ld=lld -DCMAKE_BUILD_TYPE=Release -DCMAKE_INSTALL_PREFIX=/home/wang/rmf_ws/install/rmf_robot_sim_gz_classic_plugins
[4.570s] Invoking command in '/home/wang/rmf_ws/build/rmf_robot_sim_gz_classic_plugins': AMENT_PREFIX_PATH=/home/wang/rmf_ws/install/rmf_robot_sim_common:/home/wang/rmf_ws/install/rmf_ingestor_msgs:/home/wang/rmf_ws/install/rmf_fleet_msgs:/home/wang/rmf_ws/install/rmf_dispenser_msgs:/home/wang/rmf_ws/install/rmf_building_map_msgs:${AMENT_PREFIX_PATH} CMAKE_PREFIX_PATH=/home/wang/rmf_ws/install/rmf_robot_sim_common:/home/wang/rmf_ws/install/rmf_ingestor_msgs:/home/wang/rmf_ws/install/rmf_fleet_msgs:/home/wang/rmf_ws/install/rmf_dispenser_msgs:/home/wang/rmf_ws/install/rmf_building_map_msgs:/opt/ros/humble LD_LIBRARY_PATH=/home/wang/rmf_ws/install/rmf_robot_sim_common/lib:/home/wang/rmf_ws/install/rmf_ingestor_msgs/lib:/home/wang/rmf_ws/install/rmf_fleet_msgs/lib:/home/wang/rmf_ws/install/rmf_dispenser_msgs/lib:/home/wang/rmf_ws/install/rmf_building_map_msgs/lib:${LD_LIBRARY_PATH} PYTHONPATH=/home/wang/rmf_ws/install/rmf_ingestor_msgs/local/lib/python3.10/dist-packages:/home/wang/rmf_ws/install/rmf_fleet_msgs/local/lib/python3.10/dist-packages:/home/wang/rmf_ws/install/rmf_dispenser_msgs/local/lib/python3.10/dist-packages:/home/wang/rmf_ws/install/rmf_building_map_msgs/local/lib/python3.10/dist-packages:${PYTHONPATH} /home/wang/.local/bin/cmake --build /home/wang/rmf_ws/build/rmf_robot_sim_gz_classic_plugins -- -j16 -l16
[4.617s] [ 25%] [32mBuilding CXX object CMakeFiles/readonly.dir/src/readonly.cpp.o[0m
[4.618s] [ 25%] [32mBuilding CXX object CMakeFiles/teleport_dispenser.dir/src/TeleportDispenser.cpp.o[0m
[4.618s] [ 37%] [32mBuilding CXX object CMakeFiles/slotcar.dir/src/slotcar.cpp.o[0m
[4.618s] [ 50%] [32mBuilding CXX object CMakeFiles/teleport_ingestor.dir/src/TeleportIngestor.cpp.o[0m
[20.770s] [ 62%] [32m[1mLinking CXX shared library libreadonly.so[0m
[20.884s] [ 62%] Built target readonly
[21.691s] [ 75%] [32m[1mLinking CXX shared library libteleport_dispenser.so[0m
[21.801s] [ 75%] Built target teleport_dispenser
[24.590s] [ 87%] [32m[1mLinking CXX shared library libteleport_ingestor.so[0m
[24.686s] [ 87%] Built target teleport_ingestor
[28.130s] [100%] [32m[1mLinking CXX shared library libslotcar.so[0m
[28.461s] [100%] Built target slotcar
[28.491s] Invoked command in '/home/wang/rmf_ws/build/rmf_robot_sim_gz_classic_plugins' returned '0': AMENT_PREFIX_PATH=/home/wang/rmf_ws/install/rmf_robot_sim_common:/home/wang/rmf_ws/install/rmf_ingestor_msgs:/home/wang/rmf_ws/install/rmf_fleet_msgs:/home/wang/rmf_ws/install/rmf_dispenser_msgs:/home/wang/rmf_ws/install/rmf_building_map_msgs:${AMENT_PREFIX_PATH} CMAKE_PREFIX_PATH=/home/wang/rmf_ws/install/rmf_robot_sim_common:/home/wang/rmf_ws/install/rmf_ingestor_msgs:/home/wang/rmf_ws/install/rmf_fleet_msgs:/home/wang/rmf_ws/install/rmf_dispenser_msgs:/home/wang/rmf_ws/install/rmf_building_map_msgs:/opt/ros/humble LD_LIBRARY_PATH=/home/wang/rmf_ws/install/rmf_robot_sim_common/lib:/home/wang/rmf_ws/install/rmf_ingestor_msgs/lib:/home/wang/rmf_ws/install/rmf_fleet_msgs/lib:/home/wang/rmf_ws/install/rmf_dispenser_msgs/lib:/home/wang/rmf_ws/install/rmf_building_map_msgs/lib:${LD_LIBRARY_PATH} PYTHONPATH=/home/wang/rmf_ws/install/rmf_ingestor_msgs/local/lib/python3.10/dist-packages:/home/wang/rmf_ws/install/rmf_fleet_msgs/local/lib/python3.10/dist-packages:/home/wang/rmf_ws/install/rmf_dispenser_msgs/local/lib/python3.10/dist-packages:/home/wang/rmf_ws/install/rmf_building_map_msgs/local/lib/python3.10/dist-packages:${PYTHONPATH} /home/wang/.local/bin/cmake --build /home/wang/rmf_ws/build/rmf_robot_sim_gz_classic_plugins -- -j16 -l16
[29.058s] Invoking command in '/home/wang/rmf_ws/build/rmf_robot_sim_gz_classic_plugins': AMENT_PREFIX_PATH=/home/wang/rmf_ws/install/rmf_robot_sim_common:/home/wang/rmf_ws/install/rmf_ingestor_msgs:/home/wang/rmf_ws/install/rmf_fleet_msgs:/home/wang/rmf_ws/install/rmf_dispenser_msgs:/home/wang/rmf_ws/install/rmf_building_map_msgs:${AMENT_PREFIX_PATH} CMAKE_PREFIX_PATH=/home/wang/rmf_ws/install/rmf_robot_sim_common:/home/wang/rmf_ws/install/rmf_ingestor_msgs:/home/wang/rmf_ws/install/rmf_fleet_msgs:/home/wang/rmf_ws/install/rmf_dispenser_msgs:/home/wang/rmf_ws/install/rmf_building_map_msgs:/opt/ros/humble LD_LIBRARY_PATH=/home/wang/rmf_ws/install/rmf_robot_sim_common/lib:/home/wang/rmf_ws/install/rmf_ingestor_msgs/lib:/home/wang/rmf_ws/install/rmf_fleet_msgs/lib:/home/wang/rmf_ws/install/rmf_dispenser_msgs/lib:/home/wang/rmf_ws/install/rmf_building_map_msgs/lib:${LD_LIBRARY_PATH} PYTHONPATH=/home/wang/rmf_ws/install/rmf_ingestor_msgs/local/lib/python3.10/dist-packages:/home/wang/rmf_ws/install/rmf_fleet_msgs/local/lib/python3.10/dist-packages:/home/wang/rmf_ws/install/rmf_dispenser_msgs/local/lib/python3.10/dist-packages:/home/wang/rmf_ws/install/rmf_building_map_msgs/local/lib/python3.10/dist-packages:${PYTHONPATH} /home/wang/.local/bin/cmake --install /home/wang/rmf_ws/build/rmf_robot_sim_gz_classic_plugins
[29.133s] -- Install configuration: "Release"
[29.133s] -- Installing: /home/wang/rmf_ws/install/rmf_robot_sim_gz_classic_plugins/lib/rmf_robot_sim_gz_classic_plugins/libteleport_dispenser.so
[29.136s] -- Set runtime path of "/home/wang/rmf_ws/install/rmf_robot_sim_gz_classic_plugins/lib/rmf_robot_sim_gz_classic_plugins/libteleport_dispenser.so" to ""
[29.142s] -- Installing: /home/wang/rmf_ws/install/rmf_robot_sim_gz_classic_plugins/lib/rmf_robot_sim_gz_classic_plugins/libteleport_ingestor.so
[29.143s] -- Set runtime path of "/home/wang/rmf_ws/install/rmf_robot_sim_gz_classic_plugins/lib/rmf_robot_sim_gz_classic_plugins/libteleport_ingestor.so" to ""
[29.143s] -- Installing: /home/wang/rmf_ws/install/rmf_robot_sim_gz_classic_plugins/lib/rmf_robot_sim_gz_classic_plugins/libreadonly.so
[29.144s] -- Set runtime path of "/home/wang/rmf_ws/install/rmf_robot_sim_gz_classic_plugins/lib/rmf_robot_sim_gz_classic_plugins/libreadonly.so" to ""
[29.145s] -- Installing: /home/wang/rmf_ws/install/rmf_robot_sim_gz_classic_plugins/lib/rmf_robot_sim_gz_classic_plugins/libslotcar.so
[29.161s] -- Set runtime path of "/home/wang/rmf_ws/install/rmf_robot_sim_gz_classic_plugins/lib/rmf_robot_sim_gz_classic_plugins/libslotcar.so" to ""
[29.162s] -- Installing: /home/wang/rmf_ws/install/rmf_robot_sim_gz_classic_plugins/share/ament_index/resource_index/package_run_dependencies/rmf_robot_sim_gz_classic_plugins
[29.162s] -- Installing: /home/wang/rmf_ws/install/rmf_robot_sim_gz_classic_plugins/share/ament_index/resource_index/parent_prefix_path/rmf_robot_sim_gz_classic_plugins
[29.162s] -- Installing: /home/wang/rmf_ws/install/rmf_robot_sim_gz_classic_plugins/share/rmf_robot_sim_gz_classic_plugins/environment/ament_prefix_path.sh
[29.162s] -- Installing: /home/wang/rmf_ws/install/rmf_robot_sim_gz_classic_plugins/share/rmf_robot_sim_gz_classic_plugins/environment/ament_prefix_path.dsv
[29.163s] -- Installing: /home/wang/rmf_ws/install/rmf_robot_sim_gz_classic_plugins/share/rmf_robot_sim_gz_classic_plugins/environment/path.sh
[29.163s] -- Installing: /home/wang/rmf_ws/install/rmf_robot_sim_gz_classic_plugins/share/rmf_robot_sim_gz_classic_plugins/environment/path.dsv
[29.163s] -- Installing: /home/wang/rmf_ws/install/rmf_robot_sim_gz_classic_plugins/share/rmf_robot_sim_gz_classic_plugins/local_setup.bash
[29.163s] -- Installing: /home/wang/rmf_ws/install/rmf_robot_sim_gz_classic_plugins/share/rmf_robot_sim_gz_classic_plugins/local_setup.sh
[29.163s] -- Installing: /home/wang/rmf_ws/install/rmf_robot_sim_gz_classic_plugins/share/rmf_robot_sim_gz_classic_plugins/local_setup.zsh
[29.163s] -- Installing: /home/wang/rmf_ws/install/rmf_robot_sim_gz_classic_plugins/share/rmf_robot_sim_gz_classic_plugins/local_setup.dsv
[29.164s] -- Installing: /home/wang/rmf_ws/install/rmf_robot_sim_gz_classic_plugins/share/rmf_robot_sim_gz_classic_plugins/package.dsv
[29.164s] -- Installing: /home/wang/rmf_ws/install/rmf_robot_sim_gz_classic_plugins/share/ament_index/resource_index/packages/rmf_robot_sim_gz_classic_plugins
[29.164s] -- Installing: /home/wang/rmf_ws/install/rmf_robot_sim_gz_classic_plugins/share/rmf_robot_sim_gz_classic_plugins/cmake/rmf_robot_sim_gz_classic_pluginsConfig.cmake
[29.164s] -- Installing: /home/wang/rmf_ws/install/rmf_robot_sim_gz_classic_plugins/share/rmf_robot_sim_gz_classic_plugins/cmake/rmf_robot_sim_gz_classic_pluginsConfig-version.cmake
[29.165s] -- Installing: /home/wang/rmf_ws/install/rmf_robot_sim_gz_classic_plugins/share/rmf_robot_sim_gz_classic_plugins/package.xml
[29.182s] Invoked command in '/home/wang/rmf_ws/build/rmf_robot_sim_gz_classic_plugins' returned '0': AMENT_PREFIX_PATH=/home/wang/rmf_ws/install/rmf_robot_sim_common:/home/wang/rmf_ws/install/rmf_ingestor_msgs:/home/wang/rmf_ws/install/rmf_fleet_msgs:/home/wang/rmf_ws/install/rmf_dispenser_msgs:/home/wang/rmf_ws/install/rmf_building_map_msgs:${AMENT_PREFIX_PATH} CMAKE_PREFIX_PATH=/home/wang/rmf_ws/install/rmf_robot_sim_common:/home/wang/rmf_ws/install/rmf_ingestor_msgs:/home/wang/rmf_ws/install/rmf_fleet_msgs:/home/wang/rmf_ws/install/rmf_dispenser_msgs:/home/wang/rmf_ws/install/rmf_building_map_msgs:/opt/ros/humble LD_LIBRARY_PATH=/home/wang/rmf_ws/install/rmf_robot_sim_common/lib:/home/wang/rmf_ws/install/rmf_ingestor_msgs/lib:/home/wang/rmf_ws/install/rmf_fleet_msgs/lib:/home/wang/rmf_ws/install/rmf_dispenser_msgs/lib:/home/wang/rmf_ws/install/rmf_building_map_msgs/lib:${LD_LIBRARY_PATH} PYTHONPATH=/home/wang/rmf_ws/install/rmf_ingestor_msgs/local/lib/python3.10/dist-packages:/home/wang/rmf_ws/install/rmf_fleet_msgs/local/lib/python3.10/dist-packages:/home/wang/rmf_ws/install/rmf_dispenser_msgs/local/lib/python3.10/dist-packages:/home/wang/rmf_ws/install/rmf_building_map_msgs/local/lib/python3.10/dist-packages:${PYTHONPATH} /home/wang/.local/bin/cmake --install /home/wang/rmf_ws/build/rmf_robot_sim_gz_classic_plugins
