[0.105s] Invoking command in '/home/wang/rmf_ws/build/rmf_demos_assets': CMAKE_PREFIX_PATH=/opt/ros/humble /home/wang/.local/bin/cmake /home/wang/rmf_ws/src/demonstrations/rmf_demos/rmf_demos_assets -DCMAKE_EXE_LINKER_FLAGS=-fuse-ld=lld -DCMAKE_MODULE_LINKER_FLAGS=-fuse-ld=lld -DCMAKE_SHARED_LINKER_FLAGS=-fuse-ld=lld -DCMAKE_BUILD_TYPE=Release -DCMAKE_INSTALL_PREFIX=/home/wang/rmf_ws/install/rmf_demos_assets
[2.810s] -- The C compiler identification is Clang 14.0.0
[2.810s] -- The CXX compiler identification is Clang 14.0.0
[2.811s] -- Detecting C compiler ABI info
[2.811s] -- Detecting C compiler ABI info - done
[2.812s] -- Check for working C compiler: /usr/bin/clang - skipped
[2.812s] -- Detecting C compile features
[2.813s] -- Detecting C compile features - done
[2.813s] -- Detecting CXX compiler ABI info
[2.813s] -- Detecting CXX compiler ABI info - done
[2.813s] -- Check for working CXX compiler: /usr/bin/clang++ - skipped
[2.813s] -- Detecting CXX compile features
[2.813s] -- Detecting CXX compile features - done
[2.813s] -- Found ament_cmake: 1.3.5 (/opt/ros/humble/share/ament_cmake/cmake)
[2.813s] -- Found Python3: /usr/bin/python3.10 (found version "3.10.6") found components: Interpreter 
[2.813s] -- Configuring done (2.0s)
[2.813s] -- Generating done (0.0s)
[2.813s] -- Build files have been written to: /home/wang/rmf_ws/build/rmf_demos_assets
[2.816s] Invoked command in '/home/wang/rmf_ws/build/rmf_demos_assets' returned '0': CMAKE_PREFIX_PATH=/opt/ros/humble /home/wang/.local/bin/cmake /home/wang/rmf_ws/src/demonstrations/rmf_demos/rmf_demos_assets -DCMAKE_EXE_LINKER_FLAGS=-fuse-ld=lld -DCMAKE_MODULE_LINKER_FLAGS=-fuse-ld=lld -DCMAKE_SHARED_LINKER_FLAGS=-fuse-ld=lld -DCMAKE_BUILD_TYPE=Release -DCMAKE_INSTALL_PREFIX=/home/wang/rmf_ws/install/rmf_demos_assets
[2.817s] Invoking command in '/home/wang/rmf_ws/build/rmf_demos_assets': CMAKE_PREFIX_PATH=/opt/ros/humble /home/wang/.local/bin/cmake --build /home/wang/rmf_ws/build/rmf_demos_assets -- -j16 -l16
[3.216s] Invoked command in '/home/wang/rmf_ws/build/rmf_demos_assets' returned '0': CMAKE_PREFIX_PATH=/opt/ros/humble /home/wang/.local/bin/cmake --build /home/wang/rmf_ws/build/rmf_demos_assets -- -j16 -l16
[3.627s] Invoking command in '/home/wang/rmf_ws/build/rmf_demos_assets': CMAKE_PREFIX_PATH=/opt/ros/humble /home/wang/.local/bin/cmake --install /home/wang/rmf_ws/build/rmf_demos_assets
[5.065s] -- Install configuration: "Release"
[5.065s] -- Installing: /home/wang/rmf_ws/install/rmf_demos_assets/share/rmf_demos_assets/models
[5.065s] -- Installing: /home/wang/rmf_ws/install/rmf_demos_assets/share/rmf_demos_assets/models/DeliveryRobot
[5.065s] -- Installing: /home/wang/rmf_ws/install/rmf_demos_assets/share/rmf_demos_assets/models/DeliveryRobot/model.config
[5.065s] -- Installing: /home/wang/rmf_ws/install/rmf_demos_assets/share/rmf_demos_assets/models/DeliveryRobot/meshes
[5.065s] -- Installing: /home/wang/rmf_ws/install/rmf_demos_assets/share/rmf_demos_assets/models/DeliveryRobot/meshes/WheelSide.mtl
[5.065s] -- Installing: /home/wang/rmf_ws/install/rmf_demos_assets/share/rmf_demos_assets/models/DeliveryRobot/meshes/body.obj
[5.065s] -- Installing: /home/wang/rmf_ws/install/rmf_demos_assets/share/rmf_demos_assets/models/DeliveryRobot/meshes/WheelSide.obj
[5.065s] -- Installing: /home/wang/rmf_ws/install/rmf_demos_assets/share/rmf_demos_assets/models/DeliveryRobot/meshes/body.mtl
[5.066s] -- Installing: /home/wang/rmf_ws/install/rmf_demos_assets/share/rmf_demos_assets/models/DeliveryRobot/meshes/DeliveryRobot_Diffuse.png
[5.066s] -- Installing: /home/wang/rmf_ws/install/rmf_demos_assets/share/rmf_demos_assets/models/DeliveryRobot/meshes/WheelMain.mtl
[5.066s] -- Installing: /home/wang/rmf_ws/install/rmf_demos_assets/share/rmf_demos_assets/models/DeliveryRobot/meshes/WheelMain.obj
[5.066s] -- Installing: /home/wang/rmf_ws/install/rmf_demos_assets/share/rmf_demos_assets/models/DeliveryRobot/model.sdf
[5.066s] -- Installing: /home/wang/rmf_ws/install/rmf_demos_assets/share/rmf_demos_assets/models/CleanerBotE
[5.066s] -- Installing: /home/wang/rmf_ws/install/rmf_demos_assets/share/rmf_demos_assets/models/CleanerBotE/model.config
[5.066s] -- Installing: /home/wang/rmf_ws/install/rmf_demos_assets/share/rmf_demos_assets/models/CleanerBotE/meshes
[5.066s] -- Installing: /home/wang/rmf_ws/install/rmf_demos_assets/share/rmf_demos_assets/models/CleanerBotE/meshes/CleanerBotE.obj
[5.066s] -- Installing: /home/wang/rmf_ws/install/rmf_demos_assets/share/rmf_demos_assets/models/CleanerBotE/meshes/CleanerBotE.mtl
[5.066s] -- Installing: /home/wang/rmf_ws/install/rmf_demos_assets/share/rmf_demos_assets/models/CleanerBotE/meshes/CleanerBotE_Wheel.obj
[5.066s] -- Installing: /home/wang/rmf_ws/install/rmf_demos_assets/share/rmf_demos_assets/models/CleanerBotE/meshes/CleanerBotE_Wheel.mtl
[5.066s] -- Installing: /home/wang/rmf_ws/install/rmf_demos_assets/share/rmf_demos_assets/models/CleanerBotE/meshes/CleanerBotE_Diffuse.png
[5.067s] -- Installing: /home/wang/rmf_ws/install/rmf_demos_assets/share/rmf_demos_assets/models/CleanerBotE/meshes/CleanerBotE_Col.mtl
[5.067s] -- Installing: /home/wang/rmf_ws/install/rmf_demos_assets/share/rmf_demos_assets/models/CleanerBotE/meshes/CleanerBotE_Col.obj
[5.067s] -- Installing: /home/wang/rmf_ws/install/rmf_demos_assets/share/rmf_demos_assets/models/CleanerBotE/model.sdf
[5.067s] -- Installing: /home/wang/rmf_ws/install/rmf_demos_assets/share/rmf_demos_assets/models/TinyRobot
[5.067s] -- Installing: /home/wang/rmf_ws/install/rmf_demos_assets/share/rmf_demos_assets/models/TinyRobot/model.config
[5.067s] -- Installing: /home/wang/rmf_ws/install/rmf_demos_assets/share/rmf_demos_assets/models/TinyRobot/meshes
[5.067s] -- Installing: /home/wang/rmf_ws/install/rmf_demos_assets/share/rmf_demos_assets/models/TinyRobot/meshes/sensors
[5.067s] -- Installing: /home/wang/rmf_ws/install/rmf_demos_assets/share/rmf_demos_assets/models/TinyRobot/meshes/sensors/raspi_camera.dae
[5.067s] -- Installing: /home/wang/rmf_ws/install/rmf_demos_assets/share/rmf_demos_assets/models/TinyRobot/meshes/sensors/sonar_hc-sr04.dae
[5.067s] -- Installing: /home/wang/rmf_ws/install/rmf_demos_assets/share/rmf_demos_assets/models/TinyRobot/meshes/tinyRobot_body.dae
[5.067s] -- Installing: /home/wang/rmf_ws/install/rmf_demos_assets/share/rmf_demos_assets/models/TinyRobot/meshes/caster_wheel.dae
[5.068s] -- Installing: /home/wang/rmf_ws/install/rmf_demos_assets/share/rmf_demos_assets/models/TinyRobot/meshes/front_wheel.dae
[5.068s] -- Installing: /home/wang/rmf_ws/install/rmf_demos_assets/share/rmf_demos_assets/models/TinyRobot/model.sdf
[5.068s] -- Installing: /home/wang/rmf_ws/install/rmf_demos_assets/share/rmf_demos_assets/models/Caddy
[5.068s] -- Installing: /home/wang/rmf_ws/install/rmf_demos_assets/share/rmf_demos_assets/models/Caddy/model-1_4.sdf
[5.068s] -- Installing: /home/wang/rmf_ws/install/rmf_demos_assets/share/rmf_demos_assets/models/Caddy/materials
[5.068s] -- Installing: /home/wang/rmf_ws/install/rmf_demos_assets/share/rmf_demos_assets/models/Caddy/materials/textures
[5.068s] -- Installing: /home/wang/rmf_ws/install/rmf_demos_assets/share/rmf_demos_assets/models/Caddy/materials/textures/Ranger_Spec.png
[5.068s] -- Installing: /home/wang/rmf_ws/install/rmf_demos_assets/share/rmf_demos_assets/models/Caddy/materials/textures/FNR_switch_R.png
[5.068s] -- Installing: /home/wang/rmf_ws/install/rmf_demos_assets/share/rmf_demos_assets/models/Caddy/materials/textures/Ranger_Diffuse.png
[5.068s] -- Installing: /home/wang/rmf_ws/install/rmf_demos_assets/share/rmf_demos_assets/models/Caddy/materials/textures/FNR_switch_F.png
[5.068s] -- Installing: /home/wang/rmf_ws/install/rmf_demos_assets/share/rmf_demos_assets/models/Caddy/materials/scripts
[5.068s] -- Installing: /home/wang/rmf_ws/install/rmf_demos_assets/share/rmf_demos_assets/models/Caddy/materials/scripts/polaris.material
[5.069s] -- Installing: /home/wang/rmf_ws/install/rmf_demos_assets/share/rmf_demos_assets/models/Caddy/model.config
[5.069s] -- Installing: /home/wang/rmf_ws/install/rmf_demos_assets/share/rmf_demos_assets/models/Caddy/model-1_3.sdf
[5.069s] -- Installing: /home/wang/rmf_ws/install/rmf_demos_assets/share/rmf_demos_assets/models/Caddy/meshes
[5.069s] -- Installing: /home/wang/rmf_ws/install/rmf_demos_assets/share/rmf_demos_assets/models/Caddy/meshes/polaris.dae
[5.069s] -- Installing: /home/wang/rmf_ws/install/rmf_demos_assets/share/rmf_demos_assets/models/Caddy/model.sdf
[5.069s] -- Installing: /home/wang/rmf_ws/install/rmf_demos_assets/share/rmf_demos_assets/models/RobotPlaceholder
[5.069s] -- Installing: /home/wang/rmf_ws/install/rmf_demos_assets/share/rmf_demos_assets/models/RobotPlaceholder/model.config
[5.069s] -- Installing: /home/wang/rmf_ws/install/rmf_demos_assets/share/rmf_demos_assets/models/RobotPlaceholder/model.sdf
[5.069s] -- Installing: /home/wang/rmf_ws/install/rmf_demos_assets/share/rmf_demos_assets/models/HospitalRobot
[5.069s] -- Installing: /home/wang/rmf_ws/install/rmf_demos_assets/share/rmf_demos_assets/models/HospitalRobot/model.config
[5.069s] -- Installing: /home/wang/rmf_ws/install/rmf_demos_assets/share/rmf_demos_assets/models/HospitalRobot/meshes
[5.069s] -- Installing: /home/wang/rmf_ws/install/rmf_demos_assets/share/rmf_demos_assets/models/HospitalRobot/meshes/FatWheel.obj
[5.070s] -- Installing: /home/wang/rmf_ws/install/rmf_demos_assets/share/rmf_demos_assets/models/HospitalRobot/meshes/HospitalRobot_Diffuse.png
[5.070s] -- Installing: /home/wang/rmf_ws/install/rmf_demos_assets/share/rmf_demos_assets/models/HospitalRobot/meshes/SmallWheel.obj
[5.070s] -- Installing: /home/wang/rmf_ws/install/rmf_demos_assets/share/rmf_demos_assets/models/HospitalRobot/meshes/HospitalRobot.obj
[5.070s] -- Installing: /home/wang/rmf_ws/install/rmf_demos_assets/share/rmf_demos_assets/models/HospitalRobot/meshes/HospitalRobot.mtl
[5.070s] -- Installing: /home/wang/rmf_ws/install/rmf_demos_assets/share/rmf_demos_assets/models/HospitalRobot/meshes/FatWheel.mtl
[5.070s] -- Installing: /home/wang/rmf_ws/install/rmf_demos_assets/share/rmf_demos_assets/models/HospitalRobot/meshes/SmallWheel.mtl
[5.070s] -- Installing: /home/wang/rmf_ws/install/rmf_demos_assets/share/rmf_demos_assets/models/HospitalRobot/model.sdf
[5.070s] -- Installing: /home/wang/rmf_ws/install/rmf_demos_assets/share/rmf_demos_assets/models/HospitalRobot/thumbnails
[5.070s] -- Installing: /home/wang/rmf_ws/install/rmf_demos_assets/share/rmf_demos_assets/models/HospitalRobot/thumbnails/4.png
[5.070s] -- Installing: /home/wang/rmf_ws/install/rmf_demos_assets/share/rmf_demos_assets/models/HospitalRobot/thumbnails/2.png
[5.070s] -- Installing: /home/wang/rmf_ws/install/rmf_demos_assets/share/rmf_demos_assets/models/HospitalRobot/thumbnails/3.png
[5.070s] -- Installing: /home/wang/rmf_ws/install/rmf_demos_assets/share/rmf_demos_assets/models/HospitalRobot/thumbnails/1.png
[5.071s] -- Installing: /home/wang/rmf_ws/install/rmf_demos_assets/share/rmf_demos_assets/models/HospitalRobot/thumbnails/5.png
[5.071s] -- Installing: /home/wang/rmf_ws/install/rmf_demos_assets/share/rmf_demos_assets/models/CleanerBotA
[5.071s] -- Installing: /home/wang/rmf_ws/install/rmf_demos_assets/share/rmf_demos_assets/models/CleanerBotA/model.config
[5.071s] -- Installing: /home/wang/rmf_ws/install/rmf_demos_assets/share/rmf_demos_assets/models/CleanerBotA/meshes
[5.071s] -- Installing: /home/wang/rmf_ws/install/rmf_demos_assets/share/rmf_demos_assets/models/CleanerBotA/meshes/CleanerBotA_Diffuse.png
[5.071s] -- Installing: /home/wang/rmf_ws/install/rmf_demos_assets/share/rmf_demos_assets/models/CleanerBotA/meshes/CleanerBotA_WheelFront.mtl
[5.071s] -- Installing: /home/wang/rmf_ws/install/rmf_demos_assets/share/rmf_demos_assets/models/CleanerBotA/meshes/CleanerBotA_WheelBack.obj
[5.072s] -- Installing: /home/wang/rmf_ws/install/rmf_demos_assets/share/rmf_demos_assets/models/CleanerBotA/meshes/CleanerBotA_WheelFront.obj
[5.072s] -- Installing: /home/wang/rmf_ws/install/rmf_demos_assets/share/rmf_demos_assets/models/CleanerBotA/meshes/CleanerBotA_WheelBack.mtl
[5.072s] -- Installing: /home/wang/rmf_ws/install/rmf_demos_assets/share/rmf_demos_assets/models/CleanerBotA/meshes/CleanerBotA.obj
[5.072s] -- Installing: /home/wang/rmf_ws/install/rmf_demos_assets/share/rmf_demos_assets/models/CleanerBotA/meshes/CleanerBotA.mtl
[5.072s] -- Installing: /home/wang/rmf_ws/install/rmf_demos_assets/share/rmf_demos_assets/models/CleanerBotA/model.sdf
[5.072s] -- Installing: /home/wang/rmf_ws/install/rmf_demos_assets/share/rmf_demos_assets/models/TeleportIngestor
[5.072s] -- Installing: /home/wang/rmf_ws/install/rmf_demos_assets/share/rmf_demos_assets/models/TeleportIngestor/model.config
[5.072s] -- Installing: /home/wang/rmf_ws/install/rmf_demos_assets/share/rmf_demos_assets/models/TeleportIngestor/model.sdf
[5.072s] -- Installing: /home/wang/rmf_ws/install/rmf_demos_assets/share/rmf_demos_assets/models/TeleportDispenser
[5.072s] -- Installing: /home/wang/rmf_ws/install/rmf_demos_assets/share/rmf_demos_assets/models/TeleportDispenser/model.config
[5.072s] -- Installing: /home/wang/rmf_ws/install/rmf_demos_assets/share/rmf_demos_assets/models/TeleportDispenser/model.sdf
[5.073s] -- Installing: /home/wang/rmf_ws/install/rmf_demos_assets/share/ament_index/resource_index/package_run_dependencies/rmf_demos_assets
[5.073s] -- Installing: /home/wang/rmf_ws/install/rmf_demos_assets/share/ament_index/resource_index/parent_prefix_path/rmf_demos_assets
[5.073s] -- Installing: /home/wang/rmf_ws/install/rmf_demos_assets/share/rmf_demos_assets/environment/ament_prefix_path.sh
[5.073s] -- Installing: /home/wang/rmf_ws/install/rmf_demos_assets/share/rmf_demos_assets/environment/ament_prefix_path.dsv
[5.073s] -- Installing: /home/wang/rmf_ws/install/rmf_demos_assets/share/rmf_demos_assets/environment/path.sh
[5.073s] -- Installing: /home/wang/rmf_ws/install/rmf_demos_assets/share/rmf_demos_assets/environment/path.dsv
[5.073s] -- Installing: /home/wang/rmf_ws/install/rmf_demos_assets/share/rmf_demos_assets/local_setup.bash
[5.073s] -- Installing: /home/wang/rmf_ws/install/rmf_demos_assets/share/rmf_demos_assets/local_setup.sh
[5.073s] -- Installing: /home/wang/rmf_ws/install/rmf_demos_assets/share/rmf_demos_assets/local_setup.zsh
[5.073s] -- Installing: /home/wang/rmf_ws/install/rmf_demos_assets/share/rmf_demos_assets/local_setup.dsv
[5.073s] -- Installing: /home/wang/rmf_ws/install/rmf_demos_assets/share/rmf_demos_assets/package.dsv
[5.073s] -- Installing: /home/wang/rmf_ws/install/rmf_demos_assets/share/ament_index/resource_index/packages/rmf_demos_assets
[5.074s] -- Installing: /home/wang/rmf_ws/install/rmf_demos_assets/share/rmf_demos_assets/cmake/rmf_demos_assetsConfig.cmake
[5.074s] -- Installing: /home/wang/rmf_ws/install/rmf_demos_assets/share/rmf_demos_assets/cmake/rmf_demos_assetsConfig-version.cmake
[5.074s] -- Installing: /home/wang/rmf_ws/install/rmf_demos_assets/share/rmf_demos_assets/package.xml
[5.168s] Invoked command in '/home/wang/rmf_ws/build/rmf_demos_assets' returned '0': CMAKE_PREFIX_PATH=/opt/ros/humble /home/wang/.local/bin/cmake --install /home/wang/rmf_ws/build/rmf_demos_assets
