[0.035s] Invoking command in '/home/wang/rmf_ws/build/rmf_visualization_floorplans': AMENT_PREFIX_PATH=/home/wang/rmf_ws/install/rmf_visualization_msgs:/home/wang/rmf_ws/install/rmf_building_map_msgs:${AMENT_PREFIX_PATH} CMAKE_PREFIX_PATH=/home/wang/rmf_ws/install/rmf_utils:/home/wang/rmf_ws/install/rmf_visualization_msgs:/home/wang/rmf_ws/install/rmf_building_map_msgs:/opt/ros/humble LD_LIBRARY_PATH=/home/wang/rmf_ws/install/rmf_utils/lib:/home/wang/rmf_ws/install/rmf_visualization_msgs/lib:/home/wang/rmf_ws/install/rmf_building_map_msgs/lib:${LD_LIBRARY_PATH} PKG_CONFIG_PATH=/home/wang/rmf_ws/install/rmf_utils/lib/x86_64-linux-gnu/pkgconfig:/home/wang/rmf_ws/install/rmf_utils/lib/pkgconfig PYTHONPATH=/home/wang/rmf_ws/install/rmf_visualization_msgs/local/lib/python3.10/dist-packages:/home/wang/rmf_ws/install/rmf_building_map_msgs/local/lib/python3.10/dist-packages:${PYTHONPATH} /home/wang/.local/bin/cmake /home/wang/rmf_ws/src/rmf/rmf_visualization/rmf_visualization_floorplans -DCMAKE_EXE_LINKER_FLAGS=-fuse-ld=lld -DCMAKE_MODULE_LINKER_FLAGS=-fuse-ld=lld -DCMAKE_SHARED_LINKER_FLAGS=-fuse-ld=lld -DCMAKE_BUILD_TYPE=Release -DCMAKE_INSTALL_PREFIX=/home/wang/rmf_ws/install/rmf_visualization_floorplans
[1.433s] -- The C compiler identification is Clang 14.0.0
[1.433s] -- The CXX compiler identification is Clang 14.0.0
[1.433s] -- Detecting C compiler ABI info
[1.433s] -- Detecting C compiler ABI info - done
[1.435s] -- Check for working C compiler: /usr/bin/clang - skipped
[1.435s] -- Detecting C compile features
[1.436s] -- Detecting C compile features - done
[1.436s] -- Detecting CXX compiler ABI info
[1.436s] -- Detecting CXX compiler ABI info - done
[1.436s] -- Check for working CXX compiler: /usr/bin/clang++ - skipped
[1.436s] -- Detecting CXX compile features
[1.437s] -- Detecting CXX compile features - done
[1.437s] -- Found eigen3_cmake_module: 0.1.1 (/opt/ros/humble/share/eigen3_cmake_module/cmake)
[1.437s] -- Found rclcpp: 16.0.4 (/opt/ros/humble/share/rclcpp/cmake)
[1.437s] -- Found Python3: /usr/bin/python3.10 (found version "3.10.6") found components: Interpreter 
[1.552s] -- Found rosidl_generator_c: 3.1.4 (/opt/ros/humble/share/rosidl_generator_c/cmake)
[1.561s] -- Found rosidl_adapter: 3.1.4 (/opt/ros/humble/share/rosidl_adapter/cmake)
[1.574s] -- Found rosidl_generator_cpp: 3.1.4 (/opt/ros/humble/share/rosidl_generator_cpp/cmake)
[1.600s] -- Using all available rosidl_typesupport_c: rosidl_typesupport_fastrtps_c;rosidl_typesupport_introspection_c
[1.632s] -- Using all available rosidl_typesupport_cpp: rosidl_typesupport_fastrtps_cpp;rosidl_typesupport_introspection_cpp
[1.758s] -- Found rmw_implementation_cmake: 6.1.1 (/opt/ros/humble/share/rmw_implementation_cmake/cmake)
[1.761s] -- Found rmw_fastrtps_cpp: 6.2.2 (/opt/ros/humble/share/rmw_fastrtps_cpp/cmake)
[1.884s] -- Found OpenSSL: /usr/lib/x86_64-linux-gnu/libcrypto.so (found version "3.0.2")  
[1.933s] -- Found FastRTPS: /opt/ros/humble/include  
[2.002s] -- Using RMW implementation 'rmw_fastrtps_cpp' as default
[2.015s] -- Performing Test CMAKE_HAVE_LIBC_PTHREAD
[2.130s] -- Performing Test CMAKE_HAVE_LIBC_PTHREAD - Success
[2.132s] -- Found Threads: TRUE  
[2.433s] -- Found rclcpp_components: 16.0.4 (/opt/ros/humble/share/rclcpp_components/cmake)
[2.545s] -- Found OpenCV: /usr (found version "4.5.4") 
[2.552s] -- Found Eigen3: TRUE (found version "3.4.0") 
[2.552s] -- Found rmf_building_map_msgs: 1.2.1 (/home/wang/rmf_ws/install/rmf_building_map_msgs/share/rmf_building_map_msgs/cmake)
[2.589s] -- Found rmf_visualization_msgs: 1.2.1 (/home/wang/rmf_ws/install/rmf_visualization_msgs/share/rmf_visualization_msgs/cmake)
[2.628s] -- Found nav_msgs: 4.2.3 (/opt/ros/humble/share/nav_msgs/cmake)
[2.892s] -- Found ament_cmake_uncrustify: 0.12.6 (/opt/ros/humble/share/ament_cmake_uncrustify/cmake)
[2.954s] -- Configuring done (2.9s)
[3.175s] -- Generating done (0.2s)
[3.179s] -- Build files have been written to: /home/wang/rmf_ws/build/rmf_visualization_floorplans
[3.208s] Invoked command in '/home/wang/rmf_ws/build/rmf_visualization_floorplans' returned '0': AMENT_PREFIX_PATH=/home/wang/rmf_ws/install/rmf_visualization_msgs:/home/wang/rmf_ws/install/rmf_building_map_msgs:${AMENT_PREFIX_PATH} CMAKE_PREFIX_PATH=/home/wang/rmf_ws/install/rmf_utils:/home/wang/rmf_ws/install/rmf_visualization_msgs:/home/wang/rmf_ws/install/rmf_building_map_msgs:/opt/ros/humble LD_LIBRARY_PATH=/home/wang/rmf_ws/install/rmf_utils/lib:/home/wang/rmf_ws/install/rmf_visualization_msgs/lib:/home/wang/rmf_ws/install/rmf_building_map_msgs/lib:${LD_LIBRARY_PATH} PKG_CONFIG_PATH=/home/wang/rmf_ws/install/rmf_utils/lib/x86_64-linux-gnu/pkgconfig:/home/wang/rmf_ws/install/rmf_utils/lib/pkgconfig PYTHONPATH=/home/wang/rmf_ws/install/rmf_visualization_msgs/local/lib/python3.10/dist-packages:/home/wang/rmf_ws/install/rmf_building_map_msgs/local/lib/python3.10/dist-packages:${PYTHONPATH} /home/wang/.local/bin/cmake /home/wang/rmf_ws/src/rmf/rmf_visualization/rmf_visualization_floorplans -DCMAKE_EXE_LINKER_FLAGS=-fuse-ld=lld -DCMAKE_MODULE_LINKER_FLAGS=-fuse-ld=lld -DCMAKE_SHARED_LINKER_FLAGS=-fuse-ld=lld -DCMAKE_BUILD_TYPE=Release -DCMAKE_INSTALL_PREFIX=/home/wang/rmf_ws/install/rmf_visualization_floorplans
[3.235s] Invoking command in '/home/wang/rmf_ws/build/rmf_visualization_floorplans': AMENT_PREFIX_PATH=/home/wang/rmf_ws/install/rmf_visualization_msgs:/home/wang/rmf_ws/install/rmf_building_map_msgs:${AMENT_PREFIX_PATH} CMAKE_PREFIX_PATH=/home/wang/rmf_ws/install/rmf_utils:/home/wang/rmf_ws/install/rmf_visualization_msgs:/home/wang/rmf_ws/install/rmf_building_map_msgs:/opt/ros/humble LD_LIBRARY_PATH=/home/wang/rmf_ws/install/rmf_utils/lib:/home/wang/rmf_ws/install/rmf_visualization_msgs/lib:/home/wang/rmf_ws/install/rmf_building_map_msgs/lib:${LD_LIBRARY_PATH} PKG_CONFIG_PATH=/home/wang/rmf_ws/install/rmf_utils/lib/x86_64-linux-gnu/pkgconfig:/home/wang/rmf_ws/install/rmf_utils/lib/pkgconfig PYTHONPATH=/home/wang/rmf_ws/install/rmf_visualization_msgs/local/lib/python3.10/dist-packages:/home/wang/rmf_ws/install/rmf_building_map_msgs/local/lib/python3.10/dist-packages:${PYTHONPATH} /home/wang/.local/bin/cmake --build /home/wang/rmf_ws/build/rmf_visualization_floorplans -- -j16 -l16
[4.892s] [ 25%] [32mBuilding CXX object CMakeFiles/floorplan_visualizer.dir/src/FloorplanVisualizer.cpp.o[0m
[26.728s] [ 50%] [32m[1mLinking CXX shared library libfloorplan_visualizer.so[0m
[27.127s] [ 50%] Built target floorplan_visualizer
[27.228s] [ 75%] [32mBuilding CXX object CMakeFiles/floorplan_visualizer_node.dir/rclcpp_components/node_main_floorplan_visualizer_node.cpp.o[0m
[31.989s] [100%] [32m[1mLinking CXX executable floorplan_visualizer_node[0m
[32.040s] [100%] Built target floorplan_visualizer_node
[32.050s] Invoked command in '/home/wang/rmf_ws/build/rmf_visualization_floorplans' returned '0': AMENT_PREFIX_PATH=/home/wang/rmf_ws/install/rmf_visualization_msgs:/home/wang/rmf_ws/install/rmf_building_map_msgs:${AMENT_PREFIX_PATH} CMAKE_PREFIX_PATH=/home/wang/rmf_ws/install/rmf_utils:/home/wang/rmf_ws/install/rmf_visualization_msgs:/home/wang/rmf_ws/install/rmf_building_map_msgs:/opt/ros/humble LD_LIBRARY_PATH=/home/wang/rmf_ws/install/rmf_utils/lib:/home/wang/rmf_ws/install/rmf_visualization_msgs/lib:/home/wang/rmf_ws/install/rmf_building_map_msgs/lib:${LD_LIBRARY_PATH} PKG_CONFIG_PATH=/home/wang/rmf_ws/install/rmf_utils/lib/x86_64-linux-gnu/pkgconfig:/home/wang/rmf_ws/install/rmf_utils/lib/pkgconfig PYTHONPATH=/home/wang/rmf_ws/install/rmf_visualization_msgs/local/lib/python3.10/dist-packages:/home/wang/rmf_ws/install/rmf_building_map_msgs/local/lib/python3.10/dist-packages:${PYTHONPATH} /home/wang/.local/bin/cmake --build /home/wang/rmf_ws/build/rmf_visualization_floorplans -- -j16 -l16
[32.119s] Invoking command in '/home/wang/rmf_ws/build/rmf_visualization_floorplans': AMENT_PREFIX_PATH=/home/wang/rmf_ws/install/rmf_visualization_msgs:/home/wang/rmf_ws/install/rmf_building_map_msgs:${AMENT_PREFIX_PATH} CMAKE_PREFIX_PATH=/home/wang/rmf_ws/install/rmf_utils:/home/wang/rmf_ws/install/rmf_visualization_msgs:/home/wang/rmf_ws/install/rmf_building_map_msgs:/opt/ros/humble LD_LIBRARY_PATH=/home/wang/rmf_ws/install/rmf_utils/lib:/home/wang/rmf_ws/install/rmf_visualization_msgs/lib:/home/wang/rmf_ws/install/rmf_building_map_msgs/lib:${LD_LIBRARY_PATH} PKG_CONFIG_PATH=/home/wang/rmf_ws/install/rmf_utils/lib/x86_64-linux-gnu/pkgconfig:/home/wang/rmf_ws/install/rmf_utils/lib/pkgconfig PYTHONPATH=/home/wang/rmf_ws/install/rmf_visualization_msgs/local/lib/python3.10/dist-packages:/home/wang/rmf_ws/install/rmf_building_map_msgs/local/lib/python3.10/dist-packages:${PYTHONPATH} /home/wang/.local/bin/cmake --install /home/wang/rmf_ws/build/rmf_visualization_floorplans
[32.261s] -- Install configuration: "Release"
[32.261s] -- Installing: /home/wang/rmf_ws/install/rmf_visualization_floorplans/lib/rmf_visualization_floorplans/floorplan_visualizer_node
[32.262s] -- Set runtime path of "/home/wang/rmf_ws/install/rmf_visualization_floorplans/lib/rmf_visualization_floorplans/floorplan_visualizer_node" to ""
[32.262s] -- Installing: /home/wang/rmf_ws/install/rmf_visualization_floorplans/lib/libfloorplan_visualizer.so
[32.262s] -- Set runtime path of "/home/wang/rmf_ws/install/rmf_visualization_floorplans/lib/libfloorplan_visualizer.so" to ""
[32.263s] -- Installing: /home/wang/rmf_ws/install/rmf_visualization_floorplans/share/ament_index/resource_index/package_run_dependencies/rmf_visualization_floorplans
[32.263s] -- Installing: /home/wang/rmf_ws/install/rmf_visualization_floorplans/share/ament_index/resource_index/parent_prefix_path/rmf_visualization_floorplans
[32.263s] -- Installing: /home/wang/rmf_ws/install/rmf_visualization_floorplans/share/rmf_visualization_floorplans/environment/ament_prefix_path.sh
[32.263s] -- Installing: /home/wang/rmf_ws/install/rmf_visualization_floorplans/share/rmf_visualization_floorplans/environment/ament_prefix_path.dsv
[32.264s] -- Installing: /home/wang/rmf_ws/install/rmf_visualization_floorplans/share/rmf_visualization_floorplans/environment/path.sh
[32.264s] -- Installing: /home/wang/rmf_ws/install/rmf_visualization_floorplans/share/rmf_visualization_floorplans/environment/path.dsv
[32.264s] -- Installing: /home/wang/rmf_ws/install/rmf_visualization_floorplans/share/rmf_visualization_floorplans/local_setup.bash
[32.264s] -- Installing: /home/wang/rmf_ws/install/rmf_visualization_floorplans/share/rmf_visualization_floorplans/local_setup.sh
[32.264s] -- Installing: /home/wang/rmf_ws/install/rmf_visualization_floorplans/share/rmf_visualization_floorplans/local_setup.zsh
[32.264s] -- Installing: /home/wang/rmf_ws/install/rmf_visualization_floorplans/share/rmf_visualization_floorplans/local_setup.dsv
[32.265s] -- Installing: /home/wang/rmf_ws/install/rmf_visualization_floorplans/share/rmf_visualization_floorplans/package.dsv
[32.265s] -- Installing: /home/wang/rmf_ws/install/rmf_visualization_floorplans/share/ament_index/resource_index/packages/rmf_visualization_floorplans
[32.265s] -- Installing: /home/wang/rmf_ws/install/rmf_visualization_floorplans/share/ament_index/resource_index/rclcpp_components/rmf_visualization_floorplans
[32.265s] -- Installing: /home/wang/rmf_ws/install/rmf_visualization_floorplans/share/rmf_visualization_floorplans/cmake/rmf_visualization_floorplansConfig.cmake
[32.265s] -- Installing: /home/wang/rmf_ws/install/rmf_visualization_floorplans/share/rmf_visualization_floorplans/cmake/rmf_visualization_floorplansConfig-version.cmake
[32.265s] -- Installing: /home/wang/rmf_ws/install/rmf_visualization_floorplans/share/rmf_visualization_floorplans/package.xml
[32.281s] Invoked command in '/home/wang/rmf_ws/build/rmf_visualization_floorplans' returned '0': AMENT_PREFIX_PATH=/home/wang/rmf_ws/install/rmf_visualization_msgs:/home/wang/rmf_ws/install/rmf_building_map_msgs:${AMENT_PREFIX_PATH} CMAKE_PREFIX_PATH=/home/wang/rmf_ws/install/rmf_utils:/home/wang/rmf_ws/install/rmf_visualization_msgs:/home/wang/rmf_ws/install/rmf_building_map_msgs:/opt/ros/humble LD_LIBRARY_PATH=/home/wang/rmf_ws/install/rmf_utils/lib:/home/wang/rmf_ws/install/rmf_visualization_msgs/lib:/home/wang/rmf_ws/install/rmf_building_map_msgs/lib:${LD_LIBRARY_PATH} PKG_CONFIG_PATH=/home/wang/rmf_ws/install/rmf_utils/lib/x86_64-linux-gnu/pkgconfig:/home/wang/rmf_ws/install/rmf_utils/lib/pkgconfig PYTHONPATH=/home/wang/rmf_ws/install/rmf_visualization_msgs/local/lib/python3.10/dist-packages:/home/wang/rmf_ws/install/rmf_building_map_msgs/local/lib/python3.10/dist-packages:${PYTHONPATH} /home/wang/.local/bin/cmake --install /home/wang/rmf_ws/build/rmf_visualization_floorplans
