-- The C compiler identification is Clang 14.0.0
-- The CXX compiler identification is Clang 14.0.0
-- Detecting C compiler ABI info
-- Detecting C compiler ABI info - done
-- Check for working C compiler: /usr/bin/clang - skipped
-- Detecting C compile features
-- Detecting C compile features - done
-- Detecting CXX compiler ABI info
-- Detecting CXX compiler ABI info - done
-- Check for working CXX compiler: /usr/bin/clang++ - skipped
-- Detecting CXX compile features
-- Detecting CXX compile features - done
-- Found eigen3_cmake_module: 0.1.1 (/opt/ros/humble/share/eigen3_cmake_module/cmake)
-- Found Eigen3: TRUE (found version "3.4.0") 
-- Found ament_cmake: 1.3.5 (/opt/ros/humble/share/ament_cmake/cmake)
-- Found Python3: /usr/bin/python3.10 (found version "3.10.6") found components: Interpreter 
-- Found rclcpp: 16.0.4 (/opt/ros/humble/share/rclcpp/cmake)
-- Found rosidl_generator_c: 3.1.4 (/opt/ros/humble/share/rosidl_generator_c/cmake)
-- Found rosidl_adapter: 3.1.4 (/opt/ros/humble/share/rosidl_adapter/cmake)
-- Found rosidl_generator_cpp: 3.1.4 (/opt/ros/humble/share/rosidl_generator_cpp/cmake)
-- Using all available rosidl_typesupport_c: rosidl_typesupport_fastrtps_c;rosidl_typesupport_introspection_c
-- Using all available rosidl_typesupport_cpp: rosidl_typesupport_fastrtps_cpp;rosidl_typesupport_introspection_cpp
-- Found rmw_implementation_cmake: 6.1.1 (/opt/ros/humble/share/rmw_implementation_cmake/cmake)
-- Found rmw_fastrtps_cpp: 6.2.2 (/opt/ros/humble/share/rmw_fastrtps_cpp/cmake)
-- Found OpenSSL: /usr/lib/x86_64-linux-gnu/libcrypto.so (found version "3.0.2")  
-- Found FastRTPS: /opt/ros/humble/include  
-- Using RMW implementation 'rmw_fastrtps_cpp' as default
-- Performing Test CMAKE_HAVE_LIBC_PTHREAD
-- Performing Test CMAKE_HAVE_LIBC_PTHREAD - Success
-- Found Threads: TRUE  
-- Found geometry_msgs: 4.2.3 (/opt/ros/humble/share/geometry_msgs/cmake)
-- Found tf2_ros: 0.25.2 (/opt/ros/humble/share/tf2_ros/cmake)
-- Found rmf_fleet_msgs: 3.0.3 (/home/wang/rmf_ws/install/rmf_fleet_msgs/share/rmf_fleet_msgs/cmake)
-- Found rmf_dispenser_msgs: 3.0.3 (/home/wang/rmf_ws/install/rmf_dispenser_msgs/share/rmf_dispenser_msgs/cmake)
-- Found rmf_ingestor_msgs: 3.0.3 (/home/wang/rmf_ws/install/rmf_ingestor_msgs/share/rmf_ingestor_msgs/cmake)
-- Found rmf_building_map_msgs: 1.2.1 (/home/wang/rmf_ws/install/rmf_building_map_msgs/share/rmf_building_map_msgs/cmake)
-- Configuring done (3.4s)
-- Generating done (0.0s)
-- Build files have been written to: /home/wang/rmf_ws/build/rmf_robot_sim_common
[ 10%] [32mBuilding CXX object CMakeFiles/rmf_robot_sim_utils.dir/src/utils.cpp.o[0m
[ 20%] [32m[1mLinking CXX shared library librmf_robot_sim_utils.so[0m
[ 20%] Built target rmf_robot_sim_utils
[ 30%] [32mBuilding CXX object CMakeFiles/ingestor_common.dir/src/ingestor_common.cpp.o[0m
[ 40%] [32m[1mLinking CXX shared library libingestor_common.so[0m
[ 40%] Built target ingestor_common
[ 50%] [32mBuilding CXX object CMakeFiles/slotcar_common.dir/src/slotcar_common.cpp.o[0m
[ 60%] [32m[1mLinking CXX shared library libslotcar_common.so[0m
[ 60%] Built target slotcar_common
[ 70%] [32mBuilding CXX object CMakeFiles/readonly_common.dir/src/readonly_common.cpp.o[0m
[ 80%] [32m[1mLinking CXX shared library libreadonly_common.so[0m
[ 80%] Built target readonly_common
[ 90%] [32mBuilding CXX object CMakeFiles/dispenser_common.dir/src/dispenser_common.cpp.o[0m
[100%] [32m[1mLinking CXX shared library libdispenser_common.so[0m
[100%] Built target dispenser_common
-- Install configuration: "Release"
-- Installing: /home/wang/rmf_ws/install/rmf_robot_sim_common/share/rmf_robot_sim_common/environment/library_path.sh
-- Installing: /home/wang/rmf_ws/install/rmf_robot_sim_common/share/rmf_robot_sim_common/environment/library_path.dsv
-- Installing: /home/wang/rmf_ws/install/rmf_robot_sim_common/lib/libingestor_common.so
-- Set runtime path of "/home/wang/rmf_ws/install/rmf_robot_sim_common/lib/libingestor_common.so" to ""
-- Installing: /home/wang/rmf_ws/install/rmf_robot_sim_common/lib/libdispenser_common.so
-- Set runtime path of "/home/wang/rmf_ws/install/rmf_robot_sim_common/lib/libdispenser_common.so" to ""
-- Installing: /home/wang/rmf_ws/install/rmf_robot_sim_common/lib/libreadonly_common.so
-- Set runtime path of "/home/wang/rmf_ws/install/rmf_robot_sim_common/lib/libreadonly_common.so" to ""
-- Installing: /home/wang/rmf_ws/install/rmf_robot_sim_common/lib/librmf_robot_sim_utils.so
-- Set runtime path of "/home/wang/rmf_ws/install/rmf_robot_sim_common/lib/librmf_robot_sim_utils.so" to ""
-- Installing: /home/wang/rmf_ws/install/rmf_robot_sim_common/lib/libslotcar_common.so
-- Set runtime path of "/home/wang/rmf_ws/install/rmf_robot_sim_common/lib/libslotcar_common.so" to ""
-- Installing: /home/wang/rmf_ws/install/rmf_robot_sim_common/include
-- Installing: /home/wang/rmf_ws/install/rmf_robot_sim_common/include/rmf_robot_sim_common
-- Installing: /home/wang/rmf_ws/install/rmf_robot_sim_common/include/rmf_robot_sim_common/readonly_common.hpp
-- Installing: /home/wang/rmf_ws/install/rmf_robot_sim_common/include/rmf_robot_sim_common/ingestor_common.hpp
-- Installing: /home/wang/rmf_ws/install/rmf_robot_sim_common/include/rmf_robot_sim_common/slotcar_common.hpp
-- Installing: /home/wang/rmf_ws/install/rmf_robot_sim_common/include/rmf_robot_sim_common/utils.hpp
-- Installing: /home/wang/rmf_ws/install/rmf_robot_sim_common/include/rmf_robot_sim_common/dispenser_common.hpp
-- Installing: /home/wang/rmf_ws/install/rmf_robot_sim_common/share/ament_index/resource_index/package_run_dependencies/rmf_robot_sim_common
-- Installing: /home/wang/rmf_ws/install/rmf_robot_sim_common/share/ament_index/resource_index/parent_prefix_path/rmf_robot_sim_common
-- Installing: /home/wang/rmf_ws/install/rmf_robot_sim_common/share/rmf_robot_sim_common/environment/ament_prefix_path.sh
-- Installing: /home/wang/rmf_ws/install/rmf_robot_sim_common/share/rmf_robot_sim_common/environment/ament_prefix_path.dsv
-- Installing: /home/wang/rmf_ws/install/rmf_robot_sim_common/share/rmf_robot_sim_common/environment/path.sh
-- Installing: /home/wang/rmf_ws/install/rmf_robot_sim_common/share/rmf_robot_sim_common/environment/path.dsv
-- Installing: /home/wang/rmf_ws/install/rmf_robot_sim_common/share/rmf_robot_sim_common/local_setup.bash
-- Installing: /home/wang/rmf_ws/install/rmf_robot_sim_common/share/rmf_robot_sim_common/local_setup.sh
-- Installing: /home/wang/rmf_ws/install/rmf_robot_sim_common/share/rmf_robot_sim_common/local_setup.zsh
-- Installing: /home/wang/rmf_ws/install/rmf_robot_sim_common/share/rmf_robot_sim_common/local_setup.dsv
-- Installing: /home/wang/rmf_ws/install/rmf_robot_sim_common/share/rmf_robot_sim_common/package.dsv
-- Installing: /home/wang/rmf_ws/install/rmf_robot_sim_common/share/ament_index/resource_index/packages/rmf_robot_sim_common
-- Installing: /home/wang/rmf_ws/install/rmf_robot_sim_common/share/rmf_robot_sim_common/cmake/rmf_robot_sim_utilsExport.cmake
-- Installing: /home/wang/rmf_ws/install/rmf_robot_sim_common/share/rmf_robot_sim_common/cmake/rmf_robot_sim_utilsExport-release.cmake
-- Installing: /home/wang/rmf_ws/install/rmf_robot_sim_common/share/rmf_robot_sim_common/cmake/ingestor_commonExport.cmake
-- Installing: /home/wang/rmf_ws/install/rmf_robot_sim_common/share/rmf_robot_sim_common/cmake/ingestor_commonExport-release.cmake
-- Installing: /home/wang/rmf_ws/install/rmf_robot_sim_common/share/rmf_robot_sim_common/cmake/dispenser_commonExport.cmake
-- Installing: /home/wang/rmf_ws/install/rmf_robot_sim_common/share/rmf_robot_sim_common/cmake/dispenser_commonExport-release.cmake
-- Installing: /home/wang/rmf_ws/install/rmf_robot_sim_common/share/rmf_robot_sim_common/cmake/readonly_commonExport.cmake
-- Installing: /home/wang/rmf_ws/install/rmf_robot_sim_common/share/rmf_robot_sim_common/cmake/readonly_commonExport-release.cmake
-- Installing: /home/wang/rmf_ws/install/rmf_robot_sim_common/share/rmf_robot_sim_common/cmake/slotcar_commonExport.cmake
-- Installing: /home/wang/rmf_ws/install/rmf_robot_sim_common/share/rmf_robot_sim_common/cmake/slotcar_commonExport-release.cmake
-- Installing: /home/wang/rmf_ws/install/rmf_robot_sim_common/share/rmf_robot_sim_common/cmake/ament_cmake_export_dependencies-extras.cmake
-- Installing: /home/wang/rmf_ws/install/rmf_robot_sim_common/share/rmf_robot_sim_common/cmake/ament_cmake_export_include_directories-extras.cmake
-- Installing: /home/wang/rmf_ws/install/rmf_robot_sim_common/share/rmf_robot_sim_common/cmake/ament_cmake_export_targets-extras.cmake
-- Installing: /home/wang/rmf_ws/install/rmf_robot_sim_common/share/rmf_robot_sim_common/cmake/rmf_robot_sim_commonConfig.cmake
-- Installing: /home/wang/rmf_ws/install/rmf_robot_sim_common/share/rmf_robot_sim_common/cmake/rmf_robot_sim_commonConfig-version.cmake
-- Installing: /home/wang/rmf_ws/install/rmf_robot_sim_common/share/rmf_robot_sim_common/package.xml
