[0.020s] Invoking command in '/home/wang/rmf_ws/build/rmf_robot_sim_common': AMENT_PREFIX_PATH=/home/wang/rmf_ws/install/rmf_ingestor_msgs:/home/wang/rmf_ws/install/rmf_fleet_msgs:/home/wang/rmf_ws/install/rmf_dispenser_msgs:/home/wang/rmf_ws/install/rmf_building_map_msgs:${AMENT_PREFIX_PATH} CMAKE_PREFIX_PATH=/home/wang/rmf_ws/install/rmf_ingestor_msgs:/home/wang/rmf_ws/install/rmf_fleet_msgs:/home/wang/rmf_ws/install/rmf_dispenser_msgs:/home/wang/rmf_ws/install/rmf_building_map_msgs:/opt/ros/humble LD_LIBRARY_PATH=/home/wang/rmf_ws/install/rmf_ingestor_msgs/lib:/home/wang/rmf_ws/install/rmf_fleet_msgs/lib:/home/wang/rmf_ws/install/rmf_dispenser_msgs/lib:/home/wang/rmf_ws/install/rmf_building_map_msgs/lib:${LD_LIBRARY_PATH} PYTHONPATH=/home/wang/rmf_ws/install/rmf_ingestor_msgs/local/lib/python3.10/dist-packages:/home/wang/rmf_ws/install/rmf_fleet_msgs/local/lib/python3.10/dist-packages:/home/wang/rmf_ws/install/rmf_dispenser_msgs/local/lib/python3.10/dist-packages:/home/wang/rmf_ws/install/rmf_building_map_msgs/local/lib/python3.10/dist-packages:${PYTHONPATH} /home/wang/.local/bin/cmake /home/wang/rmf_ws/src/rmf/rmf_simulation/rmf_robot_sim_common -DCMAKE_EXE_LINKER_FLAGS=-fuse-ld=lld -DCMAKE_MODULE_LINKER_FLAGS=-fuse-ld=lld -DCMAKE_SHARED_LINKER_FLAGS=-fuse-ld=lld -DCMAKE_BUILD_TYPE=Release -DCMAKE_INSTALL_PREFIX=/home/wang/rmf_ws/install/rmf_robot_sim_common
[0.140s] -- The C compiler identification is Clang 14.0.0
[0.321s] -- The CXX compiler identification is Clang 14.0.0
[0.350s] -- Detecting C compiler ABI info
[0.461s] -- Detecting C compiler ABI info - done
[0.472s] -- Check for working C compiler: /usr/bin/clang - skipped
[0.472s] -- Detecting C compile features
[0.473s] -- Detecting C compile features - done
[0.479s] -- Detecting CXX compiler ABI info
[0.602s] -- Detecting CXX compiler ABI info - done
[0.616s] -- Check for working CXX compiler: /usr/bin/clang++ - skipped
[0.616s] -- Detecting CXX compile features
[0.617s] -- Detecting CXX compile features - done
[0.620s] -- Found eigen3_cmake_module: 0.1.1 (/opt/ros/humble/share/eigen3_cmake_module/cmake)
[0.628s] -- Found Eigen3: TRUE (found version "3.4.0") 
[0.632s] -- Found ament_cmake: 1.3.5 (/opt/ros/humble/share/ament_cmake/cmake)
[1.198s] -- Found Python3: /usr/bin/python3.10 (found version "3.10.6") found components: Interpreter 
[1.321s] -- Found rclcpp: 16.0.4 (/opt/ros/humble/share/rclcpp/cmake)
[1.400s] -- Found rosidl_generator_c: 3.1.4 (/opt/ros/humble/share/rosidl_generator_c/cmake)
[1.409s] -- Found rosidl_adapter: 3.1.4 (/opt/ros/humble/share/rosidl_adapter/cmake)
[1.425s] -- Found rosidl_generator_cpp: 3.1.4 (/opt/ros/humble/share/rosidl_generator_cpp/cmake)
[1.452s] -- Using all available rosidl_typesupport_c: rosidl_typesupport_fastrtps_c;rosidl_typesupport_introspection_c
[1.491s] -- Using all available rosidl_typesupport_cpp: rosidl_typesupport_fastrtps_cpp;rosidl_typesupport_introspection_cpp
[1.637s] -- Found rmw_implementation_cmake: 6.1.1 (/opt/ros/humble/share/rmw_implementation_cmake/cmake)
[1.642s] -- Found rmw_fastrtps_cpp: 6.2.2 (/opt/ros/humble/share/rmw_fastrtps_cpp/cmake)
[1.787s] -- Found OpenSSL: /usr/lib/x86_64-linux-gnu/libcrypto.so (found version "3.0.2")  
[1.834s] -- Found FastRTPS: /opt/ros/humble/include  
[1.912s] -- Using RMW implementation 'rmw_fastrtps_cpp' as default
[1.928s] -- Performing Test CMAKE_HAVE_LIBC_PTHREAD
[2.055s] -- Performing Test CMAKE_HAVE_LIBC_PTHREAD - Success
[2.057s] -- Found Threads: TRUE  
[2.402s] -- Found geometry_msgs: 4.2.3 (/opt/ros/humble/share/geometry_msgs/cmake)
[2.498s] -- Found tf2_ros: 0.25.2 (/opt/ros/humble/share/tf2_ros/cmake)
[3.154s] -- Found rmf_fleet_msgs: 3.0.3 (/home/wang/rmf_ws/install/rmf_fleet_msgs/share/rmf_fleet_msgs/cmake)
[3.190s] -- Found rmf_dispenser_msgs: 3.0.3 (/home/wang/rmf_ws/install/rmf_dispenser_msgs/share/rmf_dispenser_msgs/cmake)
[3.261s] -- Found rmf_ingestor_msgs: 3.0.3 (/home/wang/rmf_ws/install/rmf_ingestor_msgs/share/rmf_ingestor_msgs/cmake)
[3.332s] -- Found rmf_building_map_msgs: 1.2.1 (/home/wang/rmf_ws/install/rmf_building_map_msgs/share/rmf_building_map_msgs/cmake)
[3.442s] -- Configuring done (3.4s)
[3.474s] -- Generating done (0.0s)
[3.477s] -- Build files have been written to: /home/wang/rmf_ws/build/rmf_robot_sim_common
[3.499s] Invoked command in '/home/wang/rmf_ws/build/rmf_robot_sim_common' returned '0': AMENT_PREFIX_PATH=/home/wang/rmf_ws/install/rmf_ingestor_msgs:/home/wang/rmf_ws/install/rmf_fleet_msgs:/home/wang/rmf_ws/install/rmf_dispenser_msgs:/home/wang/rmf_ws/install/rmf_building_map_msgs:${AMENT_PREFIX_PATH} CMAKE_PREFIX_PATH=/home/wang/rmf_ws/install/rmf_ingestor_msgs:/home/wang/rmf_ws/install/rmf_fleet_msgs:/home/wang/rmf_ws/install/rmf_dispenser_msgs:/home/wang/rmf_ws/install/rmf_building_map_msgs:/opt/ros/humble LD_LIBRARY_PATH=/home/wang/rmf_ws/install/rmf_ingestor_msgs/lib:/home/wang/rmf_ws/install/rmf_fleet_msgs/lib:/home/wang/rmf_ws/install/rmf_dispenser_msgs/lib:/home/wang/rmf_ws/install/rmf_building_map_msgs/lib:${LD_LIBRARY_PATH} PYTHONPATH=/home/wang/rmf_ws/install/rmf_ingestor_msgs/local/lib/python3.10/dist-packages:/home/wang/rmf_ws/install/rmf_fleet_msgs/local/lib/python3.10/dist-packages:/home/wang/rmf_ws/install/rmf_dispenser_msgs/local/lib/python3.10/dist-packages:/home/wang/rmf_ws/install/rmf_building_map_msgs/local/lib/python3.10/dist-packages:${PYTHONPATH} /home/wang/.local/bin/cmake /home/wang/rmf_ws/src/rmf/rmf_simulation/rmf_robot_sim_common -DCMAKE_EXE_LINKER_FLAGS=-fuse-ld=lld -DCMAKE_MODULE_LINKER_FLAGS=-fuse-ld=lld -DCMAKE_SHARED_LINKER_FLAGS=-fuse-ld=lld -DCMAKE_BUILD_TYPE=Release -DCMAKE_INSTALL_PREFIX=/home/wang/rmf_ws/install/rmf_robot_sim_common
[3.501s] Invoking command in '/home/wang/rmf_ws/build/rmf_robot_sim_common': AMENT_PREFIX_PATH=/home/wang/rmf_ws/install/rmf_ingestor_msgs:/home/wang/rmf_ws/install/rmf_fleet_msgs:/home/wang/rmf_ws/install/rmf_dispenser_msgs:/home/wang/rmf_ws/install/rmf_building_map_msgs:${AMENT_PREFIX_PATH} CMAKE_PREFIX_PATH=/home/wang/rmf_ws/install/rmf_ingestor_msgs:/home/wang/rmf_ws/install/rmf_fleet_msgs:/home/wang/rmf_ws/install/rmf_dispenser_msgs:/home/wang/rmf_ws/install/rmf_building_map_msgs:/opt/ros/humble LD_LIBRARY_PATH=/home/wang/rmf_ws/install/rmf_ingestor_msgs/lib:/home/wang/rmf_ws/install/rmf_fleet_msgs/lib:/home/wang/rmf_ws/install/rmf_dispenser_msgs/lib:/home/wang/rmf_ws/install/rmf_building_map_msgs/lib:${LD_LIBRARY_PATH} PYTHONPATH=/home/wang/rmf_ws/install/rmf_ingestor_msgs/local/lib/python3.10/dist-packages:/home/wang/rmf_ws/install/rmf_fleet_msgs/local/lib/python3.10/dist-packages:/home/wang/rmf_ws/install/rmf_dispenser_msgs/local/lib/python3.10/dist-packages:/home/wang/rmf_ws/install/rmf_building_map_msgs/local/lib/python3.10/dist-packages:${PYTHONPATH} /home/wang/.local/bin/cmake --build /home/wang/rmf_ws/build/rmf_robot_sim_common -- -j16 -l16
[3.541s] [ 10%] [32mBuilding CXX object CMakeFiles/rmf_robot_sim_utils.dir/src/utils.cpp.o[0m
[6.896s] [ 20%] [32m[1mLinking CXX shared library librmf_robot_sim_utils.so[0m
[6.952s] [ 20%] Built target rmf_robot_sim_utils
[6.959s] [ 30%] [32mBuilding CXX object CMakeFiles/ingestor_common.dir/src/ingestor_common.cpp.o[0m
[32.378s] [ 40%] [32m[1mLinking CXX shared library libingestor_common.so[0m
[32.490s] [ 40%] Built target ingestor_common
[32.501s] [ 50%] [32mBuilding CXX object CMakeFiles/slotcar_common.dir/src/slotcar_common.cpp.o[0m
[76.325s] [ 60%] [32m[1mLinking CXX shared library libslotcar_common.so[0m
[76.421s] [ 60%] Built target slotcar_common
[76.429s] [ 70%] [32mBuilding CXX object CMakeFiles/readonly_common.dir/src/readonly_common.cpp.o[0m
[95.133s] [ 80%] [32m[1mLinking CXX shared library libreadonly_common.so[0m
[95.224s] [ 80%] Built target readonly_common
[95.238s] [ 90%] [32mBuilding CXX object CMakeFiles/dispenser_common.dir/src/dispenser_common.cpp.o[0m
[117.406s] [100%] [32m[1mLinking CXX shared library libdispenser_common.so[0m
[117.474s] [100%] Built target dispenser_common
[117.484s] Invoked command in '/home/wang/rmf_ws/build/rmf_robot_sim_common' returned '0': AMENT_PREFIX_PATH=/home/wang/rmf_ws/install/rmf_ingestor_msgs:/home/wang/rmf_ws/install/rmf_fleet_msgs:/home/wang/rmf_ws/install/rmf_dispenser_msgs:/home/wang/rmf_ws/install/rmf_building_map_msgs:${AMENT_PREFIX_PATH} CMAKE_PREFIX_PATH=/home/wang/rmf_ws/install/rmf_ingestor_msgs:/home/wang/rmf_ws/install/rmf_fleet_msgs:/home/wang/rmf_ws/install/rmf_dispenser_msgs:/home/wang/rmf_ws/install/rmf_building_map_msgs:/opt/ros/humble LD_LIBRARY_PATH=/home/wang/rmf_ws/install/rmf_ingestor_msgs/lib:/home/wang/rmf_ws/install/rmf_fleet_msgs/lib:/home/wang/rmf_ws/install/rmf_dispenser_msgs/lib:/home/wang/rmf_ws/install/rmf_building_map_msgs/lib:${LD_LIBRARY_PATH} PYTHONPATH=/home/wang/rmf_ws/install/rmf_ingestor_msgs/local/lib/python3.10/dist-packages:/home/wang/rmf_ws/install/rmf_fleet_msgs/local/lib/python3.10/dist-packages:/home/wang/rmf_ws/install/rmf_dispenser_msgs/local/lib/python3.10/dist-packages:/home/wang/rmf_ws/install/rmf_building_map_msgs/local/lib/python3.10/dist-packages:${PYTHONPATH} /home/wang/.local/bin/cmake --build /home/wang/rmf_ws/build/rmf_robot_sim_common -- -j16 -l16
[117.530s] Invoking command in '/home/wang/rmf_ws/build/rmf_robot_sim_common': AMENT_PREFIX_PATH=/home/wang/rmf_ws/install/rmf_ingestor_msgs:/home/wang/rmf_ws/install/rmf_fleet_msgs:/home/wang/rmf_ws/install/rmf_dispenser_msgs:/home/wang/rmf_ws/install/rmf_building_map_msgs:${AMENT_PREFIX_PATH} CMAKE_PREFIX_PATH=/home/wang/rmf_ws/install/rmf_ingestor_msgs:/home/wang/rmf_ws/install/rmf_fleet_msgs:/home/wang/rmf_ws/install/rmf_dispenser_msgs:/home/wang/rmf_ws/install/rmf_building_map_msgs:/opt/ros/humble LD_LIBRARY_PATH=/home/wang/rmf_ws/install/rmf_ingestor_msgs/lib:/home/wang/rmf_ws/install/rmf_fleet_msgs/lib:/home/wang/rmf_ws/install/rmf_dispenser_msgs/lib:/home/wang/rmf_ws/install/rmf_building_map_msgs/lib:${LD_LIBRARY_PATH} PYTHONPATH=/home/wang/rmf_ws/install/rmf_ingestor_msgs/local/lib/python3.10/dist-packages:/home/wang/rmf_ws/install/rmf_fleet_msgs/local/lib/python3.10/dist-packages:/home/wang/rmf_ws/install/rmf_dispenser_msgs/local/lib/python3.10/dist-packages:/home/wang/rmf_ws/install/rmf_building_map_msgs/local/lib/python3.10/dist-packages:${PYTHONPATH} /home/wang/.local/bin/cmake --install /home/wang/rmf_ws/build/rmf_robot_sim_common
[117.554s] -- Install configuration: "Release"
[117.555s] -- Installing: /home/wang/rmf_ws/install/rmf_robot_sim_common/share/rmf_robot_sim_common/environment/library_path.sh
[117.555s] -- Installing: /home/wang/rmf_ws/install/rmf_robot_sim_common/share/rmf_robot_sim_common/environment/library_path.dsv
[117.555s] -- Installing: /home/wang/rmf_ws/install/rmf_robot_sim_common/lib/libingestor_common.so
[117.557s] -- Set runtime path of "/home/wang/rmf_ws/install/rmf_robot_sim_common/lib/libingestor_common.so" to ""
[117.557s] -- Installing: /home/wang/rmf_ws/install/rmf_robot_sim_common/lib/libdispenser_common.so
[117.559s] -- Set runtime path of "/home/wang/rmf_ws/install/rmf_robot_sim_common/lib/libdispenser_common.so" to ""
[117.559s] -- Installing: /home/wang/rmf_ws/install/rmf_robot_sim_common/lib/libreadonly_common.so
[117.560s] -- Set runtime path of "/home/wang/rmf_ws/install/rmf_robot_sim_common/lib/libreadonly_common.so" to ""
[117.560s] -- Installing: /home/wang/rmf_ws/install/rmf_robot_sim_common/lib/librmf_robot_sim_utils.so
[117.560s] -- Set runtime path of "/home/wang/rmf_ws/install/rmf_robot_sim_common/lib/librmf_robot_sim_utils.so" to ""
[117.561s] -- Installing: /home/wang/rmf_ws/install/rmf_robot_sim_common/lib/libslotcar_common.so
[117.564s] -- Set runtime path of "/home/wang/rmf_ws/install/rmf_robot_sim_common/lib/libslotcar_common.so" to ""
[117.564s] -- Installing: /home/wang/rmf_ws/install/rmf_robot_sim_common/include
[117.564s] -- Installing: /home/wang/rmf_ws/install/rmf_robot_sim_common/include/rmf_robot_sim_common
[117.564s] -- Installing: /home/wang/rmf_ws/install/rmf_robot_sim_common/include/rmf_robot_sim_common/readonly_common.hpp
[117.564s] -- Installing: /home/wang/rmf_ws/install/rmf_robot_sim_common/include/rmf_robot_sim_common/ingestor_common.hpp
[117.564s] -- Installing: /home/wang/rmf_ws/install/rmf_robot_sim_common/include/rmf_robot_sim_common/slotcar_common.hpp
[117.565s] -- Installing: /home/wang/rmf_ws/install/rmf_robot_sim_common/include/rmf_robot_sim_common/utils.hpp
[117.565s] -- Installing: /home/wang/rmf_ws/install/rmf_robot_sim_common/include/rmf_robot_sim_common/dispenser_common.hpp
[117.565s] -- Installing: /home/wang/rmf_ws/install/rmf_robot_sim_common/share/ament_index/resource_index/package_run_dependencies/rmf_robot_sim_common
[117.565s] -- Installing: /home/wang/rmf_ws/install/rmf_robot_sim_common/share/ament_index/resource_index/parent_prefix_path/rmf_robot_sim_common
[117.565s] -- Installing: /home/wang/rmf_ws/install/rmf_robot_sim_common/share/rmf_robot_sim_common/environment/ament_prefix_path.sh
[117.565s] -- Installing: /home/wang/rmf_ws/install/rmf_robot_sim_common/share/rmf_robot_sim_common/environment/ament_prefix_path.dsv
[117.565s] -- Installing: /home/wang/rmf_ws/install/rmf_robot_sim_common/share/rmf_robot_sim_common/environment/path.sh
[117.566s] -- Installing: /home/wang/rmf_ws/install/rmf_robot_sim_common/share/rmf_robot_sim_common/environment/path.dsv
[117.566s] -- Installing: /home/wang/rmf_ws/install/rmf_robot_sim_common/share/rmf_robot_sim_common/local_setup.bash
[117.566s] -- Installing: /home/wang/rmf_ws/install/rmf_robot_sim_common/share/rmf_robot_sim_common/local_setup.sh
[117.566s] -- Installing: /home/wang/rmf_ws/install/rmf_robot_sim_common/share/rmf_robot_sim_common/local_setup.zsh
[117.566s] -- Installing: /home/wang/rmf_ws/install/rmf_robot_sim_common/share/rmf_robot_sim_common/local_setup.dsv
[117.566s] -- Installing: /home/wang/rmf_ws/install/rmf_robot_sim_common/share/rmf_robot_sim_common/package.dsv
[117.566s] -- Installing: /home/wang/rmf_ws/install/rmf_robot_sim_common/share/ament_index/resource_index/packages/rmf_robot_sim_common
[117.566s] -- Installing: /home/wang/rmf_ws/install/rmf_robot_sim_common/share/rmf_robot_sim_common/cmake/rmf_robot_sim_utilsExport.cmake
[117.567s] -- Installing: /home/wang/rmf_ws/install/rmf_robot_sim_common/share/rmf_robot_sim_common/cmake/rmf_robot_sim_utilsExport-release.cmake
[117.567s] -- Installing: /home/wang/rmf_ws/install/rmf_robot_sim_common/share/rmf_robot_sim_common/cmake/ingestor_commonExport.cmake
[117.567s] -- Installing: /home/wang/rmf_ws/install/rmf_robot_sim_common/share/rmf_robot_sim_common/cmake/ingestor_commonExport-release.cmake
[117.567s] -- Installing: /home/wang/rmf_ws/install/rmf_robot_sim_common/share/rmf_robot_sim_common/cmake/dispenser_commonExport.cmake
[117.567s] -- Installing: /home/wang/rmf_ws/install/rmf_robot_sim_common/share/rmf_robot_sim_common/cmake/dispenser_commonExport-release.cmake
[117.567s] -- Installing: /home/wang/rmf_ws/install/rmf_robot_sim_common/share/rmf_robot_sim_common/cmake/readonly_commonExport.cmake
[117.567s] -- Installing: /home/wang/rmf_ws/install/rmf_robot_sim_common/share/rmf_robot_sim_common/cmake/readonly_commonExport-release.cmake
[117.567s] -- Installing: /home/wang/rmf_ws/install/rmf_robot_sim_common/share/rmf_robot_sim_common/cmake/slotcar_commonExport.cmake
[117.568s] -- Installing: /home/wang/rmf_ws/install/rmf_robot_sim_common/share/rmf_robot_sim_common/cmake/slotcar_commonExport-release.cmake
[117.568s] -- Installing: /home/wang/rmf_ws/install/rmf_robot_sim_common/share/rmf_robot_sim_common/cmake/ament_cmake_export_dependencies-extras.cmake
[117.568s] -- Installing: /home/wang/rmf_ws/install/rmf_robot_sim_common/share/rmf_robot_sim_common/cmake/ament_cmake_export_include_directories-extras.cmake
[117.568s] -- Installing: /home/wang/rmf_ws/install/rmf_robot_sim_common/share/rmf_robot_sim_common/cmake/ament_cmake_export_targets-extras.cmake
[117.568s] -- Installing: /home/wang/rmf_ws/install/rmf_robot_sim_common/share/rmf_robot_sim_common/cmake/rmf_robot_sim_commonConfig.cmake
[117.568s] -- Installing: /home/wang/rmf_ws/install/rmf_robot_sim_common/share/rmf_robot_sim_common/cmake/rmf_robot_sim_commonConfig-version.cmake
[117.568s] -- Installing: /home/wang/rmf_ws/install/rmf_robot_sim_common/share/rmf_robot_sim_common/package.xml
[117.576s] Invoked command in '/home/wang/rmf_ws/build/rmf_robot_sim_common' returned '0': AMENT_PREFIX_PATH=/home/wang/rmf_ws/install/rmf_ingestor_msgs:/home/wang/rmf_ws/install/rmf_fleet_msgs:/home/wang/rmf_ws/install/rmf_dispenser_msgs:/home/wang/rmf_ws/install/rmf_building_map_msgs:${AMENT_PREFIX_PATH} CMAKE_PREFIX_PATH=/home/wang/rmf_ws/install/rmf_ingestor_msgs:/home/wang/rmf_ws/install/rmf_fleet_msgs:/home/wang/rmf_ws/install/rmf_dispenser_msgs:/home/wang/rmf_ws/install/rmf_building_map_msgs:/opt/ros/humble LD_LIBRARY_PATH=/home/wang/rmf_ws/install/rmf_ingestor_msgs/lib:/home/wang/rmf_ws/install/rmf_fleet_msgs/lib:/home/wang/rmf_ws/install/rmf_dispenser_msgs/lib:/home/wang/rmf_ws/install/rmf_building_map_msgs/lib:${LD_LIBRARY_PATH} PYTHONPATH=/home/wang/rmf_ws/install/rmf_ingestor_msgs/local/lib/python3.10/dist-packages:/home/wang/rmf_ws/install/rmf_fleet_msgs/local/lib/python3.10/dist-packages:/home/wang/rmf_ws/install/rmf_dispenser_msgs/local/lib/python3.10/dist-packages:/home/wang/rmf_ws/install/rmf_building_map_msgs/local/lib/python3.10/dist-packages:${PYTHONPATH} /home/wang/.local/bin/cmake --install /home/wang/rmf_ws/build/rmf_robot_sim_common
