/home/wang/rmf_ws/install/rmf_building_map_tools/lib/python3.10/site-packages/building_crowdsim/__init__.py
/home/wang/rmf_ws/install/rmf_building_map_tools/lib/python3.10/site-packages/building_crowdsim/building_crowdsim.py
/home/wang/rmf_ws/install/rmf_building_map_tools/lib/python3.10/site-packages/building_crowdsim/_init_argparse.py
/home/wang/rmf_ws/install/rmf_building_map_tools/lib/python3.10/site-packages/building_crowdsim/building_yaml_parse.py
/home/wang/rmf_ws/install/rmf_building_map_tools/lib/python3.10/site-packages/building_crowdsim/navmesh/__init__.py
/home/wang/rmf_ws/install/rmf_building_map_tools/lib/python3.10/site-packages/building_crowdsim/navmesh/polygon_factory.py
/home/wang/rmf_ws/install/rmf_building_map_tools/lib/python3.10/site-packages/building_crowdsim/navmesh/obstacle.py
/home/wang/rmf_ws/install/rmf_building_map_tools/lib/python3.10/site-packages/building_crowdsim/navmesh/object_manager.py
/home/wang/rmf_ws/install/rmf_building_map_tools/lib/python3.10/site-packages/building_crowdsim/navmesh/polygon.py
/home/wang/rmf_ws/install/rmf_building_map_tools/lib/python3.10/site-packages/building_crowdsim/navmesh/navmesh_generator.py
/home/wang/rmf_ws/install/rmf_building_map_tools/lib/python3.10/site-packages/building_crowdsim/navmesh/file_writer.py
/home/wang/rmf_ws/install/rmf_building_map_tools/lib/python3.10/site-packages/building_crowdsim/navmesh/vertex.py
/home/wang/rmf_ws/install/rmf_building_map_tools/lib/python3.10/site-packages/building_crowdsim/navmesh/lane.py
/home/wang/rmf_ws/install/rmf_building_map_tools/lib/python3.10/site-packages/building_crowdsim/navmesh/vector.py
/home/wang/rmf_ws/install/rmf_building_map_tools/lib/python3.10/site-packages/building_crowdsim/navmesh/build_navmesh.py
/home/wang/rmf_ws/install/rmf_building_map_tools/lib/python3.10/site-packages/building_crowdsim/navmesh/connection.py
/home/wang/rmf_ws/install/rmf_building_map_tools/lib/python3.10/site-packages/building_crowdsim/navmesh/edge.py
/home/wang/rmf_ws/install/rmf_building_map_tools/lib/python3.10/site-packages/building_crowdsim/config/__init__.py
/home/wang/rmf_ws/install/rmf_building_map_tools/lib/python3.10/site-packages/building_crowdsim/config/configfile_generator.py
/home/wang/rmf_ws/install/rmf_building_map_tools/lib/python3.10/site-packages/building_crowdsim/config/scene_file.py
/home/wang/rmf_ws/install/rmf_building_map_tools/lib/python3.10/site-packages/building_crowdsim/config/plugin_file.py
/home/wang/rmf_ws/install/rmf_building_map_tools/lib/python3.10/site-packages/building_crowdsim/config/behavior_file.py
/home/wang/rmf_ws/install/rmf_building_map_tools/lib/python3.10/site-packages/building_crowdsim/config/util.py
/home/wang/rmf_ws/install/rmf_building_map_tools/lib/python3.10/site-packages/building_crowdsim/config/leaf_element.py
/home/wang/rmf_ws/install/rmf_building_map_tools/lib/python3.10/site-packages/building_map/hole.py
/home/wang/rmf_ws/install/rmf_building_map_tools/lib/python3.10/site-packages/building_map/__init__.py
/home/wang/rmf_ws/install/rmf_building_map_tools/lib/python3.10/site-packages/building_map/building.py
/home/wang/rmf_ws/install/rmf_building_map_tools/lib/python3.10/site-packages/building_map/material_utils.py
/home/wang/rmf_ws/install/rmf_building_map_tools/lib/python3.10/site-packages/building_map/etree_utils.py
/home/wang/rmf_ws/install/rmf_building_map_tools/lib/python3.10/site-packages/building_map/geopackage.py
/home/wang/rmf_ws/install/rmf_building_map_tools/lib/python3.10/site-packages/building_map/coordinate_system.py
/home/wang/rmf_ws/install/rmf_building_map_tools/lib/python3.10/site-packages/building_map/model.py
/home/wang/rmf_ws/install/rmf_building_map_tools/lib/python3.10/site-packages/building_map/param_value.py
/home/wang/rmf_ws/install/rmf_building_map_tools/lib/python3.10/site-packages/building_map/utils.py
/home/wang/rmf_ws/install/rmf_building_map_tools/lib/python3.10/site-packages/building_map/vertex.py
/home/wang/rmf_ws/install/rmf_building_map_tools/lib/python3.10/site-packages/building_map/floor.py
/home/wang/rmf_ws/install/rmf_building_map_tools/lib/python3.10/site-packages/building_map/web_mercator_transform.py
/home/wang/rmf_ws/install/rmf_building_map_tools/lib/python3.10/site-packages/building_map/level.py
/home/wang/rmf_ws/install/rmf_building_map_tools/lib/python3.10/site-packages/building_map/wall.py
/home/wang/rmf_ws/install/rmf_building_map_tools/lib/python3.10/site-packages/building_map/generator.py
/home/wang/rmf_ws/install/rmf_building_map_tools/lib/python3.10/site-packages/building_map/wgs84_transform.py
/home/wang/rmf_ws/install/rmf_building_map_tools/lib/python3.10/site-packages/building_map/fiducial.py
/home/wang/rmf_ws/install/rmf_building_map_tools/lib/python3.10/site-packages/building_map/lift.py
/home/wang/rmf_ws/install/rmf_building_map_tools/lib/python3.10/site-packages/building_map/passthrough_transform.py
/home/wang/rmf_ws/install/rmf_building_map_tools/lib/python3.10/site-packages/building_map/transform.py
/home/wang/rmf_ws/install/rmf_building_map_tools/lib/python3.10/site-packages/building_map/edge.py
/home/wang/rmf_ws/install/rmf_building_map_tools/lib/python3.10/site-packages/building_map/edge_type.py
/home/wang/rmf_ws/install/rmf_building_map_tools/lib/python3.10/site-packages/building_map/doors/swing_door.py
/home/wang/rmf_ws/install/rmf_building_map_tools/lib/python3.10/site-packages/building_map/doors/__init__.py
/home/wang/rmf_ws/install/rmf_building_map_tools/lib/python3.10/site-packages/building_map/doors/double_swing_door.py
/home/wang/rmf_ws/install/rmf_building_map_tools/lib/python3.10/site-packages/building_map/doors/sliding_door.py
/home/wang/rmf_ws/install/rmf_building_map_tools/lib/python3.10/site-packages/building_map/doors/door.py
/home/wang/rmf_ws/install/rmf_building_map_tools/lib/python3.10/site-packages/building_map/doors/double_sliding_door.py
/home/wang/rmf_ws/install/rmf_building_map_tools/lib/python3.10/site-packages/building_map_server/__init__.py
/home/wang/rmf_ws/install/rmf_building_map_tools/lib/python3.10/site-packages/building_map_server/building_map_server.py
/home/wang/rmf_ws/install/rmf_building_map_tools/lib/python3.10/site-packages/building_map_generator/__init__.py
/home/wang/rmf_ws/install/rmf_building_map_tools/lib/python3.10/site-packages/building_map_generator/_init_argparse.py
/home/wang/rmf_ws/install/rmf_building_map_tools/lib/python3.10/site-packages/building_map_generator/building_map_generator.py
/home/wang/rmf_ws/install/rmf_building_map_tools/lib/python3.10/site-packages/building_map_model_downloader/__init__.py
/home/wang/rmf_ws/install/rmf_building_map_tools/lib/python3.10/site-packages/building_map_model_downloader/building_map_model_downloader.py
/home/wang/rmf_ws/install/rmf_building_map_tools/lib/python3.10/site-packages/building_map_converter/__init__.py
/home/wang/rmf_ws/install/rmf_building_map_tools/lib/python3.10/site-packages/building_map_converter/building_map_converter.py
/home/wang/rmf_ws/install/rmf_building_map_tools/lib/python3.10/site-packages/model_downloader/__init__.py
/home/wang/rmf_ws/install/rmf_building_map_tools/lib/python3.10/site-packages/model_downloader/model_downloader.py
/home/wang/rmf_ws/install/rmf_building_map_tools/lib/python3.10/site-packages/pit_crew/__init__.py
/home/wang/rmf_ws/install/rmf_building_map_tools/lib/python3.10/site-packages/pit_crew/pit_crew.py
/home/wang/rmf_ws/install/rmf_building_map_tools/lib/python3.10/site-packages/pit_crew/usage_examples.py
/home/wang/rmf_ws/install/rmf_building_map_tools/lib/python3.10/site-packages/building_crowdsim/__pycache__/__init__.cpython-310.pyc
/home/wang/rmf_ws/install/rmf_building_map_tools/lib/python3.10/site-packages/building_crowdsim/__pycache__/building_crowdsim.cpython-310.pyc
/home/wang/rmf_ws/install/rmf_building_map_tools/lib/python3.10/site-packages/building_crowdsim/__pycache__/_init_argparse.cpython-310.pyc
/home/wang/rmf_ws/install/rmf_building_map_tools/lib/python3.10/site-packages/building_crowdsim/__pycache__/building_yaml_parse.cpython-310.pyc
/home/wang/rmf_ws/install/rmf_building_map_tools/lib/python3.10/site-packages/building_crowdsim/navmesh/__pycache__/__init__.cpython-310.pyc
/home/wang/rmf_ws/install/rmf_building_map_tools/lib/python3.10/site-packages/building_crowdsim/navmesh/__pycache__/polygon_factory.cpython-310.pyc
/home/wang/rmf_ws/install/rmf_building_map_tools/lib/python3.10/site-packages/building_crowdsim/navmesh/__pycache__/obstacle.cpython-310.pyc
/home/wang/rmf_ws/install/rmf_building_map_tools/lib/python3.10/site-packages/building_crowdsim/navmesh/__pycache__/object_manager.cpython-310.pyc
/home/wang/rmf_ws/install/rmf_building_map_tools/lib/python3.10/site-packages/building_crowdsim/navmesh/__pycache__/polygon.cpython-310.pyc
/home/wang/rmf_ws/install/rmf_building_map_tools/lib/python3.10/site-packages/building_crowdsim/navmesh/__pycache__/navmesh_generator.cpython-310.pyc
/home/wang/rmf_ws/install/rmf_building_map_tools/lib/python3.10/site-packages/building_crowdsim/navmesh/__pycache__/file_writer.cpython-310.pyc
/home/wang/rmf_ws/install/rmf_building_map_tools/lib/python3.10/site-packages/building_crowdsim/navmesh/__pycache__/vertex.cpython-310.pyc
/home/wang/rmf_ws/install/rmf_building_map_tools/lib/python3.10/site-packages/building_crowdsim/navmesh/__pycache__/lane.cpython-310.pyc
/home/wang/rmf_ws/install/rmf_building_map_tools/lib/python3.10/site-packages/building_crowdsim/navmesh/__pycache__/vector.cpython-310.pyc
/home/wang/rmf_ws/install/rmf_building_map_tools/lib/python3.10/site-packages/building_crowdsim/navmesh/__pycache__/build_navmesh.cpython-310.pyc
/home/wang/rmf_ws/install/rmf_building_map_tools/lib/python3.10/site-packages/building_crowdsim/navmesh/__pycache__/connection.cpython-310.pyc
/home/wang/rmf_ws/install/rmf_building_map_tools/lib/python3.10/site-packages/building_crowdsim/navmesh/__pycache__/edge.cpython-310.pyc
/home/wang/rmf_ws/install/rmf_building_map_tools/lib/python3.10/site-packages/building_crowdsim/config/__pycache__/__init__.cpython-310.pyc
/home/wang/rmf_ws/install/rmf_building_map_tools/lib/python3.10/site-packages/building_crowdsim/config/__pycache__/configfile_generator.cpython-310.pyc
/home/wang/rmf_ws/install/rmf_building_map_tools/lib/python3.10/site-packages/building_crowdsim/config/__pycache__/scene_file.cpython-310.pyc
/home/wang/rmf_ws/install/rmf_building_map_tools/lib/python3.10/site-packages/building_crowdsim/config/__pycache__/plugin_file.cpython-310.pyc
/home/wang/rmf_ws/install/rmf_building_map_tools/lib/python3.10/site-packages/building_crowdsim/config/__pycache__/behavior_file.cpython-310.pyc
/home/wang/rmf_ws/install/rmf_building_map_tools/lib/python3.10/site-packages/building_crowdsim/config/__pycache__/util.cpython-310.pyc
/home/wang/rmf_ws/install/rmf_building_map_tools/lib/python3.10/site-packages/building_crowdsim/config/__pycache__/leaf_element.cpython-310.pyc
/home/wang/rmf_ws/install/rmf_building_map_tools/lib/python3.10/site-packages/building_map/__pycache__/hole.cpython-310.pyc
/home/wang/rmf_ws/install/rmf_building_map_tools/lib/python3.10/site-packages/building_map/__pycache__/__init__.cpython-310.pyc
/home/wang/rmf_ws/install/rmf_building_map_tools/lib/python3.10/site-packages/building_map/__pycache__/building.cpython-310.pyc
/home/wang/rmf_ws/install/rmf_building_map_tools/lib/python3.10/site-packages/building_map/__pycache__/material_utils.cpython-310.pyc
/home/wang/rmf_ws/install/rmf_building_map_tools/lib/python3.10/site-packages/building_map/__pycache__/etree_utils.cpython-310.pyc
/home/wang/rmf_ws/install/rmf_building_map_tools/lib/python3.10/site-packages/building_map/__pycache__/geopackage.cpython-310.pyc
/home/wang/rmf_ws/install/rmf_building_map_tools/lib/python3.10/site-packages/building_map/__pycache__/coordinate_system.cpython-310.pyc
/home/wang/rmf_ws/install/rmf_building_map_tools/lib/python3.10/site-packages/building_map/__pycache__/model.cpython-310.pyc
/home/wang/rmf_ws/install/rmf_building_map_tools/lib/python3.10/site-packages/building_map/__pycache__/param_value.cpython-310.pyc
/home/wang/rmf_ws/install/rmf_building_map_tools/lib/python3.10/site-packages/building_map/__pycache__/utils.cpython-310.pyc
/home/wang/rmf_ws/install/rmf_building_map_tools/lib/python3.10/site-packages/building_map/__pycache__/vertex.cpython-310.pyc
/home/wang/rmf_ws/install/rmf_building_map_tools/lib/python3.10/site-packages/building_map/__pycache__/floor.cpython-310.pyc
/home/wang/rmf_ws/install/rmf_building_map_tools/lib/python3.10/site-packages/building_map/__pycache__/web_mercator_transform.cpython-310.pyc
/home/wang/rmf_ws/install/rmf_building_map_tools/lib/python3.10/site-packages/building_map/__pycache__/level.cpython-310.pyc
/home/wang/rmf_ws/install/rmf_building_map_tools/lib/python3.10/site-packages/building_map/__pycache__/wall.cpython-310.pyc
/home/wang/rmf_ws/install/rmf_building_map_tools/lib/python3.10/site-packages/building_map/__pycache__/generator.cpython-310.pyc
/home/wang/rmf_ws/install/rmf_building_map_tools/lib/python3.10/site-packages/building_map/__pycache__/wgs84_transform.cpython-310.pyc
/home/wang/rmf_ws/install/rmf_building_map_tools/lib/python3.10/site-packages/building_map/__pycache__/fiducial.cpython-310.pyc
/home/wang/rmf_ws/install/rmf_building_map_tools/lib/python3.10/site-packages/building_map/__pycache__/lift.cpython-310.pyc
/home/wang/rmf_ws/install/rmf_building_map_tools/lib/python3.10/site-packages/building_map/__pycache__/passthrough_transform.cpython-310.pyc
/home/wang/rmf_ws/install/rmf_building_map_tools/lib/python3.10/site-packages/building_map/__pycache__/transform.cpython-310.pyc
/home/wang/rmf_ws/install/rmf_building_map_tools/lib/python3.10/site-packages/building_map/__pycache__/edge.cpython-310.pyc
/home/wang/rmf_ws/install/rmf_building_map_tools/lib/python3.10/site-packages/building_map/__pycache__/edge_type.cpython-310.pyc
/home/wang/rmf_ws/install/rmf_building_map_tools/lib/python3.10/site-packages/building_map/doors/__pycache__/swing_door.cpython-310.pyc
/home/wang/rmf_ws/install/rmf_building_map_tools/lib/python3.10/site-packages/building_map/doors/__pycache__/__init__.cpython-310.pyc
/home/wang/rmf_ws/install/rmf_building_map_tools/lib/python3.10/site-packages/building_map/doors/__pycache__/double_swing_door.cpython-310.pyc
/home/wang/rmf_ws/install/rmf_building_map_tools/lib/python3.10/site-packages/building_map/doors/__pycache__/sliding_door.cpython-310.pyc
/home/wang/rmf_ws/install/rmf_building_map_tools/lib/python3.10/site-packages/building_map/doors/__pycache__/door.cpython-310.pyc
/home/wang/rmf_ws/install/rmf_building_map_tools/lib/python3.10/site-packages/building_map/doors/__pycache__/double_sliding_door.cpython-310.pyc
/home/wang/rmf_ws/install/rmf_building_map_tools/lib/python3.10/site-packages/building_map_server/__pycache__/__init__.cpython-310.pyc
/home/wang/rmf_ws/install/rmf_building_map_tools/lib/python3.10/site-packages/building_map_server/__pycache__/building_map_server.cpython-310.pyc
/home/wang/rmf_ws/install/rmf_building_map_tools/lib/python3.10/site-packages/building_map_generator/__pycache__/__init__.cpython-310.pyc
/home/wang/rmf_ws/install/rmf_building_map_tools/lib/python3.10/site-packages/building_map_generator/__pycache__/_init_argparse.cpython-310.pyc
/home/wang/rmf_ws/install/rmf_building_map_tools/lib/python3.10/site-packages/building_map_generator/__pycache__/building_map_generator.cpython-310.pyc
/home/wang/rmf_ws/install/rmf_building_map_tools/lib/python3.10/site-packages/building_map_model_downloader/__pycache__/__init__.cpython-310.pyc
/home/wang/rmf_ws/install/rmf_building_map_tools/lib/python3.10/site-packages/building_map_model_downloader/__pycache__/building_map_model_downloader.cpython-310.pyc
/home/wang/rmf_ws/install/rmf_building_map_tools/lib/python3.10/site-packages/building_map_converter/__pycache__/__init__.cpython-310.pyc
/home/wang/rmf_ws/install/rmf_building_map_tools/lib/python3.10/site-packages/building_map_converter/__pycache__/building_map_converter.cpython-310.pyc
/home/wang/rmf_ws/install/rmf_building_map_tools/lib/python3.10/site-packages/model_downloader/__pycache__/__init__.cpython-310.pyc
/home/wang/rmf_ws/install/rmf_building_map_tools/lib/python3.10/site-packages/model_downloader/__pycache__/model_downloader.cpython-310.pyc
/home/wang/rmf_ws/install/rmf_building_map_tools/lib/python3.10/site-packages/pit_crew/__pycache__/__init__.cpython-310.pyc
/home/wang/rmf_ws/install/rmf_building_map_tools/lib/python3.10/site-packages/pit_crew/__pycache__/pit_crew.cpython-310.pyc
/home/wang/rmf_ws/install/rmf_building_map_tools/lib/python3.10/site-packages/pit_crew/__pycache__/usage_examples.cpython-310.pyc
/home/wang/rmf_ws/install/rmf_building_map_tools/share/ament_index/resource_index/packages/rmf_building_map_tools
/home/wang/rmf_ws/install/rmf_building_map_tools/share/rmf_building_map_tools/package.xml
/home/wang/rmf_ws/install/rmf_building_map_tools/share/rmf_building_map_tools/templates/gz_world.sdf
/home/wang/rmf_ws/install/rmf_building_map_tools/share/rmf_building_map_tools/templates/ign_world.sdf
/home/wang/rmf_ws/install/rmf_building_map_tools/share/rmf_building_map_tools/textures/concrete3.png
/home/wang/rmf_ws/install/rmf_building_map_tools/share/rmf_building_map_tools/textures/black_concrete.png
/home/wang/rmf_ws/install/rmf_building_map_tools/share/rmf_building_map_tools/textures/wall_white.png
/home/wang/rmf_ws/install/rmf_building_map_tools/share/rmf_building_map_tools/textures/default.png
/home/wang/rmf_ws/install/rmf_building_map_tools/share/rmf_building_map_tools/textures/concrete2.png
/home/wang/rmf_ws/install/rmf_building_map_tools/share/rmf_building_map_tools/textures/beige_black_marble_tiles.png
/home/wang/rmf_ws/install/rmf_building_map_tools/share/rmf_building_map_tools/textures/brown_marble.png
/home/wang/rmf_ws/install/rmf_building_map_tools/share/rmf_building_map_tools/textures/black_glitter_marble.png
/home/wang/rmf_ws/install/rmf_building_map_tools/share/rmf_building_map_tools/textures/carpark_walkway.png
/home/wang/rmf_ws/install/rmf_building_map_tools/share/rmf_building_map_tools/textures/concrete.png
/home/wang/rmf_ws/install/rmf_building_map_tools/share/rmf_building_map_tools/textures/wall.png
/home/wang/rmf_ws/install/rmf_building_map_tools/share/rmf_building_map_tools/textures/white_brick.png
/home/wang/rmf_ws/install/rmf_building_map_tools/share/rmf_building_map_tools/textures/arrows.png
/home/wang/rmf_ws/install/rmf_building_map_tools/share/rmf_building_map_tools/textures/white_beige_tiles.png
/home/wang/rmf_ws/install/rmf_building_map_tools/share/rmf_building_map_tools/textures/red_tiles.png
/home/wang/rmf_ws/install/rmf_building_map_tools/share/rmf_building_map_tools/textures/beige.png
/home/wang/rmf_ws/install/rmf_building_map_tools/share/rmf_building_map_tools/textures/blue_linoleum_high_contrast.png
/home/wang/rmf_ws/install/rmf_building_map_tools/share/rmf_building_map_tools/textures/metal.png
/home/wang/rmf_ws/install/rmf_building_map_tools/share/rmf_building_map_tools/textures/blue_linoleum.png
/home/wang/rmf_ws/install/rmf_building_map_tools/share/rmf_building_map_tools/textures/rubber_pieces.png
/home/wang/rmf_ws/install/rmf_building_map_tools/share/rmf_building_map_tools/textures/concrete4.png
/home/wang/rmf_ws/install/rmf_building_map_tools/share/rmf_building_map_tools/textures/gray_flooring.png
/home/wang/rmf_ws/install/rmf_building_map_tools/share/rmf_building_map_tools/textures/white_marble.png
/home/wang/rmf_ws/install/rmf_building_map_tools/share/rmf_building_map_tools/textures/beige_tiles.png
/home/wang/rmf_ws/install/rmf_building_map_tools/lib/python3.10/site-packages/rmf_building_map_tools-1.6.1-py3.10.egg-info/PKG-INFO
/home/wang/rmf_ws/install/rmf_building_map_tools/lib/python3.10/site-packages/rmf_building_map_tools-1.6.1-py3.10.egg-info/dependency_links.txt
/home/wang/rmf_ws/install/rmf_building_map_tools/lib/python3.10/site-packages/rmf_building_map_tools-1.6.1-py3.10.egg-info/entry_points.txt
/home/wang/rmf_ws/install/rmf_building_map_tools/lib/python3.10/site-packages/rmf_building_map_tools-1.6.1-py3.10.egg-info/requires.txt
/home/wang/rmf_ws/install/rmf_building_map_tools/lib/python3.10/site-packages/rmf_building_map_tools-1.6.1-py3.10.egg-info/SOURCES.txt
/home/wang/rmf_ws/install/rmf_building_map_tools/lib/python3.10/site-packages/rmf_building_map_tools-1.6.1-py3.10.egg-info/top_level.txt
/home/wang/rmf_ws/install/rmf_building_map_tools/lib/python3.10/site-packages/rmf_building_map_tools-1.6.1-py3.10.egg-info/zip-safe
/home/wang/rmf_ws/install/rmf_building_map_tools/lib/rmf_building_map_tools/building_crowdsim
/home/wang/rmf_ws/install/rmf_building_map_tools/lib/rmf_building_map_tools/building_map_converter
/home/wang/rmf_ws/install/rmf_building_map_tools/lib/rmf_building_map_tools/building_map_generator
/home/wang/rmf_ws/install/rmf_building_map_tools/lib/rmf_building_map_tools/building_map_model_downloader
/home/wang/rmf_ws/install/rmf_building_map_tools/lib/rmf_building_map_tools/building_map_server
/home/wang/rmf_ws/install/rmf_building_map_tools/lib/rmf_building_map_tools/model_downloader
