[0.015s] Invoking command in '/home/wang/rmf_ws/build/rmf_visualization_schedule': AMENT_PREFIX_PATH=/home/wang/rmf_ws/install/rmf_traffic_ros2:/home/wang/rmf_ws/install/rmf_visualization_msgs:/home/wang/rmf_ws/install/rmf_traffic_msgs:/home/wang/rmf_ws/install/rmf_site_map_msgs:/home/wang/rmf_ws/install/rmf_fleet_msgs:/home/wang/rmf_ws/install/rmf_building_map_msgs:${AMENT_PREFIX_PATH} CMAKE_PREFIX_PATH=/home/wang/rmf_ws/install/rmf_traffic_ros2:/home/wang/rmf_ws/install/rmf_traffic:/home/wang/rmf_ws/install/rmf_utils:/home/wang/rmf_ws/install/rmf_visualization_msgs:/home/wang/rmf_ws/install/rmf_traffic_msgs:/home/wang/rmf_ws/install/rmf_site_map_msgs:/home/wang/rmf_ws/install/rmf_fleet_msgs:/home/wang/rmf_ws/install/rmf_building_map_msgs:/opt/ros/humble LD_LIBRARY_PATH=/home/wang/rmf_ws/install/rmf_traffic_ros2/lib:/home/wang/rmf_ws/install/rmf_traffic/lib:/home/wang/rmf_ws/install/rmf_utils/lib:/home/wang/rmf_ws/install/rmf_visualization_msgs/lib:/home/wang/rmf_ws/install/rmf_traffic_msgs/lib:/home/wang/rmf_ws/install/rmf_site_map_msgs/lib:/home/wang/rmf_ws/install/rmf_fleet_msgs/lib:/home/wang/rmf_ws/install/rmf_building_map_msgs/lib:${LD_LIBRARY_PATH} PKG_CONFIG_PATH=/home/wang/rmf_ws/install/rmf_traffic/lib/x86_64-linux-gnu/pkgconfig:/home/wang/rmf_ws/install/rmf_traffic/lib/pkgconfig:/home/wang/rmf_ws/install/rmf_utils/lib/x86_64-linux-gnu/pkgconfig:/home/wang/rmf_ws/install/rmf_utils/lib/pkgconfig PYTHONPATH=/home/wang/rmf_ws/install/rmf_visualization_msgs/local/lib/python3.10/dist-packages:/home/wang/rmf_ws/install/rmf_traffic_msgs/local/lib/python3.10/dist-packages:/home/wang/rmf_ws/install/rmf_site_map_msgs/local/lib/python3.10/dist-packages:/home/wang/rmf_ws/install/rmf_fleet_msgs/local/lib/python3.10/dist-packages:/home/wang/rmf_ws/install/rmf_building_map_msgs/local/lib/python3.10/dist-packages:${PYTHONPATH} /home/wang/.local/bin/cmake /home/wang/rmf_ws/src/rmf/rmf_visualization/rmf_visualization_schedule -DCMAKE_EXE_LINKER_FLAGS=-fuse-ld=lld -DCMAKE_MODULE_LINKER_FLAGS=-fuse-ld=lld -DCMAKE_SHARED_LINKER_FLAGS=-fuse-ld=lld -DCMAKE_BUILD_TYPE=Release -DCMAKE_INSTALL_PREFIX=/home/wang/rmf_ws/install/rmf_visualization_schedule
[0.091s] -- The C compiler identification is Clang 14.0.0
[0.202s] -- The CXX compiler identification is Clang 14.0.0
[0.221s] -- Detecting C compiler ABI info
[0.305s] -- Detecting C compiler ABI info - done
[0.311s] -- Check for working C compiler: /usr/bin/clang - skipped
[0.312s] -- Detecting C compile features
[0.312s] -- Detecting C compile features - done
[0.315s] -- Detecting CXX compiler ABI info
[0.403s] -- Detecting CXX compiler ABI info - done
[0.410s] -- Check for working CXX compiler: /usr/bin/clang++ - skipped
[0.410s] -- Detecting CXX compile features
[0.411s] -- Detecting CXX compile features - done
[0.414s] -- Found ament_cmake: 1.3.5 (/opt/ros/humble/share/ament_cmake/cmake)
[0.691s] -- Found Python3: /usr/bin/python3.10 (found version "3.10.6") found components: Interpreter 
[0.775s] -- Found eigen3_cmake_module: 0.1.1 (/opt/ros/humble/share/eigen3_cmake_module/cmake)
[0.784s] -- Found Eigen3: TRUE (found version "3.4.0") 
[0.786s] -- Performing Test CMAKE_HAVE_LIBC_PTHREAD
[0.873s] -- Performing Test CMAKE_HAVE_LIBC_PTHREAD - Success
[0.873s] -- Found Threads: TRUE  
[0.874s] -- Found rmf_traffic_ros2: 2.1.6 (/home/wang/rmf_ws/install/rmf_traffic_ros2/share/rmf_traffic_ros2/cmake)
[0.877s] -- Found PkgConfig: /usr/bin/pkg-config (found version "0.29.2") 
[0.878s] -- Checking for module 'proj'
[0.885s] --   Found proj, version 8.2.1
[0.999s] -- Found rosidl_generator_c: 3.1.4 (/opt/ros/humble/share/rosidl_generator_c/cmake)
[1.003s] -- Found rosidl_adapter: 3.1.4 (/opt/ros/humble/share/rosidl_adapter/cmake)
[1.011s] -- Found rosidl_generator_cpp: 3.1.4 (/opt/ros/humble/share/rosidl_generator_cpp/cmake)
[1.025s] -- Using all available rosidl_typesupport_c: rosidl_typesupport_fastrtps_c;rosidl_typesupport_introspection_c
[1.044s] -- Using all available rosidl_typesupport_cpp: rosidl_typesupport_fastrtps_cpp;rosidl_typesupport_introspection_cpp
[1.112s] -- Found rmw_implementation_cmake: 6.1.1 (/opt/ros/humble/share/rmw_implementation_cmake/cmake)
[1.115s] -- Found rmw_fastrtps_cpp: 6.2.2 (/opt/ros/humble/share/rmw_fastrtps_cpp/cmake)
[1.199s] -- Found OpenSSL: /usr/lib/x86_64-linux-gnu/libcrypto.so (found version "3.0.2")  
[1.223s] -- Found FastRTPS: /opt/ros/humble/include  
[1.263s] -- Using RMW implementation 'rmw_fastrtps_cpp' as default
[1.634s] -- Found rclcpp_components: 16.0.4 (/opt/ros/humble/share/rclcpp_components/cmake)
[1.704s] -- Found visualization_msgs: 4.2.3 (/opt/ros/humble/share/visualization_msgs/cmake)
[1.904s] -- Found rosidl_default_generators: 1.2.0 (/opt/ros/humble/share/rosidl_default_generators/cmake)
[1.913s] -- Found rmf_visualization_msgs: 1.2.1 (/home/wang/rmf_ws/install/rmf_visualization_msgs/share/rmf_visualization_msgs/cmake)
[1.948s] -- Found ament_cmake_uncrustify: 0.12.6 (/opt/ros/humble/share/ament_cmake_uncrustify/cmake)
[2.152s] -- Configuring done (2.1s)
[2.448s] -- Generating done (0.2s)
[2.451s] -- Build files have been written to: /home/wang/rmf_ws/build/rmf_visualization_schedule
[2.473s] Invoked command in '/home/wang/rmf_ws/build/rmf_visualization_schedule' returned '0': AMENT_PREFIX_PATH=/home/wang/rmf_ws/install/rmf_traffic_ros2:/home/wang/rmf_ws/install/rmf_visualization_msgs:/home/wang/rmf_ws/install/rmf_traffic_msgs:/home/wang/rmf_ws/install/rmf_site_map_msgs:/home/wang/rmf_ws/install/rmf_fleet_msgs:/home/wang/rmf_ws/install/rmf_building_map_msgs:${AMENT_PREFIX_PATH} CMAKE_PREFIX_PATH=/home/wang/rmf_ws/install/rmf_traffic_ros2:/home/wang/rmf_ws/install/rmf_traffic:/home/wang/rmf_ws/install/rmf_utils:/home/wang/rmf_ws/install/rmf_visualization_msgs:/home/wang/rmf_ws/install/rmf_traffic_msgs:/home/wang/rmf_ws/install/rmf_site_map_msgs:/home/wang/rmf_ws/install/rmf_fleet_msgs:/home/wang/rmf_ws/install/rmf_building_map_msgs:/opt/ros/humble LD_LIBRARY_PATH=/home/wang/rmf_ws/install/rmf_traffic_ros2/lib:/home/wang/rmf_ws/install/rmf_traffic/lib:/home/wang/rmf_ws/install/rmf_utils/lib:/home/wang/rmf_ws/install/rmf_visualization_msgs/lib:/home/wang/rmf_ws/install/rmf_traffic_msgs/lib:/home/wang/rmf_ws/install/rmf_site_map_msgs/lib:/home/wang/rmf_ws/install/rmf_fleet_msgs/lib:/home/wang/rmf_ws/install/rmf_building_map_msgs/lib:${LD_LIBRARY_PATH} PKG_CONFIG_PATH=/home/wang/rmf_ws/install/rmf_traffic/lib/x86_64-linux-gnu/pkgconfig:/home/wang/rmf_ws/install/rmf_traffic/lib/pkgconfig:/home/wang/rmf_ws/install/rmf_utils/lib/x86_64-linux-gnu/pkgconfig:/home/wang/rmf_ws/install/rmf_utils/lib/pkgconfig PYTHONPATH=/home/wang/rmf_ws/install/rmf_visualization_msgs/local/lib/python3.10/dist-packages:/home/wang/rmf_ws/install/rmf_traffic_msgs/local/lib/python3.10/dist-packages:/home/wang/rmf_ws/install/rmf_site_map_msgs/local/lib/python3.10/dist-packages:/home/wang/rmf_ws/install/rmf_fleet_msgs/local/lib/python3.10/dist-packages:/home/wang/rmf_ws/install/rmf_building_map_msgs/local/lib/python3.10/dist-packages:${PYTHONPATH} /home/wang/.local/bin/cmake /home/wang/rmf_ws/src/rmf/rmf_visualization/rmf_visualization_schedule -DCMAKE_EXE_LINKER_FLAGS=-fuse-ld=lld -DCMAKE_MODULE_LINKER_FLAGS=-fuse-ld=lld -DCMAKE_SHARED_LINKER_FLAGS=-fuse-ld=lld -DCMAKE_BUILD_TYPE=Release -DCMAKE_INSTALL_PREFIX=/home/wang/rmf_ws/install/rmf_visualization_schedule
[2.476s] Invoking command in '/home/wang/rmf_ws/build/rmf_visualization_schedule': AMENT_PREFIX_PATH=/home/wang/rmf_ws/install/rmf_traffic_ros2:/home/wang/rmf_ws/install/rmf_visualization_msgs:/home/wang/rmf_ws/install/rmf_traffic_msgs:/home/wang/rmf_ws/install/rmf_site_map_msgs:/home/wang/rmf_ws/install/rmf_fleet_msgs:/home/wang/rmf_ws/install/rmf_building_map_msgs:${AMENT_PREFIX_PATH} CMAKE_PREFIX_PATH=/home/wang/rmf_ws/install/rmf_traffic_ros2:/home/wang/rmf_ws/install/rmf_traffic:/home/wang/rmf_ws/install/rmf_utils:/home/wang/rmf_ws/install/rmf_visualization_msgs:/home/wang/rmf_ws/install/rmf_traffic_msgs:/home/wang/rmf_ws/install/rmf_site_map_msgs:/home/wang/rmf_ws/install/rmf_fleet_msgs:/home/wang/rmf_ws/install/rmf_building_map_msgs:/opt/ros/humble LD_LIBRARY_PATH=/home/wang/rmf_ws/install/rmf_traffic_ros2/lib:/home/wang/rmf_ws/install/rmf_traffic/lib:/home/wang/rmf_ws/install/rmf_utils/lib:/home/wang/rmf_ws/install/rmf_visualization_msgs/lib:/home/wang/rmf_ws/install/rmf_traffic_msgs/lib:/home/wang/rmf_ws/install/rmf_site_map_msgs/lib:/home/wang/rmf_ws/install/rmf_fleet_msgs/lib:/home/wang/rmf_ws/install/rmf_building_map_msgs/lib:${LD_LIBRARY_PATH} PKG_CONFIG_PATH=/home/wang/rmf_ws/install/rmf_traffic/lib/x86_64-linux-gnu/pkgconfig:/home/wang/rmf_ws/install/rmf_traffic/lib/pkgconfig:/home/wang/rmf_ws/install/rmf_utils/lib/x86_64-linux-gnu/pkgconfig:/home/wang/rmf_ws/install/rmf_utils/lib/pkgconfig PYTHONPATH=/home/wang/rmf_ws/install/rmf_visualization_msgs/local/lib/python3.10/dist-packages:/home/wang/rmf_ws/install/rmf_traffic_msgs/local/lib/python3.10/dist-packages:/home/wang/rmf_ws/install/rmf_site_map_msgs/local/lib/python3.10/dist-packages:/home/wang/rmf_ws/install/rmf_fleet_msgs/local/lib/python3.10/dist-packages:/home/wang/rmf_ws/install/rmf_building_map_msgs/local/lib/python3.10/dist-packages:${PYTHONPATH} /home/wang/.local/bin/cmake --build /home/wang/rmf_ws/build/rmf_visualization_schedule -- -j16 -l16
[2.523s] [ 11%] [32mBuilding CXX object CMakeFiles/schedule_visualizer_node.dir/rclcpp_components/node_main_schedule_visualizer_node.cpp.o[0m
[2.524s] [ 22%] [32mBuilding CXX object test/CMakeFiles/test_submit_trajectory.dir/SubmitTrajectory.cpp.o[0m
[2.524s] [ 33%] [32mBuilding CXX object CMakeFiles/rmf_visualization_schedule.dir/src/rmf_visualization_schedule/ScheduleDataNode.cpp.o[0m
[2.526s] [ 44%] [32mBuilding CXX object CMakeFiles/rmf_visualization_schedule.dir/src/rmf_visualization_schedule/TrajectoryServer.cpp.o[0m
[3.433s] In file included from /home/wang/rmf_ws/src/rmf/rmf_visualization/rmf_visualization_schedule/src/rmf_visualization_schedule/TrajectoryServer.cpp:18:
[3.433s] In file included from /home/wang/rmf_ws/src/rmf/rmf_visualization/rmf_visualization_schedule/include/jwt/jwt.hpp:37:
[3.433s] [1m/home/wang/rmf_ws/src/rmf/rmf_visualization/rmf_visualization_schedule/include/jwt/algorithm.hpp:288:12: [0m[0;1;35mwarning: [0m[1m'EC_KEY_free' is deprecated [-Wdeprecated-declarations][0m
[3.433s]   if (ptr) EC_KEY_free(ptr);
[3.433s] [0;1;32m           ^
[3.433s] [0m[1m/usr/include/openssl/ec.h:1003:1: [0m[0;1;30mnote: [0m'EC_KEY_free' has been explicitly marked deprecated here[0m
[3.434s] OSSL_DEPRECATEDIN_3_0 void EC_KEY_free(EC_KEY *key);
[3.434s] [0;1;32m^
[3.434s] [0m[1m/usr/include/openssl/macros.h:182:49: [0m[0;1;30mnote: [0mexpanded from macro 'OSSL_DEPRECATEDIN_3_0'[0m
[3.434s] #   define OSSL_DEPRECATEDIN_3_0                OSSL_DEPRECATED(3.0)
[3.434s] [0;1;32m                                                ^
[3.434s] [0m[1m/usr/include/openssl/macros.h:62:52: [0m[0;1;30mnote: [0mexpanded from macro 'OSSL_DEPRECATED'[0m
[3.434s] #     define OSSL_DEPRECATED(since) __attribute__((deprecated))
[3.434s] [0;1;32m                                                   ^
[3.475s] [0mIn file included from /home/wang/rmf_ws/src/rmf/rmf_visualization/rmf_visualization_schedule/src/rmf_visualization_schedule/TrajectoryServer.cpp:18:
[3.475s] In file included from /home/wang/rmf_ws/src/rmf/rmf_visualization/rmf_visualization_schedule/include/jwt/jwt.hpp:37:
[3.475s] In file included from /home/wang/rmf_ws/src/rmf/rmf_visualization/rmf_visualization_schedule/include/jwt/algorithm.hpp:554:
[3.475s] [1m/home/wang/rmf_ws/src/rmf/rmf_visualization/rmf_visualization_schedule/include/jwt/impl/algorithm.ipp:113:24: [0m[0;1;35mwarning: [0m[1m'EVP_PKEY_get1_EC_KEY' is deprecated [-Wdeprecated-declarations][0m
[3.476s]     EC_KEY_uptr ec_key{EVP_PKEY_get1_EC_KEY(pkey.get()), ec_key_deletor};
[3.476s] [0;1;32m                       ^
[3.476s] [0m[1m/usr/include/openssl/evp.h:1373:1: [0m[0;1;30mnote: [0m'EVP_PKEY_get1_EC_KEY' has been explicitly marked deprecated here[0m
[3.476s] OSSL_DEPRECATEDIN_3_0
[3.476s] [0;1;32m^
[3.476s] [0m[1m/usr/include/openssl/macros.h:182:49: [0m[0;1;30mnote: [0mexpanded from macro 'OSSL_DEPRECATEDIN_3_0'[0m
[3.476s] #   define OSSL_DEPRECATEDIN_3_0                OSSL_DEPRECATED(3.0)
[3.476s] [0;1;32m                                                ^
[3.476s] [0m[1m/usr/include/openssl/macros.h:62:52: [0m[0;1;30mnote: [0mexpanded from macro 'OSSL_DEPRECATED'[0m
[3.476s] #     define OSSL_DEPRECATED(since) __attribute__((deprecated))
[3.476s] [0;1;32m                                                   ^
[3.477s] [0mIn file included from /home/wang/rmf_ws/src/rmf/rmf_visualization/rmf_visualization_schedule/src/rmf_visualization_schedule/TrajectoryServer.cpp:18:
[3.477s] In file included from /home/wang/rmf_ws/src/rmf/rmf_visualization/rmf_visualization_schedule/include/jwt/jwt.hpp:37:
[3.477s] In file included from /home/wang/rmf_ws/src/rmf/rmf_visualization/rmf_visualization_schedule/include/jwt/algorithm.hpp:554:
[3.477s] [1m/home/wang/rmf_ws/src/rmf/rmf_visualization/rmf_visualization_schedule/include/jwt/impl/algorithm.ipp:119:9: [0m[0;1;35mwarning: [0m[1m'EC_KEY_get0_group' is deprecated [-Wdeprecated-declarations][0m
[3.477s]         EC_KEY_get0_group(ec_key.get()));
[3.477s] [0;1;32m        ^
[3.477s] [0m[1m/usr/include/openssl/ec.h:1034:1: [0m[0;1;30mnote: [0m'EC_KEY_get0_group' has been explicitly marked deprecated here[0m
[3.477s] OSSL_DEPRECATEDIN_3_0 const EC_GROUP *EC_KEY_get0_group(const EC_KEY *key);
[3.477s] [0;1;32m^
[3.477s] [0m[1m/usr/include/openssl/macros.h:182:49: [0m[0;1;30mnote: [0mexpanded from macro 'OSSL_DEPRECATEDIN_3_0'[0m
[3.477s] #   define OSSL_DEPRECATEDIN_3_0                OSSL_DEPRECATED(3.0)
[3.478s] [0;1;32m                                                ^
[3.478s] [0m[1m/usr/include/openssl/macros.h:62:52: [0m[0;1;30mnote: [0mexpanded from macro 'OSSL_DEPRECATED'[0m
[3.478s] #     define OSSL_DEPRECATED(since) __attribute__((deprecated))
[3.478s] [0;1;32m                                                   ^
[3.488s] [0mIn file included from /home/wang/rmf_ws/src/rmf/rmf_visualization/rmf_visualization_schedule/src/rmf_visualization_schedule/TrajectoryServer.cpp:18:
[3.488s] In file included from /home/wang/rmf_ws/src/rmf/rmf_visualization/rmf_visualization_schedule/include/jwt/jwt.hpp:37:
[3.488s] In file included from /home/wang/rmf_ws/src/rmf/rmf_visualization/rmf_visualization_schedule/include/jwt/algorithm.hpp:554:
[3.489s] [1m/home/wang/rmf_ws/src/rmf/rmf_visualization/rmf_visualization_schedule/include/jwt/impl/algorithm.ipp:264:22: [0m[0;1;35mwarning: [0m[1m'EVP_PKEY_get1_EC_KEY' is deprecated [-Wdeprecated-declarations][0m
[3.489s]   EC_KEY_uptr ec_key{EVP_PKEY_get1_EC_KEY(pkey), ec_key_deletor};
[3.489s] [0;1;32m                     ^
[3.489s] [0m[1m/usr/include/openssl/evp.h:1373:1: [0m[0;1;30mnote: [0m'EVP_PKEY_get1_EC_KEY' has been explicitly marked deprecated here[0m
[3.489s] OSSL_DEPRECATEDIN_3_0
[3.489s] [0;1;32m^
[3.489s] [0m[1m/usr/include/openssl/macros.h:182:49: [0m[0;1;30mnote: [0mexpanded from macro 'OSSL_DEPRECATEDIN_3_0'[0m
[3.489s] #   define OSSL_DEPRECATEDIN_3_0                OSSL_DEPRECATED(3.0)
[3.489s] [0;1;32m                                                ^
[3.489s] [0m[1m/usr/include/openssl/macros.h:62:52: [0m[0;1;30mnote: [0mexpanded from macro 'OSSL_DEPRECATED'[0m
[3.489s] #     define OSSL_DEPRECATED(since) __attribute__((deprecated))
[3.490s] [0;1;32m                                                   ^
[3.490s] [0mIn file included from /home/wang/rmf_ws/src/rmf/rmf_visualization/rmf_visualization_schedule/src/rmf_visualization_schedule/TrajectoryServer.cpp:18:
[3.490s] In file included from /home/wang/rmf_ws/src/rmf/rmf_visualization/rmf_visualization_schedule/include/jwt/jwt.hpp:37:
[3.490s] In file included from /home/wang/rmf_ws/src/rmf/rmf_visualization/rmf_visualization_schedule/include/jwt/algorithm.hpp:554:
[3.490s] [1m/home/wang/rmf_ws/src/rmf/rmf_visualization/rmf_visualization_schedule/include/jwt/impl/algorithm.ipp:271:41: [0m[0;1;35mwarning: [0m[1m'EC_KEY_get0_group' is deprecated [-Wdeprecated-declarations][0m
[3.490s]   uint32_t degree = EC_GROUP_get_degree(EC_KEY_get0_group(ec_key.get()));
[3.490s] [0;1;32m                                        ^
[3.490s] [0m[1m/usr/include/openssl/ec.h:1034:1: [0m[0;1;30mnote: [0m'EC_KEY_get0_group' has been explicitly marked deprecated here[0m
[3.490s] OSSL_DEPRECATEDIN_3_0 const EC_GROUP *EC_KEY_get0_group(const EC_KEY *key);
[3.490s] [0;1;32m^
[3.491s] [0m[1m/usr/include/openssl/macros.h:182:49: [0m[0;1;30mnote: [0mexpanded from macro 'OSSL_DEPRECATEDIN_3_0'[0m
[3.491s] #   define OSSL_DEPRECATEDIN_3_0                OSSL_DEPRECATED(3.0)
[3.491s] [0;1;32m                                                ^
[3.491s] [0m[1m/usr/include/openssl/macros.h:62:52: [0m[0;1;30mnote: [0mexpanded from macro 'OSSL_DEPRECATED'[0m
[3.491s] #     define OSSL_DEPRECATED(since) __attribute__((deprecated))
[3.491s] [0;1;32m                                                   ^
[5.823s] [ 55%] [32m[1mLinking CXX executable schedule_visualizer_node[0m
[5.895s] [ 55%] Built target schedule_visualizer_node
[8.958s] [ 66%] [32m[1mLinking CXX executable test_submit_trajectory[0m
[9.074s] [ 66%] Built target test_submit_trajectory
[24.253s] [0m5 warnings generated.
[24.272s] [ 77%] [32m[1mLinking CXX shared library librmf_visualization_schedule.so[0m
[24.367s] [ 77%] Built target rmf_visualization_schedule
[24.388s] [ 88%] [32mBuilding CXX object CMakeFiles/schedule_visualizer.dir/src/ScheduleVisualizer.cpp.o[0m
[34.986s] [100%] [32m[1mLinking CXX shared library libschedule_visualizer.so[0m
[35.082s] [100%] Built target schedule_visualizer
[35.089s] Invoked command in '/home/wang/rmf_ws/build/rmf_visualization_schedule' returned '0': AMENT_PREFIX_PATH=/home/wang/rmf_ws/install/rmf_traffic_ros2:/home/wang/rmf_ws/install/rmf_visualization_msgs:/home/wang/rmf_ws/install/rmf_traffic_msgs:/home/wang/rmf_ws/install/rmf_site_map_msgs:/home/wang/rmf_ws/install/rmf_fleet_msgs:/home/wang/rmf_ws/install/rmf_building_map_msgs:${AMENT_PREFIX_PATH} CMAKE_PREFIX_PATH=/home/wang/rmf_ws/install/rmf_traffic_ros2:/home/wang/rmf_ws/install/rmf_traffic:/home/wang/rmf_ws/install/rmf_utils:/home/wang/rmf_ws/install/rmf_visualization_msgs:/home/wang/rmf_ws/install/rmf_traffic_msgs:/home/wang/rmf_ws/install/rmf_site_map_msgs:/home/wang/rmf_ws/install/rmf_fleet_msgs:/home/wang/rmf_ws/install/rmf_building_map_msgs:/opt/ros/humble LD_LIBRARY_PATH=/home/wang/rmf_ws/install/rmf_traffic_ros2/lib:/home/wang/rmf_ws/install/rmf_traffic/lib:/home/wang/rmf_ws/install/rmf_utils/lib:/home/wang/rmf_ws/install/rmf_visualization_msgs/lib:/home/wang/rmf_ws/install/rmf_traffic_msgs/lib:/home/wang/rmf_ws/install/rmf_site_map_msgs/lib:/home/wang/rmf_ws/install/rmf_fleet_msgs/lib:/home/wang/rmf_ws/install/rmf_building_map_msgs/lib:${LD_LIBRARY_PATH} PKG_CONFIG_PATH=/home/wang/rmf_ws/install/rmf_traffic/lib/x86_64-linux-gnu/pkgconfig:/home/wang/rmf_ws/install/rmf_traffic/lib/pkgconfig:/home/wang/rmf_ws/install/rmf_utils/lib/x86_64-linux-gnu/pkgconfig:/home/wang/rmf_ws/install/rmf_utils/lib/pkgconfig PYTHONPATH=/home/wang/rmf_ws/install/rmf_visualization_msgs/local/lib/python3.10/dist-packages:/home/wang/rmf_ws/install/rmf_traffic_msgs/local/lib/python3.10/dist-packages:/home/wang/rmf_ws/install/rmf_site_map_msgs/local/lib/python3.10/dist-packages:/home/wang/rmf_ws/install/rmf_fleet_msgs/local/lib/python3.10/dist-packages:/home/wang/rmf_ws/install/rmf_building_map_msgs/local/lib/python3.10/dist-packages:${PYTHONPATH} /home/wang/.local/bin/cmake --build /home/wang/rmf_ws/build/rmf_visualization_schedule -- -j16 -l16
[35.133s] Invoking command in '/home/wang/rmf_ws/build/rmf_visualization_schedule': AMENT_PREFIX_PATH=/home/wang/rmf_ws/install/rmf_traffic_ros2:/home/wang/rmf_ws/install/rmf_visualization_msgs:/home/wang/rmf_ws/install/rmf_traffic_msgs:/home/wang/rmf_ws/install/rmf_site_map_msgs:/home/wang/rmf_ws/install/rmf_fleet_msgs:/home/wang/rmf_ws/install/rmf_building_map_msgs:${AMENT_PREFIX_PATH} CMAKE_PREFIX_PATH=/home/wang/rmf_ws/install/rmf_traffic_ros2:/home/wang/rmf_ws/install/rmf_traffic:/home/wang/rmf_ws/install/rmf_utils:/home/wang/rmf_ws/install/rmf_visualization_msgs:/home/wang/rmf_ws/install/rmf_traffic_msgs:/home/wang/rmf_ws/install/rmf_site_map_msgs:/home/wang/rmf_ws/install/rmf_fleet_msgs:/home/wang/rmf_ws/install/rmf_building_map_msgs:/opt/ros/humble LD_LIBRARY_PATH=/home/wang/rmf_ws/install/rmf_traffic_ros2/lib:/home/wang/rmf_ws/install/rmf_traffic/lib:/home/wang/rmf_ws/install/rmf_utils/lib:/home/wang/rmf_ws/install/rmf_visualization_msgs/lib:/home/wang/rmf_ws/install/rmf_traffic_msgs/lib:/home/wang/rmf_ws/install/rmf_site_map_msgs/lib:/home/wang/rmf_ws/install/rmf_fleet_msgs/lib:/home/wang/rmf_ws/install/rmf_building_map_msgs/lib:${LD_LIBRARY_PATH} PKG_CONFIG_PATH=/home/wang/rmf_ws/install/rmf_traffic/lib/x86_64-linux-gnu/pkgconfig:/home/wang/rmf_ws/install/rmf_traffic/lib/pkgconfig:/home/wang/rmf_ws/install/rmf_utils/lib/x86_64-linux-gnu/pkgconfig:/home/wang/rmf_ws/install/rmf_utils/lib/pkgconfig PYTHONPATH=/home/wang/rmf_ws/install/rmf_visualization_msgs/local/lib/python3.10/dist-packages:/home/wang/rmf_ws/install/rmf_traffic_msgs/local/lib/python3.10/dist-packages:/home/wang/rmf_ws/install/rmf_site_map_msgs/local/lib/python3.10/dist-packages:/home/wang/rmf_ws/install/rmf_fleet_msgs/local/lib/python3.10/dist-packages:/home/wang/rmf_ws/install/rmf_building_map_msgs/local/lib/python3.10/dist-packages:${PYTHONPATH} /home/wang/.local/bin/cmake --install /home/wang/rmf_ws/build/rmf_visualization_schedule
[35.152s] -- Install configuration: "Release"
[35.152s] -- Installing: /home/wang/rmf_ws/install/rmf_visualization_schedule/share/rmf_visualization_schedule/environment/library_path.sh
[35.152s] -- Installing: /home/wang/rmf_ws/install/rmf_visualization_schedule/share/rmf_visualization_schedule/environment/library_path.dsv
[35.152s] -- Installing: /home/wang/rmf_ws/install/rmf_visualization_schedule/lib/rmf_visualization_schedule/schedule_visualizer_node
[35.153s] -- Set runtime path of "/home/wang/rmf_ws/install/rmf_visualization_schedule/lib/rmf_visualization_schedule/schedule_visualizer_node" to ""
[35.153s] -- Installing: /home/wang/rmf_ws/install/rmf_visualization_schedule/include
[35.153s] -- Installing: /home/wang/rmf_ws/install/rmf_visualization_schedule/include/jwt
[35.153s] -- Installing: /home/wang/rmf_ws/install/rmf_visualization_schedule/include/jwt/detail
[35.153s] -- Installing: /home/wang/rmf_ws/install/rmf_visualization_schedule/include/jwt/detail/meta.hpp
[35.153s] -- Installing: /home/wang/rmf_ws/install/rmf_visualization_schedule/include/jwt/jwt.hpp
[35.153s] -- Installing: /home/wang/rmf_ws/install/rmf_visualization_schedule/include/jwt/string_view.hpp
[35.153s] -- Installing: /home/wang/rmf_ws/install/rmf_visualization_schedule/include/jwt/parameters.hpp
[35.153s] -- Installing: /home/wang/rmf_ws/install/rmf_visualization_schedule/include/jwt/algorithm.hpp
[35.153s] -- Installing: /home/wang/rmf_ws/install/rmf_visualization_schedule/include/jwt/exceptions.hpp
[35.153s] -- Installing: /home/wang/rmf_ws/install/rmf_visualization_schedule/include/jwt/assertions.hpp
[35.153s] -- Installing: /home/wang/rmf_ws/install/rmf_visualization_schedule/include/jwt/short_string.hpp
[35.153s] -- Installing: /home/wang/rmf_ws/install/rmf_visualization_schedule/include/jwt/impl
[35.153s] -- Installing: /home/wang/rmf_ws/install/rmf_visualization_schedule/include/jwt/impl/jwt.ipp
[35.153s] -- Installing: /home/wang/rmf_ws/install/rmf_visualization_schedule/include/jwt/impl/error_codes.ipp
[35.154s] -- Installing: /home/wang/rmf_ws/install/rmf_visualization_schedule/include/jwt/impl/algorithm.ipp
[35.154s] -- Installing: /home/wang/rmf_ws/install/rmf_visualization_schedule/include/jwt/impl/string_view.ipp
[35.154s] -- Installing: /home/wang/rmf_ws/install/rmf_visualization_schedule/include/jwt/impl/stack_alloc.ipp
[35.154s] -- Installing: /home/wang/rmf_ws/install/rmf_visualization_schedule/include/jwt/config.hpp
[35.154s] -- Installing: /home/wang/rmf_ws/install/rmf_visualization_schedule/include/jwt/json
[35.154s] -- Installing: /home/wang/rmf_ws/install/rmf_visualization_schedule/include/jwt/json/json.hpp
[35.154s] -- Installing: /home/wang/rmf_ws/install/rmf_visualization_schedule/include/jwt/stack_alloc.hpp
[35.154s] -- Installing: /home/wang/rmf_ws/install/rmf_visualization_schedule/include/jwt/base64.hpp
[35.154s] -- Installing: /home/wang/rmf_ws/install/rmf_visualization_schedule/include/jwt/error_codes.hpp
[35.154s] -- Installing: /home/wang/rmf_ws/install/rmf_visualization_schedule/include/json.hpp
[35.155s] -- Installing: /home/wang/rmf_ws/install/rmf_visualization_schedule/include/rmf_visualization_schedule
[35.155s] -- Installing: /home/wang/rmf_ws/install/rmf_visualization_schedule/include/rmf_visualization_schedule/TrajectoryServer.hpp
[35.155s] -- Installing: /home/wang/rmf_ws/install/rmf_visualization_schedule/include/rmf_visualization_schedule/CommonData.hpp
[35.155s] -- Installing: /home/wang/rmf_ws/install/rmf_visualization_schedule/include/rmf_visualization_schedule/ScheduleDataNode.hpp
[35.155s] -- Installing: /home/wang/rmf_ws/install/rmf_visualization_schedule/share/rmf_visualization_schedule/config
[35.155s] -- Installing: /home/wang/rmf_ws/install/rmf_visualization_schedule/share/rmf_visualization_schedule/config/rmf.rviz
[35.155s] -- Installing: /home/wang/rmf_ws/install/rmf_visualization_schedule/lib/librmf_visualization_schedule.so
[35.158s] -- Set runtime path of "/home/wang/rmf_ws/install/rmf_visualization_schedule/lib/librmf_visualization_schedule.so" to ""
[35.158s] -- Installing: /home/wang/rmf_ws/install/rmf_visualization_schedule/lib/libschedule_visualizer.so
[35.159s] -- Set runtime path of "/home/wang/rmf_ws/install/rmf_visualization_schedule/lib/libschedule_visualizer.so" to ""
[35.159s] -- Installing: /home/wang/rmf_ws/install/rmf_visualization_schedule/share/ament_index/resource_index/package_run_dependencies/rmf_visualization_schedule
[35.159s] -- Installing: /home/wang/rmf_ws/install/rmf_visualization_schedule/share/ament_index/resource_index/parent_prefix_path/rmf_visualization_schedule
[35.159s] -- Installing: /home/wang/rmf_ws/install/rmf_visualization_schedule/share/rmf_visualization_schedule/environment/ament_prefix_path.sh
[35.159s] -- Installing: /home/wang/rmf_ws/install/rmf_visualization_schedule/share/rmf_visualization_schedule/environment/ament_prefix_path.dsv
[35.159s] -- Installing: /home/wang/rmf_ws/install/rmf_visualization_schedule/share/rmf_visualization_schedule/environment/path.sh
[35.159s] -- Installing: /home/wang/rmf_ws/install/rmf_visualization_schedule/share/rmf_visualization_schedule/environment/path.dsv
[35.159s] -- Installing: /home/wang/rmf_ws/install/rmf_visualization_schedule/share/rmf_visualization_schedule/local_setup.bash
[35.159s] -- Installing: /home/wang/rmf_ws/install/rmf_visualization_schedule/share/rmf_visualization_schedule/local_setup.sh
[35.159s] -- Installing: /home/wang/rmf_ws/install/rmf_visualization_schedule/share/rmf_visualization_schedule/local_setup.zsh
[35.159s] -- Installing: /home/wang/rmf_ws/install/rmf_visualization_schedule/share/rmf_visualization_schedule/local_setup.dsv
[35.160s] -- Installing: /home/wang/rmf_ws/install/rmf_visualization_schedule/share/rmf_visualization_schedule/package.dsv
[35.160s] -- Installing: /home/wang/rmf_ws/install/rmf_visualization_schedule/share/ament_index/resource_index/packages/rmf_visualization_schedule
[35.160s] -- Installing: /home/wang/rmf_ws/install/rmf_visualization_schedule/share/rmf_visualization_schedule/cmake/rmf_visualization_scheduleExport.cmake
[35.160s] -- Installing: /home/wang/rmf_ws/install/rmf_visualization_schedule/share/rmf_visualization_schedule/cmake/rmf_visualization_scheduleExport-release.cmake
[35.160s] -- Installing: /home/wang/rmf_ws/install/rmf_visualization_schedule/share/ament_index/resource_index/rclcpp_components/rmf_visualization_schedule
[35.160s] -- Installing: /home/wang/rmf_ws/install/rmf_visualization_schedule/share/rmf_visualization_schedule/cmake/ament_cmake_export_dependencies-extras.cmake
[35.160s] -- Installing: /home/wang/rmf_ws/install/rmf_visualization_schedule/share/rmf_visualization_schedule/cmake/ament_cmake_export_include_directories-extras.cmake
[35.160s] -- Installing: /home/wang/rmf_ws/install/rmf_visualization_schedule/share/rmf_visualization_schedule/cmake/ament_cmake_export_targets-extras.cmake
[35.160s] -- Installing: /home/wang/rmf_ws/install/rmf_visualization_schedule/share/rmf_visualization_schedule/cmake/rmf_visualization_scheduleConfig.cmake
[35.160s] -- Installing: /home/wang/rmf_ws/install/rmf_visualization_schedule/share/rmf_visualization_schedule/cmake/rmf_visualization_scheduleConfig-version.cmake
[35.160s] -- Installing: /home/wang/rmf_ws/install/rmf_visualization_schedule/share/rmf_visualization_schedule/package.xml
[35.161s] -- Installing: /home/wang/rmf_ws/install/rmf_visualization_schedule/lib/rmf_visualization_schedule/test_submit_trajectory
[35.161s] -- Set runtime path of "/home/wang/rmf_ws/install/rmf_visualization_schedule/lib/rmf_visualization_schedule/test_submit_trajectory" to ""
[35.167s] Invoked command in '/home/wang/rmf_ws/build/rmf_visualization_schedule' returned '0': AMENT_PREFIX_PATH=/home/wang/rmf_ws/install/rmf_traffic_ros2:/home/wang/rmf_ws/install/rmf_visualization_msgs:/home/wang/rmf_ws/install/rmf_traffic_msgs:/home/wang/rmf_ws/install/rmf_site_map_msgs:/home/wang/rmf_ws/install/rmf_fleet_msgs:/home/wang/rmf_ws/install/rmf_building_map_msgs:${AMENT_PREFIX_PATH} CMAKE_PREFIX_PATH=/home/wang/rmf_ws/install/rmf_traffic_ros2:/home/wang/rmf_ws/install/rmf_traffic:/home/wang/rmf_ws/install/rmf_utils:/home/wang/rmf_ws/install/rmf_visualization_msgs:/home/wang/rmf_ws/install/rmf_traffic_msgs:/home/wang/rmf_ws/install/rmf_site_map_msgs:/home/wang/rmf_ws/install/rmf_fleet_msgs:/home/wang/rmf_ws/install/rmf_building_map_msgs:/opt/ros/humble LD_LIBRARY_PATH=/home/wang/rmf_ws/install/rmf_traffic_ros2/lib:/home/wang/rmf_ws/install/rmf_traffic/lib:/home/wang/rmf_ws/install/rmf_utils/lib:/home/wang/rmf_ws/install/rmf_visualization_msgs/lib:/home/wang/rmf_ws/install/rmf_traffic_msgs/lib:/home/wang/rmf_ws/install/rmf_site_map_msgs/lib:/home/wang/rmf_ws/install/rmf_fleet_msgs/lib:/home/wang/rmf_ws/install/rmf_building_map_msgs/lib:${LD_LIBRARY_PATH} PKG_CONFIG_PATH=/home/wang/rmf_ws/install/rmf_traffic/lib/x86_64-linux-gnu/pkgconfig:/home/wang/rmf_ws/install/rmf_traffic/lib/pkgconfig:/home/wang/rmf_ws/install/rmf_utils/lib/x86_64-linux-gnu/pkgconfig:/home/wang/rmf_ws/install/rmf_utils/lib/pkgconfig PYTHONPATH=/home/wang/rmf_ws/install/rmf_visualization_msgs/local/lib/python3.10/dist-packages:/home/wang/rmf_ws/install/rmf_traffic_msgs/local/lib/python3.10/dist-packages:/home/wang/rmf_ws/install/rmf_site_map_msgs/local/lib/python3.10/dist-packages:/home/wang/rmf_ws/install/rmf_fleet_msgs/local/lib/python3.10/dist-packages:/home/wang/rmf_ws/install/rmf_building_map_msgs/local/lib/python3.10/dist-packages:${PYTHONPATH} /home/wang/.local/bin/cmake --install /home/wang/rmf_ws/build/rmf_visualization_schedule
