-- The C compiler identification is Clang 14.0.0
-- The CXX compiler identification is Clang 14.0.0
-- Detecting C compiler ABI info
-- Detecting C compiler ABI info - done
-- Check for working C compiler: /usr/bin/clang - skipped
-- Detecting C compile features
-- Detecting C compile features - done
-- Detecting CXX compiler ABI info
-- Detecting CXX compiler ABI info - done
-- Check for working CXX compiler: /usr/bin/clang++ - skipped
-- Detecting CXX compile features
-- Detecting CXX compile features - done
-- Found ament_cmake: 1.3.5 (/opt/ros/humble/share/ament_cmake/cmake)
-- Found Python3: /usr/bin/python3.10 (found version "3.10.6") found components: Interpreter 
-- Found nlohmann_json: /usr/lib/cmake/nlohmann_json/nlohmann_jsonConfig.cmake (found version "3.10.5") 
-- Found pybind11_vendor: 2.4.2 (/opt/ros/humble/share/pybind11_vendor/cmake)
-- Performing Test HAS_FLTO
-- Performing Test HAS_FLTO - Success
-- Performing Test HAS_FLTO_THIN
-- Performing Test HAS_FLTO_THIN - Success
-- Found pybind11: /usr/include (found version "2.9.1")
-- Configuring done (2.4s)
-- Generating done (0.0s)
-- Build files have been written to: /home/wang/rmf_ws/build/pybind11_json_vendor
正克隆到 'pybind11_json-0fbbe3bbb27bd07a5ec7d71cbb1f17eaf4d37702'...
[ 12%] [34m[1mCreating directories for 'pybind11_json-0fbbe3bbb27bd07a5ec7d71cbb1f17eaf4d37702'[0m
[ 25%] [34m[1mPerforming download step (git clone) for 'pybind11_json-0fbbe3bbb27bd07a5ec7d71cbb1f17eaf4d37702'[0m
HEAD 目前位于 0fbbe3b Release 0.2.11
[ 37%] [34m[1mNo update step for 'pybind11_json-0fbbe3bbb27bd07a5ec7d71cbb1f17eaf4d37702'[0m
[ 50%] [34m[1mNo patch step for 'pybind11_json-0fbbe3bbb27bd07a5ec7d71cbb1f17eaf4d37702'[0m
[ 62%] [34m[1mPerforming configure step for 'pybind11_json-0fbbe3bbb27bd07a5ec7d71cbb1f17eaf4d37702'[0m
-- The C compiler identification is Clang 14.0.0
-- The CXX compiler identification is Clang 14.0.0
-- Detecting C compiler ABI info
-- Detecting C compiler ABI info - done
-- Check for working C compiler: /usr/bin/clang - skipped
-- Detecting C compile features
-- Detecting C compile features - done
-- Detecting CXX compiler ABI info
-- Detecting CXX compiler ABI info - done
-- Check for working CXX compiler: /usr/bin/clang++ - skipped
-- Detecting CXX compile features
-- Detecting CXX compile features - done
-- Found PythonInterp: /usr/bin/python3.10 (found version "3.10.6") 
-- Found PythonLibs: /usr/lib/x86_64-linux-gnu/libpython3.10.so
-- Performing Test HAS_FLTO
-- Performing Test HAS_FLTO - Success
-- Performing Test HAS_FLTO_THIN
-- Performing Test HAS_FLTO_THIN - Success
-- Found pybind11: /usr/include (found version "2.9.1")
-- Found nlohmann_json: /usr/lib/cmake/nlohmann_json/nlohmann_jsonConfig.cmake (found suitable version "3.10.5", minimum required is "3.2.0") 
-- Configuring done (6.3s)
-- Generating done (0.0s)
-- Build files have been written to: /home/wang/rmf_ws/build/pybind11_json_vendor/pybind11_json-0fbbe3bbb27bd07a5ec7d71cbb1f17eaf4d37702-prefix/src/pybind11_json-0fbbe3bbb27bd07a5ec7d71cbb1f17eaf4d37702-build
[ 75%] [34m[1mPerforming build step for 'pybind11_json-0fbbe3bbb27bd07a5ec7d71cbb1f17eaf4d37702'[0m
[ 87%] [34m[1mPerforming install step for 'pybind11_json-0fbbe3bbb27bd07a5ec7d71cbb1f17eaf4d37702'[0m
[36mInstall the project...[0m
-- Install configuration: ""
-- Installing: /home/wang/rmf_ws/build/pybind11_json_vendor/pybind11_json/include/pybind11_json/pybind11_json.hpp
-- Installing: /home/wang/rmf_ws/build/pybind11_json_vendor/pybind11_json/share/cmake/pybind11_json/pybind11_jsonConfig.cmake
-- Installing: /home/wang/rmf_ws/build/pybind11_json_vendor/pybind11_json/share/cmake/pybind11_json/pybind11_jsonConfigVersion.cmake
-- Installing: /home/wang/rmf_ws/build/pybind11_json_vendor/pybind11_json/share/cmake/pybind11_json/pybind11_jsonTargets.cmake
[100%] [34m[1mCompleted 'pybind11_json-0fbbe3bbb27bd07a5ec7d71cbb1f17eaf4d37702'[0m
[100%] Built target pybind11_json-0fbbe3bbb27bd07a5ec7d71cbb1f17eaf4d37702
-- Install configuration: "Release"
-- Installing: /home/wang/rmf_ws/install/pybind11_json_vendor
-- Installing: /home/wang/rmf_ws/install/pybind11_json_vendor/share
-- Installing: /home/wang/rmf_ws/install/pybind11_json_vendor/share/cmake
-- Installing: /home/wang/rmf_ws/install/pybind11_json_vendor/share/cmake/pybind11_json
-- Installing: /home/wang/rmf_ws/install/pybind11_json_vendor/share/cmake/pybind11_json/pybind11_jsonConfigVersion.cmake
-- Installing: /home/wang/rmf_ws/install/pybind11_json_vendor/share/cmake/pybind11_json/pybind11_jsonTargets.cmake
-- Installing: /home/wang/rmf_ws/install/pybind11_json_vendor/share/cmake/pybind11_json/pybind11_jsonConfig.cmake
-- Installing: /home/wang/rmf_ws/install/pybind11_json_vendor/include
-- Installing: /home/wang/rmf_ws/install/pybind11_json_vendor/include/pybind11_json
-- Installing: /home/wang/rmf_ws/install/pybind11_json_vendor/include/pybind11_json/pybind11_json.hpp
-- Installing: /home/wang/rmf_ws/install/pybind11_json_vendor/share/ament_index/resource_index/package_run_dependencies/pybind11_json_vendor
-- Installing: /home/wang/rmf_ws/install/pybind11_json_vendor/share/ament_index/resource_index/parent_prefix_path/pybind11_json_vendor
-- Installing: /home/wang/rmf_ws/install/pybind11_json_vendor/share/pybind11_json_vendor/environment/ament_prefix_path.sh
-- Installing: /home/wang/rmf_ws/install/pybind11_json_vendor/share/pybind11_json_vendor/environment/ament_prefix_path.dsv
-- Installing: /home/wang/rmf_ws/install/pybind11_json_vendor/share/pybind11_json_vendor/environment/path.sh
-- Installing: /home/wang/rmf_ws/install/pybind11_json_vendor/share/pybind11_json_vendor/environment/path.dsv
-- Installing: /home/wang/rmf_ws/install/pybind11_json_vendor/share/pybind11_json_vendor/local_setup.bash
-- Installing: /home/wang/rmf_ws/install/pybind11_json_vendor/share/pybind11_json_vendor/local_setup.sh
-- Installing: /home/wang/rmf_ws/install/pybind11_json_vendor/share/pybind11_json_vendor/local_setup.zsh
-- Installing: /home/wang/rmf_ws/install/pybind11_json_vendor/share/pybind11_json_vendor/local_setup.dsv
-- Installing: /home/wang/rmf_ws/install/pybind11_json_vendor/share/pybind11_json_vendor/package.dsv
-- Installing: /home/wang/rmf_ws/install/pybind11_json_vendor/share/ament_index/resource_index/packages/pybind11_json_vendor
-- Installing: /home/wang/rmf_ws/install/pybind11_json_vendor/share/pybind11_json_vendor/cmake/ament_cmake_export_dependencies-extras.cmake
-- Installing: /home/wang/rmf_ws/install/pybind11_json_vendor/share/pybind11_json_vendor/cmake/pybind11_json_vendorConfig.cmake
-- Installing: /home/wang/rmf_ws/install/pybind11_json_vendor/share/pybind11_json_vendor/cmake/pybind11_json_vendorConfig-version.cmake
-- Installing: /home/wang/rmf_ws/install/pybind11_json_vendor/share/pybind11_json_vendor/package.xml
