[0.113s] Invoking command in '/home/wang/rmf_ws/build/pybind11_json_vendor': CMAKE_PREFIX_PATH=/opt/ros/humble /home/wang/.local/bin/cmake /home/wang/rmf_ws/src/thirdparty/pybind11_json_vendor -DCMAKE_EXE_LINKER_FLAGS=-fuse-ld=lld -DCMAKE_MODULE_LINKER_FLAGS=-fuse-ld=lld -DCMAKE_SHARED_LINKER_FLAGS=-fuse-ld=lld -DCMAKE_BUILD_TYPE=Release -DCMAKE_INSTALL_PREFIX=/home/wang/rmf_ws/install/pybind11_json_vendor
[2.284s] -- The C compiler identification is Clang 14.0.0
[2.285s] -- The CXX compiler identification is Clang 14.0.0
[2.285s] -- Detecting C compiler ABI info
[2.285s] -- Detecting C compiler ABI info - done
[2.285s] -- Check for working C compiler: /usr/bin/clang - skipped
[2.286s] -- Detecting C compile features
[2.286s] -- Detecting C compile features - done
[2.286s] -- Detecting CXX compiler ABI info
[2.286s] -- Detecting CXX compiler ABI info - done
[2.286s] -- Check for working CXX compiler: /usr/bin/clang++ - skipped
[2.286s] -- Detecting CXX compile features
[2.286s] -- Detecting CXX compile features - done
[2.286s] -- Found ament_cmake: 1.3.5 (/opt/ros/humble/share/ament_cmake/cmake)
[2.286s] -- Found Python3: /usr/bin/python3.10 (found version "3.10.6") found components: Interpreter 
[2.286s] -- Found nlohmann_json: /usr/lib/cmake/nlohmann_json/nlohmann_jsonConfig.cmake (found version "3.10.5") 
[2.286s] -- Found pybind11_vendor: 2.4.2 (/opt/ros/humble/share/pybind11_vendor/cmake)
[2.286s] -- Performing Test HAS_FLTO
[2.287s] -- Performing Test HAS_FLTO - Success
[2.287s] -- Performing Test HAS_FLTO_THIN
[2.356s] -- Performing Test HAS_FLTO_THIN - Success
[2.356s] -- Found pybind11: /usr/include (found version "2.9.1")
[2.480s] -- Configuring done (2.4s)
[2.486s] -- Generating done (0.0s)
[2.488s] -- Build files have been written to: /home/wang/rmf_ws/build/pybind11_json_vendor
[2.508s] Invoked command in '/home/wang/rmf_ws/build/pybind11_json_vendor' returned '0': CMAKE_PREFIX_PATH=/opt/ros/humble /home/wang/.local/bin/cmake /home/wang/rmf_ws/src/thirdparty/pybind11_json_vendor -DCMAKE_EXE_LINKER_FLAGS=-fuse-ld=lld -DCMAKE_MODULE_LINKER_FLAGS=-fuse-ld=lld -DCMAKE_SHARED_LINKER_FLAGS=-fuse-ld=lld -DCMAKE_BUILD_TYPE=Release -DCMAKE_INSTALL_PREFIX=/home/wang/rmf_ws/install/pybind11_json_vendor
[2.509s] Invoking command in '/home/wang/rmf_ws/build/pybind11_json_vendor': CMAKE_PREFIX_PATH=/opt/ros/humble /home/wang/.local/bin/cmake --build /home/wang/rmf_ws/build/pybind11_json_vendor -- -j16 -l16
[3.054s] 正克隆到 'pybind11_json-0fbbe3bbb27bd07a5ec7d71cbb1f17eaf4d37702'...
[3.054s] [ 12%] [34m[1mCreating directories for 'pybind11_json-0fbbe3bbb27bd07a5ec7d71cbb1f17eaf4d37702'[0m
[3.054s] [ 25%] [34m[1mPerforming download step (git clone) for 'pybind11_json-0fbbe3bbb27bd07a5ec7d71cbb1f17eaf4d37702'[0m
[4.316s] HEAD 目前位于 0fbbe3b Release 0.2.11
[4.803s] [ 37%] [34m[1mNo update step for 'pybind11_json-0fbbe3bbb27bd07a5ec7d71cbb1f17eaf4d37702'[0m
[4.949s] [ 50%] [34m[1mNo patch step for 'pybind11_json-0fbbe3bbb27bd07a5ec7d71cbb1f17eaf4d37702'[0m
[5.086s] [ 62%] [34m[1mPerforming configure step for 'pybind11_json-0fbbe3bbb27bd07a5ec7d71cbb1f17eaf4d37702'[0m
[5.584s] -- The C compiler identification is Clang 14.0.0
[6.340s] -- The CXX compiler identification is Clang 14.0.0
[6.433s] -- Detecting C compiler ABI info
[7.082s] -- Detecting C compiler ABI info - done
[7.129s] -- Check for working C compiler: /usr/bin/clang - skipped
[7.130s] -- Detecting C compile features
[7.130s] -- Detecting C compile features - done
[7.153s] -- Detecting CXX compiler ABI info
[8.253s] -- Detecting CXX compiler ABI info - done
[8.289s] -- Check for working CXX compiler: /usr/bin/clang++ - skipped
[8.295s] -- Detecting CXX compile features
[8.300s] -- Detecting CXX compile features - done
[8.497s] -- Found PythonInterp: /usr/bin/python3.10 (found version "3.10.6") 
[8.642s] -- Found PythonLibs: /usr/lib/x86_64-linux-gnu/libpython3.10.so
[8.646s] -- Performing Test HAS_FLTO
[9.884s] -- Performing Test HAS_FLTO - Success
[9.884s] -- Performing Test HAS_FLTO_THIN
[11.380s] -- Performing Test HAS_FLTO_THIN - Success
[11.380s] -- Found pybind11: /usr/include (found version "2.9.1")
[11.384s] -- Found nlohmann_json: /usr/lib/cmake/nlohmann_json/nlohmann_jsonConfig.cmake (found suitable version "3.10.5", minimum required is "3.2.0") 
[11.404s] -- Configuring done (6.3s)
[11.407s] -- Generating done (0.0s)
[11.433s] -- Build files have been written to: /home/wang/rmf_ws/build/pybind11_json_vendor/pybind11_json-0fbbe3bbb27bd07a5ec7d71cbb1f17eaf4d37702-prefix/src/pybind11_json-0fbbe3bbb27bd07a5ec7d71cbb1f17eaf4d37702-build
[11.649s] [ 75%] [34m[1mPerforming build step for 'pybind11_json-0fbbe3bbb27bd07a5ec7d71cbb1f17eaf4d37702'[0m
[11.942s] [ 87%] [34m[1mPerforming install step for 'pybind11_json-0fbbe3bbb27bd07a5ec7d71cbb1f17eaf4d37702'[0m
[12.206s] [36mInstall the project...[0m
[12.239s] -- Install configuration: ""
[12.239s] -- Installing: /home/wang/rmf_ws/build/pybind11_json_vendor/pybind11_json/include/pybind11_json/pybind11_json.hpp
[12.252s] -- Installing: /home/wang/rmf_ws/build/pybind11_json_vendor/pybind11_json/share/cmake/pybind11_json/pybind11_jsonConfig.cmake
[12.252s] -- Installing: /home/wang/rmf_ws/build/pybind11_json_vendor/pybind11_json/share/cmake/pybind11_json/pybind11_jsonConfigVersion.cmake
[12.253s] -- Installing: /home/wang/rmf_ws/build/pybind11_json_vendor/pybind11_json/share/cmake/pybind11_json/pybind11_jsonTargets.cmake
[12.386s] [100%] [34m[1mCompleted 'pybind11_json-0fbbe3bbb27bd07a5ec7d71cbb1f17eaf4d37702'[0m
[12.526s] [100%] Built target pybind11_json-0fbbe3bbb27bd07a5ec7d71cbb1f17eaf4d37702
[12.588s] Invoked command in '/home/wang/rmf_ws/build/pybind11_json_vendor' returned '0': CMAKE_PREFIX_PATH=/opt/ros/humble /home/wang/.local/bin/cmake --build /home/wang/rmf_ws/build/pybind11_json_vendor -- -j16 -l16
[13.141s] Invoking command in '/home/wang/rmf_ws/build/pybind11_json_vendor': CMAKE_PREFIX_PATH=/opt/ros/humble /home/wang/.local/bin/cmake --install /home/wang/rmf_ws/build/pybind11_json_vendor
[21.029s] -- Install configuration: "Release"
[21.029s] -- Installing: /home/wang/rmf_ws/install/pybind11_json_vendor
[21.029s] -- Installing: /home/wang/rmf_ws/install/pybind11_json_vendor/share
[21.029s] -- Installing: /home/wang/rmf_ws/install/pybind11_json_vendor/share/cmake
[21.029s] -- Installing: /home/wang/rmf_ws/install/pybind11_json_vendor/share/cmake/pybind11_json
[21.029s] -- Installing: /home/wang/rmf_ws/install/pybind11_json_vendor/share/cmake/pybind11_json/pybind11_jsonConfigVersion.cmake
[21.030s] -- Installing: /home/wang/rmf_ws/install/pybind11_json_vendor/share/cmake/pybind11_json/pybind11_jsonTargets.cmake
[21.030s] -- Installing: /home/wang/rmf_ws/install/pybind11_json_vendor/share/cmake/pybind11_json/pybind11_jsonConfig.cmake
[21.030s] -- Installing: /home/wang/rmf_ws/install/pybind11_json_vendor/include
[21.030s] -- Installing: /home/wang/rmf_ws/install/pybind11_json_vendor/include/pybind11_json
[21.030s] -- Installing: /home/wang/rmf_ws/install/pybind11_json_vendor/include/pybind11_json/pybind11_json.hpp
[21.030s] -- Installing: /home/wang/rmf_ws/install/pybind11_json_vendor/share/ament_index/resource_index/package_run_dependencies/pybind11_json_vendor
[21.030s] -- Installing: /home/wang/rmf_ws/install/pybind11_json_vendor/share/ament_index/resource_index/parent_prefix_path/pybind11_json_vendor
[21.030s] -- Installing: /home/wang/rmf_ws/install/pybind11_json_vendor/share/pybind11_json_vendor/environment/ament_prefix_path.sh
[21.030s] -- Installing: /home/wang/rmf_ws/install/pybind11_json_vendor/share/pybind11_json_vendor/environment/ament_prefix_path.dsv
[21.031s] -- Installing: /home/wang/rmf_ws/install/pybind11_json_vendor/share/pybind11_json_vendor/environment/path.sh
[21.031s] -- Installing: /home/wang/rmf_ws/install/pybind11_json_vendor/share/pybind11_json_vendor/environment/path.dsv
[21.031s] -- Installing: /home/wang/rmf_ws/install/pybind11_json_vendor/share/pybind11_json_vendor/local_setup.bash
[21.031s] -- Installing: /home/wang/rmf_ws/install/pybind11_json_vendor/share/pybind11_json_vendor/local_setup.sh
[21.031s] -- Installing: /home/wang/rmf_ws/install/pybind11_json_vendor/share/pybind11_json_vendor/local_setup.zsh
[21.031s] -- Installing: /home/wang/rmf_ws/install/pybind11_json_vendor/share/pybind11_json_vendor/local_setup.dsv
[21.031s] -- Installing: /home/wang/rmf_ws/install/pybind11_json_vendor/share/pybind11_json_vendor/package.dsv
[21.031s] -- Installing: /home/wang/rmf_ws/install/pybind11_json_vendor/share/ament_index/resource_index/packages/pybind11_json_vendor
[21.031s] -- Installing: /home/wang/rmf_ws/install/pybind11_json_vendor/share/pybind11_json_vendor/cmake/ament_cmake_export_dependencies-extras.cmake
[21.032s] -- Installing: /home/wang/rmf_ws/install/pybind11_json_vendor/share/pybind11_json_vendor/cmake/pybind11_json_vendorConfig.cmake
[21.032s] -- Installing: /home/wang/rmf_ws/install/pybind11_json_vendor/share/pybind11_json_vendor/cmake/pybind11_json_vendorConfig-version.cmake
[21.032s] -- Installing: /home/wang/rmf_ws/install/pybind11_json_vendor/share/pybind11_json_vendor/package.xml
[21.116s] Invoked command in '/home/wang/rmf_ws/build/pybind11_json_vendor' returned '0': CMAKE_PREFIX_PATH=/opt/ros/humble /home/wang/.local/bin/cmake --install /home/wang/rmf_ws/build/pybind11_json_vendor
