-- The C compiler identification is Clang 14.0.0
-- The CXX compiler identification is Clang 14.0.0
-- Detecting C compiler ABI info
-- Detecting C compiler ABI info - done
-- Check for working C compiler: /usr/bin/clang - skipped
-- Detecting C compile features
-- Detecting C compile features - done
-- Detecting CXX compiler ABI info
-- Detecting CXX compiler ABI info - done
-- Check for working CXX compiler: /usr/bin/clang++ - skipped
-- Detecting CXX compile features
-- Detecting CXX compile features - done
-- Found ament_cmake: 1.3.5 (/opt/ros/humble/share/ament_cmake/cmake)
-- Found Python3: /usr/bin/python3.10 (found version "3.10.6") found components: Interpreter 
-- Found builtin_interfaces: 1.2.1 (/opt/ros/humble/share/builtin_interfaces/cmake)
-- Found rosidl_generator_c: 3.1.4 (/opt/ros/humble/share/rosidl_generator_c/cmake)
-- Found rosidl_adapter: 3.1.4 (/opt/ros/humble/share/rosidl_adapter/cmake)
-- Found rosidl_generator_cpp: 3.1.4 (/opt/ros/humble/share/rosidl_generator_cpp/cmake)
-- Using all available rosidl_typesupport_c: rosidl_typesupport_fastrtps_c;rosidl_typesupport_introspection_c
-- Using all available rosidl_typesupport_cpp: rosidl_typesupport_fastrtps_cpp;rosidl_typesupport_introspection_cpp
-- Found rosidl_default_generators: 1.2.0 (/opt/ros/humble/share/rosidl_default_generators/cmake)
-- Found ament_cmake_cppcheck: 0.12.6 (/opt/ros/humble/share/ament_cmake_cppcheck/cmake)
-- Found ament_cmake_cpplint: 0.12.6 (/opt/ros/humble/share/ament_cmake_cpplint/cmake)
-- Found ament_cmake_uncrustify: 0.12.6 (/opt/ros/humble/share/ament_cmake_uncrustify/cmake)
-- Found ament_cmake_ros: 0.10.0 (/opt/ros/humble/share/ament_cmake_ros/cmake)
-- Using all available rosidl_typesupport_c: rosidl_typesupport_fastrtps_c;rosidl_typesupport_introspection_c
-- Using all available rosidl_typesupport_cpp: rosidl_typesupport_fastrtps_cpp;rosidl_typesupport_introspection_cpp
-- Found PythonInterp: /usr/bin/python3 (found suitable version "3.10.6", minimum required is "3.6") 
-- Found python_cmake_module: 0.10.0 (/opt/ros/humble/share/python_cmake_module/cmake)
-- Found PythonLibs: /usr/lib/x86_64-linux-gnu/libpython3.10.so (found suitable version "3.10.6", minimum required is "3.5") 
-- Using PYTHON_EXECUTABLE: /usr/bin/python3
-- Using PYTHON_INCLUDE_DIRS: /usr/include/python3.10
-- Using PYTHON_LIBRARIES: /usr/lib/x86_64-linux-gnu/libpython3.10.so
-- Found PythonExtra: .so  
-- Found ament_cmake_flake8: 0.12.6 (/opt/ros/humble/share/ament_cmake_flake8/cmake)
-- Found ament_cmake_pep257: 0.12.6 (/opt/ros/humble/share/ament_cmake_pep257/cmake)
-- Configuring done (10.5s)
-- Generating done (0.1s)
-- Build files have been written to: /home/wang/rmf_ws/build/rmf_scheduler_msgs
[  0%] [34m[1mGenerating C++ code for ROS interfaces[0m
[  0%] Built target rmf_scheduler_msgs__cpp
[  0%] Built target ament_cmake_python_copy_rmf_scheduler_msgs
[  0%] [34m[1mGenerating C++ introspection for ROS interfaces[0m
[  1%] [32mBuilding CXX object CMakeFiles/rmf_scheduler_msgs__rosidl_typesupport_introspection_cpp.dir/rosidl_typesupport_introspection_cpp/rmf_scheduler_msgs/srv/detail/cancel_all__type_support.cpp.o[0m
[  1%] [32mBuilding CXX object CMakeFiles/rmf_scheduler_msgs__rosidl_typesupport_introspection_cpp.dir/rosidl_typesupport_introspection_cpp/rmf_scheduler_msgs/msg/detail/schedule_state__type_support.cpp.o[0m
[  2%] [32mBuilding CXX object CMakeFiles/rmf_scheduler_msgs__rosidl_typesupport_introspection_cpp.dir/rosidl_typesupport_introspection_cpp/rmf_scheduler_msgs/msg/detail/trigger__type_support.cpp.o[0m
[  3%] [32mBuilding CXX object CMakeFiles/rmf_scheduler_msgs__rosidl_typesupport_introspection_cpp.dir/rosidl_typesupport_introspection_cpp/rmf_scheduler_msgs/msg/detail/trigger_state__type_support.cpp.o[0m
[  4%] [32mBuilding CXX object CMakeFiles/rmf_scheduler_msgs__rosidl_typesupport_introspection_cpp.dir/rosidl_typesupport_introspection_cpp/rmf_scheduler_msgs/msg/detail/schedule__type_support.cpp.o[0m
[  5%] [32mBuilding CXX object CMakeFiles/rmf_scheduler_msgs__rosidl_typesupport_introspection_cpp.dir/rosidl_typesupport_introspection_cpp/rmf_scheduler_msgs/msg/detail/payload__type_support.cpp.o[0m
[  6%] [32mBuilding CXX object CMakeFiles/rmf_scheduler_msgs__rosidl_typesupport_introspection_cpp.dir/rosidl_typesupport_introspection_cpp/rmf_scheduler_msgs/srv/detail/list_trigger_states__type_support.cpp.o[0m
[  6%] [32mBuilding CXX object CMakeFiles/rmf_scheduler_msgs__rosidl_typesupport_introspection_cpp.dir/rosidl_typesupport_introspection_cpp/rmf_scheduler_msgs/srv/detail/list_triggers__type_support.cpp.o[0m
[  7%] [32mBuilding CXX object CMakeFiles/rmf_scheduler_msgs__rosidl_typesupport_introspection_cpp.dir/rosidl_typesupport_introspection_cpp/rmf_scheduler_msgs/srv/detail/list_schedule_states__type_support.cpp.o[0m
[  8%] [32mBuilding CXX object CMakeFiles/rmf_scheduler_msgs__rosidl_typesupport_introspection_cpp.dir/rosidl_typesupport_introspection_cpp/rmf_scheduler_msgs/srv/detail/list_schedules__type_support.cpp.o[0m
[  9%] [32mBuilding CXX object CMakeFiles/rmf_scheduler_msgs__rosidl_typesupport_introspection_cpp.dir/rosidl_typesupport_introspection_cpp/rmf_scheduler_msgs/srv/detail/create_trigger__type_support.cpp.o[0m
[  9%] [32mBuilding CXX object CMakeFiles/rmf_scheduler_msgs__rosidl_typesupport_introspection_cpp.dir/rosidl_typesupport_introspection_cpp/rmf_scheduler_msgs/srv/detail/create_schedule__type_support.cpp.o[0m
[ 10%] [32mBuilding CXX object CMakeFiles/rmf_scheduler_msgs__rosidl_typesupport_introspection_cpp.dir/rosidl_typesupport_introspection_cpp/rmf_scheduler_msgs/srv/detail/cancel_trigger__type_support.cpp.o[0m
[ 11%] [32mBuilding CXX object CMakeFiles/rmf_scheduler_msgs__rosidl_typesupport_introspection_cpp.dir/rosidl_typesupport_introspection_cpp/rmf_scheduler_msgs/srv/detail/cancel_schedule__type_support.cpp.o[0m
[ 12%] [32m[1mLinking CXX shared library librmf_scheduler_msgs__rosidl_typesupport_introspection_cpp.so[0m
[ 12%] Built target rmf_scheduler_msgs__rosidl_typesupport_introspection_cpp
running egg_info
creating rmf_scheduler_msgs.egg-info
writing rmf_scheduler_msgs.egg-info/PKG-INFO
writing dependency_links to rmf_scheduler_msgs.egg-info/dependency_links.txt
writing top-level names to rmf_scheduler_msgs.egg-info/top_level.txt
writing manifest file 'rmf_scheduler_msgs.egg-info/SOURCES.txt'
reading manifest file 'rmf_scheduler_msgs.egg-info/SOURCES.txt'
writing manifest file 'rmf_scheduler_msgs.egg-info/SOURCES.txt'
[ 12%] Built target ament_cmake_python_build_rmf_scheduler_msgs_egg
[ 13%] [34m[1mGenerating C++ type support for eProsima Fast-RTPS[0m
[ 14%] [32mBuilding CXX object CMakeFiles/rmf_scheduler_msgs__rosidl_typesupport_fastrtps_cpp.dir/rosidl_typesupport_fastrtps_cpp/rmf_scheduler_msgs/srv/detail/dds_fastrtps/cancel_all__type_support.cpp.o[0m
[ 15%] [32mBuilding CXX object CMakeFiles/rmf_scheduler_msgs__rosidl_typesupport_fastrtps_cpp.dir/rosidl_typesupport_fastrtps_cpp/rmf_scheduler_msgs/msg/detail/dds_fastrtps/trigger_state__type_support.cpp.o[0m
[ 16%] [32mBuilding CXX object CMakeFiles/rmf_scheduler_msgs__rosidl_typesupport_fastrtps_cpp.dir/rosidl_typesupport_fastrtps_cpp/rmf_scheduler_msgs/msg/detail/dds_fastrtps/trigger__type_support.cpp.o[0m
[ 17%] [32mBuilding CXX object CMakeFiles/rmf_scheduler_msgs__rosidl_typesupport_fastrtps_cpp.dir/rosidl_typesupport_fastrtps_cpp/rmf_scheduler_msgs/msg/detail/dds_fastrtps/schedule_state__type_support.cpp.o[0m
[ 17%] [32mBuilding CXX object CMakeFiles/rmf_scheduler_msgs__rosidl_typesupport_fastrtps_cpp.dir/rosidl_typesupport_fastrtps_cpp/rmf_scheduler_msgs/msg/detail/dds_fastrtps/schedule__type_support.cpp.o[0m
[ 18%] [32mBuilding CXX object CMakeFiles/rmf_scheduler_msgs__rosidl_typesupport_fastrtps_cpp.dir/rosidl_typesupport_fastrtps_cpp/rmf_scheduler_msgs/msg/detail/dds_fastrtps/payload__type_support.cpp.o[0m
[ 19%] [32mBuilding CXX object CMakeFiles/rmf_scheduler_msgs__rosidl_typesupport_fastrtps_cpp.dir/rosidl_typesupport_fastrtps_cpp/rmf_scheduler_msgs/srv/detail/dds_fastrtps/list_trigger_states__type_support.cpp.o[0m
[ 20%] [32mBuilding CXX object CMakeFiles/rmf_scheduler_msgs__rosidl_typesupport_fastrtps_cpp.dir/rosidl_typesupport_fastrtps_cpp/rmf_scheduler_msgs/srv/detail/dds_fastrtps/list_triggers__type_support.cpp.o[0m
[ 20%] [32mBuilding CXX object CMakeFiles/rmf_scheduler_msgs__rosidl_typesupport_fastrtps_cpp.dir/rosidl_typesupport_fastrtps_cpp/rmf_scheduler_msgs/srv/detail/dds_fastrtps/list_schedule_states__type_support.cpp.o[0m
[ 21%] [32mBuilding CXX object CMakeFiles/rmf_scheduler_msgs__rosidl_typesupport_fastrtps_cpp.dir/rosidl_typesupport_fastrtps_cpp/rmf_scheduler_msgs/srv/detail/dds_fastrtps/list_schedules__type_support.cpp.o[0m
[ 22%] [32mBuilding CXX object CMakeFiles/rmf_scheduler_msgs__rosidl_typesupport_fastrtps_cpp.dir/rosidl_typesupport_fastrtps_cpp/rmf_scheduler_msgs/srv/detail/dds_fastrtps/create_trigger__type_support.cpp.o[0m
[ 23%] [32mBuilding CXX object CMakeFiles/rmf_scheduler_msgs__rosidl_typesupport_fastrtps_cpp.dir/rosidl_typesupport_fastrtps_cpp/rmf_scheduler_msgs/srv/detail/dds_fastrtps/create_schedule__type_support.cpp.o[0m
[ 23%] [32mBuilding CXX object CMakeFiles/rmf_scheduler_msgs__rosidl_typesupport_fastrtps_cpp.dir/rosidl_typesupport_fastrtps_cpp/rmf_scheduler_msgs/srv/detail/dds_fastrtps/cancel_trigger__type_support.cpp.o[0m
[ 24%] [32mBuilding CXX object CMakeFiles/rmf_scheduler_msgs__rosidl_typesupport_fastrtps_cpp.dir/rosidl_typesupport_fastrtps_cpp/rmf_scheduler_msgs/srv/detail/dds_fastrtps/cancel_schedule__type_support.cpp.o[0m
[ 24%] [32m[1mLinking CXX shared library librmf_scheduler_msgs__rosidl_typesupport_fastrtps_cpp.so[0m
[ 24%] Built target rmf_scheduler_msgs__rosidl_typesupport_fastrtps_cpp
[ 25%] [34m[1mGenerating C++ type support dispatch for ROS interfaces[0m
[ 26%] [32mBuilding CXX object CMakeFiles/rmf_scheduler_msgs__rosidl_typesupport_cpp.dir/rosidl_typesupport_cpp/rmf_scheduler_msgs/srv/cancel_all__type_support.cpp.o[0m
[ 26%] [32mBuilding CXX object CMakeFiles/rmf_scheduler_msgs__rosidl_typesupport_cpp.dir/rosidl_typesupport_cpp/rmf_scheduler_msgs/msg/trigger_state__type_support.cpp.o[0m
[ 27%] [32mBuilding CXX object CMakeFiles/rmf_scheduler_msgs__rosidl_typesupport_cpp.dir/rosidl_typesupport_cpp/rmf_scheduler_msgs/msg/trigger__type_support.cpp.o[0m
[ 28%] [32mBuilding CXX object CMakeFiles/rmf_scheduler_msgs__rosidl_typesupport_cpp.dir/rosidl_typesupport_cpp/rmf_scheduler_msgs/msg/schedule_state__type_support.cpp.o[0m
[ 29%] [32mBuilding CXX object CMakeFiles/rmf_scheduler_msgs__rosidl_typesupport_cpp.dir/rosidl_typesupport_cpp/rmf_scheduler_msgs/msg/schedule__type_support.cpp.o[0m
[ 29%] [32mBuilding CXX object CMakeFiles/rmf_scheduler_msgs__rosidl_typesupport_cpp.dir/rosidl_typesupport_cpp/rmf_scheduler_msgs/msg/payload__type_support.cpp.o[0m
[ 30%] [32mBuilding CXX object CMakeFiles/rmf_scheduler_msgs__rosidl_typesupport_cpp.dir/rosidl_typesupport_cpp/rmf_scheduler_msgs/srv/list_trigger_states__type_support.cpp.o[0m
[ 31%] [32mBuilding CXX object CMakeFiles/rmf_scheduler_msgs__rosidl_typesupport_cpp.dir/rosidl_typesupport_cpp/rmf_scheduler_msgs/srv/list_triggers__type_support.cpp.o[0m
[ 32%] [32mBuilding CXX object CMakeFiles/rmf_scheduler_msgs__rosidl_typesupport_cpp.dir/rosidl_typesupport_cpp/rmf_scheduler_msgs/srv/list_schedule_states__type_support.cpp.o[0m
[ 32%] [32mBuilding CXX object CMakeFiles/rmf_scheduler_msgs__rosidl_typesupport_cpp.dir/rosidl_typesupport_cpp/rmf_scheduler_msgs/srv/list_schedules__type_support.cpp.o[0m
[ 33%] [32mBuilding CXX object CMakeFiles/rmf_scheduler_msgs__rosidl_typesupport_cpp.dir/rosidl_typesupport_cpp/rmf_scheduler_msgs/srv/create_trigger__type_support.cpp.o[0m
[ 34%] [32mBuilding CXX object CMakeFiles/rmf_scheduler_msgs__rosidl_typesupport_cpp.dir/rosidl_typesupport_cpp/rmf_scheduler_msgs/srv/create_schedule__type_support.cpp.o[0m
[ 34%] [32mBuilding CXX object CMakeFiles/rmf_scheduler_msgs__rosidl_typesupport_cpp.dir/rosidl_typesupport_cpp/rmf_scheduler_msgs/srv/cancel_trigger__type_support.cpp.o[0m
[ 35%] [32mBuilding CXX object CMakeFiles/rmf_scheduler_msgs__rosidl_typesupport_cpp.dir/rosidl_typesupport_cpp/rmf_scheduler_msgs/srv/cancel_schedule__type_support.cpp.o[0m
[ 36%] [32m[1mLinking CXX shared library librmf_scheduler_msgs__rosidl_typesupport_cpp.so[0m
[ 36%] Built target rmf_scheduler_msgs__rosidl_typesupport_cpp
[ 37%] [34m[1mGenerating C code for ROS interfaces[0m
[ 37%] [32mBuilding C object CMakeFiles/rmf_scheduler_msgs__rosidl_generator_c.dir/rosidl_generator_c/rmf_scheduler_msgs/srv/detail/cancel_all__functions.c.o[0m
[ 38%] [32mBuilding C object CMakeFiles/rmf_scheduler_msgs__rosidl_generator_c.dir/rosidl_generator_c/rmf_scheduler_msgs/msg/detail/trigger_state__functions.c.o[0m
[ 38%] [32mBuilding C object CMakeFiles/rmf_scheduler_msgs__rosidl_generator_c.dir/rosidl_generator_c/rmf_scheduler_msgs/msg/detail/trigger__functions.c.o[0m
[ 39%] [32mBuilding C object CMakeFiles/rmf_scheduler_msgs__rosidl_generator_c.dir/rosidl_generator_c/rmf_scheduler_msgs/msg/detail/schedule_state__functions.c.o[0m
[ 40%] [32mBuilding C object CMakeFiles/rmf_scheduler_msgs__rosidl_generator_c.dir/rosidl_generator_c/rmf_scheduler_msgs/msg/detail/schedule__functions.c.o[0m
[ 41%] [32mBuilding C object CMakeFiles/rmf_scheduler_msgs__rosidl_generator_c.dir/rosidl_generator_c/rmf_scheduler_msgs/msg/detail/payload__functions.c.o[0m
[ 41%] [32mBuilding C object CMakeFiles/rmf_scheduler_msgs__rosidl_generator_c.dir/rosidl_generator_c/rmf_scheduler_msgs/srv/detail/list_trigger_states__functions.c.o[0m
[ 42%] [32mBuilding C object CMakeFiles/rmf_scheduler_msgs__rosidl_generator_c.dir/rosidl_generator_c/rmf_scheduler_msgs/srv/detail/list_triggers__functions.c.o[0m
[ 43%] [32mBuilding C object CMakeFiles/rmf_scheduler_msgs__rosidl_generator_c.dir/rosidl_generator_c/rmf_scheduler_msgs/srv/detail/list_schedule_states__functions.c.o[0m
[ 44%] [32mBuilding C object CMakeFiles/rmf_scheduler_msgs__rosidl_generator_c.dir/rosidl_generator_c/rmf_scheduler_msgs/srv/detail/list_schedules__functions.c.o[0m
[ 44%] [32mBuilding C object CMakeFiles/rmf_scheduler_msgs__rosidl_generator_c.dir/rosidl_generator_c/rmf_scheduler_msgs/srv/detail/create_trigger__functions.c.o[0m
[ 45%] [32mBuilding C object CMakeFiles/rmf_scheduler_msgs__rosidl_generator_c.dir/rosidl_generator_c/rmf_scheduler_msgs/srv/detail/create_schedule__functions.c.o[0m
[ 46%] [32mBuilding C object CMakeFiles/rmf_scheduler_msgs__rosidl_generator_c.dir/rosidl_generator_c/rmf_scheduler_msgs/srv/detail/cancel_trigger__functions.c.o[0m
[ 47%] [32mBuilding C object CMakeFiles/rmf_scheduler_msgs__rosidl_generator_c.dir/rosidl_generator_c/rmf_scheduler_msgs/srv/detail/cancel_schedule__functions.c.o[0m
[ 48%] [32m[1mLinking C shared library librmf_scheduler_msgs__rosidl_generator_c.so[0m
[ 48%] Built target rmf_scheduler_msgs__rosidl_generator_c
[ 49%] [34m[1mGenerating C type support for eProsima Fast-RTPS[0m
[ 50%] [32mBuilding CXX object CMakeFiles/rmf_scheduler_msgs__rosidl_typesupport_fastrtps_c.dir/rosidl_typesupport_fastrtps_c/rmf_scheduler_msgs/srv/detail/cancel_all__type_support_c.cpp.o[0m
[ 50%] [32mBuilding CXX object CMakeFiles/rmf_scheduler_msgs__rosidl_typesupport_fastrtps_c.dir/rosidl_typesupport_fastrtps_c/rmf_scheduler_msgs/msg/detail/trigger_state__type_support_c.cpp.o[0m
[ 51%] [32mBuilding CXX object CMakeFiles/rmf_scheduler_msgs__rosidl_typesupport_fastrtps_c.dir/rosidl_typesupport_fastrtps_c/rmf_scheduler_msgs/msg/detail/trigger__type_support_c.cpp.o[0m
[ 52%] [32mBuilding CXX object CMakeFiles/rmf_scheduler_msgs__rosidl_typesupport_fastrtps_c.dir/rosidl_typesupport_fastrtps_c/rmf_scheduler_msgs/msg/detail/schedule_state__type_support_c.cpp.o[0m
[ 53%] [32mBuilding CXX object CMakeFiles/rmf_scheduler_msgs__rosidl_typesupport_fastrtps_c.dir/rosidl_typesupport_fastrtps_c/rmf_scheduler_msgs/msg/detail/schedule__type_support_c.cpp.o[0m
[ 53%] [32mBuilding CXX object CMakeFiles/rmf_scheduler_msgs__rosidl_typesupport_fastrtps_c.dir/rosidl_typesupport_fastrtps_c/rmf_scheduler_msgs/msg/detail/payload__type_support_c.cpp.o[0m
[ 54%] [32mBuilding CXX object CMakeFiles/rmf_scheduler_msgs__rosidl_typesupport_fastrtps_c.dir/rosidl_typesupport_fastrtps_c/rmf_scheduler_msgs/srv/detail/list_trigger_states__type_support_c.cpp.o[0m
[ 55%] [32mBuilding CXX object CMakeFiles/rmf_scheduler_msgs__rosidl_typesupport_fastrtps_c.dir/rosidl_typesupport_fastrtps_c/rmf_scheduler_msgs/srv/detail/list_triggers__type_support_c.cpp.o[0m
[ 56%] [32mBuilding CXX object CMakeFiles/rmf_scheduler_msgs__rosidl_typesupport_fastrtps_c.dir/rosidl_typesupport_fastrtps_c/rmf_scheduler_msgs/srv/detail/list_schedule_states__type_support_c.cpp.o[0m
[ 56%] [32mBuilding CXX object CMakeFiles/rmf_scheduler_msgs__rosidl_typesupport_fastrtps_c.dir/rosidl_typesupport_fastrtps_c/rmf_scheduler_msgs/srv/detail/list_schedules__type_support_c.cpp.o[0m
[ 57%] [32mBuilding CXX object CMakeFiles/rmf_scheduler_msgs__rosidl_typesupport_fastrtps_c.dir/rosidl_typesupport_fastrtps_c/rmf_scheduler_msgs/srv/detail/create_trigger__type_support_c.cpp.o[0m
[ 58%] [32mBuilding CXX object CMakeFiles/rmf_scheduler_msgs__rosidl_typesupport_fastrtps_c.dir/rosidl_typesupport_fastrtps_c/rmf_scheduler_msgs/srv/detail/create_schedule__type_support_c.cpp.o[0m
[ 59%] [32mBuilding CXX object CMakeFiles/rmf_scheduler_msgs__rosidl_typesupport_fastrtps_c.dir/rosidl_typesupport_fastrtps_c/rmf_scheduler_msgs/srv/detail/cancel_trigger__type_support_c.cpp.o[0m
[ 59%] [32mBuilding CXX object CMakeFiles/rmf_scheduler_msgs__rosidl_typesupport_fastrtps_c.dir/rosidl_typesupport_fastrtps_c/rmf_scheduler_msgs/srv/detail/cancel_schedule__type_support_c.cpp.o[0m
[ 60%] [32m[1mLinking CXX shared library librmf_scheduler_msgs__rosidl_typesupport_fastrtps_c.so[0m
[ 60%] Built target rmf_scheduler_msgs__rosidl_typesupport_fastrtps_c
[ 61%] [34m[1mGenerating C type support dispatch for ROS interfaces[0m
[ 62%] [34m[1mGenerating C introspection for ROS interfaces[0m
[ 62%] [32mBuilding CXX object CMakeFiles/rmf_scheduler_msgs__rosidl_typesupport_c.dir/rosidl_typesupport_c/rmf_scheduler_msgs/srv/cancel_all__type_support.cpp.o[0m
[ 63%] [32mBuilding CXX object CMakeFiles/rmf_scheduler_msgs__rosidl_typesupport_c.dir/rosidl_typesupport_c/rmf_scheduler_msgs/msg/trigger_state__type_support.cpp.o[0m
[ 63%] [32mBuilding CXX object CMakeFiles/rmf_scheduler_msgs__rosidl_typesupport_c.dir/rosidl_typesupport_c/rmf_scheduler_msgs/msg/trigger__type_support.cpp.o[0m
[ 64%] [32mBuilding CXX object CMakeFiles/rmf_scheduler_msgs__rosidl_typesupport_c.dir/rosidl_typesupport_c/rmf_scheduler_msgs/msg/schedule_state__type_support.cpp.o[0m
[ 65%] [32mBuilding CXX object CMakeFiles/rmf_scheduler_msgs__rosidl_typesupport_c.dir/rosidl_typesupport_c/rmf_scheduler_msgs/msg/schedule__type_support.cpp.o[0m
[ 66%] [32mBuilding CXX object CMakeFiles/rmf_scheduler_msgs__rosidl_typesupport_c.dir/rosidl_typesupport_c/rmf_scheduler_msgs/msg/payload__type_support.cpp.o[0m
[ 66%] [32mBuilding CXX object CMakeFiles/rmf_scheduler_msgs__rosidl_typesupport_c.dir/rosidl_typesupport_c/rmf_scheduler_msgs/srv/list_trigger_states__type_support.cpp.o[0m
[ 67%] [32mBuilding CXX object CMakeFiles/rmf_scheduler_msgs__rosidl_typesupport_c.dir/rosidl_typesupport_c/rmf_scheduler_msgs/srv/list_triggers__type_support.cpp.o[0m
[ 68%] [32mBuilding CXX object CMakeFiles/rmf_scheduler_msgs__rosidl_typesupport_c.dir/rosidl_typesupport_c/rmf_scheduler_msgs/srv/list_schedule_states__type_support.cpp.o[0m
[ 69%] [32mBuilding C object CMakeFiles/rmf_scheduler_msgs__rosidl_typesupport_introspection_c.dir/rosidl_typesupport_introspection_c/rmf_scheduler_msgs/srv/detail/cancel_all__type_support.c.o[0m
[ 70%] [32mBuilding CXX object CMakeFiles/rmf_scheduler_msgs__rosidl_typesupport_c.dir/rosidl_typesupport_c/rmf_scheduler_msgs/srv/list_schedules__type_support.cpp.o[0m
[ 71%] [32mBuilding C object CMakeFiles/rmf_scheduler_msgs__rosidl_typesupport_introspection_c.dir/rosidl_typesupport_introspection_c/rmf_scheduler_msgs/msg/detail/schedule__type_support.c.o[0m
[ 71%] [32mBuilding CXX object CMakeFiles/rmf_scheduler_msgs__rosidl_typesupport_c.dir/rosidl_typesupport_c/rmf_scheduler_msgs/srv/create_trigger__type_support.cpp.o[0m
[ 72%] [32mBuilding C object CMakeFiles/rmf_scheduler_msgs__rosidl_typesupport_introspection_c.dir/rosidl_typesupport_introspection_c/rmf_scheduler_msgs/msg/detail/trigger__type_support.c.o[0m
[ 73%] [32mBuilding CXX object CMakeFiles/rmf_scheduler_msgs__rosidl_typesupport_c.dir/rosidl_typesupport_c/rmf_scheduler_msgs/srv/create_schedule__type_support.cpp.o[0m
[ 73%] [32mBuilding C object CMakeFiles/rmf_scheduler_msgs__rosidl_typesupport_introspection_c.dir/rosidl_typesupport_introspection_c/rmf_scheduler_msgs/msg/detail/trigger_state__type_support.c.o[0m
[ 74%] [32mBuilding CXX object CMakeFiles/rmf_scheduler_msgs__rosidl_typesupport_c.dir/rosidl_typesupport_c/rmf_scheduler_msgs/srv/cancel_trigger__type_support.cpp.o[0m
[ 75%] [32mBuilding C object CMakeFiles/rmf_scheduler_msgs__rosidl_typesupport_introspection_c.dir/rosidl_typesupport_introspection_c/rmf_scheduler_msgs/msg/detail/schedule_state__type_support.c.o[0m
[ 76%] [32mBuilding CXX object CMakeFiles/rmf_scheduler_msgs__rosidl_typesupport_c.dir/rosidl_typesupport_c/rmf_scheduler_msgs/srv/cancel_schedule__type_support.cpp.o[0m
[ 76%] [32mBuilding C object CMakeFiles/rmf_scheduler_msgs__rosidl_typesupport_introspection_c.dir/rosidl_typesupport_introspection_c/rmf_scheduler_msgs/msg/detail/payload__type_support.c.o[0m
[ 77%] [32m[1mLinking CXX shared library librmf_scheduler_msgs__rosidl_typesupport_c.so[0m
[ 78%] [32mBuilding C object CMakeFiles/rmf_scheduler_msgs__rosidl_typesupport_introspection_c.dir/rosidl_typesupport_introspection_c/rmf_scheduler_msgs/srv/detail/list_trigger_states__type_support.c.o[0m
[ 78%] Built target rmf_scheduler_msgs__rosidl_typesupport_c
[ 79%] [32mBuilding C object CMakeFiles/rmf_scheduler_msgs__rosidl_typesupport_introspection_c.dir/rosidl_typesupport_introspection_c/rmf_scheduler_msgs/srv/detail/list_triggers__type_support.c.o[0m
[ 79%] [32mBuilding C object CMakeFiles/rmf_scheduler_msgs__rosidl_typesupport_introspection_c.dir/rosidl_typesupport_introspection_c/rmf_scheduler_msgs/srv/detail/list_schedule_states__type_support.c.o[0m
[ 80%] [32mBuilding C object CMakeFiles/rmf_scheduler_msgs__rosidl_typesupport_introspection_c.dir/rosidl_typesupport_introspection_c/rmf_scheduler_msgs/srv/detail/list_schedules__type_support.c.o[0m
[ 81%] [32mBuilding C object CMakeFiles/rmf_scheduler_msgs__rosidl_typesupport_introspection_c.dir/rosidl_typesupport_introspection_c/rmf_scheduler_msgs/srv/detail/create_trigger__type_support.c.o[0m
[ 82%] [32mBuilding C object CMakeFiles/rmf_scheduler_msgs__rosidl_typesupport_introspection_c.dir/rosidl_typesupport_introspection_c/rmf_scheduler_msgs/srv/detail/create_schedule__type_support.c.o[0m
[ 82%] [32mBuilding C object CMakeFiles/rmf_scheduler_msgs__rosidl_typesupport_introspection_c.dir/rosidl_typesupport_introspection_c/rmf_scheduler_msgs/srv/detail/cancel_trigger__type_support.c.o[0m
[ 83%] [32mBuilding C object CMakeFiles/rmf_scheduler_msgs__rosidl_typesupport_introspection_c.dir/rosidl_typesupport_introspection_c/rmf_scheduler_msgs/srv/detail/cancel_schedule__type_support.c.o[0m
[ 84%] [32m[1mLinking C shared library librmf_scheduler_msgs__rosidl_typesupport_introspection_c.so[0m
[ 84%] Built target rmf_scheduler_msgs__rosidl_typesupport_introspection_c
[ 84%] Built target rmf_scheduler_msgs
[ 85%] [34m[1mGenerating Python code for ROS interfaces[0m
[ 85%] Built target rmf_scheduler_msgs__py
[ 86%] [32mBuilding C object CMakeFiles/rmf_scheduler_msgs__rosidl_generator_py.dir/rosidl_generator_py/rmf_scheduler_msgs/srv/_cancel_all_s.c.o[0m
[ 87%] [32mBuilding C object CMakeFiles/rmf_scheduler_msgs__rosidl_generator_py.dir/rosidl_generator_py/rmf_scheduler_msgs/msg/_trigger_state_s.c.o[0m
[ 87%] [32mBuilding C object CMakeFiles/rmf_scheduler_msgs__rosidl_generator_py.dir/rosidl_generator_py/rmf_scheduler_msgs/msg/_trigger_s.c.o[0m
[ 88%] [32mBuilding C object CMakeFiles/rmf_scheduler_msgs__rosidl_generator_py.dir/rosidl_generator_py/rmf_scheduler_msgs/msg/_schedule_state_s.c.o[0m
[ 89%] [32mBuilding C object CMakeFiles/rmf_scheduler_msgs__rosidl_generator_py.dir/rosidl_generator_py/rmf_scheduler_msgs/msg/_schedule_s.c.o[0m
[ 89%] [32mBuilding C object CMakeFiles/rmf_scheduler_msgs__rosidl_generator_py.dir/rosidl_generator_py/rmf_scheduler_msgs/msg/_payload_s.c.o[0m
[ 90%] [32mBuilding C object CMakeFiles/rmf_scheduler_msgs__rosidl_generator_py.dir/rosidl_generator_py/rmf_scheduler_msgs/srv/_list_trigger_states_s.c.o[0m
[ 91%] [32mBuilding C object CMakeFiles/rmf_scheduler_msgs__rosidl_generator_py.dir/rosidl_generator_py/rmf_scheduler_msgs/srv/_list_triggers_s.c.o[0m
[ 92%] [32mBuilding C object CMakeFiles/rmf_scheduler_msgs__rosidl_generator_py.dir/rosidl_generator_py/rmf_scheduler_msgs/srv/_list_schedule_states_s.c.o[0m
[ 92%] [32mBuilding C object CMakeFiles/rmf_scheduler_msgs__rosidl_generator_py.dir/rosidl_generator_py/rmf_scheduler_msgs/srv/_list_schedules_s.c.o[0m
[ 93%] [32mBuilding C object CMakeFiles/rmf_scheduler_msgs__rosidl_generator_py.dir/rosidl_generator_py/rmf_scheduler_msgs/srv/_create_trigger_s.c.o[0m
[ 94%] [32mBuilding C object CMakeFiles/rmf_scheduler_msgs__rosidl_generator_py.dir/rosidl_generator_py/rmf_scheduler_msgs/srv/_create_schedule_s.c.o[0m
[ 95%] [32mBuilding C object CMakeFiles/rmf_scheduler_msgs__rosidl_generator_py.dir/rosidl_generator_py/rmf_scheduler_msgs/srv/_cancel_trigger_s.c.o[0m
[ 95%] [32mBuilding C object CMakeFiles/rmf_scheduler_msgs__rosidl_generator_py.dir/rosidl_generator_py/rmf_scheduler_msgs/srv/_cancel_schedule_s.c.o[0m
[ 96%] [32m[1mLinking C shared library rosidl_generator_py/rmf_scheduler_msgs/librmf_scheduler_msgs__rosidl_generator_py.so[0m
[ 96%] Built target rmf_scheduler_msgs__rosidl_generator_py
[ 97%] [32mBuilding C object CMakeFiles/rmf_scheduler_msgs__rosidl_typesupport_fastrtps_c__pyext.dir/rosidl_generator_py/rmf_scheduler_msgs/_rmf_scheduler_msgs_s.ep.rosidl_typesupport_fastrtps_c.c.o[0m
[ 97%] [32m[1mLinking C shared library rosidl_generator_py/rmf_scheduler_msgs/rmf_scheduler_msgs_s__rosidl_typesupport_fastrtps_c.cpython-310-x86_64-linux-gnu.so[0m
[ 97%] Built target rmf_scheduler_msgs__rosidl_typesupport_fastrtps_c__pyext
[ 98%] [32mBuilding C object CMakeFiles/rmf_scheduler_msgs__rosidl_typesupport_c__pyext.dir/rosidl_generator_py/rmf_scheduler_msgs/_rmf_scheduler_msgs_s.ep.rosidl_typesupport_c.c.o[0m
[ 98%] [32m[1mLinking C shared library rosidl_generator_py/rmf_scheduler_msgs/rmf_scheduler_msgs_s__rosidl_typesupport_c.cpython-310-x86_64-linux-gnu.so[0m
[ 98%] Built target rmf_scheduler_msgs__rosidl_typesupport_c__pyext
[ 99%] [32mBuilding C object CMakeFiles/rmf_scheduler_msgs__rosidl_typesupport_introspection_c__pyext.dir/rosidl_generator_py/rmf_scheduler_msgs/_rmf_scheduler_msgs_s.ep.rosidl_typesupport_introspection_c.c.o[0m
[100%] [32m[1mLinking C shared library rosidl_generator_py/rmf_scheduler_msgs/rmf_scheduler_msgs_s__rosidl_typesupport_introspection_c.cpython-310-x86_64-linux-gnu.so[0m
[100%] Built target rmf_scheduler_msgs__rosidl_typesupport_introspection_c__pyext
-- Install configuration: "Release"
-- Installing: /home/wang/rmf_ws/install/rmf_scheduler_msgs/share/ament_index/resource_index/rosidl_interfaces/rmf_scheduler_msgs
-- Installing: /home/wang/rmf_ws/install/rmf_scheduler_msgs/include/rmf_scheduler_msgs/rmf_scheduler_msgs
-- Installing: /home/wang/rmf_ws/install/rmf_scheduler_msgs/include/rmf_scheduler_msgs/rmf_scheduler_msgs/srv
-- Installing: /home/wang/rmf_ws/install/rmf_scheduler_msgs/include/rmf_scheduler_msgs/rmf_scheduler_msgs/srv/cancel_all.h
-- Installing: /home/wang/rmf_ws/install/rmf_scheduler_msgs/include/rmf_scheduler_msgs/rmf_scheduler_msgs/srv/create_trigger.h
-- Installing: /home/wang/rmf_ws/install/rmf_scheduler_msgs/include/rmf_scheduler_msgs/rmf_scheduler_msgs/srv/detail
-- Installing: /home/wang/rmf_ws/install/rmf_scheduler_msgs/include/rmf_scheduler_msgs/rmf_scheduler_msgs/srv/detail/create_trigger__functions.c
-- Installing: /home/wang/rmf_ws/install/rmf_scheduler_msgs/include/rmf_scheduler_msgs/rmf_scheduler_msgs/srv/detail/list_trigger_states__type_support.h
-- Installing: /home/wang/rmf_ws/install/rmf_scheduler_msgs/include/rmf_scheduler_msgs/rmf_scheduler_msgs/srv/detail/cancel_all__functions.c
-- Installing: /home/wang/rmf_ws/install/rmf_scheduler_msgs/include/rmf_scheduler_msgs/rmf_scheduler_msgs/srv/detail/list_trigger_states__functions.h
-- Installing: /home/wang/rmf_ws/install/rmf_scheduler_msgs/include/rmf_scheduler_msgs/rmf_scheduler_msgs/srv/detail/cancel_all__struct.h
-- Installing: /home/wang/rmf_ws/install/rmf_scheduler_msgs/include/rmf_scheduler_msgs/rmf_scheduler_msgs/srv/detail/cancel_schedule__functions.c
-- Installing: /home/wang/rmf_ws/install/rmf_scheduler_msgs/include/rmf_scheduler_msgs/rmf_scheduler_msgs/srv/detail/list_schedules__struct.h
-- Installing: /home/wang/rmf_ws/install/rmf_scheduler_msgs/include/rmf_scheduler_msgs/rmf_scheduler_msgs/srv/detail/cancel_all__type_support.h
-- Installing: /home/wang/rmf_ws/install/rmf_scheduler_msgs/include/rmf_scheduler_msgs/rmf_scheduler_msgs/srv/detail/list_schedules__type_support.h
-- Installing: /home/wang/rmf_ws/install/rmf_scheduler_msgs/include/rmf_scheduler_msgs/rmf_scheduler_msgs/srv/detail/list_schedule_states__struct.h
-- Installing: /home/wang/rmf_ws/install/rmf_scheduler_msgs/include/rmf_scheduler_msgs/rmf_scheduler_msgs/srv/detail/create_schedule__struct.h
-- Installing: /home/wang/rmf_ws/install/rmf_scheduler_msgs/include/rmf_scheduler_msgs/rmf_scheduler_msgs/srv/detail/create_trigger__struct.h
-- Installing: /home/wang/rmf_ws/install/rmf_scheduler_msgs/include/rmf_scheduler_msgs/rmf_scheduler_msgs/srv/detail/cancel_trigger__functions.c
-- Installing: /home/wang/rmf_ws/install/rmf_scheduler_msgs/include/rmf_scheduler_msgs/rmf_scheduler_msgs/srv/detail/list_trigger_states__functions.c
-- Installing: /home/wang/rmf_ws/install/rmf_scheduler_msgs/include/rmf_scheduler_msgs/rmf_scheduler_msgs/srv/detail/list_schedule_states__functions.h
-- Installing: /home/wang/rmf_ws/install/rmf_scheduler_msgs/include/rmf_scheduler_msgs/rmf_scheduler_msgs/srv/detail/list_schedule_states__functions.c
-- Installing: /home/wang/rmf_ws/install/rmf_scheduler_msgs/include/rmf_scheduler_msgs/rmf_scheduler_msgs/srv/detail/list_schedules__functions.h
-- Installing: /home/wang/rmf_ws/install/rmf_scheduler_msgs/include/rmf_scheduler_msgs/rmf_scheduler_msgs/srv/detail/create_schedule__functions.h
-- Installing: /home/wang/rmf_ws/install/rmf_scheduler_msgs/include/rmf_scheduler_msgs/rmf_scheduler_msgs/srv/detail/list_trigger_states__struct.h
-- Installing: /home/wang/rmf_ws/install/rmf_scheduler_msgs/include/rmf_scheduler_msgs/rmf_scheduler_msgs/srv/detail/create_trigger__functions.h
-- Installing: /home/wang/rmf_ws/install/rmf_scheduler_msgs/include/rmf_scheduler_msgs/rmf_scheduler_msgs/srv/detail/list_triggers__type_support.h
-- Installing: /home/wang/rmf_ws/install/rmf_scheduler_msgs/include/rmf_scheduler_msgs/rmf_scheduler_msgs/srv/detail/cancel_all__functions.h
-- Installing: /home/wang/rmf_ws/install/rmf_scheduler_msgs/include/rmf_scheduler_msgs/rmf_scheduler_msgs/srv/detail/cancel_trigger__struct.h
-- Installing: /home/wang/rmf_ws/install/rmf_scheduler_msgs/include/rmf_scheduler_msgs/rmf_scheduler_msgs/srv/detail/cancel_trigger__functions.h
-- Installing: /home/wang/rmf_ws/install/rmf_scheduler_msgs/include/rmf_scheduler_msgs/rmf_scheduler_msgs/srv/detail/create_schedule__functions.c
-- Installing: /home/wang/rmf_ws/install/rmf_scheduler_msgs/include/rmf_scheduler_msgs/rmf_scheduler_msgs/srv/detail/list_triggers__functions.h
-- Installing: /home/wang/rmf_ws/install/rmf_scheduler_msgs/include/rmf_scheduler_msgs/rmf_scheduler_msgs/srv/detail/cancel_schedule__functions.h
-- Installing: /home/wang/rmf_ws/install/rmf_scheduler_msgs/include/rmf_scheduler_msgs/rmf_scheduler_msgs/srv/detail/create_trigger__type_support.h
-- Installing: /home/wang/rmf_ws/install/rmf_scheduler_msgs/include/rmf_scheduler_msgs/rmf_scheduler_msgs/srv/detail/cancel_schedule__type_support.h
-- Installing: /home/wang/rmf_ws/install/rmf_scheduler_msgs/include/rmf_scheduler_msgs/rmf_scheduler_msgs/srv/detail/list_triggers__functions.c
-- Installing: /home/wang/rmf_ws/install/rmf_scheduler_msgs/include/rmf_scheduler_msgs/rmf_scheduler_msgs/srv/detail/list_schedules__functions.c
-- Installing: /home/wang/rmf_ws/install/rmf_scheduler_msgs/include/rmf_scheduler_msgs/rmf_scheduler_msgs/srv/detail/create_schedule__type_support.h
-- Installing: /home/wang/rmf_ws/install/rmf_scheduler_msgs/include/rmf_scheduler_msgs/rmf_scheduler_msgs/srv/detail/cancel_schedule__struct.h
-- Installing: /home/wang/rmf_ws/install/rmf_scheduler_msgs/include/rmf_scheduler_msgs/rmf_scheduler_msgs/srv/detail/list_schedule_states__type_support.h
-- Installing: /home/wang/rmf_ws/install/rmf_scheduler_msgs/include/rmf_scheduler_msgs/rmf_scheduler_msgs/srv/detail/list_triggers__struct.h
-- Installing: /home/wang/rmf_ws/install/rmf_scheduler_msgs/include/rmf_scheduler_msgs/rmf_scheduler_msgs/srv/detail/cancel_trigger__type_support.h
-- Installing: /home/wang/rmf_ws/install/rmf_scheduler_msgs/include/rmf_scheduler_msgs/rmf_scheduler_msgs/srv/create_schedule.h
-- Installing: /home/wang/rmf_ws/install/rmf_scheduler_msgs/include/rmf_scheduler_msgs/rmf_scheduler_msgs/srv/list_trigger_states.h
-- Installing: /home/wang/rmf_ws/install/rmf_scheduler_msgs/include/rmf_scheduler_msgs/rmf_scheduler_msgs/srv/list_triggers.h
-- Installing: /home/wang/rmf_ws/install/rmf_scheduler_msgs/include/rmf_scheduler_msgs/rmf_scheduler_msgs/srv/list_schedules.h
-- Installing: /home/wang/rmf_ws/install/rmf_scheduler_msgs/include/rmf_scheduler_msgs/rmf_scheduler_msgs/srv/cancel_schedule.h
-- Installing: /home/wang/rmf_ws/install/rmf_scheduler_msgs/include/rmf_scheduler_msgs/rmf_scheduler_msgs/srv/cancel_trigger.h
-- Installing: /home/wang/rmf_ws/install/rmf_scheduler_msgs/include/rmf_scheduler_msgs/rmf_scheduler_msgs/srv/list_schedule_states.h
-- Installing: /home/wang/rmf_ws/install/rmf_scheduler_msgs/include/rmf_scheduler_msgs/rmf_scheduler_msgs/msg
-- Installing: /home/wang/rmf_ws/install/rmf_scheduler_msgs/include/rmf_scheduler_msgs/rmf_scheduler_msgs/msg/trigger_state.h
-- Installing: /home/wang/rmf_ws/install/rmf_scheduler_msgs/include/rmf_scheduler_msgs/rmf_scheduler_msgs/msg/detail
-- Installing: /home/wang/rmf_ws/install/rmf_scheduler_msgs/include/rmf_scheduler_msgs/rmf_scheduler_msgs/msg/detail/trigger_state__functions.c
-- Installing: /home/wang/rmf_ws/install/rmf_scheduler_msgs/include/rmf_scheduler_msgs/rmf_scheduler_msgs/msg/detail/schedule__functions.h
-- Installing: /home/wang/rmf_ws/install/rmf_scheduler_msgs/include/rmf_scheduler_msgs/rmf_scheduler_msgs/msg/detail/schedule_state__functions.c
-- Installing: /home/wang/rmf_ws/install/rmf_scheduler_msgs/include/rmf_scheduler_msgs/rmf_scheduler_msgs/msg/detail/trigger__struct.h
-- Installing: /home/wang/rmf_ws/install/rmf_scheduler_msgs/include/rmf_scheduler_msgs/rmf_scheduler_msgs/msg/detail/trigger_state__functions.h
-- Installing: /home/wang/rmf_ws/install/rmf_scheduler_msgs/include/rmf_scheduler_msgs/rmf_scheduler_msgs/msg/detail/payload__functions.c
-- Installing: /home/wang/rmf_ws/install/rmf_scheduler_msgs/include/rmf_scheduler_msgs/rmf_scheduler_msgs/msg/detail/schedule__functions.c
-- Installing: /home/wang/rmf_ws/install/rmf_scheduler_msgs/include/rmf_scheduler_msgs/rmf_scheduler_msgs/msg/detail/trigger_state__struct.h
-- Installing: /home/wang/rmf_ws/install/rmf_scheduler_msgs/include/rmf_scheduler_msgs/rmf_scheduler_msgs/msg/detail/trigger__type_support.h
-- Installing: /home/wang/rmf_ws/install/rmf_scheduler_msgs/include/rmf_scheduler_msgs/rmf_scheduler_msgs/msg/detail/trigger_state__type_support.h
-- Installing: /home/wang/rmf_ws/install/rmf_scheduler_msgs/include/rmf_scheduler_msgs/rmf_scheduler_msgs/msg/detail/payload__struct.h
-- Installing: /home/wang/rmf_ws/install/rmf_scheduler_msgs/include/rmf_scheduler_msgs/rmf_scheduler_msgs/msg/detail/payload__type_support.h
-- Installing: /home/wang/rmf_ws/install/rmf_scheduler_msgs/include/rmf_scheduler_msgs/rmf_scheduler_msgs/msg/detail/schedule_state__type_support.h
-- Installing: /home/wang/rmf_ws/install/rmf_scheduler_msgs/include/rmf_scheduler_msgs/rmf_scheduler_msgs/msg/detail/payload__functions.h
-- Installing: /home/wang/rmf_ws/install/rmf_scheduler_msgs/include/rmf_scheduler_msgs/rmf_scheduler_msgs/msg/detail/trigger__functions.h
-- Installing: /home/wang/rmf_ws/install/rmf_scheduler_msgs/include/rmf_scheduler_msgs/rmf_scheduler_msgs/msg/detail/schedule_state__struct.h
-- Installing: /home/wang/rmf_ws/install/rmf_scheduler_msgs/include/rmf_scheduler_msgs/rmf_scheduler_msgs/msg/detail/schedule__struct.h
-- Installing: /home/wang/rmf_ws/install/rmf_scheduler_msgs/include/rmf_scheduler_msgs/rmf_scheduler_msgs/msg/detail/trigger__functions.c
-- Installing: /home/wang/rmf_ws/install/rmf_scheduler_msgs/include/rmf_scheduler_msgs/rmf_scheduler_msgs/msg/detail/schedule__type_support.h
-- Installing: /home/wang/rmf_ws/install/rmf_scheduler_msgs/include/rmf_scheduler_msgs/rmf_scheduler_msgs/msg/detail/schedule_state__functions.h
-- Installing: /home/wang/rmf_ws/install/rmf_scheduler_msgs/include/rmf_scheduler_msgs/rmf_scheduler_msgs/msg/rosidl_generator_c__visibility_control.h
-- Installing: /home/wang/rmf_ws/install/rmf_scheduler_msgs/include/rmf_scheduler_msgs/rmf_scheduler_msgs/msg/payload.h
-- Installing: /home/wang/rmf_ws/install/rmf_scheduler_msgs/include/rmf_scheduler_msgs/rmf_scheduler_msgs/msg/schedule.h
-- Installing: /home/wang/rmf_ws/install/rmf_scheduler_msgs/include/rmf_scheduler_msgs/rmf_scheduler_msgs/msg/trigger.h
-- Installing: /home/wang/rmf_ws/install/rmf_scheduler_msgs/include/rmf_scheduler_msgs/rmf_scheduler_msgs/msg/schedule_state.h
-- Installing: /home/wang/rmf_ws/install/rmf_scheduler_msgs/share/rmf_scheduler_msgs/environment/library_path.sh
-- Installing: /home/wang/rmf_ws/install/rmf_scheduler_msgs/share/rmf_scheduler_msgs/environment/library_path.dsv
-- Installing: /home/wang/rmf_ws/install/rmf_scheduler_msgs/lib/librmf_scheduler_msgs__rosidl_generator_c.so
-- Set runtime path of "/home/wang/rmf_ws/install/rmf_scheduler_msgs/lib/librmf_scheduler_msgs__rosidl_generator_c.so" to ""
-- Up-to-date: /home/wang/rmf_ws/install/rmf_scheduler_msgs/include/rmf_scheduler_msgs/rmf_scheduler_msgs
-- Up-to-date: /home/wang/rmf_ws/install/rmf_scheduler_msgs/include/rmf_scheduler_msgs/rmf_scheduler_msgs/srv
-- Up-to-date: /home/wang/rmf_ws/install/rmf_scheduler_msgs/include/rmf_scheduler_msgs/rmf_scheduler_msgs/srv/detail
-- Installing: /home/wang/rmf_ws/install/rmf_scheduler_msgs/include/rmf_scheduler_msgs/rmf_scheduler_msgs/srv/detail/cancel_schedule__rosidl_typesupport_fastrtps_c.h
-- Installing: /home/wang/rmf_ws/install/rmf_scheduler_msgs/include/rmf_scheduler_msgs/rmf_scheduler_msgs/srv/detail/cancel_trigger__rosidl_typesupport_fastrtps_c.h
-- Installing: /home/wang/rmf_ws/install/rmf_scheduler_msgs/include/rmf_scheduler_msgs/rmf_scheduler_msgs/srv/detail/create_schedule__rosidl_typesupport_fastrtps_c.h
-- Installing: /home/wang/rmf_ws/install/rmf_scheduler_msgs/include/rmf_scheduler_msgs/rmf_scheduler_msgs/srv/detail/list_triggers__rosidl_typesupport_fastrtps_c.h
-- Installing: /home/wang/rmf_ws/install/rmf_scheduler_msgs/include/rmf_scheduler_msgs/rmf_scheduler_msgs/srv/detail/list_schedule_states__rosidl_typesupport_fastrtps_c.h
-- Installing: /home/wang/rmf_ws/install/rmf_scheduler_msgs/include/rmf_scheduler_msgs/rmf_scheduler_msgs/srv/detail/cancel_all__rosidl_typesupport_fastrtps_c.h
-- Installing: /home/wang/rmf_ws/install/rmf_scheduler_msgs/include/rmf_scheduler_msgs/rmf_scheduler_msgs/srv/detail/list_trigger_states__rosidl_typesupport_fastrtps_c.h
-- Installing: /home/wang/rmf_ws/install/rmf_scheduler_msgs/include/rmf_scheduler_msgs/rmf_scheduler_msgs/srv/detail/list_schedules__rosidl_typesupport_fastrtps_c.h
-- Installing: /home/wang/rmf_ws/install/rmf_scheduler_msgs/include/rmf_scheduler_msgs/rmf_scheduler_msgs/srv/detail/create_trigger__rosidl_typesupport_fastrtps_c.h
-- Up-to-date: /home/wang/rmf_ws/install/rmf_scheduler_msgs/include/rmf_scheduler_msgs/rmf_scheduler_msgs/msg
-- Up-to-date: /home/wang/rmf_ws/install/rmf_scheduler_msgs/include/rmf_scheduler_msgs/rmf_scheduler_msgs/msg/detail
-- Installing: /home/wang/rmf_ws/install/rmf_scheduler_msgs/include/rmf_scheduler_msgs/rmf_scheduler_msgs/msg/detail/schedule__rosidl_typesupport_fastrtps_c.h
-- Installing: /home/wang/rmf_ws/install/rmf_scheduler_msgs/include/rmf_scheduler_msgs/rmf_scheduler_msgs/msg/detail/trigger__rosidl_typesupport_fastrtps_c.h
-- Installing: /home/wang/rmf_ws/install/rmf_scheduler_msgs/include/rmf_scheduler_msgs/rmf_scheduler_msgs/msg/detail/schedule_state__rosidl_typesupport_fastrtps_c.h
-- Installing: /home/wang/rmf_ws/install/rmf_scheduler_msgs/include/rmf_scheduler_msgs/rmf_scheduler_msgs/msg/detail/payload__rosidl_typesupport_fastrtps_c.h
-- Installing: /home/wang/rmf_ws/install/rmf_scheduler_msgs/include/rmf_scheduler_msgs/rmf_scheduler_msgs/msg/detail/trigger_state__rosidl_typesupport_fastrtps_c.h
-- Installing: /home/wang/rmf_ws/install/rmf_scheduler_msgs/include/rmf_scheduler_msgs/rmf_scheduler_msgs/msg/rosidl_typesupport_fastrtps_c__visibility_control.h
-- Installing: /home/wang/rmf_ws/install/rmf_scheduler_msgs/lib/librmf_scheduler_msgs__rosidl_typesupport_fastrtps_c.so
-- Set runtime path of "/home/wang/rmf_ws/install/rmf_scheduler_msgs/lib/librmf_scheduler_msgs__rosidl_typesupport_fastrtps_c.so" to ""
-- Up-to-date: /home/wang/rmf_ws/install/rmf_scheduler_msgs/include/rmf_scheduler_msgs/rmf_scheduler_msgs
-- Up-to-date: /home/wang/rmf_ws/install/rmf_scheduler_msgs/include/rmf_scheduler_msgs/rmf_scheduler_msgs/srv
-- Up-to-date: /home/wang/rmf_ws/install/rmf_scheduler_msgs/include/rmf_scheduler_msgs/rmf_scheduler_msgs/srv/detail
-- Installing: /home/wang/rmf_ws/install/rmf_scheduler_msgs/include/rmf_scheduler_msgs/rmf_scheduler_msgs/srv/detail/cancel_all__traits.hpp
-- Installing: /home/wang/rmf_ws/install/rmf_scheduler_msgs/include/rmf_scheduler_msgs/rmf_scheduler_msgs/srv/detail/create_trigger__builder.hpp
-- Installing: /home/wang/rmf_ws/install/rmf_scheduler_msgs/include/rmf_scheduler_msgs/rmf_scheduler_msgs/srv/detail/cancel_all__struct.hpp
-- Installing: /home/wang/rmf_ws/install/rmf_scheduler_msgs/include/rmf_scheduler_msgs/rmf_scheduler_msgs/srv/detail/create_schedule__struct.hpp
-- Installing: /home/wang/rmf_ws/install/rmf_scheduler_msgs/include/rmf_scheduler_msgs/rmf_scheduler_msgs/srv/detail/list_triggers__struct.hpp
-- Installing: /home/wang/rmf_ws/install/rmf_scheduler_msgs/include/rmf_scheduler_msgs/rmf_scheduler_msgs/srv/detail/list_schedules__builder.hpp
-- Installing: /home/wang/rmf_ws/install/rmf_scheduler_msgs/include/rmf_scheduler_msgs/rmf_scheduler_msgs/srv/detail/list_schedule_states__struct.hpp
-- Installing: /home/wang/rmf_ws/install/rmf_scheduler_msgs/include/rmf_scheduler_msgs/rmf_scheduler_msgs/srv/detail/create_schedule__builder.hpp
-- Installing: /home/wang/rmf_ws/install/rmf_scheduler_msgs/include/rmf_scheduler_msgs/rmf_scheduler_msgs/srv/detail/cancel_trigger__traits.hpp
-- Installing: /home/wang/rmf_ws/install/rmf_scheduler_msgs/include/rmf_scheduler_msgs/rmf_scheduler_msgs/srv/detail/create_schedule__traits.hpp
-- Installing: /home/wang/rmf_ws/install/rmf_scheduler_msgs/include/rmf_scheduler_msgs/rmf_scheduler_msgs/srv/detail/list_schedule_states__traits.hpp
-- Installing: /home/wang/rmf_ws/install/rmf_scheduler_msgs/include/rmf_scheduler_msgs/rmf_scheduler_msgs/srv/detail/list_triggers__builder.hpp
-- Installing: /home/wang/rmf_ws/install/rmf_scheduler_msgs/include/rmf_scheduler_msgs/rmf_scheduler_msgs/srv/detail/list_trigger_states__traits.hpp
-- Installing: /home/wang/rmf_ws/install/rmf_scheduler_msgs/include/rmf_scheduler_msgs/rmf_scheduler_msgs/srv/detail/list_schedules__struct.hpp
-- Installing: /home/wang/rmf_ws/install/rmf_scheduler_msgs/include/rmf_scheduler_msgs/rmf_scheduler_msgs/srv/detail/list_triggers__traits.hpp
-- Installing: /home/wang/rmf_ws/install/rmf_scheduler_msgs/include/rmf_scheduler_msgs/rmf_scheduler_msgs/srv/detail/create_trigger__struct.hpp
-- Installing: /home/wang/rmf_ws/install/rmf_scheduler_msgs/include/rmf_scheduler_msgs/rmf_scheduler_msgs/srv/detail/cancel_trigger__struct.hpp
-- Installing: /home/wang/rmf_ws/install/rmf_scheduler_msgs/include/rmf_scheduler_msgs/rmf_scheduler_msgs/srv/detail/list_trigger_states__builder.hpp
-- Installing: /home/wang/rmf_ws/install/rmf_scheduler_msgs/include/rmf_scheduler_msgs/rmf_scheduler_msgs/srv/detail/list_schedules__traits.hpp
-- Installing: /home/wang/rmf_ws/install/rmf_scheduler_msgs/include/rmf_scheduler_msgs/rmf_scheduler_msgs/srv/detail/create_trigger__traits.hpp
-- Installing: /home/wang/rmf_ws/install/rmf_scheduler_msgs/include/rmf_scheduler_msgs/rmf_scheduler_msgs/srv/detail/cancel_schedule__traits.hpp
-- Installing: /home/wang/rmf_ws/install/rmf_scheduler_msgs/include/rmf_scheduler_msgs/rmf_scheduler_msgs/srv/detail/cancel_all__builder.hpp
-- Installing: /home/wang/rmf_ws/install/rmf_scheduler_msgs/include/rmf_scheduler_msgs/rmf_scheduler_msgs/srv/detail/list_schedule_states__builder.hpp
-- Installing: /home/wang/rmf_ws/install/rmf_scheduler_msgs/include/rmf_scheduler_msgs/rmf_scheduler_msgs/srv/detail/list_trigger_states__struct.hpp
-- Installing: /home/wang/rmf_ws/install/rmf_scheduler_msgs/include/rmf_scheduler_msgs/rmf_scheduler_msgs/srv/detail/cancel_schedule__builder.hpp
-- Installing: /home/wang/rmf_ws/install/rmf_scheduler_msgs/include/rmf_scheduler_msgs/rmf_scheduler_msgs/srv/detail/cancel_schedule__struct.hpp
-- Installing: /home/wang/rmf_ws/install/rmf_scheduler_msgs/include/rmf_scheduler_msgs/rmf_scheduler_msgs/srv/detail/cancel_trigger__builder.hpp
-- Installing: /home/wang/rmf_ws/install/rmf_scheduler_msgs/include/rmf_scheduler_msgs/rmf_scheduler_msgs/srv/cancel_trigger.hpp
-- Installing: /home/wang/rmf_ws/install/rmf_scheduler_msgs/include/rmf_scheduler_msgs/rmf_scheduler_msgs/srv/list_schedules.hpp
-- Installing: /home/wang/rmf_ws/install/rmf_scheduler_msgs/include/rmf_scheduler_msgs/rmf_scheduler_msgs/srv/cancel_all.hpp
-- Installing: /home/wang/rmf_ws/install/rmf_scheduler_msgs/include/rmf_scheduler_msgs/rmf_scheduler_msgs/srv/create_trigger.hpp
-- Installing: /home/wang/rmf_ws/install/rmf_scheduler_msgs/include/rmf_scheduler_msgs/rmf_scheduler_msgs/srv/list_triggers.hpp
-- Installing: /home/wang/rmf_ws/install/rmf_scheduler_msgs/include/rmf_scheduler_msgs/rmf_scheduler_msgs/srv/list_trigger_states.hpp
-- Installing: /home/wang/rmf_ws/install/rmf_scheduler_msgs/include/rmf_scheduler_msgs/rmf_scheduler_msgs/srv/list_schedule_states.hpp
-- Installing: /home/wang/rmf_ws/install/rmf_scheduler_msgs/include/rmf_scheduler_msgs/rmf_scheduler_msgs/srv/create_schedule.hpp
-- Installing: /home/wang/rmf_ws/install/rmf_scheduler_msgs/include/rmf_scheduler_msgs/rmf_scheduler_msgs/srv/cancel_schedule.hpp
-- Up-to-date: /home/wang/rmf_ws/install/rmf_scheduler_msgs/include/rmf_scheduler_msgs/rmf_scheduler_msgs/msg
-- Installing: /home/wang/rmf_ws/install/rmf_scheduler_msgs/include/rmf_scheduler_msgs/rmf_scheduler_msgs/msg/trigger.hpp
-- Up-to-date: /home/wang/rmf_ws/install/rmf_scheduler_msgs/include/rmf_scheduler_msgs/rmf_scheduler_msgs/msg/detail
-- Installing: /home/wang/rmf_ws/install/rmf_scheduler_msgs/include/rmf_scheduler_msgs/rmf_scheduler_msgs/msg/detail/trigger__traits.hpp
-- Installing: /home/wang/rmf_ws/install/rmf_scheduler_msgs/include/rmf_scheduler_msgs/rmf_scheduler_msgs/msg/detail/schedule__traits.hpp
-- Installing: /home/wang/rmf_ws/install/rmf_scheduler_msgs/include/rmf_scheduler_msgs/rmf_scheduler_msgs/msg/detail/payload__traits.hpp
-- Installing: /home/wang/rmf_ws/install/rmf_scheduler_msgs/include/rmf_scheduler_msgs/rmf_scheduler_msgs/msg/detail/trigger__struct.hpp
-- Installing: /home/wang/rmf_ws/install/rmf_scheduler_msgs/include/rmf_scheduler_msgs/rmf_scheduler_msgs/msg/detail/payload__builder.hpp
-- Installing: /home/wang/rmf_ws/install/rmf_scheduler_msgs/include/rmf_scheduler_msgs/rmf_scheduler_msgs/msg/detail/trigger_state__struct.hpp
-- Installing: /home/wang/rmf_ws/install/rmf_scheduler_msgs/include/rmf_scheduler_msgs/rmf_scheduler_msgs/msg/detail/trigger_state__builder.hpp
-- Installing: /home/wang/rmf_ws/install/rmf_scheduler_msgs/include/rmf_scheduler_msgs/rmf_scheduler_msgs/msg/detail/schedule__builder.hpp
-- Installing: /home/wang/rmf_ws/install/rmf_scheduler_msgs/include/rmf_scheduler_msgs/rmf_scheduler_msgs/msg/detail/trigger__builder.hpp
-- Installing: /home/wang/rmf_ws/install/rmf_scheduler_msgs/include/rmf_scheduler_msgs/rmf_scheduler_msgs/msg/detail/schedule__struct.hpp
-- Installing: /home/wang/rmf_ws/install/rmf_scheduler_msgs/include/rmf_scheduler_msgs/rmf_scheduler_msgs/msg/detail/schedule_state__struct.hpp
-- Installing: /home/wang/rmf_ws/install/rmf_scheduler_msgs/include/rmf_scheduler_msgs/rmf_scheduler_msgs/msg/detail/trigger_state__traits.hpp
-- Installing: /home/wang/rmf_ws/install/rmf_scheduler_msgs/include/rmf_scheduler_msgs/rmf_scheduler_msgs/msg/detail/schedule_state__builder.hpp
-- Installing: /home/wang/rmf_ws/install/rmf_scheduler_msgs/include/rmf_scheduler_msgs/rmf_scheduler_msgs/msg/detail/schedule_state__traits.hpp
-- Installing: /home/wang/rmf_ws/install/rmf_scheduler_msgs/include/rmf_scheduler_msgs/rmf_scheduler_msgs/msg/detail/payload__struct.hpp
-- Installing: /home/wang/rmf_ws/install/rmf_scheduler_msgs/include/rmf_scheduler_msgs/rmf_scheduler_msgs/msg/schedule_state.hpp
-- Installing: /home/wang/rmf_ws/install/rmf_scheduler_msgs/include/rmf_scheduler_msgs/rmf_scheduler_msgs/msg/payload.hpp
-- Installing: /home/wang/rmf_ws/install/rmf_scheduler_msgs/include/rmf_scheduler_msgs/rmf_scheduler_msgs/msg/trigger_state.hpp
-- Installing: /home/wang/rmf_ws/install/rmf_scheduler_msgs/include/rmf_scheduler_msgs/rmf_scheduler_msgs/msg/schedule.hpp
-- Up-to-date: /home/wang/rmf_ws/install/rmf_scheduler_msgs/include/rmf_scheduler_msgs/rmf_scheduler_msgs
-- Up-to-date: /home/wang/rmf_ws/install/rmf_scheduler_msgs/include/rmf_scheduler_msgs/rmf_scheduler_msgs/srv
-- Up-to-date: /home/wang/rmf_ws/install/rmf_scheduler_msgs/include/rmf_scheduler_msgs/rmf_scheduler_msgs/srv/detail
-- Installing: /home/wang/rmf_ws/install/rmf_scheduler_msgs/include/rmf_scheduler_msgs/rmf_scheduler_msgs/srv/detail/list_trigger_states__rosidl_typesupport_fastrtps_cpp.hpp
-- Installing: /home/wang/rmf_ws/install/rmf_scheduler_msgs/include/rmf_scheduler_msgs/rmf_scheduler_msgs/srv/detail/cancel_schedule__rosidl_typesupport_fastrtps_cpp.hpp
-- Installing: /home/wang/rmf_ws/install/rmf_scheduler_msgs/include/rmf_scheduler_msgs/rmf_scheduler_msgs/srv/detail/dds_fastrtps
-- Installing: /home/wang/rmf_ws/install/rmf_scheduler_msgs/include/rmf_scheduler_msgs/rmf_scheduler_msgs/srv/detail/list_schedule_states__rosidl_typesupport_fastrtps_cpp.hpp
-- Installing: /home/wang/rmf_ws/install/rmf_scheduler_msgs/include/rmf_scheduler_msgs/rmf_scheduler_msgs/srv/detail/create_schedule__rosidl_typesupport_fastrtps_cpp.hpp
-- Installing: /home/wang/rmf_ws/install/rmf_scheduler_msgs/include/rmf_scheduler_msgs/rmf_scheduler_msgs/srv/detail/create_trigger__rosidl_typesupport_fastrtps_cpp.hpp
-- Installing: /home/wang/rmf_ws/install/rmf_scheduler_msgs/include/rmf_scheduler_msgs/rmf_scheduler_msgs/srv/detail/cancel_trigger__rosidl_typesupport_fastrtps_cpp.hpp
-- Installing: /home/wang/rmf_ws/install/rmf_scheduler_msgs/include/rmf_scheduler_msgs/rmf_scheduler_msgs/srv/detail/cancel_all__rosidl_typesupport_fastrtps_cpp.hpp
-- Installing: /home/wang/rmf_ws/install/rmf_scheduler_msgs/include/rmf_scheduler_msgs/rmf_scheduler_msgs/srv/detail/list_schedules__rosidl_typesupport_fastrtps_cpp.hpp
-- Installing: /home/wang/rmf_ws/install/rmf_scheduler_msgs/include/rmf_scheduler_msgs/rmf_scheduler_msgs/srv/detail/list_triggers__rosidl_typesupport_fastrtps_cpp.hpp
-- Up-to-date: /home/wang/rmf_ws/install/rmf_scheduler_msgs/include/rmf_scheduler_msgs/rmf_scheduler_msgs/msg
-- Up-to-date: /home/wang/rmf_ws/install/rmf_scheduler_msgs/include/rmf_scheduler_msgs/rmf_scheduler_msgs/msg/detail
-- Installing: /home/wang/rmf_ws/install/rmf_scheduler_msgs/include/rmf_scheduler_msgs/rmf_scheduler_msgs/msg/detail/schedule_state__rosidl_typesupport_fastrtps_cpp.hpp
-- Installing: /home/wang/rmf_ws/install/rmf_scheduler_msgs/include/rmf_scheduler_msgs/rmf_scheduler_msgs/msg/detail/dds_fastrtps
-- Installing: /home/wang/rmf_ws/install/rmf_scheduler_msgs/include/rmf_scheduler_msgs/rmf_scheduler_msgs/msg/detail/trigger_state__rosidl_typesupport_fastrtps_cpp.hpp
-- Installing: /home/wang/rmf_ws/install/rmf_scheduler_msgs/include/rmf_scheduler_msgs/rmf_scheduler_msgs/msg/detail/payload__rosidl_typesupport_fastrtps_cpp.hpp
-- Installing: /home/wang/rmf_ws/install/rmf_scheduler_msgs/include/rmf_scheduler_msgs/rmf_scheduler_msgs/msg/detail/schedule__rosidl_typesupport_fastrtps_cpp.hpp
-- Installing: /home/wang/rmf_ws/install/rmf_scheduler_msgs/include/rmf_scheduler_msgs/rmf_scheduler_msgs/msg/detail/trigger__rosidl_typesupport_fastrtps_cpp.hpp
-- Installing: /home/wang/rmf_ws/install/rmf_scheduler_msgs/include/rmf_scheduler_msgs/rmf_scheduler_msgs/msg/rosidl_typesupport_fastrtps_cpp__visibility_control.h
-- Installing: /home/wang/rmf_ws/install/rmf_scheduler_msgs/lib/librmf_scheduler_msgs__rosidl_typesupport_fastrtps_cpp.so
-- Set runtime path of "/home/wang/rmf_ws/install/rmf_scheduler_msgs/lib/librmf_scheduler_msgs__rosidl_typesupport_fastrtps_cpp.so" to ""
-- Up-to-date: /home/wang/rmf_ws/install/rmf_scheduler_msgs/include/rmf_scheduler_msgs/rmf_scheduler_msgs
-- Up-to-date: /home/wang/rmf_ws/install/rmf_scheduler_msgs/include/rmf_scheduler_msgs/rmf_scheduler_msgs/srv
-- Up-to-date: /home/wang/rmf_ws/install/rmf_scheduler_msgs/include/rmf_scheduler_msgs/rmf_scheduler_msgs/srv/detail
-- Installing: /home/wang/rmf_ws/install/rmf_scheduler_msgs/include/rmf_scheduler_msgs/rmf_scheduler_msgs/srv/detail/list_schedule_states__rosidl_typesupport_introspection_c.h
-- Installing: /home/wang/rmf_ws/install/rmf_scheduler_msgs/include/rmf_scheduler_msgs/rmf_scheduler_msgs/srv/detail/list_schedules__rosidl_typesupport_introspection_c.h
-- Installing: /home/wang/rmf_ws/install/rmf_scheduler_msgs/include/rmf_scheduler_msgs/rmf_scheduler_msgs/srv/detail/list_schedule_states__type_support.c
-- Installing: /home/wang/rmf_ws/install/rmf_scheduler_msgs/include/rmf_scheduler_msgs/rmf_scheduler_msgs/srv/detail/create_schedule__type_support.c
-- Installing: /home/wang/rmf_ws/install/rmf_scheduler_msgs/include/rmf_scheduler_msgs/rmf_scheduler_msgs/srv/detail/list_triggers__type_support.c
-- Installing: /home/wang/rmf_ws/install/rmf_scheduler_msgs/include/rmf_scheduler_msgs/rmf_scheduler_msgs/srv/detail/list_trigger_states__rosidl_typesupport_introspection_c.h
-- Installing: /home/wang/rmf_ws/install/rmf_scheduler_msgs/include/rmf_scheduler_msgs/rmf_scheduler_msgs/srv/detail/cancel_trigger__rosidl_typesupport_introspection_c.h
-- Installing: /home/wang/rmf_ws/install/rmf_scheduler_msgs/include/rmf_scheduler_msgs/rmf_scheduler_msgs/srv/detail/create_trigger__rosidl_typesupport_introspection_c.h
-- Installing: /home/wang/rmf_ws/install/rmf_scheduler_msgs/include/rmf_scheduler_msgs/rmf_scheduler_msgs/srv/detail/cancel_schedule__type_support.c
-- Installing: /home/wang/rmf_ws/install/rmf_scheduler_msgs/include/rmf_scheduler_msgs/rmf_scheduler_msgs/srv/detail/create_trigger__type_support.c
-- Installing: /home/wang/rmf_ws/install/rmf_scheduler_msgs/include/rmf_scheduler_msgs/rmf_scheduler_msgs/srv/detail/cancel_trigger__type_support.c
-- Installing: /home/wang/rmf_ws/install/rmf_scheduler_msgs/include/rmf_scheduler_msgs/rmf_scheduler_msgs/srv/detail/cancel_all__rosidl_typesupport_introspection_c.h
-- Installing: /home/wang/rmf_ws/install/rmf_scheduler_msgs/include/rmf_scheduler_msgs/rmf_scheduler_msgs/srv/detail/cancel_all__type_support.c
-- Installing: /home/wang/rmf_ws/install/rmf_scheduler_msgs/include/rmf_scheduler_msgs/rmf_scheduler_msgs/srv/detail/cancel_schedule__rosidl_typesupport_introspection_c.h
-- Installing: /home/wang/rmf_ws/install/rmf_scheduler_msgs/include/rmf_scheduler_msgs/rmf_scheduler_msgs/srv/detail/list_triggers__rosidl_typesupport_introspection_c.h
-- Installing: /home/wang/rmf_ws/install/rmf_scheduler_msgs/include/rmf_scheduler_msgs/rmf_scheduler_msgs/srv/detail/list_trigger_states__type_support.c
-- Installing: /home/wang/rmf_ws/install/rmf_scheduler_msgs/include/rmf_scheduler_msgs/rmf_scheduler_msgs/srv/detail/list_schedules__type_support.c
-- Installing: /home/wang/rmf_ws/install/rmf_scheduler_msgs/include/rmf_scheduler_msgs/rmf_scheduler_msgs/srv/detail/create_schedule__rosidl_typesupport_introspection_c.h
-- Up-to-date: /home/wang/rmf_ws/install/rmf_scheduler_msgs/include/rmf_scheduler_msgs/rmf_scheduler_msgs/msg
-- Up-to-date: /home/wang/rmf_ws/install/rmf_scheduler_msgs/include/rmf_scheduler_msgs/rmf_scheduler_msgs/msg/detail
-- Installing: /home/wang/rmf_ws/install/rmf_scheduler_msgs/include/rmf_scheduler_msgs/rmf_scheduler_msgs/msg/detail/trigger_state__rosidl_typesupport_introspection_c.h
-- Installing: /home/wang/rmf_ws/install/rmf_scheduler_msgs/include/rmf_scheduler_msgs/rmf_scheduler_msgs/msg/detail/payload__rosidl_typesupport_introspection_c.h
-- Installing: /home/wang/rmf_ws/install/rmf_scheduler_msgs/include/rmf_scheduler_msgs/rmf_scheduler_msgs/msg/detail/trigger__rosidl_typesupport_introspection_c.h
-- Installing: /home/wang/rmf_ws/install/rmf_scheduler_msgs/include/rmf_scheduler_msgs/rmf_scheduler_msgs/msg/detail/schedule_state__type_support.c
-- Installing: /home/wang/rmf_ws/install/rmf_scheduler_msgs/include/rmf_scheduler_msgs/rmf_scheduler_msgs/msg/detail/schedule__type_support.c
-- Installing: /home/wang/rmf_ws/install/rmf_scheduler_msgs/include/rmf_scheduler_msgs/rmf_scheduler_msgs/msg/detail/schedule_state__rosidl_typesupport_introspection_c.h
-- Installing: /home/wang/rmf_ws/install/rmf_scheduler_msgs/include/rmf_scheduler_msgs/rmf_scheduler_msgs/msg/detail/trigger__type_support.c
-- Installing: /home/wang/rmf_ws/install/rmf_scheduler_msgs/include/rmf_scheduler_msgs/rmf_scheduler_msgs/msg/detail/schedule__rosidl_typesupport_introspection_c.h
-- Installing: /home/wang/rmf_ws/install/rmf_scheduler_msgs/include/rmf_scheduler_msgs/rmf_scheduler_msgs/msg/detail/trigger_state__type_support.c
-- Installing: /home/wang/rmf_ws/install/rmf_scheduler_msgs/include/rmf_scheduler_msgs/rmf_scheduler_msgs/msg/detail/payload__type_support.c
-- Installing: /home/wang/rmf_ws/install/rmf_scheduler_msgs/include/rmf_scheduler_msgs/rmf_scheduler_msgs/msg/rosidl_typesupport_introspection_c__visibility_control.h
-- Installing: /home/wang/rmf_ws/install/rmf_scheduler_msgs/lib/librmf_scheduler_msgs__rosidl_typesupport_introspection_c.so
-- Set runtime path of "/home/wang/rmf_ws/install/rmf_scheduler_msgs/lib/librmf_scheduler_msgs__rosidl_typesupport_introspection_c.so" to ""
-- Installing: /home/wang/rmf_ws/install/rmf_scheduler_msgs/lib/librmf_scheduler_msgs__rosidl_typesupport_c.so
-- Set runtime path of "/home/wang/rmf_ws/install/rmf_scheduler_msgs/lib/librmf_scheduler_msgs__rosidl_typesupport_c.so" to ""
-- Up-to-date: /home/wang/rmf_ws/install/rmf_scheduler_msgs/include/rmf_scheduler_msgs/rmf_scheduler_msgs
-- Up-to-date: /home/wang/rmf_ws/install/rmf_scheduler_msgs/include/rmf_scheduler_msgs/rmf_scheduler_msgs/srv
-- Up-to-date: /home/wang/rmf_ws/install/rmf_scheduler_msgs/include/rmf_scheduler_msgs/rmf_scheduler_msgs/srv/detail
-- Installing: /home/wang/rmf_ws/install/rmf_scheduler_msgs/include/rmf_scheduler_msgs/rmf_scheduler_msgs/srv/detail/list_trigger_states__type_support.cpp
-- Installing: /home/wang/rmf_ws/install/rmf_scheduler_msgs/include/rmf_scheduler_msgs/rmf_scheduler_msgs/srv/detail/cancel_all__rosidl_typesupport_introspection_cpp.hpp
-- Installing: /home/wang/rmf_ws/install/rmf_scheduler_msgs/include/rmf_scheduler_msgs/rmf_scheduler_msgs/srv/detail/list_schedule_states__rosidl_typesupport_introspection_cpp.hpp
-- Installing: /home/wang/rmf_ws/install/rmf_scheduler_msgs/include/rmf_scheduler_msgs/rmf_scheduler_msgs/srv/detail/cancel_schedule__rosidl_typesupport_introspection_cpp.hpp
-- Installing: /home/wang/rmf_ws/install/rmf_scheduler_msgs/include/rmf_scheduler_msgs/rmf_scheduler_msgs/srv/detail/create_trigger__type_support.cpp
-- Installing: /home/wang/rmf_ws/install/rmf_scheduler_msgs/include/rmf_scheduler_msgs/rmf_scheduler_msgs/srv/detail/list_schedule_states__type_support.cpp
-- Installing: /home/wang/rmf_ws/install/rmf_scheduler_msgs/include/rmf_scheduler_msgs/rmf_scheduler_msgs/srv/detail/cancel_schedule__type_support.cpp
-- Installing: /home/wang/rmf_ws/install/rmf_scheduler_msgs/include/rmf_scheduler_msgs/rmf_scheduler_msgs/srv/detail/list_triggers__type_support.cpp
-- Installing: /home/wang/rmf_ws/install/rmf_scheduler_msgs/include/rmf_scheduler_msgs/rmf_scheduler_msgs/srv/detail/cancel_trigger__type_support.cpp
-- Installing: /home/wang/rmf_ws/install/rmf_scheduler_msgs/include/rmf_scheduler_msgs/rmf_scheduler_msgs/srv/detail/create_schedule__rosidl_typesupport_introspection_cpp.hpp
-- Installing: /home/wang/rmf_ws/install/rmf_scheduler_msgs/include/rmf_scheduler_msgs/rmf_scheduler_msgs/srv/detail/list_schedules__rosidl_typesupport_introspection_cpp.hpp
-- Installing: /home/wang/rmf_ws/install/rmf_scheduler_msgs/include/rmf_scheduler_msgs/rmf_scheduler_msgs/srv/detail/create_trigger__rosidl_typesupport_introspection_cpp.hpp
-- Installing: /home/wang/rmf_ws/install/rmf_scheduler_msgs/include/rmf_scheduler_msgs/rmf_scheduler_msgs/srv/detail/list_schedules__type_support.cpp
-- Installing: /home/wang/rmf_ws/install/rmf_scheduler_msgs/include/rmf_scheduler_msgs/rmf_scheduler_msgs/srv/detail/list_trigger_states__rosidl_typesupport_introspection_cpp.hpp
-- Installing: /home/wang/rmf_ws/install/rmf_scheduler_msgs/include/rmf_scheduler_msgs/rmf_scheduler_msgs/srv/detail/cancel_trigger__rosidl_typesupport_introspection_cpp.hpp
-- Installing: /home/wang/rmf_ws/install/rmf_scheduler_msgs/include/rmf_scheduler_msgs/rmf_scheduler_msgs/srv/detail/create_schedule__type_support.cpp
-- Installing: /home/wang/rmf_ws/install/rmf_scheduler_msgs/include/rmf_scheduler_msgs/rmf_scheduler_msgs/srv/detail/list_triggers__rosidl_typesupport_introspection_cpp.hpp
-- Installing: /home/wang/rmf_ws/install/rmf_scheduler_msgs/include/rmf_scheduler_msgs/rmf_scheduler_msgs/srv/detail/cancel_all__type_support.cpp
-- Up-to-date: /home/wang/rmf_ws/install/rmf_scheduler_msgs/include/rmf_scheduler_msgs/rmf_scheduler_msgs/msg
-- Up-to-date: /home/wang/rmf_ws/install/rmf_scheduler_msgs/include/rmf_scheduler_msgs/rmf_scheduler_msgs/msg/detail
-- Installing: /home/wang/rmf_ws/install/rmf_scheduler_msgs/include/rmf_scheduler_msgs/rmf_scheduler_msgs/msg/detail/schedule__type_support.cpp
-- Installing: /home/wang/rmf_ws/install/rmf_scheduler_msgs/include/rmf_scheduler_msgs/rmf_scheduler_msgs/msg/detail/trigger_state__type_support.cpp
-- Installing: /home/wang/rmf_ws/install/rmf_scheduler_msgs/include/rmf_scheduler_msgs/rmf_scheduler_msgs/msg/detail/schedule_state__type_support.cpp
-- Installing: /home/wang/rmf_ws/install/rmf_scheduler_msgs/include/rmf_scheduler_msgs/rmf_scheduler_msgs/msg/detail/trigger_state__rosidl_typesupport_introspection_cpp.hpp
-- Installing: /home/wang/rmf_ws/install/rmf_scheduler_msgs/include/rmf_scheduler_msgs/rmf_scheduler_msgs/msg/detail/payload__type_support.cpp
-- Installing: /home/wang/rmf_ws/install/rmf_scheduler_msgs/include/rmf_scheduler_msgs/rmf_scheduler_msgs/msg/detail/schedule_state__rosidl_typesupport_introspection_cpp.hpp
-- Installing: /home/wang/rmf_ws/install/rmf_scheduler_msgs/include/rmf_scheduler_msgs/rmf_scheduler_msgs/msg/detail/trigger__type_support.cpp
-- Installing: /home/wang/rmf_ws/install/rmf_scheduler_msgs/include/rmf_scheduler_msgs/rmf_scheduler_msgs/msg/detail/schedule__rosidl_typesupport_introspection_cpp.hpp
-- Installing: /home/wang/rmf_ws/install/rmf_scheduler_msgs/include/rmf_scheduler_msgs/rmf_scheduler_msgs/msg/detail/payload__rosidl_typesupport_introspection_cpp.hpp
-- Installing: /home/wang/rmf_ws/install/rmf_scheduler_msgs/include/rmf_scheduler_msgs/rmf_scheduler_msgs/msg/detail/trigger__rosidl_typesupport_introspection_cpp.hpp
-- Installing: /home/wang/rmf_ws/install/rmf_scheduler_msgs/lib/librmf_scheduler_msgs__rosidl_typesupport_introspection_cpp.so
-- Set runtime path of "/home/wang/rmf_ws/install/rmf_scheduler_msgs/lib/librmf_scheduler_msgs__rosidl_typesupport_introspection_cpp.so" to ""
-- Installing: /home/wang/rmf_ws/install/rmf_scheduler_msgs/lib/librmf_scheduler_msgs__rosidl_typesupport_cpp.so
-- Set runtime path of "/home/wang/rmf_ws/install/rmf_scheduler_msgs/lib/librmf_scheduler_msgs__rosidl_typesupport_cpp.so" to ""
-- Installing: /home/wang/rmf_ws/install/rmf_scheduler_msgs/share/rmf_scheduler_msgs/environment/pythonpath.sh
-- Installing: /home/wang/rmf_ws/install/rmf_scheduler_msgs/share/rmf_scheduler_msgs/environment/pythonpath.dsv
-- Installing: /home/wang/rmf_ws/install/rmf_scheduler_msgs/local/lib/python3.10/dist-packages/rmf_scheduler_msgs-3.0.3-py3.10.egg-info
-- Installing: /home/wang/rmf_ws/install/rmf_scheduler_msgs/local/lib/python3.10/dist-packages/rmf_scheduler_msgs-3.0.3-py3.10.egg-info/PKG-INFO
-- Installing: /home/wang/rmf_ws/install/rmf_scheduler_msgs/local/lib/python3.10/dist-packages/rmf_scheduler_msgs-3.0.3-py3.10.egg-info/dependency_links.txt
-- Installing: /home/wang/rmf_ws/install/rmf_scheduler_msgs/local/lib/python3.10/dist-packages/rmf_scheduler_msgs-3.0.3-py3.10.egg-info/SOURCES.txt
-- Installing: /home/wang/rmf_ws/install/rmf_scheduler_msgs/local/lib/python3.10/dist-packages/rmf_scheduler_msgs-3.0.3-py3.10.egg-info/top_level.txt
-- Installing: /home/wang/rmf_ws/install/rmf_scheduler_msgs/local/lib/python3.10/dist-packages/rmf_scheduler_msgs
-- Installing: /home/wang/rmf_ws/install/rmf_scheduler_msgs/local/lib/python3.10/dist-packages/rmf_scheduler_msgs/__init__.py
-- Installing: /home/wang/rmf_ws/install/rmf_scheduler_msgs/local/lib/python3.10/dist-packages/rmf_scheduler_msgs/librmf_scheduler_msgs__rosidl_generator_py.so
-- Installing: /home/wang/rmf_ws/install/rmf_scheduler_msgs/local/lib/python3.10/dist-packages/rmf_scheduler_msgs/_rmf_scheduler_msgs_s.ep.rosidl_typesupport_introspection_c.c
-- Installing: /home/wang/rmf_ws/install/rmf_scheduler_msgs/local/lib/python3.10/dist-packages/rmf_scheduler_msgs/_rmf_scheduler_msgs_s.ep.rosidl_typesupport_c.c
-- Installing: /home/wang/rmf_ws/install/rmf_scheduler_msgs/local/lib/python3.10/dist-packages/rmf_scheduler_msgs/rmf_scheduler_msgs_s__rosidl_typesupport_fastrtps_c.cpython-310-x86_64-linux-gnu.so
-- Installing: /home/wang/rmf_ws/install/rmf_scheduler_msgs/local/lib/python3.10/dist-packages/rmf_scheduler_msgs/srv
-- Installing: /home/wang/rmf_ws/install/rmf_scheduler_msgs/local/lib/python3.10/dist-packages/rmf_scheduler_msgs/srv/_cancel_schedule_s.c
-- Installing: /home/wang/rmf_ws/install/rmf_scheduler_msgs/local/lib/python3.10/dist-packages/rmf_scheduler_msgs/srv/__init__.py
-- Installing: /home/wang/rmf_ws/install/rmf_scheduler_msgs/local/lib/python3.10/dist-packages/rmf_scheduler_msgs/srv/_list_triggers_s.c
-- Installing: /home/wang/rmf_ws/install/rmf_scheduler_msgs/local/lib/python3.10/dist-packages/rmf_scheduler_msgs/srv/_list_schedule_states_s.c
-- Installing: /home/wang/rmf_ws/install/rmf_scheduler_msgs/local/lib/python3.10/dist-packages/rmf_scheduler_msgs/srv/_cancel_trigger.py
-- Installing: /home/wang/rmf_ws/install/rmf_scheduler_msgs/local/lib/python3.10/dist-packages/rmf_scheduler_msgs/srv/_create_trigger_s.c
-- Installing: /home/wang/rmf_ws/install/rmf_scheduler_msgs/local/lib/python3.10/dist-packages/rmf_scheduler_msgs/srv/_create_schedule_s.c
-- Installing: /home/wang/rmf_ws/install/rmf_scheduler_msgs/local/lib/python3.10/dist-packages/rmf_scheduler_msgs/srv/_cancel_all_s.c
-- Installing: /home/wang/rmf_ws/install/rmf_scheduler_msgs/local/lib/python3.10/dist-packages/rmf_scheduler_msgs/srv/_cancel_trigger_s.c
-- Installing: /home/wang/rmf_ws/install/rmf_scheduler_msgs/local/lib/python3.10/dist-packages/rmf_scheduler_msgs/srv/_create_trigger.py
-- Installing: /home/wang/rmf_ws/install/rmf_scheduler_msgs/local/lib/python3.10/dist-packages/rmf_scheduler_msgs/srv/_list_triggers.py
-- Installing: /home/wang/rmf_ws/install/rmf_scheduler_msgs/local/lib/python3.10/dist-packages/rmf_scheduler_msgs/srv/_list_schedule_states.py
-- Installing: /home/wang/rmf_ws/install/rmf_scheduler_msgs/local/lib/python3.10/dist-packages/rmf_scheduler_msgs/srv/_cancel_schedule.py
-- Installing: /home/wang/rmf_ws/install/rmf_scheduler_msgs/local/lib/python3.10/dist-packages/rmf_scheduler_msgs/srv/_list_schedules.py
-- Installing: /home/wang/rmf_ws/install/rmf_scheduler_msgs/local/lib/python3.10/dist-packages/rmf_scheduler_msgs/srv/_create_schedule.py
-- Installing: /home/wang/rmf_ws/install/rmf_scheduler_msgs/local/lib/python3.10/dist-packages/rmf_scheduler_msgs/srv/_cancel_all.py
-- Installing: /home/wang/rmf_ws/install/rmf_scheduler_msgs/local/lib/python3.10/dist-packages/rmf_scheduler_msgs/srv/_list_schedules_s.c
-- Installing: /home/wang/rmf_ws/install/rmf_scheduler_msgs/local/lib/python3.10/dist-packages/rmf_scheduler_msgs/srv/_list_trigger_states_s.c
-- Installing: /home/wang/rmf_ws/install/rmf_scheduler_msgs/local/lib/python3.10/dist-packages/rmf_scheduler_msgs/srv/_list_trigger_states.py
-- Installing: /home/wang/rmf_ws/install/rmf_scheduler_msgs/local/lib/python3.10/dist-packages/rmf_scheduler_msgs/rmf_scheduler_msgs_s__rosidl_typesupport_c.cpython-310-x86_64-linux-gnu.so
-- Installing: /home/wang/rmf_ws/install/rmf_scheduler_msgs/local/lib/python3.10/dist-packages/rmf_scheduler_msgs/rmf_scheduler_msgs_s__rosidl_typesupport_introspection_c.cpython-310-x86_64-linux-gnu.so
-- Installing: /home/wang/rmf_ws/install/rmf_scheduler_msgs/local/lib/python3.10/dist-packages/rmf_scheduler_msgs/_rmf_scheduler_msgs_s.ep.rosidl_typesupport_fastrtps_c.c
-- Installing: /home/wang/rmf_ws/install/rmf_scheduler_msgs/local/lib/python3.10/dist-packages/rmf_scheduler_msgs/msg
-- Installing: /home/wang/rmf_ws/install/rmf_scheduler_msgs/local/lib/python3.10/dist-packages/rmf_scheduler_msgs/msg/_payload_s.c
-- Installing: /home/wang/rmf_ws/install/rmf_scheduler_msgs/local/lib/python3.10/dist-packages/rmf_scheduler_msgs/msg/_trigger_state.py
-- Installing: /home/wang/rmf_ws/install/rmf_scheduler_msgs/local/lib/python3.10/dist-packages/rmf_scheduler_msgs/msg/_schedule_s.c
-- Installing: /home/wang/rmf_ws/install/rmf_scheduler_msgs/local/lib/python3.10/dist-packages/rmf_scheduler_msgs/msg/__init__.py
-- Installing: /home/wang/rmf_ws/install/rmf_scheduler_msgs/local/lib/python3.10/dist-packages/rmf_scheduler_msgs/msg/_trigger.py
-- Installing: /home/wang/rmf_ws/install/rmf_scheduler_msgs/local/lib/python3.10/dist-packages/rmf_scheduler_msgs/msg/_schedule_state.py
-- Installing: /home/wang/rmf_ws/install/rmf_scheduler_msgs/local/lib/python3.10/dist-packages/rmf_scheduler_msgs/msg/_schedule.py
-- Installing: /home/wang/rmf_ws/install/rmf_scheduler_msgs/local/lib/python3.10/dist-packages/rmf_scheduler_msgs/msg/_schedule_state_s.c
-- Installing: /home/wang/rmf_ws/install/rmf_scheduler_msgs/local/lib/python3.10/dist-packages/rmf_scheduler_msgs/msg/_payload.py
-- Installing: /home/wang/rmf_ws/install/rmf_scheduler_msgs/local/lib/python3.10/dist-packages/rmf_scheduler_msgs/msg/_trigger_s.c
-- Installing: /home/wang/rmf_ws/install/rmf_scheduler_msgs/local/lib/python3.10/dist-packages/rmf_scheduler_msgs/msg/_trigger_state_s.c
Listing '/home/wang/rmf_ws/install/rmf_scheduler_msgs/local/lib/python3.10/dist-packages/rmf_scheduler_msgs'...
Compiling '/home/wang/rmf_ws/install/rmf_scheduler_msgs/local/lib/python3.10/dist-packages/rmf_scheduler_msgs/__init__.py'...
Listing '/home/wang/rmf_ws/install/rmf_scheduler_msgs/local/lib/python3.10/dist-packages/rmf_scheduler_msgs/msg'...
Compiling '/home/wang/rmf_ws/install/rmf_scheduler_msgs/local/lib/python3.10/dist-packages/rmf_scheduler_msgs/msg/__init__.py'...
Compiling '/home/wang/rmf_ws/install/rmf_scheduler_msgs/local/lib/python3.10/dist-packages/rmf_scheduler_msgs/msg/_payload.py'...
Compiling '/home/wang/rmf_ws/install/rmf_scheduler_msgs/local/lib/python3.10/dist-packages/rmf_scheduler_msgs/msg/_schedule.py'...
Compiling '/home/wang/rmf_ws/install/rmf_scheduler_msgs/local/lib/python3.10/dist-packages/rmf_scheduler_msgs/msg/_schedule_state.py'...
Compiling '/home/wang/rmf_ws/install/rmf_scheduler_msgs/local/lib/python3.10/dist-packages/rmf_scheduler_msgs/msg/_trigger.py'...
Compiling '/home/wang/rmf_ws/install/rmf_scheduler_msgs/local/lib/python3.10/dist-packages/rmf_scheduler_msgs/msg/_trigger_state.py'...
Listing '/home/wang/rmf_ws/install/rmf_scheduler_msgs/local/lib/python3.10/dist-packages/rmf_scheduler_msgs/srv'...
Compiling '/home/wang/rmf_ws/install/rmf_scheduler_msgs/local/lib/python3.10/dist-packages/rmf_scheduler_msgs/srv/__init__.py'...
Compiling '/home/wang/rmf_ws/install/rmf_scheduler_msgs/local/lib/python3.10/dist-packages/rmf_scheduler_msgs/srv/_cancel_all.py'...
Compiling '/home/wang/rmf_ws/install/rmf_scheduler_msgs/local/lib/python3.10/dist-packages/rmf_scheduler_msgs/srv/_cancel_schedule.py'...
Compiling '/home/wang/rmf_ws/install/rmf_scheduler_msgs/local/lib/python3.10/dist-packages/rmf_scheduler_msgs/srv/_cancel_trigger.py'...
Compiling '/home/wang/rmf_ws/install/rmf_scheduler_msgs/local/lib/python3.10/dist-packages/rmf_scheduler_msgs/srv/_create_schedule.py'...
Compiling '/home/wang/rmf_ws/install/rmf_scheduler_msgs/local/lib/python3.10/dist-packages/rmf_scheduler_msgs/srv/_create_trigger.py'...
Compiling '/home/wang/rmf_ws/install/rmf_scheduler_msgs/local/lib/python3.10/dist-packages/rmf_scheduler_msgs/srv/_list_schedule_states.py'...
Compiling '/home/wang/rmf_ws/install/rmf_scheduler_msgs/local/lib/python3.10/dist-packages/rmf_scheduler_msgs/srv/_list_schedules.py'...
Compiling '/home/wang/rmf_ws/install/rmf_scheduler_msgs/local/lib/python3.10/dist-packages/rmf_scheduler_msgs/srv/_list_trigger_states.py'...
Compiling '/home/wang/rmf_ws/install/rmf_scheduler_msgs/local/lib/python3.10/dist-packages/rmf_scheduler_msgs/srv/_list_triggers.py'...
-- Installing: /home/wang/rmf_ws/install/rmf_scheduler_msgs/local/lib/python3.10/dist-packages/rmf_scheduler_msgs/rmf_scheduler_msgs_s__rosidl_typesupport_fastrtps_c.cpython-310-x86_64-linux-gnu.so
-- Set runtime path of "/home/wang/rmf_ws/install/rmf_scheduler_msgs/local/lib/python3.10/dist-packages/rmf_scheduler_msgs/rmf_scheduler_msgs_s__rosidl_typesupport_fastrtps_c.cpython-310-x86_64-linux-gnu.so" to ""
-- Installing: /home/wang/rmf_ws/install/rmf_scheduler_msgs/local/lib/python3.10/dist-packages/rmf_scheduler_msgs/rmf_scheduler_msgs_s__rosidl_typesupport_introspection_c.cpython-310-x86_64-linux-gnu.so
-- Set runtime path of "/home/wang/rmf_ws/install/rmf_scheduler_msgs/local/lib/python3.10/dist-packages/rmf_scheduler_msgs/rmf_scheduler_msgs_s__rosidl_typesupport_introspection_c.cpython-310-x86_64-linux-gnu.so" to ""
-- Installing: /home/wang/rmf_ws/install/rmf_scheduler_msgs/local/lib/python3.10/dist-packages/rmf_scheduler_msgs/rmf_scheduler_msgs_s__rosidl_typesupport_c.cpython-310-x86_64-linux-gnu.so
-- Set runtime path of "/home/wang/rmf_ws/install/rmf_scheduler_msgs/local/lib/python3.10/dist-packages/rmf_scheduler_msgs/rmf_scheduler_msgs_s__rosidl_typesupport_c.cpython-310-x86_64-linux-gnu.so" to ""
-- Installing: /home/wang/rmf_ws/install/rmf_scheduler_msgs/lib/librmf_scheduler_msgs__rosidl_generator_py.so
-- Set runtime path of "/home/wang/rmf_ws/install/rmf_scheduler_msgs/lib/librmf_scheduler_msgs__rosidl_generator_py.so" to ""
-- Installing: /home/wang/rmf_ws/install/rmf_scheduler_msgs/share/rmf_scheduler_msgs/srv/CancelAll.idl
-- Installing: /home/wang/rmf_ws/install/rmf_scheduler_msgs/share/rmf_scheduler_msgs/srv/CancelSchedule.idl
-- Installing: /home/wang/rmf_ws/install/rmf_scheduler_msgs/share/rmf_scheduler_msgs/srv/CancelTrigger.idl
-- Installing: /home/wang/rmf_ws/install/rmf_scheduler_msgs/share/rmf_scheduler_msgs/srv/CreateSchedule.idl
-- Installing: /home/wang/rmf_ws/install/rmf_scheduler_msgs/share/rmf_scheduler_msgs/srv/CreateTrigger.idl
-- Installing: /home/wang/rmf_ws/install/rmf_scheduler_msgs/share/rmf_scheduler_msgs/srv/ListSchedules.idl
-- Installing: /home/wang/rmf_ws/install/rmf_scheduler_msgs/share/rmf_scheduler_msgs/srv/ListScheduleStates.idl
-- Installing: /home/wang/rmf_ws/install/rmf_scheduler_msgs/share/rmf_scheduler_msgs/srv/ListTriggers.idl
-- Installing: /home/wang/rmf_ws/install/rmf_scheduler_msgs/share/rmf_scheduler_msgs/srv/ListTriggerStates.idl
-- Installing: /home/wang/rmf_ws/install/rmf_scheduler_msgs/share/rmf_scheduler_msgs/msg/Payload.idl
-- Installing: /home/wang/rmf_ws/install/rmf_scheduler_msgs/share/rmf_scheduler_msgs/msg/Schedule.idl
-- Installing: /home/wang/rmf_ws/install/rmf_scheduler_msgs/share/rmf_scheduler_msgs/msg/ScheduleState.idl
-- Installing: /home/wang/rmf_ws/install/rmf_scheduler_msgs/share/rmf_scheduler_msgs/msg/Trigger.idl
-- Installing: /home/wang/rmf_ws/install/rmf_scheduler_msgs/share/rmf_scheduler_msgs/msg/TriggerState.idl
-- Installing: /home/wang/rmf_ws/install/rmf_scheduler_msgs/share/rmf_scheduler_msgs/srv/CancelAll.srv
-- Installing: /home/wang/rmf_ws/install/rmf_scheduler_msgs/share/rmf_scheduler_msgs/srv/CancelAll_Request.msg
-- Installing: /home/wang/rmf_ws/install/rmf_scheduler_msgs/share/rmf_scheduler_msgs/srv/CancelAll_Response.msg
-- Installing: /home/wang/rmf_ws/install/rmf_scheduler_msgs/share/rmf_scheduler_msgs/srv/CancelSchedule.srv
-- Installing: /home/wang/rmf_ws/install/rmf_scheduler_msgs/share/rmf_scheduler_msgs/srv/CancelSchedule_Request.msg
-- Installing: /home/wang/rmf_ws/install/rmf_scheduler_msgs/share/rmf_scheduler_msgs/srv/CancelSchedule_Response.msg
-- Installing: /home/wang/rmf_ws/install/rmf_scheduler_msgs/share/rmf_scheduler_msgs/srv/CancelTrigger.srv
-- Installing: /home/wang/rmf_ws/install/rmf_scheduler_msgs/share/rmf_scheduler_msgs/srv/CancelTrigger_Request.msg
-- Installing: /home/wang/rmf_ws/install/rmf_scheduler_msgs/share/rmf_scheduler_msgs/srv/CancelTrigger_Response.msg
-- Installing: /home/wang/rmf_ws/install/rmf_scheduler_msgs/share/rmf_scheduler_msgs/srv/CreateSchedule.srv
-- Installing: /home/wang/rmf_ws/install/rmf_scheduler_msgs/share/rmf_scheduler_msgs/srv/CreateSchedule_Request.msg
-- Installing: /home/wang/rmf_ws/install/rmf_scheduler_msgs/share/rmf_scheduler_msgs/srv/CreateSchedule_Response.msg
-- Installing: /home/wang/rmf_ws/install/rmf_scheduler_msgs/share/rmf_scheduler_msgs/srv/CreateTrigger.srv
-- Installing: /home/wang/rmf_ws/install/rmf_scheduler_msgs/share/rmf_scheduler_msgs/srv/CreateTrigger_Request.msg
-- Installing: /home/wang/rmf_ws/install/rmf_scheduler_msgs/share/rmf_scheduler_msgs/srv/CreateTrigger_Response.msg
-- Installing: /home/wang/rmf_ws/install/rmf_scheduler_msgs/share/rmf_scheduler_msgs/srv/ListSchedules.srv
-- Installing: /home/wang/rmf_ws/install/rmf_scheduler_msgs/share/rmf_scheduler_msgs/srv/ListSchedules_Request.msg
-- Installing: /home/wang/rmf_ws/install/rmf_scheduler_msgs/share/rmf_scheduler_msgs/srv/ListSchedules_Response.msg
-- Installing: /home/wang/rmf_ws/install/rmf_scheduler_msgs/share/rmf_scheduler_msgs/srv/ListScheduleStates.srv
-- Installing: /home/wang/rmf_ws/install/rmf_scheduler_msgs/share/rmf_scheduler_msgs/srv/ListScheduleStates_Request.msg
-- Installing: /home/wang/rmf_ws/install/rmf_scheduler_msgs/share/rmf_scheduler_msgs/srv/ListScheduleStates_Response.msg
-- Installing: /home/wang/rmf_ws/install/rmf_scheduler_msgs/share/rmf_scheduler_msgs/srv/ListTriggers.srv
-- Installing: /home/wang/rmf_ws/install/rmf_scheduler_msgs/share/rmf_scheduler_msgs/srv/ListTriggers_Request.msg
-- Installing: /home/wang/rmf_ws/install/rmf_scheduler_msgs/share/rmf_scheduler_msgs/srv/ListTriggers_Response.msg
-- Installing: /home/wang/rmf_ws/install/rmf_scheduler_msgs/share/rmf_scheduler_msgs/srv/ListTriggerStates.srv
-- Installing: /home/wang/rmf_ws/install/rmf_scheduler_msgs/share/rmf_scheduler_msgs/srv/ListTriggerStates_Request.msg
-- Installing: /home/wang/rmf_ws/install/rmf_scheduler_msgs/share/rmf_scheduler_msgs/srv/ListTriggerStates_Response.msg
-- Installing: /home/wang/rmf_ws/install/rmf_scheduler_msgs/share/rmf_scheduler_msgs/msg/Payload.msg
-- Installing: /home/wang/rmf_ws/install/rmf_scheduler_msgs/share/rmf_scheduler_msgs/msg/Schedule.msg
-- Installing: /home/wang/rmf_ws/install/rmf_scheduler_msgs/share/rmf_scheduler_msgs/msg/ScheduleState.msg
-- Installing: /home/wang/rmf_ws/install/rmf_scheduler_msgs/share/rmf_scheduler_msgs/msg/Trigger.msg
-- Installing: /home/wang/rmf_ws/install/rmf_scheduler_msgs/share/rmf_scheduler_msgs/msg/TriggerState.msg
-- Installing: /home/wang/rmf_ws/install/rmf_scheduler_msgs/share/ament_index/resource_index/package_run_dependencies/rmf_scheduler_msgs
-- Installing: /home/wang/rmf_ws/install/rmf_scheduler_msgs/share/ament_index/resource_index/parent_prefix_path/rmf_scheduler_msgs
-- Installing: /home/wang/rmf_ws/install/rmf_scheduler_msgs/share/rmf_scheduler_msgs/environment/ament_prefix_path.sh
-- Installing: /home/wang/rmf_ws/install/rmf_scheduler_msgs/share/rmf_scheduler_msgs/environment/ament_prefix_path.dsv
-- Installing: /home/wang/rmf_ws/install/rmf_scheduler_msgs/share/rmf_scheduler_msgs/environment/path.sh
-- Installing: /home/wang/rmf_ws/install/rmf_scheduler_msgs/share/rmf_scheduler_msgs/environment/path.dsv
-- Installing: /home/wang/rmf_ws/install/rmf_scheduler_msgs/share/rmf_scheduler_msgs/local_setup.bash
-- Installing: /home/wang/rmf_ws/install/rmf_scheduler_msgs/share/rmf_scheduler_msgs/local_setup.sh
-- Installing: /home/wang/rmf_ws/install/rmf_scheduler_msgs/share/rmf_scheduler_msgs/local_setup.zsh
-- Installing: /home/wang/rmf_ws/install/rmf_scheduler_msgs/share/rmf_scheduler_msgs/local_setup.dsv
-- Installing: /home/wang/rmf_ws/install/rmf_scheduler_msgs/share/rmf_scheduler_msgs/package.dsv
-- Installing: /home/wang/rmf_ws/install/rmf_scheduler_msgs/share/ament_index/resource_index/packages/rmf_scheduler_msgs
-- Installing: /home/wang/rmf_ws/install/rmf_scheduler_msgs/share/rmf_scheduler_msgs/cmake/export_rmf_scheduler_msgs__rosidl_generator_cExport.cmake
-- Installing: /home/wang/rmf_ws/install/rmf_scheduler_msgs/share/rmf_scheduler_msgs/cmake/export_rmf_scheduler_msgs__rosidl_generator_cExport-release.cmake
-- Installing: /home/wang/rmf_ws/install/rmf_scheduler_msgs/share/rmf_scheduler_msgs/cmake/export_rmf_scheduler_msgs__rosidl_typesupport_fastrtps_cExport.cmake
-- Installing: /home/wang/rmf_ws/install/rmf_scheduler_msgs/share/rmf_scheduler_msgs/cmake/export_rmf_scheduler_msgs__rosidl_typesupport_fastrtps_cExport-release.cmake
-- Installing: /home/wang/rmf_ws/install/rmf_scheduler_msgs/share/rmf_scheduler_msgs/cmake/export_rmf_scheduler_msgs__rosidl_generator_cppExport.cmake
-- Installing: /home/wang/rmf_ws/install/rmf_scheduler_msgs/share/rmf_scheduler_msgs/cmake/export_rmf_scheduler_msgs__rosidl_typesupport_fastrtps_cppExport.cmake
-- Installing: /home/wang/rmf_ws/install/rmf_scheduler_msgs/share/rmf_scheduler_msgs/cmake/export_rmf_scheduler_msgs__rosidl_typesupport_fastrtps_cppExport-release.cmake
-- Installing: /home/wang/rmf_ws/install/rmf_scheduler_msgs/share/rmf_scheduler_msgs/cmake/rmf_scheduler_msgs__rosidl_typesupport_introspection_cExport.cmake
-- Installing: /home/wang/rmf_ws/install/rmf_scheduler_msgs/share/rmf_scheduler_msgs/cmake/rmf_scheduler_msgs__rosidl_typesupport_introspection_cExport-release.cmake
-- Installing: /home/wang/rmf_ws/install/rmf_scheduler_msgs/share/rmf_scheduler_msgs/cmake/rmf_scheduler_msgs__rosidl_typesupport_cExport.cmake
-- Installing: /home/wang/rmf_ws/install/rmf_scheduler_msgs/share/rmf_scheduler_msgs/cmake/rmf_scheduler_msgs__rosidl_typesupport_cExport-release.cmake
-- Installing: /home/wang/rmf_ws/install/rmf_scheduler_msgs/share/rmf_scheduler_msgs/cmake/rmf_scheduler_msgs__rosidl_typesupport_introspection_cppExport.cmake
-- Installing: /home/wang/rmf_ws/install/rmf_scheduler_msgs/share/rmf_scheduler_msgs/cmake/rmf_scheduler_msgs__rosidl_typesupport_introspection_cppExport-release.cmake
-- Installing: /home/wang/rmf_ws/install/rmf_scheduler_msgs/share/rmf_scheduler_msgs/cmake/rmf_scheduler_msgs__rosidl_typesupport_cppExport.cmake
-- Installing: /home/wang/rmf_ws/install/rmf_scheduler_msgs/share/rmf_scheduler_msgs/cmake/rmf_scheduler_msgs__rosidl_typesupport_cppExport-release.cmake
-- Installing: /home/wang/rmf_ws/install/rmf_scheduler_msgs/share/rmf_scheduler_msgs/cmake/export_rmf_scheduler_msgs__rosidl_generator_pyExport.cmake
-- Installing: /home/wang/rmf_ws/install/rmf_scheduler_msgs/share/rmf_scheduler_msgs/cmake/export_rmf_scheduler_msgs__rosidl_generator_pyExport-release.cmake
-- Installing: /home/wang/rmf_ws/install/rmf_scheduler_msgs/share/rmf_scheduler_msgs/cmake/rosidl_cmake-extras.cmake
-- Installing: /home/wang/rmf_ws/install/rmf_scheduler_msgs/share/rmf_scheduler_msgs/cmake/ament_cmake_export_dependencies-extras.cmake
-- Installing: /home/wang/rmf_ws/install/rmf_scheduler_msgs/share/rmf_scheduler_msgs/cmake/ament_cmake_export_include_directories-extras.cmake
-- Installing: /home/wang/rmf_ws/install/rmf_scheduler_msgs/share/rmf_scheduler_msgs/cmake/ament_cmake_export_libraries-extras.cmake
-- Installing: /home/wang/rmf_ws/install/rmf_scheduler_msgs/share/rmf_scheduler_msgs/cmake/ament_cmake_export_targets-extras.cmake
-- Installing: /home/wang/rmf_ws/install/rmf_scheduler_msgs/share/rmf_scheduler_msgs/cmake/rosidl_cmake_export_typesupport_targets-extras.cmake
-- Installing: /home/wang/rmf_ws/install/rmf_scheduler_msgs/share/rmf_scheduler_msgs/cmake/rosidl_cmake_export_typesupport_libraries-extras.cmake
-- Installing: /home/wang/rmf_ws/install/rmf_scheduler_msgs/share/rmf_scheduler_msgs/cmake/rmf_scheduler_msgsConfig.cmake
-- Installing: /home/wang/rmf_ws/install/rmf_scheduler_msgs/share/rmf_scheduler_msgs/cmake/rmf_scheduler_msgsConfig-version.cmake
-- Installing: /home/wang/rmf_ws/install/rmf_scheduler_msgs/share/rmf_scheduler_msgs/package.xml
