[0.140s] Invoking command in '/home/wang/rmf_ws/build/rmf_scheduler_msgs': CMAKE_PREFIX_PATH=/opt/ros/humble /home/wang/.local/bin/cmake /home/wang/rmf_ws/src/rmf/rmf_internal_msgs/rmf_scheduler_msgs -DCMAKE_EXE_LINKER_FLAGS=-fuse-ld=lld -DCMAKE_MODULE_LINKER_FLAGS=-fuse-ld=lld -DCMAKE_SHARED_LINKER_FLAGS=-fuse-ld=lld -DCMAKE_BUILD_TYPE=Release -DCMAKE_INSTALL_PREFIX=/home/wang/rmf_ws/install/rmf_scheduler_msgs
[11.526s] -- The C compiler identification is Clang 14.0.0
[11.526s] -- The CXX compiler identification is Clang 14.0.0
[11.526s] -- Detecting C compiler ABI info
[11.527s] -- Detecting C compiler ABI info - done
[11.527s] -- Check for working C compiler: /usr/bin/clang - skipped
[11.527s] -- Detecting C compile features
[11.527s] -- Detecting C compile features - done
[11.527s] -- Detecting CXX compiler ABI info
[11.527s] -- Detecting CXX compiler ABI info - done
[11.527s] -- Check for working CXX compiler: /usr/bin/clang++ - skipped
[11.527s] -- Detecting CXX compile features
[11.527s] -- Detecting CXX compile features - done
[11.528s] -- Found ament_cmake: 1.3.5 (/opt/ros/humble/share/ament_cmake/cmake)
[11.528s] -- Found Python3: /usr/bin/python3.10 (found version "3.10.6") found components: Interpreter 
[11.528s] -- Found builtin_interfaces: 1.2.1 (/opt/ros/humble/share/builtin_interfaces/cmake)
[11.528s] -- Found rosidl_generator_c: 3.1.4 (/opt/ros/humble/share/rosidl_generator_c/cmake)
[11.528s] -- Found rosidl_adapter: 3.1.4 (/opt/ros/humble/share/rosidl_adapter/cmake)
[11.528s] -- Found rosidl_generator_cpp: 3.1.4 (/opt/ros/humble/share/rosidl_generator_cpp/cmake)
[11.528s] -- Using all available rosidl_typesupport_c: rosidl_typesupport_fastrtps_c;rosidl_typesupport_introspection_c
[11.528s] -- Using all available rosidl_typesupport_cpp: rosidl_typesupport_fastrtps_cpp;rosidl_typesupport_introspection_cpp
[11.528s] -- Found rosidl_default_generators: 1.2.0 (/opt/ros/humble/share/rosidl_default_generators/cmake)
[11.528s] -- Found ament_cmake_cppcheck: 0.12.6 (/opt/ros/humble/share/ament_cmake_cppcheck/cmake)
[11.529s] -- Found ament_cmake_cpplint: 0.12.6 (/opt/ros/humble/share/ament_cmake_cpplint/cmake)
[11.529s] -- Found ament_cmake_uncrustify: 0.12.6 (/opt/ros/humble/share/ament_cmake_uncrustify/cmake)
[11.529s] -- Found ament_cmake_ros: 0.10.0 (/opt/ros/humble/share/ament_cmake_ros/cmake)
[11.529s] -- Using all available rosidl_typesupport_c: rosidl_typesupport_fastrtps_c;rosidl_typesupport_introspection_c
[11.529s] -- Using all available rosidl_typesupport_cpp: rosidl_typesupport_fastrtps_cpp;rosidl_typesupport_introspection_cpp
[11.529s] -- Found PythonInterp: /usr/bin/python3 (found suitable version "3.10.6", minimum required is "3.6") 
[11.529s] -- Found python_cmake_module: 0.10.0 (/opt/ros/humble/share/python_cmake_module/cmake)
[11.529s] -- Found PythonLibs: /usr/lib/x86_64-linux-gnu/libpython3.10.so (found suitable version "3.10.6", minimum required is "3.5") 
[11.529s] -- Using PYTHON_EXECUTABLE: /usr/bin/python3
[11.530s] -- Using PYTHON_INCLUDE_DIRS: /usr/include/python3.10
[11.530s] -- Using PYTHON_LIBRARIES: /usr/lib/x86_64-linux-gnu/libpython3.10.so
[11.530s] -- Found PythonExtra: .so  
[11.530s] -- Found ament_cmake_flake8: 0.12.6 (/opt/ros/humble/share/ament_cmake_flake8/cmake)
[11.530s] -- Found ament_cmake_pep257: 0.12.6 (/opt/ros/humble/share/ament_cmake_pep257/cmake)
[11.530s] -- Configuring done (10.5s)
[11.530s] -- Generating done (0.1s)
[11.530s] -- Build files have been written to: /home/wang/rmf_ws/build/rmf_scheduler_msgs
[11.589s] Invoked command in '/home/wang/rmf_ws/build/rmf_scheduler_msgs' returned '0': CMAKE_PREFIX_PATH=/opt/ros/humble /home/wang/.local/bin/cmake /home/wang/rmf_ws/src/rmf/rmf_internal_msgs/rmf_scheduler_msgs -DCMAKE_EXE_LINKER_FLAGS=-fuse-ld=lld -DCMAKE_MODULE_LINKER_FLAGS=-fuse-ld=lld -DCMAKE_SHARED_LINKER_FLAGS=-fuse-ld=lld -DCMAKE_BUILD_TYPE=Release -DCMAKE_INSTALL_PREFIX=/home/wang/rmf_ws/install/rmf_scheduler_msgs
[11.590s] Invoking command in '/home/wang/rmf_ws/build/rmf_scheduler_msgs': CMAKE_PREFIX_PATH=/opt/ros/humble /home/wang/.local/bin/cmake --build /home/wang/rmf_ws/build/rmf_scheduler_msgs -- -j16 -l16
[16.909s] [  0%] [34m[1mGenerating C++ code for ROS interfaces[0m
[16.909s] [  0%] Built target rmf_scheduler_msgs__cpp
[16.910s] [  0%] Built target ament_cmake_python_copy_rmf_scheduler_msgs
[16.910s] [  0%] [34m[1mGenerating C++ introspection for ROS interfaces[0m
[18.314s] [  1%] [32mBuilding CXX object CMakeFiles/rmf_scheduler_msgs__rosidl_typesupport_introspection_cpp.dir/rosidl_typesupport_introspection_cpp/rmf_scheduler_msgs/srv/detail/cancel_all__type_support.cpp.o[0m
[19.011s] [  1%] [32mBuilding CXX object CMakeFiles/rmf_scheduler_msgs__rosidl_typesupport_introspection_cpp.dir/rosidl_typesupport_introspection_cpp/rmf_scheduler_msgs/msg/detail/schedule_state__type_support.cpp.o[0m
[19.561s] [  2%] [32mBuilding CXX object CMakeFiles/rmf_scheduler_msgs__rosidl_typesupport_introspection_cpp.dir/rosidl_typesupport_introspection_cpp/rmf_scheduler_msgs/msg/detail/trigger__type_support.cpp.o[0m
[20.222s] [  3%] [32mBuilding CXX object CMakeFiles/rmf_scheduler_msgs__rosidl_typesupport_introspection_cpp.dir/rosidl_typesupport_introspection_cpp/rmf_scheduler_msgs/msg/detail/trigger_state__type_support.cpp.o[0m
[20.827s] [  4%] [32mBuilding CXX object CMakeFiles/rmf_scheduler_msgs__rosidl_typesupport_introspection_cpp.dir/rosidl_typesupport_introspection_cpp/rmf_scheduler_msgs/msg/detail/schedule__type_support.cpp.o[0m
[21.400s] [  5%] [32mBuilding CXX object CMakeFiles/rmf_scheduler_msgs__rosidl_typesupport_introspection_cpp.dir/rosidl_typesupport_introspection_cpp/rmf_scheduler_msgs/msg/detail/payload__type_support.cpp.o[0m
[21.960s] [  6%] [32mBuilding CXX object CMakeFiles/rmf_scheduler_msgs__rosidl_typesupport_introspection_cpp.dir/rosidl_typesupport_introspection_cpp/rmf_scheduler_msgs/srv/detail/list_trigger_states__type_support.cpp.o[0m
[22.687s] [  6%] [32mBuilding CXX object CMakeFiles/rmf_scheduler_msgs__rosidl_typesupport_introspection_cpp.dir/rosidl_typesupport_introspection_cpp/rmf_scheduler_msgs/srv/detail/list_triggers__type_support.cpp.o[0m
[23.519s] [  7%] [32mBuilding CXX object CMakeFiles/rmf_scheduler_msgs__rosidl_typesupport_introspection_cpp.dir/rosidl_typesupport_introspection_cpp/rmf_scheduler_msgs/srv/detail/list_schedule_states__type_support.cpp.o[0m
[24.236s] [  8%] [32mBuilding CXX object CMakeFiles/rmf_scheduler_msgs__rosidl_typesupport_introspection_cpp.dir/rosidl_typesupport_introspection_cpp/rmf_scheduler_msgs/srv/detail/list_schedules__type_support.cpp.o[0m
[24.738s] [  9%] [32mBuilding CXX object CMakeFiles/rmf_scheduler_msgs__rosidl_typesupport_introspection_cpp.dir/rosidl_typesupport_introspection_cpp/rmf_scheduler_msgs/srv/detail/create_trigger__type_support.cpp.o[0m
[25.139s] [  9%] [32mBuilding CXX object CMakeFiles/rmf_scheduler_msgs__rosidl_typesupport_introspection_cpp.dir/rosidl_typesupport_introspection_cpp/rmf_scheduler_msgs/srv/detail/create_schedule__type_support.cpp.o[0m
[25.696s] [ 10%] [32mBuilding CXX object CMakeFiles/rmf_scheduler_msgs__rosidl_typesupport_introspection_cpp.dir/rosidl_typesupport_introspection_cpp/rmf_scheduler_msgs/srv/detail/cancel_trigger__type_support.cpp.o[0m
[26.238s] [ 11%] [32mBuilding CXX object CMakeFiles/rmf_scheduler_msgs__rosidl_typesupport_introspection_cpp.dir/rosidl_typesupport_introspection_cpp/rmf_scheduler_msgs/srv/detail/cancel_schedule__type_support.cpp.o[0m
[26.837s] [ 12%] [32m[1mLinking CXX shared library librmf_scheduler_msgs__rosidl_typesupport_introspection_cpp.so[0m
[26.903s] [ 12%] Built target rmf_scheduler_msgs__rosidl_typesupport_introspection_cpp
[27.190s] running egg_info
[27.191s] creating rmf_scheduler_msgs.egg-info
[27.192s] writing rmf_scheduler_msgs.egg-info/PKG-INFO
[27.192s] writing dependency_links to rmf_scheduler_msgs.egg-info/dependency_links.txt
[27.192s] writing top-level names to rmf_scheduler_msgs.egg-info/top_level.txt
[27.193s] writing manifest file 'rmf_scheduler_msgs.egg-info/SOURCES.txt'
[27.195s] reading manifest file 'rmf_scheduler_msgs.egg-info/SOURCES.txt'
[27.196s] writing manifest file 'rmf_scheduler_msgs.egg-info/SOURCES.txt'
[27.234s] [ 12%] Built target ament_cmake_python_build_rmf_scheduler_msgs_egg
[27.238s] [ 13%] [34m[1mGenerating C++ type support for eProsima Fast-RTPS[0m
[28.994s] [ 14%] [32mBuilding CXX object CMakeFiles/rmf_scheduler_msgs__rosidl_typesupport_fastrtps_cpp.dir/rosidl_typesupport_fastrtps_cpp/rmf_scheduler_msgs/srv/detail/dds_fastrtps/cancel_all__type_support.cpp.o[0m
[29.498s] [ 15%] [32mBuilding CXX object CMakeFiles/rmf_scheduler_msgs__rosidl_typesupport_fastrtps_cpp.dir/rosidl_typesupport_fastrtps_cpp/rmf_scheduler_msgs/msg/detail/dds_fastrtps/trigger_state__type_support.cpp.o[0m
[29.985s] [ 16%] [32mBuilding CXX object CMakeFiles/rmf_scheduler_msgs__rosidl_typesupport_fastrtps_cpp.dir/rosidl_typesupport_fastrtps_cpp/rmf_scheduler_msgs/msg/detail/dds_fastrtps/trigger__type_support.cpp.o[0m
[30.482s] [ 17%] [32mBuilding CXX object CMakeFiles/rmf_scheduler_msgs__rosidl_typesupport_fastrtps_cpp.dir/rosidl_typesupport_fastrtps_cpp/rmf_scheduler_msgs/msg/detail/dds_fastrtps/schedule_state__type_support.cpp.o[0m
[31.219s] [ 17%] [32mBuilding CXX object CMakeFiles/rmf_scheduler_msgs__rosidl_typesupport_fastrtps_cpp.dir/rosidl_typesupport_fastrtps_cpp/rmf_scheduler_msgs/msg/detail/dds_fastrtps/schedule__type_support.cpp.o[0m
[32.020s] [ 18%] [32mBuilding CXX object CMakeFiles/rmf_scheduler_msgs__rosidl_typesupport_fastrtps_cpp.dir/rosidl_typesupport_fastrtps_cpp/rmf_scheduler_msgs/msg/detail/dds_fastrtps/payload__type_support.cpp.o[0m
[32.908s] [ 19%] [32mBuilding CXX object CMakeFiles/rmf_scheduler_msgs__rosidl_typesupport_fastrtps_cpp.dir/rosidl_typesupport_fastrtps_cpp/rmf_scheduler_msgs/srv/detail/dds_fastrtps/list_trigger_states__type_support.cpp.o[0m
[33.639s] [ 20%] [32mBuilding CXX object CMakeFiles/rmf_scheduler_msgs__rosidl_typesupport_fastrtps_cpp.dir/rosidl_typesupport_fastrtps_cpp/rmf_scheduler_msgs/srv/detail/dds_fastrtps/list_triggers__type_support.cpp.o[0m
[34.343s] [ 20%] [32mBuilding CXX object CMakeFiles/rmf_scheduler_msgs__rosidl_typesupport_fastrtps_cpp.dir/rosidl_typesupport_fastrtps_cpp/rmf_scheduler_msgs/srv/detail/dds_fastrtps/list_schedule_states__type_support.cpp.o[0m
[35.086s] [ 21%] [32mBuilding CXX object CMakeFiles/rmf_scheduler_msgs__rosidl_typesupport_fastrtps_cpp.dir/rosidl_typesupport_fastrtps_cpp/rmf_scheduler_msgs/srv/detail/dds_fastrtps/list_schedules__type_support.cpp.o[0m
[35.997s] [ 22%] [32mBuilding CXX object CMakeFiles/rmf_scheduler_msgs__rosidl_typesupport_fastrtps_cpp.dir/rosidl_typesupport_fastrtps_cpp/rmf_scheduler_msgs/srv/detail/dds_fastrtps/create_trigger__type_support.cpp.o[0m
[36.759s] [ 23%] [32mBuilding CXX object CMakeFiles/rmf_scheduler_msgs__rosidl_typesupport_fastrtps_cpp.dir/rosidl_typesupport_fastrtps_cpp/rmf_scheduler_msgs/srv/detail/dds_fastrtps/create_schedule__type_support.cpp.o[0m
[37.538s] [ 23%] [32mBuilding CXX object CMakeFiles/rmf_scheduler_msgs__rosidl_typesupport_fastrtps_cpp.dir/rosidl_typesupport_fastrtps_cpp/rmf_scheduler_msgs/srv/detail/dds_fastrtps/cancel_trigger__type_support.cpp.o[0m
[38.313s] [ 24%] [32mBuilding CXX object CMakeFiles/rmf_scheduler_msgs__rosidl_typesupport_fastrtps_cpp.dir/rosidl_typesupport_fastrtps_cpp/rmf_scheduler_msgs/srv/detail/dds_fastrtps/cancel_schedule__type_support.cpp.o[0m
[39.081s] [ 24%] [32m[1mLinking CXX shared library librmf_scheduler_msgs__rosidl_typesupport_fastrtps_cpp.so[0m
[39.149s] [ 24%] Built target rmf_scheduler_msgs__rosidl_typesupport_fastrtps_cpp
[39.155s] [ 25%] [34m[1mGenerating C++ type support dispatch for ROS interfaces[0m
[40.541s] [ 26%] [32mBuilding CXX object CMakeFiles/rmf_scheduler_msgs__rosidl_typesupport_cpp.dir/rosidl_typesupport_cpp/rmf_scheduler_msgs/srv/cancel_all__type_support.cpp.o[0m
[40.992s] [ 26%] [32mBuilding CXX object CMakeFiles/rmf_scheduler_msgs__rosidl_typesupport_cpp.dir/rosidl_typesupport_cpp/rmf_scheduler_msgs/msg/trigger_state__type_support.cpp.o[0m
[41.429s] [ 27%] [32mBuilding CXX object CMakeFiles/rmf_scheduler_msgs__rosidl_typesupport_cpp.dir/rosidl_typesupport_cpp/rmf_scheduler_msgs/msg/trigger__type_support.cpp.o[0m
[41.945s] [ 28%] [32mBuilding CXX object CMakeFiles/rmf_scheduler_msgs__rosidl_typesupport_cpp.dir/rosidl_typesupport_cpp/rmf_scheduler_msgs/msg/schedule_state__type_support.cpp.o[0m
[42.382s] [ 29%] [32mBuilding CXX object CMakeFiles/rmf_scheduler_msgs__rosidl_typesupport_cpp.dir/rosidl_typesupport_cpp/rmf_scheduler_msgs/msg/schedule__type_support.cpp.o[0m
[42.751s] [ 29%] [32mBuilding CXX object CMakeFiles/rmf_scheduler_msgs__rosidl_typesupport_cpp.dir/rosidl_typesupport_cpp/rmf_scheduler_msgs/msg/payload__type_support.cpp.o[0m
[43.059s] [ 30%] [32mBuilding CXX object CMakeFiles/rmf_scheduler_msgs__rosidl_typesupport_cpp.dir/rosidl_typesupport_cpp/rmf_scheduler_msgs/srv/list_trigger_states__type_support.cpp.o[0m
[43.385s] [ 31%] [32mBuilding CXX object CMakeFiles/rmf_scheduler_msgs__rosidl_typesupport_cpp.dir/rosidl_typesupport_cpp/rmf_scheduler_msgs/srv/list_triggers__type_support.cpp.o[0m
[43.864s] [ 32%] [32mBuilding CXX object CMakeFiles/rmf_scheduler_msgs__rosidl_typesupport_cpp.dir/rosidl_typesupport_cpp/rmf_scheduler_msgs/srv/list_schedule_states__type_support.cpp.o[0m
[44.173s] [ 32%] [32mBuilding CXX object CMakeFiles/rmf_scheduler_msgs__rosidl_typesupport_cpp.dir/rosidl_typesupport_cpp/rmf_scheduler_msgs/srv/list_schedules__type_support.cpp.o[0m
[44.627s] [ 33%] [32mBuilding CXX object CMakeFiles/rmf_scheduler_msgs__rosidl_typesupport_cpp.dir/rosidl_typesupport_cpp/rmf_scheduler_msgs/srv/create_trigger__type_support.cpp.o[0m
[45.095s] [ 34%] [32mBuilding CXX object CMakeFiles/rmf_scheduler_msgs__rosidl_typesupport_cpp.dir/rosidl_typesupport_cpp/rmf_scheduler_msgs/srv/create_schedule__type_support.cpp.o[0m
[45.553s] [ 34%] [32mBuilding CXX object CMakeFiles/rmf_scheduler_msgs__rosidl_typesupport_cpp.dir/rosidl_typesupport_cpp/rmf_scheduler_msgs/srv/cancel_trigger__type_support.cpp.o[0m
[46.032s] [ 35%] [32mBuilding CXX object CMakeFiles/rmf_scheduler_msgs__rosidl_typesupport_cpp.dir/rosidl_typesupport_cpp/rmf_scheduler_msgs/srv/cancel_schedule__type_support.cpp.o[0m
[46.503s] [ 36%] [32m[1mLinking CXX shared library librmf_scheduler_msgs__rosidl_typesupport_cpp.so[0m
[46.563s] [ 36%] Built target rmf_scheduler_msgs__rosidl_typesupport_cpp
[46.569s] [ 37%] [34m[1mGenerating C code for ROS interfaces[0m
[48.948s] [ 37%] [32mBuilding C object CMakeFiles/rmf_scheduler_msgs__rosidl_generator_c.dir/rosidl_generator_c/rmf_scheduler_msgs/srv/detail/cancel_all__functions.c.o[0m
[49.066s] [ 38%] [32mBuilding C object CMakeFiles/rmf_scheduler_msgs__rosidl_generator_c.dir/rosidl_generator_c/rmf_scheduler_msgs/msg/detail/trigger_state__functions.c.o[0m
[49.142s] [ 38%] [32mBuilding C object CMakeFiles/rmf_scheduler_msgs__rosidl_generator_c.dir/rosidl_generator_c/rmf_scheduler_msgs/msg/detail/trigger__functions.c.o[0m
[49.223s] [ 39%] [32mBuilding C object CMakeFiles/rmf_scheduler_msgs__rosidl_generator_c.dir/rosidl_generator_c/rmf_scheduler_msgs/msg/detail/schedule_state__functions.c.o[0m
[49.299s] [ 40%] [32mBuilding C object CMakeFiles/rmf_scheduler_msgs__rosidl_generator_c.dir/rosidl_generator_c/rmf_scheduler_msgs/msg/detail/schedule__functions.c.o[0m
[49.377s] [ 41%] [32mBuilding C object CMakeFiles/rmf_scheduler_msgs__rosidl_generator_c.dir/rosidl_generator_c/rmf_scheduler_msgs/msg/detail/payload__functions.c.o[0m
[49.461s] [ 41%] [32mBuilding C object CMakeFiles/rmf_scheduler_msgs__rosidl_generator_c.dir/rosidl_generator_c/rmf_scheduler_msgs/srv/detail/list_trigger_states__functions.c.o[0m
[49.575s] [ 42%] [32mBuilding C object CMakeFiles/rmf_scheduler_msgs__rosidl_generator_c.dir/rosidl_generator_c/rmf_scheduler_msgs/srv/detail/list_triggers__functions.c.o[0m
[49.710s] [ 43%] [32mBuilding C object CMakeFiles/rmf_scheduler_msgs__rosidl_generator_c.dir/rosidl_generator_c/rmf_scheduler_msgs/srv/detail/list_schedule_states__functions.c.o[0m
[49.893s] [ 44%] [32mBuilding C object CMakeFiles/rmf_scheduler_msgs__rosidl_generator_c.dir/rosidl_generator_c/rmf_scheduler_msgs/srv/detail/list_schedules__functions.c.o[0m
[50.076s] [ 44%] [32mBuilding C object CMakeFiles/rmf_scheduler_msgs__rosidl_generator_c.dir/rosidl_generator_c/rmf_scheduler_msgs/srv/detail/create_trigger__functions.c.o[0m
[50.251s] [ 45%] [32mBuilding C object CMakeFiles/rmf_scheduler_msgs__rosidl_generator_c.dir/rosidl_generator_c/rmf_scheduler_msgs/srv/detail/create_schedule__functions.c.o[0m
[50.412s] [ 46%] [32mBuilding C object CMakeFiles/rmf_scheduler_msgs__rosidl_generator_c.dir/rosidl_generator_c/rmf_scheduler_msgs/srv/detail/cancel_trigger__functions.c.o[0m
[50.593s] [ 47%] [32mBuilding C object CMakeFiles/rmf_scheduler_msgs__rosidl_generator_c.dir/rosidl_generator_c/rmf_scheduler_msgs/srv/detail/cancel_schedule__functions.c.o[0m
[50.776s] [ 48%] [32m[1mLinking C shared library librmf_scheduler_msgs__rosidl_generator_c.so[0m
[50.831s] [ 48%] Built target rmf_scheduler_msgs__rosidl_generator_c
[50.838s] [ 49%] [34m[1mGenerating C type support for eProsima Fast-RTPS[0m
[52.675s] [ 50%] [32mBuilding CXX object CMakeFiles/rmf_scheduler_msgs__rosidl_typesupport_fastrtps_c.dir/rosidl_typesupport_fastrtps_c/rmf_scheduler_msgs/srv/detail/cancel_all__type_support_c.cpp.o[0m
[53.071s] [ 50%] [32mBuilding CXX object CMakeFiles/rmf_scheduler_msgs__rosidl_typesupport_fastrtps_c.dir/rosidl_typesupport_fastrtps_c/rmf_scheduler_msgs/msg/detail/trigger_state__type_support_c.cpp.o[0m
[53.447s] [ 51%] [32mBuilding CXX object CMakeFiles/rmf_scheduler_msgs__rosidl_typesupport_fastrtps_c.dir/rosidl_typesupport_fastrtps_c/rmf_scheduler_msgs/msg/detail/trigger__type_support_c.cpp.o[0m
[53.844s] [ 52%] [32mBuilding CXX object CMakeFiles/rmf_scheduler_msgs__rosidl_typesupport_fastrtps_c.dir/rosidl_typesupport_fastrtps_c/rmf_scheduler_msgs/msg/detail/schedule_state__type_support_c.cpp.o[0m
[54.227s] [ 53%] [32mBuilding CXX object CMakeFiles/rmf_scheduler_msgs__rosidl_typesupport_fastrtps_c.dir/rosidl_typesupport_fastrtps_c/rmf_scheduler_msgs/msg/detail/schedule__type_support_c.cpp.o[0m
[54.623s] [ 53%] [32mBuilding CXX object CMakeFiles/rmf_scheduler_msgs__rosidl_typesupport_fastrtps_c.dir/rosidl_typesupport_fastrtps_c/rmf_scheduler_msgs/msg/detail/payload__type_support_c.cpp.o[0m
[55.223s] [ 54%] [32mBuilding CXX object CMakeFiles/rmf_scheduler_msgs__rosidl_typesupport_fastrtps_c.dir/rosidl_typesupport_fastrtps_c/rmf_scheduler_msgs/srv/detail/list_trigger_states__type_support_c.cpp.o[0m
[55.960s] [ 55%] [32mBuilding CXX object CMakeFiles/rmf_scheduler_msgs__rosidl_typesupport_fastrtps_c.dir/rosidl_typesupport_fastrtps_c/rmf_scheduler_msgs/srv/detail/list_triggers__type_support_c.cpp.o[0m
[56.664s] [ 56%] [32mBuilding CXX object CMakeFiles/rmf_scheduler_msgs__rosidl_typesupport_fastrtps_c.dir/rosidl_typesupport_fastrtps_c/rmf_scheduler_msgs/srv/detail/list_schedule_states__type_support_c.cpp.o[0m
[57.368s] [ 56%] [32mBuilding CXX object CMakeFiles/rmf_scheduler_msgs__rosidl_typesupport_fastrtps_c.dir/rosidl_typesupport_fastrtps_c/rmf_scheduler_msgs/srv/detail/list_schedules__type_support_c.cpp.o[0m
[58.068s] [ 57%] [32mBuilding CXX object CMakeFiles/rmf_scheduler_msgs__rosidl_typesupport_fastrtps_c.dir/rosidl_typesupport_fastrtps_c/rmf_scheduler_msgs/srv/detail/create_trigger__type_support_c.cpp.o[0m
[58.780s] [ 58%] [32mBuilding CXX object CMakeFiles/rmf_scheduler_msgs__rosidl_typesupport_fastrtps_c.dir/rosidl_typesupport_fastrtps_c/rmf_scheduler_msgs/srv/detail/create_schedule__type_support_c.cpp.o[0m
[58.793s] [ 59%] [32mBuilding CXX object CMakeFiles/rmf_scheduler_msgs__rosidl_typesupport_fastrtps_c.dir/rosidl_typesupport_fastrtps_c/rmf_scheduler_msgs/srv/detail/cancel_trigger__type_support_c.cpp.o[0m
[59.759s] [ 59%] [32mBuilding CXX object CMakeFiles/rmf_scheduler_msgs__rosidl_typesupport_fastrtps_c.dir/rosidl_typesupport_fastrtps_c/rmf_scheduler_msgs/srv/detail/cancel_schedule__type_support_c.cpp.o[0m
[60.979s] [ 60%] [32m[1mLinking CXX shared library librmf_scheduler_msgs__rosidl_typesupport_fastrtps_c.so[0m
[61.206s] [ 60%] Built target rmf_scheduler_msgs__rosidl_typesupport_fastrtps_c
[61.247s] [ 61%] [34m[1mGenerating C type support dispatch for ROS interfaces[0m
[61.267s] [ 62%] [34m[1mGenerating C introspection for ROS interfaces[0m
[64.651s] [ 62%] [32mBuilding CXX object CMakeFiles/rmf_scheduler_msgs__rosidl_typesupport_c.dir/rosidl_typesupport_c/rmf_scheduler_msgs/srv/cancel_all__type_support.cpp.o[0m
[64.808s] [ 63%] [32mBuilding CXX object CMakeFiles/rmf_scheduler_msgs__rosidl_typesupport_c.dir/rosidl_typesupport_c/rmf_scheduler_msgs/msg/trigger_state__type_support.cpp.o[0m
[64.947s] [ 63%] [32mBuilding CXX object CMakeFiles/rmf_scheduler_msgs__rosidl_typesupport_c.dir/rosidl_typesupport_c/rmf_scheduler_msgs/msg/trigger__type_support.cpp.o[0m
[65.071s] [ 64%] [32mBuilding CXX object CMakeFiles/rmf_scheduler_msgs__rosidl_typesupport_c.dir/rosidl_typesupport_c/rmf_scheduler_msgs/msg/schedule_state__type_support.cpp.o[0m
[65.138s] [ 65%] [32mBuilding CXX object CMakeFiles/rmf_scheduler_msgs__rosidl_typesupport_c.dir/rosidl_typesupport_c/rmf_scheduler_msgs/msg/schedule__type_support.cpp.o[0m
[65.243s] [ 66%] [32mBuilding CXX object CMakeFiles/rmf_scheduler_msgs__rosidl_typesupport_c.dir/rosidl_typesupport_c/rmf_scheduler_msgs/msg/payload__type_support.cpp.o[0m
[65.333s] [ 66%] [32mBuilding CXX object CMakeFiles/rmf_scheduler_msgs__rosidl_typesupport_c.dir/rosidl_typesupport_c/rmf_scheduler_msgs/srv/list_trigger_states__type_support.cpp.o[0m
[65.468s] [ 67%] [32mBuilding CXX object CMakeFiles/rmf_scheduler_msgs__rosidl_typesupport_c.dir/rosidl_typesupport_c/rmf_scheduler_msgs/srv/list_triggers__type_support.cpp.o[0m
[65.575s] [ 68%] [32mBuilding CXX object CMakeFiles/rmf_scheduler_msgs__rosidl_typesupport_c.dir/rosidl_typesupport_c/rmf_scheduler_msgs/srv/list_schedule_states__type_support.cpp.o[0m
[65.603s] [ 69%] [32mBuilding C object CMakeFiles/rmf_scheduler_msgs__rosidl_typesupport_introspection_c.dir/rosidl_typesupport_introspection_c/rmf_scheduler_msgs/srv/detail/cancel_all__type_support.c.o[0m
[65.703s] [ 70%] [32mBuilding CXX object CMakeFiles/rmf_scheduler_msgs__rosidl_typesupport_c.dir/rosidl_typesupport_c/rmf_scheduler_msgs/srv/list_schedules__type_support.cpp.o[0m
[65.751s] [ 71%] [32mBuilding C object CMakeFiles/rmf_scheduler_msgs__rosidl_typesupport_introspection_c.dir/rosidl_typesupport_introspection_c/rmf_scheduler_msgs/msg/detail/schedule__type_support.c.o[0m
[65.821s] [ 71%] [32mBuilding CXX object CMakeFiles/rmf_scheduler_msgs__rosidl_typesupport_c.dir/rosidl_typesupport_c/rmf_scheduler_msgs/srv/create_trigger__type_support.cpp.o[0m
[65.839s] [ 72%] [32mBuilding C object CMakeFiles/rmf_scheduler_msgs__rosidl_typesupport_introspection_c.dir/rosidl_typesupport_introspection_c/rmf_scheduler_msgs/msg/detail/trigger__type_support.c.o[0m
[65.863s] [ 73%] [32mBuilding CXX object CMakeFiles/rmf_scheduler_msgs__rosidl_typesupport_c.dir/rosidl_typesupport_c/rmf_scheduler_msgs/srv/create_schedule__type_support.cpp.o[0m
[65.899s] [ 73%] [32mBuilding C object CMakeFiles/rmf_scheduler_msgs__rosidl_typesupport_introspection_c.dir/rosidl_typesupport_introspection_c/rmf_scheduler_msgs/msg/detail/trigger_state__type_support.c.o[0m
[65.920s] [ 74%] [32mBuilding CXX object CMakeFiles/rmf_scheduler_msgs__rosidl_typesupport_c.dir/rosidl_typesupport_c/rmf_scheduler_msgs/srv/cancel_trigger__type_support.cpp.o[0m
[65.958s] [ 75%] [32mBuilding C object CMakeFiles/rmf_scheduler_msgs__rosidl_typesupport_introspection_c.dir/rosidl_typesupport_introspection_c/rmf_scheduler_msgs/msg/detail/schedule_state__type_support.c.o[0m
[65.987s] [ 76%] [32mBuilding CXX object CMakeFiles/rmf_scheduler_msgs__rosidl_typesupport_c.dir/rosidl_typesupport_c/rmf_scheduler_msgs/srv/cancel_schedule__type_support.cpp.o[0m
[66.017s] [ 76%] [32mBuilding C object CMakeFiles/rmf_scheduler_msgs__rosidl_typesupport_introspection_c.dir/rosidl_typesupport_introspection_c/rmf_scheduler_msgs/msg/detail/payload__type_support.c.o[0m
[66.040s] [ 77%] [32m[1mLinking CXX shared library librmf_scheduler_msgs__rosidl_typesupport_c.so[0m
[66.085s] [ 78%] [32mBuilding C object CMakeFiles/rmf_scheduler_msgs__rosidl_typesupport_introspection_c.dir/rosidl_typesupport_introspection_c/rmf_scheduler_msgs/srv/detail/list_trigger_states__type_support.c.o[0m
[66.114s] [ 78%] Built target rmf_scheduler_msgs__rosidl_typesupport_c
[66.165s] [ 79%] [32mBuilding C object CMakeFiles/rmf_scheduler_msgs__rosidl_typesupport_introspection_c.dir/rosidl_typesupport_introspection_c/rmf_scheduler_msgs/srv/detail/list_triggers__type_support.c.o[0m
[66.243s] [ 79%] [32mBuilding C object CMakeFiles/rmf_scheduler_msgs__rosidl_typesupport_introspection_c.dir/rosidl_typesupport_introspection_c/rmf_scheduler_msgs/srv/detail/list_schedule_states__type_support.c.o[0m
[66.319s] [ 80%] [32mBuilding C object CMakeFiles/rmf_scheduler_msgs__rosidl_typesupport_introspection_c.dir/rosidl_typesupport_introspection_c/rmf_scheduler_msgs/srv/detail/list_schedules__type_support.c.o[0m
[66.367s] [ 81%] [32mBuilding C object CMakeFiles/rmf_scheduler_msgs__rosidl_typesupport_introspection_c.dir/rosidl_typesupport_introspection_c/rmf_scheduler_msgs/srv/detail/create_trigger__type_support.c.o[0m
[66.412s] [ 82%] [32mBuilding C object CMakeFiles/rmf_scheduler_msgs__rosidl_typesupport_introspection_c.dir/rosidl_typesupport_introspection_c/rmf_scheduler_msgs/srv/detail/create_schedule__type_support.c.o[0m
[66.458s] [ 82%] [32mBuilding C object CMakeFiles/rmf_scheduler_msgs__rosidl_typesupport_introspection_c.dir/rosidl_typesupport_introspection_c/rmf_scheduler_msgs/srv/detail/cancel_trigger__type_support.c.o[0m
[66.498s] [ 83%] [32mBuilding C object CMakeFiles/rmf_scheduler_msgs__rosidl_typesupport_introspection_c.dir/rosidl_typesupport_introspection_c/rmf_scheduler_msgs/srv/detail/cancel_schedule__type_support.c.o[0m
[66.540s] [ 84%] [32m[1mLinking C shared library librmf_scheduler_msgs__rosidl_typesupport_introspection_c.so[0m
[66.587s] [ 84%] Built target rmf_scheduler_msgs__rosidl_typesupport_introspection_c
[66.594s] [ 84%] Built target rmf_scheduler_msgs
[66.602s] [ 85%] [34m[1mGenerating Python code for ROS interfaces[0m
[69.781s] [ 85%] Built target rmf_scheduler_msgs__py
[69.790s] [ 86%] [32mBuilding C object CMakeFiles/rmf_scheduler_msgs__rosidl_generator_py.dir/rosidl_generator_py/rmf_scheduler_msgs/srv/_cancel_all_s.c.o[0m
[69.928s] [ 87%] [32mBuilding C object CMakeFiles/rmf_scheduler_msgs__rosidl_generator_py.dir/rosidl_generator_py/rmf_scheduler_msgs/msg/_trigger_state_s.c.o[0m
[70.053s] [ 87%] [32mBuilding C object CMakeFiles/rmf_scheduler_msgs__rosidl_generator_py.dir/rosidl_generator_py/rmf_scheduler_msgs/msg/_trigger_s.c.o[0m
[70.188s] [ 88%] [32mBuilding C object CMakeFiles/rmf_scheduler_msgs__rosidl_generator_py.dir/rosidl_generator_py/rmf_scheduler_msgs/msg/_schedule_state_s.c.o[0m
[70.349s] [ 89%] [32mBuilding C object CMakeFiles/rmf_scheduler_msgs__rosidl_generator_py.dir/rosidl_generator_py/rmf_scheduler_msgs/msg/_schedule_s.c.o[0m
[70.521s] [ 89%] [32mBuilding C object CMakeFiles/rmf_scheduler_msgs__rosidl_generator_py.dir/rosidl_generator_py/rmf_scheduler_msgs/msg/_payload_s.c.o[0m
[70.693s] [ 90%] [32mBuilding C object CMakeFiles/rmf_scheduler_msgs__rosidl_generator_py.dir/rosidl_generator_py/rmf_scheduler_msgs/srv/_list_trigger_states_s.c.o[0m
[70.845s] [ 91%] [32mBuilding C object CMakeFiles/rmf_scheduler_msgs__rosidl_generator_py.dir/rosidl_generator_py/rmf_scheduler_msgs/srv/_list_triggers_s.c.o[0m
[71.015s] [ 92%] [32mBuilding C object CMakeFiles/rmf_scheduler_msgs__rosidl_generator_py.dir/rosidl_generator_py/rmf_scheduler_msgs/srv/_list_schedule_states_s.c.o[0m
[71.194s] [ 92%] [32mBuilding C object CMakeFiles/rmf_scheduler_msgs__rosidl_generator_py.dir/rosidl_generator_py/rmf_scheduler_msgs/srv/_list_schedules_s.c.o[0m
[71.359s] [ 93%] [32mBuilding C object CMakeFiles/rmf_scheduler_msgs__rosidl_generator_py.dir/rosidl_generator_py/rmf_scheduler_msgs/srv/_create_trigger_s.c.o[0m
[71.532s] [ 94%] [32mBuilding C object CMakeFiles/rmf_scheduler_msgs__rosidl_generator_py.dir/rosidl_generator_py/rmf_scheduler_msgs/srv/_create_schedule_s.c.o[0m
[71.676s] [ 95%] [32mBuilding C object CMakeFiles/rmf_scheduler_msgs__rosidl_generator_py.dir/rosidl_generator_py/rmf_scheduler_msgs/srv/_cancel_trigger_s.c.o[0m
[71.863s] [ 95%] [32mBuilding C object CMakeFiles/rmf_scheduler_msgs__rosidl_generator_py.dir/rosidl_generator_py/rmf_scheduler_msgs/srv/_cancel_schedule_s.c.o[0m
[72.057s] [ 96%] [32m[1mLinking C shared library rosidl_generator_py/rmf_scheduler_msgs/librmf_scheduler_msgs__rosidl_generator_py.so[0m
[72.127s] [ 96%] Built target rmf_scheduler_msgs__rosidl_generator_py
[72.137s] [ 97%] [32mBuilding C object CMakeFiles/rmf_scheduler_msgs__rosidl_typesupport_fastrtps_c__pyext.dir/rosidl_generator_py/rmf_scheduler_msgs/_rmf_scheduler_msgs_s.ep.rosidl_typesupport_fastrtps_c.c.o[0m
[72.490s] [ 97%] [32m[1mLinking C shared library rosidl_generator_py/rmf_scheduler_msgs/rmf_scheduler_msgs_s__rosidl_typesupport_fastrtps_c.cpython-310-x86_64-linux-gnu.so[0m
[72.528s] [ 97%] Built target rmf_scheduler_msgs__rosidl_typesupport_fastrtps_c__pyext
[72.535s] [ 98%] [32mBuilding C object CMakeFiles/rmf_scheduler_msgs__rosidl_typesupport_c__pyext.dir/rosidl_generator_py/rmf_scheduler_msgs/_rmf_scheduler_msgs_s.ep.rosidl_typesupport_c.c.o[0m
[72.822s] [ 98%] [32m[1mLinking C shared library rosidl_generator_py/rmf_scheduler_msgs/rmf_scheduler_msgs_s__rosidl_typesupport_c.cpython-310-x86_64-linux-gnu.so[0m
[72.866s] [ 98%] Built target rmf_scheduler_msgs__rosidl_typesupport_c__pyext
[72.875s] [ 99%] [32mBuilding C object CMakeFiles/rmf_scheduler_msgs__rosidl_typesupport_introspection_c__pyext.dir/rosidl_generator_py/rmf_scheduler_msgs/_rmf_scheduler_msgs_s.ep.rosidl_typesupport_introspection_c.c.o[0m
[73.168s] [100%] [32m[1mLinking C shared library rosidl_generator_py/rmf_scheduler_msgs/rmf_scheduler_msgs_s__rosidl_typesupport_introspection_c.cpython-310-x86_64-linux-gnu.so[0m
[73.207s] [100%] Built target rmf_scheduler_msgs__rosidl_typesupport_introspection_c__pyext
[73.220s] Invoked command in '/home/wang/rmf_ws/build/rmf_scheduler_msgs' returned '0': CMAKE_PREFIX_PATH=/opt/ros/humble /home/wang/.local/bin/cmake --build /home/wang/rmf_ws/build/rmf_scheduler_msgs -- -j16 -l16
[73.485s] Invoking command in '/home/wang/rmf_ws/build/rmf_scheduler_msgs': CMAKE_PREFIX_PATH=/opt/ros/humble /home/wang/.local/bin/cmake --install /home/wang/rmf_ws/build/rmf_scheduler_msgs
[73.520s] -- Install configuration: "Release"
[73.520s] -- Installing: /home/wang/rmf_ws/install/rmf_scheduler_msgs/share/ament_index/resource_index/rosidl_interfaces/rmf_scheduler_msgs
[73.521s] -- Installing: /home/wang/rmf_ws/install/rmf_scheduler_msgs/include/rmf_scheduler_msgs/rmf_scheduler_msgs
[73.521s] -- Installing: /home/wang/rmf_ws/install/rmf_scheduler_msgs/include/rmf_scheduler_msgs/rmf_scheduler_msgs/srv
[73.521s] -- Installing: /home/wang/rmf_ws/install/rmf_scheduler_msgs/include/rmf_scheduler_msgs/rmf_scheduler_msgs/srv/cancel_all.h
[73.521s] -- Installing: /home/wang/rmf_ws/install/rmf_scheduler_msgs/include/rmf_scheduler_msgs/rmf_scheduler_msgs/srv/create_trigger.h
[73.521s] -- Installing: /home/wang/rmf_ws/install/rmf_scheduler_msgs/include/rmf_scheduler_msgs/rmf_scheduler_msgs/srv/detail
[73.521s] -- Installing: /home/wang/rmf_ws/install/rmf_scheduler_msgs/include/rmf_scheduler_msgs/rmf_scheduler_msgs/srv/detail/create_trigger__functions.c
[73.521s] -- Installing: /home/wang/rmf_ws/install/rmf_scheduler_msgs/include/rmf_scheduler_msgs/rmf_scheduler_msgs/srv/detail/list_trigger_states__type_support.h
[73.522s] -- Installing: /home/wang/rmf_ws/install/rmf_scheduler_msgs/include/rmf_scheduler_msgs/rmf_scheduler_msgs/srv/detail/cancel_all__functions.c
[73.522s] -- Installing: /home/wang/rmf_ws/install/rmf_scheduler_msgs/include/rmf_scheduler_msgs/rmf_scheduler_msgs/srv/detail/list_trigger_states__functions.h
[73.522s] -- Installing: /home/wang/rmf_ws/install/rmf_scheduler_msgs/include/rmf_scheduler_msgs/rmf_scheduler_msgs/srv/detail/cancel_all__struct.h
[73.522s] -- Installing: /home/wang/rmf_ws/install/rmf_scheduler_msgs/include/rmf_scheduler_msgs/rmf_scheduler_msgs/srv/detail/cancel_schedule__functions.c
[73.522s] -- Installing: /home/wang/rmf_ws/install/rmf_scheduler_msgs/include/rmf_scheduler_msgs/rmf_scheduler_msgs/srv/detail/list_schedules__struct.h
[73.522s] -- Installing: /home/wang/rmf_ws/install/rmf_scheduler_msgs/include/rmf_scheduler_msgs/rmf_scheduler_msgs/srv/detail/cancel_all__type_support.h
[73.522s] -- Installing: /home/wang/rmf_ws/install/rmf_scheduler_msgs/include/rmf_scheduler_msgs/rmf_scheduler_msgs/srv/detail/list_schedules__type_support.h
[73.522s] -- Installing: /home/wang/rmf_ws/install/rmf_scheduler_msgs/include/rmf_scheduler_msgs/rmf_scheduler_msgs/srv/detail/list_schedule_states__struct.h
[73.523s] -- Installing: /home/wang/rmf_ws/install/rmf_scheduler_msgs/include/rmf_scheduler_msgs/rmf_scheduler_msgs/srv/detail/create_schedule__struct.h
[73.523s] -- Installing: /home/wang/rmf_ws/install/rmf_scheduler_msgs/include/rmf_scheduler_msgs/rmf_scheduler_msgs/srv/detail/create_trigger__struct.h
[73.523s] -- Installing: /home/wang/rmf_ws/install/rmf_scheduler_msgs/include/rmf_scheduler_msgs/rmf_scheduler_msgs/srv/detail/cancel_trigger__functions.c
[73.523s] -- Installing: /home/wang/rmf_ws/install/rmf_scheduler_msgs/include/rmf_scheduler_msgs/rmf_scheduler_msgs/srv/detail/list_trigger_states__functions.c
[73.523s] -- Installing: /home/wang/rmf_ws/install/rmf_scheduler_msgs/include/rmf_scheduler_msgs/rmf_scheduler_msgs/srv/detail/list_schedule_states__functions.h
[73.523s] -- Installing: /home/wang/rmf_ws/install/rmf_scheduler_msgs/include/rmf_scheduler_msgs/rmf_scheduler_msgs/srv/detail/list_schedule_states__functions.c
[73.524s] -- Installing: /home/wang/rmf_ws/install/rmf_scheduler_msgs/include/rmf_scheduler_msgs/rmf_scheduler_msgs/srv/detail/list_schedules__functions.h
[73.524s] -- Installing: /home/wang/rmf_ws/install/rmf_scheduler_msgs/include/rmf_scheduler_msgs/rmf_scheduler_msgs/srv/detail/create_schedule__functions.h
[73.524s] -- Installing: /home/wang/rmf_ws/install/rmf_scheduler_msgs/include/rmf_scheduler_msgs/rmf_scheduler_msgs/srv/detail/list_trigger_states__struct.h
[73.524s] -- Installing: /home/wang/rmf_ws/install/rmf_scheduler_msgs/include/rmf_scheduler_msgs/rmf_scheduler_msgs/srv/detail/create_trigger__functions.h
[73.524s] -- Installing: /home/wang/rmf_ws/install/rmf_scheduler_msgs/include/rmf_scheduler_msgs/rmf_scheduler_msgs/srv/detail/list_triggers__type_support.h
[73.525s] -- Installing: /home/wang/rmf_ws/install/rmf_scheduler_msgs/include/rmf_scheduler_msgs/rmf_scheduler_msgs/srv/detail/cancel_all__functions.h
[73.525s] -- Installing: /home/wang/rmf_ws/install/rmf_scheduler_msgs/include/rmf_scheduler_msgs/rmf_scheduler_msgs/srv/detail/cancel_trigger__struct.h
[73.525s] -- Installing: /home/wang/rmf_ws/install/rmf_scheduler_msgs/include/rmf_scheduler_msgs/rmf_scheduler_msgs/srv/detail/cancel_trigger__functions.h
[73.525s] -- Installing: /home/wang/rmf_ws/install/rmf_scheduler_msgs/include/rmf_scheduler_msgs/rmf_scheduler_msgs/srv/detail/create_schedule__functions.c
[73.525s] -- Installing: /home/wang/rmf_ws/install/rmf_scheduler_msgs/include/rmf_scheduler_msgs/rmf_scheduler_msgs/srv/detail/list_triggers__functions.h
[73.525s] -- Installing: /home/wang/rmf_ws/install/rmf_scheduler_msgs/include/rmf_scheduler_msgs/rmf_scheduler_msgs/srv/detail/cancel_schedule__functions.h
[73.526s] -- Installing: /home/wang/rmf_ws/install/rmf_scheduler_msgs/include/rmf_scheduler_msgs/rmf_scheduler_msgs/srv/detail/create_trigger__type_support.h
[73.526s] -- Installing: /home/wang/rmf_ws/install/rmf_scheduler_msgs/include/rmf_scheduler_msgs/rmf_scheduler_msgs/srv/detail/cancel_schedule__type_support.h
[73.526s] -- Installing: /home/wang/rmf_ws/install/rmf_scheduler_msgs/include/rmf_scheduler_msgs/rmf_scheduler_msgs/srv/detail/list_triggers__functions.c
[73.526s] -- Installing: /home/wang/rmf_ws/install/rmf_scheduler_msgs/include/rmf_scheduler_msgs/rmf_scheduler_msgs/srv/detail/list_schedules__functions.c
[73.526s] -- Installing: /home/wang/rmf_ws/install/rmf_scheduler_msgs/include/rmf_scheduler_msgs/rmf_scheduler_msgs/srv/detail/create_schedule__type_support.h
[73.527s] -- Installing: /home/wang/rmf_ws/install/rmf_scheduler_msgs/include/rmf_scheduler_msgs/rmf_scheduler_msgs/srv/detail/cancel_schedule__struct.h
[73.527s] -- Installing: /home/wang/rmf_ws/install/rmf_scheduler_msgs/include/rmf_scheduler_msgs/rmf_scheduler_msgs/srv/detail/list_schedule_states__type_support.h
[73.527s] -- Installing: /home/wang/rmf_ws/install/rmf_scheduler_msgs/include/rmf_scheduler_msgs/rmf_scheduler_msgs/srv/detail/list_triggers__struct.h
[73.527s] -- Installing: /home/wang/rmf_ws/install/rmf_scheduler_msgs/include/rmf_scheduler_msgs/rmf_scheduler_msgs/srv/detail/cancel_trigger__type_support.h
[73.527s] -- Installing: /home/wang/rmf_ws/install/rmf_scheduler_msgs/include/rmf_scheduler_msgs/rmf_scheduler_msgs/srv/create_schedule.h
[73.527s] -- Installing: /home/wang/rmf_ws/install/rmf_scheduler_msgs/include/rmf_scheduler_msgs/rmf_scheduler_msgs/srv/list_trigger_states.h
[73.527s] -- Installing: /home/wang/rmf_ws/install/rmf_scheduler_msgs/include/rmf_scheduler_msgs/rmf_scheduler_msgs/srv/list_triggers.h
[73.528s] -- Installing: /home/wang/rmf_ws/install/rmf_scheduler_msgs/include/rmf_scheduler_msgs/rmf_scheduler_msgs/srv/list_schedules.h
[73.528s] -- Installing: /home/wang/rmf_ws/install/rmf_scheduler_msgs/include/rmf_scheduler_msgs/rmf_scheduler_msgs/srv/cancel_schedule.h
[73.528s] -- Installing: /home/wang/rmf_ws/install/rmf_scheduler_msgs/include/rmf_scheduler_msgs/rmf_scheduler_msgs/srv/cancel_trigger.h
[73.528s] -- Installing: /home/wang/rmf_ws/install/rmf_scheduler_msgs/include/rmf_scheduler_msgs/rmf_scheduler_msgs/srv/list_schedule_states.h
[73.528s] -- Installing: /home/wang/rmf_ws/install/rmf_scheduler_msgs/include/rmf_scheduler_msgs/rmf_scheduler_msgs/msg
[73.529s] -- Installing: /home/wang/rmf_ws/install/rmf_scheduler_msgs/include/rmf_scheduler_msgs/rmf_scheduler_msgs/msg/trigger_state.h
[73.529s] -- Installing: /home/wang/rmf_ws/install/rmf_scheduler_msgs/include/rmf_scheduler_msgs/rmf_scheduler_msgs/msg/detail
[73.529s] -- Installing: /home/wang/rmf_ws/install/rmf_scheduler_msgs/include/rmf_scheduler_msgs/rmf_scheduler_msgs/msg/detail/trigger_state__functions.c
[73.529s] -- Installing: /home/wang/rmf_ws/install/rmf_scheduler_msgs/include/rmf_scheduler_msgs/rmf_scheduler_msgs/msg/detail/schedule__functions.h
[73.529s] -- Installing: /home/wang/rmf_ws/install/rmf_scheduler_msgs/include/rmf_scheduler_msgs/rmf_scheduler_msgs/msg/detail/schedule_state__functions.c
[73.529s] -- Installing: /home/wang/rmf_ws/install/rmf_scheduler_msgs/include/rmf_scheduler_msgs/rmf_scheduler_msgs/msg/detail/trigger__struct.h
[73.529s] -- Installing: /home/wang/rmf_ws/install/rmf_scheduler_msgs/include/rmf_scheduler_msgs/rmf_scheduler_msgs/msg/detail/trigger_state__functions.h
[73.530s] -- Installing: /home/wang/rmf_ws/install/rmf_scheduler_msgs/include/rmf_scheduler_msgs/rmf_scheduler_msgs/msg/detail/payload__functions.c
[73.530s] -- Installing: /home/wang/rmf_ws/install/rmf_scheduler_msgs/include/rmf_scheduler_msgs/rmf_scheduler_msgs/msg/detail/schedule__functions.c
[73.530s] -- Installing: /home/wang/rmf_ws/install/rmf_scheduler_msgs/include/rmf_scheduler_msgs/rmf_scheduler_msgs/msg/detail/trigger_state__struct.h
[73.530s] -- Installing: /home/wang/rmf_ws/install/rmf_scheduler_msgs/include/rmf_scheduler_msgs/rmf_scheduler_msgs/msg/detail/trigger__type_support.h
[73.530s] -- Installing: /home/wang/rmf_ws/install/rmf_scheduler_msgs/include/rmf_scheduler_msgs/rmf_scheduler_msgs/msg/detail/trigger_state__type_support.h
[73.530s] -- Installing: /home/wang/rmf_ws/install/rmf_scheduler_msgs/include/rmf_scheduler_msgs/rmf_scheduler_msgs/msg/detail/payload__struct.h
[73.531s] -- Installing: /home/wang/rmf_ws/install/rmf_scheduler_msgs/include/rmf_scheduler_msgs/rmf_scheduler_msgs/msg/detail/payload__type_support.h
[73.531s] -- Installing: /home/wang/rmf_ws/install/rmf_scheduler_msgs/include/rmf_scheduler_msgs/rmf_scheduler_msgs/msg/detail/schedule_state__type_support.h
[73.531s] -- Installing: /home/wang/rmf_ws/install/rmf_scheduler_msgs/include/rmf_scheduler_msgs/rmf_scheduler_msgs/msg/detail/payload__functions.h
[73.531s] -- Installing: /home/wang/rmf_ws/install/rmf_scheduler_msgs/include/rmf_scheduler_msgs/rmf_scheduler_msgs/msg/detail/trigger__functions.h
[73.531s] -- Installing: /home/wang/rmf_ws/install/rmf_scheduler_msgs/include/rmf_scheduler_msgs/rmf_scheduler_msgs/msg/detail/schedule_state__struct.h
[73.531s] -- Installing: /home/wang/rmf_ws/install/rmf_scheduler_msgs/include/rmf_scheduler_msgs/rmf_scheduler_msgs/msg/detail/schedule__struct.h
[73.532s] -- Installing: /home/wang/rmf_ws/install/rmf_scheduler_msgs/include/rmf_scheduler_msgs/rmf_scheduler_msgs/msg/detail/trigger__functions.c
[73.532s] -- Installing: /home/wang/rmf_ws/install/rmf_scheduler_msgs/include/rmf_scheduler_msgs/rmf_scheduler_msgs/msg/detail/schedule__type_support.h
[73.532s] -- Installing: /home/wang/rmf_ws/install/rmf_scheduler_msgs/include/rmf_scheduler_msgs/rmf_scheduler_msgs/msg/detail/schedule_state__functions.h
[73.532s] -- Installing: /home/wang/rmf_ws/install/rmf_scheduler_msgs/include/rmf_scheduler_msgs/rmf_scheduler_msgs/msg/rosidl_generator_c__visibility_control.h
[73.532s] -- Installing: /home/wang/rmf_ws/install/rmf_scheduler_msgs/include/rmf_scheduler_msgs/rmf_scheduler_msgs/msg/payload.h
[73.533s] -- Installing: /home/wang/rmf_ws/install/rmf_scheduler_msgs/include/rmf_scheduler_msgs/rmf_scheduler_msgs/msg/schedule.h
[73.533s] -- Installing: /home/wang/rmf_ws/install/rmf_scheduler_msgs/include/rmf_scheduler_msgs/rmf_scheduler_msgs/msg/trigger.h
[73.533s] -- Installing: /home/wang/rmf_ws/install/rmf_scheduler_msgs/include/rmf_scheduler_msgs/rmf_scheduler_msgs/msg/schedule_state.h
[73.533s] -- Installing: /home/wang/rmf_ws/install/rmf_scheduler_msgs/share/rmf_scheduler_msgs/environment/library_path.sh
[73.533s] -- Installing: /home/wang/rmf_ws/install/rmf_scheduler_msgs/share/rmf_scheduler_msgs/environment/library_path.dsv
[73.533s] -- Installing: /home/wang/rmf_ws/install/rmf_scheduler_msgs/lib/librmf_scheduler_msgs__rosidl_generator_c.so
[73.534s] -- Set runtime path of "/home/wang/rmf_ws/install/rmf_scheduler_msgs/lib/librmf_scheduler_msgs__rosidl_generator_c.so" to ""
[73.534s] -- Up-to-date: /home/wang/rmf_ws/install/rmf_scheduler_msgs/include/rmf_scheduler_msgs/rmf_scheduler_msgs
[73.534s] -- Up-to-date: /home/wang/rmf_ws/install/rmf_scheduler_msgs/include/rmf_scheduler_msgs/rmf_scheduler_msgs/srv
[73.534s] -- Up-to-date: /home/wang/rmf_ws/install/rmf_scheduler_msgs/include/rmf_scheduler_msgs/rmf_scheduler_msgs/srv/detail
[73.534s] -- Installing: /home/wang/rmf_ws/install/rmf_scheduler_msgs/include/rmf_scheduler_msgs/rmf_scheduler_msgs/srv/detail/cancel_schedule__rosidl_typesupport_fastrtps_c.h
[73.534s] -- Installing: /home/wang/rmf_ws/install/rmf_scheduler_msgs/include/rmf_scheduler_msgs/rmf_scheduler_msgs/srv/detail/cancel_trigger__rosidl_typesupport_fastrtps_c.h
[73.534s] -- Installing: /home/wang/rmf_ws/install/rmf_scheduler_msgs/include/rmf_scheduler_msgs/rmf_scheduler_msgs/srv/detail/create_schedule__rosidl_typesupport_fastrtps_c.h
[73.535s] -- Installing: /home/wang/rmf_ws/install/rmf_scheduler_msgs/include/rmf_scheduler_msgs/rmf_scheduler_msgs/srv/detail/list_triggers__rosidl_typesupport_fastrtps_c.h
[73.535s] -- Installing: /home/wang/rmf_ws/install/rmf_scheduler_msgs/include/rmf_scheduler_msgs/rmf_scheduler_msgs/srv/detail/list_schedule_states__rosidl_typesupport_fastrtps_c.h
[73.535s] -- Installing: /home/wang/rmf_ws/install/rmf_scheduler_msgs/include/rmf_scheduler_msgs/rmf_scheduler_msgs/srv/detail/cancel_all__rosidl_typesupport_fastrtps_c.h
[73.535s] -- Installing: /home/wang/rmf_ws/install/rmf_scheduler_msgs/include/rmf_scheduler_msgs/rmf_scheduler_msgs/srv/detail/list_trigger_states__rosidl_typesupport_fastrtps_c.h
[73.535s] -- Installing: /home/wang/rmf_ws/install/rmf_scheduler_msgs/include/rmf_scheduler_msgs/rmf_scheduler_msgs/srv/detail/list_schedules__rosidl_typesupport_fastrtps_c.h
[73.535s] -- Installing: /home/wang/rmf_ws/install/rmf_scheduler_msgs/include/rmf_scheduler_msgs/rmf_scheduler_msgs/srv/detail/create_trigger__rosidl_typesupport_fastrtps_c.h
[73.536s] -- Up-to-date: /home/wang/rmf_ws/install/rmf_scheduler_msgs/include/rmf_scheduler_msgs/rmf_scheduler_msgs/msg
[73.536s] -- Up-to-date: /home/wang/rmf_ws/install/rmf_scheduler_msgs/include/rmf_scheduler_msgs/rmf_scheduler_msgs/msg/detail
[73.536s] -- Installing: /home/wang/rmf_ws/install/rmf_scheduler_msgs/include/rmf_scheduler_msgs/rmf_scheduler_msgs/msg/detail/schedule__rosidl_typesupport_fastrtps_c.h
[73.536s] -- Installing: /home/wang/rmf_ws/install/rmf_scheduler_msgs/include/rmf_scheduler_msgs/rmf_scheduler_msgs/msg/detail/trigger__rosidl_typesupport_fastrtps_c.h
[73.536s] -- Installing: /home/wang/rmf_ws/install/rmf_scheduler_msgs/include/rmf_scheduler_msgs/rmf_scheduler_msgs/msg/detail/schedule_state__rosidl_typesupport_fastrtps_c.h
[73.536s] -- Installing: /home/wang/rmf_ws/install/rmf_scheduler_msgs/include/rmf_scheduler_msgs/rmf_scheduler_msgs/msg/detail/payload__rosidl_typesupport_fastrtps_c.h
[73.536s] -- Installing: /home/wang/rmf_ws/install/rmf_scheduler_msgs/include/rmf_scheduler_msgs/rmf_scheduler_msgs/msg/detail/trigger_state__rosidl_typesupport_fastrtps_c.h
[73.537s] -- Installing: /home/wang/rmf_ws/install/rmf_scheduler_msgs/include/rmf_scheduler_msgs/rmf_scheduler_msgs/msg/rosidl_typesupport_fastrtps_c__visibility_control.h
[73.537s] -- Installing: /home/wang/rmf_ws/install/rmf_scheduler_msgs/lib/librmf_scheduler_msgs__rosidl_typesupport_fastrtps_c.so
[73.537s] -- Set runtime path of "/home/wang/rmf_ws/install/rmf_scheduler_msgs/lib/librmf_scheduler_msgs__rosidl_typesupport_fastrtps_c.so" to ""
[73.537s] -- Up-to-date: /home/wang/rmf_ws/install/rmf_scheduler_msgs/include/rmf_scheduler_msgs/rmf_scheduler_msgs
[73.537s] -- Up-to-date: /home/wang/rmf_ws/install/rmf_scheduler_msgs/include/rmf_scheduler_msgs/rmf_scheduler_msgs/srv
[73.537s] -- Up-to-date: /home/wang/rmf_ws/install/rmf_scheduler_msgs/include/rmf_scheduler_msgs/rmf_scheduler_msgs/srv/detail
[73.538s] -- Installing: /home/wang/rmf_ws/install/rmf_scheduler_msgs/include/rmf_scheduler_msgs/rmf_scheduler_msgs/srv/detail/cancel_all__traits.hpp
[73.538s] -- Installing: /home/wang/rmf_ws/install/rmf_scheduler_msgs/include/rmf_scheduler_msgs/rmf_scheduler_msgs/srv/detail/create_trigger__builder.hpp
[73.538s] -- Installing: /home/wang/rmf_ws/install/rmf_scheduler_msgs/include/rmf_scheduler_msgs/rmf_scheduler_msgs/srv/detail/cancel_all__struct.hpp
[73.538s] -- Installing: /home/wang/rmf_ws/install/rmf_scheduler_msgs/include/rmf_scheduler_msgs/rmf_scheduler_msgs/srv/detail/create_schedule__struct.hpp
[73.538s] -- Installing: /home/wang/rmf_ws/install/rmf_scheduler_msgs/include/rmf_scheduler_msgs/rmf_scheduler_msgs/srv/detail/list_triggers__struct.hpp
[73.538s] -- Installing: /home/wang/rmf_ws/install/rmf_scheduler_msgs/include/rmf_scheduler_msgs/rmf_scheduler_msgs/srv/detail/list_schedules__builder.hpp
[73.538s] -- Installing: /home/wang/rmf_ws/install/rmf_scheduler_msgs/include/rmf_scheduler_msgs/rmf_scheduler_msgs/srv/detail/list_schedule_states__struct.hpp
[73.538s] -- Installing: /home/wang/rmf_ws/install/rmf_scheduler_msgs/include/rmf_scheduler_msgs/rmf_scheduler_msgs/srv/detail/create_schedule__builder.hpp
[73.539s] -- Installing: /home/wang/rmf_ws/install/rmf_scheduler_msgs/include/rmf_scheduler_msgs/rmf_scheduler_msgs/srv/detail/cancel_trigger__traits.hpp
[73.539s] -- Installing: /home/wang/rmf_ws/install/rmf_scheduler_msgs/include/rmf_scheduler_msgs/rmf_scheduler_msgs/srv/detail/create_schedule__traits.hpp
[73.539s] -- Installing: /home/wang/rmf_ws/install/rmf_scheduler_msgs/include/rmf_scheduler_msgs/rmf_scheduler_msgs/srv/detail/list_schedule_states__traits.hpp
[73.539s] -- Installing: /home/wang/rmf_ws/install/rmf_scheduler_msgs/include/rmf_scheduler_msgs/rmf_scheduler_msgs/srv/detail/list_triggers__builder.hpp
[73.539s] -- Installing: /home/wang/rmf_ws/install/rmf_scheduler_msgs/include/rmf_scheduler_msgs/rmf_scheduler_msgs/srv/detail/list_trigger_states__traits.hpp
[73.539s] -- Installing: /home/wang/rmf_ws/install/rmf_scheduler_msgs/include/rmf_scheduler_msgs/rmf_scheduler_msgs/srv/detail/list_schedules__struct.hpp
[73.539s] -- Installing: /home/wang/rmf_ws/install/rmf_scheduler_msgs/include/rmf_scheduler_msgs/rmf_scheduler_msgs/srv/detail/list_triggers__traits.hpp
[73.539s] -- Installing: /home/wang/rmf_ws/install/rmf_scheduler_msgs/include/rmf_scheduler_msgs/rmf_scheduler_msgs/srv/detail/create_trigger__struct.hpp
[73.540s] -- Installing: /home/wang/rmf_ws/install/rmf_scheduler_msgs/include/rmf_scheduler_msgs/rmf_scheduler_msgs/srv/detail/cancel_trigger__struct.hpp
[73.540s] -- Installing: /home/wang/rmf_ws/install/rmf_scheduler_msgs/include/rmf_scheduler_msgs/rmf_scheduler_msgs/srv/detail/list_trigger_states__builder.hpp
[73.540s] -- Installing: /home/wang/rmf_ws/install/rmf_scheduler_msgs/include/rmf_scheduler_msgs/rmf_scheduler_msgs/srv/detail/list_schedules__traits.hpp
[73.540s] -- Installing: /home/wang/rmf_ws/install/rmf_scheduler_msgs/include/rmf_scheduler_msgs/rmf_scheduler_msgs/srv/detail/create_trigger__traits.hpp
[73.540s] -- Installing: /home/wang/rmf_ws/install/rmf_scheduler_msgs/include/rmf_scheduler_msgs/rmf_scheduler_msgs/srv/detail/cancel_schedule__traits.hpp
[73.540s] -- Installing: /home/wang/rmf_ws/install/rmf_scheduler_msgs/include/rmf_scheduler_msgs/rmf_scheduler_msgs/srv/detail/cancel_all__builder.hpp
[73.541s] -- Installing: /home/wang/rmf_ws/install/rmf_scheduler_msgs/include/rmf_scheduler_msgs/rmf_scheduler_msgs/srv/detail/list_schedule_states__builder.hpp
[73.541s] -- Installing: /home/wang/rmf_ws/install/rmf_scheduler_msgs/include/rmf_scheduler_msgs/rmf_scheduler_msgs/srv/detail/list_trigger_states__struct.hpp
[73.541s] -- Installing: /home/wang/rmf_ws/install/rmf_scheduler_msgs/include/rmf_scheduler_msgs/rmf_scheduler_msgs/srv/detail/cancel_schedule__builder.hpp
[73.541s] -- Installing: /home/wang/rmf_ws/install/rmf_scheduler_msgs/include/rmf_scheduler_msgs/rmf_scheduler_msgs/srv/detail/cancel_schedule__struct.hpp
[73.541s] -- Installing: /home/wang/rmf_ws/install/rmf_scheduler_msgs/include/rmf_scheduler_msgs/rmf_scheduler_msgs/srv/detail/cancel_trigger__builder.hpp
[73.541s] -- Installing: /home/wang/rmf_ws/install/rmf_scheduler_msgs/include/rmf_scheduler_msgs/rmf_scheduler_msgs/srv/cancel_trigger.hpp
[73.541s] -- Installing: /home/wang/rmf_ws/install/rmf_scheduler_msgs/include/rmf_scheduler_msgs/rmf_scheduler_msgs/srv/list_schedules.hpp
[73.542s] -- Installing: /home/wang/rmf_ws/install/rmf_scheduler_msgs/include/rmf_scheduler_msgs/rmf_scheduler_msgs/srv/cancel_all.hpp
[73.542s] -- Installing: /home/wang/rmf_ws/install/rmf_scheduler_msgs/include/rmf_scheduler_msgs/rmf_scheduler_msgs/srv/create_trigger.hpp
[73.542s] -- Installing: /home/wang/rmf_ws/install/rmf_scheduler_msgs/include/rmf_scheduler_msgs/rmf_scheduler_msgs/srv/list_triggers.hpp
[73.542s] -- Installing: /home/wang/rmf_ws/install/rmf_scheduler_msgs/include/rmf_scheduler_msgs/rmf_scheduler_msgs/srv/list_trigger_states.hpp
[73.542s] -- Installing: /home/wang/rmf_ws/install/rmf_scheduler_msgs/include/rmf_scheduler_msgs/rmf_scheduler_msgs/srv/list_schedule_states.hpp
[73.542s] -- Installing: /home/wang/rmf_ws/install/rmf_scheduler_msgs/include/rmf_scheduler_msgs/rmf_scheduler_msgs/srv/create_schedule.hpp
[73.542s] -- Installing: /home/wang/rmf_ws/install/rmf_scheduler_msgs/include/rmf_scheduler_msgs/rmf_scheduler_msgs/srv/cancel_schedule.hpp
[73.542s] -- Up-to-date: /home/wang/rmf_ws/install/rmf_scheduler_msgs/include/rmf_scheduler_msgs/rmf_scheduler_msgs/msg
[73.543s] -- Installing: /home/wang/rmf_ws/install/rmf_scheduler_msgs/include/rmf_scheduler_msgs/rmf_scheduler_msgs/msg/trigger.hpp
[73.543s] -- Up-to-date: /home/wang/rmf_ws/install/rmf_scheduler_msgs/include/rmf_scheduler_msgs/rmf_scheduler_msgs/msg/detail
[73.543s] -- Installing: /home/wang/rmf_ws/install/rmf_scheduler_msgs/include/rmf_scheduler_msgs/rmf_scheduler_msgs/msg/detail/trigger__traits.hpp
[73.543s] -- Installing: /home/wang/rmf_ws/install/rmf_scheduler_msgs/include/rmf_scheduler_msgs/rmf_scheduler_msgs/msg/detail/schedule__traits.hpp
[73.543s] -- Installing: /home/wang/rmf_ws/install/rmf_scheduler_msgs/include/rmf_scheduler_msgs/rmf_scheduler_msgs/msg/detail/payload__traits.hpp
[73.543s] -- Installing: /home/wang/rmf_ws/install/rmf_scheduler_msgs/include/rmf_scheduler_msgs/rmf_scheduler_msgs/msg/detail/trigger__struct.hpp
[73.543s] -- Installing: /home/wang/rmf_ws/install/rmf_scheduler_msgs/include/rmf_scheduler_msgs/rmf_scheduler_msgs/msg/detail/payload__builder.hpp
[73.544s] -- Installing: /home/wang/rmf_ws/install/rmf_scheduler_msgs/include/rmf_scheduler_msgs/rmf_scheduler_msgs/msg/detail/trigger_state__struct.hpp
[73.544s] -- Installing: /home/wang/rmf_ws/install/rmf_scheduler_msgs/include/rmf_scheduler_msgs/rmf_scheduler_msgs/msg/detail/trigger_state__builder.hpp
[73.544s] -- Installing: /home/wang/rmf_ws/install/rmf_scheduler_msgs/include/rmf_scheduler_msgs/rmf_scheduler_msgs/msg/detail/schedule__builder.hpp
[73.544s] -- Installing: /home/wang/rmf_ws/install/rmf_scheduler_msgs/include/rmf_scheduler_msgs/rmf_scheduler_msgs/msg/detail/trigger__builder.hpp
[73.544s] -- Installing: /home/wang/rmf_ws/install/rmf_scheduler_msgs/include/rmf_scheduler_msgs/rmf_scheduler_msgs/msg/detail/schedule__struct.hpp
[73.544s] -- Installing: /home/wang/rmf_ws/install/rmf_scheduler_msgs/include/rmf_scheduler_msgs/rmf_scheduler_msgs/msg/detail/schedule_state__struct.hpp
[73.545s] -- Installing: /home/wang/rmf_ws/install/rmf_scheduler_msgs/include/rmf_scheduler_msgs/rmf_scheduler_msgs/msg/detail/trigger_state__traits.hpp
[73.545s] -- Installing: /home/wang/rmf_ws/install/rmf_scheduler_msgs/include/rmf_scheduler_msgs/rmf_scheduler_msgs/msg/detail/schedule_state__builder.hpp
[73.545s] -- Installing: /home/wang/rmf_ws/install/rmf_scheduler_msgs/include/rmf_scheduler_msgs/rmf_scheduler_msgs/msg/detail/schedule_state__traits.hpp
[73.545s] -- Installing: /home/wang/rmf_ws/install/rmf_scheduler_msgs/include/rmf_scheduler_msgs/rmf_scheduler_msgs/msg/detail/payload__struct.hpp
[73.545s] -- Installing: /home/wang/rmf_ws/install/rmf_scheduler_msgs/include/rmf_scheduler_msgs/rmf_scheduler_msgs/msg/schedule_state.hpp
[73.545s] -- Installing: /home/wang/rmf_ws/install/rmf_scheduler_msgs/include/rmf_scheduler_msgs/rmf_scheduler_msgs/msg/payload.hpp
[73.545s] -- Installing: /home/wang/rmf_ws/install/rmf_scheduler_msgs/include/rmf_scheduler_msgs/rmf_scheduler_msgs/msg/trigger_state.hpp
[73.545s] -- Installing: /home/wang/rmf_ws/install/rmf_scheduler_msgs/include/rmf_scheduler_msgs/rmf_scheduler_msgs/msg/schedule.hpp
[73.546s] -- Up-to-date: /home/wang/rmf_ws/install/rmf_scheduler_msgs/include/rmf_scheduler_msgs/rmf_scheduler_msgs
[73.546s] -- Up-to-date: /home/wang/rmf_ws/install/rmf_scheduler_msgs/include/rmf_scheduler_msgs/rmf_scheduler_msgs/srv
[73.546s] -- Up-to-date: /home/wang/rmf_ws/install/rmf_scheduler_msgs/include/rmf_scheduler_msgs/rmf_scheduler_msgs/srv/detail
[73.546s] -- Installing: /home/wang/rmf_ws/install/rmf_scheduler_msgs/include/rmf_scheduler_msgs/rmf_scheduler_msgs/srv/detail/list_trigger_states__rosidl_typesupport_fastrtps_cpp.hpp
[73.546s] -- Installing: /home/wang/rmf_ws/install/rmf_scheduler_msgs/include/rmf_scheduler_msgs/rmf_scheduler_msgs/srv/detail/cancel_schedule__rosidl_typesupport_fastrtps_cpp.hpp
[73.546s] -- Installing: /home/wang/rmf_ws/install/rmf_scheduler_msgs/include/rmf_scheduler_msgs/rmf_scheduler_msgs/srv/detail/dds_fastrtps
[73.546s] -- Installing: /home/wang/rmf_ws/install/rmf_scheduler_msgs/include/rmf_scheduler_msgs/rmf_scheduler_msgs/srv/detail/list_schedule_states__rosidl_typesupport_fastrtps_cpp.hpp
[73.546s] -- Installing: /home/wang/rmf_ws/install/rmf_scheduler_msgs/include/rmf_scheduler_msgs/rmf_scheduler_msgs/srv/detail/create_schedule__rosidl_typesupport_fastrtps_cpp.hpp
[73.547s] -- Installing: /home/wang/rmf_ws/install/rmf_scheduler_msgs/include/rmf_scheduler_msgs/rmf_scheduler_msgs/srv/detail/create_trigger__rosidl_typesupport_fastrtps_cpp.hpp
[73.547s] -- Installing: /home/wang/rmf_ws/install/rmf_scheduler_msgs/include/rmf_scheduler_msgs/rmf_scheduler_msgs/srv/detail/cancel_trigger__rosidl_typesupport_fastrtps_cpp.hpp
[73.547s] -- Installing: /home/wang/rmf_ws/install/rmf_scheduler_msgs/include/rmf_scheduler_msgs/rmf_scheduler_msgs/srv/detail/cancel_all__rosidl_typesupport_fastrtps_cpp.hpp
[73.547s] -- Installing: /home/wang/rmf_ws/install/rmf_scheduler_msgs/include/rmf_scheduler_msgs/rmf_scheduler_msgs/srv/detail/list_schedules__rosidl_typesupport_fastrtps_cpp.hpp
[73.547s] -- Installing: /home/wang/rmf_ws/install/rmf_scheduler_msgs/include/rmf_scheduler_msgs/rmf_scheduler_msgs/srv/detail/list_triggers__rosidl_typesupport_fastrtps_cpp.hpp
[73.547s] -- Up-to-date: /home/wang/rmf_ws/install/rmf_scheduler_msgs/include/rmf_scheduler_msgs/rmf_scheduler_msgs/msg
[73.547s] -- Up-to-date: /home/wang/rmf_ws/install/rmf_scheduler_msgs/include/rmf_scheduler_msgs/rmf_scheduler_msgs/msg/detail
[73.547s] -- Installing: /home/wang/rmf_ws/install/rmf_scheduler_msgs/include/rmf_scheduler_msgs/rmf_scheduler_msgs/msg/detail/schedule_state__rosidl_typesupport_fastrtps_cpp.hpp
[73.547s] -- Installing: /home/wang/rmf_ws/install/rmf_scheduler_msgs/include/rmf_scheduler_msgs/rmf_scheduler_msgs/msg/detail/dds_fastrtps
[73.547s] -- Installing: /home/wang/rmf_ws/install/rmf_scheduler_msgs/include/rmf_scheduler_msgs/rmf_scheduler_msgs/msg/detail/trigger_state__rosidl_typesupport_fastrtps_cpp.hpp
[73.547s] -- Installing: /home/wang/rmf_ws/install/rmf_scheduler_msgs/include/rmf_scheduler_msgs/rmf_scheduler_msgs/msg/detail/payload__rosidl_typesupport_fastrtps_cpp.hpp
[73.548s] -- Installing: /home/wang/rmf_ws/install/rmf_scheduler_msgs/include/rmf_scheduler_msgs/rmf_scheduler_msgs/msg/detail/schedule__rosidl_typesupport_fastrtps_cpp.hpp
[73.548s] -- Installing: /home/wang/rmf_ws/install/rmf_scheduler_msgs/include/rmf_scheduler_msgs/rmf_scheduler_msgs/msg/detail/trigger__rosidl_typesupport_fastrtps_cpp.hpp
[73.548s] -- Installing: /home/wang/rmf_ws/install/rmf_scheduler_msgs/include/rmf_scheduler_msgs/rmf_scheduler_msgs/msg/rosidl_typesupport_fastrtps_cpp__visibility_control.h
[73.548s] -- Installing: /home/wang/rmf_ws/install/rmf_scheduler_msgs/lib/librmf_scheduler_msgs__rosidl_typesupport_fastrtps_cpp.so
[73.548s] -- Set runtime path of "/home/wang/rmf_ws/install/rmf_scheduler_msgs/lib/librmf_scheduler_msgs__rosidl_typesupport_fastrtps_cpp.so" to ""
[73.548s] -- Up-to-date: /home/wang/rmf_ws/install/rmf_scheduler_msgs/include/rmf_scheduler_msgs/rmf_scheduler_msgs
[73.548s] -- Up-to-date: /home/wang/rmf_ws/install/rmf_scheduler_msgs/include/rmf_scheduler_msgs/rmf_scheduler_msgs/srv
[73.548s] -- Up-to-date: /home/wang/rmf_ws/install/rmf_scheduler_msgs/include/rmf_scheduler_msgs/rmf_scheduler_msgs/srv/detail
[73.549s] -- Installing: /home/wang/rmf_ws/install/rmf_scheduler_msgs/include/rmf_scheduler_msgs/rmf_scheduler_msgs/srv/detail/list_schedule_states__rosidl_typesupport_introspection_c.h
[73.549s] -- Installing: /home/wang/rmf_ws/install/rmf_scheduler_msgs/include/rmf_scheduler_msgs/rmf_scheduler_msgs/srv/detail/list_schedules__rosidl_typesupport_introspection_c.h
[73.549s] -- Installing: /home/wang/rmf_ws/install/rmf_scheduler_msgs/include/rmf_scheduler_msgs/rmf_scheduler_msgs/srv/detail/list_schedule_states__type_support.c
[73.549s] -- Installing: /home/wang/rmf_ws/install/rmf_scheduler_msgs/include/rmf_scheduler_msgs/rmf_scheduler_msgs/srv/detail/create_schedule__type_support.c
[73.549s] -- Installing: /home/wang/rmf_ws/install/rmf_scheduler_msgs/include/rmf_scheduler_msgs/rmf_scheduler_msgs/srv/detail/list_triggers__type_support.c
[73.549s] -- Installing: /home/wang/rmf_ws/install/rmf_scheduler_msgs/include/rmf_scheduler_msgs/rmf_scheduler_msgs/srv/detail/list_trigger_states__rosidl_typesupport_introspection_c.h
[73.549s] -- Installing: /home/wang/rmf_ws/install/rmf_scheduler_msgs/include/rmf_scheduler_msgs/rmf_scheduler_msgs/srv/detail/cancel_trigger__rosidl_typesupport_introspection_c.h
[73.549s] -- Installing: /home/wang/rmf_ws/install/rmf_scheduler_msgs/include/rmf_scheduler_msgs/rmf_scheduler_msgs/srv/detail/create_trigger__rosidl_typesupport_introspection_c.h
[73.550s] -- Installing: /home/wang/rmf_ws/install/rmf_scheduler_msgs/include/rmf_scheduler_msgs/rmf_scheduler_msgs/srv/detail/cancel_schedule__type_support.c
[73.550s] -- Installing: /home/wang/rmf_ws/install/rmf_scheduler_msgs/include/rmf_scheduler_msgs/rmf_scheduler_msgs/srv/detail/create_trigger__type_support.c
[73.550s] -- Installing: /home/wang/rmf_ws/install/rmf_scheduler_msgs/include/rmf_scheduler_msgs/rmf_scheduler_msgs/srv/detail/cancel_trigger__type_support.c
[73.550s] -- Installing: /home/wang/rmf_ws/install/rmf_scheduler_msgs/include/rmf_scheduler_msgs/rmf_scheduler_msgs/srv/detail/cancel_all__rosidl_typesupport_introspection_c.h
[73.550s] -- Installing: /home/wang/rmf_ws/install/rmf_scheduler_msgs/include/rmf_scheduler_msgs/rmf_scheduler_msgs/srv/detail/cancel_all__type_support.c
[73.550s] -- Installing: /home/wang/rmf_ws/install/rmf_scheduler_msgs/include/rmf_scheduler_msgs/rmf_scheduler_msgs/srv/detail/cancel_schedule__rosidl_typesupport_introspection_c.h
[73.551s] -- Installing: /home/wang/rmf_ws/install/rmf_scheduler_msgs/include/rmf_scheduler_msgs/rmf_scheduler_msgs/srv/detail/list_triggers__rosidl_typesupport_introspection_c.h
[73.551s] -- Installing: /home/wang/rmf_ws/install/rmf_scheduler_msgs/include/rmf_scheduler_msgs/rmf_scheduler_msgs/srv/detail/list_trigger_states__type_support.c
[73.551s] -- Installing: /home/wang/rmf_ws/install/rmf_scheduler_msgs/include/rmf_scheduler_msgs/rmf_scheduler_msgs/srv/detail/list_schedules__type_support.c
[73.551s] -- Installing: /home/wang/rmf_ws/install/rmf_scheduler_msgs/include/rmf_scheduler_msgs/rmf_scheduler_msgs/srv/detail/create_schedule__rosidl_typesupport_introspection_c.h
[73.551s] -- Up-to-date: /home/wang/rmf_ws/install/rmf_scheduler_msgs/include/rmf_scheduler_msgs/rmf_scheduler_msgs/msg
[73.551s] -- Up-to-date: /home/wang/rmf_ws/install/rmf_scheduler_msgs/include/rmf_scheduler_msgs/rmf_scheduler_msgs/msg/detail
[73.551s] -- Installing: /home/wang/rmf_ws/install/rmf_scheduler_msgs/include/rmf_scheduler_msgs/rmf_scheduler_msgs/msg/detail/trigger_state__rosidl_typesupport_introspection_c.h
[73.551s] -- Installing: /home/wang/rmf_ws/install/rmf_scheduler_msgs/include/rmf_scheduler_msgs/rmf_scheduler_msgs/msg/detail/payload__rosidl_typesupport_introspection_c.h
[73.551s] -- Installing: /home/wang/rmf_ws/install/rmf_scheduler_msgs/include/rmf_scheduler_msgs/rmf_scheduler_msgs/msg/detail/trigger__rosidl_typesupport_introspection_c.h
[73.551s] -- Installing: /home/wang/rmf_ws/install/rmf_scheduler_msgs/include/rmf_scheduler_msgs/rmf_scheduler_msgs/msg/detail/schedule_state__type_support.c
[73.552s] -- Installing: /home/wang/rmf_ws/install/rmf_scheduler_msgs/include/rmf_scheduler_msgs/rmf_scheduler_msgs/msg/detail/schedule__type_support.c
[73.552s] -- Installing: /home/wang/rmf_ws/install/rmf_scheduler_msgs/include/rmf_scheduler_msgs/rmf_scheduler_msgs/msg/detail/schedule_state__rosidl_typesupport_introspection_c.h
[73.552s] -- Installing: /home/wang/rmf_ws/install/rmf_scheduler_msgs/include/rmf_scheduler_msgs/rmf_scheduler_msgs/msg/detail/trigger__type_support.c
[73.552s] -- Installing: /home/wang/rmf_ws/install/rmf_scheduler_msgs/include/rmf_scheduler_msgs/rmf_scheduler_msgs/msg/detail/schedule__rosidl_typesupport_introspection_c.h
[73.552s] -- Installing: /home/wang/rmf_ws/install/rmf_scheduler_msgs/include/rmf_scheduler_msgs/rmf_scheduler_msgs/msg/detail/trigger_state__type_support.c
[73.552s] -- Installing: /home/wang/rmf_ws/install/rmf_scheduler_msgs/include/rmf_scheduler_msgs/rmf_scheduler_msgs/msg/detail/payload__type_support.c
[73.552s] -- Installing: /home/wang/rmf_ws/install/rmf_scheduler_msgs/include/rmf_scheduler_msgs/rmf_scheduler_msgs/msg/rosidl_typesupport_introspection_c__visibility_control.h
[73.552s] -- Installing: /home/wang/rmf_ws/install/rmf_scheduler_msgs/lib/librmf_scheduler_msgs__rosidl_typesupport_introspection_c.so
[73.552s] -- Set runtime path of "/home/wang/rmf_ws/install/rmf_scheduler_msgs/lib/librmf_scheduler_msgs__rosidl_typesupport_introspection_c.so" to ""
[73.553s] -- Installing: /home/wang/rmf_ws/install/rmf_scheduler_msgs/lib/librmf_scheduler_msgs__rosidl_typesupport_c.so
[73.553s] -- Set runtime path of "/home/wang/rmf_ws/install/rmf_scheduler_msgs/lib/librmf_scheduler_msgs__rosidl_typesupport_c.so" to ""
[73.553s] -- Up-to-date: /home/wang/rmf_ws/install/rmf_scheduler_msgs/include/rmf_scheduler_msgs/rmf_scheduler_msgs
[73.553s] -- Up-to-date: /home/wang/rmf_ws/install/rmf_scheduler_msgs/include/rmf_scheduler_msgs/rmf_scheduler_msgs/srv
[73.553s] -- Up-to-date: /home/wang/rmf_ws/install/rmf_scheduler_msgs/include/rmf_scheduler_msgs/rmf_scheduler_msgs/srv/detail
[73.553s] -- Installing: /home/wang/rmf_ws/install/rmf_scheduler_msgs/include/rmf_scheduler_msgs/rmf_scheduler_msgs/srv/detail/list_trigger_states__type_support.cpp
[73.553s] -- Installing: /home/wang/rmf_ws/install/rmf_scheduler_msgs/include/rmf_scheduler_msgs/rmf_scheduler_msgs/srv/detail/cancel_all__rosidl_typesupport_introspection_cpp.hpp
[73.553s] -- Installing: /home/wang/rmf_ws/install/rmf_scheduler_msgs/include/rmf_scheduler_msgs/rmf_scheduler_msgs/srv/detail/list_schedule_states__rosidl_typesupport_introspection_cpp.hpp
[73.553s] -- Installing: /home/wang/rmf_ws/install/rmf_scheduler_msgs/include/rmf_scheduler_msgs/rmf_scheduler_msgs/srv/detail/cancel_schedule__rosidl_typesupport_introspection_cpp.hpp
[73.554s] -- Installing: /home/wang/rmf_ws/install/rmf_scheduler_msgs/include/rmf_scheduler_msgs/rmf_scheduler_msgs/srv/detail/create_trigger__type_support.cpp
[73.554s] -- Installing: /home/wang/rmf_ws/install/rmf_scheduler_msgs/include/rmf_scheduler_msgs/rmf_scheduler_msgs/srv/detail/list_schedule_states__type_support.cpp
[73.554s] -- Installing: /home/wang/rmf_ws/install/rmf_scheduler_msgs/include/rmf_scheduler_msgs/rmf_scheduler_msgs/srv/detail/cancel_schedule__type_support.cpp
[73.554s] -- Installing: /home/wang/rmf_ws/install/rmf_scheduler_msgs/include/rmf_scheduler_msgs/rmf_scheduler_msgs/srv/detail/list_triggers__type_support.cpp
[73.554s] -- Installing: /home/wang/rmf_ws/install/rmf_scheduler_msgs/include/rmf_scheduler_msgs/rmf_scheduler_msgs/srv/detail/cancel_trigger__type_support.cpp
[73.554s] -- Installing: /home/wang/rmf_ws/install/rmf_scheduler_msgs/include/rmf_scheduler_msgs/rmf_scheduler_msgs/srv/detail/create_schedule__rosidl_typesupport_introspection_cpp.hpp
[73.554s] -- Installing: /home/wang/rmf_ws/install/rmf_scheduler_msgs/include/rmf_scheduler_msgs/rmf_scheduler_msgs/srv/detail/list_schedules__rosidl_typesupport_introspection_cpp.hpp
[73.554s] -- Installing: /home/wang/rmf_ws/install/rmf_scheduler_msgs/include/rmf_scheduler_msgs/rmf_scheduler_msgs/srv/detail/create_trigger__rosidl_typesupport_introspection_cpp.hpp
[73.554s] -- Installing: /home/wang/rmf_ws/install/rmf_scheduler_msgs/include/rmf_scheduler_msgs/rmf_scheduler_msgs/srv/detail/list_schedules__type_support.cpp
[73.554s] -- Installing: /home/wang/rmf_ws/install/rmf_scheduler_msgs/include/rmf_scheduler_msgs/rmf_scheduler_msgs/srv/detail/list_trigger_states__rosidl_typesupport_introspection_cpp.hpp
[73.555s] -- Installing: /home/wang/rmf_ws/install/rmf_scheduler_msgs/include/rmf_scheduler_msgs/rmf_scheduler_msgs/srv/detail/cancel_trigger__rosidl_typesupport_introspection_cpp.hpp
[73.555s] -- Installing: /home/wang/rmf_ws/install/rmf_scheduler_msgs/include/rmf_scheduler_msgs/rmf_scheduler_msgs/srv/detail/create_schedule__type_support.cpp
[73.555s] -- Installing: /home/wang/rmf_ws/install/rmf_scheduler_msgs/include/rmf_scheduler_msgs/rmf_scheduler_msgs/srv/detail/list_triggers__rosidl_typesupport_introspection_cpp.hpp
[73.555s] -- Installing: /home/wang/rmf_ws/install/rmf_scheduler_msgs/include/rmf_scheduler_msgs/rmf_scheduler_msgs/srv/detail/cancel_all__type_support.cpp
[73.555s] -- Up-to-date: /home/wang/rmf_ws/install/rmf_scheduler_msgs/include/rmf_scheduler_msgs/rmf_scheduler_msgs/msg
[73.555s] -- Up-to-date: /home/wang/rmf_ws/install/rmf_scheduler_msgs/include/rmf_scheduler_msgs/rmf_scheduler_msgs/msg/detail
[73.555s] -- Installing: /home/wang/rmf_ws/install/rmf_scheduler_msgs/include/rmf_scheduler_msgs/rmf_scheduler_msgs/msg/detail/schedule__type_support.cpp
[73.555s] -- Installing: /home/wang/rmf_ws/install/rmf_scheduler_msgs/include/rmf_scheduler_msgs/rmf_scheduler_msgs/msg/detail/trigger_state__type_support.cpp
[73.555s] -- Installing: /home/wang/rmf_ws/install/rmf_scheduler_msgs/include/rmf_scheduler_msgs/rmf_scheduler_msgs/msg/detail/schedule_state__type_support.cpp
[73.555s] -- Installing: /home/wang/rmf_ws/install/rmf_scheduler_msgs/include/rmf_scheduler_msgs/rmf_scheduler_msgs/msg/detail/trigger_state__rosidl_typesupport_introspection_cpp.hpp
[73.555s] -- Installing: /home/wang/rmf_ws/install/rmf_scheduler_msgs/include/rmf_scheduler_msgs/rmf_scheduler_msgs/msg/detail/payload__type_support.cpp
[73.555s] -- Installing: /home/wang/rmf_ws/install/rmf_scheduler_msgs/include/rmf_scheduler_msgs/rmf_scheduler_msgs/msg/detail/schedule_state__rosidl_typesupport_introspection_cpp.hpp
[73.556s] -- Installing: /home/wang/rmf_ws/install/rmf_scheduler_msgs/include/rmf_scheduler_msgs/rmf_scheduler_msgs/msg/detail/trigger__type_support.cpp
[73.556s] -- Installing: /home/wang/rmf_ws/install/rmf_scheduler_msgs/include/rmf_scheduler_msgs/rmf_scheduler_msgs/msg/detail/schedule__rosidl_typesupport_introspection_cpp.hpp
[73.556s] -- Installing: /home/wang/rmf_ws/install/rmf_scheduler_msgs/include/rmf_scheduler_msgs/rmf_scheduler_msgs/msg/detail/payload__rosidl_typesupport_introspection_cpp.hpp
[73.556s] -- Installing: /home/wang/rmf_ws/install/rmf_scheduler_msgs/include/rmf_scheduler_msgs/rmf_scheduler_msgs/msg/detail/trigger__rosidl_typesupport_introspection_cpp.hpp
[73.556s] -- Installing: /home/wang/rmf_ws/install/rmf_scheduler_msgs/lib/librmf_scheduler_msgs__rosidl_typesupport_introspection_cpp.so
[73.556s] -- Set runtime path of "/home/wang/rmf_ws/install/rmf_scheduler_msgs/lib/librmf_scheduler_msgs__rosidl_typesupport_introspection_cpp.so" to ""
[73.556s] -- Installing: /home/wang/rmf_ws/install/rmf_scheduler_msgs/lib/librmf_scheduler_msgs__rosidl_typesupport_cpp.so
[73.556s] -- Set runtime path of "/home/wang/rmf_ws/install/rmf_scheduler_msgs/lib/librmf_scheduler_msgs__rosidl_typesupport_cpp.so" to ""
[73.556s] -- Installing: /home/wang/rmf_ws/install/rmf_scheduler_msgs/share/rmf_scheduler_msgs/environment/pythonpath.sh
[73.557s] -- Installing: /home/wang/rmf_ws/install/rmf_scheduler_msgs/share/rmf_scheduler_msgs/environment/pythonpath.dsv
[73.557s] -- Installing: /home/wang/rmf_ws/install/rmf_scheduler_msgs/local/lib/python3.10/dist-packages/rmf_scheduler_msgs-3.0.3-py3.10.egg-info
[73.557s] -- Installing: /home/wang/rmf_ws/install/rmf_scheduler_msgs/local/lib/python3.10/dist-packages/rmf_scheduler_msgs-3.0.3-py3.10.egg-info/PKG-INFO
[73.557s] -- Installing: /home/wang/rmf_ws/install/rmf_scheduler_msgs/local/lib/python3.10/dist-packages/rmf_scheduler_msgs-3.0.3-py3.10.egg-info/dependency_links.txt
[73.557s] -- Installing: /home/wang/rmf_ws/install/rmf_scheduler_msgs/local/lib/python3.10/dist-packages/rmf_scheduler_msgs-3.0.3-py3.10.egg-info/SOURCES.txt
[73.557s] -- Installing: /home/wang/rmf_ws/install/rmf_scheduler_msgs/local/lib/python3.10/dist-packages/rmf_scheduler_msgs-3.0.3-py3.10.egg-info/top_level.txt
[73.557s] -- Installing: /home/wang/rmf_ws/install/rmf_scheduler_msgs/local/lib/python3.10/dist-packages/rmf_scheduler_msgs
[73.557s] -- Installing: /home/wang/rmf_ws/install/rmf_scheduler_msgs/local/lib/python3.10/dist-packages/rmf_scheduler_msgs/__init__.py
[73.557s] -- Installing: /home/wang/rmf_ws/install/rmf_scheduler_msgs/local/lib/python3.10/dist-packages/rmf_scheduler_msgs/librmf_scheduler_msgs__rosidl_generator_py.so
[73.557s] -- Installing: /home/wang/rmf_ws/install/rmf_scheduler_msgs/local/lib/python3.10/dist-packages/rmf_scheduler_msgs/_rmf_scheduler_msgs_s.ep.rosidl_typesupport_introspection_c.c
[73.558s] -- Installing: /home/wang/rmf_ws/install/rmf_scheduler_msgs/local/lib/python3.10/dist-packages/rmf_scheduler_msgs/_rmf_scheduler_msgs_s.ep.rosidl_typesupport_c.c
[73.558s] -- Installing: /home/wang/rmf_ws/install/rmf_scheduler_msgs/local/lib/python3.10/dist-packages/rmf_scheduler_msgs/rmf_scheduler_msgs_s__rosidl_typesupport_fastrtps_c.cpython-310-x86_64-linux-gnu.so
[73.558s] -- Installing: /home/wang/rmf_ws/install/rmf_scheduler_msgs/local/lib/python3.10/dist-packages/rmf_scheduler_msgs/srv
[73.558s] -- Installing: /home/wang/rmf_ws/install/rmf_scheduler_msgs/local/lib/python3.10/dist-packages/rmf_scheduler_msgs/srv/_cancel_schedule_s.c
[73.558s] -- Installing: /home/wang/rmf_ws/install/rmf_scheduler_msgs/local/lib/python3.10/dist-packages/rmf_scheduler_msgs/srv/__init__.py
[73.558s] -- Installing: /home/wang/rmf_ws/install/rmf_scheduler_msgs/local/lib/python3.10/dist-packages/rmf_scheduler_msgs/srv/_list_triggers_s.c
[73.558s] -- Installing: /home/wang/rmf_ws/install/rmf_scheduler_msgs/local/lib/python3.10/dist-packages/rmf_scheduler_msgs/srv/_list_schedule_states_s.c
[73.558s] -- Installing: /home/wang/rmf_ws/install/rmf_scheduler_msgs/local/lib/python3.10/dist-packages/rmf_scheduler_msgs/srv/_cancel_trigger.py
[73.558s] -- Installing: /home/wang/rmf_ws/install/rmf_scheduler_msgs/local/lib/python3.10/dist-packages/rmf_scheduler_msgs/srv/_create_trigger_s.c
[73.558s] -- Installing: /home/wang/rmf_ws/install/rmf_scheduler_msgs/local/lib/python3.10/dist-packages/rmf_scheduler_msgs/srv/_create_schedule_s.c
[73.558s] -- Installing: /home/wang/rmf_ws/install/rmf_scheduler_msgs/local/lib/python3.10/dist-packages/rmf_scheduler_msgs/srv/_cancel_all_s.c
[73.558s] -- Installing: /home/wang/rmf_ws/install/rmf_scheduler_msgs/local/lib/python3.10/dist-packages/rmf_scheduler_msgs/srv/_cancel_trigger_s.c
[73.559s] -- Installing: /home/wang/rmf_ws/install/rmf_scheduler_msgs/local/lib/python3.10/dist-packages/rmf_scheduler_msgs/srv/_create_trigger.py
[73.559s] -- Installing: /home/wang/rmf_ws/install/rmf_scheduler_msgs/local/lib/python3.10/dist-packages/rmf_scheduler_msgs/srv/_list_triggers.py
[73.559s] -- Installing: /home/wang/rmf_ws/install/rmf_scheduler_msgs/local/lib/python3.10/dist-packages/rmf_scheduler_msgs/srv/_list_schedule_states.py
[73.559s] -- Installing: /home/wang/rmf_ws/install/rmf_scheduler_msgs/local/lib/python3.10/dist-packages/rmf_scheduler_msgs/srv/_cancel_schedule.py
[73.559s] -- Installing: /home/wang/rmf_ws/install/rmf_scheduler_msgs/local/lib/python3.10/dist-packages/rmf_scheduler_msgs/srv/_list_schedules.py
[73.559s] -- Installing: /home/wang/rmf_ws/install/rmf_scheduler_msgs/local/lib/python3.10/dist-packages/rmf_scheduler_msgs/srv/_create_schedule.py
[73.559s] -- Installing: /home/wang/rmf_ws/install/rmf_scheduler_msgs/local/lib/python3.10/dist-packages/rmf_scheduler_msgs/srv/_cancel_all.py
[73.559s] -- Installing: /home/wang/rmf_ws/install/rmf_scheduler_msgs/local/lib/python3.10/dist-packages/rmf_scheduler_msgs/srv/_list_schedules_s.c
[73.559s] -- Installing: /home/wang/rmf_ws/install/rmf_scheduler_msgs/local/lib/python3.10/dist-packages/rmf_scheduler_msgs/srv/_list_trigger_states_s.c
[73.559s] -- Installing: /home/wang/rmf_ws/install/rmf_scheduler_msgs/local/lib/python3.10/dist-packages/rmf_scheduler_msgs/srv/_list_trigger_states.py
[73.559s] -- Installing: /home/wang/rmf_ws/install/rmf_scheduler_msgs/local/lib/python3.10/dist-packages/rmf_scheduler_msgs/rmf_scheduler_msgs_s__rosidl_typesupport_c.cpython-310-x86_64-linux-gnu.so
[73.560s] -- Installing: /home/wang/rmf_ws/install/rmf_scheduler_msgs/local/lib/python3.10/dist-packages/rmf_scheduler_msgs/rmf_scheduler_msgs_s__rosidl_typesupport_introspection_c.cpython-310-x86_64-linux-gnu.so
[73.560s] -- Installing: /home/wang/rmf_ws/install/rmf_scheduler_msgs/local/lib/python3.10/dist-packages/rmf_scheduler_msgs/_rmf_scheduler_msgs_s.ep.rosidl_typesupport_fastrtps_c.c
[73.560s] -- Installing: /home/wang/rmf_ws/install/rmf_scheduler_msgs/local/lib/python3.10/dist-packages/rmf_scheduler_msgs/msg
[73.560s] -- Installing: /home/wang/rmf_ws/install/rmf_scheduler_msgs/local/lib/python3.10/dist-packages/rmf_scheduler_msgs/msg/_payload_s.c
[73.560s] -- Installing: /home/wang/rmf_ws/install/rmf_scheduler_msgs/local/lib/python3.10/dist-packages/rmf_scheduler_msgs/msg/_trigger_state.py
[73.560s] -- Installing: /home/wang/rmf_ws/install/rmf_scheduler_msgs/local/lib/python3.10/dist-packages/rmf_scheduler_msgs/msg/_schedule_s.c
[73.560s] -- Installing: /home/wang/rmf_ws/install/rmf_scheduler_msgs/local/lib/python3.10/dist-packages/rmf_scheduler_msgs/msg/__init__.py
[73.560s] -- Installing: /home/wang/rmf_ws/install/rmf_scheduler_msgs/local/lib/python3.10/dist-packages/rmf_scheduler_msgs/msg/_trigger.py
[73.560s] -- Installing: /home/wang/rmf_ws/install/rmf_scheduler_msgs/local/lib/python3.10/dist-packages/rmf_scheduler_msgs/msg/_schedule_state.py
[73.560s] -- Installing: /home/wang/rmf_ws/install/rmf_scheduler_msgs/local/lib/python3.10/dist-packages/rmf_scheduler_msgs/msg/_schedule.py
[73.561s] -- Installing: /home/wang/rmf_ws/install/rmf_scheduler_msgs/local/lib/python3.10/dist-packages/rmf_scheduler_msgs/msg/_schedule_state_s.c
[73.561s] -- Installing: /home/wang/rmf_ws/install/rmf_scheduler_msgs/local/lib/python3.10/dist-packages/rmf_scheduler_msgs/msg/_payload.py
[73.561s] -- Installing: /home/wang/rmf_ws/install/rmf_scheduler_msgs/local/lib/python3.10/dist-packages/rmf_scheduler_msgs/msg/_trigger_s.c
[73.561s] -- Installing: /home/wang/rmf_ws/install/rmf_scheduler_msgs/local/lib/python3.10/dist-packages/rmf_scheduler_msgs/msg/_trigger_state_s.c
[73.596s] Listing '/home/wang/rmf_ws/install/rmf_scheduler_msgs/local/lib/python3.10/dist-packages/rmf_scheduler_msgs'...
[73.596s] Compiling '/home/wang/rmf_ws/install/rmf_scheduler_msgs/local/lib/python3.10/dist-packages/rmf_scheduler_msgs/__init__.py'...
[73.596s] Listing '/home/wang/rmf_ws/install/rmf_scheduler_msgs/local/lib/python3.10/dist-packages/rmf_scheduler_msgs/msg'...
[73.597s] Compiling '/home/wang/rmf_ws/install/rmf_scheduler_msgs/local/lib/python3.10/dist-packages/rmf_scheduler_msgs/msg/__init__.py'...
[73.597s] Compiling '/home/wang/rmf_ws/install/rmf_scheduler_msgs/local/lib/python3.10/dist-packages/rmf_scheduler_msgs/msg/_payload.py'...
[73.597s] Compiling '/home/wang/rmf_ws/install/rmf_scheduler_msgs/local/lib/python3.10/dist-packages/rmf_scheduler_msgs/msg/_schedule.py'...
[73.597s] Compiling '/home/wang/rmf_ws/install/rmf_scheduler_msgs/local/lib/python3.10/dist-packages/rmf_scheduler_msgs/msg/_schedule_state.py'...
[73.597s] Compiling '/home/wang/rmf_ws/install/rmf_scheduler_msgs/local/lib/python3.10/dist-packages/rmf_scheduler_msgs/msg/_trigger.py'...
[73.597s] Compiling '/home/wang/rmf_ws/install/rmf_scheduler_msgs/local/lib/python3.10/dist-packages/rmf_scheduler_msgs/msg/_trigger_state.py'...
[73.597s] Listing '/home/wang/rmf_ws/install/rmf_scheduler_msgs/local/lib/python3.10/dist-packages/rmf_scheduler_msgs/srv'...
[73.597s] Compiling '/home/wang/rmf_ws/install/rmf_scheduler_msgs/local/lib/python3.10/dist-packages/rmf_scheduler_msgs/srv/__init__.py'...
[73.597s] Compiling '/home/wang/rmf_ws/install/rmf_scheduler_msgs/local/lib/python3.10/dist-packages/rmf_scheduler_msgs/srv/_cancel_all.py'...
[73.598s] Compiling '/home/wang/rmf_ws/install/rmf_scheduler_msgs/local/lib/python3.10/dist-packages/rmf_scheduler_msgs/srv/_cancel_schedule.py'...
[73.598s] Compiling '/home/wang/rmf_ws/install/rmf_scheduler_msgs/local/lib/python3.10/dist-packages/rmf_scheduler_msgs/srv/_cancel_trigger.py'...
[73.598s] Compiling '/home/wang/rmf_ws/install/rmf_scheduler_msgs/local/lib/python3.10/dist-packages/rmf_scheduler_msgs/srv/_create_schedule.py'...
[73.598s] Compiling '/home/wang/rmf_ws/install/rmf_scheduler_msgs/local/lib/python3.10/dist-packages/rmf_scheduler_msgs/srv/_create_trigger.py'...
[73.598s] Compiling '/home/wang/rmf_ws/install/rmf_scheduler_msgs/local/lib/python3.10/dist-packages/rmf_scheduler_msgs/srv/_list_schedule_states.py'...
[73.598s] Compiling '/home/wang/rmf_ws/install/rmf_scheduler_msgs/local/lib/python3.10/dist-packages/rmf_scheduler_msgs/srv/_list_schedules.py'...
[73.598s] Compiling '/home/wang/rmf_ws/install/rmf_scheduler_msgs/local/lib/python3.10/dist-packages/rmf_scheduler_msgs/srv/_list_trigger_states.py'...
[73.598s] Compiling '/home/wang/rmf_ws/install/rmf_scheduler_msgs/local/lib/python3.10/dist-packages/rmf_scheduler_msgs/srv/_list_triggers.py'...
[73.601s] -- Installing: /home/wang/rmf_ws/install/rmf_scheduler_msgs/local/lib/python3.10/dist-packages/rmf_scheduler_msgs/rmf_scheduler_msgs_s__rosidl_typesupport_fastrtps_c.cpython-310-x86_64-linux-gnu.so
[73.602s] -- Set runtime path of "/home/wang/rmf_ws/install/rmf_scheduler_msgs/local/lib/python3.10/dist-packages/rmf_scheduler_msgs/rmf_scheduler_msgs_s__rosidl_typesupport_fastrtps_c.cpython-310-x86_64-linux-gnu.so" to ""
[73.602s] -- Installing: /home/wang/rmf_ws/install/rmf_scheduler_msgs/local/lib/python3.10/dist-packages/rmf_scheduler_msgs/rmf_scheduler_msgs_s__rosidl_typesupport_introspection_c.cpython-310-x86_64-linux-gnu.so
[73.602s] -- Set runtime path of "/home/wang/rmf_ws/install/rmf_scheduler_msgs/local/lib/python3.10/dist-packages/rmf_scheduler_msgs/rmf_scheduler_msgs_s__rosidl_typesupport_introspection_c.cpython-310-x86_64-linux-gnu.so" to ""
[73.602s] -- Installing: /home/wang/rmf_ws/install/rmf_scheduler_msgs/local/lib/python3.10/dist-packages/rmf_scheduler_msgs/rmf_scheduler_msgs_s__rosidl_typesupport_c.cpython-310-x86_64-linux-gnu.so
[73.602s] -- Set runtime path of "/home/wang/rmf_ws/install/rmf_scheduler_msgs/local/lib/python3.10/dist-packages/rmf_scheduler_msgs/rmf_scheduler_msgs_s__rosidl_typesupport_c.cpython-310-x86_64-linux-gnu.so" to ""
[73.603s] -- Installing: /home/wang/rmf_ws/install/rmf_scheduler_msgs/lib/librmf_scheduler_msgs__rosidl_generator_py.so
[73.603s] -- Set runtime path of "/home/wang/rmf_ws/install/rmf_scheduler_msgs/lib/librmf_scheduler_msgs__rosidl_generator_py.so" to ""
[73.603s] -- Installing: /home/wang/rmf_ws/install/rmf_scheduler_msgs/share/rmf_scheduler_msgs/srv/CancelAll.idl
[73.603s] -- Installing: /home/wang/rmf_ws/install/rmf_scheduler_msgs/share/rmf_scheduler_msgs/srv/CancelSchedule.idl
[73.603s] -- Installing: /home/wang/rmf_ws/install/rmf_scheduler_msgs/share/rmf_scheduler_msgs/srv/CancelTrigger.idl
[73.604s] -- Installing: /home/wang/rmf_ws/install/rmf_scheduler_msgs/share/rmf_scheduler_msgs/srv/CreateSchedule.idl
[73.604s] -- Installing: /home/wang/rmf_ws/install/rmf_scheduler_msgs/share/rmf_scheduler_msgs/srv/CreateTrigger.idl
[73.604s] -- Installing: /home/wang/rmf_ws/install/rmf_scheduler_msgs/share/rmf_scheduler_msgs/srv/ListSchedules.idl
[73.604s] -- Installing: /home/wang/rmf_ws/install/rmf_scheduler_msgs/share/rmf_scheduler_msgs/srv/ListScheduleStates.idl
[73.604s] -- Installing: /home/wang/rmf_ws/install/rmf_scheduler_msgs/share/rmf_scheduler_msgs/srv/ListTriggers.idl
[73.604s] -- Installing: /home/wang/rmf_ws/install/rmf_scheduler_msgs/share/rmf_scheduler_msgs/srv/ListTriggerStates.idl
[73.604s] -- Installing: /home/wang/rmf_ws/install/rmf_scheduler_msgs/share/rmf_scheduler_msgs/msg/Payload.idl
[73.605s] -- Installing: /home/wang/rmf_ws/install/rmf_scheduler_msgs/share/rmf_scheduler_msgs/msg/Schedule.idl
[73.605s] -- Installing: /home/wang/rmf_ws/install/rmf_scheduler_msgs/share/rmf_scheduler_msgs/msg/ScheduleState.idl
[73.605s] -- Installing: /home/wang/rmf_ws/install/rmf_scheduler_msgs/share/rmf_scheduler_msgs/msg/Trigger.idl
[73.605s] -- Installing: /home/wang/rmf_ws/install/rmf_scheduler_msgs/share/rmf_scheduler_msgs/msg/TriggerState.idl
[73.605s] -- Installing: /home/wang/rmf_ws/install/rmf_scheduler_msgs/share/rmf_scheduler_msgs/srv/CancelAll.srv
[73.605s] -- Installing: /home/wang/rmf_ws/install/rmf_scheduler_msgs/share/rmf_scheduler_msgs/srv/CancelAll_Request.msg
[73.605s] -- Installing: /home/wang/rmf_ws/install/rmf_scheduler_msgs/share/rmf_scheduler_msgs/srv/CancelAll_Response.msg
[73.605s] -- Installing: /home/wang/rmf_ws/install/rmf_scheduler_msgs/share/rmf_scheduler_msgs/srv/CancelSchedule.srv
[73.606s] -- Installing: /home/wang/rmf_ws/install/rmf_scheduler_msgs/share/rmf_scheduler_msgs/srv/CancelSchedule_Request.msg
[73.606s] -- Installing: /home/wang/rmf_ws/install/rmf_scheduler_msgs/share/rmf_scheduler_msgs/srv/CancelSchedule_Response.msg
[73.606s] -- Installing: /home/wang/rmf_ws/install/rmf_scheduler_msgs/share/rmf_scheduler_msgs/srv/CancelTrigger.srv
[73.606s] -- Installing: /home/wang/rmf_ws/install/rmf_scheduler_msgs/share/rmf_scheduler_msgs/srv/CancelTrigger_Request.msg
[73.606s] -- Installing: /home/wang/rmf_ws/install/rmf_scheduler_msgs/share/rmf_scheduler_msgs/srv/CancelTrigger_Response.msg
[73.606s] -- Installing: /home/wang/rmf_ws/install/rmf_scheduler_msgs/share/rmf_scheduler_msgs/srv/CreateSchedule.srv
[73.606s] -- Installing: /home/wang/rmf_ws/install/rmf_scheduler_msgs/share/rmf_scheduler_msgs/srv/CreateSchedule_Request.msg
[73.606s] -- Installing: /home/wang/rmf_ws/install/rmf_scheduler_msgs/share/rmf_scheduler_msgs/srv/CreateSchedule_Response.msg
[73.606s] -- Installing: /home/wang/rmf_ws/install/rmf_scheduler_msgs/share/rmf_scheduler_msgs/srv/CreateTrigger.srv
[73.607s] -- Installing: /home/wang/rmf_ws/install/rmf_scheduler_msgs/share/rmf_scheduler_msgs/srv/CreateTrigger_Request.msg
[73.607s] -- Installing: /home/wang/rmf_ws/install/rmf_scheduler_msgs/share/rmf_scheduler_msgs/srv/CreateTrigger_Response.msg
[73.607s] -- Installing: /home/wang/rmf_ws/install/rmf_scheduler_msgs/share/rmf_scheduler_msgs/srv/ListSchedules.srv
[73.607s] -- Installing: /home/wang/rmf_ws/install/rmf_scheduler_msgs/share/rmf_scheduler_msgs/srv/ListSchedules_Request.msg
[73.607s] -- Installing: /home/wang/rmf_ws/install/rmf_scheduler_msgs/share/rmf_scheduler_msgs/srv/ListSchedules_Response.msg
[73.607s] -- Installing: /home/wang/rmf_ws/install/rmf_scheduler_msgs/share/rmf_scheduler_msgs/srv/ListScheduleStates.srv
[73.607s] -- Installing: /home/wang/rmf_ws/install/rmf_scheduler_msgs/share/rmf_scheduler_msgs/srv/ListScheduleStates_Request.msg
[73.608s] -- Installing: /home/wang/rmf_ws/install/rmf_scheduler_msgs/share/rmf_scheduler_msgs/srv/ListScheduleStates_Response.msg
[73.608s] -- Installing: /home/wang/rmf_ws/install/rmf_scheduler_msgs/share/rmf_scheduler_msgs/srv/ListTriggers.srv
[73.608s] -- Installing: /home/wang/rmf_ws/install/rmf_scheduler_msgs/share/rmf_scheduler_msgs/srv/ListTriggers_Request.msg
[73.608s] -- Installing: /home/wang/rmf_ws/install/rmf_scheduler_msgs/share/rmf_scheduler_msgs/srv/ListTriggers_Response.msg
[73.608s] -- Installing: /home/wang/rmf_ws/install/rmf_scheduler_msgs/share/rmf_scheduler_msgs/srv/ListTriggerStates.srv
[73.608s] -- Installing: /home/wang/rmf_ws/install/rmf_scheduler_msgs/share/rmf_scheduler_msgs/srv/ListTriggerStates_Request.msg
[73.608s] -- Installing: /home/wang/rmf_ws/install/rmf_scheduler_msgs/share/rmf_scheduler_msgs/srv/ListTriggerStates_Response.msg
[73.608s] -- Installing: /home/wang/rmf_ws/install/rmf_scheduler_msgs/share/rmf_scheduler_msgs/msg/Payload.msg
[73.608s] -- Installing: /home/wang/rmf_ws/install/rmf_scheduler_msgs/share/rmf_scheduler_msgs/msg/Schedule.msg
[73.609s] -- Installing: /home/wang/rmf_ws/install/rmf_scheduler_msgs/share/rmf_scheduler_msgs/msg/ScheduleState.msg
[73.609s] -- Installing: /home/wang/rmf_ws/install/rmf_scheduler_msgs/share/rmf_scheduler_msgs/msg/Trigger.msg
[73.609s] -- Installing: /home/wang/rmf_ws/install/rmf_scheduler_msgs/share/rmf_scheduler_msgs/msg/TriggerState.msg
[73.609s] -- Installing: /home/wang/rmf_ws/install/rmf_scheduler_msgs/share/ament_index/resource_index/package_run_dependencies/rmf_scheduler_msgs
[73.609s] -- Installing: /home/wang/rmf_ws/install/rmf_scheduler_msgs/share/ament_index/resource_index/parent_prefix_path/rmf_scheduler_msgs
[73.609s] -- Installing: /home/wang/rmf_ws/install/rmf_scheduler_msgs/share/rmf_scheduler_msgs/environment/ament_prefix_path.sh
[73.609s] -- Installing: /home/wang/rmf_ws/install/rmf_scheduler_msgs/share/rmf_scheduler_msgs/environment/ament_prefix_path.dsv
[73.609s] -- Installing: /home/wang/rmf_ws/install/rmf_scheduler_msgs/share/rmf_scheduler_msgs/environment/path.sh
[73.610s] -- Installing: /home/wang/rmf_ws/install/rmf_scheduler_msgs/share/rmf_scheduler_msgs/environment/path.dsv
[73.610s] -- Installing: /home/wang/rmf_ws/install/rmf_scheduler_msgs/share/rmf_scheduler_msgs/local_setup.bash
[73.610s] -- Installing: /home/wang/rmf_ws/install/rmf_scheduler_msgs/share/rmf_scheduler_msgs/local_setup.sh
[73.610s] -- Installing: /home/wang/rmf_ws/install/rmf_scheduler_msgs/share/rmf_scheduler_msgs/local_setup.zsh
[73.610s] -- Installing: /home/wang/rmf_ws/install/rmf_scheduler_msgs/share/rmf_scheduler_msgs/local_setup.dsv
[73.610s] -- Installing: /home/wang/rmf_ws/install/rmf_scheduler_msgs/share/rmf_scheduler_msgs/package.dsv
[73.610s] -- Installing: /home/wang/rmf_ws/install/rmf_scheduler_msgs/share/ament_index/resource_index/packages/rmf_scheduler_msgs
[73.610s] -- Installing: /home/wang/rmf_ws/install/rmf_scheduler_msgs/share/rmf_scheduler_msgs/cmake/export_rmf_scheduler_msgs__rosidl_generator_cExport.cmake
[73.610s] -- Installing: /home/wang/rmf_ws/install/rmf_scheduler_msgs/share/rmf_scheduler_msgs/cmake/export_rmf_scheduler_msgs__rosidl_generator_cExport-release.cmake
[73.611s] -- Installing: /home/wang/rmf_ws/install/rmf_scheduler_msgs/share/rmf_scheduler_msgs/cmake/export_rmf_scheduler_msgs__rosidl_typesupport_fastrtps_cExport.cmake
[73.611s] -- Installing: /home/wang/rmf_ws/install/rmf_scheduler_msgs/share/rmf_scheduler_msgs/cmake/export_rmf_scheduler_msgs__rosidl_typesupport_fastrtps_cExport-release.cmake
[73.611s] -- Installing: /home/wang/rmf_ws/install/rmf_scheduler_msgs/share/rmf_scheduler_msgs/cmake/export_rmf_scheduler_msgs__rosidl_generator_cppExport.cmake
[73.611s] -- Installing: /home/wang/rmf_ws/install/rmf_scheduler_msgs/share/rmf_scheduler_msgs/cmake/export_rmf_scheduler_msgs__rosidl_typesupport_fastrtps_cppExport.cmake
[73.611s] -- Installing: /home/wang/rmf_ws/install/rmf_scheduler_msgs/share/rmf_scheduler_msgs/cmake/export_rmf_scheduler_msgs__rosidl_typesupport_fastrtps_cppExport-release.cmake
[73.611s] -- Installing: /home/wang/rmf_ws/install/rmf_scheduler_msgs/share/rmf_scheduler_msgs/cmake/rmf_scheduler_msgs__rosidl_typesupport_introspection_cExport.cmake
[73.611s] -- Installing: /home/wang/rmf_ws/install/rmf_scheduler_msgs/share/rmf_scheduler_msgs/cmake/rmf_scheduler_msgs__rosidl_typesupport_introspection_cExport-release.cmake
[73.611s] -- Installing: /home/wang/rmf_ws/install/rmf_scheduler_msgs/share/rmf_scheduler_msgs/cmake/rmf_scheduler_msgs__rosidl_typesupport_cExport.cmake
[73.612s] -- Installing: /home/wang/rmf_ws/install/rmf_scheduler_msgs/share/rmf_scheduler_msgs/cmake/rmf_scheduler_msgs__rosidl_typesupport_cExport-release.cmake
[73.612s] -- Installing: /home/wang/rmf_ws/install/rmf_scheduler_msgs/share/rmf_scheduler_msgs/cmake/rmf_scheduler_msgs__rosidl_typesupport_introspection_cppExport.cmake
[73.612s] -- Installing: /home/wang/rmf_ws/install/rmf_scheduler_msgs/share/rmf_scheduler_msgs/cmake/rmf_scheduler_msgs__rosidl_typesupport_introspection_cppExport-release.cmake
[73.612s] -- Installing: /home/wang/rmf_ws/install/rmf_scheduler_msgs/share/rmf_scheduler_msgs/cmake/rmf_scheduler_msgs__rosidl_typesupport_cppExport.cmake
[73.612s] -- Installing: /home/wang/rmf_ws/install/rmf_scheduler_msgs/share/rmf_scheduler_msgs/cmake/rmf_scheduler_msgs__rosidl_typesupport_cppExport-release.cmake
[73.612s] -- Installing: /home/wang/rmf_ws/install/rmf_scheduler_msgs/share/rmf_scheduler_msgs/cmake/export_rmf_scheduler_msgs__rosidl_generator_pyExport.cmake
[73.612s] -- Installing: /home/wang/rmf_ws/install/rmf_scheduler_msgs/share/rmf_scheduler_msgs/cmake/export_rmf_scheduler_msgs__rosidl_generator_pyExport-release.cmake
[73.613s] -- Installing: /home/wang/rmf_ws/install/rmf_scheduler_msgs/share/rmf_scheduler_msgs/cmake/rosidl_cmake-extras.cmake
[73.613s] -- Installing: /home/wang/rmf_ws/install/rmf_scheduler_msgs/share/rmf_scheduler_msgs/cmake/ament_cmake_export_dependencies-extras.cmake
[73.613s] -- Installing: /home/wang/rmf_ws/install/rmf_scheduler_msgs/share/rmf_scheduler_msgs/cmake/ament_cmake_export_include_directories-extras.cmake
[73.613s] -- Installing: /home/wang/rmf_ws/install/rmf_scheduler_msgs/share/rmf_scheduler_msgs/cmake/ament_cmake_export_libraries-extras.cmake
[73.613s] -- Installing: /home/wang/rmf_ws/install/rmf_scheduler_msgs/share/rmf_scheduler_msgs/cmake/ament_cmake_export_targets-extras.cmake
[73.613s] -- Installing: /home/wang/rmf_ws/install/rmf_scheduler_msgs/share/rmf_scheduler_msgs/cmake/rosidl_cmake_export_typesupport_targets-extras.cmake
[73.613s] -- Installing: /home/wang/rmf_ws/install/rmf_scheduler_msgs/share/rmf_scheduler_msgs/cmake/rosidl_cmake_export_typesupport_libraries-extras.cmake
[73.614s] -- Installing: /home/wang/rmf_ws/install/rmf_scheduler_msgs/share/rmf_scheduler_msgs/cmake/rmf_scheduler_msgsConfig.cmake
[73.614s] -- Installing: /home/wang/rmf_ws/install/rmf_scheduler_msgs/share/rmf_scheduler_msgs/cmake/rmf_scheduler_msgsConfig-version.cmake
[73.614s] -- Installing: /home/wang/rmf_ws/install/rmf_scheduler_msgs/share/rmf_scheduler_msgs/package.xml
[73.625s] Invoked command in '/home/wang/rmf_ws/build/rmf_scheduler_msgs' returned '0': CMAKE_PREFIX_PATH=/opt/ros/humble /home/wang/.local/bin/cmake --install /home/wang/rmf_ws/build/rmf_scheduler_msgs
