-- The C compiler identification is Clang 14.0.0
-- The CXX compiler identification is Clang 14.0.0
-- Detecting C compiler ABI info
-- Detecting C compiler ABI info - done
-- Check for working C compiler: /usr/bin/clang - skipped
-- Detecting C compile features
-- Detecting C compile features - done
-- Detecting CXX compiler ABI info
-- Detecting CXX compiler ABI info - done
-- Check for working CXX compiler: /usr/bin/clang++ - skipped
-- Detecting CXX compile features
-- Detecting CXX compile features - done
-- Found ament_cmake: 1.3.5 (/opt/ros/humble/share/ament_cmake/cmake)
-- Found Python3: /usr/bin/python3.10 (found version "3.10.6") found components: Interpreter 
-- Found rclcpp: 16.0.4 (/opt/ros/humble/share/rclcpp/cmake)
-- Found rosidl_generator_c: 3.1.4 (/opt/ros/humble/share/rosidl_generator_c/cmake)
-- Found rosidl_adapter: 3.1.4 (/opt/ros/humble/share/rosidl_adapter/cmake)
-- Found rosidl_generator_cpp: 3.1.4 (/opt/ros/humble/share/rosidl_generator_cpp/cmake)
-- Using all available rosidl_typesupport_c: rosidl_typesupport_fastrtps_c;rosidl_typesupport_introspection_c
-- Using all available rosidl_typesupport_cpp: rosidl_typesupport_fastrtps_cpp;rosidl_typesupport_introspection_cpp
-- Found rmw_implementation_cmake: 6.1.1 (/opt/ros/humble/share/rmw_implementation_cmake/cmake)
-- Found rmw_fastrtps_cpp: 6.2.2 (/opt/ros/humble/share/rmw_fastrtps_cpp/cmake)
-- Found OpenSSL: /usr/lib/x86_64-linux-gnu/libcrypto.so (found version "3.0.2")  
-- Found FastRTPS: /opt/ros/humble/include  
-- Using RMW implementation 'rmw_fastrtps_cpp' as default
-- Performing Test CMAKE_HAVE_LIBC_PTHREAD
-- Performing Test CMAKE_HAVE_LIBC_PTHREAD - Success
-- Found Threads: TRUE  
-- Found gazebo_dev: 3.7.0 (/opt/ros/humble/share/gazebo_dev/cmake)
-- Found PkgConfig: /usr/bin/pkg-config (found version "0.29.2") 
-- Checking for module 'bullet>=2.82'
--   Found bullet, version 3.05
-- Found fcl: /usr/include (found suitable version "0.7.0", minimum required is "0.5.0") 
-- Found assimp: /usr/include (found version "5.2.0") 
-- Found DART: /usr/include (Required is at least version "6.6") found components: dart 
-- Found Boost: /usr/lib/x86_64-linux-gnu/cmake/Boost-1.74.0/BoostConfig.cmake (found suitable version "1.74.0", minimum required is "1.40.0") found components: thread system filesystem program_options regex iostreams date_time 
-- Found Protobuf: /usr/lib/x86_64-linux-gnu/libprotobuf.so (found version "3.12.4") 
-- Looking for ignition-math6 -- found version 6.14.0
-- Searching for dependencies of ignition-math6
-- Looking for OGRE...
-- OGRE_PREFIX_WATCH changed.
-- Checking for module 'OGRE'
--   Found OGRE, version 1.9.0
-- Found Ogre Ghadamon (1.9.0)
-- Found OGRE: optimized;/usr/lib/x86_64-linux-gnu/libOgreMain.so;debug;/usr/lib/x86_64-linux-gnu/libOgreMain.so
-- Looking for OGRE_Paging...
-- Found OGRE_Paging: optimized;/usr/lib/x86_64-linux-gnu/libOgrePaging.so;debug;/usr/lib/x86_64-linux-gnu/libOgrePaging.so
-- Looking for OGRE_Terrain...
-- Found OGRE_Terrain: optimized;/usr/lib/x86_64-linux-gnu/libOgreTerrain.so;debug;/usr/lib/x86_64-linux-gnu/libOgreTerrain.so
-- Looking for OGRE_Property...
-- Found OGRE_Property: optimized;/usr/lib/x86_64-linux-gnu/libOgreProperty.so;debug;/usr/lib/x86_64-linux-gnu/libOgreProperty.so
-- Looking for OGRE_RTShaderSystem...
-- Found OGRE_RTShaderSystem: optimized;/usr/lib/x86_64-linux-gnu/libOgreRTShaderSystem.so;debug;/usr/lib/x86_64-linux-gnu/libOgreRTShaderSystem.so
-- Looking for OGRE_Volume...
-- Found OGRE_Volume: optimized;/usr/lib/x86_64-linux-gnu/libOgreVolume.so;debug;/usr/lib/x86_64-linux-gnu/libOgreVolume.so
-- Looking for OGRE_Overlay...
-- Found OGRE_Overlay: optimized;/usr/lib/x86_64-linux-gnu/libOgreOverlay.so;debug;/usr/lib/x86_64-linux-gnu/libOgreOverlay.so
-- Looking for ignition-math6 -- found version 6.14.0
-- Looking for ignition-transport8 -- found version 8.2.1
-- Searching for dependencies of ignition-transport8
-- Found Protobuf: /usr/lib/x86_64-linux-gnu/libprotobuf.so (found suitable version "3.12.4", minimum required is "3") 
-- Config-file not installed for ZeroMQ -- checking for pkg-config
-- Checking for module 'libzmq >= 4'
--   Found libzmq , version 4.3.4
-- Found ZeroMQ: TRUE (Required is at least version "4") 
-- Checking for module 'uuid'
--   Found uuid, version 2.37.2
-- Found UUID: TRUE  
-- Looking for ignition-msgs5 -- found version 5.8.1
-- Searching for dependencies of ignition-msgs5
-- Looking for ignition-math6 -- found version 6.14.0
-- Checking for module 'tinyxml2'
--   Found tinyxml2, version 9.0.0
-- Looking for ignition-msgs5 -- found version 5.8.1
-- Looking for ignition-common3 -- found version 3.14.0
-- Searching for dependencies of ignition-common3
-- Looking for dlfcn.h - found
-- Looking for libdl - found
-- Found DL: TRUE  
-- Found tinyobjloader: /usr/lib/x86_64-linux-gnu/cmake/tinyobjloader/tinyobjloader-config.cmake (found version "2.0.0") 
-- Searching for <ignition-common3> component [graphics]
-- Looking for ignition-common3-graphics -- found version 3.14.0
-- Searching for dependencies of ignition-common3-graphics
-- Looking for ignition-math6 -- found version 6.14.0
-- Looking for ignition-fuel_tools4 -- found version 4.4.0
-- Searching for dependencies of ignition-fuel_tools4
-- Found CURL: /usr/lib/x86_64-linux-gnu/libcurl.so (found version "7.81.0")  
-- Checking for module 'jsoncpp'
--   Found jsoncpp, version 1.9.5
-- Found JSONCPP: TRUE  
-- Checking for module 'libzip'
--   Found libzip, version 1.7.3
-- Found ZIP: TRUE  
-- Looking for ignition-common3 -- found version 3.14.0
-- Looking for ignition-math6 -- found version 6.14.0
-- Looking for ignition-msgs5 -- found version 5.8.1
-- Gazebo version: 11.10
-- Checking for module 'tbb'
--   Found tbb, version 2021.5.0
-- Found gazebo_ros: 3.7.0 (/opt/ros/humble/share/gazebo_ros/cmake)
-- Found OpenCV: /usr (found version "4.5.4") 
-- Found rmf_fleet_msgs: 3.0.3 (/home/wang/rmf_ws/install/rmf_fleet_msgs/share/rmf_fleet_msgs/cmake)
-- Found rmf_building_sim_common: 2.0.2 (/home/wang/rmf_ws/install/rmf_building_sim_common/share/rmf_building_sim_common/cmake)
-- Configuring done (3.8s)
-- Generating done (0.1s)
-- Build files have been written to: /home/wang/rmf_ws/build/rmf_building_sim_gz_classic_plugins
[  4%] [34m[1mAutomatic MOC for target door[0m
[  8%] [34m[1mAutomatic MOC for target lift[0m
[ 12%] [34m[1mAutomatic MOC for target toggle_floors[0m
[ 12%] Built target door_autogen
[ 12%] Built target lift_autogen
[ 16%] [34m[1mAutomatic MOC for target crowd_simulator[0m
[ 20%] [32mBuilding CXX object CMakeFiles/door.dir/door_autogen/mocs_compilation.cpp.o[0m
[ 25%] [32mBuilding CXX object CMakeFiles/door.dir/src/door.cpp.o[0m
[ 25%] Built target crowd_simulator_autogen
[ 29%] [32mBuilding CXX object CMakeFiles/lift.dir/lift_autogen/mocs_compilation.cpp.o[0m
[ 33%] [32mBuilding CXX object CMakeFiles/lift.dir/src/lift.cpp.o[0m
[ 33%] Built target toggle_floors_autogen
[ 37%] [32m[1mLinking CXX shared library liblift.so[0m
[ 37%] Built target lift
[ 41%] [32mBuilding CXX object CMakeFiles/toggle_floors.dir/toggle_floors_autogen/mocs_compilation.cpp.o[0m
[ 45%] [32mBuilding CXX object CMakeFiles/toggle_floors.dir/src/toggle_floors.cpp.o[0m
[ 50%] [32m[1mLinking CXX shared library libdoor.so[0m
[ 50%] Built target door
[ 54%] [32mBuilding CXX object CMakeFiles/crowd_simulator.dir/crowd_simulator_autogen/mocs_compilation.cpp.o[0m
[ 58%] [32mBuilding CXX object CMakeFiles/crowd_simulator.dir/src/crowd_simulator.cpp.o[0m
[ 62%] [32m[1mLinking CXX shared library libcrowd_simulator.so[0m
[ 62%] Built target crowd_simulator
[ 66%] [34m[1mAutomatic MOC for target thumbnail_generator[0m
[ 70%] [34m[1mAutomatic MOC for target toggle_charging[0m
[ 70%] Built target thumbnail_generator_autogen
[ 79%] [32mBuilding CXX object CMakeFiles/thumbnail_generator.dir/thumbnail_generator_autogen/mocs_compilation.cpp.o[0m
[ 79%] [32mBuilding CXX object CMakeFiles/thumbnail_generator.dir/src/thumbnail_generator.cpp.o[0m
[ 79%] Built target toggle_charging_autogen
[ 83%] [32mBuilding CXX object CMakeFiles/toggle_charging.dir/src/toggle_charging.cpp.o[0m
[ 87%] [32mBuilding CXX object CMakeFiles/toggle_charging.dir/toggle_charging_autogen/mocs_compilation.cpp.o[0m
[ 91%] [32m[1mLinking CXX shared library libtoggle_floors.so[0m
[ 91%] Built target toggle_floors
[ 95%] [32m[1mLinking CXX shared library libtoggle_charging.so[0m
[ 95%] Built target toggle_charging
[100%] [32m[1mLinking CXX shared library libthumbnail_generator.so[0m
[100%] Built target thumbnail_generator
-- Install configuration: "Release"
-- Installing: /home/wang/rmf_ws/install/rmf_building_sim_gz_classic_plugins/lib/rmf_building_sim_gz_classic_plugins/libdoor.so
-- Set runtime path of "/home/wang/rmf_ws/install/rmf_building_sim_gz_classic_plugins/lib/rmf_building_sim_gz_classic_plugins/libdoor.so" to ""
-- Installing: /home/wang/rmf_ws/install/rmf_building_sim_gz_classic_plugins/lib/rmf_building_sim_gz_classic_plugins/liblift.so
-- Set runtime path of "/home/wang/rmf_ws/install/rmf_building_sim_gz_classic_plugins/lib/rmf_building_sim_gz_classic_plugins/liblift.so" to ""
-- Installing: /home/wang/rmf_ws/install/rmf_building_sim_gz_classic_plugins/lib/rmf_building_sim_gz_classic_plugins/libtoggle_floors.so
-- Set runtime path of "/home/wang/rmf_ws/install/rmf_building_sim_gz_classic_plugins/lib/rmf_building_sim_gz_classic_plugins/libtoggle_floors.so" to ""
-- Installing: /home/wang/rmf_ws/install/rmf_building_sim_gz_classic_plugins/lib/rmf_building_sim_gz_classic_plugins/libtoggle_charging.so
-- Set runtime path of "/home/wang/rmf_ws/install/rmf_building_sim_gz_classic_plugins/lib/rmf_building_sim_gz_classic_plugins/libtoggle_charging.so" to ""
-- Installing: /home/wang/rmf_ws/install/rmf_building_sim_gz_classic_plugins/lib/rmf_building_sim_gz_classic_plugins/libthumbnail_generator.so
-- Installing: /home/wang/rmf_ws/install/rmf_building_sim_gz_classic_plugins/lib/rmf_building_sim_gz_classic_plugins/libcrowd_simulator.so
-- Set runtime path of "/home/wang/rmf_ws/install/rmf_building_sim_gz_classic_plugins/lib/rmf_building_sim_gz_classic_plugins/libcrowd_simulator.so" to ""
-- Installing: /home/wang/rmf_ws/install/rmf_building_sim_gz_classic_plugins/share/ament_index/resource_index/package_run_dependencies/rmf_building_sim_gz_classic_plugins
-- Installing: /home/wang/rmf_ws/install/rmf_building_sim_gz_classic_plugins/share/ament_index/resource_index/parent_prefix_path/rmf_building_sim_gz_classic_plugins
-- Installing: /home/wang/rmf_ws/install/rmf_building_sim_gz_classic_plugins/share/rmf_building_sim_gz_classic_plugins/environment/ament_prefix_path.sh
-- Installing: /home/wang/rmf_ws/install/rmf_building_sim_gz_classic_plugins/share/rmf_building_sim_gz_classic_plugins/environment/ament_prefix_path.dsv
-- Installing: /home/wang/rmf_ws/install/rmf_building_sim_gz_classic_plugins/share/rmf_building_sim_gz_classic_plugins/environment/path.sh
-- Installing: /home/wang/rmf_ws/install/rmf_building_sim_gz_classic_plugins/share/rmf_building_sim_gz_classic_plugins/environment/path.dsv
-- Installing: /home/wang/rmf_ws/install/rmf_building_sim_gz_classic_plugins/share/rmf_building_sim_gz_classic_plugins/local_setup.bash
-- Installing: /home/wang/rmf_ws/install/rmf_building_sim_gz_classic_plugins/share/rmf_building_sim_gz_classic_plugins/local_setup.sh
-- Installing: /home/wang/rmf_ws/install/rmf_building_sim_gz_classic_plugins/share/rmf_building_sim_gz_classic_plugins/local_setup.zsh
-- Installing: /home/wang/rmf_ws/install/rmf_building_sim_gz_classic_plugins/share/rmf_building_sim_gz_classic_plugins/local_setup.dsv
-- Installing: /home/wang/rmf_ws/install/rmf_building_sim_gz_classic_plugins/share/rmf_building_sim_gz_classic_plugins/package.dsv
-- Installing: /home/wang/rmf_ws/install/rmf_building_sim_gz_classic_plugins/share/ament_index/resource_index/packages/rmf_building_sim_gz_classic_plugins
-- Installing: /home/wang/rmf_ws/install/rmf_building_sim_gz_classic_plugins/share/rmf_building_sim_gz_classic_plugins/cmake/rmf_building_sim_gz_classic_pluginsConfig.cmake
-- Installing: /home/wang/rmf_ws/install/rmf_building_sim_gz_classic_plugins/share/rmf_building_sim_gz_classic_plugins/cmake/rmf_building_sim_gz_classic_pluginsConfig-version.cmake
-- Installing: /home/wang/rmf_ws/install/rmf_building_sim_gz_classic_plugins/share/rmf_building_sim_gz_classic_plugins/package.xml
