-- The C compiler identification is Clang 14.0.0
-- The CXX compiler identification is Clang 14.0.0
-- Detecting C compiler ABI info
-- Detecting C compiler ABI info - done
-- Check for working C compiler: /usr/bin/clang - skipped
-- Detecting C compile features
-- Detecting C compile features - done
-- Detecting CXX compiler ABI info
-- Detecting CXX compiler ABI info - done
-- Check for working CXX compiler: /usr/bin/clang++ - skipped
-- Detecting CXX compile features
-- Detecting CXX compile features - done
-- Found ament_cmake: 1.3.5 (/opt/ros/humble/share/ament_cmake/cmake)
-- Found Python3: /usr/bin/python3.10 (found version "3.10.6") found components: Interpreter 
-- Performing Test CMAKE_HAVE_LIBC_PTHREAD
-- Performing Test CMAKE_HAVE_LIBC_PTHREAD - Success
-- Found Threads: TRUE  
-- Found rclcpp: 16.0.4 (/opt/ros/humble/share/rclcpp/cmake)
-- Found rosidl_generator_c: 3.1.4 (/opt/ros/humble/share/rosidl_generator_c/cmake)
-- Found rosidl_adapter: 3.1.4 (/opt/ros/humble/share/rosidl_adapter/cmake)
-- Found rosidl_generator_cpp: 3.1.4 (/opt/ros/humble/share/rosidl_generator_cpp/cmake)
-- Using all available rosidl_typesupport_c: rosidl_typesupport_fastrtps_c;rosidl_typesupport_introspection_c
-- Using all available rosidl_typesupport_cpp: rosidl_typesupport_fastrtps_cpp;rosidl_typesupport_introspection_cpp
-- Found rmw_implementation_cmake: 6.1.1 (/opt/ros/humble/share/rmw_implementation_cmake/cmake)
-- Found rmw_fastrtps_cpp: 6.2.2 (/opt/ros/humble/share/rmw_fastrtps_cpp/cmake)
-- Found OpenSSL: /usr/lib/x86_64-linux-gnu/libcrypto.so (found version "3.0.2")  
-- Found FastRTPS: /opt/ros/humble/include  
-- Using RMW implementation 'rmw_fastrtps_cpp' as default
-- Found rclcpp_components: 16.0.4 (/opt/ros/humble/share/rclcpp_components/cmake)
-- Found rmf_dispenser_msgs: 3.0.3 (/home/wang/rmf_ws/install/rmf_dispenser_msgs/share/rmf_dispenser_msgs/cmake)
-- Found rmf_ingestor_msgs: 3.0.3 (/home/wang/rmf_ws/install/rmf_ingestor_msgs/share/rmf_ingestor_msgs/cmake)
-- Found rmf_door_msgs: 3.0.3 (/home/wang/rmf_ws/install/rmf_door_msgs/share/rmf_door_msgs/cmake)
-- Found rmf_fleet_msgs: 3.0.3 (/home/wang/rmf_ws/install/rmf_fleet_msgs/share/rmf_fleet_msgs/cmake)
-- Found rmf_lift_msgs: 3.0.3 (/home/wang/rmf_ws/install/rmf_lift_msgs/share/rmf_lift_msgs/cmake)
-- Found rmf_task_msgs: 3.0.3 (/home/wang/rmf_ws/install/rmf_task_msgs/share/rmf_task_msgs/cmake)
-- Found rmf_traffic_ros2: 2.1.6 (/home/wang/rmf_ws/install/rmf_traffic_ros2/share/rmf_traffic_ros2/cmake)
-- Found PkgConfig: /usr/bin/pkg-config (found version "0.29.2") 
-- Checking for module 'proj'
--   Found proj, version 8.2.1
-- Found rmf_task_ros2: 2.1.6 (/home/wang/rmf_ws/install/rmf_task_ros2/share/rmf_task_ros2/cmake)
-- Found nlohmann_json: /usr/lib/cmake/nlohmann_json/nlohmann_jsonConfig.cmake (found version "3.10.5") 
-- Found nlohmann_json_schema_validator_vendor: 0.2.5 (/home/wang/rmf_ws/install/nlohmann_json_schema_validator_vendor/share/nlohmann_json_schema_validator_vendor/cmake)
-- Found rmf_websocket: 2.1.6 (/home/wang/rmf_ws/install/rmf_websocket/share/rmf_websocket/cmake)
-- Found rmf_building_map_msgs: 1.2.1 (/home/wang/rmf_ws/install/rmf_building_map_msgs/share/rmf_building_map_msgs/cmake)
-- Found ament_cmake_uncrustify: 0.12.6 (/opt/ros/humble/share/ament_cmake_uncrustify/cmake)
-- Found ament_cmake_catch2: 1.2.1 (/home/wang/rmf_ws/install/ament_cmake_catch2/share/ament_cmake_catch2/cmake)
-- Found ament_cmake_catch2: 1.2.1 (/home/wang/rmf_ws/install/ament_cmake_catch2/share/ament_cmake_catch2/cmake)
-- Configuring done (2.4s)
-- Generating done (0.8s)
-- Build files have been written to: /home/wang/rmf_ws/build/rmf_fleet_adapter
[  1%] [32mBuilding CXX object rmf_rxcpp/CMakeFiles/rmf_rxcpp_example_plan_path.dir/examples/PlanPath.cpp.o[0m
[  2%] [32mBuilding CXX object CMakeFiles/robot_state_aggregator_main.dir/src/robot_state_aggregator/RobotStateAggregator.cpp.o[0m
[  3%] [32mBuilding CXX object rmf_rxcpp/CMakeFiles/test_rmf_rxcpp.dir/test/main.cpp.o[0m
[  4%] [32mBuilding CXX object rmf_rxcpp/CMakeFiles/test_rmf_rxcpp.dir/test/test_RxJobs.cpp.o[0m
[  5%] [32mBuilding CXX object rmf_rxcpp/CMakeFiles/test_rmf_rxcpp.dir/test/test_Transport.cpp.o[0m
[  6%] [32mBuilding CXX object CMakeFiles/experimental_lift_watchdog.dir/src/experimental_lift_watchdog/main.cpp.o[0m
[  8%] [32mBuilding CXX object CMakeFiles/rmf_fleet_adapter.dir/src/rmf_fleet_adapter/LegacyTask.cpp.o[0m
[  8%] [32mBuilding CXX object CMakeFiles/rmf_fleet_adapter.dir/src/rmf_fleet_adapter/Negotiator.cpp.o[0m
[ 10%] [32mBuilding CXX object CMakeFiles/rmf_fleet_adapter.dir/src/rmf_fleet_adapter/Reporting.cpp.o[0m
[ 10%] [32mBuilding CXX object CMakeFiles/rmf_fleet_adapter.dir/src/rmf_fleet_adapter/ParseArgs.cpp.o[0m
[ 11%] [32mBuilding CXX object CMakeFiles/rmf_fleet_adapter.dir/src/rmf_fleet_adapter/ScheduleManager.cpp.o[0m
[ 12%] [32mBuilding CXX object CMakeFiles/rmf_fleet_adapter.dir/src/rmf_fleet_adapter/TaskManager.cpp.o[0m
[ 13%] [32mBuilding CXX object CMakeFiles/rmf_fleet_adapter.dir/src/rmf_fleet_adapter/agv/Adapter.cpp.o[0m
[ 14%] [32mBuilding CXX object CMakeFiles/rmf_fleet_adapter.dir/src/rmf_fleet_adapter/agv/EasyTrafficLight.cpp.o[0m
[ 15%] [32mBuilding CXX object CMakeFiles/rmf_fleet_adapter.dir/src/rmf_fleet_adapter/agv/FleetUpdateHandle.cpp.o[0m
[ 15%] [32mBuilding CXX object CMakeFiles/rmf_fleet_adapter.dir/src/rmf_fleet_adapter/agv/Node.cpp.o[0m
[ 16%] [32mBuilding CXX object CMakeFiles/rmf_fleet_adapter.dir/src/rmf_fleet_adapter/agv/RobotContext.cpp.o[0m
[ 17%] [32mBuilding CXX object CMakeFiles/rmf_fleet_adapter.dir/src/rmf_fleet_adapter/agv/RobotUpdateHandle.cpp.o[0m
[ 18%] [32mBuilding CXX object CMakeFiles/rmf_fleet_adapter.dir/src/rmf_fleet_adapter/agv/Waypoint.cpp.o[0m
[ 19%] [32mBuilding CXX object CMakeFiles/rmf_fleet_adapter.dir/src/rmf_fleet_adapter/agv/parse_graph.cpp.o[0m
[ 20%] [32mBuilding CXX object CMakeFiles/rmf_fleet_adapter.dir/src/rmf_fleet_adapter/agv/test/MockAdapter.cpp.o[0m
[ 21%] [32mBuilding CXX object CMakeFiles/rmf_fleet_adapter.dir/src/rmf_fleet_adapter/estimation.cpp.o[0m
[ 22%] [32mBuilding CXX object CMakeFiles/rmf_fleet_adapter.dir/src/rmf_fleet_adapter/events/EmergencyPullover.cpp.o[0m
[ 23%] [32m[1mLinking CXX executable rmf_rxcpp_example_plan_path[0m
[ 23%] Built target rmf_rxcpp_example_plan_path
[ 24%] [32mBuilding CXX object CMakeFiles/rmf_fleet_adapter.dir/src/rmf_fleet_adapter/events/Error.cpp.o[0m
[ 25%] [32m[1mLinking CXX executable experimental_lift_watchdog[0m
[ 25%] Built target experimental_lift_watchdog
[ 26%] [32mBuilding CXX object CMakeFiles/rmf_fleet_adapter.dir/src/rmf_fleet_adapter/events/ExecutePlan.cpp.o[0m
[ 27%] [32m[1mLinking CXX shared library librobot_state_aggregator_main.so[0m
[ 27%] Built target robot_state_aggregator_main
[ 28%] [32mBuilding CXX object CMakeFiles/rmf_fleet_adapter.dir/src/rmf_fleet_adapter/events/GoToPlace.cpp.o[0m
[ 29%] [32mBuilding CXX object CMakeFiles/rmf_fleet_adapter.dir/src/rmf_fleet_adapter/events/LegacyPhaseShim.cpp.o[0m
[ 30%] [32mBuilding CXX object CMakeFiles/robot_state_aggregator.dir/src/robot_state_aggregator/main.cpp.o[0m
[ 31%] [32mBuilding CXX object CMakeFiles/rmf_fleet_adapter.dir/src/rmf_fleet_adapter/events/PerformAction.cpp.o[0m
[ 32%] [32mBuilding CXX object CMakeFiles/rmf_fleet_adapter.dir/src/rmf_fleet_adapter/events/ResponsiveWait.cpp.o[0m
[ 33%] [32mBuilding CXX object CMakeFiles/rmf_fleet_adapter.dir/src/rmf_fleet_adapter/events/WaitForTraffic.cpp.o[0m
[ 34%] [32m[1mLinking CXX executable test_rmf_rxcpp[0m
[ 34%] Built target test_rmf_rxcpp
[ 35%] [32mBuilding CXX object CMakeFiles/rmf_fleet_adapter.dir/src/rmf_fleet_adapter/events/WaitUntil.cpp.o[0m
[ 36%] [32m[1mLinking CXX executable robot_state_aggregator[0m
[ 36%] Built target robot_state_aggregator
[ 37%] [32mBuilding CXX object CMakeFiles/rmf_fleet_adapter.dir/src/rmf_fleet_adapter/jobs/Planning.cpp.o[0m
[ 38%] [32mBuilding CXX object CMakeFiles/rmf_fleet_adapter.dir/src/rmf_fleet_adapter/jobs/Rollout.cpp.o[0m
[ 38%] [32mBuilding CXX object CMakeFiles/rmf_fleet_adapter.dir/src/rmf_fleet_adapter/jobs/SearchForPath.cpp.o[0m
[ 39%] [32mBuilding CXX object CMakeFiles/rmf_fleet_adapter.dir/src/rmf_fleet_adapter/load_param.cpp.o[0m
[ 40%] [32mBuilding CXX object CMakeFiles/rmf_fleet_adapter.dir/src/rmf_fleet_adapter/make_trajectory.cpp.o[0m
[ 41%] [32mBuilding CXX object CMakeFiles/rmf_fleet_adapter.dir/src/rmf_fleet_adapter/phases/DispenseItem.cpp.o[0m
[ 42%] [32mBuilding CXX object CMakeFiles/rmf_fleet_adapter.dir/src/rmf_fleet_adapter/phases/DockRobot.cpp.o[0m
[ 43%] [32mBuilding CXX object CMakeFiles/rmf_fleet_adapter.dir/src/rmf_fleet_adapter/phases/DoorClose.cpp.o[0m
[ 44%] [32mBuilding CXX object CMakeFiles/rmf_fleet_adapter.dir/src/rmf_fleet_adapter/phases/DoorOpen.cpp.o[0m
[ 45%] [32mBuilding CXX object CMakeFiles/rmf_fleet_adapter.dir/src/rmf_fleet_adapter/phases/EndLiftSession.cpp.o[0m
[ 46%] [32mBuilding CXX object CMakeFiles/rmf_fleet_adapter.dir/src/rmf_fleet_adapter/phases/IngestItem.cpp.o[0m
[ 47%] [32mBuilding CXX object CMakeFiles/rmf_fleet_adapter.dir/src/rmf_fleet_adapter/phases/MoveRobot.cpp.o[0m
[ 48%] [32mBuilding CXX object CMakeFiles/rmf_fleet_adapter.dir/src/rmf_fleet_adapter/phases/RequestLift.cpp.o[0m
[ 49%] [32mBuilding CXX object CMakeFiles/rmf_fleet_adapter.dir/src/rmf_fleet_adapter/phases/SupervisorHasSession.cpp.o[0m
[ 50%] [32mBuilding CXX object CMakeFiles/rmf_fleet_adapter.dir/src/rmf_fleet_adapter/phases/Utils.cpp.o[0m
[ 51%] [32mBuilding CXX object CMakeFiles/rmf_fleet_adapter.dir/src/rmf_fleet_adapter/phases/WaitForCharge.cpp.o[0m
[ 52%] [32mBuilding CXX object CMakeFiles/rmf_fleet_adapter.dir/src/rmf_fleet_adapter/project_itinerary.cpp.o[0m
[ 53%] [32mBuilding CXX object CMakeFiles/rmf_fleet_adapter.dir/src/rmf_fleet_adapter/services/FindEmergencyPullover.cpp.o[0m
[ 54%] [32mBuilding CXX object CMakeFiles/rmf_fleet_adapter.dir/src/rmf_fleet_adapter/services/FindPath.cpp.o[0m
[ 54%] [32mBuilding CXX object CMakeFiles/rmf_fleet_adapter.dir/src/rmf_fleet_adapter/services/Negotiate.cpp.o[0m
[ 55%] [32mBuilding CXX object CMakeFiles/rmf_fleet_adapter.dir/src/rmf_fleet_adapter/services/ProgressEvaluator.cpp.o[0m
[ 56%] [32mBuilding CXX object CMakeFiles/rmf_fleet_adapter.dir/src/rmf_fleet_adapter/tasks/ChargeBattery.cpp.o[0m
[ 57%] [32mBuilding CXX object CMakeFiles/rmf_fleet_adapter.dir/src/rmf_fleet_adapter/tasks/Clean.cpp.o[0m
[ 58%] [32mBuilding CXX object CMakeFiles/rmf_fleet_adapter.dir/src/rmf_fleet_adapter/tasks/Compose.cpp.o[0m
[ 59%] [32mBuilding CXX object CMakeFiles/rmf_fleet_adapter.dir/src/rmf_fleet_adapter/tasks/Delivery.cpp.o[0m
[ 60%] [32mBuilding CXX object CMakeFiles/rmf_fleet_adapter.dir/src/rmf_fleet_adapter/tasks/Patrol.cpp.o[0m
[ 61%] [32m[1mLinking CXX shared library librmf_fleet_adapter.so[0m
[ 61%] Built target rmf_fleet_adapter
[ 63%] [32mBuilding CXX object CMakeFiles/read_only.dir/src/read_only/main.cpp.o[0m
[ 63%] [32mBuilding CXX object CMakeFiles/read_only.dir/src/read_only/FleetAdapterNode.cpp.o[0m
[ 65%] [32mBuilding CXX object CMakeFiles/test_read_only_adapter.dir/test/test_read_only_adapter.cpp.o[0m
[ 65%] [32mBuilding CXX object CMakeFiles/read_only_blockade.dir/src/read_only_blockade/main.cpp.o[0m
[ 66%] [32mBuilding CXX object CMakeFiles/read_only_blockade.dir/src/read_only_blockade/FleetAdapterNode.cpp.o[0m
[ 67%] [32mBuilding CXX object CMakeFiles/close_lanes.dir/src/close_lanes/main.cpp.o[0m
[ 68%] [32mBuilding CXX object CMakeFiles/interrupt_robot.dir/src/interrupt_robot/main.cpp.o[0m
[ 67%] [32mBuilding CXX object CMakeFiles/open_lanes.dir/src/open_lanes/main.cpp.o[0m
[ 69%] [32mBuilding CXX object CMakeFiles/lift_supervisor.dir/src/lift_supervisor/main.cpp.o[0m
[ 70%] [32mBuilding CXX object CMakeFiles/lift_supervisor.dir/src/lift_supervisor/Node.cpp.o[0m
[ 71%] [32mBuilding CXX object CMakeFiles/door_supervisor.dir/src/door_supervisor/main.cpp.o[0m
[ 72%] [32mBuilding CXX object CMakeFiles/dump_fleet_states.dir/test/dump_fleet_states.cpp.o[0m
[ 73%] [32mBuilding CXX object CMakeFiles/mock_traffic_light.dir/src/mock_traffic_light/main.cpp.o[0m
[ 74%] [32mBuilding CXX object CMakeFiles/task_aggregator.dir/src/task_aggregator/main.cpp.o[0m
[ 75%] [32mBuilding CXX object CMakeFiles/full_control.dir/src/full_control/main.cpp.o[0m
[ 75%] [32mBuilding CXX object CMakeFiles/test_rmf_fleet_adapter.dir/test/main.cpp.o[0m
[ 76%] [32mBuilding CXX object CMakeFiles/test_rmf_fleet_adapter.dir/test/phases/MockAdapterFixture.cpp.o[0m
[ 77%] [32mBuilding CXX object CMakeFiles/door_supervisor.dir/src/door_supervisor/Node.cpp.o[0m
[ 78%] [32mBuilding CXX object CMakeFiles/test_rmf_fleet_adapter.dir/test/phases/test_DoorOpen.cpp.o[0m
[ 79%] [32mBuilding CXX object CMakeFiles/test_rmf_fleet_adapter.dir/test/phases/test_DoorClose.cpp.o[0m
[ 80%] [32m[1mLinking CXX executable interrupt_robot[0m
[ 80%] Built target interrupt_robot
[ 81%] [32mBuilding CXX object CMakeFiles/test_rmf_fleet_adapter.dir/test/phases/test_RequestLift.cpp.o[0m
[ 82%] [32m[1mLinking CXX executable dump_fleet_states[0m
[ 82%] Built target dump_fleet_states
[ 83%] [32mBuilding CXX object CMakeFiles/test_rmf_fleet_adapter.dir/test/phases/test_DispenseItem.cpp.o[0m
[ 84%] [32m[1mLinking CXX executable open_lanes[0m
[ 84%] Built target open_lanes
[ 85%] [32mBuilding CXX object CMakeFiles/test_rmf_fleet_adapter.dir/test/phases/test_IngestItem.cpp.o[0m
[ 86%] [32m[1mLinking CXX executable close_lanes[0m
[ 86%] Built target close_lanes
[ 87%] [32mBuilding CXX object CMakeFiles/test_rmf_fleet_adapter.dir/test/services/test_FindEmergencyPullover.cpp.o[0m
[ 88%] [32m[1mLinking CXX executable task_aggregator[0m
[ 88%] Built target task_aggregator
[ 89%] [32mBuilding CXX object CMakeFiles/test_rmf_fleet_adapter.dir/test/services/test_FindPath.cpp.o[0m
[ 90%] [32m[1mLinking CXX executable test_read_only_adapter[0m
[ 90%] Built target test_read_only_adapter
[ 91%] [32mBuilding CXX object CMakeFiles/test_rmf_fleet_adapter.dir/test/services/test_Negotiate.cpp.o[0m
[ 92%] [32m[1mLinking CXX executable read_only[0m
[ 92%] Built target read_only
[ 93%] [32mBuilding CXX object CMakeFiles/test_rmf_fleet_adapter.dir/test/tasks/test_Delivery.cpp.o[0m
[ 94%] [32mBuilding CXX object CMakeFiles/test_rmf_fleet_adapter.dir/test/tasks/test_Loop.cpp.o[0m
[ 95%] [32m[1mLinking CXX executable read_only_blockade[0m
[ 95%] Built target read_only_blockade
[ 96%] [32mBuilding CXX object CMakeFiles/test_rmf_fleet_adapter.dir/test/test_Task.cpp.o[0m
[ 97%] [32m[1mLinking CXX executable lift_supervisor[0m
[ 97%] Built target lift_supervisor
[ 98%] [32m[1mLinking CXX executable door_supervisor[0m
[ 98%] Built target door_supervisor
[ 98%] [32m[1mLinking CXX executable mock_traffic_light[0m
[ 98%] Built target mock_traffic_light
[ 99%] [32m[1mLinking CXX executable full_control[0m
[ 99%] Built target full_control
[100%] [32m[1mLinking CXX executable test_rmf_fleet_adapter[0m
[100%] Built target test_rmf_fleet_adapter
-- Install configuration: "Release"
-- Installing: /home/wang/rmf_ws/install/rmf_fleet_adapter/include
-- Installing: /home/wang/rmf_ws/install/rmf_fleet_adapter/include/rmf_fleet_adapter
-- Installing: /home/wang/rmf_ws/install/rmf_fleet_adapter/include/rmf_fleet_adapter/schemas
-- Installing: /home/wang/rmf_ws/install/rmf_fleet_adapter/include/rmf_fleet_adapter/schemas/task_description__delivery.hpp
-- Installing: /home/wang/rmf_ws/install/rmf_fleet_adapter/include/rmf_fleet_adapter/schemas/task_description__clean.hpp
-- Installing: /home/wang/rmf_ws/install/rmf_fleet_adapter/include/rmf_fleet_adapter/schemas/event_description__sequence.hpp
-- Installing: /home/wang/rmf_ws/install/rmf_fleet_adapter/include/rmf_fleet_adapter/schemas/event_description__perform_action.hpp
-- Installing: /home/wang/rmf_ws/install/rmf_fleet_adapter/include/rmf_fleet_adapter/schemas/event_description__pickup.hpp
-- Installing: /home/wang/rmf_ws/install/rmf_fleet_adapter/include/rmf_fleet_adapter/schemas/event_description__clean.hpp
-- Installing: /home/wang/rmf_ws/install/rmf_fleet_adapter/include/rmf_fleet_adapter/schemas/task_description__patrol.hpp
-- Installing: /home/wang/rmf_ws/install/rmf_fleet_adapter/include/rmf_fleet_adapter/schemas/event_description__payload_transfer.hpp
-- Installing: /home/wang/rmf_ws/install/rmf_fleet_adapter/include/rmf_fleet_adapter/schemas/place.hpp
-- Installing: /home/wang/rmf_ws/install/rmf_fleet_adapter/include/rmf_fleet_adapter/schemas/event_description__go_to_place.hpp
-- Installing: /home/wang/rmf_ws/install/rmf_fleet_adapter/include/rmf_fleet_adapter/schemas/task_description__compose.hpp
-- Installing: /home/wang/rmf_ws/install/rmf_fleet_adapter/include/rmf_fleet_adapter/schemas/event_description__dropoff.hpp
-- Installing: /home/wang/rmf_ws/install/rmf_fleet_adapter/share/rmf_fleet_adapter/environment/library_path.sh
-- Installing: /home/wang/rmf_ws/install/rmf_fleet_adapter/share/rmf_fleet_adapter/environment/library_path.dsv
-- Installing: /home/wang/rmf_ws/install/rmf_fleet_adapter/lib/librmf_fleet_adapter.so
-- Set runtime path of "/home/wang/rmf_ws/install/rmf_fleet_adapter/lib/librmf_fleet_adapter.so" to ""
-- Installing: /home/wang/rmf_ws/install/rmf_fleet_adapter/lib/rmf_fleet_adapter/read_only
-- Set runtime path of "/home/wang/rmf_ws/install/rmf_fleet_adapter/lib/rmf_fleet_adapter/read_only" to ""
-- Installing: /home/wang/rmf_ws/install/rmf_fleet_adapter/lib/rmf_fleet_adapter/read_only_blockade
-- Set runtime path of "/home/wang/rmf_ws/install/rmf_fleet_adapter/lib/rmf_fleet_adapter/read_only_blockade" to ""
-- Installing: /home/wang/rmf_ws/install/rmf_fleet_adapter/lib/rmf_fleet_adapter/mock_traffic_light
-- Set runtime path of "/home/wang/rmf_ws/install/rmf_fleet_adapter/lib/rmf_fleet_adapter/mock_traffic_light" to ""
-- Installing: /home/wang/rmf_ws/install/rmf_fleet_adapter/lib/rmf_fleet_adapter/full_control
-- Set runtime path of "/home/wang/rmf_ws/install/rmf_fleet_adapter/lib/rmf_fleet_adapter/full_control" to ""
-- Installing: /home/wang/rmf_ws/install/rmf_fleet_adapter/lib/rmf_fleet_adapter/lift_supervisor
-- Set runtime path of "/home/wang/rmf_ws/install/rmf_fleet_adapter/lib/rmf_fleet_adapter/lift_supervisor" to ""
-- Installing: /home/wang/rmf_ws/install/rmf_fleet_adapter/lib/rmf_fleet_adapter/experimental_lift_watchdog
-- Set runtime path of "/home/wang/rmf_ws/install/rmf_fleet_adapter/lib/rmf_fleet_adapter/experimental_lift_watchdog" to ""
-- Installing: /home/wang/rmf_ws/install/rmf_fleet_adapter/lib/rmf_fleet_adapter/door_supervisor
-- Set runtime path of "/home/wang/rmf_ws/install/rmf_fleet_adapter/lib/rmf_fleet_adapter/door_supervisor" to ""
-- Installing: /home/wang/rmf_ws/install/rmf_fleet_adapter/lib/rmf_fleet_adapter/robot_state_aggregator
-- Set runtime path of "/home/wang/rmf_ws/install/rmf_fleet_adapter/lib/rmf_fleet_adapter/robot_state_aggregator" to ""
-- Installing: /home/wang/rmf_ws/install/rmf_fleet_adapter/lib/rmf_fleet_adapter/test_read_only_adapter
-- Set runtime path of "/home/wang/rmf_ws/install/rmf_fleet_adapter/lib/rmf_fleet_adapter/test_read_only_adapter" to ""
-- Installing: /home/wang/rmf_ws/install/rmf_fleet_adapter/lib/rmf_fleet_adapter/task_aggregator
-- Set runtime path of "/home/wang/rmf_ws/install/rmf_fleet_adapter/lib/rmf_fleet_adapter/task_aggregator" to ""
-- Installing: /home/wang/rmf_ws/install/rmf_fleet_adapter/lib/rmf_fleet_adapter/open_lanes
-- Set runtime path of "/home/wang/rmf_ws/install/rmf_fleet_adapter/lib/rmf_fleet_adapter/open_lanes" to ""
-- Installing: /home/wang/rmf_ws/install/rmf_fleet_adapter/lib/rmf_fleet_adapter/close_lanes
-- Set runtime path of "/home/wang/rmf_ws/install/rmf_fleet_adapter/lib/rmf_fleet_adapter/close_lanes" to ""
-- Installing: /home/wang/rmf_ws/install/rmf_fleet_adapter/lib/rmf_fleet_adapter/interrupt_robot
-- Set runtime path of "/home/wang/rmf_ws/install/rmf_fleet_adapter/lib/rmf_fleet_adapter/interrupt_robot" to ""
-- Installing: /home/wang/rmf_ws/install/rmf_fleet_adapter/lib/librobot_state_aggregator_main.so
-- Set runtime path of "/home/wang/rmf_ws/install/rmf_fleet_adapter/lib/librobot_state_aggregator_main.so" to ""
-- Up-to-date: /home/wang/rmf_ws/install/rmf_fleet_adapter/share/rmf_fleet_adapter
-- Installing: /home/wang/rmf_ws/install/rmf_fleet_adapter/share/rmf_fleet_adapter/fleet_adapter.launch.xml
-- Installing: /home/wang/rmf_ws/install/rmf_fleet_adapter/share/rmf_fleet_adapter/robot_state_aggregator.launch.xml
-- Installing: /home/wang/rmf_ws/install/rmf_fleet_adapter/share/rmf_fleet_adapter/robot_state_aggregator.composition.launch.xml
-- Up-to-date: /home/wang/rmf_ws/install/rmf_fleet_adapter/include
-- Up-to-date: /home/wang/rmf_ws/install/rmf_fleet_adapter/include/rmf_fleet_adapter
-- Installing: /home/wang/rmf_ws/install/rmf_fleet_adapter/include/rmf_fleet_adapter/StandardNames.hpp
-- Installing: /home/wang/rmf_ws/install/rmf_fleet_adapter/include/rmf_fleet_adapter/agv
-- Installing: /home/wang/rmf_ws/install/rmf_fleet_adapter/include/rmf_fleet_adapter/agv/test
-- Installing: /home/wang/rmf_ws/install/rmf_fleet_adapter/include/rmf_fleet_adapter/agv/test/MockAdapter.hpp
-- Installing: /home/wang/rmf_ws/install/rmf_fleet_adapter/include/rmf_fleet_adapter/agv/parse_graph.hpp
-- Installing: /home/wang/rmf_ws/install/rmf_fleet_adapter/include/rmf_fleet_adapter/agv/RobotCommandHandle.hpp
-- Installing: /home/wang/rmf_ws/install/rmf_fleet_adapter/include/rmf_fleet_adapter/agv/FleetUpdateHandle.hpp
-- Installing: /home/wang/rmf_ws/install/rmf_fleet_adapter/include/rmf_fleet_adapter/agv/EasyTrafficLight.hpp
-- Installing: /home/wang/rmf_ws/install/rmf_fleet_adapter/include/rmf_fleet_adapter/agv/RobotUpdateHandle.hpp
-- Installing: /home/wang/rmf_ws/install/rmf_fleet_adapter/include/rmf_fleet_adapter/agv/Waypoint.hpp
-- Installing: /home/wang/rmf_ws/install/rmf_fleet_adapter/include/rmf_fleet_adapter/agv/Adapter.hpp
-- Installing: /home/wang/rmf_ws/install/rmf_fleet_adapter/share/ament_index/resource_index/package_run_dependencies/rmf_fleet_adapter
-- Installing: /home/wang/rmf_ws/install/rmf_fleet_adapter/share/ament_index/resource_index/parent_prefix_path/rmf_fleet_adapter
-- Installing: /home/wang/rmf_ws/install/rmf_fleet_adapter/share/rmf_fleet_adapter/environment/ament_prefix_path.sh
-- Installing: /home/wang/rmf_ws/install/rmf_fleet_adapter/share/rmf_fleet_adapter/environment/ament_prefix_path.dsv
-- Installing: /home/wang/rmf_ws/install/rmf_fleet_adapter/share/rmf_fleet_adapter/environment/path.sh
-- Installing: /home/wang/rmf_ws/install/rmf_fleet_adapter/share/rmf_fleet_adapter/environment/path.dsv
-- Installing: /home/wang/rmf_ws/install/rmf_fleet_adapter/share/rmf_fleet_adapter/local_setup.bash
-- Installing: /home/wang/rmf_ws/install/rmf_fleet_adapter/share/rmf_fleet_adapter/local_setup.sh
-- Installing: /home/wang/rmf_ws/install/rmf_fleet_adapter/share/rmf_fleet_adapter/local_setup.zsh
-- Installing: /home/wang/rmf_ws/install/rmf_fleet_adapter/share/rmf_fleet_adapter/local_setup.dsv
-- Installing: /home/wang/rmf_ws/install/rmf_fleet_adapter/share/rmf_fleet_adapter/package.dsv
-- Installing: /home/wang/rmf_ws/install/rmf_fleet_adapter/share/ament_index/resource_index/packages/rmf_fleet_adapter
-- Installing: /home/wang/rmf_ws/install/rmf_fleet_adapter/share/ament_index/resource_index/rclcpp_components/rmf_fleet_adapter
-- Installing: /home/wang/rmf_ws/install/rmf_fleet_adapter/share/rmf_fleet_adapter/cmake/rmf_fleet_adapterExport.cmake
-- Installing: /home/wang/rmf_ws/install/rmf_fleet_adapter/share/rmf_fleet_adapter/cmake/rmf_fleet_adapterExport-release.cmake
-- Installing: /home/wang/rmf_ws/install/rmf_fleet_adapter/share/rmf_fleet_adapter/cmake/ament_cmake_export_targets-extras.cmake
-- Installing: /home/wang/rmf_ws/install/rmf_fleet_adapter/share/rmf_fleet_adapter/cmake/ament_cmake_export_dependencies-extras.cmake
-- Installing: /home/wang/rmf_ws/install/rmf_fleet_adapter/share/rmf_fleet_adapter/cmake/rmf_fleet_adapterConfig.cmake
-- Installing: /home/wang/rmf_ws/install/rmf_fleet_adapter/share/rmf_fleet_adapter/cmake/rmf_fleet_adapterConfig-version.cmake
-- Installing: /home/wang/rmf_ws/install/rmf_fleet_adapter/share/rmf_fleet_adapter/package.xml
