[0.031s] Invoking command in '/home/wang/rmf_ws/build/rmf_fleet_adapter': AMENT_PREFIX_PATH=/home/wang/rmf_ws/install/rmf_task_ros2:/home/wang/rmf_ws/install/rmf_traffic_ros2:/home/wang/rmf_ws/install/rmf_websocket:/home/wang/rmf_ws/install/rmf_task_msgs:/home/wang/rmf_ws/install/rmf_ingestor_msgs:/home/wang/rmf_ws/install/rmf_traffic_msgs:/home/wang/rmf_ws/install/rmf_site_map_msgs:/home/wang/rmf_ws/install/rmf_lift_msgs:/home/wang/rmf_ws/install/rmf_fleet_msgs:/home/wang/rmf_ws/install/rmf_door_msgs:/home/wang/rmf_ws/install/rmf_dispenser_msgs:/home/wang/rmf_ws/install/rmf_building_map_msgs:/home/wang/rmf_ws/install/rmf_api_msgs:/home/wang/rmf_ws/install/nlohmann_json_schema_validator_vendor:/home/wang/rmf_ws/install/ament_cmake_catch2:${AMENT_PREFIX_PATH} CMAKE_PREFIX_PATH=/home/wang/rmf_ws/install/rmf_task_sequence:/home/wang/rmf_ws/install/rmf_task_ros2:/home/wang/rmf_ws/install/rmf_task:/home/wang/rmf_ws/install/rmf_traffic_ros2:/home/wang/rmf_ws/install/rmf_battery:/home/wang/rmf_ws/install/rmf_websocket:/home/wang/rmf_ws/install/rmf_traffic:/home/wang/rmf_ws/install/rmf_utils:/home/wang/rmf_ws/install/rmf_task_msgs:/home/wang/rmf_ws/install/rmf_ingestor_msgs:/home/wang/rmf_ws/install/rmf_traffic_msgs:/home/wang/rmf_ws/install/rmf_site_map_msgs:/home/wang/rmf_ws/install/rmf_lift_msgs:/home/wang/rmf_ws/install/rmf_fleet_msgs:/home/wang/rmf_ws/install/rmf_door_msgs:/home/wang/rmf_ws/install/rmf_dispenser_msgs:/home/wang/rmf_ws/install/rmf_building_map_msgs:/home/wang/rmf_ws/install/rmf_api_msgs:/home/wang/rmf_ws/install/nlohmann_json_schema_validator_vendor:/home/wang/rmf_ws/install/ament_cmake_catch2:/opt/ros/humble LD_LIBRARY_PATH=/home/wang/rmf_ws/install/rmf_task_sequence/lib:/home/wang/rmf_ws/install/rmf_task_ros2/lib:/home/wang/rmf_ws/install/rmf_task/lib:/home/wang/rmf_ws/install/rmf_traffic_ros2/lib:/home/wang/rmf_ws/install/rmf_battery/lib:/home/wang/rmf_ws/install/rmf_websocket/lib:/home/wang/rmf_ws/install/rmf_traffic/lib:/home/wang/rmf_ws/install/rmf_utils/lib:/home/wang/rmf_ws/install/rmf_task_msgs/lib:/home/wang/rmf_ws/install/rmf_ingestor_msgs/lib:/home/wang/rmf_ws/install/rmf_traffic_msgs/lib:/home/wang/rmf_ws/install/rmf_site_map_msgs/lib:/home/wang/rmf_ws/install/rmf_lift_msgs/lib:/home/wang/rmf_ws/install/rmf_fleet_msgs/lib:/home/wang/rmf_ws/install/rmf_door_msgs/lib:/home/wang/rmf_ws/install/rmf_dispenser_msgs/lib:/home/wang/rmf_ws/install/rmf_building_map_msgs/lib:/home/wang/rmf_ws/install/nlohmann_json_schema_validator_vendor/lib:${LD_LIBRARY_PATH} PATH=/home/wang/rmf_ws/install/nlohmann_json_schema_validator_vendor/bin:${PATH} PKG_CONFIG_PATH=/home/wang/rmf_ws/install/rmf_task_sequence/lib/x86_64-linux-gnu/pkgconfig:/home/wang/rmf_ws/install/rmf_task_sequence/lib/pkgconfig:/home/wang/rmf_ws/install/rmf_task/lib/x86_64-linux-gnu/pkgconfig:/home/wang/rmf_ws/install/rmf_task/lib/pkgconfig:/home/wang/rmf_ws/install/rmf_battery/lib/x86_64-linux-gnu/pkgconfig:/home/wang/rmf_ws/install/rmf_battery/lib/pkgconfig:/home/wang/rmf_ws/install/rmf_traffic/lib/x86_64-linux-gnu/pkgconfig:/home/wang/rmf_ws/install/rmf_traffic/lib/pkgconfig:/home/wang/rmf_ws/install/rmf_utils/lib/x86_64-linux-gnu/pkgconfig:/home/wang/rmf_ws/install/rmf_utils/lib/pkgconfig PYTHONPATH=/home/wang/rmf_ws/install/rmf_task_msgs/local/lib/python3.10/dist-packages:/home/wang/rmf_ws/install/rmf_ingestor_msgs/local/lib/python3.10/dist-packages:/home/wang/rmf_ws/install/rmf_traffic_msgs/local/lib/python3.10/dist-packages:/home/wang/rmf_ws/install/rmf_site_map_msgs/local/lib/python3.10/dist-packages:/home/wang/rmf_ws/install/rmf_lift_msgs/local/lib/python3.10/dist-packages:/home/wang/rmf_ws/install/rmf_fleet_msgs/local/lib/python3.10/dist-packages:/home/wang/rmf_ws/install/rmf_door_msgs/local/lib/python3.10/dist-packages:/home/wang/rmf_ws/install/rmf_dispenser_msgs/local/lib/python3.10/dist-packages:/home/wang/rmf_ws/install/rmf_building_map_msgs/local/lib/python3.10/dist-packages:/home/wang/rmf_ws/install/rmf_api_msgs/local/lib/python3.10/dist-packages:${PYTHONPATH} /home/wang/.local/bin/cmake /home/wang/rmf_ws/src/rmf/rmf_ros2/rmf_fleet_adapter -DCMAKE_EXE_LINKER_FLAGS=-fuse-ld=lld -DCMAKE_MODULE_LINKER_FLAGS=-fuse-ld=lld -DCMAKE_SHARED_LINKER_FLAGS=-fuse-ld=lld -DCMAKE_BUILD_TYPE=Release -DCMAKE_INSTALL_PREFIX=/home/wang/rmf_ws/install/rmf_fleet_adapter
[0.109s] -- The C compiler identification is Clang 14.0.0
[0.183s] -- The CXX compiler identification is Clang 14.0.0
[0.199s] -- Detecting C compiler ABI info
[0.276s] -- Detecting C compiler ABI info - done
[0.282s] -- Check for working C compiler: /usr/bin/clang - skipped
[0.283s] -- Detecting C compile features
[0.283s] -- Detecting C compile features - done
[0.285s] -- Detecting CXX compiler ABI info
[0.367s] -- Detecting CXX compiler ABI info - done
[0.373s] -- Check for working CXX compiler: /usr/bin/clang++ - skipped
[0.373s] -- Detecting CXX compile features
[0.374s] -- Detecting CXX compile features - done
[0.376s] -- Found ament_cmake: 1.3.5 (/opt/ros/humble/share/ament_cmake/cmake)
[0.647s] -- Found Python3: /usr/bin/python3.10 (found version "3.10.6") found components: Interpreter 
[0.748s] -- Performing Test CMAKE_HAVE_LIBC_PTHREAD
[0.829s] -- Performing Test CMAKE_HAVE_LIBC_PTHREAD - Success
[0.829s] -- Found Threads: TRUE  
[0.833s] -- Found rclcpp: 16.0.4 (/opt/ros/humble/share/rclcpp/cmake)
[0.876s] -- Found rosidl_generator_c: 3.1.4 (/opt/ros/humble/share/rosidl_generator_c/cmake)
[0.881s] -- Found rosidl_adapter: 3.1.4 (/opt/ros/humble/share/rosidl_adapter/cmake)
[0.890s] -- Found rosidl_generator_cpp: 3.1.4 (/opt/ros/humble/share/rosidl_generator_cpp/cmake)
[0.903s] -- Using all available rosidl_typesupport_c: rosidl_typesupport_fastrtps_c;rosidl_typesupport_introspection_c
[0.922s] -- Using all available rosidl_typesupport_cpp: rosidl_typesupport_fastrtps_cpp;rosidl_typesupport_introspection_cpp
[0.989s] -- Found rmw_implementation_cmake: 6.1.1 (/opt/ros/humble/share/rmw_implementation_cmake/cmake)
[0.992s] -- Found rmw_fastrtps_cpp: 6.2.2 (/opt/ros/humble/share/rmw_fastrtps_cpp/cmake)
[1.079s] -- Found OpenSSL: /usr/lib/x86_64-linux-gnu/libcrypto.so (found version "3.0.2")  
[1.103s] -- Found FastRTPS: /opt/ros/humble/include  
[1.143s] -- Using RMW implementation 'rmw_fastrtps_cpp' as default
[1.289s] -- Found rclcpp_components: 16.0.4 (/opt/ros/humble/share/rclcpp_components/cmake)
[1.347s] -- Found rmf_dispenser_msgs: 3.0.3 (/home/wang/rmf_ws/install/rmf_dispenser_msgs/share/rmf_dispenser_msgs/cmake)
[1.448s] -- Found rmf_ingestor_msgs: 3.0.3 (/home/wang/rmf_ws/install/rmf_ingestor_msgs/share/rmf_ingestor_msgs/cmake)
[1.504s] -- Found rmf_door_msgs: 3.0.3 (/home/wang/rmf_ws/install/rmf_door_msgs/share/rmf_door_msgs/cmake)
[1.532s] -- Found rmf_fleet_msgs: 3.0.3 (/home/wang/rmf_ws/install/rmf_fleet_msgs/share/rmf_fleet_msgs/cmake)
[1.561s] -- Found rmf_lift_msgs: 3.0.3 (/home/wang/rmf_ws/install/rmf_lift_msgs/share/rmf_lift_msgs/cmake)
[1.589s] -- Found rmf_task_msgs: 3.0.3 (/home/wang/rmf_ws/install/rmf_task_msgs/share/rmf_task_msgs/cmake)
[1.657s] -- Found rmf_traffic_ros2: 2.1.6 (/home/wang/rmf_ws/install/rmf_traffic_ros2/share/rmf_traffic_ros2/cmake)
[1.661s] -- Found PkgConfig: /usr/bin/pkg-config (found version "0.29.2") 
[1.661s] -- Checking for module 'proj'
[1.672s] --   Found proj, version 8.2.1
[1.882s] -- Found rmf_task_ros2: 2.1.6 (/home/wang/rmf_ws/install/rmf_task_ros2/share/rmf_task_ros2/cmake)
[1.921s] -- Found nlohmann_json: /usr/lib/cmake/nlohmann_json/nlohmann_jsonConfig.cmake (found version "3.10.5") 
[1.922s] -- Found nlohmann_json_schema_validator_vendor: 0.2.5 (/home/wang/rmf_ws/install/nlohmann_json_schema_validator_vendor/share/nlohmann_json_schema_validator_vendor/cmake)
[1.926s] -- Found rmf_websocket: 2.1.6 (/home/wang/rmf_ws/install/rmf_websocket/share/rmf_websocket/cmake)
[1.938s] -- Found rmf_building_map_msgs: 1.2.1 (/home/wang/rmf_ws/install/rmf_building_map_msgs/share/rmf_building_map_msgs/cmake)
[1.971s] -- Found ament_cmake_uncrustify: 0.12.6 (/opt/ros/humble/share/ament_cmake_uncrustify/cmake)
[1.977s] -- Found ament_cmake_catch2: 1.2.1 (/home/wang/rmf_ws/install/ament_cmake_catch2/share/ament_cmake_catch2/cmake)
[2.351s] -- Found ament_cmake_catch2: 1.2.1 (/home/wang/rmf_ws/install/ament_cmake_catch2/share/ament_cmake_catch2/cmake)
[2.428s] -- Configuring done (2.4s)
[3.534s] -- Generating done (0.8s)
[3.537s] -- Build files have been written to: /home/wang/rmf_ws/build/rmf_fleet_adapter
[3.556s] Invoked command in '/home/wang/rmf_ws/build/rmf_fleet_adapter' returned '0': AMENT_PREFIX_PATH=/home/wang/rmf_ws/install/rmf_task_ros2:/home/wang/rmf_ws/install/rmf_traffic_ros2:/home/wang/rmf_ws/install/rmf_websocket:/home/wang/rmf_ws/install/rmf_task_msgs:/home/wang/rmf_ws/install/rmf_ingestor_msgs:/home/wang/rmf_ws/install/rmf_traffic_msgs:/home/wang/rmf_ws/install/rmf_site_map_msgs:/home/wang/rmf_ws/install/rmf_lift_msgs:/home/wang/rmf_ws/install/rmf_fleet_msgs:/home/wang/rmf_ws/install/rmf_door_msgs:/home/wang/rmf_ws/install/rmf_dispenser_msgs:/home/wang/rmf_ws/install/rmf_building_map_msgs:/home/wang/rmf_ws/install/rmf_api_msgs:/home/wang/rmf_ws/install/nlohmann_json_schema_validator_vendor:/home/wang/rmf_ws/install/ament_cmake_catch2:${AMENT_PREFIX_PATH} CMAKE_PREFIX_PATH=/home/wang/rmf_ws/install/rmf_task_sequence:/home/wang/rmf_ws/install/rmf_task_ros2:/home/wang/rmf_ws/install/rmf_task:/home/wang/rmf_ws/install/rmf_traffic_ros2:/home/wang/rmf_ws/install/rmf_battery:/home/wang/rmf_ws/install/rmf_websocket:/home/wang/rmf_ws/install/rmf_traffic:/home/wang/rmf_ws/install/rmf_utils:/home/wang/rmf_ws/install/rmf_task_msgs:/home/wang/rmf_ws/install/rmf_ingestor_msgs:/home/wang/rmf_ws/install/rmf_traffic_msgs:/home/wang/rmf_ws/install/rmf_site_map_msgs:/home/wang/rmf_ws/install/rmf_lift_msgs:/home/wang/rmf_ws/install/rmf_fleet_msgs:/home/wang/rmf_ws/install/rmf_door_msgs:/home/wang/rmf_ws/install/rmf_dispenser_msgs:/home/wang/rmf_ws/install/rmf_building_map_msgs:/home/wang/rmf_ws/install/rmf_api_msgs:/home/wang/rmf_ws/install/nlohmann_json_schema_validator_vendor:/home/wang/rmf_ws/install/ament_cmake_catch2:/opt/ros/humble LD_LIBRARY_PATH=/home/wang/rmf_ws/install/rmf_task_sequence/lib:/home/wang/rmf_ws/install/rmf_task_ros2/lib:/home/wang/rmf_ws/install/rmf_task/lib:/home/wang/rmf_ws/install/rmf_traffic_ros2/lib:/home/wang/rmf_ws/install/rmf_battery/lib:/home/wang/rmf_ws/install/rmf_websocket/lib:/home/wang/rmf_ws/install/rmf_traffic/lib:/home/wang/rmf_ws/install/rmf_utils/lib:/home/wang/rmf_ws/install/rmf_task_msgs/lib:/home/wang/rmf_ws/install/rmf_ingestor_msgs/lib:/home/wang/rmf_ws/install/rmf_traffic_msgs/lib:/home/wang/rmf_ws/install/rmf_site_map_msgs/lib:/home/wang/rmf_ws/install/rmf_lift_msgs/lib:/home/wang/rmf_ws/install/rmf_fleet_msgs/lib:/home/wang/rmf_ws/install/rmf_door_msgs/lib:/home/wang/rmf_ws/install/rmf_dispenser_msgs/lib:/home/wang/rmf_ws/install/rmf_building_map_msgs/lib:/home/wang/rmf_ws/install/nlohmann_json_schema_validator_vendor/lib:${LD_LIBRARY_PATH} PATH=/home/wang/rmf_ws/install/nlohmann_json_schema_validator_vendor/bin:${PATH} PKG_CONFIG_PATH=/home/wang/rmf_ws/install/rmf_task_sequence/lib/x86_64-linux-gnu/pkgconfig:/home/wang/rmf_ws/install/rmf_task_sequence/lib/pkgconfig:/home/wang/rmf_ws/install/rmf_task/lib/x86_64-linux-gnu/pkgconfig:/home/wang/rmf_ws/install/rmf_task/lib/pkgconfig:/home/wang/rmf_ws/install/rmf_battery/lib/x86_64-linux-gnu/pkgconfig:/home/wang/rmf_ws/install/rmf_battery/lib/pkgconfig:/home/wang/rmf_ws/install/rmf_traffic/lib/x86_64-linux-gnu/pkgconfig:/home/wang/rmf_ws/install/rmf_traffic/lib/pkgconfig:/home/wang/rmf_ws/install/rmf_utils/lib/x86_64-linux-gnu/pkgconfig:/home/wang/rmf_ws/install/rmf_utils/lib/pkgconfig PYTHONPATH=/home/wang/rmf_ws/install/rmf_task_msgs/local/lib/python3.10/dist-packages:/home/wang/rmf_ws/install/rmf_ingestor_msgs/local/lib/python3.10/dist-packages:/home/wang/rmf_ws/install/rmf_traffic_msgs/local/lib/python3.10/dist-packages:/home/wang/rmf_ws/install/rmf_site_map_msgs/local/lib/python3.10/dist-packages:/home/wang/rmf_ws/install/rmf_lift_msgs/local/lib/python3.10/dist-packages:/home/wang/rmf_ws/install/rmf_fleet_msgs/local/lib/python3.10/dist-packages:/home/wang/rmf_ws/install/rmf_door_msgs/local/lib/python3.10/dist-packages:/home/wang/rmf_ws/install/rmf_dispenser_msgs/local/lib/python3.10/dist-packages:/home/wang/rmf_ws/install/rmf_building_map_msgs/local/lib/python3.10/dist-packages:/home/wang/rmf_ws/install/rmf_api_msgs/local/lib/python3.10/dist-packages:${PYTHONPATH} /home/wang/.local/bin/cmake /home/wang/rmf_ws/src/rmf/rmf_ros2/rmf_fleet_adapter -DCMAKE_EXE_LINKER_FLAGS=-fuse-ld=lld -DCMAKE_MODULE_LINKER_FLAGS=-fuse-ld=lld -DCMAKE_SHARED_LINKER_FLAGS=-fuse-ld=lld -DCMAKE_BUILD_TYPE=Release -DCMAKE_INSTALL_PREFIX=/home/wang/rmf_ws/install/rmf_fleet_adapter
[3.559s] Invoking command in '/home/wang/rmf_ws/build/rmf_fleet_adapter': AMENT_PREFIX_PATH=/home/wang/rmf_ws/install/rmf_task_ros2:/home/wang/rmf_ws/install/rmf_traffic_ros2:/home/wang/rmf_ws/install/rmf_websocket:/home/wang/rmf_ws/install/rmf_task_msgs:/home/wang/rmf_ws/install/rmf_ingestor_msgs:/home/wang/rmf_ws/install/rmf_traffic_msgs:/home/wang/rmf_ws/install/rmf_site_map_msgs:/home/wang/rmf_ws/install/rmf_lift_msgs:/home/wang/rmf_ws/install/rmf_fleet_msgs:/home/wang/rmf_ws/install/rmf_door_msgs:/home/wang/rmf_ws/install/rmf_dispenser_msgs:/home/wang/rmf_ws/install/rmf_building_map_msgs:/home/wang/rmf_ws/install/rmf_api_msgs:/home/wang/rmf_ws/install/nlohmann_json_schema_validator_vendor:/home/wang/rmf_ws/install/ament_cmake_catch2:${AMENT_PREFIX_PATH} CMAKE_PREFIX_PATH=/home/wang/rmf_ws/install/rmf_task_sequence:/home/wang/rmf_ws/install/rmf_task_ros2:/home/wang/rmf_ws/install/rmf_task:/home/wang/rmf_ws/install/rmf_traffic_ros2:/home/wang/rmf_ws/install/rmf_battery:/home/wang/rmf_ws/install/rmf_websocket:/home/wang/rmf_ws/install/rmf_traffic:/home/wang/rmf_ws/install/rmf_utils:/home/wang/rmf_ws/install/rmf_task_msgs:/home/wang/rmf_ws/install/rmf_ingestor_msgs:/home/wang/rmf_ws/install/rmf_traffic_msgs:/home/wang/rmf_ws/install/rmf_site_map_msgs:/home/wang/rmf_ws/install/rmf_lift_msgs:/home/wang/rmf_ws/install/rmf_fleet_msgs:/home/wang/rmf_ws/install/rmf_door_msgs:/home/wang/rmf_ws/install/rmf_dispenser_msgs:/home/wang/rmf_ws/install/rmf_building_map_msgs:/home/wang/rmf_ws/install/rmf_api_msgs:/home/wang/rmf_ws/install/nlohmann_json_schema_validator_vendor:/home/wang/rmf_ws/install/ament_cmake_catch2:/opt/ros/humble LD_LIBRARY_PATH=/home/wang/rmf_ws/install/rmf_task_sequence/lib:/home/wang/rmf_ws/install/rmf_task_ros2/lib:/home/wang/rmf_ws/install/rmf_task/lib:/home/wang/rmf_ws/install/rmf_traffic_ros2/lib:/home/wang/rmf_ws/install/rmf_battery/lib:/home/wang/rmf_ws/install/rmf_websocket/lib:/home/wang/rmf_ws/install/rmf_traffic/lib:/home/wang/rmf_ws/install/rmf_utils/lib:/home/wang/rmf_ws/install/rmf_task_msgs/lib:/home/wang/rmf_ws/install/rmf_ingestor_msgs/lib:/home/wang/rmf_ws/install/rmf_traffic_msgs/lib:/home/wang/rmf_ws/install/rmf_site_map_msgs/lib:/home/wang/rmf_ws/install/rmf_lift_msgs/lib:/home/wang/rmf_ws/install/rmf_fleet_msgs/lib:/home/wang/rmf_ws/install/rmf_door_msgs/lib:/home/wang/rmf_ws/install/rmf_dispenser_msgs/lib:/home/wang/rmf_ws/install/rmf_building_map_msgs/lib:/home/wang/rmf_ws/install/nlohmann_json_schema_validator_vendor/lib:${LD_LIBRARY_PATH} PATH=/home/wang/rmf_ws/install/nlohmann_json_schema_validator_vendor/bin:${PATH} PKG_CONFIG_PATH=/home/wang/rmf_ws/install/rmf_task_sequence/lib/x86_64-linux-gnu/pkgconfig:/home/wang/rmf_ws/install/rmf_task_sequence/lib/pkgconfig:/home/wang/rmf_ws/install/rmf_task/lib/x86_64-linux-gnu/pkgconfig:/home/wang/rmf_ws/install/rmf_task/lib/pkgconfig:/home/wang/rmf_ws/install/rmf_battery/lib/x86_64-linux-gnu/pkgconfig:/home/wang/rmf_ws/install/rmf_battery/lib/pkgconfig:/home/wang/rmf_ws/install/rmf_traffic/lib/x86_64-linux-gnu/pkgconfig:/home/wang/rmf_ws/install/rmf_traffic/lib/pkgconfig:/home/wang/rmf_ws/install/rmf_utils/lib/x86_64-linux-gnu/pkgconfig:/home/wang/rmf_ws/install/rmf_utils/lib/pkgconfig PYTHONPATH=/home/wang/rmf_ws/install/rmf_task_msgs/local/lib/python3.10/dist-packages:/home/wang/rmf_ws/install/rmf_ingestor_msgs/local/lib/python3.10/dist-packages:/home/wang/rmf_ws/install/rmf_traffic_msgs/local/lib/python3.10/dist-packages:/home/wang/rmf_ws/install/rmf_site_map_msgs/local/lib/python3.10/dist-packages:/home/wang/rmf_ws/install/rmf_lift_msgs/local/lib/python3.10/dist-packages:/home/wang/rmf_ws/install/rmf_fleet_msgs/local/lib/python3.10/dist-packages:/home/wang/rmf_ws/install/rmf_door_msgs/local/lib/python3.10/dist-packages:/home/wang/rmf_ws/install/rmf_dispenser_msgs/local/lib/python3.10/dist-packages:/home/wang/rmf_ws/install/rmf_building_map_msgs/local/lib/python3.10/dist-packages:/home/wang/rmf_ws/install/rmf_api_msgs/local/lib/python3.10/dist-packages:${PYTHONPATH} /home/wang/.local/bin/cmake --build /home/wang/rmf_ws/build/rmf_fleet_adapter -- -j16 -l16
[3.604s] [  1%] [32mBuilding CXX object rmf_rxcpp/CMakeFiles/rmf_rxcpp_example_plan_path.dir/examples/PlanPath.cpp.o[0m
[3.605s] [  2%] [32mBuilding CXX object CMakeFiles/robot_state_aggregator_main.dir/src/robot_state_aggregator/RobotStateAggregator.cpp.o[0m
[3.605s] [  3%] [32mBuilding CXX object rmf_rxcpp/CMakeFiles/test_rmf_rxcpp.dir/test/main.cpp.o[0m
[3.605s] [  4%] [32mBuilding CXX object rmf_rxcpp/CMakeFiles/test_rmf_rxcpp.dir/test/test_RxJobs.cpp.o[0m
[3.605s] [  5%] [32mBuilding CXX object rmf_rxcpp/CMakeFiles/test_rmf_rxcpp.dir/test/test_Transport.cpp.o[0m
[3.609s] [  6%] [32mBuilding CXX object CMakeFiles/experimental_lift_watchdog.dir/src/experimental_lift_watchdog/main.cpp.o[0m
[3.640s] [  8%] [32mBuilding CXX object CMakeFiles/rmf_fleet_adapter.dir/src/rmf_fleet_adapter/LegacyTask.cpp.o[0m
[3.641s] [  8%] [32mBuilding CXX object CMakeFiles/rmf_fleet_adapter.dir/src/rmf_fleet_adapter/Negotiator.cpp.o[0m
[3.641s] [ 10%] [32mBuilding CXX object CMakeFiles/rmf_fleet_adapter.dir/src/rmf_fleet_adapter/Reporting.cpp.o[0m
[3.641s] [ 10%] [32mBuilding CXX object CMakeFiles/rmf_fleet_adapter.dir/src/rmf_fleet_adapter/ParseArgs.cpp.o[0m
[3.641s] [ 11%] [32mBuilding CXX object CMakeFiles/rmf_fleet_adapter.dir/src/rmf_fleet_adapter/ScheduleManager.cpp.o[0m
[3.641s] [ 12%] [32mBuilding CXX object CMakeFiles/rmf_fleet_adapter.dir/src/rmf_fleet_adapter/TaskManager.cpp.o[0m
[3.641s] [ 13%] [32mBuilding CXX object CMakeFiles/rmf_fleet_adapter.dir/src/rmf_fleet_adapter/agv/Adapter.cpp.o[0m
[3.643s] [ 14%] [32mBuilding CXX object CMakeFiles/rmf_fleet_adapter.dir/src/rmf_fleet_adapter/agv/EasyTrafficLight.cpp.o[0m
[3.644s] [ 15%] [32mBuilding CXX object CMakeFiles/rmf_fleet_adapter.dir/src/rmf_fleet_adapter/agv/FleetUpdateHandle.cpp.o[0m
[3.657s] [ 15%] [32mBuilding CXX object CMakeFiles/rmf_fleet_adapter.dir/src/rmf_fleet_adapter/agv/Node.cpp.o[0m
[4.434s] [ 16%] [32mBuilding CXX object CMakeFiles/rmf_fleet_adapter.dir/src/rmf_fleet_adapter/agv/RobotContext.cpp.o[0m
[7.088s] [1m/home/wang/rmf_ws/src/rmf/rmf_ros2/rmf_fleet_adapter/src/rmf_fleet_adapter/ScheduleManager.cpp:75:16: [0m[0;1;35mwarning: [0m[1m'delay' is deprecated: Use cumulative_delay instead [-Wdeprecated-declarations][0m
[7.088s]   _participant.delay(duration);
[7.088s] [0;1;32m               ^
[7.088s] [0m[1m/home/wang/rmf_ws/install/rmf_traffic/include/rmf_traffic/schedule/Participant.hpp:80:5: [0m[0;1;30mnote: [0m'delay' has been explicitly marked deprecated here[0m
[7.088s]   [[deprecated("Use cumulative_delay instead")]]
[7.088s] [0;1;32m    ^
[7.645s] [0mIn file included from /home/wang/rmf_ws/src/rmf/rmf_ros2/rmf_fleet_adapter/src/experimental_lift_watchdog/main.cpp:18:
[7.646s] In file included from /opt/ros/humble/include/rclcpp/rclcpp/node.hpp:40:
[7.646s] In file included from /opt/ros/humble/include/rclcpp/rclcpp/callback_group.hpp:29:
[7.646s] In file included from /opt/ros/humble/include/rclcpp/rclcpp/subscription_base.hpp:32:
[7.646s] [1m/opt/ros/humble/include/rclcpp/rclcpp/any_subscription_callback.hpp:391:7: [0m[0;1;35mwarning: [0m[1m'set_deprecated' is deprecated: use 'void(std::shared_ptr<const MessageT>)' instead [-Wdeprecated-declarations][0m
[7.646s]       set_deprecated(static_cast<typename scbth::callback_type>(callback));
[7.647s] [0;1;32m      ^
[7.647s] [0m[1m/opt/ros/humble/include/rclcpp/rclcpp/subscription_factory.hpp:94:29: [0m[0;1;30mnote: [0min instantiation of function template specialization 'rclcpp::AnySubscriptionCallback<std_msgs::msg::Bool_<std::allocator<void>>>::set<(lambda at /home/wang/rmf_ws/src/rmf/rmf_ros2/rmf_fleet_adapter/src/experimental_lift_watchdog/main.cpp:47:7)>' requested here[0m
[7.647s]   any_subscription_callback.set(std::forward<CallbackT>(callback));
[7.647s] [0;1;32m                            ^
[7.648s] [0m[1m/opt/ros/humble/include/rclcpp/rclcpp/create_subscription.hpp:122:26: [0m[0;1;30mnote: [0min instantiation of function template specialization 'rclcpp::create_subscription_factory<std_msgs::msg::Bool_<std::allocator<void>>, (lambda at /home/wang/rmf_ws/src/rmf/rmf_ros2/rmf_fleet_adapter/src/experimental_lift_watchdog/main.cpp:47:7), std::allocator<void>, rclcpp::Subscription<std_msgs::msg::Bool_<std::allocator<void>>, std::allocator<void>, std_msgs::msg::Bool_<std::allocator<void>>, std_msgs::msg::Bool_<std::allocator<void>>>, rclcpp::message_memory_strategy::MessageMemoryStrategy<std_msgs::msg::Bool_<std::allocator<void>>>, std_msgs::msg::Bool_<std::allocator<void>>>' requested here[0m
[7.648s]   auto factory = rclcpp::create_subscription_factory<MessageT>(
[7.648s] [0;1;32m                         ^
[7.648s] [0m[1m/opt/ros/humble/include/rclcpp/rclcpp/create_subscription.hpp:190:26: [0m[0;1;30mnote: [0min instantiation of function template specialization 'rclcpp::detail::create_subscription<std_msgs::msg::Bool_<std::allocator<void>>, (lambda at /home/wang/rmf_ws/src/rmf/rmf_ros2/rmf_fleet_adapter/src/experimental_lift_watchdog/main.cpp:47:7), std::allocator<void>, rclcpp::Subscription<std_msgs::msg::Bool_<std::allocator<void>>, std::allocator<void>, std_msgs::msg::Bool_<std::allocator<void>>, std_msgs::msg::Bool_<std::allocator<void>>>, rclcpp::message_memory_strategy::MessageMemoryStrategy<std_msgs::msg::Bool_<std::allocator<void>>>, rclcpp::Node, rclcpp::Node, std_msgs::msg::Bool_<std::allocator<void>>>' requested here[0m
[7.648s]   return rclcpp::detail::create_subscription<
[7.648s] [0;1;32m                         ^
[7.648s] [0m[1m/opt/ros/humble/include/rclcpp/rclcpp/node_impl.hpp:99:18: [0m[0;1;30mnote: [0min instantiation of function template specialization 'rclcpp::create_subscription<std_msgs::msg::Bool_<std::allocator<void>>, (lambda at /home/wang/rmf_ws/src/rmf/rmf_ros2/rmf_fleet_adapter/src/experimental_lift_watchdog/main.cpp:47:7), std::allocator<void>, rclcpp::Subscription<std_msgs::msg::Bool_<std::allocator<void>>, std::allocator<void>, std_msgs::msg::Bool_<std::allocator<void>>, std_msgs::msg::Bool_<std::allocator<void>>>, rclcpp::message_memory_strategy::MessageMemoryStrategy<std_msgs::msg::Bool_<std::allocator<void>>>, rclcpp::Node>' requested here[0m
[7.648s]   return rclcpp::create_subscription<MessageT>(
[7.648s] [0;1;32m                 ^
[7.648s] [0m[1m/home/wang/rmf_ws/src/rmf/rmf_ros2/rmf_fleet_adapter/src/experimental_lift_watchdog/main.cpp:45:31: [0m[0;1;30mnote: [0min instantiation of function template specialization 'rclcpp::Node::create_subscription<std_msgs::msg::Bool_<std::allocator<void>>, (lambda at /home/wang/rmf_ws/src/rmf/rmf_ros2/rmf_fleet_adapter/src/experimental_lift_watchdog/main.cpp:47:7), std::allocator<void>, rclcpp::Subscription<std_msgs::msg::Bool_<std::allocator<void>>, std::allocator<void>, std_msgs::msg::Bool_<std::allocator<void>>, std_msgs::msg::Bool_<std::allocator<void>>>, rclcpp::message_memory_strategy::MessageMemoryStrategy<std_msgs::msg::Bool_<std::allocator<void>>>>' requested here[0m
[7.649s]     permission_subscription = create_subscription<std_msgs::msg::Bool>(
[7.649s] [0;1;32m                              ^
[7.649s] [0m[1m/opt/ros/humble/include/rclcpp/rclcpp/any_subscription_callback.hpp:408:3: [0m[0;1;30mnote: [0m'set_deprecated' has been explicitly marked deprecated here[0m
[7.649s]   set_deprecated(std::function<void(std::shared_ptr<SetT>)> callback)
[7.649s] [0;1;32m  ^
[7.649s] [0m[1m/opt/ros/humble/include/rclcpp/rclcpp/any_subscription_callback.hpp:391:7: [0m[0;1;35mwarning: [0m[1m'set_deprecated<std_msgs::msg::Bool_<std::allocator<void>>>' is deprecated: use 'void(std::shared_ptr<const MessageT>)' instead [-Wdeprecated-declarations][0m
[7.649s]       set_deprecated(static_cast<typename scbth::callback_type>(callback));
[7.649s] [0;1;32m      ^
[7.649s] [0m[1m/opt/ros/humble/include/rclcpp/rclcpp/any_subscription_callback.hppIn file included from /home/wang/rmf_ws/src/rmf/rmf_ros2/rmf_fleet_adapter/src/rmf_fleet_adapter/ScheduleManager.cpp::18:
[7.650s] [1m405:5/home/wang/rmf_ws/src/rmf/rmf_ros2/rmf_fleet_adapter/src/rmf_fleet_adapter/ScheduleManager.hpp:78::17:  [0m[0;1;30m[0m[0;1;35mwarning: note: [0m[1mprivate field '_node' is not used [-Wunused-private-field][0m
[7.650s]   rclcpp::Node* _node;
[7.650s] [0;1;32m                ^
[7.650s] [0m[0m'set_deprecated<std_msgs::msg::Bool_<std::allocator<void>>>' has been explicitly marked deprecated here[0m
[7.650s]   [[deprecated("use 'void(std::shared_ptr<const MessageT>)' instead")]]
[7.650s] [0;1;32m    ^
[8.707s] [0m2 warnings generated.
[8.748s] [ 17%] [32mBuilding CXX object CMakeFiles/rmf_fleet_adapter.dir/src/rmf_fleet_adapter/agv/RobotUpdateHandle.cpp.o[0m
[10.504s] [ 18%] [32mBuilding CXX object CMakeFiles/rmf_fleet_adapter.dir/src/rmf_fleet_adapter/agv/Waypoint.cpp.o[0m
[10.623s] In file included from /home/wang/rmf_ws/src/rmf/rmf_ros2/rmf_fleet_adapter/rmf_rxcpp/test/test_Transport.cpp:20:
[10.623s] In file included from /home/wang/rmf_ws/src/rmf/rmf_ros2/rmf_fleet_adapter/rmf_rxcpp/include/rmf_rxcpp/Transport.hpp:21:
[10.624s] In file included from /home/wang/rmf_ws/src/rmf/rmf_ros2/rmf_fleet_adapter/rmf_rxcpp/include/rmf_rxcpp/detail/TransportDetail.hpp:21:
[10.624s] In file included from /opt/ros/humble/include/rclcpp/rclcpp/rclcpp.hpp:155:
[10.624s] In file included from /opt/ros/humble/include/rclcpp/rclcpp/executors.hpp:21:
[10.624s] In file included from /opt/ros/humble/include/rclcpp/rclcpp/executors/multi_threaded_executor.hpp:25:
[10.624s] In file included from /opt/ros/humble/include/rclcpp/rclcpp/executor.hpp:37:
[10.625s] In file included from /opt/ros/humble/include/rclcpp/rclcpp/executor_options.hpp:20:
[10.625s] In file included from /opt/ros/humble/include/rclcpp/rclcpp/memory_strategies.hpp:18:
[10.625s] In file included from /opt/ros/humble/include/rclcpp/rclcpp/memory_strategy.hpp:25:
[10.625s] In file included from /opt/ros/humble/include/rclcpp/rclcpp/any_executable.hpp:20:
[10.626s] In file included from /opt/ros/humble/include/rclcpp/rclcpp/callback_group.hpp:29:
[10.626s] In file included from /opt/ros/humble/include/rclcpp/rclcpp/subscription_base.hpp:32:
[10.626s] [1m/opt/ros/humble/include/rclcpp/rclcpp/any_subscription_callback.hpp:391:7: [0m[0;1;35mwarning: [0m[1m'set_deprecated' is deprecated: use 'void(std::shared_ptr<const MessageT>)' instead [-Wdeprecated-declarations][0m
[10.626s]       set_deprecated(static_cast<typename scbth::callback_type>(callback));
[10.626s] [0;1;32m      ^
[10.626s] [0m[1m/opt/ros/humble/include/rclcpp/rclcpp/subscription_factory.hpp:94:29: [0m[0;1;30mnote: [0min instantiation of function template specialization 'rclcpp::AnySubscriptionCallback<std_msgs::msg::String_<std::allocator<void>>>::set<(lambda at /home/wang/rmf_ws/src/rmf/rmf_ros2/rmf_fleet_adapter/rmf_rxcpp/include/rmf_rxcpp/Transport.hpp:146:7)>' requested here[0m
[10.626s]   any_subscription_callback.set(std::forward<CallbackT>(callback));
[10.626s] [0;1;32m                            ^
[10.626s] [0m[1m/opt/ros/humble/include/rclcpp/rclcpp/create_subscription.hpp:122:26: [0m[0;1;30mnote: [0min instantiation of function template specialization 'rclcpp::create_subscription_factory<std_msgs::msg::String_<std::allocator<void>>, (lambda at /home/wang/rmf_ws/src/rmf/rmf_ros2/rmf_fleet_adapter/rmf_rxcpp/include/rmf_rxcpp/Transport.hpp:146:7), std::allocator<void>, rclcpp::Subscription<std_msgs::msg::String_<std::allocator<void>>, std::allocator<void>, std_msgs::msg::String_<std::allocator<void>>, std_msgs::msg::String_<std::allocator<void>>>, rclcpp::message_memory_strategy::MessageMemoryStrategy<std_msgs::msg::String_<std::allocator<void>>>, std_msgs::msg::String_<std::allocator<void>>>' requested here[0m
[10.627s]   auto factory = rclcpp::create_subscription_factory<MessageT>(
[10.627s] [0;1;32m                         ^
[10.627s] [0m[1m/opt/ros/humble/include/rclcpp/rclcpp/create_subscription.hpp:190:26: [0m[0;1;30mnote: [0min instantiation of function template specialization 'rclcpp::detail::create_subscription<std_msgs::msg::String_<std::allocator<void>>, (lambda at /home/wang/rmf_ws/src/rmf/rmf_ros2/rmf_fleet_adapter/rmf_rxcpp/include/rmf_rxcpp/Transport.hpp:146:7), std::allocator<void>, rclcpp::Subscription<std_msgs::msg::String_<std::allocator<void>>, std::allocator<void>, std_msgs::msg::String_<std::allocator<void>>, std_msgs::msg::String_<std::allocator<void>>>, rclcpp::message_memory_strategy::MessageMemoryStrategy<std_msgs::msg::String_<std::allocator<void>>>, rclcpp::Node, rclcpp::Node, std_msgs::msg::String_<std::allocator<void>>>' requested here[0m
[10.627s]   return rclcpp::detail::create_subscription<
[10.627s] [0;1;32m                         ^
[10.627s] [0m[1m/opt/ros/humble/include/rclcpp/rclcpp/node_impl.hpp:99:18: [0m[0;1;30mnote: [0min instantiation of function template specialization 'rclcpp::create_subscription<std_msgs::msg::String_<std::allocator<void>>, (lambda at /home/wang/rmf_ws/src/rmf/rmf_ros2/rmf_fleet_adapter/rmf_rxcpp/include/rmf_rxcpp/Transport.hpp:146:7), std::allocator<void>, rclcpp::Subscription<std_msgs::msg::String_<std::allocator<void>>, std::allocator<void>, std_msgs::msg::String_<std::allocator<void>>, std_msgs::msg::String_<std::allocator<void>>>, rclcpp::message_memory_strategy::MessageMemoryStrategy<std_msgs::msg::String_<std::allocator<void>>>, rclcpp::Node>' requested here[0m
[10.627s]   return rclcpp::create_subscription<MessageT>(
[10.627s] [0;1;32m                 ^
[10.627s] [0m[1m/home/wang/rmf_ws/src/rmf/rmf_ros2/rmf_fleet_adapter/rmf_rxcpp/include/rmf_rxcpp/Transport.hpp:144:27: [0m[0;1;30mnote: [0min instantiation of function template specialization 'rclcpp::Node::create_subscription<std_msgs::msg::String_<std::allocator<void>>, (lambda at /home/wang/rmf_ws/src/rmf/rmf_ros2/rmf_fleet_adapter/rmf_rxcpp/include/rmf_rxcpp/Transport.hpp:146:7), std::allocator<void>, rclcpp::Subscription<std_msgs::msg::String_<std::allocator<void>>, std::allocator<void>, std_msgs::msg::String_<std::allocator<void>>, std_msgs::msg::String_<std::allocator<void>>>, rclcpp::message_memory_strategy::MessageMemoryStrategy<std_msgs::msg::String_<std::allocator<void>>>>' requested here[0m
[10.627s]     _subscription = node->create_subscription<Message>(
[10.627s] [0;1;32m                          ^
[10.627s] [0m[1m/usr/bin/../lib/gcc/x86_64-linux-gnu/12/../../../../include/c++/12/bits/stl_construct.h:119:25: [0m[0;1;30mnote: [0m(skipping 4 contexts in backtrace; use -ftemplate-backtrace-limit=0 to see all)[0m
[10.628s]       ::new((void*)__p) _Tp(std::forward<_Args>(__args)...);
[10.628s] [0;1;32m                        ^
[10.628s] [0m[1m/usr/bin/../lib/gcc/x86_64-linux-gnu/12/../../../../include/c++/12/bits/shared_ptr_base.h:1712:14: [0m[0;1;30mnote: [0min instantiation of function template specialization 'std::__shared_count<__gnu_cxx::_S_atomic>::__shared_count<rmf_rxcpp::SubscriptionBridge<std_msgs::msg::String_<std::allocator<void>>>, std::allocator<void>, std::shared_ptr<rclcpp::Node>, const std::basic_string<char> &, const rclcpp::QoS &>' requested here[0m
[10.628s]         : _M_ptr(), _M_refcount(_M_ptr, __tag, std::forward<_Args>(__args)...)
[10.628s] [0;1;32m                    ^
[10.628s] [0m[1m/usr/bin/../lib/gcc/x86_64-linux-gnu/12/../../../../include/c++/12/bits/shared_ptr.h:464:4: [0m[0;1;30mnote: [0min instantiation of function template specialization 'std::__shared_ptr<rmf_rxcpp::SubscriptionBridge<std_msgs::msg::String_<std::allocator<void>>>, __gnu_cxx::_S_atomic>::__shared_ptr<std::allocator<void>, std::shared_ptr<rclcpp::Node>, const std::basic_string<char> &, const rclcpp::QoS &>' requested here[0m
[10.628s]         : __shared_ptr<_Tp>(__tag, std::forward<_Args>(__args)...)
[10.628s] [0;1;32m          ^
[10.628s] [0m[1m/usr/bin/../lib/gcc/x86_64-linux-gnu/12/../../../../include/c++/12/bits/shared_ptr.h:1009:14: [0m[0;1;30mnote: [0min instantiation of function template specialization 'std::shared_ptr<rmf_rxcpp::SubscriptionBridge<std_msgs::msg::String_<std::allocator<void>>>>::shared_ptr<std::allocator<void>, std::shared_ptr<rclcpp::Node>, const std::basic_string<char> &, const rclcpp::QoS &>' requested here[0m
[10.628s]       return shared_ptr<_Tp>(_Sp_alloc_shared_tag<_Alloc>{__a},
[10.628s] [0;1;32m             ^
[10.628s] [0m[1m/home/wang/rmf_ws/src/rmf/rmf_ros2/rmf_fleet_adapter/rmf_rxcpp/include/rmf_rxcpp/Transport.hpp:262:17: [0m[0;1;30mnote: [0min instantiation of function template specialization 'std::make_shared<rmf_rxcpp::SubscriptionBridge<std_msgs::msg::String_<std::allocator<void>>>, std::shared_ptr<rclcpp::Node>, const std::basic_string<char> &, const rclcpp::QoS &>' requested here[0m
[10.628s]     return std::make_shared<
[10.629s] [0;1;32m                ^
[10.629s] [0m[1m/home/wang/rmf_ws/src/rmf/rmf_ros2/rmf_fleet_adapter/rmf_rxcpp/test/test_Transport.cpp:86:16: [0m[0;1;30mnote: [0min instantiation of function template specialization 'rmf_rxcpp::Transport::create_observable<std_msgs::msg::String_<std::allocator<void>>>' requested here[0m
[10.629s]     transport->create_observable<std_msgs::msg::String>(topic_name, 10);
[10.629s] [0;1;32m               ^
[10.629s] [0m[1m/opt/ros/humble/include/rclcpp/rclcpp/any_subscription_callback.hpp:408:3: [0m[0;1;30mnote: [0m'set_deprecated' has been explicitly marked deprecated here[0m
[10.629s]   set_deprecated(std::function<void(std::shared_ptr<SetT>)> callback)
[10.629s] [0;1;32m  ^
[10.629s] [0m[1m/opt/ros/humble/include/rclcpp/rclcpp/any_subscription_callback.hpp:391:7: [0m[0;1;35mwarning: [0m[1m'set_deprecated<std_msgs::msg::String_<std::allocator<void>>>' is deprecated: use 'void(std::shared_ptr<const MessageT>)' instead [-Wdeprecated-declarations][0m
[10.629s]       set_deprecated(static_cast<typename scbth::callback_type>(callback));
[10.629s] [0;1;32m      ^
[10.629s] [0m[1m/opt/ros/humble/include/rclcpp/rclcpp/any_subscription_callback.hpp:405:5: [0m[0;1;30mnote: [0m'set_deprecated<std_msgs::msg::String_<std::allocator<void>>>' has been explicitly marked deprecated here[0m
[10.629s]   [[deprecated("use 'void(std::shared_ptr<const MessageT>)' instead")]]
[10.629s] [0;1;32m    ^
[10.731s] [0m[1m/home/wang/rmf_ws/src/rmf/rmf_ros2/rmf_fleet_adapter/src/robot_state_aggregator/RobotStateAggregator.cpp:118:8: [0m[0;1;35mwarning: [0m[1mprivate field '_active_node' is not used [-Wunused-private-field][0m
[10.731s]   bool _active_node;
[10.731s] [0;1;32m       ^
[10.731s] [0m[1m/home/wang/rmf_ws/src/rmf/rmf_ros2/rmf_fleet_adapter/src/robot_state_aggregator/RobotStateAggregator.cpp:122:8: [0m[0;1;35mwarning: [0m[1mprivate field '_failover_mode' is not used [-Wunused-private-field][0m
[10.732s]   bool _failover_mode;
[10.732s] [0;1;32m       ^
[12.126s] [ 19%] [32mBuilding CXX object CMakeFiles/rmf_fleet_adapter.dir/src/rmf_fleet_adapter/agv/parse_graph.cpp.o[0m
[13.054s] [ 20%] [32mBuilding CXX object CMakeFiles/rmf_fleet_adapter.dir/src/rmf_fleet_adapter/agv/test/MockAdapter.cpp.o[0m
[14.113s] [0m[1m/home/wang/rmf_ws/src/rmf/rmf_ros2/rmf_fleet_adapter/src/rmf_fleet_adapter/TaskManager.cpp:958:17: [0m[0;1;35mwarning: [0m[1m'current_mode' is deprecated [-Wdeprecated-declarations][0m
[14.113s]       _context->current_mode())
[14.113s] [0;1;32m                ^
[14.113s] [0m[1m/home/wang/rmf_ws/src/rmf/rmf_ros2/rmf_fleet_adapter/src/rmf_fleet_adapter/events/../agv/RobotContext.hpp:211:5: [0m[0;1;30mnote: [0m'current_mode' has been explicitly marked deprecated here[0m
[14.113s]   [[deprecated]]
[14.114s] [0;1;32m    ^
[15.801s] [0m[1m/home/wang/rmf_ws/src/rmf/rmf_ros2/rmf_fleet_adapter/src/rmf_fleet_adapter/agv/FleetUpdateHandle.cpp:1697:13: [0m[0;1;35mwarning: [0m[1mformat specifies type 'int' but the argument has type 'std::size_t' (aka 'unsigned long') [-Wformat][0m
[15.801s]             request.lane_index(),
[15.802s] [0;1;32m            ^~~~~~~~~~~~~~~~~~~~
[15.802s] [0m[1m/opt/ros/humble/include/rclcpp/rclcpp/logging.hpp:972:7: [0m[0;1;30mnote: [0mexpanded from macro 'RCLCPP_WARN'[0m
[15.802s]       __VA_ARGS__); \
[15.802s] [0;1;32m      ^~~~~~~~~~~
[15.802s] [0m[1m/opt/ros/humble/include/rcutils/rcutils/logging_macros.h:750:5: [0m[0;1;30mnote: [0mexpanded from macro 'RCUTILS_LOG_WARN_NAMED'[0m
[15.802s]     __VA_ARGS__)
[15.802s] [0;1;32m    ^~~~~~~~~~~
[15.802s] [0m[1m/opt/ros/humble/include/rcutils/rcutils/logging_macros.h:72:64: [0m[0;1;30mnote: [0mexpanded from macro 'RCUTILS_LOG_COND_NAMED'[0m
[15.803s]       rcutils_log(&__rcutils_logging_location, severity, name, __VA_ARGS__); \
[15.803s] [0;1;32m                                                               ^~~~~~~~~~~
[15.803s] [0m[1m/home/wang/rmf_ws/src/rmf/rmf_ros2/rmf_fleet_adapter/rmf_rxcpp/RxCpp-4.1.0/Rx/v2/src/rxcpp/rx-scheduler.hpp:186:40: [0m[0;1;30mnote: [0min instantiation of function template specialization 'rmf_fleet_adapter::agv::FleetUpdateHandle::limit_lane_speeds(std::vector<SpeedLimitRequest>)::(anonymous class)::operator()<rxcpp::schedulers::schedulable>' requested here[0m
[15.803s]     static auto check(int) -> decltype((*(CF*)nullptr)(*(schedulable*)nullptr));
[15.803s] [0;1;32m                                       ^
[15.803s] [0m[1m/home/wang/rmf_ws/src/rmf/rmf_ros2/rmf_fleet_adapter/rmf_rxcpp/RxCpp-4.1.0/Rx/v2/src/rxcpp/rx-scheduler.hpp:190:53: [0m[0;1;30mnote: [0mwhile substituting explicitly-specified template arguments into function template 'check' [0m
[15.803s]     static const bool value = std::is_same<decltype(check<rxu::decay_t<F>>(0)), void>::value;
[15.803s] [0;1;32m                                                    ^
[15.803s] [0m[1m/home/wang/rmf_ws/src/rmf/rmf_ros2/rmf_fleet_adapter/rmf_rxcpp/RxCpp-4.1.0/Rx/v2/src/rxcpp/rx-scheduler.hpp:803:18: [0m[0;1;30mnote: [0min instantiation of template class 'rxcpp::schedulers::detail::is_action_function<(lambda at /home/wang/rmf_ws/src/rmf/rmf_ros2/rmf_fleet_adapter/src/rmf_fleet_adapter/agv/FleetUpdateHandle.cpp:1675:5)>' requested here[0m
[15.803s]         (detail::is_action_function<Arg0>::value ||
[15.804s] [0;1;32m                 ^
[15.804s] [0m[1m/home/wang/rmf_ws/src/rmf/rmf_ros2/rmf_fleet_adapter/src/rmf_fleet_adapter/agv/FleetUpdateHandle.cpp:1674:18: [0m[0;1;30mnote: [0mwhile substituting deduced template arguments into function template 'schedule' [with Arg0 = (lambda at /home/wang/rmf_ws/src/rmf/rmf_ros2/rmf_fleet_adapter/src/rmf_fleet_adapter/agv/FleetUpdateHandle.cpp:1675:5), ArgN = <>][0m
[15.804s]   _pimpl->worker.schedule(
[15.804s] [0;1;32m                 ^
[16.041s] [ 21%] [32mBuilding CXX object CMakeFiles/rmf_fleet_adapter.dir/src/rmf_fleet_adapter/estimation.cpp.o[0m
[18.742s] [ 22%] [32mBuilding CXX object CMakeFiles/rmf_fleet_adapter.dir/src/rmf_fleet_adapter/events/EmergencyPullover.cpp.o[0m
[19.926s] [ 23%] [32m[1mLinking CXX executable rmf_rxcpp_example_plan_path[0m
[20.104s] [ 23%] Built target rmf_rxcpp_example_plan_path
[20.129s] [ 24%] [32mBuilding CXX object CMakeFiles/rmf_fleet_adapter.dir/src/rmf_fleet_adapter/events/Error.cpp.o[0m
[20.566s] [0m2 warnings generated.
[20.611s] [ 25%] [32m[1mLinking CXX executable experimental_lift_watchdog[0m
[20.862s] [ 25%] Built target experimental_lift_watchdog
[20.890s] [ 26%] [32mBuilding CXX object CMakeFiles/rmf_fleet_adapter.dir/src/rmf_fleet_adapter/events/ExecutePlan.cpp.o[0m
[22.256s] 2 warnings generated.
[22.310s] [ 27%] [32m[1mLinking CXX shared library librobot_state_aggregator_main.so[0m
[22.500s] [ 27%] Built target robot_state_aggregator_main
[22.525s] [ 28%] [32mBuilding CXX object CMakeFiles/rmf_fleet_adapter.dir/src/rmf_fleet_adapter/events/GoToPlace.cpp.o[0m
[24.410s] [ 29%] [32mBuilding CXX object CMakeFiles/rmf_fleet_adapter.dir/src/rmf_fleet_adapter/events/LegacyPhaseShim.cpp.o[0m
[24.762s] [ 30%] [32mBuilding CXX object CMakeFiles/robot_state_aggregator.dir/src/robot_state_aggregator/main.cpp.o[0m
[26.671s] [ 31%] [32mBuilding CXX object CMakeFiles/rmf_fleet_adapter.dir/src/rmf_fleet_adapter/events/PerformAction.cpp.o[0m
[30.237s] [ 32%] [32mBuilding CXX object CMakeFiles/rmf_fleet_adapter.dir/src/rmf_fleet_adapter/events/ResponsiveWait.cpp.o[0m
[30.465s] 2 warnings generated.
[30.488s] [ 33%] [32mBuilding CXX object CMakeFiles/rmf_fleet_adapter.dir/src/rmf_fleet_adapter/events/WaitForTraffic.cpp.o[0m
[30.808s] [ 34%] [32m[1mLinking CXX executable test_rmf_rxcpp[0m
[31.061s] [ 34%] Built target test_rmf_rxcpp
[31.086s] [ 35%] [32mBuilding CXX object CMakeFiles/rmf_fleet_adapter.dir/src/rmf_fleet_adapter/events/WaitUntil.cpp.o[0m
[31.159s] [ 36%] [32m[1mLinking CXX executable robot_state_aggregator[0m
[31.342s] [ 36%] Built target robot_state_aggregator
[31.370s] [ 37%] [32mBuilding CXX object CMakeFiles/rmf_fleet_adapter.dir/src/rmf_fleet_adapter/jobs/Planning.cpp.o[0m
[32.223s] [ 38%] [32mBuilding CXX object CMakeFiles/rmf_fleet_adapter.dir/src/rmf_fleet_adapter/jobs/Rollout.cpp.o[0m
[36.047s] [ 38%] [32mBuilding CXX object CMakeFiles/rmf_fleet_adapter.dir/src/rmf_fleet_adapter/jobs/SearchForPath.cpp.o[0m
[36.951s] [ 39%] [32mBuilding CXX object CMakeFiles/rmf_fleet_adapter.dir/src/rmf_fleet_adapter/load_param.cpp.o[0m
[37.203s] [ 40%] [32mBuilding CXX object CMakeFiles/rmf_fleet_adapter.dir/src/rmf_fleet_adapter/make_trajectory.cpp.o[0m
[37.542s] [ 41%] [32mBuilding CXX object CMakeFiles/rmf_fleet_adapter.dir/src/rmf_fleet_adapter/phases/DispenseItem.cpp.o[0m
[40.918s] [ 42%] [32mBuilding CXX object CMakeFiles/rmf_fleet_adapter.dir/src/rmf_fleet_adapter/phases/DockRobot.cpp.o[0m
[41.450s] 1 warning generated.
[41.506s] [ 43%] [32mBuilding CXX object CMakeFiles/rmf_fleet_adapter.dir/src/rmf_fleet_adapter/phases/DoorClose.cpp.o[0m
[42.958s] [ 44%] [32mBuilding CXX object CMakeFiles/rmf_fleet_adapter.dir/src/rmf_fleet_adapter/phases/DoorOpen.cpp.o[0m
[43.352s] 1 warning generated.
[43.419s] [ 45%] [32mBuilding CXX object CMakeFiles/rmf_fleet_adapter.dir/src/rmf_fleet_adapter/phases/EndLiftSession.cpp.o[0m
[43.734s] [ 46%] [32mBuilding CXX object CMakeFiles/rmf_fleet_adapter.dir/src/rmf_fleet_adapter/phases/IngestItem.cpp.o[0m
[44.074s] [ 47%] [32mBuilding CXX object CMakeFiles/rmf_fleet_adapter.dir/src/rmf_fleet_adapter/phases/MoveRobot.cpp.o[0m
[44.086s] [ 48%] [32mBuilding CXX object CMakeFiles/rmf_fleet_adapter.dir/src/rmf_fleet_adapter/phases/RequestLift.cpp.o[0m
[44.962s] [ 49%] [32mBuilding CXX object CMakeFiles/rmf_fleet_adapter.dir/src/rmf_fleet_adapter/phases/SupervisorHasSession.cpp.o[0m
[45.495s] [ 50%] [32mBuilding CXX object CMakeFiles/rmf_fleet_adapter.dir/src/rmf_fleet_adapter/phases/Utils.cpp.o[0m
[46.026s] [ 51%] [32mBuilding CXX object CMakeFiles/rmf_fleet_adapter.dir/src/rmf_fleet_adapter/phases/WaitForCharge.cpp.o[0m
[46.450s] [ 52%] [32mBuilding CXX object CMakeFiles/rmf_fleet_adapter.dir/src/rmf_fleet_adapter/project_itinerary.cpp.o[0m
[46.566s] [ 53%] [32mBuilding CXX object CMakeFiles/rmf_fleet_adapter.dir/src/rmf_fleet_adapter/services/FindEmergencyPullover.cpp.o[0m
[48.182s] [ 54%] [32mBuilding CXX object CMakeFiles/rmf_fleet_adapter.dir/src/rmf_fleet_adapter/services/FindPath.cpp.o[0m
[50.165s] [ 54%] [32mBuilding CXX object CMakeFiles/rmf_fleet_adapter.dir/src/rmf_fleet_adapter/services/Negotiate.cpp.o[0m
[50.562s] [ 55%] [32mBuilding CXX object CMakeFiles/rmf_fleet_adapter.dir/src/rmf_fleet_adapter/services/ProgressEvaluator.cpp.o[0m
[50.793s] [1m/home/wang/rmf_ws/src/rmf/rmf_ros2/rmf_fleet_adapter/src/rmf_fleet_adapter/phases/DockRobot.cpp:38:13: [0m[0;1;35mwarning: [0m[1m'current_mode' is deprecated [-Wdeprecated-declarations][0m
[50.793s]   _context->current_mode(rmf_fleet_msgs::msg::RobotMode::MODE_DOCKING);
[50.793s] [0;1;32m            ^
[50.793s] [0m[1m/home/wang/rmf_ws/src/rmf/rmf_ros2/rmf_fleet_adapter/src/rmf_fleet_adapter/phases/../agv/RobotContext.hpp:207:5: [0m[0;1;30mnote: [0m'current_mode' has been explicitly marked deprecated here[0m
[50.793s]   [[deprecated]]
[50.794s] [0;1;32m    ^
[51.388s] [0m[1m/home/wang/rmf_ws/src/rmf/rmf_ros2/rmf_fleet_adapter/src/rmf_fleet_adapter/phases/DoorOpen.cpp:126:60: [0m[0;1;35mwarning: [0m[1m'delay' is deprecated: Use cumulative_delay instead [-Wdeprecated-declarations][0m
[51.388s]           me->_expected_finish + me->_context->itinerary().delay();
[51.388s] [0;1;32m                                                           ^
[51.388s] [0m[1m/home/wang/rmf_ws/install/rmf_traffic/include/rmf_traffic/schedule/Participant.hpp:83:5: [0m[0;1;30mnote: [0m'delay' has been explicitly marked deprecated here[0m
[51.389s]   [[deprecated("Use cumulative_delay instead")]]
[51.389s] [0;1;32m    ^
[51.391s] [0m[1m/home/wang/rmf_ws/src/rmf/rmf_ros2/rmf_fleet_adapter/src/rmf_fleet_adapter/phases/DoorOpen.cpp:134:38: [0m[0;1;35mwarning: [0m[1m'delay' is deprecated: Use cumulative_delay instead [-Wdeprecated-declarations][0m
[51.391s]                 context->itinerary().delay(delay);
[51.391s] [0;1;32m                                     ^
[51.391s] [0m[1m/home/wang/rmf_ws/install/rmf_traffic/include/rmf_traffic/schedule/Participant.hpp:80:5: [0m[0;1;30mnote: [0m'delay' has been explicitly marked deprecated here[0m
[51.391s]   [[deprecated("Use cumulative_delay instead")]]
[51.391s] [0;1;32m    ^
[51.392s] [0m[1m/home/wang/rmf_ws/src/rmf/rmf_ros2/rmf_fleet_adapter/src/rmf_fleet_adapter/phases/DoorOpen.cpp:134:38: [0m[0;1;35mwarning: [0m[1m'delay' is deprecated: Use cumulative_delay instead [-Wdeprecated-declarations][0m
[51.393s]                 context->itinerary().delay(delay);
[51.393s] [0;1;32m                                     ^
[51.393s] [0m[1m/home/wang/rmf_ws/src/rmf/rmf_ros2/rmf_fleet_adapter/rmf_rxcpp/RxCpp-4.1.0/Rx/v2/src/rxcpp/rx-scheduler.hpp:186:40: [0m[0;1;30mnote: [0min instantiation of function template specialization 'rmf_fleet_adapter::phases::DoorOpen::ActivePhase::_init_obs()::(anonymous class)::operator()()::(anonymous class)::operator()()::(anonymous class)::operator()<rxcpp::schedulers::schedulable>' requested here[0m
[51.393s]     static auto check(int) -> decltype((*(CF*)nullptr)(*(schedulable*)nullptr));
[51.393s] [0;1;32m                                       ^
[51.394s] [0m[1m/home/wang/rmf_ws/src/rmf/rmf_ros2/rmf_fleet_adapter/rmf_rxcpp/RxCpp-4.1.0/Rx/v2/src/rxcpp/rx-scheduler.hpp:190:53: [0m[0;1;30mnote: [0mwhile substituting explicitly-specified template arguments into function template 'check' [0m
[51.394s]     static const bool value = std::is_same<decltype(check<rxu::decay_t<F>>(0)), void>::value;
[51.394s] [0;1;32m                                                    ^
[51.394s] [0m[1m/home/wang/rmf_ws/src/rmf/rmf_ros2/rmf_fleet_adapter/rmf_rxcpp/RxCpp-4.1.0/Rx/v2/src/rxcpp/rx-scheduler.hpp:803:18: [0m[0;1;30mnote: [0min instantiation of template class 'rxcpp::schedulers::detail::is_action_function<(lambda at /home/wang/rmf_ws/src/rmf/rmf_ros2/rmf_fleet_adapter/src/rmf_fleet_adapter/phases/DoorOpen.cpp:132:15)>' requested here[0m
[51.394s]         (detail::is_action_function<Arg0>::value ||
[51.394s] [0;1;32m                 ^
[51.394s] [0m[1m/home/wang/rmf_ws/src/rmf/rmf_ros2/rmf_fleet_adapter/src/rmf_fleet_adapter/phases/DoorOpen.cpp:131:36: [0m[0;1;30mnote: [0mwhile substituting deduced template arguments into function template 'schedule' [with Arg0 = (lambda at /home/wang/rmf_ws/src/rmf/rmf_ros2/rmf_fleet_adapter/src/rmf_fleet_adapter/phases/DoorOpen.cpp:132:15), ArgN = <>][0m
[51.394s]             me->_context->worker().schedule(
[51.394s] [0;1;32m                                   ^
[51.394s] [0m[1m/home/wang/rmf_ws/install/rmf_traffic/include/rmf_traffic/schedule/Participant.hpp:80:5: [0m[0;1;30mnote: [0m'delay' has been explicitly marked deprecated here[0m
[51.394s]   [[deprecated("Use cumulative_delay instead")]]
[51.395s] [0;1;32m    ^
[52.094s] [ 56%] [32mBuilding CXX object CMakeFiles/rmf_fleet_adapter.dir/src/rmf_fleet_adapter/tasks/ChargeBattery.cpp.o[0m
[53.400s] [0m[1m/home/wang/rmf_ws/src/rmf/rmf_ros2/rmf_fleet_adapter/src/rmf_fleet_adapter/phases/RequestLift.cpp:124:62: [0m[0;1;35mwarning: [0m[1m'delay' is deprecated: Use cumulative_delay instead [-Wdeprecated-declarations][0m
[53.400s]             me->_expected_finish + me->_context->itinerary().delay();
[53.401s] [0;1;32m                                                             ^
[53.401s] [0m[1m/home/wang/rmf_ws/install/rmf_traffic/include/rmf_traffic/schedule/Participant.hpp:83:5: [0m[0;1;30mnote: [0m'delay' has been explicitly marked deprecated here[0m
[53.401s]   [[deprecated("Use cumulative_delay instead")]]
[53.401s] [0;1;32m    ^
[53.403s] [0m[1m/home/wang/rmf_ws/src/rmf/rmf_ros2/rmf_fleet_adapter/src/rmf_fleet_adapter/phases/RequestLift.cpp:132:40: [0m[0;1;35mwarning: [0m[1m'delay' is deprecated: Use cumulative_delay instead [-Wdeprecated-declarations][0m
[53.404s]                   context->itinerary().delay(delay);
[53.404s] [0;1;32m                                       ^
[53.404s] [0m[1m/home/wang/rmf_ws/install/rmf_traffic/include/rmf_traffic/schedule/Participant.hpp:80:5: [0m[0;1;30mnote: [0m'delay' has been explicitly marked deprecated here[0m
[53.404s]   [[deprecated("Use cumulative_delay instead")]]
[53.404s] [0;1;32m    ^
[53.406s] [0m[1m/home/wang/rmf_ws/src/rmf/rmf_ros2/rmf_fleet_adapter/src/rmf_fleet_adapter/phases/RequestLift.cpp:132:40: [0m[0;1;35mwarning: [0m[1m'delay' is deprecated: Use cumulative_delay instead [-Wdeprecated-declarations][0m
[53.406s]                   context->itinerary().delay(delay);
[53.406s] [0;1;32m                                       ^
[53.406s] [0m[1m/home/wang/rmf_ws/src/rmf/rmf_ros2/rmf_fleet_adapter/rmf_rxcpp/RxCpp-4.1.0/Rx/v2/src/rxcpp/rx-scheduler.hpp:186:40: [0m[0;1;30mnote: [0min instantiation of function template specialization 'rmf_fleet_adapter::phases::RequestLift::ActivePhase::_init_obs()::(anonymous class)::operator()()::(anonymous class)::operator()()::(anonymous class)::operator()<rxcpp::schedulers::schedulable>' requested here[0m
[53.407s]     static auto check(int) -> decltype((*(CF*)nullptr)(*(schedulable*)nullptr));
[53.407s] [0;1;32m                                       ^
[53.407s] [0m[1m/home/wang/rmf_ws/src/rmf/rmf_ros2/rmf_fleet_adapter/rmf_rxcpp/RxCpp-4.1.0/Rx/v2/src/rxcpp/rx-scheduler.hpp:190:53: [0m[0;1;30mnote: [0mwhile substituting explicitly-specified template arguments into function template 'check' [0m
[53.407s]     static const bool value = std::is_same<decltype(check<rxu::decay_t<F>>(0)), void>::value;
[53.407s] [0;1;32m                                                    ^
[53.407s] [0m[1m/home/wang/rmf_ws/src/rmf/rmf_ros2/rmf_fleet_adapter/rmf_rxcpp/RxCpp-4.1.0/Rx/v2/src/rxcpp/rx-scheduler.hpp:803:18: [0m[0;1;30mnote: [0min instantiation of template class 'rxcpp::schedulers::detail::is_action_function<(lambda at /home/wang/rmf_ws/src/rmf/rmf_ros2/rmf_fleet_adapter/src/rmf_fleet_adapter/phases/RequestLift.cpp:130:17)>' requested here[0m
[53.407s]         (detail::is_action_function<Arg0>::value ||
[53.407s] [0;1;32m                 ^
[53.408s] [0m[1m/home/wang/rmf_ws/src/rmf/rmf_ros2/rmf_fleet_adapter/src/rmf_fleet_adapter/phases/RequestLift.cpp:129:38: [0m[0;1;30mnote: [0mwhile substituting deduced template arguments into function template 'schedule' [with Arg0 = (lambda at /home/wang/rmf_ws/src/rmf/rmf_ros2/rmf_fleet_adapter/src/rmf_fleet_adapter/phases/RequestLift.cpp:130:17), ArgN = <>][0m
[53.408s]               me->_context->worker().schedule(
[53.408s] [0;1;32m                                     ^
[53.408s] [0m[1m/home/wang/rmf_ws/install/rmf_traffic/include/rmf_traffic/schedule/Participant.hpp:80:5: [0m[0;1;30mnote: [0m'delay' has been explicitly marked deprecated here[0m
[53.408s]   [[deprecated("Use cumulative_delay instead")]]
[53.408s] [0;1;32m    ^
[53.474s] [ 57%] [32mBuilding CXX object CMakeFiles/rmf_fleet_adapter.dir/src/rmf_fleet_adapter/tasks/Clean.cpp.o[0m
[54.038s] [ 58%] [32mBuilding CXX object CMakeFiles/rmf_fleet_adapter.dir/src/rmf_fleet_adapter/tasks/Compose.cpp.o[0m
[54.210s] [ 59%] [32mBuilding CXX object CMakeFiles/rmf_fleet_adapter.dir/src/rmf_fleet_adapter/tasks/Delivery.cpp.o[0m
[55.625s] [0m[1m/home/wang/rmf_ws/src/rmf/rmf_ros2/rmf_fleet_adapter/src/rmf_fleet_adapter/phases/WaitForCharge.cpp:91:13: [0m[0;1;35mwarning: [0m[1m'current_mode' is deprecated [-Wdeprecated-declarations][0m
[55.626s]   _context->current_mode(rmf_fleet_msgs::msg::RobotMode::MODE_CHARGING);
[55.626s] [0;1;32m            ^
[55.626s] [0m[1m/home/wang/rmf_ws/src/rmf/rmf_ros2/rmf_fleet_adapter/src/rmf_fleet_adapter/phases/../agv/RobotContext.hpp:207:5: [0m[0;1;30mnote: [0m'current_mode' has been explicitly marked deprecated here[0m
[55.626s]   [[deprecated]]
[55.626s] [0;1;32m    ^
[56.530s] [ 60%] [32mBuilding CXX object CMakeFiles/rmf_fleet_adapter.dir/src/rmf_fleet_adapter/tasks/Patrol.cpp.o[0m
[56.751s] [0m1 warning generated.
[65.902s] 1 warning generated.
[67.670s] 3 warnings generated.
[70.849s] 3 warnings generated.
[77.861s] [ 61%] [32m[1mLinking CXX shared library librmf_fleet_adapter.so[0m
[78.066s] [ 61%] Built target rmf_fleet_adapter
[78.075s] [ 63%] [32mBuilding CXX object CMakeFiles/read_only.dir/src/read_only/main.cpp.o[0m
[78.076s] [ 63%] [32mBuilding CXX object CMakeFiles/read_only.dir/src/read_only/FleetAdapterNode.cpp.o[0m
[78.077s] [ 65%] [32mBuilding CXX object CMakeFiles/test_read_only_adapter.dir/test/test_read_only_adapter.cpp.o[0m
[78.077s] [ 65%] [32mBuilding CXX object CMakeFiles/read_only_blockade.dir/src/read_only_blockade/main.cpp.o[0m
[78.078s] [ 66%] [32mBuilding CXX object CMakeFiles/read_only_blockade.dir/src/read_only_blockade/FleetAdapterNode.cpp.o[0m
[78.081s] [ 67%] [32mBuilding CXX object CMakeFiles/close_lanes.dir/src/close_lanes/main.cpp.o[0m
[78.081s] [ 68%] [32mBuilding CXX object CMakeFiles/interrupt_robot.dir/src/interrupt_robot/main.cpp.o[0m
[78.081s] [ 67%] [32mBuilding CXX object CMakeFiles/open_lanes.dir/src/open_lanes/main.cpp.o[0m
[78.081s] [ 69%] [32mBuilding CXX object CMakeFiles/lift_supervisor.dir/src/lift_supervisor/main.cpp.o[0m
[78.082s] [ 70%] [32mBuilding CXX object CMakeFiles/lift_supervisor.dir/src/lift_supervisor/Node.cpp.o[0m
[78.083s] [ 71%] [32mBuilding CXX object CMakeFiles/door_supervisor.dir/src/door_supervisor/main.cpp.o[0m
[78.084s] [ 72%] [32mBuilding CXX object CMakeFiles/dump_fleet_states.dir/test/dump_fleet_states.cpp.o[0m
[78.084s] [ 73%] [32mBuilding CXX object CMakeFiles/mock_traffic_light.dir/src/mock_traffic_light/main.cpp.o[0m
[78.086s] [ 74%] [32mBuilding CXX object CMakeFiles/task_aggregator.dir/src/task_aggregator/main.cpp.o[0m
[78.088s] [ 75%] [32mBuilding CXX object CMakeFiles/full_control.dir/src/full_control/main.cpp.o[0m
[78.132s] [ 75%] [32mBuilding CXX object CMakeFiles/test_rmf_fleet_adapter.dir/test/main.cpp.o[0m
[81.687s] [ 76%] [32mBuilding CXX object CMakeFiles/test_rmf_fleet_adapter.dir/test/phases/MockAdapterFixture.cpp.o[0m
[81.866s] [ 77%] [32mBuilding CXX object CMakeFiles/door_supervisor.dir/src/door_supervisor/Node.cpp.o[0m
[83.574s] [ 78%] [32mBuilding CXX object CMakeFiles/test_rmf_fleet_adapter.dir/test/phases/test_DoorOpen.cpp.o[0m
[83.862s] [1m/home/wang/rmf_ws/src/rmf/rmf_ros2/rmf_fleet_adapter/src/read_only_blockade/FleetAdapterNode.cpp:205:26: [0m[0;1;35mwarning: [0m[1m'delay' is deprecated: Use cumulative_delay instead [-Wdeprecated-declarations][0m
[83.862s]             participant->delay(t);
[83.862s] [0;1;32m                         ^
[83.862s] [0m[1m/home/wang/rmf_ws/install/rmf_traffic/include/rmf_traffic/schedule/Participant.hpp:80:5: [0m[0;1;30mnote: [0m'delay' has been explicitly marked deprecated here[0m
[83.863s]   [[deprecated("Use cumulative_delay instead")]]
[83.863s] [0;1;32m    ^
[83.958s] [ 79%] [32mBuilding CXX object CMakeFiles/test_rmf_fleet_adapter.dir/test/phases/test_DoorClose.cpp.o[0m
[83.996s] [0m[1m/home/wang/rmf_ws/src/rmf/rmf_ros2/rmf_fleet_adapter/src/read_only_blockade/FleetAdapterNode.cpp:322:26: [0m[0;1;35mwarning: [0m[1m'delay' is deprecated: Use cumulative_delay instead [-Wdeprecated-declarations][0m
[83.996s]         robot->schedule->delay(make_delay(*robot->schedule, now));
[83.996s] [0;1;32m                         ^
[83.996s] [0m[1m/home/wang/rmf_ws/install/rmf_traffic/include/rmf_traffic/schedule/Participant.hpp:80:5: [0m[0;1;30mnote: [0m'delay' has been explicitly marked deprecated here[0m
[83.996s]   [[deprecated("Use cumulative_delay instead")]]
[83.996s] [0;1;32m    ^
[84.157s] [0m[1m/home/wang/rmf_ws/src/rmf/rmf_ros2/rmf_fleet_adapter/src/read_only_blockade/FleetAdapterNode.cpp:617:46: [0m[0;1;35mwarning: [0m[1m'delay' is deprecated: Use cumulative_delay instead [-Wdeprecated-declarations][0m
[84.157s]   const auto current_delay = robot.schedule->delay();
[84.157s] [0;1;32m                                             ^
[84.157s] [0m[1m/home/wang/rmf_ws/install/rmf_traffic/include/rmf_traffic/schedule/Participant.hpp:83:5: [0m[0;1;30mnote: [0m'delay' has been explicitly marked deprecated here[0m
[84.157s]   [[deprecated("Use cumulative_delay instead")]]
[84.157s] [0;1;32m    ^
[84.160s] [0m[1m/home/wang/rmf_ws/src/rmf/rmf_ros2/rmf_fleet_adapter/src/read_only_blockade/FleetAdapterNode.cpp:643:19: [0m[0;1;35mwarning: [0m[1m'delay' is deprecated: Use cumulative_delay instead [-Wdeprecated-declarations][0m
[84.160s]   robot.schedule->delay(new_delay);
[84.160s] [0;1;32m                  ^
[84.160s] [0m[1m/home/wang/rmf_ws/install/rmf_traffic/include/rmf_traffic/schedule/Participant.hpp:80:5: [0m[0;1;30mnote: [0m'delay' has been explicitly marked deprecated here[0m
[84.160s]   [[deprecated("Use cumulative_delay instead")]]
[84.160s] [0;1;32m    ^
[86.056s] [0m[1m/home/wang/rmf_ws/src/rmf/rmf_ros2/rmf_fleet_adapter/src/full_control/main.cpp:1314:25: [0m[0;1;35mwarning: [0m[1m'accept_delivery_requests' is deprecated: Use consider_delivery_requests() instead [-Wdeprecated-declarations][0m
[86.056s]     connections->fleet->accept_delivery_requests(
[86.056s] [0;1;32m                        ^
[86.057s] [0m[1m/home/wang/rmf_ws/src/rmf/rmf_ros2/rmf_fleet_adapter/include/rmf_fleet_adapter/agv/FleetUpdateHandle.hpp:333:5: [0m[0;1;30mnote: [0m'accept_delivery_requests' has been explicitly marked deprecated here[0m
[86.057s]   [[deprecated("Use consider_delivery_requests() instead")]]
[86.057s] [0;1;32m    ^
[86.060s] [0m[1m/home/wang/rmf_ws/src/rmf/rmf_ros2/rmf_fleet_adapter/src/full_control/main.cpp:1323:23: [0m[0;1;35mwarning: [0m[1m'accept_task_requests' is deprecated: Use the consider_..._requests functions instead [-Wdeprecated-declarations][0m
[86.060s]   connections->fleet->accept_task_requests(
[86.060s] [0;1;32m                      ^
[86.060s] [0m[1m/home/wang/rmf_ws/src/rmf/rmf_ros2/rmf_fleet_adapter/include/rmf_fleet_adapter/agv/FleetUpdateHandle.hpp:310:5: [0m[0;1;30mnote: [0m'accept_task_requests' has been explicitly marked deprecated here[0m
[86.060s]   [[deprecated("Use the consider_..._requests functions instead")]]
[86.060s] [0;1;32m    ^
[86.091s] [ 80%] [32m[1mLinking CXX executable interrupt_robot[0m
[86.290s] [ 80%] Built target interrupt_robot
[86.322s] [ 81%] [32mBuilding CXX object CMakeFiles/test_rmf_fleet_adapter.dir/test/phases/test_RequestLift.cpp.o[0m
[88.278s] [ 82%] [32m[1mLinking CXX executable dump_fleet_states[0m
[88.550s] [ 82%] Built target dump_fleet_states
[88.578s] [ 83%] [32mBuilding CXX object CMakeFiles/test_rmf_fleet_adapter.dir/test/phases/test_DispenseItem.cpp.o[0m
[96.274s] [ 84%] [32m[1mLinking CXX executable open_lanes[0m
[96.542s] [ 84%] Built target open_lanes
[96.574s] [ 85%] [32mBuilding CXX object CMakeFiles/test_rmf_fleet_adapter.dir/test/phases/test_IngestItem.cpp.o[0m
[96.891s] [ 86%] [32m[1mLinking CXX executable close_lanes[0m
[97.142s] [ 86%] Built target close_lanes
[97.174s] [ 87%] [32mBuilding CXX object CMakeFiles/test_rmf_fleet_adapter.dir/test/services/test_FindEmergencyPullover.cpp.o[0m
[97.226s] [ 88%] [32m[1mLinking CXX executable task_aggregator[0m
[97.524s] [ 88%] Built target task_aggregator
[97.558s] [ 89%] [32mBuilding CXX object CMakeFiles/test_rmf_fleet_adapter.dir/test/services/test_FindPath.cpp.o[0m
[98.503s] [ 90%] [32m[1mLinking CXX executable test_read_only_adapter[0m
[98.735s] [ 90%] Built target test_read_only_adapter
[98.741s] [ 91%] [32mBuilding CXX object CMakeFiles/test_rmf_fleet_adapter.dir/test/services/test_Negotiate.cpp.o[0m
[99.218s] [ 92%] [32m[1mLinking CXX executable read_only[0m
[99.433s] [ 92%] Built target read_only
[99.470s] [ 93%] [32mBuilding CXX object CMakeFiles/test_rmf_fleet_adapter.dir/test/tasks/test_Delivery.cpp.o[0m
[101.186s] [ 94%] [32mBuilding CXX object CMakeFiles/test_rmf_fleet_adapter.dir/test/tasks/test_Loop.cpp.o[0m
[101.520s] [0m4 warnings generated.
[101.566s] [ 95%] [32m[1mLinking CXX executable read_only_blockade[0m
[101.758s] [ 95%] Built target read_only_blockade
[101.786s] [ 96%] [32mBuilding CXX object CMakeFiles/test_rmf_fleet_adapter.dir/test/test_Task.cpp.o[0m
[102.418s] [ 97%] [32m[1mLinking CXX executable lift_supervisor[0m
[102.686s] [ 97%] Built target lift_supervisor
[106.578s] [ 98%] [32m[1mLinking CXX executable door_supervisor[0m
[106.762s] [ 98%] Built target door_supervisor
[111.070s] [1m/home/wang/rmf_ws/src/rmf/rmf_ros2/rmf_fleet_adapter/test/tasks/test_Loop.cpp:380:10: [0m[0;1;35mwarning: [0m[1muse of bitwise '|' with boolean operands [-Wbitwise-instead-of-logical][0m
[111.070s]   CHECK((visited_north(v0, n_loops) | visited_south(v0, n_loops)));
[111.070s] [0;1;32m        ~^~~~~~~~~~~~~~~~~~~~~~~~~~~~~~~~~~~~~~~~~~~~~~~~~~~~~~~~
[111.070s] [0m[0;32m                                    ||
[111.071s] [0m[1m/home/wang/rmf_ws/install/rmf_utils/include/rmf_utils/catch.hpp:17677:97: [0m[0;1;30mnote: [0mexpanded from macro 'CHECK'[0m
[111.071s] #define CHECK( ... ) INTERNAL_CATCH_TEST( "CHECK", Catch::ResultDisposition::ContinueOnFailure, __VA_ARGS__ )
[111.071s] [0;1;32m                                                                                                ^~~~~~~~~~~
[111.071s] [0m[1m/home/wang/rmf_ws/install/rmf_utils/include/rmf_utils/catch.hpp:2705:40: [0m[0;1;30mnote: [0mexpanded from macro 'INTERNAL_CATCH_TEST'[0m
[111.071s]         CATCH_INTERNAL_IGNORE_BUT_WARN(__VA_ARGS__); \
[111.071s] [0;1;32m                                       ^~~~~~~~~~~
[111.071s] [0m[1m/home/wang/rmf_ws/install/rmf_utils/include/rmf_utils/catch.hpp:165:76: [0m[0;1;30mnote: [0mexpanded from macro 'CATCH_INTERNAL_IGNORE_BUT_WARN'[0m
[111.071s] #    define CATCH_INTERNAL_IGNORE_BUT_WARN(...) (void)__builtin_constant_p(__VA_ARGS__) /* NOLINT(cppcoreguidelines-pro-type-vararg, hicpp-vararg) */
[111.072s] [0;1;32m                                                                           ^~~~~~~~~~~
[111.072s] [0m[1m/home/wang/rmf_ws/src/rmf/rmf_ros2/rmf_fleet_adapter/test/tasks/test_Loop.cpp:380:10: [0m[0;1;30mnote: [0mcast one or both operands to int to silence this warning[0m
[111.072s] [1m/home/wang/rmf_ws/src/rmf/rmf_ros2/rmf_fleet_adapter/test/tasks/test_Loop.cpp:380:10: [0m[0;1;35mwarning: [0m[1muse of bitwise '|' with boolean operands [-Wbitwise-instead-of-logical][0m
[111.072s]   CHECK((visited_north(v0, n_loops) | visited_south(v0, n_loops)));
[111.072s] [0;1;32m        ~^~~~~~~~~~~~~~~~~~~~~~~~~~~~~~~~~~~~~~~~~~~~~~~~~~~~~~~~
[111.072s] [0m[0;32m                                    ||
[111.072s] [0m[1m/home/wang/rmf_ws/install/rmf_utils/include/rmf_utils/catch.hpp:17677:97: [0m[0;1;30mnote: [0mexpanded from macro 'CHECK'[0m
[111.072s] #define CHECK( ... ) INTERNAL_CATCH_TEST( "CHECK", Catch::ResultDisposition::ContinueOnFailure, __VA_ARGS__ )
[111.072s] [0;1;32m                                                                                                ^~~~~~~~~~~
[111.072s] [0m[1m/home/wang/rmf_ws/install/rmf_utils/include/rmf_utils/catch.hpp:2710:70: [0m[0;1;30mnote: [0mexpanded from macro 'INTERNAL_CATCH_TEST'[0m
[111.073s]             catchAssertionHandler.handleExpr( Catch::Decomposer() <= __VA_ARGS__ ); \
[111.073s] [0;1;32m                                                                     ^~~~~~~~~~~
[111.073s] [0m[1m/home/wang/rmf_ws/src/rmf/rmf_ros2/rmf_fleet_adapter/test/tasks/test_Loop.cpp:380:10: [0m[0;1;30mnote: [0mcast one or both operands to int to silence this warning[0m
[111.073s] [1m/home/wang/rmf_ws/src/rmf/rmf_ros2/rmf_fleet_adapter/test/tasks/test_Loop.cpp:380:10: [0m[0;1;35mwarning: [0m[1muse of bitwise '|' with boolean operands [-Wbitwise-instead-of-logical][0m
[111.073s]   CHECK((visited_north(v0, n_loops) | visited_south(v0, n_loops)));
[111.073s] [0;1;32m  ~~~~~~~^~~~~~~~~~~~~~~~~~~~~~~~~~~~~~~~~~~~~~~~~~~~~~~~~~~~~~~~~
[111.075s] [0m[0;32m                                    ||
[111.075s] [0m[1m/home/wang/rmf_ws/install/rmf_utils/include/rmf_utils/catch.hpp:17677:97: [0m[0;1;30mnote: [0mexpanded from macro 'CHECK'[0m
[111.075s] #define CHECK( ... ) INTERNAL_CATCH_TEST( "CHECK", Catch::ResultDisposition::ContinueOnFailure, __VA_ARGS__ )
[111.075s] [0;1;32m                     ~~~~~~~~~~~~~~~~~~~~~~~~~~~~~~~~~~~~~~~~~~~~~~~~~~~~~~~~~~~~~~~~~~~~~~~~~~~^~~~~~~~~~~~~
[111.075s] [0m[1m/home/wang/rmf_ws/install/rmf_utils/include/rmf_utils/catch.hpp:2714:56: [0m[0;1;30mnote: [0mexpanded from macro 'INTERNAL_CATCH_TEST'[0m
[111.075s]     } while( (void)0, (false) && static_cast<bool>( !!(__VA_ARGS__) ) )
[111.076s] [0;1;32m                                                      ~^~~~~~~~~~~~
[111.076s] [0m[1m/home/wang/rmf_ws/src/rmf/rmf_ros2/rmf_fleet_adapter/test/tasks/test_Loop.cpp:380:10: [0m[0;1;30mnote: [0mcast one or both operands to int to silence this warning[0m
[111.076s] [1m/home/wang/rmf_ws/src/rmf/rmf_ros2/rmf_fleet_adapter/test/tasks/test_Loop.cpp:401:10: [0m[0;1;35mwarning: [0m[1muse of bitwise '|' with boolean operands [-Wbitwise-instead-of-logical][0m
[111.076s]   CHECK((visited_north(v1, n_loops) | visited_south(v1, n_loops)));
[111.076s] [0;1;32m        ~^~~~~~~~~~~~~~~~~~~~~~~~~~~~~~~~~~~~~~~~~~~~~~~~~~~~~~~~
[111.076s] [0m[0;32m                                    ||
[111.076s] [0m[1m/home/wang/rmf_ws/install/rmf_utils/include/rmf_utils/catch.hpp:17677:97: [0m[0;1;30mnote: [0mexpanded from macro 'CHECK'[0m
[111.076s] #define CHECK( ... ) INTERNAL_CATCH_TEST( "CHECK", Catch::ResultDisposition::ContinueOnFailure, __VA_ARGS__ )
[111.076s] [0;1;32m                                                                                                ^~~~~~~~~~~
[111.077s] [0m[1m/home/wang/rmf_ws/install/rmf_utils/include/rmf_utils/catch.hpp:2705:40: [0m[0;1;30mnote: [0mexpanded from macro 'INTERNAL_CATCH_TEST'[0m
[111.077s]         CATCH_INTERNAL_IGNORE_BUT_WARN(__VA_ARGS__); \
[111.077s] [0;1;32m                                       ^~~~~~~~~~~
[111.077s] [0m[1m/home/wang/rmf_ws/install/rmf_utils/include/rmf_utils/catch.hpp:165:76: [0m[0;1;30mnote: [0mexpanded from macro 'CATCH_INTERNAL_IGNORE_BUT_WARN'[0m
[111.077s] #    define CATCH_INTERNAL_IGNORE_BUT_WARN(...) (void)__builtin_constant_p(__VA_ARGS__) /* NOLINT(cppcoreguidelines-pro-type-vararg, hicpp-vararg) */
[111.077s] [0;1;32m                                                                           ^~~~~~~~~~~
[111.077s] [0m[1m/home/wang/rmf_ws/src/rmf/rmf_ros2/rmf_fleet_adapter/test/tasks/test_Loop.cpp:401:10: [0m[0;1;30mnote: [0mcast one or both operands to int to silence this warning[0m
[111.077s] [1m/home/wang/rmf_ws/src/rmf/rmf_ros2/rmf_fleet_adapter/test/tasks/test_Loop.cpp:401:10: [0m[0;1;35mwarning: [0m[1muse of bitwise '|' with boolean operands [-Wbitwise-instead-of-logical][0m
[111.077s]   CHECK((visited_north(v1, n_loops) | visited_south(v1, n_loops)));
[111.077s] [0;1;32m        ~^~~~~~~~~~~~~~~~~~~~~~~~~~~~~~~~~~~~~~~~~~~~~~~~~~~~~~~~
[111.077s] [0m[0;32m                                    ||
[111.078s] [0m[1m/home/wang/rmf_ws/install/rmf_utils/include/rmf_utils/catch.hpp:17677:97: [0m[0;1;30mnote: [0mexpanded from macro 'CHECK'[0m
[111.078s] #define CHECK( ... ) INTERNAL_CATCH_TEST( "CHECK", Catch::ResultDisposition::ContinueOnFailure, __VA_ARGS__ )
[111.078s] [0;1;32m                                                                                                ^~~~~~~~~~~
[111.078s] [0m[1m/home/wang/rmf_ws/install/rmf_utils/include/rmf_utils/catch.hpp:2710:70: [0m[0;1;30mnote: [0mexpanded from macro 'INTERNAL_CATCH_TEST'[0m
[111.078s]             catchAssertionHandler.handleExpr( Catch::Decomposer() <= __VA_ARGS__ ); \
[111.078s] [0;1;32m                                                                     ^~~~~~~~~~~
[111.078s] [0m[1m/home/wang/rmf_ws/src/rmf/rmf_ros2/rmf_fleet_adapter/test/tasks/test_Loop.cpp:401:10: [0m[0;1;30mnote: [0mcast one or both operands to int to silence this warning[0m
[111.078s] [1m/home/wang/rmf_ws/src/rmf/rmf_ros2/rmf_fleet_adapter/test/tasks/test_Loop.cpp:401:10: [0m[0;1;35mwarning: [0m[1muse of bitwise '|' with boolean operands [-Wbitwise-instead-of-logical][0m
[111.079s]   CHECK((visited_north(v1, n_loops) | visited_south(v1, n_loops)));
[111.079s] [0;1;32m  ~~~~~~~^~~~~~~~~~~~~~~~~~~~~~~~~~~~~~~~~~~~~~~~~~~~~~~~~~~~~~~~~
[111.079s] [0m[0;32m                                    ||
[111.079s] [0m[1m/home/wang/rmf_ws/install/rmf_utils/include/rmf_utils/catch.hpp:17677:97: [0m[0;1;30mnote: [0mexpanded from macro 'CHECK'[0m
[111.079s] #define CHECK( ... ) INTERNAL_CATCH_TEST( "CHECK", Catch::ResultDisposition::ContinueOnFailure, __VA_ARGS__ )
[111.079s] [0;1;32m                     ~~~~~~~~~~~~~~~~~~~~~~~~~~~~~~~~~~~~~~~~~~~~~~~~~~~~~~~~~~~~~~~~~~~~~~~~~~~^~~~~~~~~~~~~
[111.079s] [0m[1m/home/wang/rmf_ws/install/rmf_utils/include/rmf_utils/catch.hpp:2714:56: [0m[0;1;30mnote: [0mexpanded from macro 'INTERNAL_CATCH_TEST'[0m
[111.079s]     } while( (void)0, (false) && static_cast<bool>( !!(__VA_ARGS__) ) )
[111.079s] [0;1;32m                                                      ~^~~~~~~~~~~~
[111.079s] [0m[1m/home/wang/rmf_ws/src/rmf/rmf_ros2/rmf_fleet_adapter/test/tasks/test_Loop.cpp:401:10: [0m[0;1;30mnote: [0mcast one or both operands to int to silence this warning[0m
[111.079s] [1m/home/wang/rmf_ws/src/rmf/rmf_ros2/rmf_fleet_adapter/test/tasks/test_Loop.cpp:162:15: [0m[0;1;35mwarning: [0m[1munused variable 'finding_a_plan_1_count' [-Wunused-variable][0m
[111.079s]   std::size_t finding_a_plan_1_count = 0;
[111.080s] [0;1;32m              ^
[111.080s] [0m[1m/home/wang/rmf_ws/src/rmf/rmf_ros2/rmf_fleet_adapter/test/tasks/test_Loop.cpp:153:15: [0m[0;1;35mwarning: [0m[1munused variable 'finding_a_plan_0_count' [-Wunused-variable][0m
[111.080s]   std::size_t finding_a_plan_0_count = 0;
[111.080s] [0;1;32m              ^
[115.315s] [ 98%] [32m[1mLinking CXX executable mock_traffic_light[0m
[115.510s] [ 98%] Built target mock_traffic_light
[117.002s] [0m8 warnings generated.
[127.818s] 2 warnings generated.
[127.840s] [ 99%] [32m[1mLinking CXX executable full_control[0m
[127.945s] [ 99%] Built target full_control
[128.509s] [100%] [32m[1mLinking CXX executable test_rmf_fleet_adapter[0m
[128.664s] [100%] Built target test_rmf_fleet_adapter
[128.672s] Invoked command in '/home/wang/rmf_ws/build/rmf_fleet_adapter' returned '0': AMENT_PREFIX_PATH=/home/wang/rmf_ws/install/rmf_task_ros2:/home/wang/rmf_ws/install/rmf_traffic_ros2:/home/wang/rmf_ws/install/rmf_websocket:/home/wang/rmf_ws/install/rmf_task_msgs:/home/wang/rmf_ws/install/rmf_ingestor_msgs:/home/wang/rmf_ws/install/rmf_traffic_msgs:/home/wang/rmf_ws/install/rmf_site_map_msgs:/home/wang/rmf_ws/install/rmf_lift_msgs:/home/wang/rmf_ws/install/rmf_fleet_msgs:/home/wang/rmf_ws/install/rmf_door_msgs:/home/wang/rmf_ws/install/rmf_dispenser_msgs:/home/wang/rmf_ws/install/rmf_building_map_msgs:/home/wang/rmf_ws/install/rmf_api_msgs:/home/wang/rmf_ws/install/nlohmann_json_schema_validator_vendor:/home/wang/rmf_ws/install/ament_cmake_catch2:${AMENT_PREFIX_PATH} CMAKE_PREFIX_PATH=/home/wang/rmf_ws/install/rmf_task_sequence:/home/wang/rmf_ws/install/rmf_task_ros2:/home/wang/rmf_ws/install/rmf_task:/home/wang/rmf_ws/install/rmf_traffic_ros2:/home/wang/rmf_ws/install/rmf_battery:/home/wang/rmf_ws/install/rmf_websocket:/home/wang/rmf_ws/install/rmf_traffic:/home/wang/rmf_ws/install/rmf_utils:/home/wang/rmf_ws/install/rmf_task_msgs:/home/wang/rmf_ws/install/rmf_ingestor_msgs:/home/wang/rmf_ws/install/rmf_traffic_msgs:/home/wang/rmf_ws/install/rmf_site_map_msgs:/home/wang/rmf_ws/install/rmf_lift_msgs:/home/wang/rmf_ws/install/rmf_fleet_msgs:/home/wang/rmf_ws/install/rmf_door_msgs:/home/wang/rmf_ws/install/rmf_dispenser_msgs:/home/wang/rmf_ws/install/rmf_building_map_msgs:/home/wang/rmf_ws/install/rmf_api_msgs:/home/wang/rmf_ws/install/nlohmann_json_schema_validator_vendor:/home/wang/rmf_ws/install/ament_cmake_catch2:/opt/ros/humble LD_LIBRARY_PATH=/home/wang/rmf_ws/install/rmf_task_sequence/lib:/home/wang/rmf_ws/install/rmf_task_ros2/lib:/home/wang/rmf_ws/install/rmf_task/lib:/home/wang/rmf_ws/install/rmf_traffic_ros2/lib:/home/wang/rmf_ws/install/rmf_battery/lib:/home/wang/rmf_ws/install/rmf_websocket/lib:/home/wang/rmf_ws/install/rmf_traffic/lib:/home/wang/rmf_ws/install/rmf_utils/lib:/home/wang/rmf_ws/install/rmf_task_msgs/lib:/home/wang/rmf_ws/install/rmf_ingestor_msgs/lib:/home/wang/rmf_ws/install/rmf_traffic_msgs/lib:/home/wang/rmf_ws/install/rmf_site_map_msgs/lib:/home/wang/rmf_ws/install/rmf_lift_msgs/lib:/home/wang/rmf_ws/install/rmf_fleet_msgs/lib:/home/wang/rmf_ws/install/rmf_door_msgs/lib:/home/wang/rmf_ws/install/rmf_dispenser_msgs/lib:/home/wang/rmf_ws/install/rmf_building_map_msgs/lib:/home/wang/rmf_ws/install/nlohmann_json_schema_validator_vendor/lib:${LD_LIBRARY_PATH} PATH=/home/wang/rmf_ws/install/nlohmann_json_schema_validator_vendor/bin:${PATH} PKG_CONFIG_PATH=/home/wang/rmf_ws/install/rmf_task_sequence/lib/x86_64-linux-gnu/pkgconfig:/home/wang/rmf_ws/install/rmf_task_sequence/lib/pkgconfig:/home/wang/rmf_ws/install/rmf_task/lib/x86_64-linux-gnu/pkgconfig:/home/wang/rmf_ws/install/rmf_task/lib/pkgconfig:/home/wang/rmf_ws/install/rmf_battery/lib/x86_64-linux-gnu/pkgconfig:/home/wang/rmf_ws/install/rmf_battery/lib/pkgconfig:/home/wang/rmf_ws/install/rmf_traffic/lib/x86_64-linux-gnu/pkgconfig:/home/wang/rmf_ws/install/rmf_traffic/lib/pkgconfig:/home/wang/rmf_ws/install/rmf_utils/lib/x86_64-linux-gnu/pkgconfig:/home/wang/rmf_ws/install/rmf_utils/lib/pkgconfig PYTHONPATH=/home/wang/rmf_ws/install/rmf_task_msgs/local/lib/python3.10/dist-packages:/home/wang/rmf_ws/install/rmf_ingestor_msgs/local/lib/python3.10/dist-packages:/home/wang/rmf_ws/install/rmf_traffic_msgs/local/lib/python3.10/dist-packages:/home/wang/rmf_ws/install/rmf_site_map_msgs/local/lib/python3.10/dist-packages:/home/wang/rmf_ws/install/rmf_lift_msgs/local/lib/python3.10/dist-packages:/home/wang/rmf_ws/install/rmf_fleet_msgs/local/lib/python3.10/dist-packages:/home/wang/rmf_ws/install/rmf_door_msgs/local/lib/python3.10/dist-packages:/home/wang/rmf_ws/install/rmf_dispenser_msgs/local/lib/python3.10/dist-packages:/home/wang/rmf_ws/install/rmf_building_map_msgs/local/lib/python3.10/dist-packages:/home/wang/rmf_ws/install/rmf_api_msgs/local/lib/python3.10/dist-packages:${PYTHONPATH} /home/wang/.local/bin/cmake --build /home/wang/rmf_ws/build/rmf_fleet_adapter -- -j16 -l16
[128.853s] Invoking command in '/home/wang/rmf_ws/build/rmf_fleet_adapter': AMENT_PREFIX_PATH=/home/wang/rmf_ws/install/rmf_task_ros2:/home/wang/rmf_ws/install/rmf_traffic_ros2:/home/wang/rmf_ws/install/rmf_websocket:/home/wang/rmf_ws/install/rmf_task_msgs:/home/wang/rmf_ws/install/rmf_ingestor_msgs:/home/wang/rmf_ws/install/rmf_traffic_msgs:/home/wang/rmf_ws/install/rmf_site_map_msgs:/home/wang/rmf_ws/install/rmf_lift_msgs:/home/wang/rmf_ws/install/rmf_fleet_msgs:/home/wang/rmf_ws/install/rmf_door_msgs:/home/wang/rmf_ws/install/rmf_dispenser_msgs:/home/wang/rmf_ws/install/rmf_building_map_msgs:/home/wang/rmf_ws/install/rmf_api_msgs:/home/wang/rmf_ws/install/nlohmann_json_schema_validator_vendor:/home/wang/rmf_ws/install/ament_cmake_catch2:${AMENT_PREFIX_PATH} CMAKE_PREFIX_PATH=/home/wang/rmf_ws/install/rmf_task_sequence:/home/wang/rmf_ws/install/rmf_task_ros2:/home/wang/rmf_ws/install/rmf_task:/home/wang/rmf_ws/install/rmf_traffic_ros2:/home/wang/rmf_ws/install/rmf_battery:/home/wang/rmf_ws/install/rmf_websocket:/home/wang/rmf_ws/install/rmf_traffic:/home/wang/rmf_ws/install/rmf_utils:/home/wang/rmf_ws/install/rmf_task_msgs:/home/wang/rmf_ws/install/rmf_ingestor_msgs:/home/wang/rmf_ws/install/rmf_traffic_msgs:/home/wang/rmf_ws/install/rmf_site_map_msgs:/home/wang/rmf_ws/install/rmf_lift_msgs:/home/wang/rmf_ws/install/rmf_fleet_msgs:/home/wang/rmf_ws/install/rmf_door_msgs:/home/wang/rmf_ws/install/rmf_dispenser_msgs:/home/wang/rmf_ws/install/rmf_building_map_msgs:/home/wang/rmf_ws/install/rmf_api_msgs:/home/wang/rmf_ws/install/nlohmann_json_schema_validator_vendor:/home/wang/rmf_ws/install/ament_cmake_catch2:/opt/ros/humble LD_LIBRARY_PATH=/home/wang/rmf_ws/install/rmf_task_sequence/lib:/home/wang/rmf_ws/install/rmf_task_ros2/lib:/home/wang/rmf_ws/install/rmf_task/lib:/home/wang/rmf_ws/install/rmf_traffic_ros2/lib:/home/wang/rmf_ws/install/rmf_battery/lib:/home/wang/rmf_ws/install/rmf_websocket/lib:/home/wang/rmf_ws/install/rmf_traffic/lib:/home/wang/rmf_ws/install/rmf_utils/lib:/home/wang/rmf_ws/install/rmf_task_msgs/lib:/home/wang/rmf_ws/install/rmf_ingestor_msgs/lib:/home/wang/rmf_ws/install/rmf_traffic_msgs/lib:/home/wang/rmf_ws/install/rmf_site_map_msgs/lib:/home/wang/rmf_ws/install/rmf_lift_msgs/lib:/home/wang/rmf_ws/install/rmf_fleet_msgs/lib:/home/wang/rmf_ws/install/rmf_door_msgs/lib:/home/wang/rmf_ws/install/rmf_dispenser_msgs/lib:/home/wang/rmf_ws/install/rmf_building_map_msgs/lib:/home/wang/rmf_ws/install/nlohmann_json_schema_validator_vendor/lib:${LD_LIBRARY_PATH} PATH=/home/wang/rmf_ws/install/nlohmann_json_schema_validator_vendor/bin:${PATH} PKG_CONFIG_PATH=/home/wang/rmf_ws/install/rmf_task_sequence/lib/x86_64-linux-gnu/pkgconfig:/home/wang/rmf_ws/install/rmf_task_sequence/lib/pkgconfig:/home/wang/rmf_ws/install/rmf_task/lib/x86_64-linux-gnu/pkgconfig:/home/wang/rmf_ws/install/rmf_task/lib/pkgconfig:/home/wang/rmf_ws/install/rmf_battery/lib/x86_64-linux-gnu/pkgconfig:/home/wang/rmf_ws/install/rmf_battery/lib/pkgconfig:/home/wang/rmf_ws/install/rmf_traffic/lib/x86_64-linux-gnu/pkgconfig:/home/wang/rmf_ws/install/rmf_traffic/lib/pkgconfig:/home/wang/rmf_ws/install/rmf_utils/lib/x86_64-linux-gnu/pkgconfig:/home/wang/rmf_ws/install/rmf_utils/lib/pkgconfig PYTHONPATH=/home/wang/rmf_ws/install/rmf_task_msgs/local/lib/python3.10/dist-packages:/home/wang/rmf_ws/install/rmf_ingestor_msgs/local/lib/python3.10/dist-packages:/home/wang/rmf_ws/install/rmf_traffic_msgs/local/lib/python3.10/dist-packages:/home/wang/rmf_ws/install/rmf_site_map_msgs/local/lib/python3.10/dist-packages:/home/wang/rmf_ws/install/rmf_lift_msgs/local/lib/python3.10/dist-packages:/home/wang/rmf_ws/install/rmf_fleet_msgs/local/lib/python3.10/dist-packages:/home/wang/rmf_ws/install/rmf_door_msgs/local/lib/python3.10/dist-packages:/home/wang/rmf_ws/install/rmf_dispenser_msgs/local/lib/python3.10/dist-packages:/home/wang/rmf_ws/install/rmf_building_map_msgs/local/lib/python3.10/dist-packages:/home/wang/rmf_ws/install/rmf_api_msgs/local/lib/python3.10/dist-packages:${PYTHONPATH} /home/wang/.local/bin/cmake --install /home/wang/rmf_ws/build/rmf_fleet_adapter
[128.874s] -- Install configuration: "Release"
[128.874s] -- Installing: /home/wang/rmf_ws/install/rmf_fleet_adapter/include
[128.874s] -- Installing: /home/wang/rmf_ws/install/rmf_fleet_adapter/include/rmf_fleet_adapter
[128.874s] -- Installing: /home/wang/rmf_ws/install/rmf_fleet_adapter/include/rmf_fleet_adapter/schemas
[128.874s] -- Installing: /home/wang/rmf_ws/install/rmf_fleet_adapter/include/rmf_fleet_adapter/schemas/task_description__delivery.hpp
[128.874s] -- Installing: /home/wang/rmf_ws/install/rmf_fleet_adapter/include/rmf_fleet_adapter/schemas/task_description__clean.hpp
[128.874s] -- Installing: /home/wang/rmf_ws/install/rmf_fleet_adapter/include/rmf_fleet_adapter/schemas/event_description__sequence.hpp
[128.874s] -- Installing: /home/wang/rmf_ws/install/rmf_fleet_adapter/include/rmf_fleet_adapter/schemas/event_description__perform_action.hpp
[128.874s] -- Installing: /home/wang/rmf_ws/install/rmf_fleet_adapter/include/rmf_fleet_adapter/schemas/event_description__pickup.hpp
[128.874s] -- Installing: /home/wang/rmf_ws/install/rmf_fleet_adapter/include/rmf_fleet_adapter/schemas/event_description__clean.hpp
[128.874s] -- Installing: /home/wang/rmf_ws/install/rmf_fleet_adapter/include/rmf_fleet_adapter/schemas/task_description__patrol.hpp
[128.875s] -- Installing: /home/wang/rmf_ws/install/rmf_fleet_adapter/include/rmf_fleet_adapter/schemas/event_description__payload_transfer.hpp
[128.875s] -- Installing: /home/wang/rmf_ws/install/rmf_fleet_adapter/include/rmf_fleet_adapter/schemas/place.hpp
[128.875s] -- Installing: /home/wang/rmf_ws/install/rmf_fleet_adapter/include/rmf_fleet_adapter/schemas/event_description__go_to_place.hpp
[128.875s] -- Installing: /home/wang/rmf_ws/install/rmf_fleet_adapter/include/rmf_fleet_adapter/schemas/task_description__compose.hpp
[128.875s] -- Installing: /home/wang/rmf_ws/install/rmf_fleet_adapter/include/rmf_fleet_adapter/schemas/event_description__dropoff.hpp
[128.875s] -- Installing: /home/wang/rmf_ws/install/rmf_fleet_adapter/share/rmf_fleet_adapter/environment/library_path.sh
[128.875s] -- Installing: /home/wang/rmf_ws/install/rmf_fleet_adapter/share/rmf_fleet_adapter/environment/library_path.dsv
[128.875s] -- Installing: /home/wang/rmf_ws/install/rmf_fleet_adapter/lib/librmf_fleet_adapter.so
[128.888s] -- Set runtime path of "/home/wang/rmf_ws/install/rmf_fleet_adapter/lib/librmf_fleet_adapter.so" to ""
[128.889s] -- Installing: /home/wang/rmf_ws/install/rmf_fleet_adapter/lib/rmf_fleet_adapter/read_only
[128.889s] -- Set runtime path of "/home/wang/rmf_ws/install/rmf_fleet_adapter/lib/rmf_fleet_adapter/read_only" to ""
[128.889s] -- Installing: /home/wang/rmf_ws/install/rmf_fleet_adapter/lib/rmf_fleet_adapter/read_only_blockade
[128.890s] -- Set runtime path of "/home/wang/rmf_ws/install/rmf_fleet_adapter/lib/rmf_fleet_adapter/read_only_blockade" to ""
[128.890s] -- Installing: /home/wang/rmf_ws/install/rmf_fleet_adapter/lib/rmf_fleet_adapter/mock_traffic_light
[128.891s] -- Set runtime path of "/home/wang/rmf_ws/install/rmf_fleet_adapter/lib/rmf_fleet_adapter/mock_traffic_light" to ""
[128.891s] -- Installing: /home/wang/rmf_ws/install/rmf_fleet_adapter/lib/rmf_fleet_adapter/full_control
[128.893s] -- Set runtime path of "/home/wang/rmf_ws/install/rmf_fleet_adapter/lib/rmf_fleet_adapter/full_control" to ""
[128.893s] -- Installing: /home/wang/rmf_ws/install/rmf_fleet_adapter/lib/rmf_fleet_adapter/lift_supervisor
[128.894s] -- Set runtime path of "/home/wang/rmf_ws/install/rmf_fleet_adapter/lib/rmf_fleet_adapter/lift_supervisor" to ""
[128.895s] -- Installing: /home/wang/rmf_ws/install/rmf_fleet_adapter/lib/rmf_fleet_adapter/experimental_lift_watchdog
[128.895s] -- Set runtime path of "/home/wang/rmf_ws/install/rmf_fleet_adapter/lib/rmf_fleet_adapter/experimental_lift_watchdog" to ""
[128.895s] -- Installing: /home/wang/rmf_ws/install/rmf_fleet_adapter/lib/rmf_fleet_adapter/door_supervisor
[128.896s] -- Set runtime path of "/home/wang/rmf_ws/install/rmf_fleet_adapter/lib/rmf_fleet_adapter/door_supervisor" to ""
[128.897s] -- Installing: /home/wang/rmf_ws/install/rmf_fleet_adapter/lib/rmf_fleet_adapter/robot_state_aggregator
[128.897s] -- Set runtime path of "/home/wang/rmf_ws/install/rmf_fleet_adapter/lib/rmf_fleet_adapter/robot_state_aggregator" to ""
[128.897s] -- Installing: /home/wang/rmf_ws/install/rmf_fleet_adapter/lib/rmf_fleet_adapter/test_read_only_adapter
[128.898s] -- Set runtime path of "/home/wang/rmf_ws/install/rmf_fleet_adapter/lib/rmf_fleet_adapter/test_read_only_adapter" to ""
[128.898s] -- Installing: /home/wang/rmf_ws/install/rmf_fleet_adapter/lib/rmf_fleet_adapter/task_aggregator
[128.899s] -- Set runtime path of "/home/wang/rmf_ws/install/rmf_fleet_adapter/lib/rmf_fleet_adapter/task_aggregator" to ""
[128.899s] -- Installing: /home/wang/rmf_ws/install/rmf_fleet_adapter/lib/rmf_fleet_adapter/open_lanes
[128.900s] -- Set runtime path of "/home/wang/rmf_ws/install/rmf_fleet_adapter/lib/rmf_fleet_adapter/open_lanes" to ""
[128.900s] -- Installing: /home/wang/rmf_ws/install/rmf_fleet_adapter/lib/rmf_fleet_adapter/close_lanes
[128.900s] -- Set runtime path of "/home/wang/rmf_ws/install/rmf_fleet_adapter/lib/rmf_fleet_adapter/close_lanes" to ""
[128.900s] -- Installing: /home/wang/rmf_ws/install/rmf_fleet_adapter/lib/rmf_fleet_adapter/interrupt_robot
[128.901s] -- Set runtime path of "/home/wang/rmf_ws/install/rmf_fleet_adapter/lib/rmf_fleet_adapter/interrupt_robot" to ""
[128.901s] -- Installing: /home/wang/rmf_ws/install/rmf_fleet_adapter/lib/librobot_state_aggregator_main.so
[128.902s] -- Set runtime path of "/home/wang/rmf_ws/install/rmf_fleet_adapter/lib/librobot_state_aggregator_main.so" to ""
[128.902s] -- Up-to-date: /home/wang/rmf_ws/install/rmf_fleet_adapter/share/rmf_fleet_adapter
[128.902s] -- Installing: /home/wang/rmf_ws/install/rmf_fleet_adapter/share/rmf_fleet_adapter/fleet_adapter.launch.xml
[128.902s] -- Installing: /home/wang/rmf_ws/install/rmf_fleet_adapter/share/rmf_fleet_adapter/robot_state_aggregator.launch.xml
[128.902s] -- Installing: /home/wang/rmf_ws/install/rmf_fleet_adapter/share/rmf_fleet_adapter/robot_state_aggregator.composition.launch.xml
[128.902s] -- Up-to-date: /home/wang/rmf_ws/install/rmf_fleet_adapter/include
[128.902s] -- Up-to-date: /home/wang/rmf_ws/install/rmf_fleet_adapter/include/rmf_fleet_adapter
[128.902s] -- Installing: /home/wang/rmf_ws/install/rmf_fleet_adapter/include/rmf_fleet_adapter/StandardNames.hpp
[128.902s] -- Installing: /home/wang/rmf_ws/install/rmf_fleet_adapter/include/rmf_fleet_adapter/agv
[128.902s] -- Installing: /home/wang/rmf_ws/install/rmf_fleet_adapter/include/rmf_fleet_adapter/agv/test
[128.902s] -- Installing: /home/wang/rmf_ws/install/rmf_fleet_adapter/include/rmf_fleet_adapter/agv/test/MockAdapter.hpp
[128.903s] -- Installing: /home/wang/rmf_ws/install/rmf_fleet_adapter/include/rmf_fleet_adapter/agv/parse_graph.hpp
[128.903s] -- Installing: /home/wang/rmf_ws/install/rmf_fleet_adapter/include/rmf_fleet_adapter/agv/RobotCommandHandle.hpp
[128.903s] -- Installing: /home/wang/rmf_ws/install/rmf_fleet_adapter/include/rmf_fleet_adapter/agv/FleetUpdateHandle.hpp
[128.903s] -- Installing: /home/wang/rmf_ws/install/rmf_fleet_adapter/include/rmf_fleet_adapter/agv/EasyTrafficLight.hpp
[128.903s] -- Installing: /home/wang/rmf_ws/install/rmf_fleet_adapter/include/rmf_fleet_adapter/agv/RobotUpdateHandle.hpp
[128.903s] -- Installing: /home/wang/rmf_ws/install/rmf_fleet_adapter/include/rmf_fleet_adapter/agv/Waypoint.hpp
[128.903s] -- Installing: /home/wang/rmf_ws/install/rmf_fleet_adapter/include/rmf_fleet_adapter/agv/Adapter.hpp
[128.903s] -- Installing: /home/wang/rmf_ws/install/rmf_fleet_adapter/share/ament_index/resource_index/package_run_dependencies/rmf_fleet_adapter
[128.903s] -- Installing: /home/wang/rmf_ws/install/rmf_fleet_adapter/share/ament_index/resource_index/parent_prefix_path/rmf_fleet_adapter
[128.903s] -- Installing: /home/wang/rmf_ws/install/rmf_fleet_adapter/share/rmf_fleet_adapter/environment/ament_prefix_path.sh
[128.903s] -- Installing: /home/wang/rmf_ws/install/rmf_fleet_adapter/share/rmf_fleet_adapter/environment/ament_prefix_path.dsv
[128.903s] -- Installing: /home/wang/rmf_ws/install/rmf_fleet_adapter/share/rmf_fleet_adapter/environment/path.sh
[128.903s] -- Installing: /home/wang/rmf_ws/install/rmf_fleet_adapter/share/rmf_fleet_adapter/environment/path.dsv
[128.903s] -- Installing: /home/wang/rmf_ws/install/rmf_fleet_adapter/share/rmf_fleet_adapter/local_setup.bash
[128.903s] -- Installing: /home/wang/rmf_ws/install/rmf_fleet_adapter/share/rmf_fleet_adapter/local_setup.sh
[128.903s] -- Installing: /home/wang/rmf_ws/install/rmf_fleet_adapter/share/rmf_fleet_adapter/local_setup.zsh
[128.903s] -- Installing: /home/wang/rmf_ws/install/rmf_fleet_adapter/share/rmf_fleet_adapter/local_setup.dsv
[128.903s] -- Installing: /home/wang/rmf_ws/install/rmf_fleet_adapter/share/rmf_fleet_adapter/package.dsv
[128.903s] -- Installing: /home/wang/rmf_ws/install/rmf_fleet_adapter/share/ament_index/resource_index/packages/rmf_fleet_adapter
[128.904s] -- Installing: /home/wang/rmf_ws/install/rmf_fleet_adapter/share/ament_index/resource_index/rclcpp_components/rmf_fleet_adapter
[128.904s] -- Installing: /home/wang/rmf_ws/install/rmf_fleet_adapter/share/rmf_fleet_adapter/cmake/rmf_fleet_adapterExport.cmake
[128.904s] -- Installing: /home/wang/rmf_ws/install/rmf_fleet_adapter/share/rmf_fleet_adapter/cmake/rmf_fleet_adapterExport-release.cmake
[128.904s] -- Installing: /home/wang/rmf_ws/install/rmf_fleet_adapter/share/rmf_fleet_adapter/cmake/ament_cmake_export_targets-extras.cmake
[128.904s] -- Installing: /home/wang/rmf_ws/install/rmf_fleet_adapter/share/rmf_fleet_adapter/cmake/ament_cmake_export_dependencies-extras.cmake
[128.904s] -- Installing: /home/wang/rmf_ws/install/rmf_fleet_adapter/share/rmf_fleet_adapter/cmake/rmf_fleet_adapterConfig.cmake
[128.904s] -- Installing: /home/wang/rmf_ws/install/rmf_fleet_adapter/share/rmf_fleet_adapter/cmake/rmf_fleet_adapterConfig-version.cmake
[128.904s] -- Installing: /home/wang/rmf_ws/install/rmf_fleet_adapter/share/rmf_fleet_adapter/package.xml
[128.911s] Invoked command in '/home/wang/rmf_ws/build/rmf_fleet_adapter' returned '0': AMENT_PREFIX_PATH=/home/wang/rmf_ws/install/rmf_task_ros2:/home/wang/rmf_ws/install/rmf_traffic_ros2:/home/wang/rmf_ws/install/rmf_websocket:/home/wang/rmf_ws/install/rmf_task_msgs:/home/wang/rmf_ws/install/rmf_ingestor_msgs:/home/wang/rmf_ws/install/rmf_traffic_msgs:/home/wang/rmf_ws/install/rmf_site_map_msgs:/home/wang/rmf_ws/install/rmf_lift_msgs:/home/wang/rmf_ws/install/rmf_fleet_msgs:/home/wang/rmf_ws/install/rmf_door_msgs:/home/wang/rmf_ws/install/rmf_dispenser_msgs:/home/wang/rmf_ws/install/rmf_building_map_msgs:/home/wang/rmf_ws/install/rmf_api_msgs:/home/wang/rmf_ws/install/nlohmann_json_schema_validator_vendor:/home/wang/rmf_ws/install/ament_cmake_catch2:${AMENT_PREFIX_PATH} CMAKE_PREFIX_PATH=/home/wang/rmf_ws/install/rmf_task_sequence:/home/wang/rmf_ws/install/rmf_task_ros2:/home/wang/rmf_ws/install/rmf_task:/home/wang/rmf_ws/install/rmf_traffic_ros2:/home/wang/rmf_ws/install/rmf_battery:/home/wang/rmf_ws/install/rmf_websocket:/home/wang/rmf_ws/install/rmf_traffic:/home/wang/rmf_ws/install/rmf_utils:/home/wang/rmf_ws/install/rmf_task_msgs:/home/wang/rmf_ws/install/rmf_ingestor_msgs:/home/wang/rmf_ws/install/rmf_traffic_msgs:/home/wang/rmf_ws/install/rmf_site_map_msgs:/home/wang/rmf_ws/install/rmf_lift_msgs:/home/wang/rmf_ws/install/rmf_fleet_msgs:/home/wang/rmf_ws/install/rmf_door_msgs:/home/wang/rmf_ws/install/rmf_dispenser_msgs:/home/wang/rmf_ws/install/rmf_building_map_msgs:/home/wang/rmf_ws/install/rmf_api_msgs:/home/wang/rmf_ws/install/nlohmann_json_schema_validator_vendor:/home/wang/rmf_ws/install/ament_cmake_catch2:/opt/ros/humble LD_LIBRARY_PATH=/home/wang/rmf_ws/install/rmf_task_sequence/lib:/home/wang/rmf_ws/install/rmf_task_ros2/lib:/home/wang/rmf_ws/install/rmf_task/lib:/home/wang/rmf_ws/install/rmf_traffic_ros2/lib:/home/wang/rmf_ws/install/rmf_battery/lib:/home/wang/rmf_ws/install/rmf_websocket/lib:/home/wang/rmf_ws/install/rmf_traffic/lib:/home/wang/rmf_ws/install/rmf_utils/lib:/home/wang/rmf_ws/install/rmf_task_msgs/lib:/home/wang/rmf_ws/install/rmf_ingestor_msgs/lib:/home/wang/rmf_ws/install/rmf_traffic_msgs/lib:/home/wang/rmf_ws/install/rmf_site_map_msgs/lib:/home/wang/rmf_ws/install/rmf_lift_msgs/lib:/home/wang/rmf_ws/install/rmf_fleet_msgs/lib:/home/wang/rmf_ws/install/rmf_door_msgs/lib:/home/wang/rmf_ws/install/rmf_dispenser_msgs/lib:/home/wang/rmf_ws/install/rmf_building_map_msgs/lib:/home/wang/rmf_ws/install/nlohmann_json_schema_validator_vendor/lib:${LD_LIBRARY_PATH} PATH=/home/wang/rmf_ws/install/nlohmann_json_schema_validator_vendor/bin:${PATH} PKG_CONFIG_PATH=/home/wang/rmf_ws/install/rmf_task_sequence/lib/x86_64-linux-gnu/pkgconfig:/home/wang/rmf_ws/install/rmf_task_sequence/lib/pkgconfig:/home/wang/rmf_ws/install/rmf_task/lib/x86_64-linux-gnu/pkgconfig:/home/wang/rmf_ws/install/rmf_task/lib/pkgconfig:/home/wang/rmf_ws/install/rmf_battery/lib/x86_64-linux-gnu/pkgconfig:/home/wang/rmf_ws/install/rmf_battery/lib/pkgconfig:/home/wang/rmf_ws/install/rmf_traffic/lib/x86_64-linux-gnu/pkgconfig:/home/wang/rmf_ws/install/rmf_traffic/lib/pkgconfig:/home/wang/rmf_ws/install/rmf_utils/lib/x86_64-linux-gnu/pkgconfig:/home/wang/rmf_ws/install/rmf_utils/lib/pkgconfig PYTHONPATH=/home/wang/rmf_ws/install/rmf_task_msgs/local/lib/python3.10/dist-packages:/home/wang/rmf_ws/install/rmf_ingestor_msgs/local/lib/python3.10/dist-packages:/home/wang/rmf_ws/install/rmf_traffic_msgs/local/lib/python3.10/dist-packages:/home/wang/rmf_ws/install/rmf_site_map_msgs/local/lib/python3.10/dist-packages:/home/wang/rmf_ws/install/rmf_lift_msgs/local/lib/python3.10/dist-packages:/home/wang/rmf_ws/install/rmf_fleet_msgs/local/lib/python3.10/dist-packages:/home/wang/rmf_ws/install/rmf_door_msgs/local/lib/python3.10/dist-packages:/home/wang/rmf_ws/install/rmf_dispenser_msgs/local/lib/python3.10/dist-packages:/home/wang/rmf_ws/install/rmf_building_map_msgs/local/lib/python3.10/dist-packages:/home/wang/rmf_ws/install/rmf_api_msgs/local/lib/python3.10/dist-packages:${PYTHONPATH} /home/wang/.local/bin/cmake --install /home/wang/rmf_ws/build/rmf_fleet_adapter
