[0.019s] Invoking command in '/home/wang/rmf_ws/build/rmf_task_ros2': AMENT_PREFIX_PATH=/home/wang/rmf_ws/install/rmf_traffic_ros2:/home/wang/rmf_ws/install/rmf_websocket:/home/wang/rmf_ws/install/rmf_task_msgs:/home/wang/rmf_ws/install/rmf_traffic_msgs:/home/wang/rmf_ws/install/rmf_site_map_msgs:/home/wang/rmf_ws/install/rmf_fleet_msgs:/home/wang/rmf_ws/install/rmf_dispenser_msgs:/home/wang/rmf_ws/install/rmf_building_map_msgs:/home/wang/rmf_ws/install/rmf_api_msgs:/home/wang/rmf_ws/install/nlohmann_json_schema_validator_vendor:/home/wang/rmf_ws/install/ament_cmake_catch2:${AMENT_PREFIX_PATH} CMAKE_PREFIX_PATH=/home/wang/rmf_ws/install/rmf_traffic_ros2:/home/wang/rmf_ws/install/rmf_websocket:/home/wang/rmf_ws/install/rmf_traffic:/home/wang/rmf_ws/install/rmf_utils:/home/wang/rmf_ws/install/rmf_task_msgs:/home/wang/rmf_ws/install/rmf_traffic_msgs:/home/wang/rmf_ws/install/rmf_site_map_msgs:/home/wang/rmf_ws/install/rmf_fleet_msgs:/home/wang/rmf_ws/install/rmf_dispenser_msgs:/home/wang/rmf_ws/install/rmf_building_map_msgs:/home/wang/rmf_ws/install/rmf_api_msgs:/home/wang/rmf_ws/install/nlohmann_json_schema_validator_vendor:/home/wang/rmf_ws/install/ament_cmake_catch2:/opt/ros/humble LD_LIBRARY_PATH=/home/wang/rmf_ws/install/rmf_traffic_ros2/lib:/home/wang/rmf_ws/install/rmf_websocket/lib:/home/wang/rmf_ws/install/rmf_traffic/lib:/home/wang/rmf_ws/install/rmf_utils/lib:/home/wang/rmf_ws/install/rmf_task_msgs/lib:/home/wang/rmf_ws/install/rmf_traffic_msgs/lib:/home/wang/rmf_ws/install/rmf_site_map_msgs/lib:/home/wang/rmf_ws/install/rmf_fleet_msgs/lib:/home/wang/rmf_ws/install/rmf_dispenser_msgs/lib:/home/wang/rmf_ws/install/rmf_building_map_msgs/lib:/home/wang/rmf_ws/install/nlohmann_json_schema_validator_vendor/lib:${LD_LIBRARY_PATH} PATH=/home/wang/rmf_ws/install/nlohmann_json_schema_validator_vendor/bin:${PATH} PKG_CONFIG_PATH=/home/wang/rmf_ws/install/rmf_traffic/lib/x86_64-linux-gnu/pkgconfig:/home/wang/rmf_ws/install/rmf_traffic/lib/pkgconfig:/home/wang/rmf_ws/install/rmf_utils/lib/x86_64-linux-gnu/pkgconfig:/home/wang/rmf_ws/install/rmf_utils/lib/pkgconfig PYTHONPATH=/home/wang/rmf_ws/install/rmf_task_msgs/local/lib/python3.10/dist-packages:/home/wang/rmf_ws/install/rmf_traffic_msgs/local/lib/python3.10/dist-packages:/home/wang/rmf_ws/install/rmf_site_map_msgs/local/lib/python3.10/dist-packages:/home/wang/rmf_ws/install/rmf_fleet_msgs/local/lib/python3.10/dist-packages:/home/wang/rmf_ws/install/rmf_dispenser_msgs/local/lib/python3.10/dist-packages:/home/wang/rmf_ws/install/rmf_building_map_msgs/local/lib/python3.10/dist-packages:/home/wang/rmf_ws/install/rmf_api_msgs/local/lib/python3.10/dist-packages:${PYTHONPATH} /home/wang/.local/bin/cmake /home/wang/rmf_ws/src/rmf/rmf_ros2/rmf_task_ros2 -DCMAKE_EXE_LINKER_FLAGS=-fuse-ld=lld -DCMAKE_MODULE_LINKER_FLAGS=-fuse-ld=lld -DCMAKE_SHARED_LINKER_FLAGS=-fuse-ld=lld -DCMAKE_BUILD_TYPE=Release -DCMAKE_INSTALL_PREFIX=/home/wang/rmf_ws/install/rmf_task_ros2
[0.101s] -- The C compiler identification is Clang 14.0.0
[0.213s] -- The CXX compiler identification is Clang 14.0.0
[0.231s] -- Detecting C compiler ABI info
[0.316s] -- Detecting C compiler ABI info - done
[0.322s] -- Check for working C compiler: /usr/bin/clang - skipped
[0.322s] -- Detecting C compile features
[0.322s] -- Detecting C compile features - done
[0.325s] -- Detecting CXX compiler ABI info
[0.413s] -- Detecting CXX compiler ABI info - done
[0.420s] -- Check for working CXX compiler: /usr/bin/clang++ - skipped
[0.421s] -- Detecting CXX compile features
[0.421s] -- Detecting CXX compile features - done
[0.425s] -- Found ament_cmake: 1.3.5 (/opt/ros/humble/share/ament_cmake/cmake)
[0.719s] -- Found Python3: /usr/bin/python3.10 (found version "3.10.6") found components: Interpreter 
[0.796s] -- Found nlohmann_json: /usr/lib/cmake/nlohmann_json/nlohmann_jsonConfig.cmake (found version "3.10.5") 
[0.799s] -- Found eigen3_cmake_module: 0.1.1 (/opt/ros/humble/share/eigen3_cmake_module/cmake)
[0.805s] -- Found Eigen3: TRUE (found version "3.4.0") 
[0.807s] -- Performing Test CMAKE_HAVE_LIBC_PTHREAD
[0.889s] -- Performing Test CMAKE_HAVE_LIBC_PTHREAD - Success
[0.890s] -- Found Threads: TRUE  
[0.891s] -- Found rmf_traffic_ros2: 2.1.6 (/home/wang/rmf_ws/install/rmf_traffic_ros2/share/rmf_traffic_ros2/cmake)
[0.894s] -- Found PkgConfig: /usr/bin/pkg-config (found version "0.29.2") 
[0.895s] -- Checking for module 'proj'
[0.903s] --   Found proj, version 8.2.1
[1.021s] -- Found rosidl_generator_c: 3.1.4 (/opt/ros/humble/share/rosidl_generator_c/cmake)
[1.026s] -- Found rosidl_adapter: 3.1.4 (/opt/ros/humble/share/rosidl_adapter/cmake)
[1.035s] -- Found rosidl_generator_cpp: 3.1.4 (/opt/ros/humble/share/rosidl_generator_cpp/cmake)
[1.049s] -- Using all available rosidl_typesupport_c: rosidl_typesupport_fastrtps_c;rosidl_typesupport_introspection_c
[1.069s] -- Using all available rosidl_typesupport_cpp: rosidl_typesupport_fastrtps_cpp;rosidl_typesupport_introspection_cpp
[1.140s] -- Found rmw_implementation_cmake: 6.1.1 (/opt/ros/humble/share/rmw_implementation_cmake/cmake)
[1.144s] -- Found rmw_fastrtps_cpp: 6.2.2 (/opt/ros/humble/share/rmw_fastrtps_cpp/cmake)
[1.225s] -- Found OpenSSL: /usr/lib/x86_64-linux-gnu/libcrypto.so (found version "3.0.2")  
[1.251s] -- Found FastRTPS: /opt/ros/humble/include  
[1.293s] -- Using RMW implementation 'rmw_fastrtps_cpp' as default
[1.662s] -- Found rmf_task_msgs: 3.0.3 (/home/wang/rmf_ws/install/rmf_task_msgs/share/rmf_task_msgs/cmake)
[1.822s] -- Found rmf_websocket: 2.1.6 (/home/wang/rmf_ws/install/rmf_websocket/share/rmf_websocket/cmake)
[1.837s] -- Found nlohmann_json_schema_validator_vendor: 0.2.5 (/home/wang/rmf_ws/install/nlohmann_json_schema_validator_vendor/share/nlohmann_json_schema_validator_vendor/cmake)
[1.896s] -- Found ament_cmake_uncrustify: 0.12.6 (/opt/ros/humble/share/ament_cmake_uncrustify/cmake)
[1.951s] -- Configuring done (1.9s)
[2.128s] -- Generating done (0.1s)
[2.130s] -- Build files have been written to: /home/wang/rmf_ws/build/rmf_task_ros2
[2.146s] Invoked command in '/home/wang/rmf_ws/build/rmf_task_ros2' returned '0': AMENT_PREFIX_PATH=/home/wang/rmf_ws/install/rmf_traffic_ros2:/home/wang/rmf_ws/install/rmf_websocket:/home/wang/rmf_ws/install/rmf_task_msgs:/home/wang/rmf_ws/install/rmf_traffic_msgs:/home/wang/rmf_ws/install/rmf_site_map_msgs:/home/wang/rmf_ws/install/rmf_fleet_msgs:/home/wang/rmf_ws/install/rmf_dispenser_msgs:/home/wang/rmf_ws/install/rmf_building_map_msgs:/home/wang/rmf_ws/install/rmf_api_msgs:/home/wang/rmf_ws/install/nlohmann_json_schema_validator_vendor:/home/wang/rmf_ws/install/ament_cmake_catch2:${AMENT_PREFIX_PATH} CMAKE_PREFIX_PATH=/home/wang/rmf_ws/install/rmf_traffic_ros2:/home/wang/rmf_ws/install/rmf_websocket:/home/wang/rmf_ws/install/rmf_traffic:/home/wang/rmf_ws/install/rmf_utils:/home/wang/rmf_ws/install/rmf_task_msgs:/home/wang/rmf_ws/install/rmf_traffic_msgs:/home/wang/rmf_ws/install/rmf_site_map_msgs:/home/wang/rmf_ws/install/rmf_fleet_msgs:/home/wang/rmf_ws/install/rmf_dispenser_msgs:/home/wang/rmf_ws/install/rmf_building_map_msgs:/home/wang/rmf_ws/install/rmf_api_msgs:/home/wang/rmf_ws/install/nlohmann_json_schema_validator_vendor:/home/wang/rmf_ws/install/ament_cmake_catch2:/opt/ros/humble LD_LIBRARY_PATH=/home/wang/rmf_ws/install/rmf_traffic_ros2/lib:/home/wang/rmf_ws/install/rmf_websocket/lib:/home/wang/rmf_ws/install/rmf_traffic/lib:/home/wang/rmf_ws/install/rmf_utils/lib:/home/wang/rmf_ws/install/rmf_task_msgs/lib:/home/wang/rmf_ws/install/rmf_traffic_msgs/lib:/home/wang/rmf_ws/install/rmf_site_map_msgs/lib:/home/wang/rmf_ws/install/rmf_fleet_msgs/lib:/home/wang/rmf_ws/install/rmf_dispenser_msgs/lib:/home/wang/rmf_ws/install/rmf_building_map_msgs/lib:/home/wang/rmf_ws/install/nlohmann_json_schema_validator_vendor/lib:${LD_LIBRARY_PATH} PATH=/home/wang/rmf_ws/install/nlohmann_json_schema_validator_vendor/bin:${PATH} PKG_CONFIG_PATH=/home/wang/rmf_ws/install/rmf_traffic/lib/x86_64-linux-gnu/pkgconfig:/home/wang/rmf_ws/install/rmf_traffic/lib/pkgconfig:/home/wang/rmf_ws/install/rmf_utils/lib/x86_64-linux-gnu/pkgconfig:/home/wang/rmf_ws/install/rmf_utils/lib/pkgconfig PYTHONPATH=/home/wang/rmf_ws/install/rmf_task_msgs/local/lib/python3.10/dist-packages:/home/wang/rmf_ws/install/rmf_traffic_msgs/local/lib/python3.10/dist-packages:/home/wang/rmf_ws/install/rmf_site_map_msgs/local/lib/python3.10/dist-packages:/home/wang/rmf_ws/install/rmf_fleet_msgs/local/lib/python3.10/dist-packages:/home/wang/rmf_ws/install/rmf_dispenser_msgs/local/lib/python3.10/dist-packages:/home/wang/rmf_ws/install/rmf_building_map_msgs/local/lib/python3.10/dist-packages:/home/wang/rmf_ws/install/rmf_api_msgs/local/lib/python3.10/dist-packages:${PYTHONPATH} /home/wang/.local/bin/cmake /home/wang/rmf_ws/src/rmf/rmf_ros2/rmf_task_ros2 -DCMAKE_EXE_LINKER_FLAGS=-fuse-ld=lld -DCMAKE_MODULE_LINKER_FLAGS=-fuse-ld=lld -DCMAKE_SHARED_LINKER_FLAGS=-fuse-ld=lld -DCMAKE_BUILD_TYPE=Release -DCMAKE_INSTALL_PREFIX=/home/wang/rmf_ws/install/rmf_task_ros2
[2.148s] Invoking command in '/home/wang/rmf_ws/build/rmf_task_ros2': AMENT_PREFIX_PATH=/home/wang/rmf_ws/install/rmf_traffic_ros2:/home/wang/rmf_ws/install/rmf_websocket:/home/wang/rmf_ws/install/rmf_task_msgs:/home/wang/rmf_ws/install/rmf_traffic_msgs:/home/wang/rmf_ws/install/rmf_site_map_msgs:/home/wang/rmf_ws/install/rmf_fleet_msgs:/home/wang/rmf_ws/install/rmf_dispenser_msgs:/home/wang/rmf_ws/install/rmf_building_map_msgs:/home/wang/rmf_ws/install/rmf_api_msgs:/home/wang/rmf_ws/install/nlohmann_json_schema_validator_vendor:/home/wang/rmf_ws/install/ament_cmake_catch2:${AMENT_PREFIX_PATH} CMAKE_PREFIX_PATH=/home/wang/rmf_ws/install/rmf_traffic_ros2:/home/wang/rmf_ws/install/rmf_websocket:/home/wang/rmf_ws/install/rmf_traffic:/home/wang/rmf_ws/install/rmf_utils:/home/wang/rmf_ws/install/rmf_task_msgs:/home/wang/rmf_ws/install/rmf_traffic_msgs:/home/wang/rmf_ws/install/rmf_site_map_msgs:/home/wang/rmf_ws/install/rmf_fleet_msgs:/home/wang/rmf_ws/install/rmf_dispenser_msgs:/home/wang/rmf_ws/install/rmf_building_map_msgs:/home/wang/rmf_ws/install/rmf_api_msgs:/home/wang/rmf_ws/install/nlohmann_json_schema_validator_vendor:/home/wang/rmf_ws/install/ament_cmake_catch2:/opt/ros/humble LD_LIBRARY_PATH=/home/wang/rmf_ws/install/rmf_traffic_ros2/lib:/home/wang/rmf_ws/install/rmf_websocket/lib:/home/wang/rmf_ws/install/rmf_traffic/lib:/home/wang/rmf_ws/install/rmf_utils/lib:/home/wang/rmf_ws/install/rmf_task_msgs/lib:/home/wang/rmf_ws/install/rmf_traffic_msgs/lib:/home/wang/rmf_ws/install/rmf_site_map_msgs/lib:/home/wang/rmf_ws/install/rmf_fleet_msgs/lib:/home/wang/rmf_ws/install/rmf_dispenser_msgs/lib:/home/wang/rmf_ws/install/rmf_building_map_msgs/lib:/home/wang/rmf_ws/install/nlohmann_json_schema_validator_vendor/lib:${LD_LIBRARY_PATH} PATH=/home/wang/rmf_ws/install/nlohmann_json_schema_validator_vendor/bin:${PATH} PKG_CONFIG_PATH=/home/wang/rmf_ws/install/rmf_traffic/lib/x86_64-linux-gnu/pkgconfig:/home/wang/rmf_ws/install/rmf_traffic/lib/pkgconfig:/home/wang/rmf_ws/install/rmf_utils/lib/x86_64-linux-gnu/pkgconfig:/home/wang/rmf_ws/install/rmf_utils/lib/pkgconfig PYTHONPATH=/home/wang/rmf_ws/install/rmf_task_msgs/local/lib/python3.10/dist-packages:/home/wang/rmf_ws/install/rmf_traffic_msgs/local/lib/python3.10/dist-packages:/home/wang/rmf_ws/install/rmf_site_map_msgs/local/lib/python3.10/dist-packages:/home/wang/rmf_ws/install/rmf_fleet_msgs/local/lib/python3.10/dist-packages:/home/wang/rmf_ws/install/rmf_dispenser_msgs/local/lib/python3.10/dist-packages:/home/wang/rmf_ws/install/rmf_building_map_msgs/local/lib/python3.10/dist-packages:/home/wang/rmf_ws/install/rmf_api_msgs/local/lib/python3.10/dist-packages:${PYTHONPATH} /home/wang/.local/bin/cmake --build /home/wang/rmf_ws/build/rmf_task_ros2 -- -j16 -l16
[2.195s] [ 33%] [32mBuilding CXX object CMakeFiles/rmf_task_ros2.dir/src/rmf_task_ros2/DispatchState.cpp.o[0m
[2.195s] [ 33%] [32mBuilding CXX object CMakeFiles/rmf_task_ros2.dir/src/rmf_task_ros2/Dispatcher.cpp.o[0m
[2.195s] [ 33%] [32mBuilding CXX object CMakeFiles/rmf_task_ros2.dir/src/rmf_task_ros2/bidding/Auctioneer.cpp.o[0m
[2.195s] [ 33%] [32mBuilding CXX object CMakeFiles/rmf_task_ros2.dir/src/rmf_task_ros2/bidding/Response.cpp.o[0m
[2.195s] [ 33%] [32mBuilding CXX object CMakeFiles/rmf_task_ros2.dir/src/rmf_task_ros2/bidding/AsyncBidder.cpp.o[0m
[25.861s] [ 40%] [32m[1mLinking CXX shared library librmf_task_ros2.so[0m
[25.968s] [ 40%] Built target rmf_task_ros2
[25.976s] [ 66%] [32mBuilding CXX object CMakeFiles/test_rmf_task_ros2.dir/test/bidding/test_SelfBid.cpp.o[0m
[25.976s] [ 66%] [32mBuilding CXX object CMakeFiles/test_rmf_task_ros2.dir/test/main.cpp.o[0m
[25.976s] [ 66%] [32mBuilding CXX object CMakeFiles/rmf_bidder_node.dir/src/mock_bidder/main.cpp.o[0m
[25.977s] [ 66%] [32mBuilding CXX object CMakeFiles/rmf_task_dispatcher.dir/src/dispatcher_node/main.cpp.o[0m
[25.977s] [ 73%] [32mBuilding CXX object CMakeFiles/test_rmf_task_ros2.dir/test/dispatcher/test_Dispatcher.cpp.o[0m
[25.977s] [ 80%] [32mBuilding CXX object CMakeFiles/test_rmf_task_ros2.dir/test/bidding/test_Evaluator.cpp.o[0m
[28.394s] [1m/home/wang/rmf_ws/src/rmf/rmf_ros2/rmf_task_ros2/test/dispatcher/test_Dispatcher.cpp:80:33: [0m[0;1;35mwarning: [0m[1m'submit_task' is deprecated [-Wdeprecated-declarations][0m
[28.395s]     const auto id = dispatcher->submit_task(task_desc1);
[28.395s] [0;1;32m                                ^
[28.395s] [0m[1m/home/wang/rmf_ws/src/rmf/rmf_ros2/rmf_task_ros2/include/rmf_task_ros2/Dispatcher.hpp:82:5: [0m[0;1;30mnote: [0m'submit_task' has been explicitly marked deprecated here[0m
[28.395s]   [[deprecated]]
[28.395s] [0;1;32m    ^
[28.410s] [0m[1m/home/wang/rmf_ws/src/rmf/rmf_ros2/rmf_task_ros2/test/dispatcher/test_Dispatcher.cpp:104:25: [0m[0;1;35mwarning: [0m[1m'submit_task' is deprecated [-Wdeprecated-declarations][0m
[28.411s]     REQUIRE(dispatcher->submit_task(task_desc2) == std::nullopt);
[28.411s] [0;1;32m                        ^
[28.411s] [0m[1m/home/wang/rmf_ws/src/rmf/rmf_ros2/rmf_task_ros2/include/rmf_task_ros2/Dispatcher.hpp:82:5: [0m[0;1;30mnote: [0m'submit_task' has been explicitly marked deprecated here[0m
[28.411s]   [[deprecated]]
[28.411s] [0;1;32m    ^
[28.412s] [0m[1m/home/wang/rmf_ws/src/rmf/rmf_ros2/rmf_task_ros2/test/dispatcher/test_Dispatcher.cpp:104:25: [0m[0;1;35mwarning: [0m[1m'submit_task' is deprecated [-Wdeprecated-declarations][0m
[28.412s]     REQUIRE(dispatcher->submit_task(task_desc2) == std::nullopt);
[28.412s] [0;1;32m                        ^
[28.412s] [0m[1m/home/wang/rmf_ws/src/rmf/rmf_ros2/rmf_task_ros2/include/rmf_task_ros2/Dispatcher.hpp:82:5: [0m[0;1;30mnote: [0m'submit_task' has been explicitly marked deprecated here[0m
[28.412s]   [[deprecated]]
[28.412s] [0;1;32m    ^
[28.412s] [0m[1m/home/wang/rmf_ws/src/rmf/rmf_ros2/rmf_task_ros2/test/dispatcher/test_Dispatcher.cpp:104:25: [0m[0;1;35mwarning: [0m[1m'submit_task' is deprecated [-Wdeprecated-declarations][0m
[28.413s]     REQUIRE(dispatcher->submit_task(task_desc2) == std::nullopt);
[28.413s] [0;1;32m                        ^
[28.413s] [0m[1m/home/wang/rmf_ws/src/rmf/rmf_ros2/rmf_task_ros2/include/rmf_task_ros2/Dispatcher.hpp:82:5: [0m[0;1;30mnote: [0m'submit_task' has been explicitly marked deprecated here[0m
[28.413s]   [[deprecated]]
[28.413s] [0;1;32m    ^
[28.421s] [0m[1m/home/wang/rmf_ws/src/rmf/rmf_ros2/rmf_task_ros2/test/dispatcher/test_Dispatcher.cpp:122:27: [0m[0;1;35mwarning: [0m[1m'submit_task' is deprecated [-Wdeprecated-declarations][0m
[28.421s]     auto id = dispatcher->submit_task(task_desc1);
[28.421s] [0;1;32m                          ^
[28.421s] [0m[1m/home/wang/rmf_ws/src/rmf/rmf_ros2/rmf_task_ros2/include/rmf_task_ros2/Dispatcher.hpp:82:5: [0m[0;1;30mnote: [0m'submit_task' has been explicitly marked deprecated here[0m
[28.421s]   [[deprecated]]
[28.421s] [0;1;32m    ^
[28.427s] [0m[1m/home/wang/rmf_ws/src/rmf/rmf_ros2/rmf_task_ros2/test/dispatcher/test_Dispatcher.cpp:139:22: [0m[0;1;35mwarning: [0m[1m'submit_task' is deprecated [-Wdeprecated-declarations][0m
[28.427s]     id = dispatcher->submit_task(task_desc2);
[28.427s] [0;1;32m                     ^
[28.427s] [0m[1m/home/wang/rmf_ws/src/rmf/rmf_ros2/rmf_task_ros2/include/rmf_task_ros2/Dispatcher.hpp:82:5: [0m[0;1;30mnote: [0m'submit_task' has been explicitly marked deprecated here[0m
[28.427s]   [[deprecated]]
[28.427s] [0;1;32m    ^
[29.248s] [ 86%] [32m[1mLinking CXX executable rmf_task_dispatcher[0m
[29.318s] [ 86%] Built target rmf_task_dispatcher
[30.605s] [ 93%] [32m[1mLinking CXX executable rmf_bidder_node[0m
[30.669s] [ 93%] Built target rmf_bidder_node
[32.688s] [0m6 warnings generated.
[38.258s] [100%] [32m[1mLinking CXX executable test_rmf_task_ros2[0m
[38.320s] [100%] Built target test_rmf_task_ros2
[38.327s] Invoked command in '/home/wang/rmf_ws/build/rmf_task_ros2' returned '0': AMENT_PREFIX_PATH=/home/wang/rmf_ws/install/rmf_traffic_ros2:/home/wang/rmf_ws/install/rmf_websocket:/home/wang/rmf_ws/install/rmf_task_msgs:/home/wang/rmf_ws/install/rmf_traffic_msgs:/home/wang/rmf_ws/install/rmf_site_map_msgs:/home/wang/rmf_ws/install/rmf_fleet_msgs:/home/wang/rmf_ws/install/rmf_dispenser_msgs:/home/wang/rmf_ws/install/rmf_building_map_msgs:/home/wang/rmf_ws/install/rmf_api_msgs:/home/wang/rmf_ws/install/nlohmann_json_schema_validator_vendor:/home/wang/rmf_ws/install/ament_cmake_catch2:${AMENT_PREFIX_PATH} CMAKE_PREFIX_PATH=/home/wang/rmf_ws/install/rmf_traffic_ros2:/home/wang/rmf_ws/install/rmf_websocket:/home/wang/rmf_ws/install/rmf_traffic:/home/wang/rmf_ws/install/rmf_utils:/home/wang/rmf_ws/install/rmf_task_msgs:/home/wang/rmf_ws/install/rmf_traffic_msgs:/home/wang/rmf_ws/install/rmf_site_map_msgs:/home/wang/rmf_ws/install/rmf_fleet_msgs:/home/wang/rmf_ws/install/rmf_dispenser_msgs:/home/wang/rmf_ws/install/rmf_building_map_msgs:/home/wang/rmf_ws/install/rmf_api_msgs:/home/wang/rmf_ws/install/nlohmann_json_schema_validator_vendor:/home/wang/rmf_ws/install/ament_cmake_catch2:/opt/ros/humble LD_LIBRARY_PATH=/home/wang/rmf_ws/install/rmf_traffic_ros2/lib:/home/wang/rmf_ws/install/rmf_websocket/lib:/home/wang/rmf_ws/install/rmf_traffic/lib:/home/wang/rmf_ws/install/rmf_utils/lib:/home/wang/rmf_ws/install/rmf_task_msgs/lib:/home/wang/rmf_ws/install/rmf_traffic_msgs/lib:/home/wang/rmf_ws/install/rmf_site_map_msgs/lib:/home/wang/rmf_ws/install/rmf_fleet_msgs/lib:/home/wang/rmf_ws/install/rmf_dispenser_msgs/lib:/home/wang/rmf_ws/install/rmf_building_map_msgs/lib:/home/wang/rmf_ws/install/nlohmann_json_schema_validator_vendor/lib:${LD_LIBRARY_PATH} PATH=/home/wang/rmf_ws/install/nlohmann_json_schema_validator_vendor/bin:${PATH} PKG_CONFIG_PATH=/home/wang/rmf_ws/install/rmf_traffic/lib/x86_64-linux-gnu/pkgconfig:/home/wang/rmf_ws/install/rmf_traffic/lib/pkgconfig:/home/wang/rmf_ws/install/rmf_utils/lib/x86_64-linux-gnu/pkgconfig:/home/wang/rmf_ws/install/rmf_utils/lib/pkgconfig PYTHONPATH=/home/wang/rmf_ws/install/rmf_task_msgs/local/lib/python3.10/dist-packages:/home/wang/rmf_ws/install/rmf_traffic_msgs/local/lib/python3.10/dist-packages:/home/wang/rmf_ws/install/rmf_site_map_msgs/local/lib/python3.10/dist-packages:/home/wang/rmf_ws/install/rmf_fleet_msgs/local/lib/python3.10/dist-packages:/home/wang/rmf_ws/install/rmf_dispenser_msgs/local/lib/python3.10/dist-packages:/home/wang/rmf_ws/install/rmf_building_map_msgs/local/lib/python3.10/dist-packages:/home/wang/rmf_ws/install/rmf_api_msgs/local/lib/python3.10/dist-packages:${PYTHONPATH} /home/wang/.local/bin/cmake --build /home/wang/rmf_ws/build/rmf_task_ros2 -- -j16 -l16
[38.375s] Invoking command in '/home/wang/rmf_ws/build/rmf_task_ros2': AMENT_PREFIX_PATH=/home/wang/rmf_ws/install/rmf_traffic_ros2:/home/wang/rmf_ws/install/rmf_websocket:/home/wang/rmf_ws/install/rmf_task_msgs:/home/wang/rmf_ws/install/rmf_traffic_msgs:/home/wang/rmf_ws/install/rmf_site_map_msgs:/home/wang/rmf_ws/install/rmf_fleet_msgs:/home/wang/rmf_ws/install/rmf_dispenser_msgs:/home/wang/rmf_ws/install/rmf_building_map_msgs:/home/wang/rmf_ws/install/rmf_api_msgs:/home/wang/rmf_ws/install/nlohmann_json_schema_validator_vendor:/home/wang/rmf_ws/install/ament_cmake_catch2:${AMENT_PREFIX_PATH} CMAKE_PREFIX_PATH=/home/wang/rmf_ws/install/rmf_traffic_ros2:/home/wang/rmf_ws/install/rmf_websocket:/home/wang/rmf_ws/install/rmf_traffic:/home/wang/rmf_ws/install/rmf_utils:/home/wang/rmf_ws/install/rmf_task_msgs:/home/wang/rmf_ws/install/rmf_traffic_msgs:/home/wang/rmf_ws/install/rmf_site_map_msgs:/home/wang/rmf_ws/install/rmf_fleet_msgs:/home/wang/rmf_ws/install/rmf_dispenser_msgs:/home/wang/rmf_ws/install/rmf_building_map_msgs:/home/wang/rmf_ws/install/rmf_api_msgs:/home/wang/rmf_ws/install/nlohmann_json_schema_validator_vendor:/home/wang/rmf_ws/install/ament_cmake_catch2:/opt/ros/humble LD_LIBRARY_PATH=/home/wang/rmf_ws/install/rmf_traffic_ros2/lib:/home/wang/rmf_ws/install/rmf_websocket/lib:/home/wang/rmf_ws/install/rmf_traffic/lib:/home/wang/rmf_ws/install/rmf_utils/lib:/home/wang/rmf_ws/install/rmf_task_msgs/lib:/home/wang/rmf_ws/install/rmf_traffic_msgs/lib:/home/wang/rmf_ws/install/rmf_site_map_msgs/lib:/home/wang/rmf_ws/install/rmf_fleet_msgs/lib:/home/wang/rmf_ws/install/rmf_dispenser_msgs/lib:/home/wang/rmf_ws/install/rmf_building_map_msgs/lib:/home/wang/rmf_ws/install/nlohmann_json_schema_validator_vendor/lib:${LD_LIBRARY_PATH} PATH=/home/wang/rmf_ws/install/nlohmann_json_schema_validator_vendor/bin:${PATH} PKG_CONFIG_PATH=/home/wang/rmf_ws/install/rmf_traffic/lib/x86_64-linux-gnu/pkgconfig:/home/wang/rmf_ws/install/rmf_traffic/lib/pkgconfig:/home/wang/rmf_ws/install/rmf_utils/lib/x86_64-linux-gnu/pkgconfig:/home/wang/rmf_ws/install/rmf_utils/lib/pkgconfig PYTHONPATH=/home/wang/rmf_ws/install/rmf_task_msgs/local/lib/python3.10/dist-packages:/home/wang/rmf_ws/install/rmf_traffic_msgs/local/lib/python3.10/dist-packages:/home/wang/rmf_ws/install/rmf_site_map_msgs/local/lib/python3.10/dist-packages:/home/wang/rmf_ws/install/rmf_fleet_msgs/local/lib/python3.10/dist-packages:/home/wang/rmf_ws/install/rmf_dispenser_msgs/local/lib/python3.10/dist-packages:/home/wang/rmf_ws/install/rmf_building_map_msgs/local/lib/python3.10/dist-packages:/home/wang/rmf_ws/install/rmf_api_msgs/local/lib/python3.10/dist-packages:${PYTHONPATH} /home/wang/.local/bin/cmake --install /home/wang/rmf_ws/build/rmf_task_ros2
[38.394s] -- Install configuration: "Release"
[38.394s] -- Installing: /home/wang/rmf_ws/install/rmf_task_ros2/share/rmf_task_ros2/environment/library_path.sh
[38.395s] -- Installing: /home/wang/rmf_ws/install/rmf_task_ros2/share/rmf_task_ros2/environment/library_path.dsv
[38.395s] -- Installing: /home/wang/rmf_ws/install/rmf_task_ros2/include
[38.395s] -- Installing: /home/wang/rmf_ws/install/rmf_task_ros2/include/rmf_task_ros2
[38.395s] -- Installing: /home/wang/rmf_ws/install/rmf_task_ros2/include/rmf_task_ros2/bidding
[38.395s] -- Installing: /home/wang/rmf_ws/install/rmf_task_ros2/include/rmf_task_ros2/bidding/Response.hpp
[38.395s] -- Installing: /home/wang/rmf_ws/install/rmf_task_ros2/include/rmf_task_ros2/bidding/Auctioneer.hpp
[38.395s] -- Installing: /home/wang/rmf_ws/install/rmf_task_ros2/include/rmf_task_ros2/bidding/AsyncBidder.hpp
[38.395s] -- Installing: /home/wang/rmf_ws/install/rmf_task_ros2/include/rmf_task_ros2/DispatchState.hpp
[38.395s] -- Installing: /home/wang/rmf_ws/install/rmf_task_ros2/include/rmf_task_ros2/Dispatcher.hpp
[38.395s] -- Installing: /home/wang/rmf_ws/install/rmf_task_ros2/include/rmf_task_ros2/StandardNames.hpp
[38.395s] -- Installing: /home/wang/rmf_ws/install/rmf_task_ros2/lib/librmf_task_ros2.so
[38.398s] -- Set runtime path of "/home/wang/rmf_ws/install/rmf_task_ros2/lib/librmf_task_ros2.so" to ""
[38.398s] -- Installing: /home/wang/rmf_ws/install/rmf_task_ros2/lib/rmf_task_ros2/rmf_task_dispatcher
[38.398s] -- Set runtime path of "/home/wang/rmf_ws/install/rmf_task_ros2/lib/rmf_task_ros2/rmf_task_dispatcher" to ""
[38.398s] -- Installing: /home/wang/rmf_ws/install/rmf_task_ros2/lib/rmf_task_ros2/rmf_bidder_node
[38.398s] -- Set runtime path of "/home/wang/rmf_ws/install/rmf_task_ros2/lib/rmf_task_ros2/rmf_bidder_node" to ""
[38.398s] -- Installing: /home/wang/rmf_ws/install/rmf_task_ros2/share/ament_index/resource_index/package_run_dependencies/rmf_task_ros2
[38.398s] -- Installing: /home/wang/rmf_ws/install/rmf_task_ros2/share/ament_index/resource_index/parent_prefix_path/rmf_task_ros2
[38.398s] -- Installing: /home/wang/rmf_ws/install/rmf_task_ros2/share/rmf_task_ros2/environment/ament_prefix_path.sh
[38.399s] -- Installing: /home/wang/rmf_ws/install/rmf_task_ros2/share/rmf_task_ros2/environment/ament_prefix_path.dsv
[38.399s] -- Installing: /home/wang/rmf_ws/install/rmf_task_ros2/share/rmf_task_ros2/environment/path.sh
[38.399s] -- Installing: /home/wang/rmf_ws/install/rmf_task_ros2/share/rmf_task_ros2/environment/path.dsv
[38.399s] -- Installing: /home/wang/rmf_ws/install/rmf_task_ros2/share/rmf_task_ros2/local_setup.bash
[38.399s] -- Installing: /home/wang/rmf_ws/install/rmf_task_ros2/share/rmf_task_ros2/local_setup.sh
[38.399s] -- Installing: /home/wang/rmf_ws/install/rmf_task_ros2/share/rmf_task_ros2/local_setup.zsh
[38.399s] -- Installing: /home/wang/rmf_ws/install/rmf_task_ros2/share/rmf_task_ros2/local_setup.dsv
[38.399s] -- Installing: /home/wang/rmf_ws/install/rmf_task_ros2/share/rmf_task_ros2/package.dsv
[38.399s] -- Installing: /home/wang/rmf_ws/install/rmf_task_ros2/share/ament_index/resource_index/packages/rmf_task_ros2
[38.399s] -- Installing: /home/wang/rmf_ws/install/rmf_task_ros2/share/rmf_task_ros2/cmake/rmf_task_ros2Export.cmake
[38.399s] -- Installing: /home/wang/rmf_ws/install/rmf_task_ros2/share/rmf_task_ros2/cmake/rmf_task_ros2Export-release.cmake
[38.399s] -- Installing: /home/wang/rmf_ws/install/rmf_task_ros2/share/rmf_task_ros2/cmake/ament_cmake_export_targets-extras.cmake
[38.400s] -- Installing: /home/wang/rmf_ws/install/rmf_task_ros2/share/rmf_task_ros2/cmake/ament_cmake_export_dependencies-extras.cmake
[38.400s] -- Installing: /home/wang/rmf_ws/install/rmf_task_ros2/share/rmf_task_ros2/cmake/rmf_task_ros2Config.cmake
[38.400s] -- Installing: /home/wang/rmf_ws/install/rmf_task_ros2/share/rmf_task_ros2/cmake/rmf_task_ros2Config-version.cmake
[38.400s] -- Installing: /home/wang/rmf_ws/install/rmf_task_ros2/share/rmf_task_ros2/package.xml
[38.404s] Invoked command in '/home/wang/rmf_ws/build/rmf_task_ros2' returned '0': AMENT_PREFIX_PATH=/home/wang/rmf_ws/install/rmf_traffic_ros2:/home/wang/rmf_ws/install/rmf_websocket:/home/wang/rmf_ws/install/rmf_task_msgs:/home/wang/rmf_ws/install/rmf_traffic_msgs:/home/wang/rmf_ws/install/rmf_site_map_msgs:/home/wang/rmf_ws/install/rmf_fleet_msgs:/home/wang/rmf_ws/install/rmf_dispenser_msgs:/home/wang/rmf_ws/install/rmf_building_map_msgs:/home/wang/rmf_ws/install/rmf_api_msgs:/home/wang/rmf_ws/install/nlohmann_json_schema_validator_vendor:/home/wang/rmf_ws/install/ament_cmake_catch2:${AMENT_PREFIX_PATH} CMAKE_PREFIX_PATH=/home/wang/rmf_ws/install/rmf_traffic_ros2:/home/wang/rmf_ws/install/rmf_websocket:/home/wang/rmf_ws/install/rmf_traffic:/home/wang/rmf_ws/install/rmf_utils:/home/wang/rmf_ws/install/rmf_task_msgs:/home/wang/rmf_ws/install/rmf_traffic_msgs:/home/wang/rmf_ws/install/rmf_site_map_msgs:/home/wang/rmf_ws/install/rmf_fleet_msgs:/home/wang/rmf_ws/install/rmf_dispenser_msgs:/home/wang/rmf_ws/install/rmf_building_map_msgs:/home/wang/rmf_ws/install/rmf_api_msgs:/home/wang/rmf_ws/install/nlohmann_json_schema_validator_vendor:/home/wang/rmf_ws/install/ament_cmake_catch2:/opt/ros/humble LD_LIBRARY_PATH=/home/wang/rmf_ws/install/rmf_traffic_ros2/lib:/home/wang/rmf_ws/install/rmf_websocket/lib:/home/wang/rmf_ws/install/rmf_traffic/lib:/home/wang/rmf_ws/install/rmf_utils/lib:/home/wang/rmf_ws/install/rmf_task_msgs/lib:/home/wang/rmf_ws/install/rmf_traffic_msgs/lib:/home/wang/rmf_ws/install/rmf_site_map_msgs/lib:/home/wang/rmf_ws/install/rmf_fleet_msgs/lib:/home/wang/rmf_ws/install/rmf_dispenser_msgs/lib:/home/wang/rmf_ws/install/rmf_building_map_msgs/lib:/home/wang/rmf_ws/install/nlohmann_json_schema_validator_vendor/lib:${LD_LIBRARY_PATH} PATH=/home/wang/rmf_ws/install/nlohmann_json_schema_validator_vendor/bin:${PATH} PKG_CONFIG_PATH=/home/wang/rmf_ws/install/rmf_traffic/lib/x86_64-linux-gnu/pkgconfig:/home/wang/rmf_ws/install/rmf_traffic/lib/pkgconfig:/home/wang/rmf_ws/install/rmf_utils/lib/x86_64-linux-gnu/pkgconfig:/home/wang/rmf_ws/install/rmf_utils/lib/pkgconfig PYTHONPATH=/home/wang/rmf_ws/install/rmf_task_msgs/local/lib/python3.10/dist-packages:/home/wang/rmf_ws/install/rmf_traffic_msgs/local/lib/python3.10/dist-packages:/home/wang/rmf_ws/install/rmf_site_map_msgs/local/lib/python3.10/dist-packages:/home/wang/rmf_ws/install/rmf_fleet_msgs/local/lib/python3.10/dist-packages:/home/wang/rmf_ws/install/rmf_dispenser_msgs/local/lib/python3.10/dist-packages:/home/wang/rmf_ws/install/rmf_building_map_msgs/local/lib/python3.10/dist-packages:/home/wang/rmf_ws/install/rmf_api_msgs/local/lib/python3.10/dist-packages:${PYTHONPATH} /home/wang/.local/bin/cmake --install /home/wang/rmf_ws/build/rmf_task_ros2
