[0.047s] Invoking command in '/home/wang/rmf_ws/build/rmf_dispenser_msgs': CMAKE_PREFIX_PATH=/opt/ros/humble /home/wang/.local/bin/cmake /home/wang/rmf_ws/src/rmf/rmf_internal_msgs/rmf_dispenser_msgs -DCMAKE_EXE_LINKER_FLAGS=-fuse-ld=lld -DCMAKE_MODULE_LINKER_FLAGS=-fuse-ld=lld -DCMAKE_SHARED_LINKER_FLAGS=-fuse-ld=lld -DCMAKE_BUILD_TYPE=Release -DCMAKE_INSTALL_PREFIX=/home/wang/rmf_ws/install/rmf_dispenser_msgs
[0.769s] -- The C compiler identification is Clang 14.0.0
[1.030s] -- The CXX compiler identification is Clang 14.0.0
[1.064s] -- Detecting C compiler ABI info
[1.198s] -- Detecting C compiler ABI info - done
[1.209s] -- Check for working C compiler: /usr/bin/clang - skipped
[1.209s] -- Detecting C compile features
[1.210s] -- Detecting C compile features - done
[1.215s] -- Detecting CXX compiler ABI info
[1.367s] -- Detecting CXX compiler ABI info - done
[1.379s] -- Check for working CXX compiler: /usr/bin/clang++ - skipped
[1.379s] -- Detecting CXX compile features
[1.380s] -- Detecting CXX compile features - done
[1.383s] -- Found ament_cmake: 1.3.5 (/opt/ros/humble/share/ament_cmake/cmake)
[1.935s] -- Found Python3: /usr/bin/python3.10 (found version "3.10.6") found components: Interpreter 
[2.061s] -- Found builtin_interfaces: 1.2.1 (/opt/ros/humble/share/builtin_interfaces/cmake)
[2.107s] -- Found rosidl_generator_c: 3.1.4 (/opt/ros/humble/share/rosidl_generator_c/cmake)
[2.114s] -- Found rosidl_adapter: 3.1.4 (/opt/ros/humble/share/rosidl_adapter/cmake)
[2.129s] -- Found rosidl_generator_cpp: 3.1.4 (/opt/ros/humble/share/rosidl_generator_cpp/cmake)
[2.151s] -- Using all available rosidl_typesupport_c: rosidl_typesupport_fastrtps_c;rosidl_typesupport_introspection_c
[2.184s] -- Using all available rosidl_typesupport_cpp: rosidl_typesupport_fastrtps_cpp;rosidl_typesupport_introspection_cpp
[2.214s] -- Found geometry_msgs: 4.2.3 (/opt/ros/humble/share/geometry_msgs/cmake)
[2.393s] -- Found rosidl_default_generators: 1.2.0 (/opt/ros/humble/share/rosidl_default_generators/cmake)
[2.721s] -- Found ament_cmake_cppcheck: 0.12.6 (/opt/ros/humble/share/ament_cmake_cppcheck/cmake)
[2.723s] -- Found ament_cmake_cpplint: 0.12.6 (/opt/ros/humble/share/ament_cmake_cpplint/cmake)
[2.726s] -- Found ament_cmake_uncrustify: 0.12.6 (/opt/ros/humble/share/ament_cmake_uncrustify/cmake)
[2.729s] -- Found ament_cmake_ros: 0.10.0 (/opt/ros/humble/share/ament_cmake_ros/cmake)
[3.229s] -- Using all available rosidl_typesupport_c: rosidl_typesupport_fastrtps_c;rosidl_typesupport_introspection_c
[3.498s] -- Using all available rosidl_typesupport_cpp: rosidl_typesupport_fastrtps_cpp;rosidl_typesupport_introspection_cpp
[3.575s] -- Found PythonInterp: /usr/bin/python3 (found suitable version "3.10.6", minimum required is "3.6") 
[3.577s] -- Found python_cmake_module: 0.10.0 (/opt/ros/humble/share/python_cmake_module/cmake)
[3.723s] -- Found PythonLibs: /usr/lib/x86_64-linux-gnu/libpython3.10.so (found suitable version "3.10.6", minimum required is "3.5") 
[3.724s] -- Using PYTHON_EXECUTABLE: /usr/bin/python3
[3.724s] -- Using PYTHON_INCLUDE_DIRS: /usr/include/python3.10
[3.724s] -- Using PYTHON_LIBRARIES: /usr/lib/x86_64-linux-gnu/libpython3.10.so
[3.828s] -- Found PythonExtra: .so  
[4.056s] -- Found ament_cmake_flake8: 0.12.6 (/opt/ros/humble/share/ament_cmake_flake8/cmake)
[4.073s] -- Found ament_cmake_pep257: 0.12.6 (/opt/ros/humble/share/ament_cmake_pep257/cmake)
[4.111s] -- Configuring done (4.0s)
[4.322s] -- Generating done (0.2s)
[4.335s] -- Build files have been written to: /home/wang/rmf_ws/build/rmf_dispenser_msgs
[4.429s] Invoked command in '/home/wang/rmf_ws/build/rmf_dispenser_msgs' returned '0': CMAKE_PREFIX_PATH=/opt/ros/humble /home/wang/.local/bin/cmake /home/wang/rmf_ws/src/rmf/rmf_internal_msgs/rmf_dispenser_msgs -DCMAKE_EXE_LINKER_FLAGS=-fuse-ld=lld -DCMAKE_MODULE_LINKER_FLAGS=-fuse-ld=lld -DCMAKE_SHARED_LINKER_FLAGS=-fuse-ld=lld -DCMAKE_BUILD_TYPE=Release -DCMAKE_INSTALL_PREFIX=/home/wang/rmf_ws/install/rmf_dispenser_msgs
[4.431s] Invoking command in '/home/wang/rmf_ws/build/rmf_dispenser_msgs': CMAKE_PREFIX_PATH=/opt/ros/humble /home/wang/.local/bin/cmake --build /home/wang/rmf_ws/build/rmf_dispenser_msgs -- -j16 -l16
[8.843s] [  1%] [34m[1mGenerating C code for ROS interfaces[0m
[8.843s] [  3%] [34m[1mGenerating C++ code for ROS interfaces[0m
[8.843s] [  3%] Built target ament_cmake_python_copy_rmf_dispenser_msgs
[8.843s] running egg_info
[8.844s] creating rmf_dispenser_msgs.egg-info
[8.844s] writing rmf_dispenser_msgs.egg-info/PKG-INFO
[8.844s] writing dependency_links to rmf_dispenser_msgs.egg-info/dependency_links.txt
[8.844s] writing top-level names to rmf_dispenser_msgs.egg-info/top_level.txt
[8.844s] writing manifest file 'rmf_dispenser_msgs.egg-info/SOURCES.txt'
[8.844s] reading manifest file 'rmf_dispenser_msgs.egg-info/SOURCES.txt'
[8.844s] writing manifest file 'rmf_dispenser_msgs.egg-info/SOURCES.txt'
[8.844s] [  3%] Built target ament_cmake_python_build_rmf_dispenser_msgs_egg
[8.845s] [  3%] Built target rmf_dispenser_msgs__cpp
[8.845s] [  5%] [34m[1mGenerating C++ type support for eProsima Fast-RTPS[0m
[8.845s] [  7%] [34m[1mGenerating C++ type support dispatch for ROS interfaces[0m
[8.845s] [  9%] [34m[1mGenerating C++ introspection for ROS interfaces[0m
[8.845s] [ 10%] [32mBuilding C object CMakeFiles/rmf_dispenser_msgs__rosidl_generator_c.dir/rosidl_generator_c/rmf_dispenser_msgs/msg/detail/dispenser_request_item__functions.c.o[0m
[8.845s] [ 12%] [32mBuilding C object CMakeFiles/rmf_dispenser_msgs__rosidl_generator_c.dir/rosidl_generator_c/rmf_dispenser_msgs/msg/detail/dispenser_request__functions.c.o[0m
[8.845s] [ 14%] [32mBuilding C object CMakeFiles/rmf_dispenser_msgs__rosidl_generator_c.dir/rosidl_generator_c/rmf_dispenser_msgs/msg/detail/dispenser_result__functions.c.o[0m
[8.845s] [ 16%] [32mBuilding C object CMakeFiles/rmf_dispenser_msgs__rosidl_generator_c.dir/rosidl_generator_c/rmf_dispenser_msgs/msg/detail/dispenser_state__functions.c.o[0m
[8.845s] [ 18%] [32m[1mLinking C shared library librmf_dispenser_msgs__rosidl_generator_c.so[0m
[8.846s] [ 18%] Built target rmf_dispenser_msgs__rosidl_generator_c
[8.846s] [ 21%] [34m[1mGenerating C introspection for ROS interfaces[0m
[8.846s] [ 21%] [34m[1mGenerating C type support for eProsima Fast-RTPS[0m
[8.846s] [ 23%] [34m[1mGenerating C type support dispatch for ROS interfaces[0m
[8.846s] [ 25%] [32mBuilding CXX object CMakeFiles/rmf_dispenser_msgs__rosidl_typesupport_cpp.dir/rosidl_typesupport_cpp/rmf_dispenser_msgs/msg/dispenser_request_item__type_support.cpp.o[0m
[8.846s] [ 27%] [32mBuilding CXX object CMakeFiles/rmf_dispenser_msgs__rosidl_typesupport_cpp.dir/rosidl_typesupport_cpp/rmf_dispenser_msgs/msg/dispenser_result__type_support.cpp.o[0m
[8.846s] [ 29%] [32mBuilding CXX object CMakeFiles/rmf_dispenser_msgs__rosidl_typesupport_cpp.dir/rosidl_typesupport_cpp/rmf_dispenser_msgs/msg/dispenser_request__type_support.cpp.o[0m
[8.846s] [ 30%] [32mBuilding CXX object CMakeFiles/rmf_dispenser_msgs__rosidl_typesupport_cpp.dir/rosidl_typesupport_cpp/rmf_dispenser_msgs/msg/dispenser_state__type_support.cpp.o[0m
[9.585s] [ 32%] [32mBuilding CXX object CMakeFiles/rmf_dispenser_msgs__rosidl_typesupport_fastrtps_cpp.dir/rosidl_typesupport_fastrtps_cpp/rmf_dispenser_msgs/msg/detail/dds_fastrtps/dispenser_request_item__type_support.cpp.o[0m
[9.591s] [ 34%] [32mBuilding CXX object CMakeFiles/rmf_dispenser_msgs__rosidl_typesupport_fastrtps_cpp.dir/rosidl_typesupport_fastrtps_cpp/rmf_dispenser_msgs/msg/detail/dds_fastrtps/dispenser_result__type_support.cpp.o[0m
[9.592s] [ 36%] [32mBuilding CXX object CMakeFiles/rmf_dispenser_msgs__rosidl_typesupport_fastrtps_cpp.dir/rosidl_typesupport_fastrtps_cpp/rmf_dispenser_msgs/msg/detail/dds_fastrtps/dispenser_request__type_support.cpp.o[0m
[9.654s] [ 38%] [32mBuilding CXX object CMakeFiles/rmf_dispenser_msgs__rosidl_typesupport_fastrtps_cpp.dir/rosidl_typesupport_fastrtps_cpp/rmf_dispenser_msgs/msg/detail/dds_fastrtps/dispenser_state__type_support.cpp.o[0m
[9.982s] [ 40%] [32mBuilding CXX object CMakeFiles/rmf_dispenser_msgs__rosidl_typesupport_introspection_cpp.dir/rosidl_typesupport_introspection_cpp/rmf_dispenser_msgs/msg/detail/dispenser_request_item__type_support.cpp.o[0m
[10.002s] [ 41%] [32mBuilding CXX object CMakeFiles/rmf_dispenser_msgs__rosidl_typesupport_introspection_cpp.dir/rosidl_typesupport_introspection_cpp/rmf_dispenser_msgs/msg/detail/dispenser_request__type_support.cpp.o[0m
[10.008s] [ 43%] [32mBuilding CXX object CMakeFiles/rmf_dispenser_msgs__rosidl_typesupport_introspection_cpp.dir/rosidl_typesupport_introspection_cpp/rmf_dispenser_msgs/msg/detail/dispenser_result__type_support.cpp.o[0m
[10.078s] [ 45%] [32mBuilding CXX object CMakeFiles/rmf_dispenser_msgs__rosidl_typesupport_introspection_cpp.dir/rosidl_typesupport_introspection_cpp/rmf_dispenser_msgs/msg/detail/dispenser_state__type_support.cpp.o[0m
[11.808s] [ 47%] [32mBuilding CXX object CMakeFiles/rmf_dispenser_msgs__rosidl_typesupport_c.dir/rosidl_typesupport_c/rmf_dispenser_msgs/msg/dispenser_request_item__type_support.cpp.o[0m
[11.812s] [ 49%] [32mBuilding CXX object CMakeFiles/rmf_dispenser_msgs__rosidl_typesupport_c.dir/rosidl_typesupport_c/rmf_dispenser_msgs/msg/dispenser_request__type_support.cpp.o[0m
[11.824s] [ 50%] [32mBuilding CXX object CMakeFiles/rmf_dispenser_msgs__rosidl_typesupport_c.dir/rosidl_typesupport_c/rmf_dispenser_msgs/msg/dispenser_result__type_support.cpp.o[0m
[11.828s] [ 52%] [32mBuilding CXX object CMakeFiles/rmf_dispenser_msgs__rosidl_typesupport_c.dir/rosidl_typesupport_c/rmf_dispenser_msgs/msg/dispenser_state__type_support.cpp.o[0m
[11.838s] [ 54%] [32m[1mLinking CXX shared library librmf_dispenser_msgs__rosidl_typesupport_cpp.so[0m
[12.132s] [ 56%] [32m[1mLinking CXX shared library librmf_dispenser_msgs__rosidl_typesupport_c.so[0m
[12.142s] [ 58%] [32mBuilding C object CMakeFiles/rmf_dispenser_msgs__rosidl_typesupport_introspection_c.dir/rosidl_typesupport_introspection_c/rmf_dispenser_msgs/msg/detail/dispenser_request_item__type_support.c.o[0m
[12.185s] [ 60%] [32mBuilding C object CMakeFiles/rmf_dispenser_msgs__rosidl_typesupport_introspection_c.dir/rosidl_typesupport_introspection_c/rmf_dispenser_msgs/msg/detail/dispenser_request__type_support.c.o[0m
[12.217s] [ 61%] [32mBuilding C object CMakeFiles/rmf_dispenser_msgs__rosidl_typesupport_introspection_c.dir/rosidl_typesupport_introspection_c/rmf_dispenser_msgs/msg/detail/dispenser_result__type_support.c.o[0m
[12.237s] [ 61%] Built target rmf_dispenser_msgs__rosidl_typesupport_cpp
[12.297s] [ 63%] [32mBuilding C object CMakeFiles/rmf_dispenser_msgs__rosidl_typesupport_introspection_c.dir/rosidl_typesupport_introspection_c/rmf_dispenser_msgs/msg/detail/dispenser_state__type_support.c.o[0m
[12.559s] [ 63%] Built target rmf_dispenser_msgs__rosidl_typesupport_c
[12.585s] [ 65%] [32m[1mLinking C shared library librmf_dispenser_msgs__rosidl_typesupport_introspection_c.so[0m
[12.648s] [ 67%] [32mBuilding CXX object CMakeFiles/rmf_dispenser_msgs__rosidl_typesupport_fastrtps_c.dir/rosidl_typesupport_fastrtps_c/rmf_dispenser_msgs/msg/detail/dispenser_request_item__type_support_c.cpp.o[0m
[12.679s] [ 69%] [32mBuilding CXX object CMakeFiles/rmf_dispenser_msgs__rosidl_typesupport_fastrtps_c.dir/rosidl_typesupport_fastrtps_c/rmf_dispenser_msgs/msg/detail/dispenser_result__type_support_c.cpp.o[0m
[12.694s] [ 70%] [32mBuilding CXX object CMakeFiles/rmf_dispenser_msgs__rosidl_typesupport_fastrtps_c.dir/rosidl_typesupport_fastrtps_c/rmf_dispenser_msgs/msg/detail/dispenser_request__type_support_c.cpp.o[0m
[12.723s] [ 72%] [32mBuilding CXX object CMakeFiles/rmf_dispenser_msgs__rosidl_typesupport_fastrtps_c.dir/rosidl_typesupport_fastrtps_c/rmf_dispenser_msgs/msg/detail/dispenser_state__type_support_c.cpp.o[0m
[12.895s] [ 72%] Built target rmf_dispenser_msgs__rosidl_typesupport_introspection_c
[14.109s] [ 74%] [32m[1mLinking CXX shared library librmf_dispenser_msgs__rosidl_typesupport_introspection_cpp.so[0m
[14.463s] [ 74%] Built target rmf_dispenser_msgs__rosidl_typesupport_introspection_cpp
[15.109s] [ 76%] [32m[1mLinking CXX shared library librmf_dispenser_msgs__rosidl_typesupport_fastrtps_cpp.so[0m
[15.382s] [ 76%] Built target rmf_dispenser_msgs__rosidl_typesupport_fastrtps_cpp
[16.583s] [ 78%] [32m[1mLinking CXX shared library librmf_dispenser_msgs__rosidl_typesupport_fastrtps_c.so[0m
[16.861s] [ 78%] Built target rmf_dispenser_msgs__rosidl_typesupport_fastrtps_c
[16.985s] [ 78%] Built target rmf_dispenser_msgs
[17.069s] [ 80%] [34m[1mGenerating Python code for ROS interfaces[0m
[19.180s] [ 80%] Built target rmf_dispenser_msgs__py
[19.268s] [ 81%] [32mBuilding C object CMakeFiles/rmf_dispenser_msgs__rosidl_generator_py.dir/rosidl_generator_py/rmf_dispenser_msgs/msg/_dispenser_request_item_s.c.o[0m
[19.714s] [ 83%] [32mBuilding C object CMakeFiles/rmf_dispenser_msgs__rosidl_generator_py.dir/rosidl_generator_py/rmf_dispenser_msgs/msg/_dispenser_state_s.c.o[0m
[20.028s] [ 85%] [32mBuilding C object CMakeFiles/rmf_dispenser_msgs__rosidl_generator_py.dir/rosidl_generator_py/rmf_dispenser_msgs/msg/_dispenser_result_s.c.o[0m
[20.370s] [ 87%] [32mBuilding C object CMakeFiles/rmf_dispenser_msgs__rosidl_generator_py.dir/rosidl_generator_py/rmf_dispenser_msgs/msg/_dispenser_request_s.c.o[0m
[20.699s] [ 89%] [32m[1mLinking C shared library rosidl_generator_py/rmf_dispenser_msgs/librmf_dispenser_msgs__rosidl_generator_py.so[0m
[20.861s] [ 89%] Built target rmf_dispenser_msgs__rosidl_generator_py
[20.974s] [ 90%] [32mBuilding C object CMakeFiles/rmf_dispenser_msgs__rosidl_typesupport_fastrtps_c__pyext.dir/rosidl_generator_py/rmf_dispenser_msgs/_rmf_dispenser_msgs_s.ep.rosidl_typesupport_fastrtps_c.c.o[0m
[21.369s] [ 92%] [32m[1mLinking C shared library rosidl_generator_py/rmf_dispenser_msgs/rmf_dispenser_msgs_s__rosidl_typesupport_fastrtps_c.cpython-310-x86_64-linux-gnu.so[0m
[21.506s] [ 92%] Built target rmf_dispenser_msgs__rosidl_typesupport_fastrtps_c__pyext
[21.579s] [ 94%] [32mBuilding C object CMakeFiles/rmf_dispenser_msgs__rosidl_typesupport_c__pyext.dir/rosidl_generator_py/rmf_dispenser_msgs/_rmf_dispenser_msgs_s.ep.rosidl_typesupport_c.c.o[0m
[21.945s] [ 96%] [32m[1mLinking C shared library rosidl_generator_py/rmf_dispenser_msgs/rmf_dispenser_msgs_s__rosidl_typesupport_c.cpython-310-x86_64-linux-gnu.so[0m
[22.105s] [ 96%] Built target rmf_dispenser_msgs__rosidl_typesupport_c__pyext
[22.137s] [ 98%] [32mBuilding C object CMakeFiles/rmf_dispenser_msgs__rosidl_typesupport_introspection_c__pyext.dir/rosidl_generator_py/rmf_dispenser_msgs/_rmf_dispenser_msgs_s.ep.rosidl_typesupport_introspection_c.c.o[0m
[22.417s] [100%] [32m[1mLinking C shared library rosidl_generator_py/rmf_dispenser_msgs/rmf_dispenser_msgs_s__rosidl_typesupport_introspection_c.cpython-310-x86_64-linux-gnu.so[0m
[22.589s] [100%] Built target rmf_dispenser_msgs__rosidl_typesupport_introspection_c__pyext
[22.631s] Invoked command in '/home/wang/rmf_ws/build/rmf_dispenser_msgs' returned '0': CMAKE_PREFIX_PATH=/opt/ros/humble /home/wang/.local/bin/cmake --build /home/wang/rmf_ws/build/rmf_dispenser_msgs -- -j16 -l16
[23.958s] Invoking command in '/home/wang/rmf_ws/build/rmf_dispenser_msgs': CMAKE_PREFIX_PATH=/opt/ros/humble /home/wang/.local/bin/cmake --install /home/wang/rmf_ws/build/rmf_dispenser_msgs
[24.007s] -- Install configuration: "Release"
[24.008s] -- Installing: /home/wang/rmf_ws/install/rmf_dispenser_msgs/share/ament_index/resource_index/rosidl_interfaces/rmf_dispenser_msgs
[24.008s] -- Installing: /home/wang/rmf_ws/install/rmf_dispenser_msgs/include/rmf_dispenser_msgs/rmf_dispenser_msgs
[24.008s] -- Installing: /home/wang/rmf_ws/install/rmf_dispenser_msgs/include/rmf_dispenser_msgs/rmf_dispenser_msgs/msg
[24.008s] -- Installing: /home/wang/rmf_ws/install/rmf_dispenser_msgs/include/rmf_dispenser_msgs/rmf_dispenser_msgs/msg/detail
[24.008s] -- Installing: /home/wang/rmf_ws/install/rmf_dispenser_msgs/include/rmf_dispenser_msgs/rmf_dispenser_msgs/msg/detail/dispenser_result__struct.h
[24.008s] -- Installing: /home/wang/rmf_ws/install/rmf_dispenser_msgs/include/rmf_dispenser_msgs/rmf_dispenser_msgs/msg/detail/dispenser_result__functions.h
[24.009s] -- Installing: /home/wang/rmf_ws/install/rmf_dispenser_msgs/include/rmf_dispenser_msgs/rmf_dispenser_msgs/msg/detail/dispenser_state__functions.c
[24.009s] -- Installing: /home/wang/rmf_ws/install/rmf_dispenser_msgs/include/rmf_dispenser_msgs/rmf_dispenser_msgs/msg/detail/dispenser_request__functions.c
[24.009s] -- Installing: /home/wang/rmf_ws/install/rmf_dispenser_msgs/include/rmf_dispenser_msgs/rmf_dispenser_msgs/msg/detail/dispenser_state__struct.h
[24.009s] -- Installing: /home/wang/rmf_ws/install/rmf_dispenser_msgs/include/rmf_dispenser_msgs/rmf_dispenser_msgs/msg/detail/dispenser_request_item__type_support.h
[24.009s] -- Installing: /home/wang/rmf_ws/install/rmf_dispenser_msgs/include/rmf_dispenser_msgs/rmf_dispenser_msgs/msg/detail/dispenser_request_item__struct.h
[24.009s] -- Installing: /home/wang/rmf_ws/install/rmf_dispenser_msgs/include/rmf_dispenser_msgs/rmf_dispenser_msgs/msg/detail/dispenser_state__type_support.h
[24.009s] -- Installing: /home/wang/rmf_ws/install/rmf_dispenser_msgs/include/rmf_dispenser_msgs/rmf_dispenser_msgs/msg/detail/dispenser_state__functions.h
[24.009s] -- Installing: /home/wang/rmf_ws/install/rmf_dispenser_msgs/include/rmf_dispenser_msgs/rmf_dispenser_msgs/msg/detail/dispenser_request__type_support.h
[24.010s] -- Installing: /home/wang/rmf_ws/install/rmf_dispenser_msgs/include/rmf_dispenser_msgs/rmf_dispenser_msgs/msg/detail/dispenser_result__functions.c
[24.010s] -- Installing: /home/wang/rmf_ws/install/rmf_dispenser_msgs/include/rmf_dispenser_msgs/rmf_dispenser_msgs/msg/detail/dispenser_result__type_support.h
[24.010s] -- Installing: /home/wang/rmf_ws/install/rmf_dispenser_msgs/include/rmf_dispenser_msgs/rmf_dispenser_msgs/msg/detail/dispenser_request_item__functions.c
[24.010s] -- Installing: /home/wang/rmf_ws/install/rmf_dispenser_msgs/include/rmf_dispenser_msgs/rmf_dispenser_msgs/msg/detail/dispenser_request_item__functions.h
[24.010s] -- Installing: /home/wang/rmf_ws/install/rmf_dispenser_msgs/include/rmf_dispenser_msgs/rmf_dispenser_msgs/msg/detail/dispenser_request__struct.h
[24.013s] -- Installing: /home/wang/rmf_ws/install/rmf_dispenser_msgs/include/rmf_dispenser_msgs/rmf_dispenser_msgs/msg/detail/dispenser_request__functions.h
[24.014s] -- Installing: /home/wang/rmf_ws/install/rmf_dispenser_msgs/include/rmf_dispenser_msgs/rmf_dispenser_msgs/msg/dispenser_result.h
[24.014s] -- Installing: /home/wang/rmf_ws/install/rmf_dispenser_msgs/include/rmf_dispenser_msgs/rmf_dispenser_msgs/msg/rosidl_generator_c__visibility_control.h
[24.014s] -- Installing: /home/wang/rmf_ws/install/rmf_dispenser_msgs/include/rmf_dispenser_msgs/rmf_dispenser_msgs/msg/dispenser_request_item.h
[24.014s] -- Installing: /home/wang/rmf_ws/install/rmf_dispenser_msgs/include/rmf_dispenser_msgs/rmf_dispenser_msgs/msg/dispenser_state.h
[24.014s] -- Installing: /home/wang/rmf_ws/install/rmf_dispenser_msgs/include/rmf_dispenser_msgs/rmf_dispenser_msgs/msg/dispenser_request.h
[24.015s] -- Installing: /home/wang/rmf_ws/install/rmf_dispenser_msgs/share/rmf_dispenser_msgs/environment/library_path.sh
[24.015s] -- Installing: /home/wang/rmf_ws/install/rmf_dispenser_msgs/share/rmf_dispenser_msgs/environment/library_path.dsv
[24.015s] -- Installing: /home/wang/rmf_ws/install/rmf_dispenser_msgs/lib/librmf_dispenser_msgs__rosidl_generator_c.so
[24.015s] -- Set runtime path of "/home/wang/rmf_ws/install/rmf_dispenser_msgs/lib/librmf_dispenser_msgs__rosidl_generator_c.so" to ""
[24.015s] -- Up-to-date: /home/wang/rmf_ws/install/rmf_dispenser_msgs/include/rmf_dispenser_msgs/rmf_dispenser_msgs
[24.016s] -- Up-to-date: /home/wang/rmf_ws/install/rmf_dispenser_msgs/include/rmf_dispenser_msgs/rmf_dispenser_msgs/msg
[24.016s] -- Up-to-date: /home/wang/rmf_ws/install/rmf_dispenser_msgs/include/rmf_dispenser_msgs/rmf_dispenser_msgs/msg/detail
[24.016s] -- Installing: /home/wang/rmf_ws/install/rmf_dispenser_msgs/include/rmf_dispenser_msgs/rmf_dispenser_msgs/msg/detail/dispenser_request__rosidl_typesupport_fastrtps_c.h
[24.016s] -- Installing: /home/wang/rmf_ws/install/rmf_dispenser_msgs/include/rmf_dispenser_msgs/rmf_dispenser_msgs/msg/detail/dispenser_result__rosidl_typesupport_fastrtps_c.h
[24.016s] -- Installing: /home/wang/rmf_ws/install/rmf_dispenser_msgs/include/rmf_dispenser_msgs/rmf_dispenser_msgs/msg/detail/dispenser_state__rosidl_typesupport_fastrtps_c.h
[24.016s] -- Installing: /home/wang/rmf_ws/install/rmf_dispenser_msgs/include/rmf_dispenser_msgs/rmf_dispenser_msgs/msg/detail/dispenser_request_item__rosidl_typesupport_fastrtps_c.h
[24.016s] -- Installing: /home/wang/rmf_ws/install/rmf_dispenser_msgs/include/rmf_dispenser_msgs/rmf_dispenser_msgs/msg/rosidl_typesupport_fastrtps_c__visibility_control.h
[24.017s] -- Installing: /home/wang/rmf_ws/install/rmf_dispenser_msgs/lib/librmf_dispenser_msgs__rosidl_typesupport_fastrtps_c.so
[24.017s] -- Set runtime path of "/home/wang/rmf_ws/install/rmf_dispenser_msgs/lib/librmf_dispenser_msgs__rosidl_typesupport_fastrtps_c.so" to ""
[24.017s] -- Up-to-date: /home/wang/rmf_ws/install/rmf_dispenser_msgs/include/rmf_dispenser_msgs/rmf_dispenser_msgs
[24.017s] -- Up-to-date: /home/wang/rmf_ws/install/rmf_dispenser_msgs/include/rmf_dispenser_msgs/rmf_dispenser_msgs/msg
[24.017s] -- Up-to-date: /home/wang/rmf_ws/install/rmf_dispenser_msgs/include/rmf_dispenser_msgs/rmf_dispenser_msgs/msg/detail
[24.017s] -- Installing: /home/wang/rmf_ws/install/rmf_dispenser_msgs/include/rmf_dispenser_msgs/rmf_dispenser_msgs/msg/detail/dispenser_request__builder.hpp
[24.017s] -- Installing: /home/wang/rmf_ws/install/rmf_dispenser_msgs/include/rmf_dispenser_msgs/rmf_dispenser_msgs/msg/detail/dispenser_request_item__traits.hpp
[24.018s] -- Installing: /home/wang/rmf_ws/install/rmf_dispenser_msgs/include/rmf_dispenser_msgs/rmf_dispenser_msgs/msg/detail/dispenser_request_item__struct.hpp
[24.018s] -- Installing: /home/wang/rmf_ws/install/rmf_dispenser_msgs/include/rmf_dispenser_msgs/rmf_dispenser_msgs/msg/detail/dispenser_state__struct.hpp
[24.018s] -- Installing: /home/wang/rmf_ws/install/rmf_dispenser_msgs/include/rmf_dispenser_msgs/rmf_dispenser_msgs/msg/detail/dispenser_result__builder.hpp
[24.019s] -- Installing: /home/wang/rmf_ws/install/rmf_dispenser_msgs/include/rmf_dispenser_msgs/rmf_dispenser_msgs/msg/detail/dispenser_result__traits.hpp
[24.019s] -- Installing: /home/wang/rmf_ws/install/rmf_dispenser_msgs/include/rmf_dispenser_msgs/rmf_dispenser_msgs/msg/detail/dispenser_state__traits.hpp
[24.019s] -- Installing: /home/wang/rmf_ws/install/rmf_dispenser_msgs/include/rmf_dispenser_msgs/rmf_dispenser_msgs/msg/detail/dispenser_state__builder.hpp
[24.019s] -- Installing: /home/wang/rmf_ws/install/rmf_dispenser_msgs/include/rmf_dispenser_msgs/rmf_dispenser_msgs/msg/detail/dispenser_request__struct.hpp
[24.019s] -- Installing: /home/wang/rmf_ws/install/rmf_dispenser_msgs/include/rmf_dispenser_msgs/rmf_dispenser_msgs/msg/detail/dispenser_result__struct.hpp
[24.019s] -- Installing: /home/wang/rmf_ws/install/rmf_dispenser_msgs/include/rmf_dispenser_msgs/rmf_dispenser_msgs/msg/detail/dispenser_request__traits.hpp
[24.019s] -- Installing: /home/wang/rmf_ws/install/rmf_dispenser_msgs/include/rmf_dispenser_msgs/rmf_dispenser_msgs/msg/detail/dispenser_request_item__builder.hpp
[24.020s] -- Installing: /home/wang/rmf_ws/install/rmf_dispenser_msgs/include/rmf_dispenser_msgs/rmf_dispenser_msgs/msg/dispenser_state.hpp
[24.020s] -- Installing: /home/wang/rmf_ws/install/rmf_dispenser_msgs/include/rmf_dispenser_msgs/rmf_dispenser_msgs/msg/dispenser_result.hpp
[24.020s] -- Installing: /home/wang/rmf_ws/install/rmf_dispenser_msgs/include/rmf_dispenser_msgs/rmf_dispenser_msgs/msg/dispenser_request_item.hpp
[24.020s] -- Installing: /home/wang/rmf_ws/install/rmf_dispenser_msgs/include/rmf_dispenser_msgs/rmf_dispenser_msgs/msg/dispenser_request.hpp
[24.021s] -- Up-to-date: /home/wang/rmf_ws/install/rmf_dispenser_msgs/include/rmf_dispenser_msgs/rmf_dispenser_msgs
[24.021s] -- Up-to-date: /home/wang/rmf_ws/install/rmf_dispenser_msgs/include/rmf_dispenser_msgs/rmf_dispenser_msgs/msg
[24.021s] -- Up-to-date: /home/wang/rmf_ws/install/rmf_dispenser_msgs/include/rmf_dispenser_msgs/rmf_dispenser_msgs/msg/detail
[24.022s] -- Installing: /home/wang/rmf_ws/install/rmf_dispenser_msgs/include/rmf_dispenser_msgs/rmf_dispenser_msgs/msg/detail/dispenser_result__rosidl_typesupport_fastrtps_cpp.hpp
[24.022s] -- Installing: /home/wang/rmf_ws/install/rmf_dispenser_msgs/include/rmf_dispenser_msgs/rmf_dispenser_msgs/msg/detail/dds_fastrtps
[24.022s] -- Installing: /home/wang/rmf_ws/install/rmf_dispenser_msgs/include/rmf_dispenser_msgs/rmf_dispenser_msgs/msg/detail/dispenser_request_item__rosidl_typesupport_fastrtps_cpp.hpp
[24.022s] -- Installing: /home/wang/rmf_ws/install/rmf_dispenser_msgs/include/rmf_dispenser_msgs/rmf_dispenser_msgs/msg/detail/dispenser_request__rosidl_typesupport_fastrtps_cpp.hpp
[24.022s] -- Installing: /home/wang/rmf_ws/install/rmf_dispenser_msgs/include/rmf_dispenser_msgs/rmf_dispenser_msgs/msg/detail/dispenser_state__rosidl_typesupport_fastrtps_cpp.hpp
[24.023s] -- Installing: /home/wang/rmf_ws/install/rmf_dispenser_msgs/include/rmf_dispenser_msgs/rmf_dispenser_msgs/msg/rosidl_typesupport_fastrtps_cpp__visibility_control.h
[24.023s] -- Installing: /home/wang/rmf_ws/install/rmf_dispenser_msgs/lib/librmf_dispenser_msgs__rosidl_typesupport_fastrtps_cpp.so
[24.023s] -- Set runtime path of "/home/wang/rmf_ws/install/rmf_dispenser_msgs/lib/librmf_dispenser_msgs__rosidl_typesupport_fastrtps_cpp.so" to ""
[24.023s] -- Up-to-date: /home/wang/rmf_ws/install/rmf_dispenser_msgs/include/rmf_dispenser_msgs/rmf_dispenser_msgs
[24.023s] -- Up-to-date: /home/wang/rmf_ws/install/rmf_dispenser_msgs/include/rmf_dispenser_msgs/rmf_dispenser_msgs/msg
[24.023s] -- Up-to-date: /home/wang/rmf_ws/install/rmf_dispenser_msgs/include/rmf_dispenser_msgs/rmf_dispenser_msgs/msg/detail
[24.024s] -- Installing: /home/wang/rmf_ws/install/rmf_dispenser_msgs/include/rmf_dispenser_msgs/rmf_dispenser_msgs/msg/detail/dispenser_request__type_support.c
[24.024s] -- Installing: /home/wang/rmf_ws/install/rmf_dispenser_msgs/include/rmf_dispenser_msgs/rmf_dispenser_msgs/msg/detail/dispenser_request__rosidl_typesupport_introspection_c.h
[24.024s] -- Installing: /home/wang/rmf_ws/install/rmf_dispenser_msgs/include/rmf_dispenser_msgs/rmf_dispenser_msgs/msg/detail/dispenser_result__type_support.c
[24.024s] -- Installing: /home/wang/rmf_ws/install/rmf_dispenser_msgs/include/rmf_dispenser_msgs/rmf_dispenser_msgs/msg/detail/dispenser_state__type_support.c
[24.024s] -- Installing: /home/wang/rmf_ws/install/rmf_dispenser_msgs/include/rmf_dispenser_msgs/rmf_dispenser_msgs/msg/detail/dispenser_state__rosidl_typesupport_introspection_c.h
[24.024s] -- Installing: /home/wang/rmf_ws/install/rmf_dispenser_msgs/include/rmf_dispenser_msgs/rmf_dispenser_msgs/msg/detail/dispenser_request_item__type_support.c
[24.025s] -- Installing: /home/wang/rmf_ws/install/rmf_dispenser_msgs/include/rmf_dispenser_msgs/rmf_dispenser_msgs/msg/detail/dispenser_result__rosidl_typesupport_introspection_c.h
[24.025s] -- Installing: /home/wang/rmf_ws/install/rmf_dispenser_msgs/include/rmf_dispenser_msgs/rmf_dispenser_msgs/msg/detail/dispenser_request_item__rosidl_typesupport_introspection_c.h
[24.025s] -- Installing: /home/wang/rmf_ws/install/rmf_dispenser_msgs/include/rmf_dispenser_msgs/rmf_dispenser_msgs/msg/rosidl_typesupport_introspection_c__visibility_control.h
[24.025s] -- Installing: /home/wang/rmf_ws/install/rmf_dispenser_msgs/lib/librmf_dispenser_msgs__rosidl_typesupport_introspection_c.so
[24.025s] -- Set runtime path of "/home/wang/rmf_ws/install/rmf_dispenser_msgs/lib/librmf_dispenser_msgs__rosidl_typesupport_introspection_c.so" to ""
[24.025s] -- Installing: /home/wang/rmf_ws/install/rmf_dispenser_msgs/lib/librmf_dispenser_msgs__rosidl_typesupport_c.so
[24.025s] -- Set runtime path of "/home/wang/rmf_ws/install/rmf_dispenser_msgs/lib/librmf_dispenser_msgs__rosidl_typesupport_c.so" to ""
[24.025s] -- Up-to-date: /home/wang/rmf_ws/install/rmf_dispenser_msgs/include/rmf_dispenser_msgs/rmf_dispenser_msgs
[24.026s] -- Up-to-date: /home/wang/rmf_ws/install/rmf_dispenser_msgs/include/rmf_dispenser_msgs/rmf_dispenser_msgs/msg
[24.026s] -- Up-to-date: /home/wang/rmf_ws/install/rmf_dispenser_msgs/include/rmf_dispenser_msgs/rmf_dispenser_msgs/msg/detail
[24.026s] -- Installing: /home/wang/rmf_ws/install/rmf_dispenser_msgs/include/rmf_dispenser_msgs/rmf_dispenser_msgs/msg/detail/dispenser_request__type_support.cpp
[24.026s] -- Installing: /home/wang/rmf_ws/install/rmf_dispenser_msgs/include/rmf_dispenser_msgs/rmf_dispenser_msgs/msg/detail/dispenser_request_item__rosidl_typesupport_introspection_cpp.hpp
[24.026s] -- Installing: /home/wang/rmf_ws/install/rmf_dispenser_msgs/include/rmf_dispenser_msgs/rmf_dispenser_msgs/msg/detail/dispenser_request__rosidl_typesupport_introspection_cpp.hpp
[24.026s] -- Installing: /home/wang/rmf_ws/install/rmf_dispenser_msgs/include/rmf_dispenser_msgs/rmf_dispenser_msgs/msg/detail/dispenser_result__type_support.cpp
[24.026s] -- Installing: /home/wang/rmf_ws/install/rmf_dispenser_msgs/include/rmf_dispenser_msgs/rmf_dispenser_msgs/msg/detail/dispenser_result__rosidl_typesupport_introspection_cpp.hpp
[24.026s] -- Installing: /home/wang/rmf_ws/install/rmf_dispenser_msgs/include/rmf_dispenser_msgs/rmf_dispenser_msgs/msg/detail/dispenser_request_item__type_support.cpp
[24.027s] -- Installing: /home/wang/rmf_ws/install/rmf_dispenser_msgs/include/rmf_dispenser_msgs/rmf_dispenser_msgs/msg/detail/dispenser_state__rosidl_typesupport_introspection_cpp.hpp
[24.027s] -- Installing: /home/wang/rmf_ws/install/rmf_dispenser_msgs/include/rmf_dispenser_msgs/rmf_dispenser_msgs/msg/detail/dispenser_state__type_support.cpp
[24.027s] -- Installing: /home/wang/rmf_ws/install/rmf_dispenser_msgs/lib/librmf_dispenser_msgs__rosidl_typesupport_introspection_cpp.so
[24.027s] -- Set runtime path of "/home/wang/rmf_ws/install/rmf_dispenser_msgs/lib/librmf_dispenser_msgs__rosidl_typesupport_introspection_cpp.so" to ""
[24.027s] -- Installing: /home/wang/rmf_ws/install/rmf_dispenser_msgs/lib/librmf_dispenser_msgs__rosidl_typesupport_cpp.so
[24.027s] -- Set runtime path of "/home/wang/rmf_ws/install/rmf_dispenser_msgs/lib/librmf_dispenser_msgs__rosidl_typesupport_cpp.so" to ""
[24.027s] -- Installing: /home/wang/rmf_ws/install/rmf_dispenser_msgs/share/rmf_dispenser_msgs/environment/pythonpath.sh
[24.029s] -- Installing: /home/wang/rmf_ws/install/rmf_dispenser_msgs/share/rmf_dispenser_msgs/environment/pythonpath.dsv
[24.030s] -- Installing: /home/wang/rmf_ws/install/rmf_dispenser_msgs/local/lib/python3.10/dist-packages/rmf_dispenser_msgs-3.0.3-py3.10.egg-info
[24.030s] -- Installing: /home/wang/rmf_ws/install/rmf_dispenser_msgs/local/lib/python3.10/dist-packages/rmf_dispenser_msgs-3.0.3-py3.10.egg-info/PKG-INFO
[24.030s] -- Installing: /home/wang/rmf_ws/install/rmf_dispenser_msgs/local/lib/python3.10/dist-packages/rmf_dispenser_msgs-3.0.3-py3.10.egg-info/dependency_links.txt
[24.030s] -- Installing: /home/wang/rmf_ws/install/rmf_dispenser_msgs/local/lib/python3.10/dist-packages/rmf_dispenser_msgs-3.0.3-py3.10.egg-info/SOURCES.txt
[24.030s] -- Installing: /home/wang/rmf_ws/install/rmf_dispenser_msgs/local/lib/python3.10/dist-packages/rmf_dispenser_msgs-3.0.3-py3.10.egg-info/top_level.txt
[24.030s] -- Installing: /home/wang/rmf_ws/install/rmf_dispenser_msgs/local/lib/python3.10/dist-packages/rmf_dispenser_msgs
[24.030s] -- Installing: /home/wang/rmf_ws/install/rmf_dispenser_msgs/local/lib/python3.10/dist-packages/rmf_dispenser_msgs/__init__.py
[24.031s] -- Installing: /home/wang/rmf_ws/install/rmf_dispenser_msgs/local/lib/python3.10/dist-packages/rmf_dispenser_msgs/_rmf_dispenser_msgs_s.ep.rosidl_typesupport_c.c
[24.031s] -- Installing: /home/wang/rmf_ws/install/rmf_dispenser_msgs/local/lib/python3.10/dist-packages/rmf_dispenser_msgs/librmf_dispenser_msgs__rosidl_generator_py.so
[24.031s] -- Installing: /home/wang/rmf_ws/install/rmf_dispenser_msgs/local/lib/python3.10/dist-packages/rmf_dispenser_msgs/rmf_dispenser_msgs_s__rosidl_typesupport_introspection_c.cpython-310-x86_64-linux-gnu.so
[24.031s] -- Installing: /home/wang/rmf_ws/install/rmf_dispenser_msgs/local/lib/python3.10/dist-packages/rmf_dispenser_msgs/rmf_dispenser_msgs_s__rosidl_typesupport_c.cpython-310-x86_64-linux-gnu.so
[24.031s] -- Installing: /home/wang/rmf_ws/install/rmf_dispenser_msgs/local/lib/python3.10/dist-packages/rmf_dispenser_msgs/_rmf_dispenser_msgs_s.ep.rosidl_typesupport_fastrtps_c.c
[24.032s] -- Installing: /home/wang/rmf_ws/install/rmf_dispenser_msgs/local/lib/python3.10/dist-packages/rmf_dispenser_msgs/msg
[24.032s] -- Installing: /home/wang/rmf_ws/install/rmf_dispenser_msgs/local/lib/python3.10/dist-packages/rmf_dispenser_msgs/msg/_dispenser_request_item.py
[24.035s] -- Installing: /home/wang/rmf_ws/install/rmf_dispenser_msgs/local/lib/python3.10/dist-packages/rmf_dispenser_msgs/msg/__init__.py
[24.035s] -- Installing: /home/wang/rmf_ws/install/rmf_dispenser_msgs/local/lib/python3.10/dist-packages/rmf_dispenser_msgs/msg/_dispenser_result.py
[24.035s] -- Installing: /home/wang/rmf_ws/install/rmf_dispenser_msgs/local/lib/python3.10/dist-packages/rmf_dispenser_msgs/msg/_dispenser_result_s.c
[24.036s] -- Installing: /home/wang/rmf_ws/install/rmf_dispenser_msgs/local/lib/python3.10/dist-packages/rmf_dispenser_msgs/msg/_dispenser_request_item_s.c
[24.036s] -- Installing: /home/wang/rmf_ws/install/rmf_dispenser_msgs/local/lib/python3.10/dist-packages/rmf_dispenser_msgs/msg/_dispenser_request.py
[24.036s] -- Installing: /home/wang/rmf_ws/install/rmf_dispenser_msgs/local/lib/python3.10/dist-packages/rmf_dispenser_msgs/msg/_dispenser_request_s.c
[24.036s] -- Installing: /home/wang/rmf_ws/install/rmf_dispenser_msgs/local/lib/python3.10/dist-packages/rmf_dispenser_msgs/msg/_dispenser_state.py
[24.036s] -- Installing: /home/wang/rmf_ws/install/rmf_dispenser_msgs/local/lib/python3.10/dist-packages/rmf_dispenser_msgs/msg/_dispenser_state_s.c
[24.036s] -- Installing: /home/wang/rmf_ws/install/rmf_dispenser_msgs/local/lib/python3.10/dist-packages/rmf_dispenser_msgs/_rmf_dispenser_msgs_s.ep.rosidl_typesupport_introspection_c.c
[24.036s] -- Installing: /home/wang/rmf_ws/install/rmf_dispenser_msgs/local/lib/python3.10/dist-packages/rmf_dispenser_msgs/rmf_dispenser_msgs_s__rosidl_typesupport_fastrtps_c.cpython-310-x86_64-linux-gnu.so
[24.091s] Listing '/home/wang/rmf_ws/install/rmf_dispenser_msgs/local/lib/python3.10/dist-packages/rmf_dispenser_msgs'...
[24.091s] Compiling '/home/wang/rmf_ws/install/rmf_dispenser_msgs/local/lib/python3.10/dist-packages/rmf_dispenser_msgs/__init__.py'...
[24.091s] Listing '/home/wang/rmf_ws/install/rmf_dispenser_msgs/local/lib/python3.10/dist-packages/rmf_dispenser_msgs/msg'...
[24.091s] Compiling '/home/wang/rmf_ws/install/rmf_dispenser_msgs/local/lib/python3.10/dist-packages/rmf_dispenser_msgs/msg/__init__.py'...
[24.091s] Compiling '/home/wang/rmf_ws/install/rmf_dispenser_msgs/local/lib/python3.10/dist-packages/rmf_dispenser_msgs/msg/_dispenser_request.py'...
[24.092s] Compiling '/home/wang/rmf_ws/install/rmf_dispenser_msgs/local/lib/python3.10/dist-packages/rmf_dispenser_msgs/msg/_dispenser_request_item.py'...
[24.092s] Compiling '/home/wang/rmf_ws/install/rmf_dispenser_msgs/local/lib/python3.10/dist-packages/rmf_dispenser_msgs/msg/_dispenser_result.py'...
[24.092s] Compiling '/home/wang/rmf_ws/install/rmf_dispenser_msgs/local/lib/python3.10/dist-packages/rmf_dispenser_msgs/msg/_dispenser_state.py'...
[24.102s] -- Installing: /home/wang/rmf_ws/install/rmf_dispenser_msgs/local/lib/python3.10/dist-packages/rmf_dispenser_msgs/rmf_dispenser_msgs_s__rosidl_typesupport_fastrtps_c.cpython-310-x86_64-linux-gnu.so
[24.103s] -- Set runtime path of "/home/wang/rmf_ws/install/rmf_dispenser_msgs/local/lib/python3.10/dist-packages/rmf_dispenser_msgs/rmf_dispenser_msgs_s__rosidl_typesupport_fastrtps_c.cpython-310-x86_64-linux-gnu.so" to ""
[24.103s] -- Installing: /home/wang/rmf_ws/install/rmf_dispenser_msgs/local/lib/python3.10/dist-packages/rmf_dispenser_msgs/rmf_dispenser_msgs_s__rosidl_typesupport_introspection_c.cpython-310-x86_64-linux-gnu.so
[24.104s] -- Set runtime path of "/home/wang/rmf_ws/install/rmf_dispenser_msgs/local/lib/python3.10/dist-packages/rmf_dispenser_msgs/rmf_dispenser_msgs_s__rosidl_typesupport_introspection_c.cpython-310-x86_64-linux-gnu.so" to ""
[24.105s] -- Installing: /home/wang/rmf_ws/install/rmf_dispenser_msgs/local/lib/python3.10/dist-packages/rmf_dispenser_msgs/rmf_dispenser_msgs_s__rosidl_typesupport_c.cpython-310-x86_64-linux-gnu.so
[24.105s] -- Set runtime path of "/home/wang/rmf_ws/install/rmf_dispenser_msgs/local/lib/python3.10/dist-packages/rmf_dispenser_msgs/rmf_dispenser_msgs_s__rosidl_typesupport_c.cpython-310-x86_64-linux-gnu.so" to ""
[24.106s] -- Installing: /home/wang/rmf_ws/install/rmf_dispenser_msgs/lib/librmf_dispenser_msgs__rosidl_generator_py.so
[24.107s] -- Set runtime path of "/home/wang/rmf_ws/install/rmf_dispenser_msgs/lib/librmf_dispenser_msgs__rosidl_generator_py.so" to ""
[24.107s] -- Installing: /home/wang/rmf_ws/install/rmf_dispenser_msgs/share/rmf_dispenser_msgs/msg/DispenserRequestItem.idl
[24.108s] -- Installing: /home/wang/rmf_ws/install/rmf_dispenser_msgs/share/rmf_dispenser_msgs/msg/DispenserRequest.idl
[24.108s] -- Installing: /home/wang/rmf_ws/install/rmf_dispenser_msgs/share/rmf_dispenser_msgs/msg/DispenserResult.idl
[24.108s] -- Installing: /home/wang/rmf_ws/install/rmf_dispenser_msgs/share/rmf_dispenser_msgs/msg/DispenserState.idl
[24.109s] -- Installing: /home/wang/rmf_ws/install/rmf_dispenser_msgs/share/rmf_dispenser_msgs/msg/DispenserRequestItem.msg
[24.109s] -- Installing: /home/wang/rmf_ws/install/rmf_dispenser_msgs/share/rmf_dispenser_msgs/msg/DispenserRequest.msg
[24.110s] -- Installing: /home/wang/rmf_ws/install/rmf_dispenser_msgs/share/rmf_dispenser_msgs/msg/DispenserResult.msg
[24.110s] -- Installing: /home/wang/rmf_ws/install/rmf_dispenser_msgs/share/rmf_dispenser_msgs/msg/DispenserState.msg
[24.111s] -- Installing: /home/wang/rmf_ws/install/rmf_dispenser_msgs/share/ament_index/resource_index/package_run_dependencies/rmf_dispenser_msgs
[24.112s] -- Installing: /home/wang/rmf_ws/install/rmf_dispenser_msgs/share/ament_index/resource_index/parent_prefix_path/rmf_dispenser_msgs
[24.119s] -- Installing: /home/wang/rmf_ws/install/rmf_dispenser_msgs/share/rmf_dispenser_msgs/environment/ament_prefix_path.sh
[24.119s] -- Installing: /home/wang/rmf_ws/install/rmf_dispenser_msgs/share/rmf_dispenser_msgs/environment/ament_prefix_path.dsv
[24.120s] -- Installing: /home/wang/rmf_ws/install/rmf_dispenser_msgs/share/rmf_dispenser_msgs/environment/path.sh
[24.120s] -- Installing: /home/wang/rmf_ws/install/rmf_dispenser_msgs/share/rmf_dispenser_msgs/environment/path.dsv
[24.120s] -- Installing: /home/wang/rmf_ws/install/rmf_dispenser_msgs/share/rmf_dispenser_msgs/local_setup.bash
[24.121s] -- Installing: /home/wang/rmf_ws/install/rmf_dispenser_msgs/share/rmf_dispenser_msgs/local_setup.sh
[24.121s] -- Installing: /home/wang/rmf_ws/install/rmf_dispenser_msgs/share/rmf_dispenser_msgs/local_setup.zsh
[24.121s] -- Installing: /home/wang/rmf_ws/install/rmf_dispenser_msgs/share/rmf_dispenser_msgs/local_setup.dsv
[24.121s] -- Installing: /home/wang/rmf_ws/install/rmf_dispenser_msgs/share/rmf_dispenser_msgs/package.dsv
[24.121s] -- Installing: /home/wang/rmf_ws/install/rmf_dispenser_msgs/share/ament_index/resource_index/packages/rmf_dispenser_msgs
[24.122s] -- Installing: /home/wang/rmf_ws/install/rmf_dispenser_msgs/share/rmf_dispenser_msgs/cmake/export_rmf_dispenser_msgs__rosidl_generator_cExport.cmake
[24.122s] -- Installing: /home/wang/rmf_ws/install/rmf_dispenser_msgs/share/rmf_dispenser_msgs/cmake/export_rmf_dispenser_msgs__rosidl_generator_cExport-release.cmake
[24.122s] -- Installing: /home/wang/rmf_ws/install/rmf_dispenser_msgs/share/rmf_dispenser_msgs/cmake/export_rmf_dispenser_msgs__rosidl_typesupport_fastrtps_cExport.cmake
[24.122s] -- Installing: /home/wang/rmf_ws/install/rmf_dispenser_msgs/share/rmf_dispenser_msgs/cmake/export_rmf_dispenser_msgs__rosidl_typesupport_fastrtps_cExport-release.cmake
[24.122s] -- Installing: /home/wang/rmf_ws/install/rmf_dispenser_msgs/share/rmf_dispenser_msgs/cmake/export_rmf_dispenser_msgs__rosidl_generator_cppExport.cmake
[24.122s] -- Installing: /home/wang/rmf_ws/install/rmf_dispenser_msgs/share/rmf_dispenser_msgs/cmake/export_rmf_dispenser_msgs__rosidl_typesupport_fastrtps_cppExport.cmake
[24.123s] -- Installing: /home/wang/rmf_ws/install/rmf_dispenser_msgs/share/rmf_dispenser_msgs/cmake/export_rmf_dispenser_msgs__rosidl_typesupport_fastrtps_cppExport-release.cmake
[24.123s] -- Installing: /home/wang/rmf_ws/install/rmf_dispenser_msgs/share/rmf_dispenser_msgs/cmake/rmf_dispenser_msgs__rosidl_typesupport_introspection_cExport.cmake
[24.123s] -- Installing: /home/wang/rmf_ws/install/rmf_dispenser_msgs/share/rmf_dispenser_msgs/cmake/rmf_dispenser_msgs__rosidl_typesupport_introspection_cExport-release.cmake
[24.123s] -- Installing: /home/wang/rmf_ws/install/rmf_dispenser_msgs/share/rmf_dispenser_msgs/cmake/rmf_dispenser_msgs__rosidl_typesupport_cExport.cmake
[24.123s] -- Installing: /home/wang/rmf_ws/install/rmf_dispenser_msgs/share/rmf_dispenser_msgs/cmake/rmf_dispenser_msgs__rosidl_typesupport_cExport-release.cmake
[24.123s] -- Installing: /home/wang/rmf_ws/install/rmf_dispenser_msgs/share/rmf_dispenser_msgs/cmake/rmf_dispenser_msgs__rosidl_typesupport_introspection_cppExport.cmake
[24.123s] -- Installing: /home/wang/rmf_ws/install/rmf_dispenser_msgs/share/rmf_dispenser_msgs/cmake/rmf_dispenser_msgs__rosidl_typesupport_introspection_cppExport-release.cmake
[24.123s] -- Installing: /home/wang/rmf_ws/install/rmf_dispenser_msgs/share/rmf_dispenser_msgs/cmake/rmf_dispenser_msgs__rosidl_typesupport_cppExport.cmake
[24.124s] -- Installing: /home/wang/rmf_ws/install/rmf_dispenser_msgs/share/rmf_dispenser_msgs/cmake/rmf_dispenser_msgs__rosidl_typesupport_cppExport-release.cmake
[24.124s] -- Installing: /home/wang/rmf_ws/install/rmf_dispenser_msgs/share/rmf_dispenser_msgs/cmake/export_rmf_dispenser_msgs__rosidl_generator_pyExport.cmake
[24.124s] -- Installing: /home/wang/rmf_ws/install/rmf_dispenser_msgs/share/rmf_dispenser_msgs/cmake/export_rmf_dispenser_msgs__rosidl_generator_pyExport-release.cmake
[24.124s] -- Installing: /home/wang/rmf_ws/install/rmf_dispenser_msgs/share/rmf_dispenser_msgs/cmake/rosidl_cmake-extras.cmake
[24.124s] -- Installing: /home/wang/rmf_ws/install/rmf_dispenser_msgs/share/rmf_dispenser_msgs/cmake/ament_cmake_export_dependencies-extras.cmake
[24.124s] -- Installing: /home/wang/rmf_ws/install/rmf_dispenser_msgs/share/rmf_dispenser_msgs/cmake/ament_cmake_export_include_directories-extras.cmake
[24.124s] -- Installing: /home/wang/rmf_ws/install/rmf_dispenser_msgs/share/rmf_dispenser_msgs/cmake/ament_cmake_export_libraries-extras.cmake
[24.124s] -- Installing: /home/wang/rmf_ws/install/rmf_dispenser_msgs/share/rmf_dispenser_msgs/cmake/ament_cmake_export_targets-extras.cmake
[24.124s] -- Installing: /home/wang/rmf_ws/install/rmf_dispenser_msgs/share/rmf_dispenser_msgs/cmake/rosidl_cmake_export_typesupport_targets-extras.cmake
[24.124s] -- Installing: /home/wang/rmf_ws/install/rmf_dispenser_msgs/share/rmf_dispenser_msgs/cmake/rosidl_cmake_export_typesupport_libraries-extras.cmake
[24.125s] -- Installing: /home/wang/rmf_ws/install/rmf_dispenser_msgs/share/rmf_dispenser_msgs/cmake/rmf_dispenser_msgsConfig.cmake
[24.125s] -- Installing: /home/wang/rmf_ws/install/rmf_dispenser_msgs/share/rmf_dispenser_msgs/cmake/rmf_dispenser_msgsConfig-version.cmake
[24.125s] -- Installing: /home/wang/rmf_ws/install/rmf_dispenser_msgs/share/rmf_dispenser_msgs/package.xml
[24.154s] Invoked command in '/home/wang/rmf_ws/build/rmf_dispenser_msgs' returned '0': CMAKE_PREFIX_PATH=/opt/ros/humble /home/wang/.local/bin/cmake --install /home/wang/rmf_ws/build/rmf_dispenser_msgs
